[02:47:41] [main/INFO]: ModLauncher running: args [--username, Offline, --version, neoforge-21.6.20-beta, --gameDir, /home/runner/work/ModCompiler/ModCompiler/run, --assetsDir, /home/runner/.minecraft/assets, --assetIndex, 26, --uuid, 22689332a7fd41919600b0fe1135ee34, --accessToken, ❄❄❄❄❄❄❄❄, --clientId, , --xuid, , --userType, msa, --versionType, release, --fml.neoForgeVersion, 21.6.20-beta, --fml.fmlVersion, 9.0.2, --fml.mcVersion, 1.21.6, --fml.neoFormVersion, 20250617.151856, --launchTarget, neoforgeclient]
[02:47:41] [main/INFO]: JVM identified as Eclipse Adoptium OpenJDK 64-Bit Server VM 21.0.11+10-LTS
[02:47:41] [main/INFO]: ModLauncher 9.0 starting: java version 21.0.11 by Eclipse Adoptium; OS Linux arch amd64 version 6.17.0-1018-azure
[02:47:41] [main/INFO]: Loading ImmediateWindowProvider fmlearlywindow
[02:47:45] [main/INFO]: SpongePowered MIXIN Subsystem Version=0.8.7 Source=union:/home/runner/.minecraft/libraries/net/fabricmc/sponge-mixin/0.15.2+mixin.0.8.7/sponge-mixin-0.15.2+mixin.0.8.7.jar%23170!/ Service=ModLauncher Env=CLIENT
[02:47:45] [fml-loadingscreen/INFO]: GL info: llvmpipe (LLVM 20.1.2, 256 bits) GL version 4.5 (Core Profile) Mesa 25.2.8-0ubuntu0.24.04.2, Mesa
[02:47:46] [main/INFO]: Found mod file "client-1.21.6-20250617.151856-srg.jar" [locator: production client provider +net.neoforged:neoforge:21.6.20-beta:client]
[02:47:46] [main/INFO]: Found mod file "neoforge-21.6.20-beta-universal.jar" [locator: PathBasedLocator[name=neoforge, paths=[/home/runner/.minecraft/libraries/net/neoforged/neoforge/21.6.20-beta/neoforge-21.6.20-beta-universal.jar]], reader: mod manifest]
[02:47:46] [main/INFO]: Found mod file "mc-runtime-test-1.21.6-4.4.0-neoforge-release.jar" [locator: {mods folder locator at /home/runner/work/ModCompiler/ModCompiler/run/mods}, reader: mod manifest]
[02:47:46] [main/INFO]: Found mod file "pingfix-1.0.0.jar" [locator: {mods folder locator at /home/runner/work/ModCompiler/ModCompiler/run/mods}, reader: mod manifest]
[02:47:46] [main/INFO]: Found 2 dependencies adding them to mods collection
[02:47:46] [main/INFO]: Found gamelibrary file "mixinextras-neoforge-0.4.1.jar" [parent: neoforge-21.6.20-beta-universal.jar, locator: jarinjar, reader: mod manifest]
[02:47:46] [main/INFO]: Found library file "net.neoforged.neoforge-coremods-21.6.20-beta.jar" [parent: neoforge-21.6.20-beta-universal.jar, locator: jarinjar, reader: mod manifest]
[02:47:46] [main/INFO]: 
     Mod List:
		Name Version (Mod Id)

		FIX MY PINGGGGG 1.0.0 (pingfix)
		MC-Runtime-Test 1.21.6-4.4.0 (mc_runtime_test)
		Minecraft 1.21.6 (minecraft)
		NeoForge 21.6.20-beta (neoforge)
[02:47:46] [main/INFO]: Launching target 'neoforgeclient' with arguments [--version, neoforge-21.6.20-beta, --gameDir, /home/runner/work/ModCompiler/ModCompiler/run, --assetsDir, /home/runner/.minecraft/assets, --uuid, 22689332a7fd41919600b0fe1135ee34, --username, Offline, --assetIndex, 26, --accessToken, ❄❄❄❄❄❄❄❄, --clientId, , --xuid, , --userType, msa, --versionType, release]
[21Jun2026 02:47:49.367] [Datafixer Bootstrap/INFO] [com.mojang.datafixers.DataFixerBuilder/]: 272 Datafixer optimizations took 519 milliseconds
[21Jun2026 02:47:49.799] [pool-6-thread-1/INFO] [MixinExtras|Service/]: Initializing MixinExtras via com.llamalad7.mixinextras.service.MixinExtrasServiceImpl(version=0.4.1).
[21Jun2026 02:47:55.540] [modloading-worker-0/INFO] [net.neoforged.neoforge.common.NeoForgeMod/NEOFORGE-MOD]: NeoForge mod loading, version 21.6.20-beta, for MC 1.21.6
[21Jun2026 02:47:56.320] [Render thread/WARN] [net.minecraft.server.packs.VanillaPackResourcesBuilder/]: Assets URL 'union:/home/runner/.minecraft/libraries/net/minecraft/client/1.21.6-20250617.151856/client-1.21.6-20250617.151856-srg.jar%23195!/assets/.mcassetsroot' uses unexpected schema
[21Jun2026 02:47:56.321] [Render thread/WARN] [net.minecraft.server.packs.VanillaPackResourcesBuilder/]: Assets URL 'union:/home/runner/.minecraft/libraries/net/minecraft/client/1.21.6-20250617.151856/client-1.21.6-20250617.151856-srg.jar%23195!/data/.mcassetsroot' uses unexpected schema
[21Jun2026 02:47:56.348] [Render thread/INFO] [com.mojang.authlib.yggdrasil.YggdrasilAuthenticationService/]: Environment: Environment[sessionHost=https://sessionserver.mojang.com, servicesHost=https://api.minecraftservices.com, name=PROD]
[21Jun2026 02:47:56.361] [Render thread/INFO] [net.minecraft.client.Minecraft/]: Setting user: Offline
[21Jun2026 02:47:56.633] [Render thread/INFO] [net.minecraft.client.Minecraft/]: Backend library: LWJGL version 3.3.3+5
[21Jun2026 02:47:56.757] [Render thread/INFO] [net.minecraft.client.Minecraft/]: Using optional rendering extensions: GL_ARB_buffer_storage, GL_KHR_debug, GL_ARB_vertex_attrib_binding, GL_ARB_direct_state_access
[21Jun2026 02:47:56.876] [Download-2/ERROR] [net.minecraft.client.Minecraft/]: Failed to fetch user properties
com.mojang.authlib.exceptions.InvalidCredentialsException: Status: 401
	at MC-BOOTSTRAP/authlib@6.0.58/com.mojang.authlib.exceptions.MinecraftClientHttpException.toAuthenticationException(MinecraftClientHttpException.java:59) ~[authlib-6.0.58.jar%23108!/:?]
	at MC-BOOTSTRAP/authlib@6.0.58/com.mojang.authlib.yggdrasil.YggdrasilUserApiService.fetchProperties(YggdrasilUserApiService.java:150) ~[authlib-6.0.58.jar%23108!/:?]
	at TRANSFORMER/minecraft@1.21.6/net.minecraft.client.Minecraft.lambda$new$1(Minecraft.java:435) ~[client-1.21.6-20250617.151856-srg.jar%23195!/:?]
	at java.base/java.util.concurrent.CompletableFuture$AsyncSupply.run(CompletableFuture.java:1768) ~[?:?]
	at java.base/java.util.concurrent.ThreadPoolExecutor.runWorker(ThreadPoolExecutor.java:1144) ~[?:?]
	at java.base/java.util.concurrent.ThreadPoolExecutor$Worker.run(ThreadPoolExecutor.java:642) ~[?:?]
	at java.base/java.lang.Thread.run(Thread.java:1583) [?:?]
Caused by: com.mojang.authlib.exceptions.MinecraftClientHttpException: Status: 401
	at MC-BOOTSTRAP/authlib@6.0.58/com.mojang.authlib.minecraft.client.MinecraftClient.readInputStream(MinecraftClient.java:103) ~[authlib-6.0.58.jar%23108!/:?]
	at MC-BOOTSTRAP/authlib@6.0.58/com.mojang.authlib.minecraft.client.MinecraftClient.get(MinecraftClient.java:56) ~[authlib-6.0.58.jar%23108!/:?]
	at MC-BOOTSTRAP/authlib@6.0.58/com.mojang.authlib.yggdrasil.YggdrasilUserApiService.fetchProperties(YggdrasilUserApiService.java:121) ~[authlib-6.0.58.jar%23108!/:?]
	... 5 more
[21Jun2026 02:47:57.762] [Download-2/INFO] [com.mojang.realmsclient.client.RealmsClient/]: Could not authorize you against Realms server: javax.ws.rs.BadRequestException: Invalid session
[21Jun2026 02:47:57.764] [Download-2/ERROR] [com.mojang.realmsclient.client.RealmsClient/]: Failed to fetch Realms feature flags
com.mojang.realmsclient.exception.RealmsServiceException: Realms authentication error with message 'javax.ws.rs.BadRequestException: Invalid session'
	at TRANSFORMER/minecraft@1.21.6/com.mojang.realmsclient.client.RealmsClient.execute(RealmsClient.java:524) ~[client-1.21.6-20250617.151856-srg.jar%23195!/:?]
	at TRANSFORMER/minecraft@1.21.6/com.mojang.realmsclient.client.RealmsClient.fetchFeatureFlags(RealmsClient.java:165) ~[client-1.21.6-20250617.151856-srg.jar%23195!/:?]
	at java.base/java.util.concurrent.CompletableFuture$AsyncSupply.run(CompletableFuture.java:1768) ~[?:?]
	at java.base/java.util.concurrent.ThreadPoolExecutor.runWorker(ThreadPoolExecutor.java:1144) ~[?:?]
	at java.base/java.util.concurrent.ThreadPoolExecutor$Worker.run(ThreadPoolExecutor.java:642) ~[?:?]
	at java.base/java.lang.Thread.run(Thread.java:1583) [?:?]
[21Jun2026 02:47:57.848] [Render thread/ERROR] [com.mojang.text2speech.Narrator/]: Error while loading the narrator
com.mojang.text2speech.Narrator$InitializeException: Failed to load library flite
	at MC-BOOTSTRAP/text2speech@1.18.11/com.mojang.text2speech.NarratorLinux$FliteLibrary.loadNative(NarratorLinux.java:81) ~[text2speech-1.18.11.jar%23114!/:?]
	at MC-BOOTSTRAP/text2speech@1.18.11/com.mojang.text2speech.NarratorLinux.<init>(NarratorLinux.java:18) ~[text2speech-1.18.11.jar%23114!/:?]
	at MC-BOOTSTRAP/text2speech@1.18.11/com.mojang.text2speech.Narrator.getNarrator(Narrator.java:41) ~[text2speech-1.18.11.jar%23114!/:?]
	at TRANSFORMER/minecraft@1.21.6/net.minecraft.client.GameNarrator.<init>(GameNarrator.java:22) ~[client-1.21.6-20250617.151856-srg.jar%23195!/:?]
	at TRANSFORMER/minecraft@1.21.6/net.minecraft.client.Minecraft.<init>(Minecraft.java:651) ~[client-1.21.6-20250617.151856-srg.jar%23195!/:?]
	at TRANSFORMER/minecraft@1.21.6/net.minecraft.client.main.Main.main(Main.java:228) ~[client-1.21.6-20250617.151856-srg.jar%23195!/:?]
	at java.base/jdk.internal.reflect.DirectMethodHandleAccessor.invoke(DirectMethodHandleAccessor.java:103) ~[?:?]
	at java.base/java.lang.reflect.Method.invoke(Method.java:580) ~[?:?]
	at MC-BOOTSTRAP/fml_loader@9.0.2/net.neoforged.fml.loading.targets.CommonLaunchHandler.runTarget(CommonLaunchHandler.java:132) ~[loader-9.0.2.jar%23159!/:9.0]
	at MC-BOOTSTRAP/fml_loader@9.0.2/net.neoforged.fml.loading.targets.CommonLaunchHandler.clientService(CommonLaunchHandler.java:120) ~[loader-9.0.2.jar%23159!/:9.0]
	at MC-BOOTSTRAP/fml_loader@9.0.2/net.neoforged.fml.loading.targets.NeoForgeClientLaunchHandler.runService(NeoForgeClientLaunchHandler.java:39) ~[loader-9.0.2.jar%23159!/:9.0]
	at MC-BOOTSTRAP/fml_loader@9.0.2/net.neoforged.fml.loading.targets.CommonLaunchHandler.lambda$launchService$4(CommonLaunchHandler.java:114) ~[loader-9.0.2.jar%23159!/:9.0]
	at MC-BOOTSTRAP/fml_loader@9.0.2/cpw.mods.modlauncher.LaunchServiceHandlerDecorator.launch(LaunchServiceHandlerDecorator.java:25) [loader-9.0.2.jar%23159!/:9.0]
	at MC-BOOTSTRAP/fml_loader@9.0.2/cpw.mods.modlauncher.LaunchServiceHandler.launch(LaunchServiceHandler.java:55) [loader-9.0.2.jar%23159!/:9.0]
	at MC-BOOTSTRAP/fml_loader@9.0.2/cpw.mods.modlauncher.LaunchServiceHandler.launch(LaunchServiceHandler.java:73) [loader-9.0.2.jar%23159!/:9.0]
	at MC-BOOTSTRAP/fml_loader@9.0.2/cpw.mods.modlauncher.Launcher.run(Launcher.java:104) [loader-9.0.2.jar%23159!/:9.0]
	at MC-BOOTSTRAP/fml_loader@9.0.2/cpw.mods.modlauncher.Launcher.main(Launcher.java:75) [loader-9.0.2.jar%23159!/:9.0]
	at java.base/jdk.internal.reflect.DirectMethodHandleAccessor.invoke(DirectMethodHandleAccessor.java:103) ~[?:?]
	at java.base/java.lang.reflect.Method.invoke(Method.java:580) ~[?:?]
	at cpw.mods.bootstraplauncher/cpw.mods.bootstraplauncher.BootstrapLauncher.run(BootstrapLauncher.java:203) [bootstraplauncher-9.0.2.jar:?]
	at cpw.mods.bootstraplauncher/cpw.mods.bootstraplauncher.BootstrapLauncher.main(BootstrapLauncher.java:62) [bootstraplauncher-9.0.2.jar:?]
Caused by: java.lang.UnsatisfiedLinkError: Unable to load library 'flite':
libflite.so: cannot open shared object file: No such file or directory
libflite.so: cannot open shared object file: No such file or directory
Native library (linux-x86-64/libflite.so) not found in resource path (/home/runner/.minecraft/libraries/com/fasterxml/jackson/core/jackson-annotations/2.13.4/jackson-annotations-2.13.4.jar:/home/runner/.minecraft/libraries/com/fasterxml/jackson/core/jackson-core/2.13.4/jackson-core-2.13.4.jar:/home/runner/.minecraft/libraries/com/fasterxml/jackson/core/jackson-databind/2.13.4.2/jackson-databind-2.13.4.2.jar:/home/runner/.minecraft/libraries/com/github/oshi/oshi-core/6.6.5/oshi-core-6.6.5.jar:/home/runner/.minecraft/libraries/com/github/stephenc/jcip/jcip-annotations/1.0-1/jcip-annotations-1.0-1.jar:/home/runner/.minecraft/libraries/com/ibm/icu/icu4j/76.1/icu4j-76.1.jar:/home/runner/.minecraft/libraries/com/microsoft/azure/msal4j/1.17.2/msal4j-1.17.2.jar:/home/runner/.minecraft/libraries/com/mojang/authlib/6.0.58/authlib-6.0.58.jar:/home/runner/.minecraft/libraries/com/mojang/blocklist/1.0.10/blocklist-1.0.10.jar:/home/runner/.minecraft/libraries/com/mojang/brigadier/1.3.10/brigadier-1.3.10.jar:/home/runner/.minecraft/libraries/com/mojang/datafixerupper/8.0.16/datafixerupper-8.0.16.jar:/home/runner/.minecraft/libraries/com/mojang/jtracy/1.0.29/jtracy-1.0.29.jar:/home/runner/.minecraft/libraries/com/mojang/jtracy/1.0.29/jtracy-1.0.29-natives-linux.jar:/home/runner/.minecraft/libraries/com/mojang/patchy/2.2.10/patchy-2.2.10.jar:/home/runner/.minecraft/libraries/com/mojang/text2speech/1.18.11/text2speech-1.18.11.jar:/home/runner/.minecraft/libraries/com/nimbusds/content-type/2.3/content-type-2.3.jar:/home/runner/.minecraft/libraries/com/nimbusds/lang-tag/1.7/lang-tag-1.7.jar:/home/runner/.minecraft/libraries/com/nimbusds/nimbus-jose-jwt/9.40/nimbus-jose-jwt-9.40.jar:/home/runner/.minecraft/libraries/com/nimbusds/oauth2-oidc-sdk/11.18/oauth2-oidc-sdk-11.18.jar:/home/runner/.minecraft/libraries/commons-codec/commons-codec/1.17.1/commons-codec-1.17.1.jar:/home/runner/.minecraft/libraries/commons-logging/commons-logging/1.3.4/commons-logging-1.3.4.jar:/home/runner/.minecraft/libraries/io/netty/netty-buffer/4.1.118.Final/netty-buffer-4.1.118.Final.jar:/home/runner/.minecraft/libraries/io/netty/netty-codec/4.1.118.Final/netty-codec-4.1.118.Final.jar:/home/runner/.minecraft/libraries/io/netty/netty-common/4.1.118.Final/netty-common-4.1.118.Final.jar:/home/runner/.minecraft/libraries/io/netty/netty-handler/4.1.118.Final/netty-handler-4.1.118.Final.jar:/home/runner/.minecraft/libraries/io/netty/netty-resolver/4.1.118.Final/netty-resolver-4.1.118.Final.jar:/home/runner/.minecraft/libraries/io/netty/netty-transport-classes-epoll/4.1.118.Final/netty-transport-classes-epoll-4.1.118.Final.jar:/home/runner/.minecraft/libraries/io/netty/netty-transport-native-epoll/4.1.118.Final/netty-transport-native-epoll-4.1.118.Final-linux-aarch_64.jar:/home/runner/.minecraft/libraries/io/netty/netty-transport-native-epoll/4.1.118.Final/netty-transport-native-epoll-4.1.118.Final-linux-x86_64.jar:/home/runner/.minecraft/libraries/io/netty/netty-transport-native-unix-common/4.1.118.Final/netty-transport-native-unix-common-4.1.118.Final.jar:/home/runner/.minecraft/libraries/io/netty/netty-transport/4.1.118.Final/netty-transport-4.1.118.Final.jar:/home/runner/.minecraft/libraries/it/unimi/dsi/fastutil/8.5.15/fastutil-8.5.15.jar:/home/runner/.minecraft/libraries/net/java/dev/jna/jna-platform/5.15.0/jna-platform-5.15.0.jar:/home/runner/.minecraft/libraries/net/java/dev/jna/jna/5.15.0/jna-5.15.0.jar:/home/runner/.minecraft/libraries/net/minidev/accessors-smart/2.5.1/accessors-smart-2.5.1.jar:/home/runner/.minecraft/libraries/net/minidev/json-smart/2.5.1/json-smart-2.5.1.jar:/home/runner/.minecraft/libraries/org/apache/commons/commons-compress/1.27.1/commons-compress-1.27.1.jar:/home/runner/.minecraft/libraries/org/apache/httpcomponents/httpclient/4.5.14/httpclient-4.5.14.jar:/home/runner/.minecraft/libraries/org/apache/httpcomponents/httpcore/4.4.16/httpcore-4.4.16.jar:/home/runner/.minecraft/libraries/org/jcraft/jorbis/0.0.17/jorbis-0.0.17.jar:/home/runner/.minecraft/libraries/org/joml/joml/1.10.8/joml-1.10.8.jar:/home/runner/.minecraft/libraries/org/lwjgl/lwjgl-freetype/3.3.3/lwjgl-freetype-3.3.3.jar:/home/runner/.minecraft/libraries/org/lwjgl/lwjgl-freetype/3.3.3/lwjgl-freetype-3.3.3-natives-linux.jar:/home/runner/.minecraft/libraries/org/lwjgl/lwjgl-glfw/3.3.3/lwjgl-glfw-3.3.3.jar:/home/runner/.minecraft/libraries/org/lwjgl/lwjgl-glfw/3.3.3/lwjgl-glfw-3.3.3-natives-linux.jar:/home/runner/.minecraft/libraries/org/lwjgl/lwjgl-jemalloc/3.3.3/lwjgl-jemalloc-3.3.3.jar:/home/runner/.minecraft/libraries/org/lwjgl/lwjgl-jemalloc/3.3.3/lwjgl-jemalloc-3.3.3-natives-linux.jar:/home/runner/.minecraft/libraries/org/lwjgl/lwjgl-openal/3.3.3/lwjgl-openal-3.3.3.jar:/home/runner/.minecraft/libraries/org/lwjgl/lwjgl-openal/3.3.3/lwjgl-openal-3.3.3-natives-linux.jar:/home/runner/.minecraft/libraries/org/lwjgl/lwjgl-opengl/3.3.3/lwjgl-opengl-3.3.3.jar:/home/runner/.minecraft/libraries/org/lwjgl/lwjgl-opengl/3.3.3/lwjgl-opengl-3.3.3-natives-linux.jar:/home/runner/.minecraft/libraries/org/lwjgl/lwjgl-stb/3.3.3/lwjgl-stb-3.3.3.jar:/home/runner/.minecraft/libraries/org/lwjgl/lwjgl-stb/3.3.3/lwjgl-stb-3.3.3-natives-linux.jar:/home/runner/.minecraft/libraries/org/lwjgl/lwjgl-tinyfd/3.3.3/lwjgl-tinyfd-3.3.3.jar:/home/runner/.minecraft/libraries/org/lwjgl/lwjgl-tinyfd/3.3.3/lwjgl-tinyfd-3.3.3-natives-linux.jar:/home/runner/.minecraft/libraries/org/lwjgl/lwjgl/3.3.3/lwjgl-3.3.3.jar:/home/runner/.minecraft/libraries/org/lwjgl/lwjgl/3.3.3/lwjgl-3.3.3-natives-linux.jar:/home/runner/.minecraft/libraries/org/lz4/lz4-java/1.8.0/lz4-java-1.8.0.jar:/home/runner/.minecraft/libraries/net/neoforged/fancymodloader/earlydisplay/9.0.2/earlydisplay-9.0.2.jar:/home/runner/.minecraft/libraries/net/neoforged/fancymodloader/loader/9.0.2/loader-9.0.2.jar:/home/runner/.minecraft/libraries/net/neoforged/accesstransformers/11.0.2/accesstransformers-11.0.2.jar:/home/runner/.minecraft/libraries/net/neoforged/bus/8.0.5/bus-8.0.5.jar:/home/runner/.minecraft/libraries/net/neoforged/mergetool/2.0.0/mergetool-2.0.0-api.jar:/home/runner/.minecraft/libraries/com/electronwill/night-config/toml/3.8.2/toml-3.8.2.jar:/home/runner/.minecraft/libraries/com/electronwill/night-config/core/3.8.2/core-3.8.2.jar:/home/runner/.minecraft/libraries/net/neoforged/JarJarSelector/0.4.1/JarJarSelector-0.4.1.jar:/home/runner/.minecraft/libraries/net/neoforged/JarJarMetadata/0.4.1/JarJarMetadata-0.4.1.jar:/home/runner/.minecraft/libraries/org/apache/maven/maven-artifact/3.9.9/maven-artifact-3.9.9.jar:/home/runner/.minecraft/libraries/net/jodah/typetools/0.6.3/typetools-0.6.3.jar:/home/runner/.minecraft/libraries/net/minecrell/terminalconsoleappender/1.3.0/terminalconsoleappender-1.3.0.jar:/home/runner/.minecraft/libraries/net/fabricmc/sponge-mixin/0.15.2+mixin.0.8.7/sponge-mixin-0.15.2+mixin.0.8.7.jar:/home/runner/.minecraft/libraries/net/neoforged/fancymodloader/bootstraplauncher/9.0.2/bootstraplauncher-9.0.2.jar:/home/runner/.minecraft/libraries/net/neoforged/fancymodloader/securejarhandler/9.0.2/securejarhandler-9.0.2.jar:/home/runner/.minecraft/libraries/org/ow2/asm/asm-commons/9.8/asm-commons-9.8.jar:/home/runner/.minecraft/libraries/org/ow2/asm/asm-util/9.8/asm-util-9.8.jar:/home/runner/.minecraft/libraries/org/ow2/asm/asm-analysis/9.8/asm-analysis-9.8.jar:/home/runner/.minecraft/libraries/org/ow2/asm/asm-tree/9.8/asm-tree-9.8.jar:/home/runner/.minecraft/libraries/org/ow2/asm/asm/9.8/asm-9.8.jar:/home/runner/.minecraft/libraries/net/neoforged/JarJarFileSystems/0.4.1/JarJarFileSystems-0.4.1.jar:/home/runner/.minecraft/libraries/net/sf/jopt-simple/jopt-simple/5.0.4/jopt-simple-5.0.4.jar:/home/runner/.minecraft/libraries/net/neoforged/accesstransformers/at-parser/11.0.2/at-parser-11.0.2.jar:/home/runner/.minecraft/libraries/org/slf4j/slf4j-api/2.0.16/slf4j-api-2.0.16.jar:/home/runner/.minecraft/libraries/com/mojang/logging/1.5.10/logging-1.5.10.jar:/home/runner/work/ModCompiler/ModCompiler/HeadlessMC/e1a43ddc-4030-4e1a-89a4-56e014579cfc/log4j-slf4j2-impl-2.24.1.jar:/home/runner/work/ModCompiler/ModCompiler/HeadlessMC/e1a43ddc-4030-4e1a-89a4-56e014579cfc/log4j-core-2.24.1.jar:/home/runner/work/ModCompiler/ModCompiler/HeadlessMC/e1a43ddc-4030-4e1a-89a4-56e014579cfc/log4j-api-2.24.1.jar:/home/runner/.minecraft/libraries/org/jline/jline-reader/3.20.0/jline-reader-3.20.0.jar:/home/runner/.minecraft/libraries/org/jline/jline-terminal/3.20.0/jline-terminal-3.20.0.jar:/home/runner/.minecraft/libraries/commons-io/commons-io/2.17.0/commons-io-2.17.0.jar:/home/runner/.minecraft/libraries/net/minecraftforge/srgutils/0.4.15/srgutils-0.4.15.jar:/home/runner/.minecraft/libraries/com/google/guava/guava/33.3.1-jre/guava-33.3.1-jre.jar:/home/runner/.minecraft/libraries/com/google/guava/failureaccess/1.0.2/failureaccess-1.0.2.jar:/home/runner/.minecraft/libraries/com/google/guava/listenablefuture/9999.0-empty-to-avoid-conflict-with-guava/listenablefuture-9999.0-empty-to-avoid-conflict-with-guava.jar:/home/runner/.minecraft/libraries/com/google/code/findbugs/jsr305/3.0.2/jsr305-3.0.2.jar:/home/runner/.minecraft/libraries/org/checkerframework/checker-qual/3.43.0/checker-qual-3.43.0.jar:/home/runner/.minecraft/libraries/com/google/code/gson/gson/2.11.0/gson-2.11.0.jar:/home/runner/.minecraft/libraries/com/google/errorprone/error_prone_annotations/2.28.0/error_prone_annotations-2.28.0.jar:/home/runner/.minecraft/libraries/com/google/j2objc/j2objc-annotations/3.0.0/j2objc-annotations-3.0.0.jar:/home/runner/.minecraft/libraries/org/codehaus/plexus/plexus-utils/3.5.1/plexus-utils-3.5.1.jar:/home/runner/.minecraft/libraries/org/apache/commons/commons-lang3/3.17.0/commons-lang3-3.17.0.jar:/home/runner/.minecraft/libraries/com/machinezoo/noexception/noexception/1.7.1/noexception-1.7.1.jar:/home/runner/.minecraft/versions/neoforge-21.6.20-beta/neoforge-21.6.20-beta.jar)
	at MC-BOOTSTRAP/com.sun.jna@5.15.0/com.sun.jna.NativeLibrary.loadLibrary(NativeLibrary.java:325) ~[jna-5.15.0.jar%23133!/:5.15.0 (b0)]
	at MC-BOOTSTRAP/com.sun.jna@5.15.0/com.sun.jna.NativeLibrary.getInstance(NativeLibrary.java:481) ~[jna-5.15.0.jar%23133!/:5.15.0 (b0)]
	at MC-BOOTSTRAP/com.sun.jna@5.15.0/com.sun.jna.NativeLibrary.getInstance(NativeLibrary.java:423) ~[jna-5.15.0.jar%23133!/:5.15.0 (b0)]
	at MC-BOOTSTRAP/text2speech@1.18.11/com.mojang.text2speech.NarratorLinux$FliteLibrary.loadNative(NarratorLinux.java:79) ~[text2speech-1.18.11.jar%23114!/:?]
	... 20 more
	Suppressed: java.lang.UnsatisfiedLinkError: libflite.so: cannot open shared object file: No such file or directory
		at MC-BOOTSTRAP/com.sun.jna@5.15.0/com.sun.jna.Native.open(Native Method) ~[jna-5.15.0.jar%23133!/:5.15.0 (b0)]
		at MC-BOOTSTRAP/com.sun.jna@5.15.0/com.sun.jna.NativeLibrary.loadLibrary(NativeLibrary.java:213) ~[jna-5.15.0.jar%23133!/:5.15.0 (b0)]
		at MC-BOOTSTRAP/com.sun.jna@5.15.0/com.sun.jna.NativeLibrary.getInstance(NativeLibrary.java:481) ~[jna-5.15.0.jar%23133!/:5.15.0 (b0)]
		at MC-BOOTSTRAP/com.sun.jna@5.15.0/com.sun.jna.NativeLibrary.getInstance(NativeLibrary.java:423) ~[jna-5.15.0.jar%23133!/:5.15.0 (b0)]
		at MC-BOOTSTRAP/text2speech@1.18.11/com.mojang.text2speech.NarratorLinux$FliteLibrary.loadNative(NarratorLinux.java:79) ~[text2speech-1.18.11.jar%23114!/:?]
		at MC-BOOTSTRAP/text2speech@1.18.11/com.mojang.text2speech.NarratorLinux.<init>(NarratorLinux.java:18) ~[text2speech-1.18.11.jar%23114!/:?]
		at MC-BOOTSTRAP/text2speech@1.18.11/com.mojang.text2speech.Narrator.getNarrator(Narrator.java:41) ~[text2speech-1.18.11.jar%23114!/:?]
		at TRANSFORMER/minecraft@1.21.6/net.minecraft.client.GameNarrator.<init>(GameNarrator.java:22) ~[client-1.21.6-20250617.151856-srg.jar%23195!/:?]
		at TRANSFORMER/minecraft@1.21.6/net.minecraft.client.Minecraft.<init>(Minecraft.java:651) ~[client-1.21.6-20250617.151856-srg.jar%23195!/:?]
		at TRANSFORMER/minecraft@1.21.6/net.minecraft.client.main.Main.main(Main.java:228) ~[client-1.21.6-20250617.151856-srg.jar%23195!/:?]
		at java.base/jdk.internal.reflect.DirectMethodHandleAccessor.invoke(DirectMethodHandleAccessor.java:103) ~[?:?]
		at java.base/java.lang.reflect.Method.invoke(Method.java:580) ~[?:?]
		at MC-BOOTSTRAP/fml_loader@9.0.2/net.neoforged.fml.loading.targets.CommonLaunchHandler.runTarget(CommonLaunchHandler.java:132) ~[loader-9.0.2.jar%23159!/:9.0]
		at MC-BOOTSTRAP/fml_loader@9.0.2/net.neoforged.fml.loading.targets.CommonLaunchHandler.clientService(CommonLaunchHandler.java:120) ~[loader-9.0.2.jar%23159!/:9.0]
		at MC-BOOTSTRAP/fml_loader@9.0.2/net.neoforged.fml.loading.targets.NeoForgeClientLaunchHandler.runService(NeoForgeClientLaunchHandler.java:39) ~[loader-9.0.2.jar%23159!/:9.0]
		at MC-BOOTSTRAP/fml_loader@9.0.2/net.neoforged.fml.loading.targets.CommonLaunchHandler.lambda$launchService$4(CommonLaunchHandler.java:114) ~[loader-9.0.2.jar%23159!/:9.0]
		at MC-BOOTSTRAP/fml_loader@9.0.2/cpw.mods.modlauncher.LaunchServiceHandlerDecorator.launch(LaunchServiceHandlerDecorator.java:25) [loader-9.0.2.jar%23159!/:9.0]
		at MC-BOOTSTRAP/fml_loader@9.0.2/cpw.mods.modlauncher.LaunchServiceHandler.launch(LaunchServiceHandler.java:55) [loader-9.0.2.jar%23159!/:9.0]
		at MC-BOOTSTRAP/fml_loader@9.0.2/cpw.mods.modlauncher.LaunchServiceHandler.launch(LaunchServiceHandler.java:73) [loader-9.0.2.jar%23159!/:9.0]
		at MC-BOOTSTRAP/fml_loader@9.0.2/cpw.mods.modlauncher.Launcher.run(Launcher.java:104) [loader-9.0.2.jar%23159!/:9.0]
		at MC-BOOTSTRAP/fml_loader@9.0.2/cpw.mods.modlauncher.Launcher.main(Launcher.java:75) [loader-9.0.2.jar%23159!/:9.0]
		at java.base/jdk.internal.reflect.DirectMethodHandleAccessor.invoke(DirectMethodHandleAccessor.java:103) ~[?:?]
		at java.base/java.lang.reflect.Method.invoke(Method.java:580) ~[?:?]
		at cpw.mods.bootstraplauncher/cpw.mods.bootstraplauncher.BootstrapLauncher.run(BootstrapLauncher.java:203) [bootstraplauncher-9.0.2.jar:?]
		at cpw.mods.bootstraplauncher/cpw.mods.bootstraplauncher.BootstrapLauncher.main(BootstrapLauncher.java:62) [bootstraplauncher-9.0.2.jar:?]
	Suppressed: java.lang.UnsatisfiedLinkError: libflite.so: cannot open shared object file: No such file or directory
		at MC-BOOTSTRAP/com.sun.jna@5.15.0/com.sun.jna.Native.open(Native Method) ~[jna-5.15.0.jar%23133!/:5.15.0 (b0)]
		at MC-BOOTSTRAP/com.sun.jna@5.15.0/com.sun.jna.NativeLibrary.loadLibrary(NativeLibrary.java:226) ~[jna-5.15.0.jar%23133!/:5.15.0 (b0)]
		at MC-BOOTSTRAP/com.sun.jna@5.15.0/com.sun.jna.NativeLibrary.getInstance(NativeLibrary.java:481) ~[jna-5.15.0.jar%23133!/:5.15.0 (b0)]
		at MC-BOOTSTRAP/com.sun.jna@5.15.0/com.sun.jna.NativeLibrary.getInstance(NativeLibrary.java:423) ~[jna-5.15.0.jar%23133!/:5.15.0 (b0)]
		at MC-BOOTSTRAP/text2speech@1.18.11/com.mojang.text2speech.NarratorLinux$FliteLibrary.loadNative(NarratorLinux.java:79) ~[text2speech-1.18.11.jar%23114!/:?]
		at MC-BOOTSTRAP/text2speech@1.18.11/com.mojang.text2speech.NarratorLinux.<init>(NarratorLinux.java:18) ~[text2speech-1.18.11.jar%23114!/:?]
		at MC-BOOTSTRAP/text2speech@1.18.11/com.mojang.text2speech.Narrator.getNarrator(Narrator.java:41) ~[text2speech-1.18.11.jar%23114!/:?]
		at TRANSFORMER/minecraft@1.21.6/net.minecraft.client.GameNarrator.<init>(GameNarrator.java:22) ~[client-1.21.6-20250617.151856-srg.jar%23195!/:?]
		at TRANSFORMER/minecraft@1.21.6/net.minecraft.client.Minecraft.<init>(Minecraft.java:651) ~[client-1.21.6-20250617.151856-srg.jar%23195!/:?]
		at TRANSFORMER/minecraft@1.21.6/net.minecraft.client.main.Main.main(Main.java:228) ~[client-1.21.6-20250617.151856-srg.jar%23195!/:?]
		at java.base/jdk.internal.reflect.DirectMethodHandleAccessor.invoke(DirectMethodHandleAccessor.java:103) ~[?:?]
		at java.base/java.lang.reflect.Method.invoke(Method.java:580) ~[?:?]
		at MC-BOOTSTRAP/fml_loader@9.0.2/net.neoforged.fml.loading.targets.CommonLaunchHandler.runTarget(CommonLaunchHandler.java:132) ~[loader-9.0.2.jar%23159!/:9.0]
		at MC-BOOTSTRAP/fml_loader@9.0.2/net.neoforged.fml.loading.targets.CommonLaunchHandler.clientService(CommonLaunchHandler.java:120) ~[loader-9.0.2.jar%23159!/:9.0]
		at MC-BOOTSTRAP/fml_loader@9.0.2/net.neoforged.fml.loading.targets.NeoForgeClientLaunchHandler.runService(NeoForgeClientLaunchHandler.java:39) ~[loader-9.0.2.jar%23159!/:9.0]
		at MC-BOOTSTRAP/fml_loader@9.0.2/net.neoforged.fml.loading.targets.CommonLaunchHandler.lambda$launchService$4(CommonLaunchHandler.java:114) ~[loader-9.0.2.jar%23159!/:9.0]
		at MC-BOOTSTRAP/fml_loader@9.0.2/cpw.mods.modlauncher.LaunchServiceHandlerDecorator.launch(LaunchServiceHandlerDecorator.java:25) [loader-9.0.2.jar%23159!/:9.0]
		at MC-BOOTSTRAP/fml_loader@9.0.2/cpw.mods.modlauncher.LaunchServiceHandler.launch(LaunchServiceHandler.java:55) [loader-9.0.2.jar%23159!/:9.0]
		at MC-BOOTSTRAP/fml_loader@9.0.2/cpw.mods.modlauncher.LaunchServiceHandler.launch(LaunchServiceHandler.java:73) [loader-9.0.2.jar%23159!/:9.0]
		at MC-BOOTSTRAP/fml_loader@9.0.2/cpw.mods.modlauncher.Launcher.run(Launcher.java:104) [loader-9.0.2.jar%23159!/:9.0]
		at MC-BOOTSTRAP/fml_loader@9.0.2/cpw.mods.modlauncher.Launcher.main(Launcher.java:75) [loader-9.0.2.jar%23159!/:9.0]
		at java.base/jdk.internal.reflect.DirectMethodHandleAccessor.invoke(DirectMethodHandleAccessor.java:103) ~[?:?]
		at java.base/java.lang.reflect.Method.invoke(Method.java:580) ~[?:?]
		at cpw.mods.bootstraplauncher/cpw.mods.bootstraplauncher.BootstrapLauncher.run(BootstrapLauncher.java:203) [bootstraplauncher-9.0.2.jar:?]
		at cpw.mods.bootstraplauncher/cpw.mods.bootstraplauncher.BootstrapLauncher.main(BootstrapLauncher.java:62) [bootstraplauncher-9.0.2.jar:?]
	Suppressed: java.io.IOException: Native library (linux-x86-64/libflite.so) not found in resource path (/home/runner/.minecraft/libraries/com/fasterxml/jackson/core/jackson-annotations/2.13.4/jackson-annotations-2.13.4.jar:/home/runner/.minecraft/libraries/com/fasterxml/jackson/core/jackson-core/2.13.4/jackson-core-2.13.4.jar:/home/runner/.minecraft/libraries/com/fasterxml/jackson/core/jackson-databind/2.13.4.2/jackson-databind-2.13.4.2.jar:/home/runner/.minecraft/libraries/com/github/oshi/oshi-core/6.6.5/oshi-core-6.6.5.jar:/home/runner/.minecraft/libraries/com/github/stephenc/jcip/jcip-annotations/1.0-1/jcip-annotations-1.0-1.jar:/home/runner/.minecraft/libraries/com/ibm/icu/icu4j/76.1/icu4j-76.1.jar:/home/runner/.minecraft/libraries/com/microsoft/azure/msal4j/1.17.2/msal4j-1.17.2.jar:/home/runner/.minecraft/libraries/com/mojang/authlib/6.0.58/authlib-6.0.58.jar:/home/runner/.minecraft/libraries/com/mojang/blocklist/1.0.10/blocklist-1.0.10.jar:/home/runner/.minecraft/libraries/com/mojang/brigadier/1.3.10/brigadier-1.3.10.jar:/home/runner/.minecraft/libraries/com/mojang/datafixerupper/8.0.16/datafixerupper-8.0.16.jar:/home/runner/.minecraft/libraries/com/mojang/jtracy/1.0.29/jtracy-1.0.29.jar:/home/runner/.minecraft/libraries/com/mojang/jtracy/1.0.29/jtracy-1.0.29-natives-linux.jar:/home/runner/.minecraft/libraries/com/mojang/patchy/2.2.10/patchy-2.2.10.jar:/home/runner/.minecraft/libraries/com/mojang/text2speech/1.18.11/text2speech-1.18.11.jar:/home/runner/.minecraft/libraries/com/nimbusds/content-type/2.3/content-type-2.3.jar:/home/runner/.minecraft/libraries/com/nimbusds/lang-tag/1.7/lang-tag-1.7.jar:/home/runner/.minecraft/libraries/com/nimbusds/nimbus-jose-jwt/9.40/nimbus-jose-jwt-9.40.jar:/home/runner/.minecraft/libraries/com/nimbusds/oauth2-oidc-sdk/11.18/oauth2-oidc-sdk-11.18.jar:/home/runner/.minecraft/libraries/commons-codec/commons-codec/1.17.1/commons-codec-1.17.1.jar:/home/runner/.minecraft/libraries/commons-logging/commons-logging/1.3.4/commons-logging-1.3.4.jar:/home/runner/.minecraft/libraries/io/netty/netty-buffer/4.1.118.Final/netty-buffer-4.1.118.Final.jar:/home/runner/.minecraft/libraries/io/netty/netty-codec/4.1.118.Final/netty-codec-4.1.118.Final.jar:/home/runner/.minecraft/libraries/io/netty/netty-common/4.1.118.Final/netty-common-4.1.118.Final.jar:/home/runner/.minecraft/libraries/io/netty/netty-handler/4.1.118.Final/netty-handler-4.1.118.Final.jar:/home/runner/.minecraft/libraries/io/netty/netty-resolver/4.1.118.Final/netty-resolver-4.1.118.Final.jar:/home/runner/.minecraft/libraries/io/netty/netty-transport-classes-epoll/4.1.118.Final/netty-transport-classes-epoll-4.1.118.Final.jar:/home/runner/.minecraft/libraries/io/netty/netty-transport-native-epoll/4.1.118.Final/netty-transport-native-epoll-4.1.118.Final-linux-aarch_64.jar:/home/runner/.minecraft/libraries/io/netty/netty-transport-native-epoll/4.1.118.Final/netty-transport-native-epoll-4.1.118.Final-linux-x86_64.jar:/home/runner/.minecraft/libraries/io/netty/netty-transport-native-unix-common/4.1.118.Final/netty-transport-native-unix-common-4.1.118.Final.jar:/home/runner/.minecraft/libraries/io/netty/netty-transport/4.1.118.Final/netty-transport-4.1.118.Final.jar:/home/runner/.minecraft/libraries/it/unimi/dsi/fastutil/8.5.15/fastutil-8.5.15.jar:/home/runner/.minecraft/libraries/net/java/dev/jna/jna-platform/5.15.0/jna-platform-5.15.0.jar:/home/runner/.minecraft/libraries/net/java/dev/jna/jna/5.15.0/jna-5.15.0.jar:/home/runner/.minecraft/libraries/net/minidev/accessors-smart/2.5.1/accessors-smart-2.5.1.jar:/home/runner/.minecraft/libraries/net/minidev/json-smart/2.5.1/json-smart-2.5.1.jar:/home/runner/.minecraft/libraries/org/apache/commons/commons-compress/1.27.1/commons-compress-1.27.1.jar:/home/runner/.minecraft/libraries/org/apache/httpcomponents/httpclient/4.5.14/httpclient-4.5.14.jar:/home/runner/.minecraft/libraries/org/apache/httpcomponents/httpcore/4.4.16/httpcore-4.4.16.jar:/home/runner/.minecraft/libraries/org/jcraft/jorbis/0.0.17/jorbis-0.0.17.jar:/home/runner/.minecraft/libraries/org/joml/joml/1.10.8/joml-1.10.8.jar:/home/runner/.minecraft/libraries/org/lwjgl/lwjgl-freetype/3.3.3/lwjgl-freetype-3.3.3.jar:/home/runner/.minecraft/libraries/org/lwjgl/lwjgl-freetype/3.3.3/lwjgl-freetype-3.3.3-natives-linux.jar:/home/runner/.minecraft/libraries/org/lwjgl/lwjgl-glfw/3.3.3/lwjgl-glfw-3.3.3.jar:/home/runner/.minecraft/libraries/org/lwjgl/lwjgl-glfw/3.3.3/lwjgl-glfw-3.3.3-natives-linux.jar:/home/runner/.minecraft/libraries/org/lwjgl/lwjgl-jemalloc/3.3.3/lwjgl-jemalloc-3.3.3.jar:/home/runner/.minecraft/libraries/org/lwjgl/lwjgl-jemalloc/3.3.3/lwjgl-jemalloc-3.3.3-natives-linux.jar:/home/runner/.minecraft/libraries/org/lwjgl/lwjgl-openal/3.3.3/lwjgl-openal-3.3.3.jar:/home/runner/.minecraft/libraries/org/lwjgl/lwjgl-openal/3.3.3/lwjgl-openal-3.3.3-natives-linux.jar:/home/runner/.minecraft/libraries/org/lwjgl/lwjgl-opengl/3.3.3/lwjgl-opengl-3.3.3.jar:/home/runner/.minecraft/libraries/org/lwjgl/lwjgl-opengl/3.3.3/lwjgl-opengl-3.3.3-natives-linux.jar:/home/runner/.minecraft/libraries/org/lwjgl/lwjgl-stb/3.3.3/lwjgl-stb-3.3.3.jar:/home/runner/.minecraft/libraries/org/lwjgl/lwjgl-stb/3.3.3/lwjgl-stb-3.3.3-natives-linux.jar:/home/runner/.minecraft/libraries/org/lwjgl/lwjgl-tinyfd/3.3.3/lwjgl-tinyfd-3.3.3.jar:/home/runner/.minecraft/libraries/org/lwjgl/lwjgl-tinyfd/3.3.3/lwjgl-tinyfd-3.3.3-natives-linux.jar:/home/runner/.minecraft/libraries/org/lwjgl/lwjgl/3.3.3/lwjgl-3.3.3.jar:/home/runner/.minecraft/libraries/org/lwjgl/lwjgl/3.3.3/lwjgl-3.3.3-natives-linux.jar:/home/runner/.minecraft/libraries/org/lz4/lz4-java/1.8.0/lz4-java-1.8.0.jar:/home/runner/.minecraft/libraries/net/neoforged/fancymodloader/earlydisplay/9.0.2/earlydisplay-9.0.2.jar:/home/runner/.minecraft/libraries/net/neoforged/fancymodloader/loader/9.0.2/loader-9.0.2.jar:/home/runner/.minecraft/libraries/net/neoforged/accesstransformers/11.0.2/accesstransformers-11.0.2.jar:/home/runner/.minecraft/libraries/net/neoforged/bus/8.0.5/bus-8.0.5.jar:/home/runner/.minecraft/libraries/net/neoforged/mergetool/2.0.0/mergetool-2.0.0-api.jar:/home/runner/.minecraft/libraries/com/electronwill/night-config/toml/3.8.2/toml-3.8.2.jar:/home/runner/.minecraft/libraries/com/electronwill/night-config/core/3.8.2/core-3.8.2.jar:/home/runner/.minecraft/libraries/net/neoforged/JarJarSelector/0.4.1/JarJarSelector-0.4.1.jar:/home/runner/.minecraft/libraries/net/neoforged/JarJarMetadata/0.4.1/JarJarMetadata-0.4.1.jar:/home/runner/.minecraft/libraries/org/apache/maven/maven-artifact/3.9.9/maven-artifact-3.9.9.jar:/home/runner/.minecraft/libraries/net/jodah/typetools/0.6.3/typetools-0.6.3.jar:/home/runner/.minecraft/libraries/net/minecrell/terminalconsoleappender/1.3.0/terminalconsoleappender-1.3.0.jar:/home/runner/.minecraft/libraries/net/fabricmc/sponge-mixin/0.15.2+mixin.0.8.7/sponge-mixin-0.15.2+mixin.0.8.7.jar:/home/runner/.minecraft/libraries/net/neoforged/fancymodloader/bootstraplauncher/9.0.2/bootstraplauncher-9.0.2.jar:/home/runner/.minecraft/libraries/net/neoforged/fancymodloader/securejarhandler/9.0.2/securejarhandler-9.0.2.jar:/home/runner/.minecraft/libraries/org/ow2/asm/asm-commons/9.8/asm-commons-9.8.jar:/home/runner/.minecraft/libraries/org/ow2/asm/asm-util/9.8/asm-util-9.8.jar:/home/runner/.minecraft/libraries/org/ow2/asm/asm-analysis/9.8/asm-analysis-9.8.jar:/home/runner/.minecraft/libraries/org/ow2/asm/asm-tree/9.8/asm-tree-9.8.jar:/home/runner/.minecraft/libraries/org/ow2/asm/asm/9.8/asm-9.8.jar:/home/runner/.minecraft/libraries/net/neoforged/JarJarFileSystems/0.4.1/JarJarFileSystems-0.4.1.jar:/home/runner/.minecraft/libraries/net/sf/jopt-simple/jopt-simple/5.0.4/jopt-simple-5.0.4.jar:/home/runner/.minecraft/libraries/net/neoforged/accesstransformers/at-parser/11.0.2/at-parser-11.0.2.jar:/home/runner/.minecraft/libraries/org/slf4j/slf4j-api/2.0.16/slf4j-api-2.0.16.jar:/home/runner/.minecraft/libraries/com/mojang/logging/1.5.10/logging-1.5.10.jar:/home/runner/work/ModCompiler/ModCompiler/HeadlessMC/e1a43ddc-4030-4e1a-89a4-56e014579cfc/log4j-slf4j2-impl-2.24.1.jar:/home/runner/work/ModCompiler/ModCompiler/HeadlessMC/e1a43ddc-4030-4e1a-89a4-56e014579cfc/log4j-core-2.24.1.jar:/home/runner/work/ModCompiler/ModCompiler/HeadlessMC/e1a43ddc-4030-4e1a-89a4-56e014579cfc/log4j-api-2.24.1.jar:/home/runner/.minecraft/libraries/org/jline/jline-reader/3.20.0/jline-reader-3.20.0.jar:/home/runner/.minecraft/libraries/org/jline/jline-terminal/3.20.0/jline-terminal-3.20.0.jar:/home/runner/.minecraft/libraries/commons-io/commons-io/2.17.0/commons-io-2.17.0.jar:/home/runner/.minecraft/libraries/net/minecraftforge/srgutils/0.4.15/srgutils-0.4.15.jar:/home/runner/.minecraft/libraries/com/google/guava/guava/33.3.1-jre/guava-33.3.1-jre.jar:/home/runner/.minecraft/libraries/com/google/guava/failureaccess/1.0.2/failureaccess-1.0.2.jar:/home/runner/.minecraft/libraries/com/google/guava/listenablefuture/9999.0-empty-to-avoid-conflict-with-guava/listenablefuture-9999.0-empty-to-avoid-conflict-with-guava.jar:/home/runner/.minecraft/libraries/com/google/code/findbugs/jsr305/3.0.2/jsr305-3.0.2.jar:/home/runner/.minecraft/libraries/org/checkerframework/checker-qual/3.43.0/checker-qual-3.43.0.jar:/home/runner/.minecraft/libraries/com/google/code/gson/gson/2.11.0/gson-2.11.0.jar:/home/runner/.minecraft/libraries/com/google/errorprone/error_prone_annotations/2.28.0/error_prone_annotations-2.28.0.jar:/home/runner/.minecraft/libraries/com/google/j2objc/j2objc-annotations/3.0.0/j2objc-annotations-3.0.0.jar:/home/runner/.minecraft/libraries/org/codehaus/plexus/plexus-utils/3.5.1/plexus-utils-3.5.1.jar:/home/runner/.minecraft/libraries/org/apache/commons/commons-lang3/3.17.0/commons-lang3-3.17.0.jar:/home/runner/.minecraft/libraries/com/machinezoo/noexception/noexception/1.7.1/noexception-1.7.1.jar:/home/runner/.minecraft/versions/neoforge-21.6.20-beta/neoforge-21.6.20-beta.jar)
		at MC-BOOTSTRAP/com.sun.jna@5.15.0/com.sun.jna.Native.extractFromResourcePath(Native.java:1141) ~[jna-5.15.0.jar%23133!/:5.15.0 (b0)]
		at MC-BOOTSTRAP/com.sun.jna@5.15.0/com.sun.jna.NativeLibrary.loadLibrary(NativeLibrary.java:297) ~[jna-5.15.0.jar%23133!/:5.15.0 (b0)]
		at MC-BOOTSTRAP/com.sun.jna@5.15.0/com.sun.jna.NativeLibrary.getInstance(NativeLibrary.java:481) ~[jna-5.15.0.jar%23133!/:5.15.0 (b0)]
		at MC-BOOTSTRAP/com.sun.jna@5.15.0/com.sun.jna.NativeLibrary.getInstance(NativeLibrary.java:423) ~[jna-5.15.0.jar%23133!/:5.15.0 (b0)]
		at MC-BOOTSTRAP/text2speech@1.18.11/com.mojang.text2speech.NarratorLinux$FliteLibrary.loadNative(NarratorLinux.java:79) ~[text2speech-1.18.11.jar%23114!/:?]
		at MC-BOOTSTRAP/text2speech@1.18.11/com.mojang.text2speech.NarratorLinux.<init>(NarratorLinux.java:18) ~[text2speech-1.18.11.jar%23114!/:?]
		at MC-BOOTSTRAP/text2speech@1.18.11/com.mojang.text2speech.Narrator.getNarrator(Narrator.java:41) ~[text2speech-1.18.11.jar%23114!/:?]
		at TRANSFORMER/minecraft@1.21.6/net.minecraft.client.GameNarrator.<init>(GameNarrator.java:22) ~[client-1.21.6-20250617.151856-srg.jar%23195!/:?]
		at TRANSFORMER/minecraft@1.21.6/net.minecraft.client.Minecraft.<init>(Minecraft.java:651) ~[client-1.21.6-20250617.151856-srg.jar%23195!/:?]
		at TRANSFORMER/minecraft@1.21.6/net.minecraft.client.main.Main.main(Main.java:228) ~[client-1.21.6-20250617.151856-srg.jar%23195!/:?]
		at java.base/jdk.internal.reflect.DirectMethodHandleAccessor.invoke(DirectMethodHandleAccessor.java:103) ~[?:?]
		at java.base/java.lang.reflect.Method.invoke(Method.java:580) ~[?:?]
		at MC-BOOTSTRAP/fml_loader@9.0.2/net.neoforged.fml.loading.targets.CommonLaunchHandler.runTarget(CommonLaunchHandler.java:132) ~[loader-9.0.2.jar%23159!/:9.0]
		at MC-BOOTSTRAP/fml_loader@9.0.2/net.neoforged.fml.loading.targets.CommonLaunchHandler.clientService(CommonLaunchHandler.java:120) ~[loader-9.0.2.jar%23159!/:9.0]
		at MC-BOOTSTRAP/fml_loader@9.0.2/net.neoforged.fml.loading.targets.NeoForgeClientLaunchHandler.runService(NeoForgeClientLaunchHandler.java:39) ~[loader-9.0.2.jar%23159!/:9.0]
		at MC-BOOTSTRAP/fml_loader@9.0.2/net.neoforged.fml.loading.targets.CommonLaunchHandler.lambda$launchService$4(CommonLaunchHandler.java:114) ~[loader-9.0.2.jar%23159!/:9.0]
		at MC-BOOTSTRAP/fml_loader@9.0.2/cpw.mods.modlauncher.LaunchServiceHandlerDecorator.launch(LaunchServiceHandlerDecorator.java:25) [loader-9.0.2.jar%23159!/:9.0]
		at MC-BOOTSTRAP/fml_loader@9.0.2/cpw.mods.modlauncher.LaunchServiceHandler.launch(LaunchServiceHandler.java:55) [loader-9.0.2.jar%23159!/:9.0]
		at MC-BOOTSTRAP/fml_loader@9.0.2/cpw.mods.modlauncher.LaunchServiceHandler.launch(LaunchServiceHandler.java:73) [loader-9.0.2.jar%23159!/:9.0]
		at MC-BOOTSTRAP/fml_loader@9.0.2/cpw.mods.modlauncher.Launcher.run(Launcher.java:104) [loader-9.0.2.jar%23159!/:9.0]
		at MC-BOOTSTRAP/fml_loader@9.0.2/cpw.mods.modlauncher.Launcher.main(Launcher.java:75) [loader-9.0.2.jar%23159!/:9.0]
		at java.base/jdk.internal.reflect.DirectMethodHandleAccessor.invoke(DirectMethodHandleAccessor.java:103) ~[?:?]
		at java.base/java.lang.reflect.Method.invoke(Method.java:580) ~[?:?]
		at cpw.mods.bootstraplauncher/cpw.mods.bootstraplauncher.BootstrapLauncher.run(BootstrapLauncher.java:203) [bootstraplauncher-9.0.2.jar:?]
		at cpw.mods.bootstraplauncher/cpw.mods.bootstraplauncher.BootstrapLauncher.main(BootstrapLauncher.java:62) [bootstraplauncher-9.0.2.jar:?]
[21Jun2026 02:47:57.888] [Render thread/INFO] [net.minecraft.server.packs.resources.ReloadableResourceManager/]: Reloading ResourceManager: vanilla, mod_resources, mod/pingfix, mod/mc_runtime_test, mod/neoforge
[21Jun2026 02:47:57.967] [Render thread/INFO] [net.minecraft.client.Minecraft/]: Waiting for overlay to disappear...
[21Jun2026 02:47:57.967] [Render thread/INFO] [net.minecraft.client.Minecraft/]: Waiting for player to load...
[21Jun2026 02:47:57.972] [Render thread/INFO] [net.minecraft.client.Minecraft/]: Waiting for overlay to disappear...
[21Jun2026 02:47:57.972] [Render thread/INFO] [net.minecraft.client.Minecraft/]: Waiting for player to load...
[21Jun2026 02:47:57.973] [Render thread/INFO] [net.minecraft.client.Minecraft/]: Waiting for overlay to disappear...
[21Jun2026 02:47:57.973] [Render thread/INFO] [net.minecraft.client.Minecraft/]: Waiting for player to load...
[21Jun2026 02:47:57.973] [Render thread/INFO] [net.minecraft.client.Minecraft/]: Waiting for overlay to disappear...
[21Jun2026 02:47:57.973] [Render thread/INFO] [net.minecraft.client.Minecraft/]: Waiting for player to load...
[21Jun2026 02:47:57.973] [Render thread/INFO] [net.minecraft.client.Minecraft/]: Waiting for overlay to disappear...
[21Jun2026 02:47:57.973] [Render thread/INFO] [net.minecraft.client.Minecraft/]: Waiting for player to load...
[21Jun2026 02:47:57.973] [Render thread/INFO] [net.minecraft.client.Minecraft/]: Waiting for overlay to disappear...
[21Jun2026 02:47:57.973] [Render thread/INFO] [net.minecraft.client.Minecraft/]: Waiting for player to load...
[21Jun2026 02:47:57.973] [Render thread/INFO] [net.minecraft.client.Minecraft/]: Waiting for overlay to disappear...
[21Jun2026 02:47:57.974] [Render thread/INFO] [net.minecraft.client.Minecraft/]: Waiting for player to load...
[21Jun2026 02:47:57.974] [Render thread/INFO] [net.minecraft.client.Minecraft/]: Waiting for overlay to disappear...
[21Jun2026 02:47:57.974] [Render thread/INFO] [net.minecraft.client.Minecraft/]: Waiting for player to load...
[21Jun2026 02:47:57.974] [Render thread/INFO] [net.minecraft.client.Minecraft/]: Waiting for overlay to disappear...
[21Jun2026 02:47:57.974] [Render thread/INFO] [net.minecraft.client.Minecraft/]: Waiting for player to load...
[21Jun2026 02:47:57.974] [Render thread/INFO] [net.minecraft.client.Minecraft/]: Waiting for overlay to disappear...
[21Jun2026 02:47:57.974] [Render thread/INFO] [net.minecraft.client.Minecraft/]: Waiting for player to load...
[21Jun2026 02:47:58.053] [Worker-Main-1/WARN] [net.minecraft.client.gui.font.FontManager/]: Unable to load font 'minecraft:include/unifont' in fonts.json in resourcepack: 'vanilla'
com.google.gson.JsonParseException: No key providers in MapLike[{}]
	at MC-BOOTSTRAP/datafixerupper@8.0.16/com.mojang.serialization.DataResult$Error.getOrThrow(DataResult.java:287) ~[datafixerupper-8.0.16.jar%23111!/:?]
	at TRANSFORMER/minecraft@1.21.6/net.minecraft.client.gui.font.FontManager.loadResourceStack(FontManager.java:228) ~[client-1.21.6-20250617.151856-srg.jar%23195!/:?]
	at TRANSFORMER/minecraft@1.21.6/net.minecraft.client.gui.font.FontManager.lambda$prepare$4(FontManager.java:88) ~[client-1.21.6-20250617.151856-srg.jar%23195!/:?]
	at java.base/java.util.concurrent.CompletableFuture$AsyncSupply.run(CompletableFuture.java:1768) ~[?:?]
	at TRANSFORMER/minecraft@1.21.6/net.minecraft.server.packs.resources.SimpleReloadInstance.lambda$prepareTasks$0(SimpleReloadInstance.java:65) ~[client-1.21.6-20250617.151856-srg.jar%23195!/:?]
	at java.base/java.util.concurrent.ForkJoinTask$RunnableExecuteAction.exec(ForkJoinTask.java:1423) [?:?]
	at java.base/java.util.concurrent.ForkJoinTask.doExec(ForkJoinTask.java:387) [?:?]
	at java.base/java.util.concurrent.ForkJoinPool$WorkQueue.topLevelExec(ForkJoinPool.java:1312) [?:?]
	at java.base/java.util.concurrent.ForkJoinPool.scan(ForkJoinPool.java:1843) [?:?]
	at java.base/java.util.concurrent.ForkJoinPool.runWorker(ForkJoinPool.java:1808) [?:?]
	at java.base/java.util.concurrent.ForkJoinWorkerThread.run(ForkJoinWorkerThread.java:188) [?:?]
[21Jun2026 02:47:58.057] [Worker-Main-1/WARN] [net.minecraft.client.gui.font.FontManager/]: Unable to load font 'minecraft:include/unifont_pua' in fonts.json in resourcepack: 'vanilla'
com.google.gson.JsonParseException: No key providers in MapLike[{}]
	at MC-BOOTSTRAP/datafixerupper@8.0.16/com.mojang.serialization.DataResult$Error.getOrThrow(DataResult.java:287) ~[datafixerupper-8.0.16.jar%23111!/:?]
	at TRANSFORMER/minecraft@1.21.6/net.minecraft.client.gui.font.FontManager.loadResourceStack(FontManager.java:228) ~[client-1.21.6-20250617.151856-srg.jar%23195!/:?]
	at TRANSFORMER/minecraft@1.21.6/net.minecraft.client.gui.font.FontManager.lambda$prepare$4(FontManager.java:88) ~[client-1.21.6-20250617.151856-srg.jar%23195!/:?]
	at java.base/java.util.concurrent.CompletableFuture$AsyncSupply.run(CompletableFuture.java:1768) ~[?:?]
	at TRANSFORMER/minecraft@1.21.6/net.minecraft.server.packs.resources.SimpleReloadInstance.lambda$prepareTasks$0(SimpleReloadInstance.java:65) ~[client-1.21.6-20250617.151856-srg.jar%23195!/:?]
	at java.base/java.util.concurrent.ForkJoinTask$RunnableExecuteAction.exec(ForkJoinTask.java:1423) [?:?]
	at java.base/java.util.concurrent.ForkJoinTask.doExec(ForkJoinTask.java:387) [?:?]
	at java.base/java.util.concurrent.ForkJoinPool$WorkQueue.topLevelExec(ForkJoinPool.java:1312) [?:?]
	at java.base/java.util.concurrent.ForkJoinPool.scan(ForkJoinPool.java:1843) [?:?]
	at java.base/java.util.concurrent.ForkJoinPool.runWorker(ForkJoinPool.java:1808) [?:?]
	at java.base/java.util.concurrent.ForkJoinWorkerThread.run(ForkJoinWorkerThread.java:188) [?:?]
[21Jun2026 02:47:58.274] [Render thread/INFO] [net.minecraft.client.Minecraft/]: Waiting for overlay to disappear...
[21Jun2026 02:47:58.274] [Render thread/INFO] [net.minecraft.client.Minecraft/]: Waiting for player to load...
[21Jun2026 02:47:58.275] [Render thread/INFO] [net.minecraft.client.Minecraft/]: Waiting for overlay to disappear...
[21Jun2026 02:47:58.275] [Render thread/INFO] [net.minecraft.client.Minecraft/]: Waiting for player to load...
[21Jun2026 02:47:58.275] [Render thread/INFO] [net.minecraft.client.Minecraft/]: Waiting for overlay to disappear...
[21Jun2026 02:47:58.275] [Render thread/INFO] [net.minecraft.client.Minecraft/]: Waiting for player to load...
[21Jun2026 02:47:58.275] [Render thread/INFO] [net.minecraft.client.Minecraft/]: Waiting for overlay to disappear...
[21Jun2026 02:47:58.275] [Render thread/INFO] [net.minecraft.client.Minecraft/]: Waiting for player to load...
[21Jun2026 02:47:58.275] [Render thread/INFO] [net.minecraft.client.Minecraft/]: Waiting for overlay to disappear...
[21Jun2026 02:47:58.276] [Render thread/INFO] [net.minecraft.client.Minecraft/]: Waiting for player to load...
[21Jun2026 02:47:58.276] [Render thread/INFO] [net.minecraft.client.Minecraft/]: Waiting for overlay to disappear...
[21Jun2026 02:47:58.276] [Render thread/INFO] [net.minecraft.client.Minecraft/]: Waiting for player to load...
[21Jun2026 02:47:58.292] [Render thread/INFO] [net.minecraft.client.Minecraft/]: Waiting for overlay to disappear...
[21Jun2026 02:47:58.293] [Render thread/INFO] [net.minecraft.client.Minecraft/]: Waiting for player to load...
[21Jun2026 02:47:58.354] [Render thread/INFO] [net.minecraft.client.Minecraft/]: Waiting for overlay to disappear...
[21Jun2026 02:47:58.354] [Render thread/INFO] [net.minecraft.client.Minecraft/]: Waiting for player to load...
[21Jun2026 02:47:58.403] [Render thread/INFO] [net.minecraft.client.Minecraft/]: Waiting for overlay to disappear...
[21Jun2026 02:47:58.403] [Render thread/INFO] [net.minecraft.client.Minecraft/]: Waiting for player to load...
[21Jun2026 02:47:58.427] [Render thread/INFO] [net.minecraft.client.Minecraft/]: Waiting for overlay to disappear...
[21Jun2026 02:47:58.428] [Render thread/INFO] [net.minecraft.client.Minecraft/]: Waiting for player to load...
[21Jun2026 02:47:58.479] [Render thread/INFO] [net.minecraft.client.Minecraft/]: Waiting for overlay to disappear...
[21Jun2026 02:47:58.479] [Render thread/INFO] [net.minecraft.client.Minecraft/]: Waiting for player to load...
[21Jun2026 02:47:58.530] [Render thread/INFO] [net.minecraft.client.Minecraft/]: Waiting for overlay to disappear...
[21Jun2026 02:47:58.531] [Render thread/INFO] [net.minecraft.client.Minecraft/]: Waiting for player to load...
[21Jun2026 02:47:58.588] [Render thread/INFO] [net.minecraft.client.Minecraft/]: Waiting for overlay to disappear...
[21Jun2026 02:47:58.589] [Render thread/INFO] [net.minecraft.client.Minecraft/]: Waiting for player to load...
[21Jun2026 02:47:58.638] [Render thread/INFO] [net.minecraft.client.Minecraft/]: Waiting for overlay to disappear...
[21Jun2026 02:47:58.639] [Render thread/INFO] [net.minecraft.client.Minecraft/]: Waiting for player to load...
[21Jun2026 02:47:58.693] [Render thread/INFO] [net.minecraft.client.Minecraft/]: Waiting for overlay to disappear...
[21Jun2026 02:47:58.694] [Render thread/INFO] [net.minecraft.client.Minecraft/]: Waiting for player to load...
[21Jun2026 02:47:58.726] [Render thread/INFO] [net.minecraft.client.Minecraft/]: Waiting for overlay to disappear...
[21Jun2026 02:47:58.727] [Render thread/INFO] [net.minecraft.client.Minecraft/]: Waiting for player to load...
[21Jun2026 02:47:58.783] [Render thread/INFO] [net.minecraft.client.Minecraft/]: Waiting for overlay to disappear...
[21Jun2026 02:47:58.784] [Render thread/INFO] [net.minecraft.client.Minecraft/]: Waiting for player to load...
[21Jun2026 02:47:58.857] [Render thread/INFO] [net.minecraft.client.Minecraft/]: Waiting for overlay to disappear...
[21Jun2026 02:47:58.857] [Render thread/INFO] [net.minecraft.client.Minecraft/]: Waiting for player to load...
[21Jun2026 02:47:58.878] [Render thread/INFO] [net.minecraft.client.Minecraft/]: Waiting for overlay to disappear...
[21Jun2026 02:47:58.879] [Render thread/INFO] [net.minecraft.client.Minecraft/]: Waiting for player to load...
[21Jun2026 02:47:58.928] [Render thread/INFO] [net.minecraft.client.Minecraft/]: Waiting for overlay to disappear...
[21Jun2026 02:47:58.928] [Render thread/INFO] [net.minecraft.client.Minecraft/]: Waiting for player to load...
[21Jun2026 02:47:58.981] [Render thread/INFO] [net.minecraft.client.Minecraft/]: Waiting for overlay to disappear...
[21Jun2026 02:47:58.981] [Render thread/INFO] [net.minecraft.client.Minecraft/]: Waiting for player to load...
[21Jun2026 02:47:59.044] [Render thread/INFO] [net.minecraft.client.Minecraft/]: Waiting for overlay to disappear...
[21Jun2026 02:47:59.045] [Render thread/INFO] [net.minecraft.client.Minecraft/]: Waiting for player to load...
[21Jun2026 02:47:59.085] [Render thread/INFO] [net.minecraft.client.Minecraft/]: Waiting for overlay to disappear...
[21Jun2026 02:47:59.086] [Render thread/INFO] [net.minecraft.client.Minecraft/]: Waiting for player to load...
[21Jun2026 02:47:59.137] [Render thread/INFO] [net.minecraft.client.Minecraft/]: Waiting for overlay to disappear...
[21Jun2026 02:47:59.138] [Render thread/INFO] [net.minecraft.client.Minecraft/]: Waiting for player to load...
[21Jun2026 02:47:59.179] [Render thread/INFO] [net.minecraft.client.Minecraft/]: Waiting for overlay to disappear...
[21Jun2026 02:47:59.179] [Render thread/INFO] [net.minecraft.client.Minecraft/]: Waiting for player to load...
[21Jun2026 02:47:59.230] [Render thread/INFO] [net.minecraft.client.Minecraft/]: Waiting for overlay to disappear...
[21Jun2026 02:47:59.230] [Render thread/INFO] [net.minecraft.client.Minecraft/]: Waiting for player to load...
[21Jun2026 02:47:59.292] [Render thread/INFO] [net.minecraft.client.Minecraft/]: Waiting for overlay to disappear...
[21Jun2026 02:47:59.293] [Render thread/INFO] [net.minecraft.client.Minecraft/]: Waiting for player to load...
