[03:19:52] [main/WARNING] [Main]: Not running from the headlessmc-launcher-wrapper. No plugin support and in-memory launching.
Launching version fabric-loader-0.19.3-1.21.7, c81ac40c-5f81-4eea-934f-b296d4e4cc92
[03:19:52] [main/INFO] [XvfbService]: Running with xvfb
[03:19:52] [main/INFO] [LaunchOptions]: You are offline but running with xvfb, not using headless mode.
[03:19:53] [main/INFO] [Log4jPatcher]: Patching lookup in org/apache/logging/log4j/core/lookup/Interpolator
[03:19:53] [main/INFO] [Log4jPatcher]: Patching lookup in org/apache/logging/log4j/core/lookup/JndiLookup
[03:19:56] [main/INFO] [ParallelIOService]: Download took 2483.72797ms, parallel: true
[03:19:56] [main/INFO] [ProcessFactory]: Game will run in /home/runner/work/ModCompiler/ModCompiler/run
[03:20:04] [main/INFO]: Loading Minecraft 1.21.7 with Fabric Loader 0.19.3
[03:20:04] [main/INFO]: Fabric is preparing JARs on first launch, this may take a few seconds...
[03:20:04] [main/WARN]: Mod resolution failed
[03:20:04] [main/INFO]: Immediate reason: [HARD_DEP_INCOMPATIBLE_PRESELECTED pingfix 1.0.0 {depends minecraft @ [1.21]}, ROOT_FORCELOAD_SINGLE pingfix 1.0.0]
[03:20:04] [main/INFO]: Reason: [HARD_DEP pingfix 1.0.0 {depends minecraft @ [1.21]}, HARD_DEP pingfix 1.0.0 {depends fabric-api @ [*]}]
[03:20:04] [main/INFO]: Fix: add [add:fabric-api 1 ([(-∞,∞)])], remove [], replace [[minecraft 1.21.7] -> add:minecraft 1.21 ([[1.21,1.21]])]
[03:20:04] [main/ERROR]: Incompatible mods found!
net.fabricmc.loader.impl.FormattedException: Some of your mods are incompatible with the game or each other!
A potential solution has been determined, this may resolve your problem:
	 - Install fabric-api, any version.
	 - Replace 'Minecraft' (minecraft) 1.21.7 with version 1.21.
More details:
	 - Mod 'FIX MY PINGGGGG' (pingfix) 1.0.0 requires version 1.21 of 'Minecraft' (minecraft), but only the wrong version is present: 1.21.7!
	 - Mod 'FIX MY PINGGGGG' (pingfix) 1.0.0 requires any version of fabric-api, which is missing!
	at net.fabricmc.loader.impl.FormattedException.ofLocalized(FormattedException.java:51) ~[fabric-loader-0.19.3.jar:?]
	at net.fabricmc.loader.impl.FabricLoaderImpl.load(FabricLoaderImpl.java:202) ~[fabric-loader-0.19.3.jar:?]
	at net.fabricmc.loader.impl.launch.knot.Knot.init(Knot.java:142) ~[fabric-loader-0.19.3.jar:?]
	at net.fabricmc.loader.impl.launch.knot.Knot.launch(Knot.java:66) [fabric-loader-0.19.3.jar:?]
	at net.fabricmc.loader.impl.launch.knot.KnotClient.main(KnotClient.java:23) [fabric-loader-0.19.3.jar:?]
Minecraft exited with code: 1
[03:20:04] [main/INFO] [AbstractLaunchProcessLifecycle]: Deleting c81ac40c-5f81-4eea-934f-b296d4e4cc92
