Port versions to CurseForge	Set up job	﻿2026-05-01T05:43:40.0527048Z Current runner version: '2.334.0'
Port versions to CurseForge	Set up job	2026-05-01T05:43:40.0560242Z ##[group]Runner Image Provisioner
Port versions to CurseForge	Set up job	2026-05-01T05:43:40.0561691Z Hosted Compute Agent
Port versions to CurseForge	Set up job	2026-05-01T05:43:40.0562548Z Version: 20260213.493
Port versions to CurseForge	Set up job	2026-05-01T05:43:40.0563403Z Commit: 5c115507f6dd24b8de37d8bbe0bb4509d0cc0fa3
Port versions to CurseForge	Set up job	2026-05-01T05:43:40.0564534Z Build Date: 2026-02-13T00:28:41Z
Port versions to CurseForge	Set up job	2026-05-01T05:43:40.0565518Z Worker ID: {5758be7e-b3e3-4db1-8b47-003d25a081f3}
Port versions to CurseForge	Set up job	2026-05-01T05:43:40.0566534Z Azure Region: westcentralus
Port versions to CurseForge	Set up job	2026-05-01T05:43:40.0567464Z ##[endgroup]
Port versions to CurseForge	Set up job	2026-05-01T05:43:40.0569492Z ##[group]Operating System
Port versions to CurseForge	Set up job	2026-05-01T05:43:40.0570305Z Ubuntu
Port versions to CurseForge	Set up job	2026-05-01T05:43:40.0571068Z 24.04.4
Port versions to CurseForge	Set up job	2026-05-01T05:43:40.0571905Z LTS
Port versions to CurseForge	Set up job	2026-05-01T05:43:40.0572512Z ##[endgroup]
Port versions to CurseForge	Set up job	2026-05-01T05:43:40.0573363Z ##[group]Runner Image
Port versions to CurseForge	Set up job	2026-05-01T05:43:40.0574180Z Image: ubuntu-24.04
Port versions to CurseForge	Set up job	2026-05-01T05:43:40.0574987Z Version: 20260413.86.1
Port versions to CurseForge	Set up job	2026-05-01T05:43:40.0576507Z Included Software: https://github.com/actions/runner-images/blob/ubuntu24/20260413.86/images/ubuntu/Ubuntu2404-Readme.md
Port versions to CurseForge	Set up job	2026-05-01T05:43:40.0579094Z Image Release: https://github.com/actions/runner-images/releases/tag/ubuntu24%2F20260413.86
Port versions to CurseForge	Set up job	2026-05-01T05:43:40.0580512Z ##[endgroup]
Port versions to CurseForge	Set up job	2026-05-01T05:43:40.0582226Z ##[group]GITHUB_TOKEN Permissions
Port versions to CurseForge	Set up job	2026-05-01T05:43:40.0584770Z Contents: read
Port versions to CurseForge	Set up job	2026-05-01T05:43:40.0585578Z Metadata: read
Port versions to CurseForge	Set up job	2026-05-01T05:43:40.0586410Z ##[endgroup]
Port versions to CurseForge	Set up job	2026-05-01T05:43:40.0589476Z Secret source: Actions
Port versions to CurseForge	Set up job	2026-05-01T05:43:40.0590544Z Prepare workflow directory
Port versions to CurseForge	Set up job	2026-05-01T05:43:40.0966859Z Prepare all required actions
Port versions to CurseForge	Set up job	2026-05-01T05:43:40.1003283Z Getting action download info
Port versions to CurseForge	Set up job	2026-05-01T05:43:40.4815517Z Download action repository 'actions/checkout@v4' (SHA:34e114876b0b11c390a56381ad16ebd13914f8d5)
Port versions to CurseForge	Set up job	2026-05-01T05:43:40.6057936Z Download action repository 'actions/setup-python@v5' (SHA:a26af69be951a213d495a4c3e4e4022e16d87065)
Port versions to CurseForge	Set up job	2026-05-01T05:43:40.7523061Z Complete job name: Port versions to CurseForge
Port versions to CurseForge	Run actions/checkout@v4	﻿2026-05-01T05:43:40.8155047Z ##[group]Run actions/checkout@v4
Port versions to CurseForge	Run actions/checkout@v4	2026-05-01T05:43:40.8156032Z with:
Port versions to CurseForge	Run actions/checkout@v4	2026-05-01T05:43:40.8156604Z   repository: Sekai0NI0itamio/ModCompiler
Port versions to CurseForge	Run actions/checkout@v4	2026-05-01T05:43:40.8157492Z   token: ***
Port versions to CurseForge	Run actions/checkout@v4	2026-05-01T05:43:40.8158005Z   ssh-strict: true
Port versions to CurseForge	Run actions/checkout@v4	2026-05-01T05:43:40.8158508Z   ssh-user: git
Port versions to CurseForge	Run actions/checkout@v4	2026-05-01T05:43:40.8159018Z   persist-credentials: true
Port versions to CurseForge	Run actions/checkout@v4	2026-05-01T05:43:40.8159593Z   clean: true
Port versions to CurseForge	Run actions/checkout@v4	2026-05-01T05:43:40.8160142Z   sparse-checkout-cone-mode: true
Port versions to CurseForge	Run actions/checkout@v4	2026-05-01T05:43:40.8160722Z   fetch-depth: 1
Port versions to CurseForge	Run actions/checkout@v4	2026-05-01T05:43:40.8161670Z   fetch-tags: false
Port versions to CurseForge	Run actions/checkout@v4	2026-05-01T05:43:40.8162431Z   show-progress: true
Port versions to CurseForge	Run actions/checkout@v4	2026-05-01T05:43:40.8162997Z   lfs: false
Port versions to CurseForge	Run actions/checkout@v4	2026-05-01T05:43:40.8163509Z   submodules: false
Port versions to CurseForge	Run actions/checkout@v4	2026-05-01T05:43:40.8164135Z   set-safe-directory: true
Port versions to CurseForge	Run actions/checkout@v4	2026-05-01T05:43:40.8165291Z ##[endgroup]
Port versions to CurseForge	Run actions/checkout@v4	2026-05-01T05:43:40.9179584Z Syncing repository: Sekai0NI0itamio/ModCompiler
Port versions to CurseForge	Run actions/checkout@v4	2026-05-01T05:43:40.9181974Z ##[group]Getting Git version info
Port versions to CurseForge	Run actions/checkout@v4	2026-05-01T05:43:40.9182953Z Working directory is '/home/runner/work/ModCompiler/ModCompiler'
Port versions to CurseForge	Run actions/checkout@v4	2026-05-01T05:43:40.9184416Z [command]/usr/bin/git version
Port versions to CurseForge	Run actions/checkout@v4	2026-05-01T05:43:40.9204099Z git version 2.53.0
Port versions to CurseForge	Run actions/checkout@v4	2026-05-01T05:43:40.9226160Z ##[endgroup]
Port versions to CurseForge	Run actions/checkout@v4	2026-05-01T05:43:40.9246133Z Temporarily overriding HOME='/home/runner/work/_temp/c8c62d8b-9d5c-42bb-ab24-4cee3cef483e' before making global git config changes
Port versions to CurseForge	Run actions/checkout@v4	2026-05-01T05:43:40.9247674Z Adding repository directory to the temporary git global config as a safe directory
Port versions to CurseForge	Run actions/checkout@v4	2026-05-01T05:43:40.9250758Z [command]/usr/bin/git config --global --add safe.directory /home/runner/work/ModCompiler/ModCompiler
Port versions to CurseForge	Run actions/checkout@v4	2026-05-01T05:43:40.9277035Z Deleting the contents of '/home/runner/work/ModCompiler/ModCompiler'
Port versions to CurseForge	Run actions/checkout@v4	2026-05-01T05:43:40.9280084Z ##[group]Initializing the repository
Port versions to CurseForge	Run actions/checkout@v4	2026-05-01T05:43:40.9283861Z [command]/usr/bin/git init /home/runner/work/ModCompiler/ModCompiler
Port versions to CurseForge	Run actions/checkout@v4	2026-05-01T05:43:40.9370702Z hint: Using 'master' as the name for the initial branch. This default branch name
Port versions to CurseForge	Run actions/checkout@v4	2026-05-01T05:43:40.9372264Z hint: will change to "main" in Git 3.0. To configure the initial branch name
Port versions to CurseForge	Run actions/checkout@v4	2026-05-01T05:43:40.9373680Z hint: to use in all of your new repositories, which will suppress this warning,
Port versions to CurseForge	Run actions/checkout@v4	2026-05-01T05:43:40.9374832Z hint: call:
Port versions to CurseForge	Run actions/checkout@v4	2026-05-01T05:43:40.9375362Z hint:
Port versions to CurseForge	Run actions/checkout@v4	2026-05-01T05:43:40.9376247Z hint: 	git config --global init.defaultBranch <name>
Port versions to CurseForge	Run actions/checkout@v4	2026-05-01T05:43:40.9377002Z hint:
Port versions to CurseForge	Run actions/checkout@v4	2026-05-01T05:43:40.9377685Z hint: Names commonly chosen instead of 'master' are 'main', 'trunk' and
Port versions to CurseForge	Run actions/checkout@v4	2026-05-01T05:43:40.9378700Z hint: 'development'. The just-created branch can be renamed via this command:
Port versions to CurseForge	Run actions/checkout@v4	2026-05-01T05:43:40.9379525Z hint:
Port versions to CurseForge	Run actions/checkout@v4	2026-05-01T05:43:40.9380021Z hint: 	git branch -m <name>
Port versions to CurseForge	Run actions/checkout@v4	2026-05-01T05:43:40.9380579Z hint:
Port versions to CurseForge	Run actions/checkout@v4	2026-05-01T05:43:40.9381849Z hint: Disable this message with "git config set advice.defaultBranchName false"
Port versions to CurseForge	Run actions/checkout@v4	2026-05-01T05:43:40.9383023Z Initialized empty Git repository in /home/runner/work/ModCompiler/ModCompiler/.git/
Port versions to CurseForge	Run actions/checkout@v4	2026-05-01T05:43:40.9385206Z [command]/usr/bin/git remote add origin https://github.com/Sekai0NI0itamio/ModCompiler
Port versions to CurseForge	Run actions/checkout@v4	2026-05-01T05:43:40.9405877Z ##[endgroup]
Port versions to CurseForge	Run actions/checkout@v4	2026-05-01T05:43:40.9406854Z ##[group]Disabling automatic garbage collection
Port versions to CurseForge	Run actions/checkout@v4	2026-05-01T05:43:40.9409579Z [command]/usr/bin/git config --local gc.auto 0
Port versions to CurseForge	Run actions/checkout@v4	2026-05-01T05:43:40.9431592Z ##[endgroup]
Port versions to CurseForge	Run actions/checkout@v4	2026-05-01T05:43:40.9432500Z ##[group]Setting up auth
Port versions to CurseForge	Run actions/checkout@v4	2026-05-01T05:43:40.9437902Z [command]/usr/bin/git config --local --name-only --get-regexp core\.sshCommand
Port versions to CurseForge	Run actions/checkout@v4	2026-05-01T05:43:40.9460778Z [command]/usr/bin/git submodule foreach --recursive sh -c "git config --local --name-only --get-regexp 'core\.sshCommand' && git config --local --unset-all 'core.sshCommand' || :"
Port versions to CurseForge	Run actions/checkout@v4	2026-05-01T05:43:40.9691409Z [command]/usr/bin/git config --local --name-only --get-regexp http\.https\:\/\/github\.com\/\.extraheader
Port versions to CurseForge	Run actions/checkout@v4	2026-05-01T05:43:40.9817728Z [command]/usr/bin/git submodule foreach --recursive sh -c "git config --local --name-only --get-regexp 'http\.https\:\/\/github\.com\/\.extraheader' && git config --local --unset-all 'http.https://github.com/.extraheader' || :"
Port versions to CurseForge	Run actions/checkout@v4	2026-05-01T05:43:40.9886707Z [command]/usr/bin/git config --local --name-only --get-regexp ^includeIf\.gitdir:
Port versions to CurseForge	Run actions/checkout@v4	2026-05-01T05:43:40.9913073Z [command]/usr/bin/git submodule foreach --recursive git config --local --show-origin --name-only --get-regexp remote.origin.url
Port versions to CurseForge	Run actions/checkout@v4	2026-05-01T05:43:41.0075290Z [command]/usr/bin/git config --local http.https://github.com/.extraheader AUTHORIZATION: basic ***
Port versions to CurseForge	Run actions/checkout@v4	2026-05-01T05:43:41.0101347Z ##[endgroup]
Port versions to CurseForge	Run actions/checkout@v4	2026-05-01T05:43:41.0102393Z ##[group]Fetching the repository
Port versions to CurseForge	Run actions/checkout@v4	2026-05-01T05:43:41.0108993Z [command]/usr/bin/git -c protocol.version=2 fetch --no-tags --prune --no-recurse-submodules --depth=1 origin +53a5d980f0a5f0a125ecdede89ca6e60237c91c4:refs/remotes/origin/main
Port versions to CurseForge	Run actions/checkout@v4	2026-05-01T05:43:47.3865313Z From https://github.com/Sekai0NI0itamio/ModCompiler
Port versions to CurseForge	Run actions/checkout@v4	2026-05-01T05:43:47.3868066Z  * [new ref]             53a5d980f0a5f0a125ecdede89ca6e60237c91c4 -> origin/main
Port versions to CurseForge	Run actions/checkout@v4	2026-05-01T05:43:47.3889340Z ##[endgroup]
Port versions to CurseForge	Run actions/checkout@v4	2026-05-01T05:43:47.3890772Z ##[group]Determining the checkout info
Port versions to CurseForge	Run actions/checkout@v4	2026-05-01T05:43:47.3892414Z ##[endgroup]
Port versions to CurseForge	Run actions/checkout@v4	2026-05-01T05:43:47.3895604Z [command]/usr/bin/git sparse-checkout disable
Port versions to CurseForge	Run actions/checkout@v4	2026-05-01T05:43:47.3927663Z [command]/usr/bin/git config --local --unset-all extensions.worktreeConfig
Port versions to CurseForge	Run actions/checkout@v4	2026-05-01T05:43:47.3946917Z ##[group]Checking out the ref
Port versions to CurseForge	Run actions/checkout@v4	2026-05-01T05:43:47.3950016Z [command]/usr/bin/git checkout --progress --force -B main refs/remotes/origin/main
Port versions to CurseForge	Run actions/checkout@v4	2026-05-01T05:43:48.6446527Z Updating files:   3% (11500/318907)
Port versions to CurseForge	Run actions/checkout@v4	2026-05-01T05:43:48.7239288Z Updating files:   4% (12757/318907)
Port versions to CurseForge	Run actions/checkout@v4	2026-05-01T05:43:48.8035101Z Updating files:   5% (15946/318907)
Port versions to CurseForge	Run actions/checkout@v4	2026-05-01T05:43:48.8757589Z Updating files:   6% (19135/318907)
Port versions to CurseForge	Run actions/checkout@v4	2026-05-01T05:43:48.9512980Z Updating files:   7% (22324/318907)
Port versions to CurseForge	Run actions/checkout@v4	2026-05-01T05:43:49.0160739Z Updating files:   8% (25513/318907)
Port versions to CurseForge	Run actions/checkout@v4	2026-05-01T05:43:49.0840232Z Updating files:   9% (28702/318907)
Port versions to CurseForge	Run actions/checkout@v4	2026-05-01T05:43:49.1524333Z Updating files:  10% (31891/318907)
Port versions to CurseForge	Run actions/checkout@v4	2026-05-01T05:43:49.2178799Z Updating files:  11% (35080/318907)
Port versions to CurseForge	Run actions/checkout@v4	2026-05-01T05:43:49.2851389Z Updating files:  12% (38269/318907)
Port versions to CurseForge	Run actions/checkout@v4	2026-05-01T05:43:49.3481063Z Updating files:  13% (41458/318907)
Port versions to CurseForge	Run actions/checkout@v4	2026-05-01T05:43:49.4247422Z Updating files:  14% (44647/318907)
Port versions to CurseForge	Run actions/checkout@v4	2026-05-01T05:43:49.5004618Z Updating files:  15% (47837/318907)
Port versions to CurseForge	Run actions/checkout@v4	2026-05-01T05:43:49.5692292Z Updating files:  16% (51026/318907)
Port versions to CurseForge	Run actions/checkout@v4	2026-05-01T05:43:49.6169630Z Updating files:  17% (54215/318907)
Port versions to CurseForge	Run actions/checkout@v4	2026-05-01T05:43:49.6438416Z Updating files:  17% (56238/318907)
Port versions to CurseForge	Run actions/checkout@v4	2026-05-01T05:43:49.7233257Z Updating files:  18% (57404/318907)
Port versions to CurseForge	Run actions/checkout@v4	2026-05-01T05:43:49.7922319Z Updating files:  19% (60593/318907)
Port versions to CurseForge	Run actions/checkout@v4	2026-05-01T05:43:49.8634319Z Updating files:  20% (63782/318907)
Port versions to CurseForge	Run actions/checkout@v4	2026-05-01T05:43:49.9331074Z Updating files:  21% (66971/318907)
Port versions to CurseForge	Run actions/checkout@v4	2026-05-01T05:43:50.0055721Z Updating files:  22% (70160/318907)
Port versions to CurseForge	Run actions/checkout@v4	2026-05-01T05:43:50.0781653Z Updating files:  23% (73349/318907)
Port versions to CurseForge	Run actions/checkout@v4	2026-05-01T05:43:50.1492436Z Updating files:  24% (76538/318907)
Port versions to CurseForge	Run actions/checkout@v4	2026-05-01T05:43:50.2176922Z Updating files:  25% (79727/318907)
Port versions to CurseForge	Run actions/checkout@v4	2026-05-01T05:43:50.2924468Z Updating files:  26% (82916/318907)
Port versions to CurseForge	Run actions/checkout@v4	2026-05-01T05:43:50.3628433Z Updating files:  27% (86105/318907)
Port versions to CurseForge	Run actions/checkout@v4	2026-05-01T05:43:50.4315320Z Updating files:  28% (89294/318907)
Port versions to CurseForge	Run actions/checkout@v4	2026-05-01T05:43:50.5639103Z Updating files:  29% (92484/318907)
Port versions to CurseForge	Run actions/checkout@v4	2026-05-01T05:43:50.6145236Z Updating files:  30% (95673/318907)
Port versions to CurseForge	Run actions/checkout@v4	2026-05-01T05:43:50.6876343Z Updating files:  30% (96699/318907)
Port versions to CurseForge	Run actions/checkout@v4	2026-05-01T05:43:50.7710001Z Updating files:  31% (98862/318907)
Port versions to CurseForge	Run actions/checkout@v4	2026-05-01T05:43:50.8652321Z Updating files:  32% (102051/318907)
Port versions to CurseForge	Run actions/checkout@v4	2026-05-01T05:43:50.9970662Z Updating files:  33% (105240/318907)
Port versions to CurseForge	Run actions/checkout@v4	2026-05-01T05:43:51.2551017Z Updating files:  34% (108429/318907)
Port versions to CurseForge	Run actions/checkout@v4	2026-05-01T05:43:51.3288738Z Updating files:  35% (111618/318907)
Port versions to CurseForge	Run actions/checkout@v4	2026-05-01T05:43:51.4058898Z Updating files:  36% (114807/318907)
Port versions to CurseForge	Run actions/checkout@v4	2026-05-01T05:43:51.4816689Z Updating files:  37% (117996/318907)
Port versions to CurseForge	Run actions/checkout@v4	2026-05-01T05:43:51.5701931Z Updating files:  38% (121185/318907)
Port versions to CurseForge	Run actions/checkout@v4	2026-05-01T05:43:51.6145960Z Updating files:  39% (124374/318907)
Port versions to CurseForge	Run actions/checkout@v4	2026-05-01T05:43:51.6538739Z Updating files:  39% (126052/318907)
Port versions to CurseForge	Run actions/checkout@v4	2026-05-01T05:43:51.7300229Z Updating files:  40% (127563/318907)
Port versions to CurseForge	Run actions/checkout@v4	2026-05-01T05:43:51.8009809Z Updating files:  41% (130752/318907)
Port versions to CurseForge	Run actions/checkout@v4	2026-05-01T05:43:51.8795553Z Updating files:  42% (133941/318907)
Port versions to CurseForge	Run actions/checkout@v4	2026-05-01T05:43:51.9655013Z Updating files:  43% (137131/318907)
Port versions to CurseForge	Run actions/checkout@v4	2026-05-01T05:43:52.0366343Z Updating files:  44% (140320/318907)
Port versions to CurseForge	Run actions/checkout@v4	2026-05-01T05:43:52.2850903Z Updating files:  45% (143509/318907)
Port versions to CurseForge	Run actions/checkout@v4	2026-05-01T05:43:52.3595466Z Updating files:  46% (146698/318907)
Port versions to CurseForge	Run actions/checkout@v4	2026-05-01T05:43:52.4257125Z Updating files:  47% (149887/318907)
Port versions to CurseForge	Run actions/checkout@v4	2026-05-01T05:43:52.4988829Z Updating files:  48% (153076/318907)
Port versions to CurseForge	Run actions/checkout@v4	2026-05-01T05:43:52.5639027Z Updating files:  49% (156265/318907)
Port versions to CurseForge	Run actions/checkout@v4	2026-05-01T05:43:52.6144151Z Updating files:  50% (159454/318907)
Port versions to CurseForge	Run actions/checkout@v4	2026-05-01T05:43:52.6506311Z Updating files:  50% (161792/318907)
Port versions to CurseForge	Run actions/checkout@v4	2026-05-01T05:43:52.9302218Z Updating files:  51% (162643/318907)
Port versions to CurseForge	Run actions/checkout@v4	2026-05-01T05:43:52.9965855Z Updating files:  52% (165832/318907)
Port versions to CurseForge	Run actions/checkout@v4	2026-05-01T05:43:53.0592042Z Updating files:  53% (169021/318907)
Port versions to CurseForge	Run actions/checkout@v4	2026-05-01T05:43:53.1237538Z Updating files:  54% (172210/318907)
Port versions to CurseForge	Run actions/checkout@v4	2026-05-01T05:43:53.2042522Z Updating files:  55% (175399/318907)
Port versions to CurseForge	Run actions/checkout@v4	2026-05-01T05:43:53.2665726Z Updating files:  56% (178588/318907)
Port versions to CurseForge	Run actions/checkout@v4	2026-05-01T05:43:53.3311676Z Updating files:  57% (181777/318907)
Port versions to CurseForge	Run actions/checkout@v4	2026-05-01T05:43:53.3933845Z Updating files:  58% (184967/318907)
Port versions to CurseForge	Run actions/checkout@v4	2026-05-01T05:43:53.4589540Z Updating files:  59% (188156/318907)
Port versions to CurseForge	Run actions/checkout@v4	2026-05-01T05:43:53.5206006Z Updating files:  60% (191345/318907)
Port versions to CurseForge	Run actions/checkout@v4	2026-05-01T05:43:53.7390262Z Updating files:  61% (194534/318907)
Port versions to CurseForge	Run actions/checkout@v4	2026-05-01T05:43:53.7671618Z Updating files:  61% (196480/318907)
Port versions to CurseForge	Run actions/checkout@v4	2026-05-01T05:43:53.8591019Z Updating files:  62% (197723/318907)
Port versions to CurseForge	Run actions/checkout@v4	2026-05-01T05:43:53.9460399Z Updating files:  63% (200912/318907)
Port versions to CurseForge	Run actions/checkout@v4	2026-05-01T05:43:54.0260552Z Updating files:  64% (204101/318907)
Port versions to CurseForge	Run actions/checkout@v4	2026-05-01T05:43:54.0943809Z Updating files:  65% (207290/318907)
Port versions to CurseForge	Run actions/checkout@v4	2026-05-01T05:43:54.1585324Z Updating files:  66% (210479/318907)
Port versions to CurseForge	Run actions/checkout@v4	2026-05-01T05:43:54.3407543Z Updating files:  67% (213668/318907)
Port versions to CurseForge	Run actions/checkout@v4	2026-05-01T05:43:54.4085923Z Updating files:  68% (216857/318907)
Port versions to CurseForge	Run actions/checkout@v4	2026-05-01T05:43:54.4741534Z Updating files:  69% (220046/318907)
Port versions to CurseForge	Run actions/checkout@v4	2026-05-01T05:43:54.5540701Z Updating files:  70% (223235/318907)
Port versions to CurseForge	Run actions/checkout@v4	2026-05-01T05:43:54.7738697Z Updating files:  71% (226424/318907)
Port versions to CurseForge	Run actions/checkout@v4	2026-05-01T05:43:54.8352537Z Updating files:  71% (227320/318907)
Port versions to CurseForge	Run actions/checkout@v4	2026-05-01T05:43:54.9052986Z Updating files:  72% (229614/318907)
Port versions to CurseForge	Run actions/checkout@v4	2026-05-01T05:43:54.9747454Z Updating files:  73% (232803/318907)
Port versions to CurseForge	Run actions/checkout@v4	2026-05-01T05:43:55.0425648Z Updating files:  74% (235992/318907)
Port versions to CurseForge	Run actions/checkout@v4	2026-05-01T05:43:55.1093661Z Updating files:  75% (239181/318907)
Port versions to CurseForge	Run actions/checkout@v4	2026-05-01T05:43:55.1750468Z Updating files:  76% (242370/318907)
Port versions to CurseForge	Run actions/checkout@v4	2026-05-01T05:43:55.2469194Z Updating files:  77% (245559/318907)
Port versions to CurseForge	Run actions/checkout@v4	2026-05-01T05:43:55.3564061Z Updating files:  78% (248748/318907)
Port versions to CurseForge	Run actions/checkout@v4	2026-05-01T05:43:55.4403327Z Updating files:  79% (251937/318907)
Port versions to CurseForge	Run actions/checkout@v4	2026-05-01T05:43:55.5217619Z Updating files:  80% (255126/318907)
Port versions to CurseForge	Run actions/checkout@v4	2026-05-01T05:43:55.6773313Z Updating files:  81% (258315/318907)
Port versions to CurseForge	Run actions/checkout@v4	2026-05-01T05:43:55.7147066Z Updating files:  81% (260195/318907)
Port versions to CurseForge	Run actions/checkout@v4	2026-05-01T05:43:55.8209521Z Updating files:  82% (261504/318907)
Port versions to CurseForge	Run actions/checkout@v4	2026-05-01T05:43:55.9247722Z Updating files:  83% (264693/318907)
Port versions to CurseForge	Run actions/checkout@v4	2026-05-01T05:43:56.1209851Z Updating files:  84% (267882/318907)
Port versions to CurseForge	Run actions/checkout@v4	2026-05-01T05:43:56.2061896Z Updating files:  85% (271071/318907)
Port versions to CurseForge	Run actions/checkout@v4	2026-05-01T05:43:56.2972685Z Updating files:  86% (274261/318907)
Port versions to CurseForge	Run actions/checkout@v4	2026-05-01T05:43:56.4723911Z Updating files:  87% (277450/318907)
Port versions to CurseForge	Run actions/checkout@v4	2026-05-01T05:43:56.5584603Z Updating files:  88% (280639/318907)
Port versions to CurseForge	Run actions/checkout@v4	2026-05-01T05:43:56.6144269Z Updating files:  89% (283828/318907)
Port versions to CurseForge	Run actions/checkout@v4	2026-05-01T05:43:56.6340371Z Updating files:  89% (286136/318907)
Port versions to CurseForge	Run actions/checkout@v4	2026-05-01T05:43:56.8089852Z Updating files:  90% (287017/318907)
Port versions to CurseForge	Run actions/checkout@v4	2026-05-01T05:43:56.8879098Z Updating files:  91% (290206/318907)
Port versions to CurseForge	Run actions/checkout@v4	2026-05-01T05:43:56.9681728Z Updating files:  92% (293395/318907)
Port versions to CurseForge	Run actions/checkout@v4	2026-05-01T05:43:57.0379619Z Updating files:  93% (296584/318907)
Port versions to CurseForge	Run actions/checkout@v4	2026-05-01T05:43:57.1152579Z Updating files:  94% (299773/318907)
Port versions to CurseForge	Run actions/checkout@v4	2026-05-01T05:43:57.1912105Z Updating files:  95% (302962/318907)
Port versions to CurseForge	Run actions/checkout@v4	2026-05-01T05:43:57.2627160Z Updating files:  96% (306151/318907)
Port versions to CurseForge	Run actions/checkout@v4	2026-05-01T05:43:57.4476892Z Updating files:  97% (309340/318907)
Port versions to CurseForge	Run actions/checkout@v4	2026-05-01T05:43:57.6779053Z Updating files:  98% (312529/318907)
Port versions to CurseForge	Run actions/checkout@v4	2026-05-01T05:43:57.7228713Z Updating files:  98% (314598/318907)
Port versions to CurseForge	Run actions/checkout@v4	2026-05-01T05:43:58.1871971Z Updating files:  99% (315718/318907)
Port versions to CurseForge	Run actions/checkout@v4	2026-05-01T05:43:58.1872609Z Updating files: 100% (318907/318907)
Port versions to CurseForge	Run actions/checkout@v4	2026-05-01T05:43:58.1873071Z Updating files: 100% (318907/318907), done.
Port versions to CurseForge	Run actions/checkout@v4	2026-05-01T05:43:58.5561586Z Switched to a new branch 'main'
Port versions to CurseForge	Run actions/checkout@v4	2026-05-01T05:43:58.5562167Z branch 'main' set up to track 'origin/main'.
Port versions to CurseForge	Run actions/checkout@v4	2026-05-01T05:43:58.5648216Z ##[endgroup]
Port versions to CurseForge	Run actions/checkout@v4	2026-05-01T05:43:58.5684400Z [command]/usr/bin/git log -1 --format=%H
Port versions to CurseForge	Run actions/checkout@v4	2026-05-01T05:43:58.5702102Z 53a5d980f0a5f0a125ecdede89ca6e60237c91c4
Port versions to CurseForge	Run actions/setup-python@v5	﻿2026-05-01T05:43:58.5899652Z ##[group]Run actions/setup-python@v5
Port versions to CurseForge	Run actions/setup-python@v5	2026-05-01T05:43:58.5899920Z with:
Port versions to CurseForge	Run actions/setup-python@v5	2026-05-01T05:43:58.5900115Z   python-version: 3.12
Port versions to CurseForge	Run actions/setup-python@v5	2026-05-01T05:43:58.5900331Z   check-latest: false
Port versions to CurseForge	Run actions/setup-python@v5	2026-05-01T05:43:58.5900667Z   token: ***
Port versions to CurseForge	Run actions/setup-python@v5	2026-05-01T05:43:58.5900863Z   update-environment: true
Port versions to CurseForge	Run actions/setup-python@v5	2026-05-01T05:43:58.5901266Z   allow-prereleases: false
Port versions to CurseForge	Run actions/setup-python@v5	2026-05-01T05:43:58.5901544Z   freethreaded: false
Port versions to CurseForge	Run actions/setup-python@v5	2026-05-01T05:43:58.5901751Z ##[endgroup]
Port versions to CurseForge	Run actions/setup-python@v5	2026-05-01T05:43:58.7460094Z ##[group]Installed versions
Port versions to CurseForge	Run actions/setup-python@v5	2026-05-01T05:43:58.7551355Z Successfully set up CPython (3.12.13)
Port versions to CurseForge	Run actions/setup-python@v5	2026-05-01T05:43:58.7552125Z ##[endgroup]
Port versions to CurseForge	Mask secrets	﻿2026-05-01T05:43:58.7647599Z ##[group]Run if [ -n "$MODRINTH_TOKEN" ];   then echo "::add-mask::$MODRINTH_TOKEN";   fi
Port versions to CurseForge	Mask secrets	2026-05-01T05:43:58.7648292Z [36;1mif [ -n "$MODRINTH_TOKEN" ];   then echo "::add-mask::$MODRINTH_TOKEN";   fi[0m
Port versions to CurseForge	Mask secrets	2026-05-01T05:43:58.7648888Z [36;1mif [ -n "$CURSEFORGE_TOKEN" ]; then echo "::add-mask::$CURSEFORGE_TOKEN"; fi[0m
Port versions to CurseForge	Mask secrets	2026-05-01T05:43:58.7779981Z shell: /usr/bin/bash --noprofile --norc -e -o pipefail {0}
Port versions to CurseForge	Mask secrets	2026-05-01T05:43:58.7780321Z env:
Port versions to CurseForge	Mask secrets	2026-05-01T05:43:58.7780582Z   pythonLocation: /opt/hostedtoolcache/Python/3.12.13/x64
Port versions to CurseForge	Mask secrets	2026-05-01T05:43:58.7780984Z   PKG_CONFIG_PATH: /opt/hostedtoolcache/Python/3.12.13/x64/lib/pkgconfig
Port versions to CurseForge	Mask secrets	2026-05-01T05:43:58.7781704Z   Python_ROOT_DIR: /opt/hostedtoolcache/Python/3.12.13/x64
Port versions to CurseForge	Mask secrets	2026-05-01T05:43:58.7782068Z   Python2_ROOT_DIR: /opt/hostedtoolcache/Python/3.12.13/x64
Port versions to CurseForge	Mask secrets	2026-05-01T05:43:58.7782428Z   Python3_ROOT_DIR: /opt/hostedtoolcache/Python/3.12.13/x64
Port versions to CurseForge	Mask secrets	2026-05-01T05:43:58.7782784Z   LD_LIBRARY_PATH: /opt/hostedtoolcache/Python/3.12.13/x64/lib
Port versions to CurseForge	Mask secrets	2026-05-01T05:43:58.7783544Z   MODRINTH_TOKEN: ***
Port versions to CurseForge	Mask secrets	2026-05-01T05:43:58.7783874Z   CURSEFORGE_TOKEN: ***
Port versions to CurseForge	Mask secrets	2026-05-01T05:43:58.7784080Z ##[endgroup]
Port versions to CurseForge	Diff and upload	﻿2026-05-01T05:43:58.7876454Z ##[group]Run python3 - <<'PY'
Port versions to CurseForge	Diff and upload	2026-05-01T05:43:58.7877277Z [36;1mpython3 - <<'PY'[0m
Port versions to CurseForge	Diff and upload	2026-05-01T05:43:58.7877689Z [36;1mimport json, os, re, sys, tempfile, time, urllib.error, urllib.parse, urllib.request, uuid[0m
Port versions to CurseForge	Diff and upload	2026-05-01T05:43:58.7878109Z [36;1mfrom pathlib import Path[0m
Port versions to CurseForge	Diff and upload	2026-05-01T05:43:58.7878341Z [36;1m[0m
Port versions to CurseForge	Diff and upload	2026-05-01T05:43:58.7878589Z [36;1m# ----------------------------------------------------------------[0m
Port versions to CurseForge	Diff and upload	2026-05-01T05:43:58.7878899Z [36;1m# Config[0m
Port versions to CurseForge	Diff and upload	2026-05-01T05:43:58.7879145Z [36;1m# ----------------------------------------------------------------[0m
Port versions to CurseForge	Diff and upload	2026-05-01T05:43:58.7879540Z [36;1mMODRINTH_API      = "https://api.modrinth.com/v2"[0m
Port versions to CurseForge	Diff and upload	2026-05-01T05:43:58.7879979Z [36;1mCURSEFORGE_API    = "https://minecraft.curseforge.com"   # upload endpoint[0m
Port versions to CurseForge	Diff and upload	2026-05-01T05:43:58.7880468Z [36;1mUSER_AGENT        = "ModCompilerPortScript/1.0 (github.com/modcompiler)"[0m
Port versions to CurseForge	Diff and upload	2026-05-01T05:43:58.7880824Z [36;1m[0m
Port versions to CurseForge	Diff and upload	2026-05-01T05:43:58.7881252Z [36;1mMODRINTH_TOKEN   = os.environ.get("MODRINTH_TOKEN", "").strip()[0m
Port versions to CurseForge	Diff and upload	2026-05-01T05:43:58.7881746Z [36;1mCURSEFORGE_TOKEN = os.environ.get("CURSEFORGE_TOKEN", "").strip()[0m
Port versions to CurseForge	Diff and upload	2026-05-01T05:43:58.7882226Z [36;1mDRY_RUN          = os.environ.get("DRY_RUN", "false").strip().lower() in {"true", "1", "yes"}[0m
Port versions to CurseForge	Diff and upload	2026-05-01T05:43:58.7882603Z [36;1m[0m
Port versions to CurseForge	Diff and upload	2026-05-01T05:43:58.7882795Z [36;1mif not CURSEFORGE_TOKEN:[0m
Port versions to CurseForge	Diff and upload	2026-05-01T05:43:58.7883158Z [36;1m    sys.exit("[ERROR] CURSEFORGE_TOKEN secret is not set on this repository.")[0m
Port versions to CurseForge	Diff and upload	2026-05-01T05:43:58.7883526Z [36;1m[0m
Port versions to CurseForge	Diff and upload	2026-05-01T05:43:58.7883804Z [36;1m# Loader name mapping: Modrinth (lowercase) -> CurseForge display name[0m
Port versions to CurseForge	Diff and upload	2026-05-01T05:43:58.7884306Z [36;1mLOADER_MAP = {"forge": "Forge", "fabric": "Fabric", "neoforge": "NeoForge", "quilt": "Quilt"}[0m
Port versions to CurseForge	Diff and upload	2026-05-01T05:43:58.7884803Z [36;1mKNOWN_LOADERS = set(LOADER_MAP.values()) | {"liteloader", "rift"}[0m
Port versions to CurseForge	Diff and upload	2026-05-01T05:43:58.7885135Z [36;1m[0m
Port versions to CurseForge	Diff and upload	2026-05-01T05:43:58.7885416Z [36;1mRELEASE_TYPE_MAP = {"release": "release", "beta": "beta", "alpha": "alpha"}[0m
Port versions to CurseForge	Diff and upload	2026-05-01T05:43:58.7885769Z [36;1m[0m
Port versions to CurseForge	Diff and upload	2026-05-01T05:43:58.7886089Z [36;1m# Fixed CurseForge loader version IDs (from official API docs — these never change)[0m
Port versions to CurseForge	Diff and upload	2026-05-01T05:43:58.7886593Z [36;1m# Source: https://wiki.devnemo.com/third-party/curseforge-upload-api[0m
Port versions to CurseForge	Diff and upload	2026-05-01T05:43:58.7886955Z [36;1mCF_LOADER_IDS = {[0m
Port versions to CurseForge	Diff and upload	2026-05-01T05:43:58.7887184Z [36;1m    "fabric":   7499,[0m
Port versions to CurseForge	Diff and upload	2026-05-01T05:43:58.7887413Z [36;1m    "forge":    7498,[0m
Port versions to CurseForge	Diff and upload	2026-05-01T05:43:58.7887630Z [36;1m    "neoforge": 10150,[0m
Port versions to CurseForge	Diff and upload	2026-05-01T05:43:58.7887868Z [36;1m    "quilt":    9153,[0m
Port versions to CurseForge	Diff and upload	2026-05-01T05:43:58.7888093Z [36;1m    "liteloader": 5000,[0m
Port versions to CurseForge	Diff and upload	2026-05-01T05:43:58.7888305Z [36;1m}[0m
Port versions to CurseForge	Diff and upload	2026-05-01T05:43:58.7888475Z [36;1m[0m
Port versions to CurseForge	Diff and upload	2026-05-01T05:43:58.7888729Z [36;1m# gameVersionTypeID for Minecraft versions on CurseForge[0m
Port versions to CurseForge	Diff and upload	2026-05-01T05:43:58.7889127Z [36;1m# All MC versions share type 1 (the main Minecraft game type)[0m
Port versions to CurseForge	Diff and upload	2026-05-01T05:43:58.7889473Z [36;1m# Loaders use gameVersionTypeID 68441[0m
Port versions to CurseForge	Diff and upload	2026-05-01T05:43:58.7889749Z [36;1mCF_LOADER_TYPE_ID = 68441[0m
Port versions to CurseForge	Diff and upload	2026-05-01T05:43:58.7889971Z [36;1m[0m
Port versions to CurseForge	Diff and upload	2026-05-01T05:43:58.7890205Z [36;1m# ----------------------------------------------------------------[0m
Port versions to CurseForge	Diff and upload	2026-05-01T05:43:58.7890529Z [36;1m# Helpers: URL normalisation[0m
Port versions to CurseForge	Diff and upload	2026-05-01T05:43:58.7890826Z [36;1m# ----------------------------------------------------------------[0m
Port versions to CurseForge	Diff and upload	2026-05-01T05:43:58.7891279Z [36;1mdef modrinth_ref(url: str) -> str:[0m
Port versions to CurseForge	Diff and upload	2026-05-01T05:43:58.7891555Z [36;1m    url = url.strip().rstrip("/")[0m
Port versions to CurseForge	Diff and upload	2026-05-01T05:43:58.7891997Z [36;1m    m = re.search(r"modrinth\.com/(?:mod|plugin|resourcepack|shader|datapack|modpack)/([^/?#]+)", url)[0m
Port versions to CurseForge	Diff and upload	2026-05-01T05:43:58.7892443Z [36;1m    return m.group(1) if m else url[0m
Port versions to CurseForge	Diff and upload	2026-05-01T05:43:58.7892694Z [36;1m[0m
Port versions to CurseForge	Diff and upload	2026-05-01T05:43:58.7893092Z [36;1mdef curseforge_project_id(url: str) -> str:[0m
Port versions to CurseForge	Diff and upload	2026-05-01T05:43:58.7893420Z [36;1m    url = url.strip().rstrip("/")[0m
Port versions to CurseForge	Diff and upload	2026-05-01T05:43:58.7893746Z [36;1m    m = re.search(r"curseforge\.com/minecraft/mc-mods/([^/?#]+)", url)[0m
Port versions to CurseForge	Diff and upload	2026-05-01T05:43:58.7894218Z [36;1m    return m.group(1) if m else url[0m
Port versions to CurseForge	Diff and upload	2026-05-01T05:43:58.7894464Z [36;1m[0m
Port versions to CurseForge	Diff and upload	2026-05-01T05:43:58.7894693Z [36;1m# ----------------------------------------------------------------[0m
Port versions to CurseForge	Diff and upload	2026-05-01T05:43:58.7895004Z [36;1m# Helpers: HTTP[0m
Port versions to CurseForge	Diff and upload	2026-05-01T05:43:58.7895277Z [36;1m# ----------------------------------------------------------------[0m
Port versions to CurseForge	Diff and upload	2026-05-01T05:43:58.7895739Z [36;1mdef _get(base: str, path: str, token: str | None, extra_headers: dict | None = None) -> object:[0m
Port versions to CurseForge	Diff and upload	2026-05-01T05:43:58.7896140Z [36;1m    url = base + path[0m
Port versions to CurseForge	Diff and upload	2026-05-01T05:43:58.7896471Z [36;1m    headers = {"User-Agent": USER_AGENT, "Accept": "application/json"}[0m
Port versions to CurseForge	Diff and upload	2026-05-01T05:43:58.7896812Z [36;1m    if token:[0m
Port versions to CurseForge	Diff and upload	2026-05-01T05:43:58.7897128Z [36;1m        key = "Authorization" if base == MODRINTH_API else "X-Api-Token"[0m
Port versions to CurseForge	Diff and upload	2026-05-01T05:43:58.7897483Z [36;1m        headers[key] = token[0m
Port versions to CurseForge	Diff and upload	2026-05-01T05:43:58.7897729Z [36;1m    if extra_headers:[0m
Port versions to CurseForge	Diff and upload	2026-05-01T05:43:58.7897985Z [36;1m        headers.update(extra_headers)[0m
Port versions to CurseForge	Diff and upload	2026-05-01T05:43:58.7898308Z [36;1m    req = urllib.request.Request(url, headers=headers)[0m
Port versions to CurseForge	Diff and upload	2026-05-01T05:43:58.7898623Z [36;1m    for attempt in range(1, 6):[0m
Port versions to CurseForge	Diff and upload	2026-05-01T05:43:58.7898862Z [36;1m        try:[0m
Port versions to CurseForge	Diff and upload	2026-05-01T05:43:58.7899130Z [36;1m            with urllib.request.urlopen(req, timeout=30) as r:[0m
Port versions to CurseForge	Diff and upload	2026-05-01T05:43:58.7899540Z [36;1m                return json.loads(r.read().decode("utf-8", errors="replace"))[0m
Port versions to CurseForge	Diff and upload	2026-05-01T05:43:58.7899921Z [36;1m        except urllib.error.HTTPError as e:[0m
Port versions to CurseForge	Diff and upload	2026-05-01T05:43:58.7900257Z [36;1m            body = e.read().decode("utf-8", errors="replace")[:300][0m
Port versions to CurseForge	Diff and upload	2026-05-01T05:43:58.7900573Z [36;1m            if e.code == 404:[0m
Port versions to CurseForge	Diff and upload	2026-05-01T05:43:58.7900873Z [36;1m                sys.exit(f"[ERROR] Not found (HTTP 404): {url}")[0m
Port versions to CurseForge	Diff and upload	2026-05-01T05:43:58.7901462Z [36;1m            if e.code in {429, 500, 502, 503, 504} and attempt < 5:[0m
Port versions to CurseForge	Diff and upload	2026-05-01T05:43:58.7901794Z [36;1m                time.sleep(2 ** attempt)[0m
Port versions to CurseForge	Diff and upload	2026-05-01T05:43:58.7902057Z [36;1m                continue[0m
Port versions to CurseForge	Diff and upload	2026-05-01T05:43:58.7902348Z [36;1m            sys.exit(f"[ERROR] HTTP {e.code}: {url}\n{body}")[0m
Port versions to CurseForge	Diff and upload	2026-05-01T05:43:58.7902685Z [36;1m        except urllib.error.URLError as e:[0m
Port versions to CurseForge	Diff and upload	2026-05-01T05:43:58.7902969Z [36;1m            if attempt < 5:[0m
Port versions to CurseForge	Diff and upload	2026-05-01T05:43:58.7903237Z [36;1m                time.sleep(2 ** attempt)[0m
Port versions to CurseForge	Diff and upload	2026-05-01T05:43:58.7903499Z [36;1m                continue[0m
Port versions to CurseForge	Diff and upload	2026-05-01T05:43:58.7903791Z [36;1m            sys.exit(f"[ERROR] Network error: {e.reason}")[0m
Port versions to CurseForge	Diff and upload	2026-05-01T05:43:58.7904159Z [36;1m    sys.exit("[ERROR] API request failed after retries.")[0m
Port versions to CurseForge	Diff and upload	2026-05-01T05:43:58.7904460Z [36;1m[0m
Port versions to CurseForge	Diff and upload	2026-05-01T05:43:58.7904675Z [36;1mdef modrinth_get(path: str) -> object:[0m
Port versions to CurseForge	Diff and upload	2026-05-01T05:43:58.7905025Z [36;1m    return _get(MODRINTH_API, path, MODRINTH_TOKEN or None)[0m
Port versions to CurseForge	Diff and upload	2026-05-01T05:43:58.7905323Z [36;1m[0m
Port versions to CurseForge	Diff and upload	2026-05-01T05:43:58.7905521Z [36;1mdef curseforge_get(path: str) -> object:[0m
Port versions to CurseForge	Diff and upload	2026-05-01T05:43:58.7905857Z [36;1m    return _get(CURSEFORGE_API, path, CURSEFORGE_TOKEN)[0m
Port versions to CurseForge	Diff and upload	2026-05-01T05:43:58.7906146Z [36;1m[0m
Port versions to CurseForge	Diff and upload	2026-05-01T05:43:58.7906370Z [36;1mdef resolve_cf_numeric_id(slug_or_id: str) -> str:[0m
Port versions to CurseForge	Diff and upload	2026-05-01T05:43:58.7906778Z [36;1m    """Validate we have a numeric project ID — the upload API requires it."""[0m
Port versions to CurseForge	Diff and upload	2026-05-01T05:43:58.7907149Z [36;1m    if slug_or_id.isdigit():[0m
Port versions to CurseForge	Diff and upload	2026-05-01T05:43:58.7907384Z [36;1m        return slug_or_id[0m
Port versions to CurseForge	Diff and upload	2026-05-01T05:43:58.7907615Z [36;1m    sys.exit([0m
Port versions to CurseForge	Diff and upload	2026-05-01T05:43:58.7907905Z [36;1m        f"[ERROR] '{slug_or_id}' is a slug, not a numeric project ID.\n"[0m
Port versions to CurseForge	Diff and upload	2026-05-01T05:43:58.7908359Z [36;1m        f"Find the numeric ID in the right sidebar of your CurseForge project page\n"[0m
Port versions to CurseForge	Diff and upload	2026-05-01T05:43:58.7908918Z [36;1m        f"under 'Project ID: XXXXXXX', then pass that number instead."[0m
Port versions to CurseForge	Diff and upload	2026-05-01T05:43:58.7909250Z [36;1m    )[0m
Port versions to CurseForge	Diff and upload	2026-05-01T05:43:58.7909427Z [36;1m[0m
Port versions to CurseForge	Diff and upload	2026-05-01T05:43:58.7909753Z [36;1mdef download_file(url: str, dest: Path) -> None:[0m
Port versions to CurseForge	Diff and upload	2026-05-01T05:43:58.7910149Z [36;1m    req = urllib.request.Request(url, headers={"User-Agent": USER_AGENT})[0m
Port versions to CurseForge	Diff and upload	2026-05-01T05:43:58.7910521Z [36;1m    for attempt in range(1, 4):[0m
Port versions to CurseForge	Diff and upload	2026-05-01T05:43:58.7910764Z [36;1m        try:[0m
Port versions to CurseForge	Diff and upload	2026-05-01T05:43:58.7911030Z [36;1m            with urllib.request.urlopen(req, timeout=120) as r:[0m
Port versions to CurseForge	Diff and upload	2026-05-01T05:43:58.7911529Z [36;1m                dest.write_bytes(r.read())[0m
Port versions to CurseForge	Diff and upload	2026-05-01T05:43:58.7911804Z [36;1m            return[0m
Port versions to CurseForge	Diff and upload	2026-05-01T05:43:58.7912050Z [36;1m        except urllib.error.URLError as e:[0m
Port versions to CurseForge	Diff and upload	2026-05-01T05:43:58.7912332Z [36;1m            if attempt < 3:[0m
Port versions to CurseForge	Diff and upload	2026-05-01T05:43:58.7912580Z [36;1m                time.sleep(3)[0m
Port versions to CurseForge	Diff and upload	2026-05-01T05:43:58.7912822Z [36;1m                continue[0m
Port versions to CurseForge	Diff and upload	2026-05-01T05:43:58.7913123Z [36;1m            sys.exit(f"[ERROR] Download failed {url}: {e.reason}")[0m
Port versions to CurseForge	Diff and upload	2026-05-01T05:43:58.7913432Z [36;1m[0m
Port versions to CurseForge	Diff and upload	2026-05-01T05:43:58.7913753Z [36;1mdef curseforge_upload(project_id: str, metadata: dict, jar_path: Path) -> int:[0m
Port versions to CurseForge	Diff and upload	2026-05-01T05:43:58.7914168Z [36;1m    boundary = f"cfport-{uuid.uuid4().hex}"[0m
Port versions to CurseForge	Diff and upload	2026-05-01T05:43:58.7914444Z [36;1m    body = bytearray()[0m
Port versions to CurseForge	Diff and upload	2026-05-01T05:43:58.7914664Z [36;1m[0m
Port versions to CurseForge	Diff and upload	2026-05-01T05:43:58.7914890Z [36;1m    meta_bytes = json.dumps(metadata).encode("utf-8")[0m
Port versions to CurseForge	Diff and upload	2026-05-01T05:43:58.7915213Z [36;1m    body += f"--{boundary}\r\n".encode()[0m
Port versions to CurseForge	Diff and upload	2026-05-01T05:43:58.7915565Z [36;1m    body += b'Content-Disposition: form-data; name="metadata"\r\n'[0m
Port versions to CurseForge	Diff and upload	2026-05-01T05:43:58.7915941Z [36;1m    body += b"Content-Type: application/json\r\n\r\n"[0m
Port versions to CurseForge	Diff and upload	2026-05-01T05:43:58.7916244Z [36;1m    body += meta_bytes + b"\r\n"[0m
Port versions to CurseForge	Diff and upload	2026-05-01T05:43:58.7916479Z [36;1m[0m
Port versions to CurseForge	Diff and upload	2026-05-01T05:43:58.7916676Z [36;1m    jar_bytes = jar_path.read_bytes()[0m
Port versions to CurseForge	Diff and upload	2026-05-01T05:43:58.7916954Z [36;1m    body += f"--{boundary}\r\n".encode()[0m
Port versions to CurseForge	Diff and upload	2026-05-01T05:43:58.7917396Z [36;1m    body += f'Content-Disposition: form-data; name="file"; filename="{jar_path.name}"\r\n'.encode()[0m
Port versions to CurseForge	Diff and upload	2026-05-01T05:43:58.7917901Z [36;1m    body += b"Content-Type: application/java-archive\r\n\r\n"[0m
Port versions to CurseForge	Diff and upload	2026-05-01T05:43:58.7918220Z [36;1m    body += jar_bytes + b"\r\n"[0m
Port versions to CurseForge	Diff and upload	2026-05-01T05:43:58.7918495Z [36;1m    body += f"--{boundary}--\r\n".encode()[0m
Port versions to CurseForge	Diff and upload	2026-05-01T05:43:58.7918754Z [36;1m[0m
Port versions to CurseForge	Diff and upload	2026-05-01T05:43:58.7919014Z [36;1m    url = f"{CURSEFORGE_API}/api/projects/{project_id}/upload-file"[0m
Port versions to CurseForge	Diff and upload	2026-05-01T05:43:58.7919357Z [36;1m    headers = {[0m
Port versions to CurseForge	Diff and upload	2026-05-01T05:43:58.7919591Z [36;1m        "User-Agent": USER_AGENT,[0m
Port versions to CurseForge	Diff and upload	2026-05-01T05:43:58.7919868Z [36;1m        "X-Api-Token": CURSEFORGE_TOKEN,[0m
Port versions to CurseForge	Diff and upload	2026-05-01T05:43:58.7920212Z [36;1m        "Content-Type": f"multipart/form-data; boundary={boundary}",[0m
Port versions to CurseForge	Diff and upload	2026-05-01T05:43:58.7920541Z [36;1m    }[0m
Port versions to CurseForge	Diff and upload	2026-05-01T05:43:58.7920880Z [36;1m    req = urllib.request.Request(url, data=bytes(body), method="POST", headers=headers)[0m
Port versions to CurseForge	Diff and upload	2026-05-01T05:43:58.7921480Z [36;1m    for attempt in range(1, 4):[0m
Port versions to CurseForge	Diff and upload	2026-05-01T05:43:58.7921728Z [36;1m        try:[0m
Port versions to CurseForge	Diff and upload	2026-05-01T05:43:58.7921996Z [36;1m            with urllib.request.urlopen(req, timeout=120) as r:[0m
Port versions to CurseForge	Diff and upload	2026-05-01T05:43:58.7922429Z [36;1m                return int(json.loads(r.read().decode("utf-8", errors="replace"))["id"])[0m
Port versions to CurseForge	Diff and upload	2026-05-01T05:43:58.7922848Z [36;1m        except urllib.error.HTTPError as e:[0m
Port versions to CurseForge	Diff and upload	2026-05-01T05:43:58.7923206Z [36;1m            body_text = e.read().decode("utf-8", errors="replace")[:500][0m
Port versions to CurseForge	Diff and upload	2026-05-01T05:43:58.7923593Z [36;1m            if e.code in {429, 500, 502, 503, 504} and attempt < 3:[0m
Port versions to CurseForge	Diff and upload	2026-05-01T05:43:58.7923913Z [36;1m                time.sleep(5 * attempt)[0m
Port versions to CurseForge	Diff and upload	2026-05-01T05:43:58.7924178Z [36;1m                continue[0m
Port versions to CurseForge	Diff and upload	2026-05-01T05:43:58.7924517Z [36;1m            sys.exit(f"[ERROR] CurseForge upload HTTP {e.code}: {body_text}")[0m
Port versions to CurseForge	Diff and upload	2026-05-01T05:43:58.7924986Z [36;1m        except urllib.error.URLError as e:[0m
Port versions to CurseForge	Diff and upload	2026-05-01T05:43:58.7925385Z [36;1m            if attempt < 3:[0m
Port versions to CurseForge	Diff and upload	2026-05-01T05:43:58.7925709Z [36;1m                time.sleep(5)[0m
Port versions to CurseForge	Diff and upload	2026-05-01T05:43:58.7925957Z [36;1m                continue[0m
Port versions to CurseForge	Diff and upload	2026-05-01T05:43:58.7926243Z [36;1m            sys.exit(f"[ERROR] Upload network error: {e.reason}")[0m
Port versions to CurseForge	Diff and upload	2026-05-01T05:43:58.7926607Z [36;1m    sys.exit("[ERROR] Upload failed after retries.")[0m
Port versions to CurseForge	Diff and upload	2026-05-01T05:43:58.7926894Z [36;1m[0m
Port versions to CurseForge	Diff and upload	2026-05-01T05:43:58.7927135Z [36;1m# ----------------------------------------------------------------[0m
Port versions to CurseForge	Diff and upload	2026-05-01T05:43:58.7927457Z [36;1m# Helpers: version logic[0m
Port versions to CurseForge	Diff and upload	2026-05-01T05:43:58.7927753Z [36;1m# ----------------------------------------------------------------[0m
Port versions to CurseForge	Diff and upload	2026-05-01T05:43:58.7928105Z [36;1mdef primary_file(version: dict) -> dict | None:[0m
Port versions to CurseForge	Diff and upload	2026-05-01T05:43:58.7928416Z [36;1m    files = version.get("files", [])[0m
Port versions to CurseForge	Diff and upload	2026-05-01T05:43:58.7928676Z [36;1m    if not files:[0m
Port versions to CurseForge	Diff and upload	2026-05-01T05:43:58.7928884Z [36;1m        return None[0m
Port versions to CurseForge	Diff and upload	2026-05-01T05:43:58.7929153Z [36;1m    primary = [f for f in files if f.get("primary")][0m
Port versions to CurseForge	Diff and upload	2026-05-01T05:43:58.7929466Z [36;1m    return (primary or files)[0][0m
Port versions to CurseForge	Diff and upload	2026-05-01T05:43:58.7929709Z [36;1m[0m
Port versions to CurseForge	Diff and upload	2026-05-01T05:43:58.7929918Z [36;1mdef latest_per_combo(versions: list) -> dict:[0m
Port versions to CurseForge	Diff and upload	2026-05-01T05:43:58.7930330Z [36;1m    """Keep the most recently published version per (mc_version, loader) pair."""[0m
Port versions to CurseForge	Diff and upload	2026-05-01T05:43:58.7930712Z [36;1m    best: dict[tuple, dict] = {}[0m
Port versions to CurseForge	Diff and upload	2026-05-01T05:43:58.7930957Z [36;1m    for v in versions:[0m
Port versions to CurseForge	Diff and upload	2026-05-01T05:43:58.7931381Z [36;1m        pub = v.get("date_published", "")[0m
Port versions to CurseForge	Diff and upload	2026-05-01T05:43:58.7931679Z [36;1m        for mc in v.get("game_versions", []):[0m
Port versions to CurseForge	Diff and upload	2026-05-01T05:43:58.7931968Z [36;1m            for loader in v.get("loaders", []):[0m
Port versions to CurseForge	Diff and upload	2026-05-01T05:43:58.7932261Z [36;1m                key = (mc, loader.lower())[0m
Port versions to CurseForge	Diff and upload	2026-05-01T05:43:58.7932627Z [36;1m                if key not in best or pub > best[key].get("date_published", ""):[0m
Port versions to CurseForge	Diff and upload	2026-05-01T05:43:58.7932982Z [36;1m                    best[key] = v[0m
Port versions to CurseForge	Diff and upload	2026-05-01T05:43:58.7933224Z [36;1m    return best[0m
Port versions to CurseForge	Diff and upload	2026-05-01T05:43:58.7933430Z [36;1m[0m
Port versions to CurseForge	Diff and upload	2026-05-01T05:43:58.7933639Z [36;1mdef is_loader(name: str) -> bool:[0m
Port versions to CurseForge	Diff and upload	2026-05-01T05:43:58.7933967Z [36;1m    return name.lower() in {l.lower() for l in KNOWN_LOADERS}[0m
Port versions to CurseForge	Diff and upload	2026-05-01T05:43:58.7934271Z [36;1m[0m
Port versions to CurseForge	Diff and upload	2026-05-01T05:43:58.7934548Z [36;1mdef cf_combos_present(cf_files: list, cf_mc_version_names: set) -> set:[0m
Port versions to CurseForge	Diff and upload	2026-05-01T05:43:58.7934892Z [36;1m    """[0m
Port versions to CurseForge	Diff and upload	2026-05-01T05:43:58.7935199Z [36;1m    Build (mc_version_name, loader_lowercase) set from CurseForge file list.[0m
Port versions to CurseForge	Diff and upload	2026-05-01T05:43:58.7935662Z [36;1m    Uses the known MC version names to distinguish MC versions from loaders.[0m
Port versions to CurseForge	Diff and upload	2026-05-01T05:43:58.7936016Z [36;1m    """[0m
Port versions to CurseForge	Diff and upload	2026-05-01T05:43:58.7936208Z [36;1m    combos = set()[0m
Port versions to CurseForge	Diff and upload	2026-05-01T05:43:58.7936430Z [36;1m    for f in cf_files:[0m
Port versions to CurseForge	Diff and upload	2026-05-01T05:43:58.7936749Z [36;1m        gvs: list = f.get("gameVersions", [])[0m
Port versions to CurseForge	Diff and upload	2026-05-01T05:43:58.7937101Z [36;1m        mc_versions = [g for g in gvs if g in cf_mc_version_names][0m
Port versions to CurseForge	Diff and upload	2026-05-01T05:43:58.7937514Z [36;1m        loaders     = [g.lower() for g in gvs if g.lower() in CF_LOADER_IDS][0m
Port versions to CurseForge	Diff and upload	2026-05-01T05:43:58.7937849Z [36;1m        if not loaders:[0m
Port versions to CurseForge	Diff and upload	2026-05-01T05:43:58.7938091Z [36;1m            loaders = ["unknown"][0m
Port versions to CurseForge	Diff and upload	2026-05-01T05:43:58.7938350Z [36;1m        for mc in mc_versions:[0m
Port versions to CurseForge	Diff and upload	2026-05-01T05:43:58.7938600Z [36;1m            for loader in loaders:[0m
Port versions to CurseForge	Diff and upload	2026-05-01T05:43:58.7938874Z [36;1m                combos.add((mc, loader))[0m
Port versions to CurseForge	Diff and upload	2026-05-01T05:43:58.7939145Z [36;1m    return combos[0m
Port versions to CurseForge	Diff and upload	2026-05-01T05:43:58.7939354Z [36;1m[0m
Port versions to CurseForge	Diff and upload	2026-05-01T05:43:58.7939687Z [36;1mdef resolve_cf_version_ids(mc_version: str, loader: str, cf_mc_lookup: dict) -> list:[0m
Port versions to CurseForge	Diff and upload	2026-05-01T05:43:58.7940084Z [36;1m    """[0m
Port versions to CurseForge	Diff and upload	2026-05-01T05:43:58.7940379Z [36;1m    Return the CurseForge game version IDs for a mc_version + loader pair.[0m
Port versions to CurseForge	Diff and upload	2026-05-01T05:43:58.7940928Z [36;1m    MC version ID: looked up from the game versions API (name -> id).[0m
Port versions to CurseForge	Diff and upload	2026-05-01T05:43:58.7941602Z [36;1m    Loader ID: fixed constant from CF_LOADER_IDS — loaders have permanent IDs.[0m
Port versions to CurseForge	Diff and upload	2026-05-01T05:43:58.7942037Z [36;1m    """[0m
Port versions to CurseForge	Diff and upload	2026-05-01T05:43:58.7942224Z [36;1m    ids = [][0m
Port versions to CurseForge	Diff and upload	2026-05-01T05:43:58.7942422Z [36;1m[0m
Port versions to CurseForge	Diff and upload	2026-05-01T05:43:58.7942712Z [36;1m    # MC version — exact match first, then strip patch (1.20.1 -> 1.20)[0m
Port versions to CurseForge	Diff and upload	2026-05-01T05:43:58.7943061Z [36;1m    if mc_version in cf_mc_lookup:[0m
Port versions to CurseForge	Diff and upload	2026-05-01T05:43:58.7943350Z [36;1m        ids.append(cf_mc_lookup[mc_version])[0m
Port versions to CurseForge	Diff and upload	2026-05-01T05:43:58.7943615Z [36;1m    else:[0m
Port versions to CurseForge	Diff and upload	2026-05-01T05:43:58.7943828Z [36;1m        parts = mc_version.split(".")[0m
Port versions to CurseForge	Diff and upload	2026-05-01T05:43:58.7944091Z [36;1m        if len(parts) == 3:[0m
Port versions to CurseForge	Diff and upload	2026-05-01T05:43:58.7944352Z [36;1m            short = f"{parts[0]}.{parts[1]}"[0m
Port versions to CurseForge	Diff and upload	2026-05-01T05:43:58.7944624Z [36;1m            if short in cf_mc_lookup:[0m
Port versions to CurseForge	Diff and upload	2026-05-01T05:43:58.7944919Z [36;1m                ids.append(cf_mc_lookup[short])[0m
Port versions to CurseForge	Diff and upload	2026-05-01T05:43:58.7945187Z [36;1m    if not ids:[0m
Port versions to CurseForge	Diff and upload	2026-05-01T05:43:58.7945499Z [36;1m        print(f"  [WARN] No CurseForge version ID found for MC {mc_version!r}")[0m
Port versions to CurseForge	Diff and upload	2026-05-01T05:43:58.7945841Z [36;1m[0m
Port versions to CurseForge	Diff and upload	2026-05-01T05:43:58.7946095Z [36;1m    # Loader — use fixed hardcoded ID, not the game versions list[0m
Port versions to CurseForge	Diff and upload	2026-05-01T05:43:58.7946465Z [36;1m    loader_id = CF_LOADER_IDS.get(loader.lower())[0m
Port versions to CurseForge	Diff and upload	2026-05-01T05:43:58.7946746Z [36;1m    if loader_id:[0m
Port versions to CurseForge	Diff and upload	2026-05-01T05:43:58.7946977Z [36;1m        ids.append(loader_id)[0m
Port versions to CurseForge	Diff and upload	2026-05-01T05:43:58.7947220Z [36;1m    else:[0m
Port versions to CurseForge	Diff and upload	2026-05-01T05:43:58.7947570Z [36;1m        print(f"  [WARN] No hardcoded CurseForge loader ID for {loader!r} — skipping loader tag")[0m
Port versions to CurseForge	Diff and upload	2026-05-01T05:43:58.7947973Z [36;1m[0m
Port versions to CurseForge	Diff and upload	2026-05-01T05:43:58.7948147Z [36;1m    return ids[0m
Port versions to CurseForge	Diff and upload	2026-05-01T05:43:58.7948339Z [36;1m[0m
Port versions to CurseForge	Diff and upload	2026-05-01T05:43:58.7948579Z [36;1m# ----------------------------------------------------------------[0m
Port versions to CurseForge	Diff and upload	2026-05-01T05:43:58.7948910Z [36;1m# Step 1: Fetch Modrinth[0m
Port versions to CurseForge	Diff and upload	2026-05-01T05:43:58.7949209Z [36;1m# ----------------------------------------------------------------[0m
Port versions to CurseForge	Diff and upload	2026-05-01T05:43:58.7949572Z [36;1mmr_ref = modrinth_ref(os.environ["MODRINTH_URL"])[0m
Port versions to CurseForge	Diff and upload	2026-05-01T05:43:58.7949947Z [36;1mcf_id  = curseforge_project_id(os.environ["CURSEFORGE_URL"])[0m
Port versions to CurseForge	Diff and upload	2026-05-01T05:43:58.7950262Z [36;1m[0m
Port versions to CurseForge	Diff and upload	2026-05-01T05:43:58.7950434Z [36;1mprint(f"\n{'='*70}")[0m
Port versions to CurseForge	Diff and upload	2026-05-01T05:43:58.7950671Z [36;1mprint(f"  Modrinth  : {mr_ref}")[0m
Port versions to CurseForge	Diff and upload	2026-05-01T05:43:58.7950936Z [36;1mprint(f"  CurseForge: {cf_id}")[0m
Port versions to CurseForge	Diff and upload	2026-05-01T05:43:58.7951412Z [36;1mprint(f"  Dry run   : {DRY_RUN}")[0m
Port versions to CurseForge	Diff and upload	2026-05-01T05:43:58.7951679Z [36;1mprint(f"{'='*70}\n")[0m
Port versions to CurseForge	Diff and upload	2026-05-01T05:43:58.7951897Z [36;1m[0m
Port versions to CurseForge	Diff and upload	2026-05-01T05:43:58.7952142Z [36;1mprint("[1/4] Fetching Modrinth project and versions...")[0m
Port versions to CurseForge	Diff and upload	2026-05-01T05:43:58.7952583Z [36;1mmr_project = modrinth_get(f"/project/{urllib.parse.quote(mr_ref, safe='')}")[0m
Port versions to CurseForge	Diff and upload	2026-05-01T05:43:58.7952979Z [36;1mmr_id      = mr_project["id"][0m
Port versions to CurseForge	Diff and upload	2026-05-01T05:43:58.7953297Z [36;1mprint(f"  Title: {mr_project.get('title')}  ID: {mr_id}")[0m
Port versions to CurseForge	Diff and upload	2026-05-01T05:43:58.7953602Z [36;1m[0m
Port versions to CurseForge	Diff and upload	2026-05-01T05:43:58.7953941Z [36;1mall_versions = modrinth_get(f"/project/{urllib.parse.quote(mr_id, safe='')}/version")[0m
Port versions to CurseForge	Diff and upload	2026-05-01T05:43:58.7954384Z [36;1mif not isinstance(all_versions, list):[0m
Port versions to CurseForge	Diff and upload	2026-05-01T05:43:58.7954649Z [36;1m    all_versions = [][0m
Port versions to CurseForge	Diff and upload	2026-05-01T05:43:58.7954942Z [36;1mprint(f"  Total version entries: {len(all_versions)}")[0m
Port versions to CurseForge	Diff and upload	2026-05-01T05:43:58.7955237Z [36;1m[0m
Port versions to CurseForge	Diff and upload	2026-05-01T05:43:58.7955447Z [36;1mmr_latest = latest_per_combo(all_versions)[0m
Port versions to CurseForge	Diff and upload	2026-05-01T05:43:58.7955804Z [36;1mprint(f"  Unique (mc_version, loader) combos: {len(mr_latest)}")[0m
Port versions to CurseForge	Diff and upload	2026-05-01T05:43:58.7956124Z [36;1m[0m
Port versions to CurseForge	Diff and upload	2026-05-01T05:43:58.7956352Z [36;1m# ----------------------------------------------------------------[0m
Port versions to CurseForge	Diff and upload	2026-05-01T05:43:58.7956763Z [36;1m# Step 2: Fetch CurseForge[0m
Port versions to CurseForge	Diff and upload	2026-05-01T05:43:58.7957069Z [36;1m# ----------------------------------------------------------------[0m
Port versions to CurseForge	Diff and upload	2026-05-01T05:43:58.7957481Z [36;1mprint("\n[2/4] Fetching CurseForge game versions and existing files...")[0m
Port versions to CurseForge	Diff and upload	2026-05-01T05:43:58.7957957Z [36;1mcf_game_versions = curseforge_get("/api/game/versions")[0m
Port versions to CurseForge	Diff and upload	2026-05-01T05:43:58.7958305Z [36;1mif not isinstance(cf_game_versions, list):[0m
Port versions to CurseForge	Diff and upload	2026-05-01T05:43:58.7958586Z [36;1m    cf_game_versions = [][0m
Port versions to CurseForge	Diff and upload	2026-05-01T05:43:58.7958806Z [36;1m[0m
Port versions to CurseForge	Diff and upload	2026-05-01T05:43:58.7959137Z [36;1m# Build MC-version-only lookup (exclude loader entries which have their own fixed IDs)[0m
Port versions to CurseForge	Diff and upload	2026-05-01T05:43:58.7959636Z [36;1m# Loader entries have gameVersionTypeID == CF_LOADER_TYPE_ID (68441)[0m
Port versions to CurseForge	Diff and upload	2026-05-01T05:43:58.7959976Z [36;1mcf_mc_lookup = {[0m
Port versions to CurseForge	Diff and upload	2026-05-01T05:43:58.7960196Z [36;1m    v["name"]: v["id"][0m
Port versions to CurseForge	Diff and upload	2026-05-01T05:43:58.7960430Z [36;1m    for v in cf_game_versions[0m
Port versions to CurseForge	Diff and upload	2026-05-01T05:43:58.7960728Z [36;1m    if v.get("gameVersionTypeID") != CF_LOADER_TYPE_ID[0m
Port versions to CurseForge	Diff and upload	2026-05-01T05:43:58.7961012Z [36;1m}[0m
Port versions to CurseForge	Diff and upload	2026-05-01T05:43:58.7961409Z [36;1mcf_mc_version_names = set(cf_mc_lookup.keys())[0m
Port versions to CurseForge	Diff and upload	2026-05-01T05:43:58.7961777Z [36;1mprint(f"  CurseForge MC version entries: {len(cf_mc_lookup)}")[0m
Port versions to CurseForge	Diff and upload	2026-05-01T05:43:58.7962093Z [36;1m[0m
Port versions to CurseForge	Diff and upload	2026-05-01T05:43:58.7962387Z [36;1m# Resolve slug -> numeric ID (required by the upload and files endpoints)[0m
Port versions to CurseForge	Diff and upload	2026-05-01T05:43:58.7962790Z [36;1mcf_numeric_id = resolve_cf_numeric_id(cf_id)[0m
Port versions to CurseForge	Diff and upload	2026-05-01T05:43:58.7963047Z [36;1m[0m
Port versions to CurseForge	Diff and upload	2026-05-01T05:43:58.7963316Z [36;1mcf_files = curseforge_get(f"/api/projects/{cf_numeric_id}/files")[0m
Port versions to CurseForge	Diff and upload	2026-05-01T05:43:58.7963675Z [36;1mif not isinstance(cf_files, list):[0m
Port versions to CurseForge	Diff and upload	2026-05-01T05:43:58.7963930Z [36;1m    cf_files = [][0m
Port versions to CurseForge	Diff and upload	2026-05-01T05:43:58.7964220Z [36;1mcf_present = cf_combos_present(cf_files, cf_mc_version_names)[0m
Port versions to CurseForge	Diff and upload	2026-05-01T05:43:58.7964608Z [36;1mprint(f"  Existing CurseForge files: {len(cf_files)}")[0m
Port versions to CurseForge	Diff and upload	2026-05-01T05:43:58.7965041Z [36;1mprint(f"  Unique (mc_version, loader) combos on CurseForge: {len(cf_present)}")[0m
Port versions to CurseForge	Diff and upload	2026-05-01T05:43:58.7965474Z [36;1m# ----------------------------------------------------------------[0m
Port versions to CurseForge	Diff and upload	2026-05-01T05:43:58.7965783Z [36;1m# Step 3: Diff[0m
Port versions to CurseForge	Diff and upload	2026-05-01T05:43:58.7966051Z [36;1m# ----------------------------------------------------------------[0m
Port versions to CurseForge	Diff and upload	2026-05-01T05:43:58.7966374Z [36;1mprint("\n[3/4] Computing diff...")[0m
Port versions to CurseForge	Diff and upload	2026-05-01T05:43:58.7966616Z [36;1mmissing = [][0m
Port versions to CurseForge	Diff and upload	2026-05-01T05:43:58.7966885Z [36;1mfor (mc, loader), version in sorted(mr_latest.items()):[0m
Port versions to CurseForge	Diff and upload	2026-05-01T05:43:58.7967283Z [36;1m    cf_loader = LOADER_MAP.get(loader, loader.capitalize()).lower()[0m
Port versions to CurseForge	Diff and upload	2026-05-01T05:43:58.7967708Z [36;1m    if (mc, cf_loader) not in cf_present and (mc, loader) not in cf_present:[0m
Port versions to CurseForge	Diff and upload	2026-05-01T05:43:58.7968097Z [36;1m        missing.append(((mc, loader), version))[0m
Port versions to CurseForge	Diff and upload	2026-05-01T05:43:58.7968365Z [36;1m[0m
Port versions to CurseForge	Diff and upload	2026-05-01T05:43:58.7968583Z [36;1mmissing.sort(key=lambda x: (x[0][0], x[0][1]))[0m
Port versions to CurseForge	Diff and upload	2026-05-01T05:43:58.7968865Z [36;1m[0m
Port versions to CurseForge	Diff and upload	2026-05-01T05:43:58.7969056Z [36;1mif not missing:[0m
Port versions to CurseForge	Diff and upload	2026-05-01T05:43:58.7969412Z [36;1m    print("\n  All Modrinth versions are already present on CurseForge. Nothing to do!")[0m
Port versions to CurseForge	Diff and upload	2026-05-01T05:43:58.7969810Z [36;1m    sys.exit(0)[0m
Port versions to CurseForge	Diff and upload	2026-05-01T05:43:58.7970012Z [36;1m[0m
Port versions to CurseForge	Diff and upload	2026-05-01T05:43:58.7970185Z [36;1m# Print table[0m
Port versions to CurseForge	Diff and upload	2026-05-01T05:43:58.7970390Z [36;1mprint(f"\n  {'='*68}")[0m
Port versions to CurseForge	Diff and upload	2026-05-01T05:43:58.7970726Z [36;1mprint(f"  Versions on Modrinth missing from CurseForge: {len(missing)}")[0m
Port versions to CurseForge	Diff and upload	2026-05-01T05:43:58.7971158Z [36;1mprint(f"  {'-'*68}")[0m
Port versions to CurseForge	Diff and upload	2026-05-01T05:43:58.7971562Z [36;1mprint(f"  {'#':<4} {'MC Version':<14} {'Loader':<12} {'Version #':<20} {'Type':<10} {'Published'}")[0m
Port versions to CurseForge	Diff and upload	2026-05-01T05:43:58.7971953Z [36;1mprint(f"  {'-'*68}")[0m
Port versions to CurseForge	Diff and upload	2026-05-01T05:43:58.7972231Z [36;1mfor i, ((mc, loader), v) in enumerate(missing, 1):[0m
Port versions to CurseForge	Diff and upload	2026-05-01T05:43:58.7972541Z [36;1m    vnum  = v.get("version_number", "?")[0m
Port versions to CurseForge	Diff and upload	2026-05-01T05:43:58.7972841Z [36;1m    vtype = v.get("version_type", "release")[0m
Port versions to CurseForge	Diff and upload	2026-05-01T05:43:58.7973275Z [36;1m    pub   = v.get("date_published", "")[:19].replace("T", " ")[0m
Port versions to CurseForge	Diff and upload	2026-05-01T05:43:58.7973599Z [36;1m    pf    = primary_file(v)[0m
Port versions to CurseForge	Diff and upload	2026-05-01T05:43:58.7973936Z [36;1m    fname = pf["filename"] if pf else "(no file)"[0m
Port versions to CurseForge	Diff and upload	2026-05-01T05:43:58.7974320Z [36;1m    print(f"  {i:<4} {mc:<14} {loader:<12} {vnum:<20} {vtype:<10} {pub}  {fname}")[0m
Port versions to CurseForge	Diff and upload	2026-05-01T05:43:58.7974669Z [36;1mprint(f"  {'='*68}\n")[0m
Port versions to CurseForge	Diff and upload	2026-05-01T05:43:58.7974883Z [36;1m[0m
Port versions to CurseForge	Diff and upload	2026-05-01T05:43:58.7975053Z [36;1mif DRY_RUN:[0m
Port versions to CurseForge	Diff and upload	2026-05-01T05:43:58.7975285Z [36;1m    print("  [DRY RUN] No files uploaded.")[0m
Port versions to CurseForge	Diff and upload	2026-05-01T05:43:58.7975576Z [36;1m    sys.exit(0)[0m
Port versions to CurseForge	Diff and upload	2026-05-01T05:43:58.7975778Z [36;1m[0m
Port versions to CurseForge	Diff and upload	2026-05-01T05:43:58.7976018Z [36;1m# ----------------------------------------------------------------[0m
Port versions to CurseForge	Diff and upload	2026-05-01T05:43:58.7976318Z [36;1m# Step 4: Upload[0m
Port versions to CurseForge	Diff and upload	2026-05-01T05:43:58.7976591Z [36;1m# ----------------------------------------------------------------[0m
Port versions to CurseForge	Diff and upload	2026-05-01T05:43:58.7977006Z [36;1mprint(f"[4/4] Uploading {len(missing)} version(s) to CurseForge...\n")[0m
Port versions to CurseForge	Diff and upload	2026-05-01T05:43:58.7977355Z [36;1msuccess = 0[0m
Port versions to CurseForge	Diff and upload	2026-05-01T05:43:58.7977547Z [36;1mfailed  = 0[0m
Port versions to CurseForge	Diff and upload	2026-05-01T05:43:58.7977738Z [36;1m[0m
Port versions to CurseForge	Diff and upload	2026-05-01T05:43:58.7978022Z [36;1mwith tempfile.TemporaryDirectory(prefix="cf_port_") as tmpdir:[0m
Port versions to CurseForge	Diff and upload	2026-05-01T05:43:58.7978367Z [36;1m    tmp = Path(tmpdir)[0m
Port versions to CurseForge	Diff and upload	2026-05-01T05:43:58.7978664Z [36;1m    for i, ((mc, loader), version) in enumerate(missing, 1):[0m
Port versions to CurseForge	Diff and upload	2026-05-01T05:43:58.7979011Z [36;1m        vnum      = version.get("version_number", "?")[0m
Port versions to CurseForge	Diff and upload	2026-05-01T05:43:58.7979400Z [36;1m        vname     = version.get("name") or f"{mr_project.get('title', '')} {vnum}"[0m
Port versions to CurseForge	Diff and upload	2026-05-01T05:43:58.7979897Z [36;1m        vtype     = RELEASE_TYPE_MAP.get(version.get("version_type", "release"), "release")[0m
Port versions to CurseForge	Diff and upload	2026-05-01T05:43:58.7980483Z [36;1m        changelog = version.get("changelog") or f"Ported from Modrinth. Version {vnum} for {mc} ({loader})."[0m
Port versions to CurseForge	Diff and upload	2026-05-01T05:43:58.7980927Z [36;1m[0m
Port versions to CurseForge	Diff and upload	2026-05-01T05:43:58.7981227Z [36;1m        pf = primary_file(version)[0m
Port versions to CurseForge	Diff and upload	2026-05-01T05:43:58.7981534Z [36;1m        if not pf:[0m
Port versions to CurseForge	Diff and upload	2026-05-01T05:43:58.7981886Z [36;1m            print(f"  [{i}/{len(missing)}] SKIP {mc}/{loader} {vnum} — no file on Modrinth.")[0m
Port versions to CurseForge	Diff and upload	2026-05-01T05:43:58.7982269Z [36;1m            failed += 1[0m
Port versions to CurseForge	Diff and upload	2026-05-01T05:43:58.7982506Z [36;1m            continue[0m
Port versions to CurseForge	Diff and upload	2026-05-01T05:43:58.7982723Z [36;1m[0m
Port versions to CurseForge	Diff and upload	2026-05-01T05:43:58.7982963Z [36;1m        filename     = pf.get("filename", f"mod-{vnum}.jar")[0m
Port versions to CurseForge	Diff and upload	2026-05-01T05:43:58.7983298Z [36;1m        download_url = pf.get("url", "")[0m
Port versions to CurseForge	Diff and upload	2026-05-01T05:43:58.7983556Z [36;1m[0m
Port versions to CurseForge	Diff and upload	2026-05-01T05:43:58.7983821Z [36;1m        print(f"  [{i}/{len(missing)}] {mc} / {loader} — {vnum} ({vtype})")[0m
Port versions to CurseForge	Diff and upload	2026-05-01T05:43:58.7984174Z [36;1m        print(f"    File     : {filename}")[0m
Port versions to CurseForge	Diff and upload	2026-05-01T05:43:58.7984591Z [36;1m        print(f"    Changelog: {changelog[:100].strip()!r}{'...' if len(changelog) > 100 else ''}")[0m
Port versions to CurseForge	Diff and upload	2026-05-01T05:43:58.7984992Z [36;1m[0m
Port versions to CurseForge	Diff and upload	2026-05-01T05:43:58.7985256Z [36;1m        cf_version_ids = resolve_cf_version_ids(mc, loader, cf_mc_lookup)[0m
Port versions to CurseForge	Diff and upload	2026-05-01T05:43:58.7985611Z [36;1m        if not cf_version_ids:[0m
Port versions to CurseForge	Diff and upload	2026-05-01T05:43:58.7985994Z [36;1m            print(f"    [SKIP] Could not resolve CurseForge version IDs for {mc}/{loader}.")[0m
Port versions to CurseForge	Diff and upload	2026-05-01T05:43:58.7986375Z [36;1m            failed += 1[0m
Port versions to CurseForge	Diff and upload	2026-05-01T05:43:58.7986594Z [36;1m            continue[0m
Port versions to CurseForge	Diff and upload	2026-05-01T05:43:58.7986852Z [36;1m        print(f"    CF IDs   : {cf_version_ids}")[0m
Port versions to CurseForge	Diff and upload	2026-05-01T05:43:58.7987123Z [36;1m[0m
Port versions to CurseForge	Diff and upload	2026-05-01T05:43:58.7987305Z [36;1m        jar_path = tmp / filename[0m
Port versions to CurseForge	Diff and upload	2026-05-01T05:43:58.7987596Z [36;1m        print(f"    Downloading from Modrinth CDN...")[0m
Port versions to CurseForge	Diff and upload	2026-05-01T05:43:58.7987923Z [36;1m        download_file(download_url, jar_path)[0m
Port versions to CurseForge	Diff and upload	2026-05-01T05:43:58.7988261Z [36;1m        print(f"    Downloaded {jar_path.stat().st_size:,} bytes.")[0m
Port versions to CurseForge	Diff and upload	2026-05-01T05:43:58.7988698Z [36;1m[0m
Port versions to CurseForge	Diff and upload	2026-05-01T05:43:58.7988877Z [36;1m        cf_metadata = {[0m
Port versions to CurseForge	Diff and upload	2026-05-01T05:43:58.7989128Z [36;1m            "changelog":     changelog,[0m
Port versions to CurseForge	Diff and upload	2026-05-01T05:43:58.7989414Z [36;1m            "changelogType": "markdown",[0m
Port versions to CurseForge	Diff and upload	2026-05-01T05:43:58.7989762Z [36;1m            "displayName":   vname,[0m
Port versions to CurseForge	Diff and upload	2026-05-01T05:43:58.7990045Z [36;1m            "gameVersions":  cf_version_ids,[0m
Port versions to CurseForge	Diff and upload	2026-05-01T05:43:58.7990316Z [36;1m            "releaseType":   vtype,[0m
Port versions to CurseForge	Diff and upload	2026-05-01T05:43:58.7990557Z [36;1m        }[0m
Port versions to CurseForge	Diff and upload	2026-05-01T05:43:58.7990767Z [36;1m[0m
Port versions to CurseForge	Diff and upload	2026-05-01T05:43:58.7990976Z [36;1m        print(f"    Uploading to CurseForge...")[0m
Port versions to CurseForge	Diff and upload	2026-05-01T05:43:58.7991502Z [36;1m        new_id = curseforge_upload(cf_numeric_id, cf_metadata, jar_path)[0m
Port versions to CurseForge	Diff and upload	2026-05-01T05:43:58.7991924Z [36;1m        print(f"    ✓ Uploaded — CurseForge file ID: {new_id}")[0m
Port versions to CurseForge	Diff and upload	2026-05-01T05:43:58.7992231Z [36;1m        success += 1[0m
Port versions to CurseForge	Diff and upload	2026-05-01T05:43:58.7992443Z [36;1m[0m
Port versions to CurseForge	Diff and upload	2026-05-01T05:43:58.7992626Z [36;1m        if i < len(missing):[0m
Port versions to CurseForge	Diff and upload	2026-05-01T05:43:58.7992867Z [36;1m            time.sleep(1)[0m
Port versions to CurseForge	Diff and upload	2026-05-01T05:43:58.7993095Z [36;1m[0m
Port versions to CurseForge	Diff and upload	2026-05-01T05:43:58.7993277Z [36;1mprint(f"\n{'='*70}")[0m
Port versions to CurseForge	Diff and upload	2026-05-01T05:43:58.7993590Z [36;1mprint(f"  Done.  {success} uploaded,  {failed} failed/skipped.")[0m
Port versions to CurseForge	Diff and upload	2026-05-01T05:43:58.7993938Z [36;1mprint(f"{'='*70}\n")[0m
Port versions to CurseForge	Diff and upload	2026-05-01T05:43:58.7994152Z [36;1m[0m
Port versions to CurseForge	Diff and upload	2026-05-01T05:43:58.7994314Z [36;1mif failed:[0m
Port versions to CurseForge	Diff and upload	2026-05-01T05:43:58.7994517Z [36;1m    sys.exit(1)[0m
Port versions to CurseForge	Diff and upload	2026-05-01T05:43:58.7994721Z [36;1mPY[0m
Port versions to CurseForge	Diff and upload	2026-05-01T05:43:58.8008373Z shell: /usr/bin/bash --noprofile --norc -e -o pipefail {0}
Port versions to CurseForge	Diff and upload	2026-05-01T05:43:58.8008696Z env:
Port versions to CurseForge	Diff and upload	2026-05-01T05:43:58.8008951Z   pythonLocation: /opt/hostedtoolcache/Python/3.12.13/x64
Port versions to CurseForge	Diff and upload	2026-05-01T05:43:58.8009348Z   PKG_CONFIG_PATH: /opt/hostedtoolcache/Python/3.12.13/x64/lib/pkgconfig
Port versions to CurseForge	Diff and upload	2026-05-01T05:43:58.8009745Z   Python_ROOT_DIR: /opt/hostedtoolcache/Python/3.12.13/x64
Port versions to CurseForge	Diff and upload	2026-05-01T05:43:58.8010106Z   Python2_ROOT_DIR: /opt/hostedtoolcache/Python/3.12.13/x64
Port versions to CurseForge	Diff and upload	2026-05-01T05:43:58.8010463Z   Python3_ROOT_DIR: /opt/hostedtoolcache/Python/3.12.13/x64
Port versions to CurseForge	Diff and upload	2026-05-01T05:43:58.8010827Z   LD_LIBRARY_PATH: /opt/hostedtoolcache/Python/3.12.13/x64/lib
Port versions to CurseForge	Diff and upload	2026-05-01T05:43:58.8011588Z   MODRINTH_TOKEN: ***
Port versions to CurseForge	Diff and upload	2026-05-01T05:43:58.8011881Z   CURSEFORGE_TOKEN: ***
Port versions to CurseForge	Diff and upload	2026-05-01T05:43:58.8012147Z   MODRINTH_URL: https://modrinth.com/mod/pingfix
Port versions to CurseForge	Diff and upload	2026-05-01T05:43:58.8012433Z   CURSEFORGE_URL: 1526309
Port versions to CurseForge	Diff and upload	2026-05-01T05:43:58.8012652Z   DRY_RUN: false
Port versions to CurseForge	Diff and upload	2026-05-01T05:43:58.8012839Z ##[endgroup]
Port versions to CurseForge	Diff and upload	2026-05-01T05:44:00.5692609Z 
Port versions to CurseForge	Diff and upload	2026-05-01T05:44:00.5693430Z ======================================================================
Port versions to CurseForge	Diff and upload	2026-05-01T05:44:00.5694693Z [ERROR] HTTP 403: https://minecraft.curseforge.com/api/projects/1526309/files
Port versions to CurseForge	Diff and upload	2026-05-01T05:44:00.5696205Z {"errorCode":5100,"errorMessage":"You do not have permission to access this method."}
Port versions to CurseForge	Diff and upload	2026-05-01T05:44:00.5697205Z   Modrinth  : pingfix
Port versions to CurseForge	Diff and upload	2026-05-01T05:44:00.5697949Z   CurseForge: 1526309
Port versions to CurseForge	Diff and upload	2026-05-01T05:44:00.5698350Z   Dry run   : False
Port versions to CurseForge	Diff and upload	2026-05-01T05:44:00.5698752Z ======================================================================
Port versions to CurseForge	Diff and upload	2026-05-01T05:44:00.5699061Z 
Port versions to CurseForge	Diff and upload	2026-05-01T05:44:00.5699570Z [1/4] Fetching Modrinth project and versions...
Port versions to CurseForge	Diff and upload	2026-05-01T05:44:00.5700315Z   Title: FIX MY PINGGGGG  ID: 9GikcByI
Port versions to CurseForge	Diff and upload	2026-05-01T05:44:00.5700966Z   Total version entries: 77
Port versions to CurseForge	Diff and upload	2026-05-01T05:44:00.5701760Z   Unique (mc_version, loader) combos: 81
Port versions to CurseForge	Diff and upload	2026-05-01T05:44:00.5702040Z 
Port versions to CurseForge	Diff and upload	2026-05-01T05:44:00.5702308Z [2/4] Fetching CurseForge game versions and existing files...
Port versions to CurseForge	Diff and upload	2026-05-01T05:44:00.5702856Z   CurseForge MC version entries: 7038
Port versions to CurseForge	Diff and upload	2026-05-01T05:44:00.5814574Z ##[error]Process completed with exit code 1.
Port versions to CurseForge	Write step summary	﻿2026-05-01T05:44:00.5858363Z ##[group]Run {
Port versions to CurseForge	Write step summary	2026-05-01T05:44:00.5858624Z [36;1m{[0m
Port versions to CurseForge	Write step summary	2026-05-01T05:44:00.5858815Z [36;1m  echo "## CurseForge Port"[0m
Port versions to CurseForge	Write step summary	2026-05-01T05:44:00.5859062Z [36;1m  echo ""[0m
Port versions to CurseForge	Write step summary	2026-05-01T05:44:00.5859258Z [36;1m  echo "| | |"[0m
Port versions to CurseForge	Write step summary	2026-05-01T05:44:00.5859469Z [36;1m  echo "|---|---|"[0m
Port versions to CurseForge	Write step summary	2026-05-01T05:44:00.5859715Z [36;1m  echo "| Modrinth | \`$MODRINTH_URL\` |"[0m
Port versions to CurseForge	Write step summary	2026-05-01T05:44:00.5860137Z [36;1m  echo "| CurseForge | \`$CURSEFORGE_URL\` |"[0m
Port versions to CurseForge	Write step summary	2026-05-01T05:44:00.5860431Z [36;1m  echo "| Dry run | \`$DRY_RUN\` |"[0m
Port versions to CurseForge	Write step summary	2026-05-01T05:44:00.5860686Z [36;1m} >> "$GITHUB_STEP_SUMMARY"[0m
Port versions to CurseForge	Write step summary	2026-05-01T05:44:00.5874190Z shell: /usr/bin/bash --noprofile --norc -e -o pipefail {0}
Port versions to CurseForge	Write step summary	2026-05-01T05:44:00.5874499Z env:
Port versions to CurseForge	Write step summary	2026-05-01T05:44:00.5874756Z   pythonLocation: /opt/hostedtoolcache/Python/3.12.13/x64
Port versions to CurseForge	Write step summary	2026-05-01T05:44:00.5875152Z   PKG_CONFIG_PATH: /opt/hostedtoolcache/Python/3.12.13/x64/lib/pkgconfig
Port versions to CurseForge	Write step summary	2026-05-01T05:44:00.5875541Z   Python_ROOT_DIR: /opt/hostedtoolcache/Python/3.12.13/x64
Port versions to CurseForge	Write step summary	2026-05-01T05:44:00.5875943Z   Python2_ROOT_DIR: /opt/hostedtoolcache/Python/3.12.13/x64
Port versions to CurseForge	Write step summary	2026-05-01T05:44:00.5876291Z   Python3_ROOT_DIR: /opt/hostedtoolcache/Python/3.12.13/x64
Port versions to CurseForge	Write step summary	2026-05-01T05:44:00.5876649Z   LD_LIBRARY_PATH: /opt/hostedtoolcache/Python/3.12.13/x64/lib
Port versions to CurseForge	Write step summary	2026-05-01T05:44:00.5877001Z   MODRINTH_URL: https://modrinth.com/mod/pingfix
Port versions to CurseForge	Write step summary	2026-05-01T05:44:00.5877282Z   CURSEFORGE_URL: 1526309
Port versions to CurseForge	Write step summary	2026-05-01T05:44:00.5877497Z   DRY_RUN: false
Port versions to CurseForge	Write step summary	2026-05-01T05:44:00.5877684Z ##[endgroup]
Port versions to CurseForge	Post Run actions/checkout@v4	﻿2026-05-01T05:44:00.5995551Z Post job cleanup.
Port versions to CurseForge	Post Run actions/checkout@v4	2026-05-01T05:44:00.6936731Z [command]/usr/bin/git version
Port versions to CurseForge	Post Run actions/checkout@v4	2026-05-01T05:44:00.6968057Z git version 2.53.0
Port versions to CurseForge	Post Run actions/checkout@v4	2026-05-01T05:44:00.7007402Z Temporarily overriding HOME='/home/runner/work/_temp/bee1ef91-1a75-403f-8318-758686603949' before making global git config changes
Port versions to CurseForge	Post Run actions/checkout@v4	2026-05-01T05:44:00.7008604Z Adding repository directory to the temporary git global config as a safe directory
Port versions to CurseForge	Post Run actions/checkout@v4	2026-05-01T05:44:00.7013753Z [command]/usr/bin/git config --global --add safe.directory /home/runner/work/ModCompiler/ModCompiler
Port versions to CurseForge	Post Run actions/checkout@v4	2026-05-01T05:44:00.7049200Z [command]/usr/bin/git config --local --name-only --get-regexp core\.sshCommand
Port versions to CurseForge	Post Run actions/checkout@v4	2026-05-01T05:44:00.7075388Z [command]/usr/bin/git submodule foreach --recursive sh -c "git config --local --name-only --get-regexp 'core\.sshCommand' && git config --local --unset-all 'core.sshCommand' || :"
Port versions to CurseForge	Post Run actions/checkout@v4	2026-05-01T05:44:00.7532649Z fatal: No url found for submodule path 'LibraryMods/3arthh4ck' in .gitmodules
Port versions to CurseForge	Post Run actions/checkout@v4	2026-05-01T05:44:00.7575219Z ##[warning]The process '/usr/bin/git' failed with exit code 128
Port versions to CurseForge	Complete job	﻿2026-05-01T05:44:00.7641452Z Cleaning up orphan processes
Port versions to CurseForge	Complete job	2026-05-01T05:44:00.7854337Z ##[warning]Node.js 20 actions are deprecated. The following actions are running on Node.js 20 and may not work as expected: actions/checkout@v4, actions/setup-python@v5. Actions will be forced to run with Node.js 24 by default starting June 2nd, 2026. Node.js 20 will be removed from the runner on September 16th, 2026. Please check if updated versions of these actions are available that support Node.js 24. To opt into Node.js 24 now, set the FORCE_JAVASCRIPT_ACTIONS_TO_NODE24=true environment variable on the runner or in your workflow file. Once Node.js 24 becomes the default, you can temporarily opt out by setting ACTIONS_ALLOW_USE_UNSECURE_NODE_VERSION=true. For more information see: https://github.blog/changelog/2025-09-19-deprecation-of-node-20-on-github-actions-runners/
