[21Jun2026 02:47:48.530] [main/INFO] [net.neoforged.fml.startup.Entrypoint/]: JVM Uptime at startup: 193ms
[21Jun2026 02:47:48.541] [main/INFO] [net.neoforged.fml.loading.FMLLoader/]: Starting FancyModLoader version 10.0.36 (CLIENT in PROD)
[21Jun2026 02:47:48.542] [main/INFO] [net.neoforged.fml.loading.FMLLoader/]: Game directory: /home/runner/work/ModCompiler/ModCompiler/run
[21Jun2026 02:47:48.620] [main/INFO] [net.neoforged.fml.loading.EarlyServiceDiscovery/]: Found 2 early service jars (out of 90) in 46ms
[21Jun2026 02:47:48.621] [main/INFO] [net.neoforged.fml.loading.FMLLoader/]: Loading FML Early Services:
[21Jun2026 02:47:48.621] [main/INFO] [net.neoforged.fml.loading.FMLLoader/]:  - /home/runner/.minecraft/libraries/net/neoforged/fancymodloader/loader/10.0.36/loader-10.0.36.jar
[21Jun2026 02:47:48.622] [main/INFO] [net.neoforged.fml.loading.FMLLoader/]:  - /home/runner/.minecraft/libraries/net/neoforged/fancymodloader/earlydisplay/10.0.36/earlydisplay-10.0.36.jar
[21Jun2026 02:47:48.628] [main/INFO] [net.neoforged.fml.loading.ImmediateWindowHandler/]: Loading ImmediateWindowProvider fmlearlywindow
[21Jun2026 02:47:52.283] [ForkJoinPool.commonPool-worker-2/INFO] [net.neoforged.fml.loading.moddiscovery.locators.GameLocator/]: Marking obfuscated client jar as claimed to prevent loading: /home/runner/.minecraft/versions/neoforge-21.11.42/neoforge-21.11.42.jar
[21Jun2026 02:47:52.290] [ForkJoinPool.commonPool-worker-2/INFO] [net.neoforged.fml.loading.moddiscovery.locators.GameLocator/]: Failed to find common Minecraft classes and resources on the classpath. Assuming we're launching production.
[21Jun2026 02:47:52.432] [fml-loadingscreen/INFO] [net.neoforged.fml.earlydisplay.render.LoadingScreenRenderer/]: GL info: llvmpipe (LLVM 20.1.2, 256 bits) GL version 4.5 (Core Profile) Mesa 25.2.8-0ubuntu0.24.04.2, Mesa
[21Jun2026 02:47:52.569] [ForkJoinPool.commonPool-worker-2/INFO] [net.neoforged.fml.loading.moddiscovery.locators.JarInJarDependencyLocator/]: Found 2 dependencies adding them to mods collection
[21Jun2026 02:47:52.571] [ForkJoinPool.commonPool-worker-2/INFO] [net.neoforged.fml.loading.moddiscovery.ModDiscoverer/]: 
     Mod List:
		Name Version (Mod Id)

		FIX MY PINGGGGG 1.0.0 (pingfix)
		MC-Runtime-Test 1.21.11-4.4.0 (mc_runtime_test)
		Minecraft 1.21.11 (minecraft)
		NeoForge 21.11.42 (neoforge)
[21Jun2026 02:47:52.817] [main/INFO] [mixin/]: SpongePowered MIXIN Subsystem Version=0.8.7 Source=file:/home/runner/.minecraft/libraries/net/fabricmc/sponge-mixin/0.16.5+mixin.0.8.7/sponge-mixin-0.16.5+mixin.0.8.7.jar Service=FML Env=CLIENT
[21Jun2026 02:47:52.853] [main/INFO] [net.neoforged.fml.loading.FMLLoader/]: Loading FML Plugins:
[21Jun2026 02:47:52.854] [main/INFO] [net.neoforged.fml.loading.FMLLoader/]:  - ~libraries/net/neoforged/neoforge/21.11.42/neoforge-21.11.42-universal.jar > net.neoforged.neoforge-coremods-21.11.42.jar
[21Jun2026 02:47:53.010] [main/INFO] [net.neoforged.fml.loading.FMLLoader/]: Building game content classloader:
 - mc_runtime_test (jar(mods/mc-runtime-test-1.21.11-4.4.0-neoforge-release.jar))
 - minecraft (jar(~libraries/net/neoforged/minecraft-client-patched/21.11.42/minecraft-client-patched-21.11.42.jar))
 - mixinextras.neoforge (jar(~libraries/net/neoforged/neoforge/21.11.42/neoforge-21.11.42-universal.jar > mixinextras-neoforge-0.5.3.jar))
 - neoforge (jar(~libraries/net/neoforged/neoforge/21.11.42/neoforge-21.11.42-universal.jar))
 - net.neoforged.fml.generated (empty(VirtualJar/net.neoforged.fml.generated))
 - pingfix (jar(mods/pingfix-1.0.0.jar))
[21Jun2026 02:47:53.054] [main/INFO] [net.neoforged.fml.loading.FMLLoader/]: Built game content classloader in 59ms
[21Jun2026 02:47:54.883] [Datafixer Bootstrap/INFO] [com.mojang.datafixers.DataFixerBuilder/]: 290 Datafixer optimizations took 482 milliseconds
[21Jun2026 02:47:55.327] [pool-6-thread-1/INFO] [MixinExtras|Service/]: Initializing MixinExtras via com.llamalad7.mixinextras.service.MixinExtrasServiceImpl(version=0.5.3).
[21Jun2026 02:48:00.375] [modloading-worker-0/INFO] [net.neoforged.neoforge.common.NeoForgeMod/NEOFORGE-MOD]: NeoForge mod loading, version 21.11.42, for MC 1.21.11
[21Jun2026 02:48:01.294] [Render thread/INFO] [com.mojang.authlib.yggdrasil.YggdrasilAuthenticationService/]: Environment: Environment[sessionHost=https://sessionserver.mojang.com, servicesHost=https://api.minecraftservices.com, profilesHost=https://api.mojang.com, name=PROD]
[21Jun2026 02:48:01.317] [Render thread/INFO] [net.minecraft.client.Minecraft/]: Setting user: Offline
[21Jun2026 02:48:01.537] [Render thread/INFO] [net.minecraft.client.Minecraft/]: Backend library: LWJGL version 3.3.3+5
[21Jun2026 02:48:01.790] [Render thread/INFO] [net.minecraft.client.Minecraft/]: Using optional rendering extensions: GL_ARB_buffer_storage, GL_KHR_debug, GL_ARB_vertex_attrib_binding, GL_ARB_direct_state_access, GL_EXT_texture_filter_anisotropic
[21Jun2026 02:48:02.179] [Download-2/ERROR] [net.minecraft.client.Minecraft/]: Failed to fetch user properties
com.mojang.authlib.exceptions.InvalidCredentialsException: Status: 401
	at com.mojang.authlib.exceptions.MinecraftClientHttpException.toAuthenticationException(MinecraftClientHttpException.java:59) ~[authlib-7.0.61.jar:?]
	at com.mojang.authlib.yggdrasil.YggdrasilUserApiService.fetchProperties(YggdrasilUserApiService.java:150) ~[authlib-7.0.61.jar:?]
	at TRANSFORMER/minecraft@1.21.11/net.minecraft.client.Minecraft.lambda$new$1(Minecraft.java:429) ~[minecraft-client-patched-21.11.42.jar:?]
	at java.base/java.util.concurrent.CompletableFuture$AsyncSupply.run(CompletableFuture.java:1768) ~[?:?]
	at java.base/java.util.concurrent.ThreadPoolExecutor.runWorker(ThreadPoolExecutor.java:1144) ~[?:?]
	at java.base/java.util.concurrent.ThreadPoolExecutor$Worker.run(ThreadPoolExecutor.java:642) ~[?:?]
	at java.base/java.lang.Thread.run(Thread.java:1583) [?:?]
Caused by: com.mojang.authlib.exceptions.MinecraftClientHttpException: Status: 401
	at com.mojang.authlib.minecraft.client.MinecraftClient.readInputStream(MinecraftClient.java:103) ~[authlib-7.0.61.jar:?]
	at com.mojang.authlib.minecraft.client.MinecraftClient.get(MinecraftClient.java:56) ~[authlib-7.0.61.jar:?]
	at com.mojang.authlib.yggdrasil.YggdrasilUserApiService.fetchProperties(YggdrasilUserApiService.java:121) ~[authlib-7.0.61.jar:?]
	... 5 more
[21Jun2026 02:48:02.506] [Render thread/ERROR] [com.mojang.text2speech.Narrator/]: Error while loading the narrator
com.mojang.text2speech.Narrator$InitializeException: Failed to load library flite
	at com.mojang.text2speech.NarratorLinux$FliteLibrary.loadNative(NarratorLinux.java:81) ~[text2speech-1.18.11.jar:?]
	at com.mojang.text2speech.NarratorLinux.<init>(NarratorLinux.java:18) ~[text2speech-1.18.11.jar:?]
	at com.mojang.text2speech.Narrator.getNarrator(Narrator.java:41) [text2speech-1.18.11.jar:?]
	at TRANSFORMER/minecraft@1.21.11/net.minecraft.client.GameNarrator.<init>(GameNarrator.java:22) [minecraft-client-patched-21.11.42.jar:?]
	at TRANSFORMER/minecraft@1.21.11/net.minecraft.client.Minecraft.<init>(Minecraft.java:666) [minecraft-client-patched-21.11.42.jar:?]
	at TRANSFORMER/minecraft@1.21.11/net.minecraft.client.main.Main.main(Main.java:214) [minecraft-client-patched-21.11.42.jar:?]
	at net.neoforged.fml.startup.Client.main(Client.java:19) [loader-10.0.36.jar:10.0]
Caused by: java.lang.UnsatisfiedLinkError: Unable to load library 'flite':
libflite.so: cannot open shared object file: No such file or directory
libflite.so: cannot open shared object file: No such file or directory
Native library (linux-x86-64/libflite.so) not found in resource path (/home/runner/.minecraft/libraries/at/yawk/lz4/lz4-java/1.8.1/lz4-java-1.8.1.jar:/home/runner/.minecraft/libraries/com/azure/azure-json/1.4.0/azure-json-1.4.0.jar:/home/runner/.minecraft/libraries/com/github/oshi/oshi-core/6.9.0/oshi-core-6.9.0.jar:/home/runner/.minecraft/libraries/com/google/code/gson/gson/2.13.2/gson-2.13.2.jar:/home/runner/.minecraft/libraries/com/google/guava/failureaccess/1.0.3/failureaccess-1.0.3.jar:/home/runner/.minecraft/libraries/com/google/guava/guava/33.5.0-jre/guava-33.5.0-jre.jar:/home/runner/.minecraft/libraries/com/ibm/icu/icu4j/77.1/icu4j-77.1.jar:/home/runner/.minecraft/libraries/com/microsoft/azure/msal4j/1.23.1/msal4j-1.23.1.jar:/home/runner/.minecraft/libraries/com/mojang/authlib/7.0.61/authlib-7.0.61.jar:/home/runner/.minecraft/libraries/com/mojang/blocklist/1.0.10/blocklist-1.0.10.jar:/home/runner/.minecraft/libraries/com/mojang/brigadier/1.3.10/brigadier-1.3.10.jar:/home/runner/.minecraft/libraries/com/mojang/datafixerupper/9.0.19/datafixerupper-9.0.19.jar:/home/runner/.minecraft/libraries/com/mojang/jtracy/1.0.37/jtracy-1.0.37.jar:/home/runner/.minecraft/libraries/com/mojang/jtracy/1.0.37/jtracy-1.0.37-natives-linux.jar:/home/runner/.minecraft/libraries/com/mojang/logging/1.6.11/logging-1.6.11.jar:/home/runner/.minecraft/libraries/com/mojang/patchy/2.2.10/patchy-2.2.10.jar:/home/runner/.minecraft/libraries/com/mojang/text2speech/1.18.11/text2speech-1.18.11.jar:/home/runner/.minecraft/libraries/commons-codec/commons-codec/1.19.0/commons-codec-1.19.0.jar:/home/runner/.minecraft/libraries/commons-io/commons-io/2.20.0/commons-io-2.20.0.jar:/home/runner/.minecraft/libraries/io/netty/netty-buffer/4.2.7.Final/netty-buffer-4.2.7.Final.jar:/home/runner/.minecraft/libraries/io/netty/netty-codec-base/4.2.7.Final/netty-codec-base-4.2.7.Final.jar:/home/runner/.minecraft/libraries/io/netty/netty-codec-compression/4.2.7.Final/netty-codec-compression-4.2.7.Final.jar:/home/runner/.minecraft/libraries/io/netty/netty-codec-http/4.2.7.Final/netty-codec-http-4.2.7.Final.jar:/home/runner/.minecraft/libraries/io/netty/netty-common/4.2.7.Final/netty-common-4.2.7.Final.jar:/home/runner/.minecraft/libraries/io/netty/netty-handler/4.2.7.Final/netty-handler-4.2.7.Final.jar:/home/runner/.minecraft/libraries/io/netty/netty-resolver/4.2.7.Final/netty-resolver-4.2.7.Final.jar:/home/runner/.minecraft/libraries/io/netty/netty-transport-classes-epoll/4.2.7.Final/netty-transport-classes-epoll-4.2.7.Final.jar:/home/runner/.minecraft/libraries/io/netty/netty-transport-classes-kqueue/4.2.7.Final/netty-transport-classes-kqueue-4.2.7.Final.jar:/home/runner/.minecraft/libraries/io/netty/netty-transport-native-epoll/4.2.7.Final/netty-transport-native-epoll-4.2.7.Final-linux-aarch_64.jar:/home/runner/.minecraft/libraries/io/netty/netty-transport-native-epoll/4.2.7.Final/netty-transport-native-epoll-4.2.7.Final-linux-x86_64.jar:/home/runner/.minecraft/libraries/io/netty/netty-transport-native-unix-common/4.2.7.Final/netty-transport-native-unix-common-4.2.7.Final.jar:/home/runner/.minecraft/libraries/io/netty/netty-transport/4.2.7.Final/netty-transport-4.2.7.Final.jar:/home/runner/.minecraft/libraries/it/unimi/dsi/fastutil/8.5.18/fastutil-8.5.18.jar:/home/runner/.minecraft/libraries/net/java/dev/jna/jna-platform/5.17.0/jna-platform-5.17.0.jar:/home/runner/.minecraft/libraries/net/java/dev/jna/jna/5.17.0/jna-5.17.0.jar:/home/runner/.minecraft/libraries/net/sf/jopt-simple/jopt-simple/5.0.4/jopt-simple-5.0.4.jar:/home/runner/.minecraft/libraries/org/apache/commons/commons-compress/1.28.0/commons-compress-1.28.0.jar:/home/runner/.minecraft/libraries/org/apache/commons/commons-lang3/3.19.0/commons-lang3-3.19.0.jar:/home/runner/work/ModCompiler/ModCompiler/HeadlessMC/4fdb63b8-c783-4a1b-aabf-4ee787cca5b1/log4j-api-2.25.2.jar:/home/runner/work/ModCompiler/ModCompiler/HeadlessMC/4fdb63b8-c783-4a1b-aabf-4ee787cca5b1/log4j-core-2.25.2.jar:/home/runner/work/ModCompiler/ModCompiler/HeadlessMC/4fdb63b8-c783-4a1b-aabf-4ee787cca5b1/log4j-slf4j2-impl-2.25.2.jar:/home/runner/.minecraft/libraries/org/jcraft/jorbis/0.0.17/jorbis-0.0.17.jar:/home/runner/.minecraft/libraries/org/joml/joml/1.10.8/joml-1.10.8.jar:/home/runner/.minecraft/libraries/org/jspecify/jspecify/1.0.0/jspecify-1.0.0.jar:/home/runner/.minecraft/libraries/org/lwjgl/lwjgl-freetype/3.3.3/lwjgl-freetype-3.3.3.jar:/home/runner/.minecraft/libraries/org/lwjgl/lwjgl-freetype/3.3.3/lwjgl-freetype-3.3.3-natives-linux.jar:/home/runner/.minecraft/libraries/org/lwjgl/lwjgl-glfw/3.3.3/lwjgl-glfw-3.3.3.jar:/home/runner/.minecraft/libraries/org/lwjgl/lwjgl-glfw/3.3.3/lwjgl-glfw-3.3.3-natives-linux.jar:/home/runner/.minecraft/libraries/org/lwjgl/lwjgl-jemalloc/3.3.3/lwjgl-jemalloc-3.3.3.jar:/home/runner/.minecraft/libraries/org/lwjgl/lwjgl-jemalloc/3.3.3/lwjgl-jemalloc-3.3.3-natives-linux.jar:/home/runner/.minecraft/libraries/org/lwjgl/lwjgl-openal/3.3.3/lwjgl-openal-3.3.3.jar:/home/runner/.minecraft/libraries/org/lwjgl/lwjgl-openal/3.3.3/lwjgl-openal-3.3.3-natives-linux.jar:/home/runner/.minecraft/libraries/org/lwjgl/lwjgl-opengl/3.3.3/lwjgl-opengl-3.3.3.jar:/home/runner/.minecraft/libraries/org/lwjgl/lwjgl-opengl/3.3.3/lwjgl-opengl-3.3.3-natives-linux.jar:/home/runner/.minecraft/libraries/org/lwjgl/lwjgl-stb/3.3.3/lwjgl-stb-3.3.3.jar:/home/runner/.minecraft/libraries/org/lwjgl/lwjgl-stb/3.3.3/lwjgl-stb-3.3.3-natives-linux.jar:/home/runner/.minecraft/libraries/org/lwjgl/lwjgl-tinyfd/3.3.3/lwjgl-tinyfd-3.3.3.jar:/home/runner/.minecraft/libraries/org/lwjgl/lwjgl-tinyfd/3.3.3/lwjgl-tinyfd-3.3.3-natives-linux.jar:/home/runner/.minecraft/libraries/org/lwjgl/lwjgl/3.3.3/lwjgl-3.3.3.jar:/home/runner/.minecraft/libraries/org/lwjgl/lwjgl/3.3.3/lwjgl-3.3.3-natives-linux.jar:/home/runner/.minecraft/libraries/org/slf4j/slf4j-api/2.0.17/slf4j-api-2.0.17.jar:/home/runner/.minecraft/libraries/net/neoforged/fancymodloader/earlydisplay/10.0.36/earlydisplay-10.0.36.jar:/home/runner/.minecraft/libraries/net/neoforged/fancymodloader/loader/10.0.36/loader-10.0.36.jar:/home/runner/.minecraft/libraries/net/neoforged/accesstransformers/11.0.2/accesstransformers-11.0.2.jar:/home/runner/.minecraft/libraries/org/ow2/asm/asm-commons/9.8/asm-commons-9.8.jar:/home/runner/.minecraft/libraries/net/neoforged/mergetool/2.0.0/mergetool-2.0.0-api.jar:/home/runner/.minecraft/libraries/org/ow2/asm/asm-util/9.8/asm-util-9.8.jar:/home/runner/.minecraft/libraries/org/ow2/asm/asm-analysis/9.8/asm-analysis-9.8.jar:/home/runner/.minecraft/libraries/org/ow2/asm/asm-tree/9.8/asm-tree-9.8.jar:/home/runner/.minecraft/libraries/net/neoforged/bus/8.0.5/bus-8.0.5.jar:/home/runner/.minecraft/libraries/org/ow2/asm/asm/9.8/asm-9.8.jar:/home/runner/.minecraft/libraries/com/electronwill/night-config/toml/3.8.3/toml-3.8.3.jar:/home/runner/.minecraft/libraries/com/electronwill/night-config/core/3.8.3/core-3.8.3.jar:/home/runner/.minecraft/libraries/net/neoforged/JarJarSelector/0.5.0/JarJarSelector-0.5.0.jar:/home/runner/.minecraft/libraries/net/neoforged/JarJarMetadata/0.5.0/JarJarMetadata-0.5.0.jar:/home/runner/.minecraft/libraries/org/apache/maven/maven-artifact/3.9.9/maven-artifact-3.9.9.jar:/home/runner/.minecraft/libraries/net/jodah/typetools/0.6.3/typetools-0.6.3.jar:/home/runner/.minecraft/libraries/net/minecrell/terminalconsoleappender/1.3.0/terminalconsoleappender-1.3.0.jar:/home/runner/.minecraft/libraries/net/fabricmc/sponge-mixin/0.16.5+mixin.0.8.7/sponge-mixin-0.16.5+mixin.0.8.7.jar:/home/runner/.minecraft/libraries/net/neoforged/accesstransformers/at-parser/11.0.2/at-parser-11.0.2.jar:/home/runner/.minecraft/libraries/org/jline/jline-reader/3.20.0/jline-reader-3.20.0.jar:/home/runner/.minecraft/libraries/org/jline/jline-terminal/3.20.0/jline-terminal-3.20.0.jar:/home/runner/.minecraft/libraries/net/minecraftforge/srgutils/0.4.15/srgutils-0.4.15.jar:/home/runner/.minecraft/libraries/com/google/guava/listenablefuture/9999.0-empty-to-avoid-conflict-with-guava/listenablefuture-9999.0-empty-to-avoid-conflict-with-guava.jar:/home/runner/.minecraft/libraries/com/google/errorprone/error_prone_annotations/2.41.0/error_prone_annotations-2.41.0.jar:/home/runner/.minecraft/libraries/com/google/j2objc/j2objc-annotations/3.1/j2objc-annotations-3.1.jar:/home/runner/.minecraft/libraries/org/codehaus/plexus/plexus-utils/3.5.1/plexus-utils-3.5.1.jar:/home/runner/.minecraft/versions/neoforge-21.11.42/neoforge-21.11.42.jar)
	at com.sun.jna.NativeLibrary.loadLibrary(NativeLibrary.java:325) ~[jna-5.17.0.jar:5.17.0 (b0)]
	at com.sun.jna.NativeLibrary.getInstance(NativeLibrary.java:481) ~[jna-5.17.0.jar:5.17.0 (b0)]
	at com.sun.jna.NativeLibrary.getInstance(NativeLibrary.java:423) ~[jna-5.17.0.jar:5.17.0 (b0)]
	at com.mojang.text2speech.NarratorLinux$FliteLibrary.loadNative(NarratorLinux.java:79) ~[text2speech-1.18.11.jar:?]
	... 6 more
	Suppressed: java.lang.UnsatisfiedLinkError: libflite.so: cannot open shared object file: No such file or directory
		at com.sun.jna.Native.open(Native Method)
		at com.sun.jna.NativeLibrary.loadLibrary(NativeLibrary.java:213) ~[jna-5.17.0.jar:5.17.0 (b0)]
		... 9 more
	Suppressed: java.lang.UnsatisfiedLinkError: libflite.so: cannot open shared object file: No such file or directory
		at com.sun.jna.Native.open(Native Method)
		at com.sun.jna.NativeLibrary.loadLibrary(NativeLibrary.java:226) ~[jna-5.17.0.jar:5.17.0 (b0)]
		... 9 more
	Suppressed: java.io.IOException: Native library (linux-x86-64/libflite.so) not found in resource path (/home/runner/.minecraft/libraries/at/yawk/lz4/lz4-java/1.8.1/lz4-java-1.8.1.jar:/home/runner/.minecraft/libraries/com/azure/azure-json/1.4.0/azure-json-1.4.0.jar:/home/runner/.minecraft/libraries/com/github/oshi/oshi-core/6.9.0/oshi-core-6.9.0.jar:/home/runner/.minecraft/libraries/com/google/code/gson/gson/2.13.2/gson-2.13.2.jar:/home/runner/.minecraft/libraries/com/google/guava/failureaccess/1.0.3/failureaccess-1.0.3.jar:/home/runner/.minecraft/libraries/com/google/guava/guava/33.5.0-jre/guava-33.5.0-jre.jar:/home/runner/.minecraft/libraries/com/ibm/icu/icu4j/77.1/icu4j-77.1.jar:/home/runner/.minecraft/libraries/com/microsoft/azure/msal4j/1.23.1/msal4j-1.23.1.jar:/home/runner/.minecraft/libraries/com/mojang/authlib/7.0.61/authlib-7.0.61.jar:/home/runner/.minecraft/libraries/com/mojang/blocklist/1.0.10/blocklist-1.0.10.jar:/home/runner/.minecraft/libraries/com/mojang/brigadier/1.3.10/brigadier-1.3.10.jar:/home/runner/.minecraft/libraries/com/mojang/datafixerupper/9.0.19/datafixerupper-9.0.19.jar:/home/runner/.minecraft/libraries/com/mojang/jtracy/1.0.37/jtracy-1.0.37.jar:/home/runner/.minecraft/libraries/com/mojang/jtracy/1.0.37/jtracy-1.0.37-natives-linux.jar:/home/runner/.minecraft/libraries/com/mojang/logging/1.6.11/logging-1.6.11.jar:/home/runner/.minecraft/libraries/com/mojang/patchy/2.2.10/patchy-2.2.10.jar:/home/runner/.minecraft/libraries/com/mojang/text2speech/1.18.11/text2speech-1.18.11.jar:/home/runner/.minecraft/libraries/commons-codec/commons-codec/1.19.0/commons-codec-1.19.0.jar:/home/runner/.minecraft/libraries/commons-io/commons-io/2.20.0/commons-io-2.20.0.jar:/home/runner/.minecraft/libraries/io/netty/netty-buffer/4.2.7.Final/netty-buffer-4.2.7.Final.jar:/home/runner/.minecraft/libraries/io/netty/netty-codec-base/4.2.7.Final/netty-codec-base-4.2.7.Final.jar:/home/runner/.minecraft/libraries/io/netty/netty-codec-compression/4.2.7.Final/netty-codec-compression-4.2.7.Final.jar:/home/runner/.minecraft/libraries/io/netty/netty-codec-http/4.2.7.Final/netty-codec-http-4.2.7.Final.jar:/home/runner/.minecraft/libraries/io/netty/netty-common/4.2.7.Final/netty-common-4.2.7.Final.jar:/home/runner/.minecraft/libraries/io/netty/netty-handler/4.2.7.Final/netty-handler-4.2.7.Final.jar:/home/runner/.minecraft/libraries/io/netty/netty-resolver/4.2.7.Final/netty-resolver-4.2.7.Final.jar:/home/runner/.minecraft/libraries/io/netty/netty-transport-classes-epoll/4.2.7.Final/netty-transport-classes-epoll-4.2.7.Final.jar:/home/runner/.minecraft/libraries/io/netty/netty-transport-classes-kqueue/4.2.7.Final/netty-transport-classes-kqueue-4.2.7.Final.jar:/home/runner/.minecraft/libraries/io/netty/netty-transport-native-epoll/4.2.7.Final/netty-transport-native-epoll-4.2.7.Final-linux-aarch_64.jar:/home/runner/.minecraft/libraries/io/netty/netty-transport-native-epoll/4.2.7.Final/netty-transport-native-epoll-4.2.7.Final-linux-x86_64.jar:/home/runner/.minecraft/libraries/io/netty/netty-transport-native-unix-common/4.2.7.Final/netty-transport-native-unix-common-4.2.7.Final.jar:/home/runner/.minecraft/libraries/io/netty/netty-transport/4.2.7.Final/netty-transport-4.2.7.Final.jar:/home/runner/.minecraft/libraries/it/unimi/dsi/fastutil/8.5.18/fastutil-8.5.18.jar:/home/runner/.minecraft/libraries/net/java/dev/jna/jna-platform/5.17.0/jna-platform-5.17.0.jar:/home/runner/.minecraft/libraries/net/java/dev/jna/jna/5.17.0/jna-5.17.0.jar:/home/runner/.minecraft/libraries/net/sf/jopt-simple/jopt-simple/5.0.4/jopt-simple-5.0.4.jar:/home/runner/.minecraft/libraries/org/apache/commons/commons-compress/1.28.0/commons-compress-1.28.0.jar:/home/runner/.minecraft/libraries/org/apache/commons/commons-lang3/3.19.0/commons-lang3-3.19.0.jar:/home/runner/work/ModCompiler/ModCompiler/HeadlessMC/4fdb63b8-c783-4a1b-aabf-4ee787cca5b1/log4j-api-2.25.2.jar:/home/runner/work/ModCompiler/ModCompiler/HeadlessMC/4fdb63b8-c783-4a1b-aabf-4ee787cca5b1/log4j-core-2.25.2.jar:/home/runner/work/ModCompiler/ModCompiler/HeadlessMC/4fdb63b8-c783-4a1b-aabf-4ee787cca5b1/log4j-slf4j2-impl-2.25.2.jar:/home/runner/.minecraft/libraries/org/jcraft/jorbis/0.0.17/jorbis-0.0.17.jar:/home/runner/.minecraft/libraries/org/joml/joml/1.10.8/joml-1.10.8.jar:/home/runner/.minecraft/libraries/org/jspecify/jspecify/1.0.0/jspecify-1.0.0.jar:/home/runner/.minecraft/libraries/org/lwjgl/lwjgl-freetype/3.3.3/lwjgl-freetype-3.3.3.jar:/home/runner/.minecraft/libraries/org/lwjgl/lwjgl-freetype/3.3.3/lwjgl-freetype-3.3.3-natives-linux.jar:/home/runner/.minecraft/libraries/org/lwjgl/lwjgl-glfw/3.3.3/lwjgl-glfw-3.3.3.jar:/home/runner/.minecraft/libraries/org/lwjgl/lwjgl-glfw/3.3.3/lwjgl-glfw-3.3.3-natives-linux.jar:/home/runner/.minecraft/libraries/org/lwjgl/lwjgl-jemalloc/3.3.3/lwjgl-jemalloc-3.3.3.jar:/home/runner/.minecraft/libraries/org/lwjgl/lwjgl-jemalloc/3.3.3/lwjgl-jemalloc-3.3.3-natives-linux.jar:/home/runner/.minecraft/libraries/org/lwjgl/lwjgl-openal/3.3.3/lwjgl-openal-3.3.3.jar:/home/runner/.minecraft/libraries/org/lwjgl/lwjgl-openal/3.3.3/lwjgl-openal-3.3.3-natives-linux.jar:/home/runner/.minecraft/libraries/org/lwjgl/lwjgl-opengl/3.3.3/lwjgl-opengl-3.3.3.jar:/home/runner/.minecraft/libraries/org/lwjgl/lwjgl-opengl/3.3.3/lwjgl-opengl-3.3.3-natives-linux.jar:/home/runner/.minecraft/libraries/org/lwjgl/lwjgl-stb/3.3.3/lwjgl-stb-3.3.3.jar:/home/runner/.minecraft/libraries/org/lwjgl/lwjgl-stb/3.3.3/lwjgl-stb-3.3.3-natives-linux.jar:/home/runner/.minecraft/libraries/org/lwjgl/lwjgl-tinyfd/3.3.3/lwjgl-tinyfd-3.3.3.jar:/home/runner/.minecraft/libraries/org/lwjgl/lwjgl-tinyfd/3.3.3/lwjgl-tinyfd-3.3.3-natives-linux.jar:/home/runner/.minecraft/libraries/org/lwjgl/lwjgl/3.3.3/lwjgl-3.3.3.jar:/home/runner/.minecraft/libraries/org/lwjgl/lwjgl/3.3.3/lwjgl-3.3.3-natives-linux.jar:/home/runner/.minecraft/libraries/org/slf4j/slf4j-api/2.0.17/slf4j-api-2.0.17.jar:/home/runner/.minecraft/libraries/net/neoforged/fancymodloader/earlydisplay/10.0.36/earlydisplay-10.0.36.jar:/home/runner/.minecraft/libraries/net/neoforged/fancymodloader/loader/10.0.36/loader-10.0.36.jar:/home/runner/.minecraft/libraries/net/neoforged/accesstransformers/11.0.2/accesstransformers-11.0.2.jar:/home/runner/.minecraft/libraries/org/ow2/asm/asm-commons/9.8/asm-commons-9.8.jar:/home/runner/.minecraft/libraries/net/neoforged/mergetool/2.0.0/mergetool-2.0.0-api.jar:/home/runner/.minecraft/libraries/org/ow2/asm/asm-util/9.8/asm-util-9.8.jar:/home/runner/.minecraft/libraries/org/ow2/asm/asm-analysis/9.8/asm-analysis-9.8.jar:/home/runner/.minecraft/libraries/org/ow2/asm/asm-tree/9.8/asm-tree-9.8.jar:/home/runner/.minecraft/libraries/net/neoforged/bus/8.0.5/bus-8.0.5.jar:/home/runner/.minecraft/libraries/org/ow2/asm/asm/9.8/asm-9.8.jar:/home/runner/.minecraft/libraries/com/electronwill/night-config/toml/3.8.3/toml-3.8.3.jar:/home/runner/.minecraft/libraries/com/electronwill/night-config/core/3.8.3/core-3.8.3.jar:/home/runner/.minecraft/libraries/net/neoforged/JarJarSelector/0.5.0/JarJarSelector-0.5.0.jar:/home/runner/.minecraft/libraries/net/neoforged/JarJarMetadata/0.5.0/JarJarMetadata-0.5.0.jar:/home/runner/.minecraft/libraries/org/apache/maven/maven-artifact/3.9.9/maven-artifact-3.9.9.jar:/home/runner/.minecraft/libraries/net/jodah/typetools/0.6.3/typetools-0.6.3.jar:/home/runner/.minecraft/libraries/net/minecrell/terminalconsoleappender/1.3.0/terminalconsoleappender-1.3.0.jar:/home/runner/.minecraft/libraries/net/fabricmc/sponge-mixin/0.16.5+mixin.0.8.7/sponge-mixin-0.16.5+mixin.0.8.7.jar:/home/runner/.minecraft/libraries/net/neoforged/accesstransformers/at-parser/11.0.2/at-parser-11.0.2.jar:/home/runner/.minecraft/libraries/org/jline/jline-reader/3.20.0/jline-reader-3.20.0.jar:/home/runner/.minecraft/libraries/org/jline/jline-terminal/3.20.0/jline-terminal-3.20.0.jar:/home/runner/.minecraft/libraries/net/minecraftforge/srgutils/0.4.15/srgutils-0.4.15.jar:/home/runner/.minecraft/libraries/com/google/guava/listenablefuture/9999.0-empty-to-avoid-conflict-with-guava/listenablefuture-9999.0-empty-to-avoid-conflict-with-guava.jar:/home/runner/.minecraft/libraries/com/google/errorprone/error_prone_annotations/2.41.0/error_prone_annotations-2.41.0.jar:/home/runner/.minecraft/libraries/com/google/j2objc/j2objc-annotations/3.1/j2objc-annotations-3.1.jar:/home/runner/.minecraft/libraries/org/codehaus/plexus/plexus-utils/3.5.1/plexus-utils-3.5.1.jar:/home/runner/.minecraft/versions/neoforge-21.11.42/neoforge-21.11.42.jar)
		at com.sun.jna.Native.extractFromResourcePath(Native.java:1141)
		at com.sun.jna.NativeLibrary.loadLibrary(NativeLibrary.java:297) ~[jna-5.17.0.jar:5.17.0 (b0)]
		... 9 more
[21Jun2026 02:48:02.536] [Download-2/INFO] [com.mojang.realmsclient.client.RealmsClient/]: Could not authorize you against Realms server: javax.ws.rs.BadRequestException: Invalid session
[21Jun2026 02:48:02.537] [Download-2/ERROR] [com.mojang.realmsclient.client.RealmsClient/]: Failed to fetch Realms feature flags
com.mojang.realmsclient.exception.RealmsServiceException: Realms authentication error with message 'javax.ws.rs.BadRequestException: Invalid session'
	at TRANSFORMER/minecraft@1.21.11/com.mojang.realmsclient.client.RealmsClient.execute(RealmsClient.java:512) ~[minecraft-client-patched-21.11.42.jar:?]
	at TRANSFORMER/minecraft@1.21.11/com.mojang.realmsclient.client.RealmsClient.fetchFeatureFlags(RealmsClient.java:160) ~[minecraft-client-patched-21.11.42.jar:?]
	at java.base/java.util.concurrent.CompletableFuture$AsyncSupply.run(CompletableFuture.java:1768) ~[?:?]
	at java.base/java.util.concurrent.ThreadPoolExecutor.runWorker(ThreadPoolExecutor.java:1144) ~[?:?]
	at java.base/java.util.concurrent.ThreadPoolExecutor$Worker.run(ThreadPoolExecutor.java:642) ~[?:?]
	at java.base/java.lang.Thread.run(Thread.java:1583) [?:?]
[21Jun2026 02:48:02.541] [Render thread/INFO] [net.minecraft.server.packs.resources.ReloadableResourceManager/]: Reloading ResourceManager: vanilla, mod_resources, mod/pingfix, mod/mc_runtime_test, mod/neoforge
[21Jun2026 02:48:02.595] [Render thread/INFO] [net.minecraft.client.Minecraft/]: Waiting for overlay to disappear...
[21Jun2026 02:48:02.596] [Render thread/INFO] [net.minecraft.client.Minecraft/]: Waiting for player to load...
[21Jun2026 02:48:02.605] [Render thread/INFO] [net.minecraft.client.Minecraft/]: Waiting for overlay to disappear...
[21Jun2026 02:48:02.605] [Render thread/INFO] [net.minecraft.client.Minecraft/]: Waiting for player to load...
[21Jun2026 02:48:02.607] [Render thread/INFO] [net.minecraft.client.Minecraft/]: Waiting for overlay to disappear...
[21Jun2026 02:48:02.607] [Render thread/INFO] [net.minecraft.client.Minecraft/]: Waiting for player to load...
[21Jun2026 02:48:02.607] [Render thread/INFO] [net.minecraft.client.Minecraft/]: Waiting for overlay to disappear...
[21Jun2026 02:48:02.607] [Render thread/INFO] [net.minecraft.client.Minecraft/]: Waiting for player to load...
[21Jun2026 02:48:02.607] [Render thread/INFO] [net.minecraft.client.Minecraft/]: Waiting for overlay to disappear...
[21Jun2026 02:48:02.607] [Render thread/INFO] [net.minecraft.client.Minecraft/]: Waiting for player to load...
[21Jun2026 02:48:02.608] [Render thread/INFO] [net.minecraft.client.Minecraft/]: Waiting for overlay to disappear...
[21Jun2026 02:48:02.608] [Render thread/INFO] [net.minecraft.client.Minecraft/]: Waiting for player to load...
[21Jun2026 02:48:02.608] [Render thread/INFO] [net.minecraft.client.Minecraft/]: Waiting for overlay to disappear...
[21Jun2026 02:48:02.608] [Render thread/INFO] [net.minecraft.client.Minecraft/]: Waiting for player to load...
[21Jun2026 02:48:02.608] [Render thread/INFO] [net.minecraft.client.Minecraft/]: Waiting for overlay to disappear...
[21Jun2026 02:48:02.608] [Render thread/INFO] [net.minecraft.client.Minecraft/]: Waiting for player to load...
[21Jun2026 02:48:02.608] [Render thread/INFO] [net.minecraft.client.Minecraft/]: Waiting for overlay to disappear...
[21Jun2026 02:48:02.608] [Render thread/INFO] [net.minecraft.client.Minecraft/]: Waiting for player to load...
[21Jun2026 02:48:02.608] [Render thread/INFO] [net.minecraft.client.Minecraft/]: Waiting for overlay to disappear...
[21Jun2026 02:48:02.608] [Render thread/INFO] [net.minecraft.client.Minecraft/]: Waiting for player to load...
[21Jun2026 02:48:03.027] [Render thread/INFO] [net.minecraft.client.Minecraft/]: Waiting for overlay to disappear...
[21Jun2026 02:48:03.027] [Render thread/INFO] [net.minecraft.client.Minecraft/]: Waiting for player to load...
[21Jun2026 02:48:03.027] [Render thread/INFO] [net.minecraft.client.Minecraft/]: Waiting for overlay to disappear...
[21Jun2026 02:48:03.027] [Render thread/INFO] [net.minecraft.client.Minecraft/]: Waiting for player to load...
[21Jun2026 02:48:03.028] [Render thread/INFO] [net.minecraft.client.Minecraft/]: Waiting for overlay to disappear...
[21Jun2026 02:48:03.028] [Render thread/INFO] [net.minecraft.client.Minecraft/]: Waiting for player to load...
[21Jun2026 02:48:03.028] [Render thread/INFO] [net.minecraft.client.Minecraft/]: Waiting for overlay to disappear...
[21Jun2026 02:48:03.028] [Render thread/INFO] [net.minecraft.client.Minecraft/]: Waiting for player to load...
[21Jun2026 02:48:03.028] [Render thread/INFO] [net.minecraft.client.Minecraft/]: Waiting for overlay to disappear...
[21Jun2026 02:48:03.028] [Render thread/INFO] [net.minecraft.client.Minecraft/]: Waiting for player to load...
[21Jun2026 02:48:03.028] [Render thread/INFO] [net.minecraft.client.Minecraft/]: Waiting for overlay to disappear...
[21Jun2026 02:48:03.028] [Render thread/INFO] [net.minecraft.client.Minecraft/]: Waiting for player to load...
[21Jun2026 02:48:03.028] [Render thread/INFO] [net.minecraft.client.Minecraft/]: Waiting for overlay to disappear...
[21Jun2026 02:48:03.028] [Render thread/INFO] [net.minecraft.client.Minecraft/]: Waiting for player to load...
[21Jun2026 02:48:03.028] [Render thread/INFO] [net.minecraft.client.Minecraft/]: Waiting for overlay to disappear...
[21Jun2026 02:48:03.028] [Render thread/INFO] [net.minecraft.client.Minecraft/]: Waiting for player to load...
[21Jun2026 02:48:03.028] [Render thread/INFO] [net.minecraft.client.Minecraft/]: Waiting for overlay to disappear...
[21Jun2026 02:48:03.028] [Render thread/INFO] [net.minecraft.client.Minecraft/]: Waiting for player to load...
[21Jun2026 02:48:03.068] [Render thread/INFO] [net.minecraft.client.Minecraft/]: Waiting for overlay to disappear...
[21Jun2026 02:48:03.068] [Render thread/INFO] [net.minecraft.client.Minecraft/]: Waiting for player to load...
[21Jun2026 02:48:03.071] [Worker-Main-2/WARN] [net.minecraft.client.gui.font.FontManager/]: Unable to load font 'minecraft:include/unifont' in fonts.json in resourcepack: 'vanilla'
com.google.gson.JsonParseException: No key providers in MapLike[{}]
	at com.mojang.serialization.DataResult$Error.getOrThrow(DataResult.java:287) ~[datafixerupper-9.0.19.jar:?]
	at TRANSFORMER/minecraft@1.21.11/net.minecraft.client.gui.font.FontManager.loadResourceStack(FontManager.java:250) ~[minecraft-client-patched-21.11.42.jar:?]
	at TRANSFORMER/minecraft@1.21.11/net.minecraft.client.gui.font.FontManager.lambda$prepare$3(FontManager.java:108) ~[minecraft-client-patched-21.11.42.jar:?]
	at java.base/java.util.concurrent.CompletableFuture$AsyncSupply.run(CompletableFuture.java:1768) ~[?:?]
	at TRANSFORMER/minecraft@1.21.11/net.minecraft.server.packs.resources.SimpleReloadInstance.lambda$prepareTasks$0(SimpleReloadInstance.java:64) ~[minecraft-client-patched-21.11.42.jar:?]
	at java.base/java.util.concurrent.ForkJoinTask$RunnableExecuteAction.exec(ForkJoinTask.java:1423) ~[?:?]
	at java.base/java.util.concurrent.ForkJoinTask.doExec(ForkJoinTask.java:387) ~[?:?]
	at java.base/java.util.concurrent.ForkJoinPool$WorkQueue.topLevelExec(ForkJoinPool.java:1312) ~[?:?]
	at java.base/java.util.concurrent.ForkJoinPool.scan(ForkJoinPool.java:1843) [?:?]
	at java.base/java.util.concurrent.ForkJoinPool.runWorker(ForkJoinPool.java:1808) [?:?]
	at java.base/java.util.concurrent.ForkJoinWorkerThread.run(ForkJoinWorkerThread.java:188) [?:?]
[21Jun2026 02:48:03.072] [Worker-Main-2/WARN] [net.minecraft.client.gui.font.FontManager/]: Unable to load font 'minecraft:include/unifont_pua' in fonts.json in resourcepack: 'vanilla'
com.google.gson.JsonParseException: No key providers in MapLike[{}]
	at com.mojang.serialization.DataResult$Error.getOrThrow(DataResult.java:287) ~[datafixerupper-9.0.19.jar:?]
	at TRANSFORMER/minecraft@1.21.11/net.minecraft.client.gui.font.FontManager.loadResourceStack(FontManager.java:250) ~[minecraft-client-patched-21.11.42.jar:?]
	at TRANSFORMER/minecraft@1.21.11/net.minecraft.client.gui.font.FontManager.lambda$prepare$3(FontManager.java:108) ~[minecraft-client-patched-21.11.42.jar:?]
	at java.base/java.util.concurrent.CompletableFuture$AsyncSupply.run(CompletableFuture.java:1768) ~[?:?]
	at TRANSFORMER/minecraft@1.21.11/net.minecraft.server.packs.resources.SimpleReloadInstance.lambda$prepareTasks$0(SimpleReloadInstance.java:64) ~[minecraft-client-patched-21.11.42.jar:?]
	at java.base/java.util.concurrent.ForkJoinTask$RunnableExecuteAction.exec(ForkJoinTask.java:1423) ~[?:?]
	at java.base/java.util.concurrent.ForkJoinTask.doExec(ForkJoinTask.java:387) ~[?:?]
	at java.base/java.util.concurrent.ForkJoinPool$WorkQueue.topLevelExec(ForkJoinPool.java:1312) ~[?:?]
	at java.base/java.util.concurrent.ForkJoinPool.scan(ForkJoinPool.java:1843) [?:?]
	at java.base/java.util.concurrent.ForkJoinPool.runWorker(ForkJoinPool.java:1808) [?:?]
	at java.base/java.util.concurrent.ForkJoinWorkerThread.run(ForkJoinWorkerThread.java:188) [?:?]
[21Jun2026 02:48:03.120] [Render thread/INFO] [net.minecraft.client.Minecraft/]: Waiting for overlay to disappear...
[21Jun2026 02:48:03.121] [Render thread/INFO] [net.minecraft.client.Minecraft/]: Waiting for player to load...
[21Jun2026 02:48:03.175] [Render thread/INFO] [net.minecraft.client.Minecraft/]: Waiting for overlay to disappear...
[21Jun2026 02:48:03.176] [Render thread/INFO] [net.minecraft.client.Minecraft/]: Waiting for player to load...
[21Jun2026 02:48:03.212] [Render thread/INFO] [net.minecraft.client.Minecraft/]: Waiting for overlay to disappear...
[21Jun2026 02:48:03.212] [Render thread/INFO] [net.minecraft.client.Minecraft/]: Waiting for player to load...
[21Jun2026 02:48:03.270] [Render thread/INFO] [net.minecraft.client.Minecraft/]: Waiting for overlay to disappear...
[21Jun2026 02:48:03.271] [Render thread/INFO] [net.minecraft.client.Minecraft/]: Waiting for player to load...
[21Jun2026 02:48:03.323] [Render thread/INFO] [net.minecraft.client.Minecraft/]: Waiting for overlay to disappear...
[21Jun2026 02:48:03.323] [Render thread/INFO] [net.minecraft.client.Minecraft/]: Waiting for player to load...
[21Jun2026 02:48:03.364] [Render thread/INFO] [net.minecraft.client.Minecraft/]: Waiting for overlay to disappear...
[21Jun2026 02:48:03.364] [Render thread/INFO] [net.minecraft.client.Minecraft/]: Waiting for player to load...
[21Jun2026 02:48:03.419] [Render thread/INFO] [net.minecraft.client.Minecraft/]: Waiting for overlay to disappear...
[21Jun2026 02:48:03.419] [Render thread/INFO] [net.minecraft.client.Minecraft/]: Waiting for player to load...
[21Jun2026 02:48:03.459] [Render thread/INFO] [net.minecraft.client.Minecraft/]: Waiting for overlay to disappear...
[21Jun2026 02:48:03.459] [Render thread/INFO] [net.minecraft.client.Minecraft/]: Waiting for player to load...
[21Jun2026 02:48:03.508] [Render thread/INFO] [net.minecraft.client.Minecraft/]: Waiting for overlay to disappear...
[21Jun2026 02:48:03.508] [Render thread/INFO] [net.minecraft.client.Minecraft/]: Waiting for player to load...
[21Jun2026 02:48:03.562] [Render thread/INFO] [net.minecraft.client.Minecraft/]: Waiting for overlay to disappear...
[21Jun2026 02:48:03.562] [Render thread/INFO] [net.minecraft.client.Minecraft/]: Waiting for player to load...
[21Jun2026 02:48:03.621] [Render thread/INFO] [net.minecraft.client.Minecraft/]: Waiting for overlay to disappear...
[21Jun2026 02:48:03.621] [Render thread/INFO] [net.minecraft.client.Minecraft/]: Waiting for player to load...
[21Jun2026 02:48:03.673] [Render thread/INFO] [net.minecraft.client.Minecraft/]: Waiting for overlay to disappear...
[21Jun2026 02:48:03.673] [Render thread/INFO] [net.minecraft.client.Minecraft/]: Waiting for player to load...
[21Jun2026 02:48:03.721] [Render thread/INFO] [net.minecraft.client.Minecraft/]: Waiting for overlay to disappear...
[21Jun2026 02:48:03.722] [Render thread/INFO] [net.minecraft.client.Minecraft/]: Waiting for player to load...
[21Jun2026 02:48:03.766] [Render thread/INFO] [net.minecraft.client.Minecraft/]: Waiting for overlay to disappear...
[21Jun2026 02:48:03.766] [Render thread/INFO] [net.minecraft.client.Minecraft/]: Waiting for player to load...
[21Jun2026 02:48:03.876] [Render thread/INFO] [net.minecraft.client.Minecraft/]: Waiting for overlay to disappear...
[21Jun2026 02:48:03.876] [Render thread/INFO] [net.minecraft.client.Minecraft/]: Waiting for player to load...
[21Jun2026 02:48:03.901] [Render thread/INFO] [net.minecraft.client.Minecraft/]: Waiting for overlay to disappear...
[21Jun2026 02:48:03.901] [Render thread/INFO] [net.minecraft.client.Minecraft/]: Waiting for player to load...
[21Jun2026 02:48:03.917] [Render thread/INFO] [net.minecraft.client.Minecraft/]: Waiting for overlay to disappear...
[21Jun2026 02:48:03.918] [Render thread/INFO] [net.minecraft.client.Minecraft/]: Waiting for player to load...
[21Jun2026 02:48:03.969] [Render thread/INFO] [net.minecraft.client.Minecraft/]: Waiting for overlay to disappear...
[21Jun2026 02:48:03.969] [Render thread/INFO] [net.minecraft.client.Minecraft/]: Waiting for player to load...
[21Jun2026 02:48:04.008] [Render thread/INFO] [net.minecraft.client.Minecraft/]: Waiting for overlay to disappear...
[21Jun2026 02:48:04.008] [Render thread/INFO] [net.minecraft.client.Minecraft/]: Waiting for player to load...
[21Jun2026 02:48:04.079] [Render thread/INFO] [net.minecraft.client.Minecraft/]: Waiting for overlay to disappear...
[21Jun2026 02:48:04.080] [Render thread/INFO] [net.minecraft.client.Minecraft/]: Waiting for player to load...
[21Jun2026 02:48:04.121] [Render thread/INFO] [net.minecraft.client.Minecraft/]: Waiting for overlay to disappear...
[21Jun2026 02:48:04.122] [Render thread/INFO] [net.minecraft.client.Minecraft/]: Waiting for player to load...
[21Jun2026 02:48:04.160] [Render thread/INFO] [net.minecraft.client.Minecraft/]: Waiting for overlay to disappear...
[21Jun2026 02:48:04.160] [Render thread/INFO] [net.minecraft.client.Minecraft/]: Waiting for player to load...
[21Jun2026 02:48:04.220] [Render thread/INFO] [net.minecraft.client.Minecraft/]: Waiting for overlay to disappear...
[21Jun2026 02:48:04.220] [Render thread/INFO] [net.minecraft.client.Minecraft/]: Waiting for player to load...
[21Jun2026 02:48:04.260] [Render thread/INFO] [net.minecraft.client.Minecraft/]: Waiting for overlay to disappear...
[21Jun2026 02:48:04.261] [Render thread/INFO] [net.minecraft.client.Minecraft/]: Waiting for player to load...
[21Jun2026 02:48:04.316] [Render thread/INFO] [net.minecraft.client.Minecraft/]: Waiting for overlay to disappear...
[21Jun2026 02:48:04.317] [Render thread/INFO] [net.minecraft.client.Minecraft/]: Waiting for player to load...
[21Jun2026 02:48:04.368] [Render thread/INFO] [net.minecraft.client.Minecraft/]: Waiting for overlay to disappear...
[21Jun2026 02:48:04.368] [Render thread/INFO] [net.minecraft.client.Minecraft/]: Waiting for player to load...
[21Jun2026 02:48:04.421] [Render thread/INFO] [net.minecraft.client.Minecraft/]: Waiting for overlay to disappear...
[21Jun2026 02:48:04.421] [Render thread/INFO] [net.minecraft.client.Minecraft/]: Waiting for player to load...
[21Jun2026 02:48:04.476] [Render thread/INFO] [net.minecraft.client.Minecraft/]: Waiting for overlay to disappear...
[21Jun2026 02:48:04.477] [Render thread/INFO] [net.minecraft.client.Minecraft/]: Waiting for player to load...
[21Jun2026 02:48:04.522] [Render thread/INFO] [net.minecraft.client.Minecraft/]: Waiting for overlay to disappear...
[21Jun2026 02:48:04.523] [Render thread/INFO] [net.minecraft.client.Minecraft/]: Waiting for player to load...
[21Jun2026 02:48:04.559] [Render thread/INFO] [net.minecraft.client.Minecraft/]: Waiting for overlay to disappear...
[21Jun2026 02:48:04.559] [Render thread/INFO] [net.minecraft.client.Minecraft/]: Waiting for player to load...
[21Jun2026 02:48:04.614] [Render thread/INFO] [net.minecraft.client.Minecraft/]: Waiting for overlay to disappear...
[21Jun2026 02:48:04.614] [Render thread/INFO] [net.minecraft.client.Minecraft/]: Waiting for player to load...
[21Jun2026 02:48:04.664] [Render thread/INFO] [net.minecraft.client.Minecraft/]: Waiting for overlay to disappear...
[21Jun2026 02:48:04.664] [Render thread/INFO] [net.minecraft.client.Minecraft/]: Waiting for player to load...
[21Jun2026 02:48:04.714] [Render thread/INFO] [net.minecraft.client.Minecraft/]: Waiting for overlay to disappear...
[21Jun2026 02:48:04.715] [Render thread/INFO] [net.minecraft.client.Minecraft/]: Waiting for player to load...
[21Jun2026 02:48:04.765] [Render thread/INFO] [net.minecraft.client.Minecraft/]: Waiting for overlay to disappear...
[21Jun2026 02:48:04.765] [Render thread/INFO] [net.minecraft.client.Minecraft/]: Waiting for player to load...
[21Jun2026 02:48:04.812] [Render thread/INFO] [net.minecraft.client.Minecraft/]: Waiting for overlay to disappear...
[21Jun2026 02:48:04.812] [Render thread/INFO] [net.minecraft.client.Minecraft/]: Waiting for player to load...
[21Jun2026 02:48:05.262] [Render thread/WARN] [net.minecraft.client.sounds.SoundEngine/]: Missing sound for event: minecraft:entity.allay.ambient_with_item
[21Jun2026 02:48:05.262] [Render thread/WARN] [net.minecraft.client.sounds.SoundEngine/]: Missing sound for event: minecraft:entity.allay.ambient_without_item
[21Jun2026 02:48:05.262] [Render thread/WARN] [net.minecraft.client.sounds.SoundEngine/]: Missing sound for event: minecraft:entity.allay.death
[21Jun2026 02:48:05.262] [Render thread/WARN] [net.minecraft.client.sounds.SoundEngine/]: Missing sound for event: minecraft:entity.allay.hurt
[21Jun2026 02:48:05.262] [Render thread/WARN] [net.minecraft.client.sounds.SoundEngine/]: Missing sound for event: minecraft:entity.allay.item_given
[21Jun2026 02:48:05.262] [Render thread/WARN] [net.minecraft.client.sounds.SoundEngine/]: Missing sound for event: minecraft:entity.allay.item_taken
[21Jun2026 02:48:05.262] [Render thread/WARN] [net.minecraft.client.sounds.SoundEngine/]: Missing sound for event: minecraft:entity.allay.item_thrown
[21Jun2026 02:48:05.262] [Render thread/WARN] [net.minecraft.client.sounds.SoundEngine/]: Missing sound for event: minecraft:ambient.cave
[21Jun2026 02:48:05.263] [Render thread/WARN] [net.minecraft.client.sounds.SoundEngine/]: Missing sound for event: minecraft:ambient.basalt_deltas.additions
[21Jun2026 02:48:05.263] [Render thread/WARN] [net.minecraft.client.sounds.SoundEngine/]: Missing sound for event: minecraft:ambient.basalt_deltas.loop
[21Jun2026 02:48:05.263] [Render thread/WARN] [net.minecraft.client.sounds.SoundEngine/]: Missing sound for event: minecraft:ambient.basalt_deltas.mood
[21Jun2026 02:48:05.263] [Render thread/WARN] [net.minecraft.client.sounds.SoundEngine/]: Missing sound for event: minecraft:ambient.crimson_forest.additions
[21Jun2026 02:48:05.263] [Render thread/WARN] [net.minecraft.client.sounds.SoundEngine/]: Missing sound for event: minecraft:ambient.crimson_forest.loop
[21Jun2026 02:48:05.263] [Render thread/WARN] [net.minecraft.client.sounds.SoundEngine/]: Missing sound for event: minecraft:ambient.crimson_forest.mood
[21Jun2026 02:48:05.263] [Render thread/WARN] [net.minecraft.client.sounds.SoundEngine/]: Missing sound for event: minecraft:ambient.nether_wastes.additions
[21Jun2026 02:48:05.263] [Render thread/WARN] [net.minecraft.client.sounds.SoundEngine/]: Missing sound for event: minecraft:ambient.nether_wastes.loop
[21Jun2026 02:48:05.263] [Render thread/WARN] [net.minecraft.client.sounds.SoundEngine/]: Missing sound for event: minecraft:ambient.nether_wastes.mood
[21Jun2026 02:48:05.263] [Render thread/WARN] [net.minecraft.client.sounds.SoundEngine/]: Missing sound for event: minecraft:ambient.soul_sand_valley.additions
[21Jun2026 02:48:05.263] [Render thread/WARN] [net.minecraft.client.sounds.SoundEngine/]: Missing sound for event: minecraft:ambient.soul_sand_valley.loop
[21Jun2026 02:48:05.263] [Render thread/WARN] [net.minecraft.client.sounds.SoundEngine/]: Missing sound for event: minecraft:ambient.soul_sand_valley.mood
[21Jun2026 02:48:05.263] [Render thread/WARN] [net.minecraft.client.sounds.SoundEngine/]: Missing sound for event: minecraft:ambient.warped_forest.additions
[21Jun2026 02:48:05.263] [Render thread/WARN] [net.minecraft.client.sounds.SoundEngine/]: Missing sound for event: minecraft:ambient.warped_forest.loop
[21Jun2026 02:48:05.263] [Render thread/WARN] [net.minecraft.client.sounds.SoundEngine/]: Missing sound for event: minecraft:ambient.warped_forest.mood
[21Jun2026 02:48:05.263] [Render thread/WARN] [net.minecraft.client.sounds.SoundEngine/]: Missing sound for event: minecraft:ambient.underwater.enter
[21Jun2026 02:48:05.263] [Render thread/WARN] [net.minecraft.client.sounds.SoundEngine/]: Missing sound for event: minecraft:ambient.underwater.exit
[21Jun2026 02:48:05.264] [Render thread/WARN] [net.minecraft.client.sounds.SoundEngine/]: Missing sound for event: minecraft:ambient.underwater.loop
[21Jun2026 02:48:05.264] [Render thread/WARN] [net.minecraft.client.sounds.SoundEngine/]: Missing sound for event: minecraft:ambient.underwater.loop.additions
[21Jun2026 02:48:05.264] [Render thread/WARN] [net.minecraft.client.sounds.SoundEngine/]: Missing sound for event: minecraft:ambient.underwater.loop.additions.rare
[21Jun2026 02:48:05.264] [Render thread/WARN] [net.minecraft.client.sounds.SoundEngine/]: Missing sound for event: minecraft:ambient.underwater.loop.additions.ultra_rare
[21Jun2026 02:48:05.264] [Render thread/WARN] [net.minecraft.client.sounds.SoundEngine/]: Missing sound for event: minecraft:block.amethyst_block.break
[21Jun2026 02:48:05.264] [Render thread/WARN] [net.minecraft.client.sounds.SoundEngine/]: Missing sound for event: minecraft:block.amethyst_block.chime
[21Jun2026 02:48:05.264] [Render thread/WARN] [net.minecraft.client.sounds.SoundEngine/]: Missing sound for event: minecraft:block.amethyst_block.fall
[21Jun2026 02:48:05.264] [Render thread/WARN] [net.minecraft.client.sounds.SoundEngine/]: Missing sound for event: minecraft:block.amethyst_block.hit
[21Jun2026 02:48:05.264] [Render thread/WARN] [net.minecraft.client.sounds.SoundEngine/]: Missing sound for event: minecraft:block.amethyst_block.place
[21Jun2026 02:48:05.264] [Render thread/WARN] [net.minecraft.client.sounds.SoundEngine/]: Missing sound for event: minecraft:block.amethyst_block.resonate
[21Jun2026 02:48:05.264] [Render thread/WARN] [net.minecraft.client.sounds.SoundEngine/]: Missing sound for event: minecraft:block.amethyst_block.step
[21Jun2026 02:48:05.264] [Render thread/WARN] [net.minecraft.client.sounds.SoundEngine/]: Missing sound for event: minecraft:block.amethyst_cluster.break
[21Jun2026 02:48:05.264] [Render thread/WARN] [net.minecraft.client.sounds.SoundEngine/]: Missing sound for event: minecraft:block.amethyst_cluster.fall
[21Jun2026 02:48:05.264] [Render thread/WARN] [net.minecraft.client.sounds.SoundEngine/]: Missing sound for event: minecraft:block.amethyst_cluster.hit
[21Jun2026 02:48:05.264] [Render thread/WARN] [net.minecraft.client.sounds.SoundEngine/]: Missing sound for event: minecraft:block.amethyst_cluster.place
[21Jun2026 02:48:05.264] [Render thread/WARN] [net.minecraft.client.sounds.SoundEngine/]: Missing sound for event: minecraft:block.amethyst_cluster.step
[21Jun2026 02:48:05.264] [Render thread/WARN] [net.minecraft.client.sounds.SoundEngine/]: Missing sound for event: minecraft:block.ancient_debris.break
[21Jun2026 02:48:05.265] [Render thread/WARN] [net.minecraft.client.sounds.SoundEngine/]: Missing sound for event: minecraft:block.ancient_debris.step
[21Jun2026 02:48:05.265] [Render thread/WARN] [net.minecraft.client.sounds.SoundEngine/]: Missing sound for event: minecraft:block.ancient_debris.place
[21Jun2026 02:48:05.265] [Render thread/WARN] [net.minecraft.client.sounds.SoundEngine/]: Missing sound for event: minecraft:block.ancient_debris.hit
[21Jun2026 02:48:05.265] [Render thread/WARN] [net.minecraft.client.sounds.SoundEngine/]: Missing sound for event: minecraft:block.ancient_debris.fall
[21Jun2026 02:48:05.265] [Render thread/WARN] [net.minecraft.client.sounds.SoundEngine/]: Missing sound for event: minecraft:block.anvil.break
[21Jun2026 02:48:05.265] [Render thread/WARN] [net.minecraft.client.sounds.SoundEngine/]: Missing sound for event: minecraft:block.anvil.destroy
[21Jun2026 02:48:05.265] [Render thread/WARN] [net.minecraft.client.sounds.SoundEngine/]: Missing sound for event: minecraft:block.anvil.fall
[21Jun2026 02:48:05.265] [Render thread/WARN] [net.minecraft.client.sounds.SoundEngine/]: Missing sound for event: minecraft:block.anvil.hit
[21Jun2026 02:48:05.265] [Render thread/WARN] [net.minecraft.client.sounds.SoundEngine/]: Missing sound for event: minecraft:block.anvil.land
[21Jun2026 02:48:05.265] [Render thread/WARN] [net.minecraft.client.sounds.SoundEngine/]: Missing sound for event: minecraft:block.anvil.place
[21Jun2026 02:48:05.265] [Render thread/WARN] [net.minecraft.client.sounds.SoundEngine/]: Missing sound for event: minecraft:block.anvil.step
[21Jun2026 02:48:05.265] [Render thread/WARN] [net.minecraft.client.sounds.SoundEngine/]: Missing sound for event: minecraft:block.anvil.use
[21Jun2026 02:48:05.265] [Render thread/WARN] [net.minecraft.client.sounds.SoundEngine/]: Missing sound for event: minecraft:entity.armadillo.eat
[21Jun2026 02:48:05.266] [Render thread/WARN] [net.minecraft.client.sounds.SoundEngine/]: Missing sound for event: minecraft:entity.armadillo.hurt
[21Jun2026 02:48:05.266] [Render thread/WARN] [net.minecraft.client.sounds.SoundEngine/]: Missing sound for event: minecraft:entity.armadillo.hurt_reduced
[21Jun2026 02:48:05.266] [Render thread/WARN] [net.minecraft.client.sounds.SoundEngine/]: Missing sound for event: minecraft:entity.armadillo.ambient
[21Jun2026 02:48:05.266] [Render thread/WARN] [net.minecraft.client.sounds.SoundEngine/]: Missing sound for event: minecraft:entity.armadillo.step
[21Jun2026 02:48:05.266] [Render thread/WARN] [net.minecraft.client.sounds.SoundEngine/]: Missing sound for event: minecraft:entity.armadillo.death
[21Jun2026 02:48:05.266] [Render thread/WARN] [net.minecraft.client.sounds.SoundEngine/]: Missing sound for event: minecraft:entity.armadillo.roll
[21Jun2026 02:48:05.266] [Render thread/WARN] [net.minecraft.client.sounds.SoundEngine/]: Missing sound for event: minecraft:entity.armadillo.land
[21Jun2026 02:48:05.266] [Render thread/WARN] [net.minecraft.client.sounds.SoundEngine/]: Missing sound for event: minecraft:entity.armadillo.scute_drop
[21Jun2026 02:48:05.266] [Render thread/WARN] [net.minecraft.client.sounds.SoundEngine/]: Missing sound for event: minecraft:entity.armadillo.unroll_finish
[21Jun2026 02:48:05.266] [Render thread/WARN] [net.minecraft.client.sounds.SoundEngine/]: Missing sound for event: minecraft:entity.armadillo.peek
[21Jun2026 02:48:05.266] [Render thread/WARN] [net.minecraft.client.sounds.SoundEngine/]: Missing sound for event: minecraft:entity.armadillo.unroll_start
[21Jun2026 02:48:05.266] [Render thread/WARN] [net.minecraft.client.sounds.SoundEngine/]: Missing sound for event: minecraft:entity.armadillo.brush
[21Jun2026 02:48:05.266] [Render thread/WARN] [net.minecraft.client.sounds.SoundEngine/]: Missing sound for event: minecraft:item.armor.equip_chain
[21Jun2026 02:48:05.266] [Render thread/WARN] [net.minecraft.client.sounds.SoundEngine/]: Missing sound for event: minecraft:item.armor.equip_diamond
[21Jun2026 02:48:05.266] [Render thread/WARN] [net.minecraft.client.sounds.SoundEngine/]: Missing sound for event: minecraft:item.armor.equip_elytra
[21Jun2026 02:48:05.266] [Render thread/WARN] [net.minecraft.client.sounds.SoundEngine/]: Missing sound for event: minecraft:item.armor.equip_generic
[21Jun2026 02:48:05.266] [Render thread/WARN] [net.minecraft.client.sounds.SoundEngine/]: Missing sound for event: minecraft:item.armor.equip_gold
[21Jun2026 02:48:05.266] [Render thread/WARN] [net.minecraft.client.sounds.SoundEngine/]: Missing sound for event: minecraft:item.armor.equip_iron
[21Jun2026 02:48:05.267] [Render thread/WARN] [net.minecraft.client.sounds.SoundEngine/]: Missing sound for event: minecraft:item.armor.equip_leather
[21Jun2026 02:48:05.267] [Render thread/WARN] [net.minecraft.client.sounds.SoundEngine/]: Missing sound for event: minecraft:item.armor.equip_copper
[21Jun2026 02:48:05.267] [Render thread/WARN] [net.minecraft.client.sounds.SoundEngine/]: Missing sound for event: minecraft:item.armor.equip_netherite
[21Jun2026 02:48:05.267] [Render thread/WARN] [net.minecraft.client.sounds.SoundEngine/]: Missing sound for event: minecraft:item.armor.equip_turtle
[21Jun2026 02:48:05.267] [Render thread/WARN] [net.minecraft.client.sounds.SoundEngine/]: Missing sound for event: minecraft:item.armor.equip_wolf
[21Jun2026 02:48:05.267] [Render thread/WARN] [net.minecraft.client.sounds.SoundEngine/]: Missing sound for event: minecraft:item.armor.unequip_wolf
[21Jun2026 02:48:05.267] [Render thread/WARN] [net.minecraft.client.sounds.SoundEngine/]: Missing sound for event: minecraft:item.armor.equip_nautilus
[21Jun2026 02:48:05.267] [Render thread/WARN] [net.minecraft.client.sounds.SoundEngine/]: Missing sound for event: minecraft:item.armor.unequip_nautilus
[21Jun2026 02:48:05.267] [Render thread/WARN] [net.minecraft.client.sounds.SoundEngine/]: Missing sound for event: minecraft:entity.armor_stand.break
[21Jun2026 02:48:05.267] [Render thread/WARN] [net.minecraft.client.sounds.SoundEngine/]: Missing sound for event: minecraft:entity.armor_stand.fall
[21Jun2026 02:48:05.267] [Render thread/WARN] [net.minecraft.client.sounds.SoundEngine/]: Missing sound for event: minecraft:entity.armor_stand.hit
[21Jun2026 02:48:05.267] [Render thread/WARN] [net.minecraft.client.sounds.SoundEngine/]: Missing sound for event: minecraft:entity.armor_stand.place
[21Jun2026 02:48:05.267] [Render thread/WARN] [net.minecraft.client.sounds.SoundEngine/]: Missing sound for event: minecraft:entity.arrow.hit
[21Jun2026 02:48:05.267] [Render thread/WARN] [net.minecraft.client.sounds.SoundEngine/]: Missing sound for event: minecraft:entity.arrow.hit_player
[21Jun2026 02:48:05.267] [Render thread/WARN] [net.minecraft.client.sounds.SoundEngine/]: Missing sound for event: minecraft:entity.arrow.shoot
[21Jun2026 02:48:05.267] [Render thread/WARN] [net.minecraft.client.sounds.SoundEngine/]: Missing sound for event: minecraft:item.axe.strip
[21Jun2026 02:48:05.267] [Render thread/WARN] [net.minecraft.client.sounds.SoundEngine/]: Missing sound for event: minecraft:item.axe.scrape
[21Jun2026 02:48:05.267] [Render thread/WARN] [net.minecraft.client.sounds.SoundEngine/]: Missing sound for event: minecraft:item.axe.wax_off
[21Jun2026 02:48:05.267] [Render thread/WARN] [net.minecraft.client.sounds.SoundEngine/]: Missing sound for event: minecraft:entity.axolotl.attack
[21Jun2026 02:48:05.267] [Render thread/WARN] [net.minecraft.client.sounds.SoundEngine/]: Missing sound for event: minecraft:entity.axolotl.death
[21Jun2026 02:48:05.267] [Render thread/WARN] [net.minecraft.client.sounds.SoundEngine/]: Missing sound for event: minecraft:entity.axolotl.hurt
[21Jun2026 02:48:05.268] [Render thread/WARN] [net.minecraft.client.sounds.SoundEngine/]: Missing sound for event: minecraft:entity.axolotl.idle_air
[21Jun2026 02:48:05.268] [Render thread/WARN] [net.minecraft.client.sounds.SoundEngine/]: Missing sound for event: minecraft:entity.axolotl.idle_water
[21Jun2026 02:48:05.268] [Render thread/WARN] [net.minecraft.client.sounds.SoundEngine/]: Missing sound for event: minecraft:entity.axolotl.splash
[21Jun2026 02:48:05.268] [Render thread/WARN] [net.minecraft.client.sounds.SoundEngine/]: Missing sound for event: minecraft:entity.axolotl.swim
[21Jun2026 02:48:05.268] [Render thread/WARN] [net.minecraft.client.sounds.SoundEngine/]: Missing sound for event: minecraft:block.azalea.break
[21Jun2026 02:48:05.268] [Render thread/WARN] [net.minecraft.client.sounds.SoundEngine/]: Missing sound for event: minecraft:block.azalea.fall
[21Jun2026 02:48:05.268] [Render thread/WARN] [net.minecraft.client.sounds.SoundEngine/]: Missing sound for event: minecraft:block.azalea.hit
[21Jun2026 02:48:05.268] [Render thread/WARN] [net.minecraft.client.sounds.SoundEngine/]: Missing sound for event: minecraft:block.azalea.place
[21Jun2026 02:48:05.268] [Render thread/WARN] [net.minecraft.client.sounds.SoundEngine/]: Missing sound for event: minecraft:block.azalea.step
[21Jun2026 02:48:05.268] [Render thread/WARN] [net.minecraft.client.sounds.SoundEngine/]: Missing sound for event: minecraft:block.azalea_leaves.break
[21Jun2026 02:48:05.268] [Render thread/WARN] [net.minecraft.client.sounds.SoundEngine/]: Missing sound for event: minecraft:block.azalea_leaves.fall
[21Jun2026 02:48:05.268] [Render thread/WARN] [net.minecraft.client.sounds.SoundEngine/]: Missing sound for event: minecraft:block.azalea_leaves.hit
[21Jun2026 02:48:05.268] [Render thread/WARN] [net.minecraft.client.sounds.SoundEngine/]: Missing sound for event: minecraft:block.azalea_leaves.place
[21Jun2026 02:48:05.268] [Render thread/WARN] [net.minecraft.client.sounds.SoundEngine/]: Missing sound for event: minecraft:block.azalea_leaves.step
[21Jun2026 02:48:05.268] [Render thread/WARN] [net.minecraft.client.sounds.SoundEngine/]: Missing sound for event: minecraft:entity.baby_nautilus.ambient
[21Jun2026 02:48:05.268] [Render thread/WARN] [net.minecraft.client.sounds.SoundEngine/]: Missing sound for event: minecraft:entity.baby_nautilus.ambient_land
[21Jun2026 02:48:05.268] [Render thread/WARN] [net.minecraft.client.sounds.SoundEngine/]: Missing sound for event: minecraft:entity.baby_nautilus.death
[21Jun2026 02:48:05.268] [Render thread/WARN] [net.minecraft.client.sounds.SoundEngine/]: Missing sound for event: minecraft:entity.baby_nautilus.death_land
[21Jun2026 02:48:05.268] [Render thread/WARN] [net.minecraft.client.sounds.SoundEngine/]: Missing sound for event: minecraft:entity.baby_nautilus.eat
[21Jun2026 02:48:05.268] [Render thread/WARN] [net.minecraft.client.sounds.SoundEngine/]: Missing sound for event: minecraft:entity.baby_nautilus.hurt
[21Jun2026 02:48:05.269] [Render thread/WARN] [net.minecraft.client.sounds.SoundEngine/]: Missing sound for event: minecraft:entity.baby_nautilus.hurt_land
[21Jun2026 02:48:05.269] [Render thread/WARN] [net.minecraft.client.sounds.SoundEngine/]: Missing sound for event: minecraft:entity.nautilus.riding
[21Jun2026 02:48:05.269] [Render thread/WARN] [net.minecraft.client.sounds.SoundEngine/]: Missing sound for event: minecraft:entity.baby_nautilus.swim
[21Jun2026 02:48:05.269] [Render thread/WARN] [net.minecraft.client.sounds.SoundEngine/]: Missing sound for event: minecraft:block.bamboo.break
[21Jun2026 02:48:05.269] [Render thread/WARN] [net.minecraft.client.sounds.SoundEngine/]: Missing sound for event: minecraft:block.bamboo.fall
[21Jun2026 02:48:05.269] [Render thread/WARN] [net.minecraft.client.sounds.SoundEngine/]: Missing sound for event: minecraft:block.bamboo.hit
[21Jun2026 02:48:05.269] [Render thread/WARN] [net.minecraft.client.sounds.SoundEngine/]: Missing sound for event: minecraft:block.bamboo.place
[21Jun2026 02:48:05.269] [Render thread/WARN] [net.minecraft.client.sounds.SoundEngine/]: Missing sound for event: minecraft:block.bamboo.step
[21Jun2026 02:48:05.269] [Render thread/WARN] [net.minecraft.client.sounds.SoundEngine/]: Missing sound for event: minecraft:block.bamboo_sapling.break
[21Jun2026 02:48:05.269] [Render thread/WARN] [net.minecraft.client.sounds.SoundEngine/]: Missing sound for event: minecraft:block.bamboo_sapling.hit
[21Jun2026 02:48:05.269] [Render thread/WARN] [net.minecraft.client.sounds.SoundEngine/]: Missing sound for event: minecraft:block.bamboo_sapling.place
[21Jun2026 02:48:05.269] [Render thread/WARN] [net.minecraft.client.sounds.SoundEngine/]: Missing sound for event: minecraft:block.bamboo_wood.break
[21Jun2026 02:48:05.269] [Render thread/WARN] [net.minecraft.client.sounds.SoundEngine/]: Missing sound for event: minecraft:block.bamboo_wood.fall
[21Jun2026 02:48:05.269] [Render thread/WARN] [net.minecraft.client.sounds.SoundEngine/]: Missing sound for event: minecraft:block.bamboo_wood.hit
[21Jun2026 02:48:05.269] [Render thread/WARN] [net.minecraft.client.sounds.SoundEngine/]: Missing sound for event: minecraft:block.bamboo_wood.place
[21Jun2026 02:48:05.269] [Render thread/WARN] [net.minecraft.client.sounds.SoundEngine/]: Missing sound for event: minecraft:block.bamboo_wood.step
[21Jun2026 02:48:05.269] [Render thread/WARN] [net.minecraft.client.sounds.SoundEngine/]: Missing sound for event: minecraft:block.bamboo_wood_door.close
[21Jun2026 02:48:05.269] [Render thread/WARN] [net.minecraft.client.sounds.SoundEngine/]: Missing sound for event: minecraft:block.bamboo_wood_door.open
[21Jun2026 02:48:05.269] [Render thread/WARN] [net.minecraft.client.sounds.SoundEngine/]: Missing sound for event: minecraft:block.bamboo_wood_trapdoor.close
[21Jun2026 02:48:05.269] [Render thread/WARN] [net.minecraft.client.sounds.SoundEngine/]: Missing sound for event: minecraft:block.bamboo_wood_trapdoor.open
[21Jun2026 02:48:05.269] [Render thread/WARN] [net.minecraft.client.sounds.SoundEngine/]: Missing sound for event: minecraft:block.bamboo_wood_button.click_off
[21Jun2026 02:48:05.270] [Render thread/WARN] [net.minecraft.client.sounds.SoundEngine/]: Missing sound for event: minecraft:block.bamboo_wood_button.click_on
[21Jun2026 02:48:05.270] [Render thread/WARN] [net.minecraft.client.sounds.SoundEngine/]: Missing sound for event: minecraft:block.bamboo_wood_pressure_plate.click_off
[21Jun2026 02:48:05.270] [Render thread/WARN] [net.minecraft.client.sounds.SoundEngine/]: Missing sound for event: minecraft:block.bamboo_wood_pressure_plate.click_on
[21Jun2026 02:48:05.270] [Render thread/WARN] [net.minecraft.client.sounds.SoundEngine/]: Missing sound for event: minecraft:block.bamboo_wood_fence_gate.close
[21Jun2026 02:48:05.270] [Render thread/WARN] [net.minecraft.client.sounds.SoundEngine/]: Missing sound for event: minecraft:block.bamboo_wood_fence_gate.open
[21Jun2026 02:48:05.270] [Render thread/WARN] [net.minecraft.client.sounds.SoundEngine/]: Missing sound for event: minecraft:block.barrel.close
[21Jun2026 02:48:05.270] [Render thread/WARN] [net.minecraft.client.sounds.SoundEngine/]: Missing sound for event: minecraft:block.barrel.open
[21Jun2026 02:48:05.270] [Render thread/WARN] [net.minecraft.client.sounds.SoundEngine/]: Missing sound for event: minecraft:block.basalt.break
[21Jun2026 02:48:05.270] [Render thread/WARN] [net.minecraft.client.sounds.SoundEngine/]: Missing sound for event: minecraft:block.basalt.step
[21Jun2026 02:48:05.270] [Render thread/WARN] [net.minecraft.client.sounds.SoundEngine/]: Missing sound for event: minecraft:block.basalt.place
[21Jun2026 02:48:05.270] [Render thread/WARN] [net.minecraft.client.sounds.SoundEngine/]: Missing sound for event: minecraft:block.basalt.hit
[21Jun2026 02:48:05.270] [Render thread/WARN] [net.minecraft.client.sounds.SoundEngine/]: Missing sound for event: minecraft:block.basalt.fall
[21Jun2026 02:48:05.270] [Render thread/WARN] [net.minecraft.client.sounds.SoundEngine/]: Missing sound for event: minecraft:entity.bat.ambient
[21Jun2026 02:48:05.270] [Render thread/WARN] [net.minecraft.client.sounds.SoundEngine/]: Missing sound for event: minecraft:entity.bat.death
[21Jun2026 02:48:05.270] [Render thread/WARN] [net.minecraft.client.sounds.SoundEngine/]: Missing sound for event: minecraft:entity.bat.hurt
[21Jun2026 02:48:05.270] [Render thread/WARN] [net.minecraft.client.sounds.SoundEngine/]: Missing sound for event: minecraft:entity.bat.loop
[21Jun2026 02:48:05.270] [Render thread/WARN] [net.minecraft.client.sounds.SoundEngine/]: Missing sound for event: minecraft:entity.bat.takeoff
[21Jun2026 02:48:05.270] [Render thread/WARN] [net.minecraft.client.sounds.SoundEngine/]: Missing sound for event: minecraft:block.beacon.activate
[21Jun2026 02:48:05.270] [Render thread/WARN] [net.minecraft.client.sounds.SoundEngine/]: Missing sound for event: minecraft:block.beacon.ambient
[21Jun2026 02:48:05.270] [Render thread/WARN] [net.minecraft.client.sounds.SoundEngine/]: Missing sound for event: minecraft:block.beacon.deactivate
[21Jun2026 02:48:05.270] [Render thread/WARN] [net.minecraft.client.sounds.SoundEngine/]: Missing sound for event: minecraft:block.beacon.power_select
[21Jun2026 02:48:05.270] [Render thread/WARN] [net.minecraft.client.sounds.SoundEngine/]: Missing sound for event: minecraft:entity.bee.death
[21Jun2026 02:48:05.270] [Render thread/WARN] [net.minecraft.client.sounds.SoundEngine/]: Missing sound for event: minecraft:entity.bee.hurt
[21Jun2026 02:48:05.270] [Render thread/WARN] [net.minecraft.client.sounds.SoundEngine/]: Missing sound for event: minecraft:entity.bee.loop_aggressive
[21Jun2026 02:48:05.271] [Render thread/WARN] [net.minecraft.client.sounds.SoundEngine/]: Missing sound for event: minecraft:entity.bee.loop
[21Jun2026 02:48:05.271] [Render thread/WARN] [net.minecraft.client.sounds.SoundEngine/]: Missing sound for event: minecraft:entity.bee.sting
[21Jun2026 02:48:05.271] [Render thread/WARN] [net.minecraft.client.sounds.SoundEngine/]: Missing sound for event: minecraft:entity.bee.pollinate
[21Jun2026 02:48:05.271] [Render thread/WARN] [net.minecraft.client.sounds.SoundEngine/]: Missing sound for event: minecraft:block.beehive.drip
