Processing 3 files
Start Processing: asd/itamio/super_jump/CommandJumpHeight.java
Rename method net/minecraft/command/ICommand/getName ()Ljava/lang/String;[392,399]::getName->func_71517_b
Rename method net/minecraft/command/ICommand/getUsage (Lnet/minecraft/command/ICommandSender;)Ljava/lang/String;[460,468]::getUsage->func_71518_a
Rename method net/minecraft/command/CommandBase/getRequiredPermissionLevel ()I[556,582]::getRequiredPermissionLevel->func_82362_a
Rename method net/minecraft/command/ICommand/execute (Lnet/minecraft/server/MinecraftServer;Lnet/minecraft/command/ICommandSender;[Ljava/lang/String;)V[616,623]::execute->func_184881_a
Rename method net/minecraft/command/ICommandSender/sendMessage (Lnet/minecraft/util/text/ITextComponent;)V[733,744]::sendMessage->func_145747_a
Import: net.minecraft.command.CommandBase
Import: net.minecraft.command.CommandException
Import: net.minecraft.command.ICommandSender
Import: net.minecraft.server.MinecraftServer
Import: net.minecraft.util.text.TextComponentString
Import: net.minecraft.util.text.TextFormatting
End  Processing: asd/itamio/super_jump/CommandJumpHeight.java

Start Processing: asd/itamio/super_jump/JumpHandler.java
New Key: class net/minecraftforge/fml/common/gameevent/InputEvent
Import: net.minecraft.entity.player.EntityPlayer
Import: net.minecraftforge.fml.common.eventhandler.SubscribeEvent
Import: net.minecraftforge.fml.common.gameevent.InputEvent
End  Processing: asd/itamio/super_jump/JumpHandler.java

Start Processing: asd/itamio/super_jump/SuperJumpMod.java
Import: net.minecraftforge.common.MinecraftForge
Import: net.minecraftforge.fml.common.Mod
Import: net.minecraftforge.fml.common.Mod.EventHandler
Import: net.minecraftforge.fml.common.event.FMLPreInitializationEvent
Import: net.minecraftforge.fml.common.event.FMLInitializationEvent
Import: net.minecraftforge.fml.common.event.FMLServerStartingEvent
Import: org.apache.logging.log4j.Logger
End  Processing: asd/itamio/super_jump/SuperJumpMod.java

