Port versions to CurseForge	Set up job	﻿2026-05-01T03:58:56.4598138Z Current runner version: '2.334.0'
Port versions to CurseForge	Set up job	2026-05-01T03:58:56.4634516Z ##[group]Runner Image Provisioner
Port versions to CurseForge	Set up job	2026-05-01T03:58:56.4636252Z Hosted Compute Agent
Port versions to CurseForge	Set up job	2026-05-01T03:58:56.4637168Z Version: 20260213.493
Port versions to CurseForge	Set up job	2026-05-01T03:58:56.4638261Z Commit: 5c115507f6dd24b8de37d8bbe0bb4509d0cc0fa3
Port versions to CurseForge	Set up job	2026-05-01T03:58:56.4639632Z Build Date: 2026-02-13T00:28:41Z
Port versions to CurseForge	Set up job	2026-05-01T03:58:56.4640813Z Worker ID: {beb0ffa8-e565-46b6-a3e6-6f38cfe443f9}
Port versions to CurseForge	Set up job	2026-05-01T03:58:56.4642076Z Azure Region: northcentralus
Port versions to CurseForge	Set up job	2026-05-01T03:58:56.4643223Z ##[endgroup]
Port versions to CurseForge	Set up job	2026-05-01T03:58:56.4645300Z ##[group]Operating System
Port versions to CurseForge	Set up job	2026-05-01T03:58:56.4646681Z Ubuntu
Port versions to CurseForge	Set up job	2026-05-01T03:58:56.4647646Z 24.04.4
Port versions to CurseForge	Set up job	2026-05-01T03:58:56.4648403Z LTS
Port versions to CurseForge	Set up job	2026-05-01T03:58:56.4649166Z ##[endgroup]
Port versions to CurseForge	Set up job	2026-05-01T03:58:56.4650203Z ##[group]Runner Image
Port versions to CurseForge	Set up job	2026-05-01T03:58:56.4651208Z Image: ubuntu-24.04
Port versions to CurseForge	Set up job	2026-05-01T03:58:56.4652216Z Version: 20260413.86.1
Port versions to CurseForge	Set up job	2026-05-01T03:58:56.4654194Z Included Software: https://github.com/actions/runner-images/blob/ubuntu24/20260413.86/images/ubuntu/Ubuntu2404-Readme.md
Port versions to CurseForge	Set up job	2026-05-01T03:58:56.4656700Z Image Release: https://github.com/actions/runner-images/releases/tag/ubuntu24%2F20260413.86
Port versions to CurseForge	Set up job	2026-05-01T03:58:56.4657752Z ##[endgroup]
Port versions to CurseForge	Set up job	2026-05-01T03:58:56.4658777Z ##[group]GITHUB_TOKEN Permissions
Port versions to CurseForge	Set up job	2026-05-01T03:58:56.4661527Z Contents: read
Port versions to CurseForge	Set up job	2026-05-01T03:58:56.4662096Z Metadata: read
Port versions to CurseForge	Set up job	2026-05-01T03:58:56.4662671Z ##[endgroup]
Port versions to CurseForge	Set up job	2026-05-01T03:58:56.4664749Z Secret source: Actions
Port versions to CurseForge	Set up job	2026-05-01T03:58:56.4666033Z Prepare workflow directory
Port versions to CurseForge	Set up job	2026-05-01T03:58:56.5062840Z Prepare all required actions
Port versions to CurseForge	Set up job	2026-05-01T03:58:56.5117176Z Getting action download info
Port versions to CurseForge	Set up job	2026-05-01T03:58:56.8556117Z Download action repository 'actions/checkout@v4' (SHA:34e114876b0b11c390a56381ad16ebd13914f8d5)
Port versions to CurseForge	Set up job	2026-05-01T03:58:57.0046139Z Download action repository 'actions/setup-python@v5' (SHA:a26af69be951a213d495a4c3e4e4022e16d87065)
Port versions to CurseForge	Set up job	2026-05-01T03:58:57.1813303Z Complete job name: Port versions to CurseForge
Port versions to CurseForge	Run actions/checkout@v4	﻿2026-05-01T03:58:57.2575221Z ##[group]Run actions/checkout@v4
Port versions to CurseForge	Run actions/checkout@v4	2026-05-01T03:58:57.2576431Z with:
Port versions to CurseForge	Run actions/checkout@v4	2026-05-01T03:58:57.2576953Z   repository: Sekai0NI0itamio/ModCompiler
Port versions to CurseForge	Run actions/checkout@v4	2026-05-01T03:58:57.2577716Z   token: ***
Port versions to CurseForge	Run actions/checkout@v4	2026-05-01T03:58:57.2578144Z   ssh-strict: true
Port versions to CurseForge	Run actions/checkout@v4	2026-05-01T03:58:57.2578598Z   ssh-user: git
Port versions to CurseForge	Run actions/checkout@v4	2026-05-01T03:58:57.2579057Z   persist-credentials: true
Port versions to CurseForge	Run actions/checkout@v4	2026-05-01T03:58:57.2579562Z   clean: true
Port versions to CurseForge	Run actions/checkout@v4	2026-05-01T03:58:57.2580016Z   sparse-checkout-cone-mode: true
Port versions to CurseForge	Run actions/checkout@v4	2026-05-01T03:58:57.2580546Z   fetch-depth: 1
Port versions to CurseForge	Run actions/checkout@v4	2026-05-01T03:58:57.2580996Z   fetch-tags: false
Port versions to CurseForge	Run actions/checkout@v4	2026-05-01T03:58:57.2581458Z   show-progress: true
Port versions to CurseForge	Run actions/checkout@v4	2026-05-01T03:58:57.2581939Z   lfs: false
Port versions to CurseForge	Run actions/checkout@v4	2026-05-01T03:58:57.2582352Z   submodules: false
Port versions to CurseForge	Run actions/checkout@v4	2026-05-01T03:58:57.2582817Z   set-safe-directory: true
Port versions to CurseForge	Run actions/checkout@v4	2026-05-01T03:58:57.2583588Z ##[endgroup]
Port versions to CurseForge	Run actions/checkout@v4	2026-05-01T03:58:57.3697316Z Syncing repository: Sekai0NI0itamio/ModCompiler
Port versions to CurseForge	Run actions/checkout@v4	2026-05-01T03:58:57.3699309Z ##[group]Getting Git version info
Port versions to CurseForge	Run actions/checkout@v4	2026-05-01T03:58:57.3700126Z Working directory is '/home/runner/work/ModCompiler/ModCompiler'
Port versions to CurseForge	Run actions/checkout@v4	2026-05-01T03:58:57.3701302Z [command]/usr/bin/git version
Port versions to CurseForge	Run actions/checkout@v4	2026-05-01T03:58:57.3741781Z git version 2.53.0
Port versions to CurseForge	Run actions/checkout@v4	2026-05-01T03:58:57.3768334Z ##[endgroup]
Port versions to CurseForge	Run actions/checkout@v4	2026-05-01T03:58:57.3783733Z Temporarily overriding HOME='/home/runner/work/_temp/9f7ce717-8ffa-4b6a-b38a-e0bda218d94a' before making global git config changes
Port versions to CurseForge	Run actions/checkout@v4	2026-05-01T03:58:57.3785311Z Adding repository directory to the temporary git global config as a safe directory
Port versions to CurseForge	Run actions/checkout@v4	2026-05-01T03:58:57.3796895Z [command]/usr/bin/git config --global --add safe.directory /home/runner/work/ModCompiler/ModCompiler
Port versions to CurseForge	Run actions/checkout@v4	2026-05-01T03:58:57.3829728Z Deleting the contents of '/home/runner/work/ModCompiler/ModCompiler'
Port versions to CurseForge	Run actions/checkout@v4	2026-05-01T03:58:57.3833518Z ##[group]Initializing the repository
Port versions to CurseForge	Run actions/checkout@v4	2026-05-01T03:58:57.3837906Z [command]/usr/bin/git init /home/runner/work/ModCompiler/ModCompiler
Port versions to CurseForge	Run actions/checkout@v4	2026-05-01T03:58:57.3923571Z hint: Using 'master' as the name for the initial branch. This default branch name
Port versions to CurseForge	Run actions/checkout@v4	2026-05-01T03:58:57.3925281Z hint: will change to "main" in Git 3.0. To configure the initial branch name
Port versions to CurseForge	Run actions/checkout@v4	2026-05-01T03:58:57.3926719Z hint: to use in all of your new repositories, which will suppress this warning,
Port versions to CurseForge	Run actions/checkout@v4	2026-05-01T03:58:57.3927835Z hint: call:
Port versions to CurseForge	Run actions/checkout@v4	2026-05-01T03:58:57.3928256Z hint:
Port versions to CurseForge	Run actions/checkout@v4	2026-05-01T03:58:57.3928991Z hint: 	git config --global init.defaultBranch <name>
Port versions to CurseForge	Run actions/checkout@v4	2026-05-01T03:58:57.3929631Z hint:
Port versions to CurseForge	Run actions/checkout@v4	2026-05-01T03:58:57.3930230Z hint: Names commonly chosen instead of 'master' are 'main', 'trunk' and
Port versions to CurseForge	Run actions/checkout@v4	2026-05-01T03:58:57.3931216Z hint: 'development'. The just-created branch can be renamed via this command:
Port versions to CurseForge	Run actions/checkout@v4	2026-05-01T03:58:57.3932459Z hint:
Port versions to CurseForge	Run actions/checkout@v4	2026-05-01T03:58:57.3933027Z hint: 	git branch -m <name>
Port versions to CurseForge	Run actions/checkout@v4	2026-05-01T03:58:57.3933528Z hint:
Port versions to CurseForge	Run actions/checkout@v4	2026-05-01T03:58:57.3934175Z hint: Disable this message with "git config set advice.defaultBranchName false"
Port versions to CurseForge	Run actions/checkout@v4	2026-05-01T03:58:57.3935227Z Initialized empty Git repository in /home/runner/work/ModCompiler/ModCompiler/.git/
Port versions to CurseForge	Run actions/checkout@v4	2026-05-01T03:58:57.3937881Z [command]/usr/bin/git remote add origin https://github.com/Sekai0NI0itamio/ModCompiler
Port versions to CurseForge	Run actions/checkout@v4	2026-05-01T03:58:57.3967639Z ##[endgroup]
Port versions to CurseForge	Run actions/checkout@v4	2026-05-01T03:58:57.3968964Z ##[group]Disabling automatic garbage collection
Port versions to CurseForge	Run actions/checkout@v4	2026-05-01T03:58:57.3971687Z [command]/usr/bin/git config --local gc.auto 0
Port versions to CurseForge	Run actions/checkout@v4	2026-05-01T03:58:57.3998907Z ##[endgroup]
Port versions to CurseForge	Run actions/checkout@v4	2026-05-01T03:58:57.3999705Z ##[group]Setting up auth
Port versions to CurseForge	Run actions/checkout@v4	2026-05-01T03:58:57.4005670Z [command]/usr/bin/git config --local --name-only --get-regexp core\.sshCommand
Port versions to CurseForge	Run actions/checkout@v4	2026-05-01T03:58:57.4037913Z [command]/usr/bin/git submodule foreach --recursive sh -c "git config --local --name-only --get-regexp 'core\.sshCommand' && git config --local --unset-all 'core.sshCommand' || :"
Port versions to CurseForge	Run actions/checkout@v4	2026-05-01T03:58:57.4322076Z [command]/usr/bin/git config --local --name-only --get-regexp http\.https\:\/\/github\.com\/\.extraheader
Port versions to CurseForge	Run actions/checkout@v4	2026-05-01T03:58:57.4356926Z [command]/usr/bin/git submodule foreach --recursive sh -c "git config --local --name-only --get-regexp 'http\.https\:\/\/github\.com\/\.extraheader' && git config --local --unset-all 'http.https://github.com/.extraheader' || :"
Port versions to CurseForge	Run actions/checkout@v4	2026-05-01T03:58:57.4580303Z [command]/usr/bin/git config --local --name-only --get-regexp ^includeIf\.gitdir:
Port versions to CurseForge	Run actions/checkout@v4	2026-05-01T03:58:57.4622754Z [command]/usr/bin/git submodule foreach --recursive git config --local --show-origin --name-only --get-regexp remote.origin.url
Port versions to CurseForge	Run actions/checkout@v4	2026-05-01T03:58:57.4870469Z [command]/usr/bin/git config --local http.https://github.com/.extraheader AUTHORIZATION: basic ***
Port versions to CurseForge	Run actions/checkout@v4	2026-05-01T03:58:57.4912497Z ##[endgroup]
Port versions to CurseForge	Run actions/checkout@v4	2026-05-01T03:58:57.4913510Z ##[group]Fetching the repository
Port versions to CurseForge	Run actions/checkout@v4	2026-05-01T03:58:57.4925257Z [command]/usr/bin/git -c protocol.version=2 fetch --no-tags --prune --no-recurse-submodules --depth=1 origin +5a6ff867b59dfee8fff99682badeb8fe79ac18fa:refs/remotes/origin/main
Port versions to CurseForge	Run actions/checkout@v4	2026-05-01T03:59:03.6114183Z From https://github.com/Sekai0NI0itamio/ModCompiler
Port versions to CurseForge	Run actions/checkout@v4	2026-05-01T03:59:03.6117080Z  * [new ref]             5a6ff867b59dfee8fff99682badeb8fe79ac18fa -> origin/main
Port versions to CurseForge	Run actions/checkout@v4	2026-05-01T03:59:03.6146601Z ##[endgroup]
Port versions to CurseForge	Run actions/checkout@v4	2026-05-01T03:59:03.6147711Z ##[group]Determining the checkout info
Port versions to CurseForge	Run actions/checkout@v4	2026-05-01T03:59:03.6149237Z ##[endgroup]
Port versions to CurseForge	Run actions/checkout@v4	2026-05-01T03:59:03.6153705Z [command]/usr/bin/git sparse-checkout disable
Port versions to CurseForge	Run actions/checkout@v4	2026-05-01T03:59:03.6191561Z [command]/usr/bin/git config --local --unset-all extensions.worktreeConfig
Port versions to CurseForge	Run actions/checkout@v4	2026-05-01T03:59:03.6217384Z ##[group]Checking out the ref
Port versions to CurseForge	Run actions/checkout@v4	2026-05-01T03:59:03.6221304Z [command]/usr/bin/git checkout --progress --force -B main refs/remotes/origin/main
Port versions to CurseForge	Run actions/checkout@v4	2026-05-01T03:59:04.9907207Z Updating files:   2% (6733/318907)
Port versions to CurseForge	Run actions/checkout@v4	2026-05-01T03:59:05.1246688Z Updating files:   3% (9568/318907)
Port versions to CurseForge	Run actions/checkout@v4	2026-05-01T03:59:05.3832482Z Updating files:   4% (12757/318907)
Port versions to CurseForge	Run actions/checkout@v4	2026-05-01T03:59:05.5265762Z Updating files:   5% (15946/318907)
Port versions to CurseForge	Run actions/checkout@v4	2026-05-01T03:59:05.6591200Z Updating files:   6% (19135/318907)
Port versions to CurseForge	Run actions/checkout@v4	2026-05-01T03:59:05.8066938Z Updating files:   7% (22324/318907)
Port versions to CurseForge	Run actions/checkout@v4	2026-05-01T03:59:05.8578509Z Updating files:   8% (25513/318907)
Port versions to CurseForge	Run actions/checkout@v4	2026-05-01T03:59:05.9310420Z Updating files:   8% (26830/318907)
Port versions to CurseForge	Run actions/checkout@v4	2026-05-01T03:59:06.1414973Z Updating files:   9% (28702/318907)
Port versions to CurseForge	Run actions/checkout@v4	2026-05-01T03:59:06.2693773Z Updating files:  10% (31891/318907)
Port versions to CurseForge	Run actions/checkout@v4	2026-05-01T03:59:06.4002271Z Updating files:  11% (35080/318907)
Port versions to CurseForge	Run actions/checkout@v4	2026-05-01T03:59:06.5275158Z Updating files:  12% (38269/318907)
Port versions to CurseForge	Run actions/checkout@v4	2026-05-01T03:59:06.6483753Z Updating files:  13% (41458/318907)
Port versions to CurseForge	Run actions/checkout@v4	2026-05-01T03:59:06.7873416Z Updating files:  14% (44647/318907)
Port versions to CurseForge	Run actions/checkout@v4	2026-05-01T03:59:06.8579276Z Updating files:  15% (47837/318907)
Port versions to CurseForge	Run actions/checkout@v4	2026-05-01T03:59:06.9245185Z Updating files:  15% (49510/318907)
Port versions to CurseForge	Run actions/checkout@v4	2026-05-01T03:59:07.0513573Z Updating files:  16% (51026/318907)
Port versions to CurseForge	Run actions/checkout@v4	2026-05-01T03:59:07.1799421Z Updating files:  17% (54215/318907)
Port versions to CurseForge	Run actions/checkout@v4	2026-05-01T03:59:07.3182338Z Updating files:  18% (57404/318907)
Port versions to CurseForge	Run actions/checkout@v4	2026-05-01T03:59:07.4441214Z Updating files:  19% (60593/318907)
Port versions to CurseForge	Run actions/checkout@v4	2026-05-01T03:59:07.5739434Z Updating files:  20% (63782/318907)
Port versions to CurseForge	Run actions/checkout@v4	2026-05-01T03:59:07.8233348Z Updating files:  21% (66971/318907)
Port versions to CurseForge	Run actions/checkout@v4	2026-05-01T03:59:07.8577988Z Updating files:  22% (70160/318907)
Port versions to CurseForge	Run actions/checkout@v4	2026-05-01T03:59:07.9516547Z Updating files:  22% (71001/318907)
Port versions to CurseForge	Run actions/checkout@v4	2026-05-01T03:59:08.0832354Z Updating files:  23% (73349/318907)
Port versions to CurseForge	Run actions/checkout@v4	2026-05-01T03:59:08.2287405Z Updating files:  24% (76538/318907)
Port versions to CurseForge	Run actions/checkout@v4	2026-05-01T03:59:08.3767224Z Updating files:  25% (79727/318907)
Port versions to CurseForge	Run actions/checkout@v4	2026-05-01T03:59:08.5066311Z Updating files:  26% (82916/318907)
Port versions to CurseForge	Run actions/checkout@v4	2026-05-01T03:59:08.6361059Z Updating files:  27% (86105/318907)
Port versions to CurseForge	Run actions/checkout@v4	2026-05-01T03:59:08.7630456Z Updating files:  28% (89294/318907)
Port versions to CurseForge	Run actions/checkout@v4	2026-05-01T03:59:08.8579665Z Updating files:  29% (92484/318907)
Port versions to CurseForge	Run actions/checkout@v4	2026-05-01T03:59:08.9528859Z Updating files:  29% (94010/318907)
Port versions to CurseForge	Run actions/checkout@v4	2026-05-01T03:59:09.1346668Z Updating files:  30% (95673/318907)
Port versions to CurseForge	Run actions/checkout@v4	2026-05-01T03:59:09.2754805Z Updating files:  31% (98862/318907)
Port versions to CurseForge	Run actions/checkout@v4	2026-05-01T03:59:09.4271393Z Updating files:  32% (102051/318907)
Port versions to CurseForge	Run actions/checkout@v4	2026-05-01T03:59:09.6148805Z Updating files:  33% (105240/318907)
Port versions to CurseForge	Run actions/checkout@v4	2026-05-01T03:59:09.7574355Z Updating files:  34% (108429/318907)
Port versions to CurseForge	Run actions/checkout@v4	2026-05-01T03:59:09.8578581Z Updating files:  35% (111618/318907)
Port versions to CurseForge	Run actions/checkout@v4	2026-05-01T03:59:09.8896006Z Updating files:  35% (114018/318907)
Port versions to CurseForge	Run actions/checkout@v4	2026-05-01T03:59:10.0234713Z Updating files:  36% (114807/318907)
Port versions to CurseForge	Run actions/checkout@v4	2026-05-01T03:59:10.4390257Z Updating files:  37% (117996/318907)
Port versions to CurseForge	Run actions/checkout@v4	2026-05-01T03:59:10.5869821Z Updating files:  38% (121185/318907)
Port versions to CurseForge	Run actions/checkout@v4	2026-05-01T03:59:10.7292533Z Updating files:  39% (124374/318907)
Port versions to CurseForge	Run actions/checkout@v4	2026-05-01T03:59:10.8578348Z Updating files:  40% (127563/318907)
Port versions to CurseForge	Run actions/checkout@v4	2026-05-01T03:59:10.8669169Z Updating files:  40% (130503/318907)
Port versions to CurseForge	Run actions/checkout@v4	2026-05-01T03:59:10.9983920Z Updating files:  41% (130752/318907)
Port versions to CurseForge	Run actions/checkout@v4	2026-05-01T03:59:11.1353641Z Updating files:  42% (133941/318907)
Port versions to CurseForge	Run actions/checkout@v4	2026-05-01T03:59:11.2788144Z Updating files:  43% (137131/318907)
Port versions to CurseForge	Run actions/checkout@v4	2026-05-01T03:59:11.4099996Z Updating files:  44% (140320/318907)
Port versions to CurseForge	Run actions/checkout@v4	2026-05-01T03:59:11.5354890Z Updating files:  45% (143509/318907)
Port versions to CurseForge	Run actions/checkout@v4	2026-05-01T03:59:11.6674153Z Updating files:  46% (146698/318907)
Port versions to CurseForge	Run actions/checkout@v4	2026-05-01T03:59:11.7952246Z Updating files:  47% (149887/318907)
Port versions to CurseForge	Run actions/checkout@v4	2026-05-01T03:59:11.8578696Z Updating files:  48% (153076/318907)
Port versions to CurseForge	Run actions/checkout@v4	2026-05-01T03:59:11.9439810Z Updating files:  48% (154416/318907)
Port versions to CurseForge	Run actions/checkout@v4	2026-05-01T03:59:12.0708262Z Updating files:  49% (156265/318907)
Port versions to CurseForge	Run actions/checkout@v4	2026-05-01T03:59:12.1990112Z Updating files:  50% (159454/318907)
Port versions to CurseForge	Run actions/checkout@v4	2026-05-01T03:59:12.3177438Z Updating files:  51% (162643/318907)
Port versions to CurseForge	Run actions/checkout@v4	2026-05-01T03:59:12.4420554Z Updating files:  52% (165832/318907)
Port versions to CurseForge	Run actions/checkout@v4	2026-05-01T03:59:12.5618183Z Updating files:  53% (169021/318907)
Port versions to CurseForge	Run actions/checkout@v4	2026-05-01T03:59:12.7251202Z Updating files:  54% (172210/318907)
Port versions to CurseForge	Run actions/checkout@v4	2026-05-01T03:59:12.8586138Z Updating files:  55% (175399/318907)
Port versions to CurseForge	Run actions/checkout@v4	2026-05-01T03:59:12.8730934Z Updating files:  55% (178228/318907)
Port versions to CurseForge	Run actions/checkout@v4	2026-05-01T03:59:13.1994549Z Updating files:  56% (178588/318907)
Port versions to CurseForge	Run actions/checkout@v4	2026-05-01T03:59:13.3227371Z Updating files:  57% (181777/318907)
Port versions to CurseForge	Run actions/checkout@v4	2026-05-01T03:59:13.4457850Z Updating files:  58% (184967/318907)
Port versions to CurseForge	Run actions/checkout@v4	2026-05-01T03:59:13.5687739Z Updating files:  59% (188156/318907)
Port versions to CurseForge	Run actions/checkout@v4	2026-05-01T03:59:13.6870277Z Updating files:  60% (191345/318907)
Port versions to CurseForge	Run actions/checkout@v4	2026-05-01T03:59:13.8083198Z Updating files:  61% (194534/318907)
Port versions to CurseForge	Run actions/checkout@v4	2026-05-01T03:59:13.8578511Z Updating files:  62% (197723/318907)
Port versions to CurseForge	Run actions/checkout@v4	2026-05-01T03:59:13.9281640Z Updating files:  62% (199016/318907)
Port versions to CurseForge	Run actions/checkout@v4	2026-05-01T03:59:14.0512586Z Updating files:  63% (200912/318907)
Port versions to CurseForge	Run actions/checkout@v4	2026-05-01T03:59:14.1685128Z Updating files:  64% (204101/318907)
Port versions to CurseForge	Run actions/checkout@v4	2026-05-01T03:59:14.3765481Z Updating files:  65% (207290/318907)
Port versions to CurseForge	Run actions/checkout@v4	2026-05-01T03:59:14.4973789Z Updating files:  66% (210479/318907)
Port versions to CurseForge	Run actions/checkout@v4	2026-05-01T03:59:14.6581437Z Updating files:  67% (213668/318907)
Port versions to CurseForge	Run actions/checkout@v4	2026-05-01T03:59:14.7793825Z Updating files:  68% (216857/318907)
Port versions to CurseForge	Run actions/checkout@v4	2026-05-01T03:59:14.8577841Z Updating files:  69% (220046/318907)
Port versions to CurseForge	Run actions/checkout@v4	2026-05-01T03:59:14.8979111Z Updating files:  69% (222160/318907)
Port versions to CurseForge	Run actions/checkout@v4	2026-05-01T03:59:15.0174186Z Updating files:  70% (223235/318907)
Port versions to CurseForge	Run actions/checkout@v4	2026-05-01T03:59:15.1367763Z Updating files:  71% (226424/318907)
Port versions to CurseForge	Run actions/checkout@v4	2026-05-01T03:59:15.2699021Z Updating files:  72% (229614/318907)
Port versions to CurseForge	Run actions/checkout@v4	2026-05-01T03:59:15.6835053Z Updating files:  73% (232803/318907)
Port versions to CurseForge	Run actions/checkout@v4	2026-05-01T03:59:15.8030469Z Updating files:  74% (235992/318907)
Port versions to CurseForge	Run actions/checkout@v4	2026-05-01T03:59:15.8577868Z Updating files:  75% (239181/318907)
Port versions to CurseForge	Run actions/checkout@v4	2026-05-01T03:59:15.9290781Z Updating files:  75% (240638/318907)
Port versions to CurseForge	Run actions/checkout@v4	2026-05-01T03:59:16.0498210Z Updating files:  76% (242370/318907)
Port versions to CurseForge	Run actions/checkout@v4	2026-05-01T03:59:16.1723236Z Updating files:  77% (245559/318907)
Port versions to CurseForge	Run actions/checkout@v4	2026-05-01T03:59:16.3041417Z Updating files:  78% (248748/318907)
Port versions to CurseForge	Run actions/checkout@v4	2026-05-01T03:59:16.4342242Z Updating files:  79% (251937/318907)
Port versions to CurseForge	Run actions/checkout@v4	2026-05-01T03:59:16.5743233Z Updating files:  80% (255126/318907)
Port versions to CurseForge	Run actions/checkout@v4	2026-05-01T03:59:16.7091544Z Updating files:  81% (258315/318907)
Port versions to CurseForge	Run actions/checkout@v4	2026-05-01T03:59:16.8578372Z Updating files:  82% (261504/318907)
Port versions to CurseForge	Run actions/checkout@v4	2026-05-01T03:59:16.8665856Z Updating files:  82% (264528/318907)
Port versions to CurseForge	Run actions/checkout@v4	2026-05-01T03:59:17.0262083Z Updating files:  83% (264693/318907)
Port versions to CurseForge	Run actions/checkout@v4	2026-05-01T03:59:17.1719244Z Updating files:  84% (267882/318907)
Port versions to CurseForge	Run actions/checkout@v4	2026-05-01T03:59:17.3074570Z Updating files:  85% (271071/318907)
Port versions to CurseForge	Run actions/checkout@v4	2026-05-01T03:59:17.4483334Z Updating files:  86% (274261/318907)
Port versions to CurseForge	Run actions/checkout@v4	2026-05-01T03:59:17.5798239Z Updating files:  87% (277450/318907)
Port versions to CurseForge	Run actions/checkout@v4	2026-05-01T03:59:17.9129514Z Updating files:  88% (280639/318907)
Port versions to CurseForge	Run actions/checkout@v4	2026-05-01T03:59:17.9374797Z Updating files:  88% (283300/318907)
Port versions to CurseForge	Run actions/checkout@v4	2026-05-01T03:59:18.0614650Z Updating files:  89% (283828/318907)
Port versions to CurseForge	Run actions/checkout@v4	2026-05-01T03:59:18.1941704Z Updating files:  90% (287017/318907)
Port versions to CurseForge	Run actions/checkout@v4	2026-05-01T03:59:18.3255908Z Updating files:  91% (290206/318907)
Port versions to CurseForge	Run actions/checkout@v4	2026-05-01T03:59:18.4607250Z Updating files:  92% (293395/318907)
Port versions to CurseForge	Run actions/checkout@v4	2026-05-01T03:59:18.7164067Z Updating files:  93% (296584/318907)
Port versions to CurseForge	Run actions/checkout@v4	2026-05-01T03:59:18.8578524Z Updating files:  94% (299773/318907)
Port versions to CurseForge	Run actions/checkout@v4	2026-05-01T03:59:18.8805070Z Updating files:  94% (302448/318907)
Port versions to CurseForge	Run actions/checkout@v4	2026-05-01T03:59:19.0255256Z Updating files:  95% (302962/318907)
Port versions to CurseForge	Run actions/checkout@v4	2026-05-01T03:59:19.1861886Z Updating files:  96% (306151/318907)
Port versions to CurseForge	Run actions/checkout@v4	2026-05-01T03:59:19.6464576Z Updating files:  97% (309340/318907)
Port versions to CurseForge	Run actions/checkout@v4	2026-05-01T03:59:19.8577331Z Updating files:  98% (312529/318907)
Port versions to CurseForge	Run actions/checkout@v4	2026-05-01T03:59:19.8857084Z Updating files:  98% (315385/318907)
Port versions to CurseForge	Run actions/checkout@v4	2026-05-01T03:59:20.5190064Z Updating files:  99% (315718/318907)
Port versions to CurseForge	Run actions/checkout@v4	2026-05-01T03:59:20.5190612Z Updating files: 100% (318907/318907)
Port versions to CurseForge	Run actions/checkout@v4	2026-05-01T03:59:20.5191113Z Updating files: 100% (318907/318907), done.
Port versions to CurseForge	Run actions/checkout@v4	2026-05-01T03:59:20.8640358Z Switched to a new branch 'main'
Port versions to CurseForge	Run actions/checkout@v4	2026-05-01T03:59:20.8641847Z branch 'main' set up to track 'origin/main'.
Port versions to CurseForge	Run actions/checkout@v4	2026-05-01T03:59:20.8820491Z ##[endgroup]
Port versions to CurseForge	Run actions/checkout@v4	2026-05-01T03:59:20.8860455Z [command]/usr/bin/git log -1 --format=%H
Port versions to CurseForge	Run actions/checkout@v4	2026-05-01T03:59:20.8883257Z 5a6ff867b59dfee8fff99682badeb8fe79ac18fa
Port versions to CurseForge	Run actions/setup-python@v5	﻿2026-05-01T03:59:20.9114722Z ##[group]Run actions/setup-python@v5
Port versions to CurseForge	Run actions/setup-python@v5	2026-05-01T03:59:20.9115030Z with:
Port versions to CurseForge	Run actions/setup-python@v5	2026-05-01T03:59:20.9115247Z   python-version: 3.12
Port versions to CurseForge	Run actions/setup-python@v5	2026-05-01T03:59:20.9115808Z   check-latest: false
Port versions to CurseForge	Run actions/setup-python@v5	2026-05-01T03:59:20.9116218Z   token: ***
Port versions to CurseForge	Run actions/setup-python@v5	2026-05-01T03:59:20.9116426Z   update-environment: true
Port versions to CurseForge	Run actions/setup-python@v5	2026-05-01T03:59:20.9116661Z   allow-prereleases: false
Port versions to CurseForge	Run actions/setup-python@v5	2026-05-01T03:59:20.9116875Z   freethreaded: false
Port versions to CurseForge	Run actions/setup-python@v5	2026-05-01T03:59:20.9117080Z ##[endgroup]
Port versions to CurseForge	Run actions/setup-python@v5	2026-05-01T03:59:21.0856113Z ##[group]Installed versions
Port versions to CurseForge	Run actions/setup-python@v5	2026-05-01T03:59:21.0950492Z Successfully set up CPython (3.12.13)
Port versions to CurseForge	Run actions/setup-python@v5	2026-05-01T03:59:21.0951293Z ##[endgroup]
Port versions to CurseForge	Mask secrets	﻿2026-05-01T03:59:21.1117596Z ##[group]Run if [ -n "$MODRINTH_TOKEN" ];   then echo "::add-mask::$MODRINTH_TOKEN";   fi
Port versions to CurseForge	Mask secrets	2026-05-01T03:59:21.1118254Z [36;1mif [ -n "$MODRINTH_TOKEN" ];   then echo "::add-mask::$MODRINTH_TOKEN";   fi[0m
Port versions to CurseForge	Mask secrets	2026-05-01T03:59:21.1118790Z [36;1mif [ -n "$CURSEFORGE_TOKEN" ]; then echo "::add-mask::$CURSEFORGE_TOKEN"; fi[0m
Port versions to CurseForge	Mask secrets	2026-05-01T03:59:21.1157962Z shell: /usr/bin/bash --noprofile --norc -e -o pipefail {0}
Port versions to CurseForge	Mask secrets	2026-05-01T03:59:21.1158323Z env:
Port versions to CurseForge	Mask secrets	2026-05-01T03:59:21.1158576Z   pythonLocation: /opt/hostedtoolcache/Python/3.12.13/x64
Port versions to CurseForge	Mask secrets	2026-05-01T03:59:21.1159228Z   PKG_CONFIG_PATH: /opt/hostedtoolcache/Python/3.12.13/x64/lib/pkgconfig
Port versions to CurseForge	Mask secrets	2026-05-01T03:59:21.1159656Z   Python_ROOT_DIR: /opt/hostedtoolcache/Python/3.12.13/x64
Port versions to CurseForge	Mask secrets	2026-05-01T03:59:21.1160022Z   Python2_ROOT_DIR: /opt/hostedtoolcache/Python/3.12.13/x64
Port versions to CurseForge	Mask secrets	2026-05-01T03:59:21.1160406Z   Python3_ROOT_DIR: /opt/hostedtoolcache/Python/3.12.13/x64
Port versions to CurseForge	Mask secrets	2026-05-01T03:59:21.1160788Z   LD_LIBRARY_PATH: /opt/hostedtoolcache/Python/3.12.13/x64/lib
Port versions to CurseForge	Mask secrets	2026-05-01T03:59:21.1161373Z   MODRINTH_TOKEN: ***
Port versions to CurseForge	Mask secrets	2026-05-01T03:59:21.1161688Z   CURSEFORGE_TOKEN: ***
Port versions to CurseForge	Mask secrets	2026-05-01T03:59:21.1161892Z ##[endgroup]
Port versions to CurseForge	Diff and upload	﻿2026-05-01T03:59:21.1267384Z ##[group]Run python3 - <<'PY'
Port versions to CurseForge	Diff and upload	2026-05-01T03:59:21.1268278Z [36;1mpython3 - <<'PY'[0m
Port versions to CurseForge	Diff and upload	2026-05-01T03:59:21.1268719Z [36;1mimport json, os, re, sys, tempfile, time, urllib.error, urllib.parse, urllib.request, uuid[0m
Port versions to CurseForge	Diff and upload	2026-05-01T03:59:21.1269190Z [36;1mfrom pathlib import Path[0m
Port versions to CurseForge	Diff and upload	2026-05-01T03:59:21.1269443Z [36;1m[0m
Port versions to CurseForge	Diff and upload	2026-05-01T03:59:21.1269719Z [36;1m# ----------------------------------------------------------------[0m
Port versions to CurseForge	Diff and upload	2026-05-01T03:59:21.1270061Z [36;1m# Config[0m
Port versions to CurseForge	Diff and upload	2026-05-01T03:59:21.1270318Z [36;1m# ----------------------------------------------------------------[0m
Port versions to CurseForge	Diff and upload	2026-05-01T03:59:21.1270749Z [36;1mMODRINTH_API      = "https://api.modrinth.com/v2"[0m
Port versions to CurseForge	Diff and upload	2026-05-01T03:59:21.1271232Z [36;1mCURSEFORGE_API    = "https://minecraft.curseforge.com"   # upload endpoint[0m
Port versions to CurseForge	Diff and upload	2026-05-01T03:59:21.1271789Z [36;1mCURSEFORGE_V1_API = "https://api.curseforge.com/v1"      # search/lookup endpoint[0m
Port versions to CurseForge	Diff and upload	2026-05-01T03:59:21.1272327Z [36;1mUSER_AGENT        = "ModCompilerPortScript/1.0 (github.com/modcompiler)"[0m
Port versions to CurseForge	Diff and upload	2026-05-01T03:59:21.1272727Z [36;1m[0m
Port versions to CurseForge	Diff and upload	2026-05-01T03:59:21.1273007Z [36;1mMODRINTH_TOKEN   = os.environ.get("MODRINTH_TOKEN", "").strip()[0m
Port versions to CurseForge	Diff and upload	2026-05-01T03:59:21.1273473Z [36;1mCURSEFORGE_TOKEN = os.environ.get("CURSEFORGE_TOKEN", "").strip()[0m
Port versions to CurseForge	Diff and upload	2026-05-01T03:59:21.1273994Z [36;1mDRY_RUN          = os.environ.get("DRY_RUN", "false").strip().lower() in {"true", "1", "yes"}[0m
Port versions to CurseForge	Diff and upload	2026-05-01T03:59:21.1274410Z [36;1m[0m
Port versions to CurseForge	Diff and upload	2026-05-01T03:59:21.1274597Z [36;1mif not CURSEFORGE_TOKEN:[0m
Port versions to CurseForge	Diff and upload	2026-05-01T03:59:21.1274977Z [36;1m    sys.exit("[ERROR] CURSEFORGE_TOKEN secret is not set on this repository.")[0m
Port versions to CurseForge	Diff and upload	2026-05-01T03:59:21.1275365Z [36;1m[0m
Port versions to CurseForge	Diff and upload	2026-05-01T03:59:21.1275987Z [36;1m# Loader name mapping: Modrinth (lowercase) -> CurseForge display name[0m
Port versions to CurseForge	Diff and upload	2026-05-01T03:59:21.1276538Z [36;1mLOADER_MAP = {"forge": "Forge", "fabric": "Fabric", "neoforge": "NeoForge", "quilt": "Quilt"}[0m
Port versions to CurseForge	Diff and upload	2026-05-01T03:59:21.1277077Z [36;1mKNOWN_LOADERS = set(LOADER_MAP.values()) | {"liteloader", "rift"}[0m
Port versions to CurseForge	Diff and upload	2026-05-01T03:59:21.1277439Z [36;1m[0m
Port versions to CurseForge	Diff and upload	2026-05-01T03:59:21.1277741Z [36;1mRELEASE_TYPE_MAP = {"release": "release", "beta": "beta", "alpha": "alpha"}[0m
Port versions to CurseForge	Diff and upload	2026-05-01T03:59:21.1278114Z [36;1m[0m
Port versions to CurseForge	Diff and upload	2026-05-01T03:59:21.1278359Z [36;1m# ----------------------------------------------------------------[0m
Port versions to CurseForge	Diff and upload	2026-05-01T03:59:21.1278700Z [36;1m# Helpers: URL normalisation[0m
Port versions to CurseForge	Diff and upload	2026-05-01T03:59:21.1279020Z [36;1m# ----------------------------------------------------------------[0m
Port versions to CurseForge	Diff and upload	2026-05-01T03:59:21.1279365Z [36;1mdef modrinth_ref(url: str) -> str:[0m
Port versions to CurseForge	Diff and upload	2026-05-01T03:59:21.1279658Z [36;1m    url = url.strip().rstrip("/")[0m
Port versions to CurseForge	Diff and upload	2026-05-01T03:59:21.1280124Z [36;1m    m = re.search(r"modrinth\.com/(?:mod|plugin|resourcepack|shader|datapack|modpack)/([^/?#]+)", url)[0m
Port versions to CurseForge	Diff and upload	2026-05-01T03:59:21.1280614Z [36;1m    return m.group(1) if m else url[0m
Port versions to CurseForge	Diff and upload	2026-05-01T03:59:21.1280872Z [36;1m[0m
Port versions to CurseForge	Diff and upload	2026-05-01T03:59:21.1281095Z [36;1mdef curseforge_project_id(url: str) -> str:[0m
Port versions to CurseForge	Diff and upload	2026-05-01T03:59:21.1281402Z [36;1m    url = url.strip().rstrip("/")[0m
Port versions to CurseForge	Diff and upload	2026-05-01T03:59:21.1281764Z [36;1m    m = re.search(r"curseforge\.com/minecraft/mc-mods/([^/?#]+)", url)[0m
Port versions to CurseForge	Diff and upload	2026-05-01T03:59:21.1282144Z [36;1m    return m.group(1) if m else url[0m
Port versions to CurseForge	Diff and upload	2026-05-01T03:59:21.1282393Z [36;1m[0m
Port versions to CurseForge	Diff and upload	2026-05-01T03:59:21.1282634Z [36;1m# ----------------------------------------------------------------[0m
Port versions to CurseForge	Diff and upload	2026-05-01T03:59:21.1283137Z [36;1m# Helpers: HTTP[0m
Port versions to CurseForge	Diff and upload	2026-05-01T03:59:21.1283416Z [36;1m# ----------------------------------------------------------------[0m
Port versions to CurseForge	Diff and upload	2026-05-01T03:59:21.1283923Z [36;1mdef _get(base: str, path: str, token: str | None, extra_headers: dict | None = None) -> object:[0m
Port versions to CurseForge	Diff and upload	2026-05-01T03:59:21.1284367Z [36;1m    url = base + path[0m
Port versions to CurseForge	Diff and upload	2026-05-01T03:59:21.1284718Z [36;1m    headers = {"User-Agent": USER_AGENT, "Accept": "application/json"}[0m
Port versions to CurseForge	Diff and upload	2026-05-01T03:59:21.1285088Z [36;1m    if token:[0m
Port versions to CurseForge	Diff and upload	2026-05-01T03:59:21.1285621Z [36;1m        key = "Authorization" if base == MODRINTH_API else "X-Api-Token"[0m
Port versions to CurseForge	Diff and upload	2026-05-01T03:59:21.1286053Z [36;1m        headers[key] = token[0m
Port versions to CurseForge	Diff and upload	2026-05-01T03:59:21.1286509Z [36;1m    if extra_headers:[0m
Port versions to CurseForge	Diff and upload	2026-05-01T03:59:21.1286805Z [36;1m        headers.update(extra_headers)[0m
Port versions to CurseForge	Diff and upload	2026-05-01T03:59:21.1287152Z [36;1m    req = urllib.request.Request(url, headers=headers)[0m
Port versions to CurseForge	Diff and upload	2026-05-01T03:59:21.1287491Z [36;1m    for attempt in range(1, 6):[0m
Port versions to CurseForge	Diff and upload	2026-05-01T03:59:21.1287750Z [36;1m        try:[0m
Port versions to CurseForge	Diff and upload	2026-05-01T03:59:21.1288024Z [36;1m            with urllib.request.urlopen(req, timeout=30) as r:[0m
Port versions to CurseForge	Diff and upload	2026-05-01T03:59:21.1288463Z [36;1m                return json.loads(r.read().decode("utf-8", errors="replace"))[0m
Port versions to CurseForge	Diff and upload	2026-05-01T03:59:21.1288877Z [36;1m        except urllib.error.HTTPError as e:[0m
Port versions to CurseForge	Diff and upload	2026-05-01T03:59:21.1289236Z [36;1m            body = e.read().decode("utf-8", errors="replace")[:300][0m
Port versions to CurseForge	Diff and upload	2026-05-01T03:59:21.1289582Z [36;1m            if e.code == 404:[0m
Port versions to CurseForge	Diff and upload	2026-05-01T03:59:21.1289894Z [36;1m                sys.exit(f"[ERROR] Not found (HTTP 404): {url}")[0m
Port versions to CurseForge	Diff and upload	2026-05-01T03:59:21.1290285Z [36;1m            if e.code in {429, 500, 502, 503, 504} and attempt < 5:[0m
Port versions to CurseForge	Diff and upload	2026-05-01T03:59:21.1290642Z [36;1m                time.sleep(2 ** attempt)[0m
Port versions to CurseForge	Diff and upload	2026-05-01T03:59:21.1290917Z [36;1m                continue[0m
Port versions to CurseForge	Diff and upload	2026-05-01T03:59:21.1291207Z [36;1m            sys.exit(f"[ERROR] HTTP {e.code}: {url}\n{body}")[0m
Port versions to CurseForge	Diff and upload	2026-05-01T03:59:21.1291588Z [36;1m        except urllib.error.URLError as e:[0m
Port versions to CurseForge	Diff and upload	2026-05-01T03:59:21.1291888Z [36;1m            if attempt < 5:[0m
Port versions to CurseForge	Diff and upload	2026-05-01T03:59:21.1292145Z [36;1m                time.sleep(2 ** attempt)[0m
Port versions to CurseForge	Diff and upload	2026-05-01T03:59:21.1292419Z [36;1m                continue[0m
Port versions to CurseForge	Diff and upload	2026-05-01T03:59:21.1292718Z [36;1m            sys.exit(f"[ERROR] Network error: {e.reason}")[0m
Port versions to CurseForge	Diff and upload	2026-05-01T03:59:21.1293102Z [36;1m    sys.exit("[ERROR] API request failed after retries.")[0m
Port versions to CurseForge	Diff and upload	2026-05-01T03:59:21.1293423Z [36;1m[0m
Port versions to CurseForge	Diff and upload	2026-05-01T03:59:21.1293636Z [36;1mdef modrinth_get(path: str) -> object:[0m
Port versions to CurseForge	Diff and upload	2026-05-01T03:59:21.1293997Z [36;1m    return _get(MODRINTH_API, path, MODRINTH_TOKEN or None)[0m
Port versions to CurseForge	Diff and upload	2026-05-01T03:59:21.1294328Z [36;1m[0m
Port versions to CurseForge	Diff and upload	2026-05-01T03:59:21.1294541Z [36;1mdef curseforge_get(path: str) -> object:[0m
Port versions to CurseForge	Diff and upload	2026-05-01T03:59:21.1294901Z [36;1m    return _get(CURSEFORGE_API, path, CURSEFORGE_TOKEN)[0m
Port versions to CurseForge	Diff and upload	2026-05-01T03:59:21.1295204Z [36;1m[0m
Port versions to CurseForge	Diff and upload	2026-05-01T03:59:21.1295774Z [36;1mdef curseforge_v1_get(path: str, params: dict | None = None) -> object:[0m
Port versions to CurseForge	Diff and upload	2026-05-01T03:59:21.1296318Z [36;1m    """Call api.curseforge.com/v1 (uses same token, different header name)."""[0m
Port versions to CurseForge	Diff and upload	2026-05-01T03:59:21.1296732Z [36;1m    url = CURSEFORGE_V1_API + path[0m
Port versions to CurseForge	Diff and upload	2026-05-01T03:59:21.1297005Z [36;1m    if params:[0m
Port versions to CurseForge	Diff and upload	2026-05-01T03:59:21.1297274Z [36;1m        url += "?" + urllib.parse.urlencode(params)[0m
Port versions to CurseForge	Diff and upload	2026-05-01T03:59:21.1297573Z [36;1m    headers = {[0m
Port versions to CurseForge	Diff and upload	2026-05-01T03:59:21.1297805Z [36;1m        "User-Agent": USER_AGENT,[0m
Port versions to CurseForge	Diff and upload	2026-05-01T03:59:21.1298093Z [36;1m        "Accept": "application/json",[0m
Port versions to CurseForge	Diff and upload	2026-05-01T03:59:21.1298384Z [36;1m        "x-api-key": CURSEFORGE_TOKEN,[0m
Port versions to CurseForge	Diff and upload	2026-05-01T03:59:21.1298647Z [36;1m    }[0m
Port versions to CurseForge	Diff and upload	2026-05-01T03:59:21.1298910Z [36;1m    req = urllib.request.Request(url, headers=headers)[0m
Port versions to CurseForge	Diff and upload	2026-05-01T03:59:21.1299249Z [36;1m    for attempt in range(1, 6):[0m
Port versions to CurseForge	Diff and upload	2026-05-01T03:59:21.1299506Z [36;1m        try:[0m
Port versions to CurseForge	Diff and upload	2026-05-01T03:59:21.1299790Z [36;1m            with urllib.request.urlopen(req, timeout=30) as r:[0m
Port versions to CurseForge	Diff and upload	2026-05-01T03:59:21.1300394Z [36;1m                return json.loads(r.read().decode("utf-8", errors="replace"))[0m
Port versions to CurseForge	Diff and upload	2026-05-01T03:59:21.1300800Z [36;1m        except urllib.error.HTTPError as e:[0m
Port versions to CurseForge	Diff and upload	2026-05-01T03:59:21.1301164Z [36;1m            body = e.read().decode("utf-8", errors="replace")[:300][0m
Port versions to CurseForge	Diff and upload	2026-05-01T03:59:21.1301509Z [36;1m            if e.code == 404:[0m
Port versions to CurseForge	Diff and upload	2026-05-01T03:59:21.1301752Z [36;1m                return None[0m
Port versions to CurseForge	Diff and upload	2026-05-01T03:59:21.1302061Z [36;1m            if e.code in {429, 500, 502, 503, 504} and attempt < 5:[0m
Port versions to CurseForge	Diff and upload	2026-05-01T03:59:21.1302413Z [36;1m                time.sleep(2 ** attempt)[0m
Port versions to CurseForge	Diff and upload	2026-05-01T03:59:21.1302687Z [36;1m                continue[0m
Port versions to CurseForge	Diff and upload	2026-05-01T03:59:21.1303141Z [36;1m            sys.exit(f"[ERROR] CurseForge v1 HTTP {e.code}: {url}\n{body}")[0m
Port versions to CurseForge	Diff and upload	2026-05-01T03:59:21.1303543Z [36;1m        except urllib.error.URLError as e:[0m
Port versions to CurseForge	Diff and upload	2026-05-01T03:59:21.1303830Z [36;1m            if attempt < 5:[0m
Port versions to CurseForge	Diff and upload	2026-05-01T03:59:21.1304098Z [36;1m                time.sleep(2 ** attempt)[0m
Port versions to CurseForge	Diff and upload	2026-05-01T03:59:21.1304381Z [36;1m                continue[0m
Port versions to CurseForge	Diff and upload	2026-05-01T03:59:21.1304679Z [36;1m            sys.exit(f"[ERROR] Network error: {e.reason}")[0m
Port versions to CurseForge	Diff and upload	2026-05-01T03:59:21.1305099Z [36;1m    sys.exit("[ERROR] CurseForge v1 API request failed after retries.")[0m
Port versions to CurseForge	Diff and upload	2026-05-01T03:59:21.1305705Z [36;1m[0m
Port versions to CurseForge	Diff and upload	2026-05-01T03:59:21.1305954Z [36;1mdef resolve_cf_numeric_id(slug_or_id: str) -> str:[0m
Port versions to CurseForge	Diff and upload	2026-05-01T03:59:21.1306264Z [36;1m    """[0m
Port versions to CurseForge	Diff and upload	2026-05-01T03:59:21.1306526Z [36;1m    Resolve a CurseForge slug to its numeric project ID.[0m
Port versions to CurseForge	Diff and upload	2026-05-01T03:59:21.1306885Z [36;1m    If already numeric, return as-is.[0m
Port versions to CurseForge	Diff and upload	2026-05-01T03:59:21.1307254Z [36;1m    Uses api.curseforge.com/v1/mods/search with the same token.[0m
Port versions to CurseForge	Diff and upload	2026-05-01T03:59:21.1307597Z [36;1m    """[0m
Port versions to CurseForge	Diff and upload	2026-05-01T03:59:21.1307799Z [36;1m    if slug_or_id.isdigit():[0m
Port versions to CurseForge	Diff and upload	2026-05-01T03:59:21.1308055Z [36;1m        return slug_or_id[0m
Port versions to CurseForge	Diff and upload	2026-05-01T03:59:21.1308364Z [36;1m    # Search by slug (gameId 432 = Minecraft)[0m
Port versions to CurseForge	Diff and upload	2026-05-01T03:59:21.1308703Z [36;1m    result = curseforge_v1_get("/mods/search", {[0m
Port versions to CurseForge	Diff and upload	2026-05-01T03:59:21.1308996Z [36;1m        "gameId": "432",[0m
Port versions to CurseForge	Diff and upload	2026-05-01T03:59:21.1309225Z [36;1m        "slug": slug_or_id,[0m
Port versions to CurseForge	Diff and upload	2026-05-01T03:59:21.1309466Z [36;1m        "pageSize": "5",[0m
Port versions to CurseForge	Diff and upload	2026-05-01T03:59:21.1309687Z [36;1m    })[0m
Port versions to CurseForge	Diff and upload	2026-05-01T03:59:21.1309911Z [36;1m    if result and isinstance(result, dict):[0m
Port versions to CurseForge	Diff and upload	2026-05-01T03:59:21.1310209Z [36;1m        data = result.get("data", [])[0m
Port versions to CurseForge	Diff and upload	2026-05-01T03:59:21.1310471Z [36;1m        if data:[0m
Port versions to CurseForge	Diff and upload	2026-05-01T03:59:21.1310704Z [36;1m            # Find exact slug match[0m
Port versions to CurseForge	Diff and upload	2026-05-01T03:59:21.1310962Z [36;1m            for mod in data:[0m
Port versions to CurseForge	Diff and upload	2026-05-01T03:59:21.1311281Z [36;1m                if mod.get("slug", "").lower() == slug_or_id.lower():[0m
Port versions to CurseForge	Diff and upload	2026-05-01T03:59:21.1311654Z [36;1m                    numeric_id = str(mod["id"])[0m
Port versions to CurseForge	Diff and upload	2026-05-01T03:59:21.1312129Z [36;1m                    print(f"  Resolved slug '{slug_or_id}' -> numeric ID {numeric_id} ({mod.get('name', '')})")[0m
Port versions to CurseForge	Diff and upload	2026-05-01T03:59:21.1312608Z [36;1m                    return numeric_id[0m
Port versions to CurseForge	Diff and upload	2026-05-01T03:59:21.1312891Z [36;1m            # Fallback: first result[0m
Port versions to CurseForge	Diff and upload	2026-05-01T03:59:21.1313179Z [36;1m            numeric_id = str(data[0]["id"])[0m
Port versions to CurseForge	Diff and upload	2026-05-01T03:59:21.1313695Z [36;1m            print(f"  Resolved slug '{slug_or_id}' -> numeric ID {numeric_id} (first result: {data[0].get('name', '')})")[0m
Port versions to CurseForge	Diff and upload	2026-05-01T03:59:21.1314208Z [36;1m            return numeric_id[0m
Port versions to CurseForge	Diff and upload	2026-05-01T03:59:21.1314662Z [36;1m    sys.exit(f"[ERROR] Could not resolve CurseForge slug '{slug_or_id}' to a numeric project ID.\n"[0m
Port versions to CurseForge	Diff and upload	2026-05-01T03:59:21.1315249Z [36;1m             f"Make sure the slug is correct and the project exists on CurseForge.")[0m
Port versions to CurseForge	Diff and upload	2026-05-01T03:59:21.1315908Z [36;1m[0m
Port versions to CurseForge	Diff and upload	2026-05-01T03:59:21.1316151Z [36;1mdef download_file(url: str, dest: Path) -> None:[0m
Port versions to CurseForge	Diff and upload	2026-05-01T03:59:21.1316586Z [36;1m    req = urllib.request.Request(url, headers={"User-Agent": USER_AGENT})[0m
Port versions to CurseForge	Diff and upload	2026-05-01T03:59:21.1317126Z [36;1m    for attempt in range(1, 4):[0m
Port versions to CurseForge	Diff and upload	2026-05-01T03:59:21.1317384Z [36;1m        try:[0m
Port versions to CurseForge	Diff and upload	2026-05-01T03:59:21.1317671Z [36;1m            with urllib.request.urlopen(req, timeout=120) as r:[0m
Port versions to CurseForge	Diff and upload	2026-05-01T03:59:21.1318031Z [36;1m                dest.write_bytes(r.read())[0m
Port versions to CurseForge	Diff and upload	2026-05-01T03:59:21.1318311Z [36;1m            return[0m
Port versions to CurseForge	Diff and upload	2026-05-01T03:59:21.1318569Z [36;1m        except urllib.error.URLError as e:[0m
Port versions to CurseForge	Diff and upload	2026-05-01T03:59:21.1318853Z [36;1m            if attempt < 3:[0m
Port versions to CurseForge	Diff and upload	2026-05-01T03:59:21.1319127Z [36;1m                time.sleep(3)[0m
Port versions to CurseForge	Diff and upload	2026-05-01T03:59:21.1319373Z [36;1m                continue[0m
Port versions to CurseForge	Diff and upload	2026-05-01T03:59:21.1319690Z [36;1m            sys.exit(f"[ERROR] Download failed {url}: {e.reason}")[0m
Port versions to CurseForge	Diff and upload	2026-05-01T03:59:21.1320128Z [36;1m[0m
Port versions to CurseForge	Diff and upload	2026-05-01T03:59:21.1320459Z [36;1mdef curseforge_upload(project_id: str, metadata: dict, jar_path: Path) -> int:[0m
Port versions to CurseForge	Diff and upload	2026-05-01T03:59:21.1320913Z [36;1m    boundary = f"cfport-{uuid.uuid4().hex}"[0m
Port versions to CurseForge	Diff and upload	2026-05-01T03:59:21.1321200Z [36;1m    body = bytearray()[0m
Port versions to CurseForge	Diff and upload	2026-05-01T03:59:21.1321436Z [36;1m[0m
Port versions to CurseForge	Diff and upload	2026-05-01T03:59:21.1321676Z [36;1m    meta_bytes = json.dumps(metadata).encode("utf-8")[0m
Port versions to CurseForge	Diff and upload	2026-05-01T03:59:21.1322023Z [36;1m    body += f"--{boundary}\r\n".encode()[0m
Port versions to CurseForge	Diff and upload	2026-05-01T03:59:21.1322399Z [36;1m    body += b'Content-Disposition: form-data; name="metadata"\r\n'[0m
Port versions to CurseForge	Diff and upload	2026-05-01T03:59:21.1322819Z [36;1m    body += b"Content-Type: application/json\r\n\r\n"[0m
Port versions to CurseForge	Diff and upload	2026-05-01T03:59:21.1323145Z [36;1m    body += meta_bytes + b"\r\n"[0m
Port versions to CurseForge	Diff and upload	2026-05-01T03:59:21.1323386Z [36;1m[0m
Port versions to CurseForge	Diff and upload	2026-05-01T03:59:21.1323585Z [36;1m    jar_bytes = jar_path.read_bytes()[0m
Port versions to CurseForge	Diff and upload	2026-05-01T03:59:21.1323885Z [36;1m    body += f"--{boundary}\r\n".encode()[0m
Port versions to CurseForge	Diff and upload	2026-05-01T03:59:21.1324363Z [36;1m    body += f'Content-Disposition: form-data; name="file"; filename="{jar_path.name}"\r\n'.encode()[0m
Port versions to CurseForge	Diff and upload	2026-05-01T03:59:21.1324906Z [36;1m    body += b"Content-Type: application/java-archive\r\n\r\n"[0m
Port versions to CurseForge	Diff and upload	2026-05-01T03:59:21.1325255Z [36;1m    body += jar_bytes + b"\r\n"[0m
Port versions to CurseForge	Diff and upload	2026-05-01T03:59:21.1325827Z [36;1m    body += f"--{boundary}--\r\n".encode()[0m
Port versions to CurseForge	Diff and upload	2026-05-01T03:59:21.1326101Z [36;1m[0m
Port versions to CurseForge	Diff and upload	2026-05-01T03:59:21.1326376Z [36;1m    url = f"{CURSEFORGE_API}/api/projects/{project_id}/upload-file"[0m
Port versions to CurseForge	Diff and upload	2026-05-01T03:59:21.1326730Z [36;1m    headers = {[0m
Port versions to CurseForge	Diff and upload	2026-05-01T03:59:21.1326956Z [36;1m        "User-Agent": USER_AGENT,[0m
Port versions to CurseForge	Diff and upload	2026-05-01T03:59:21.1327241Z [36;1m        "X-Api-Token": CURSEFORGE_TOKEN,[0m
Port versions to CurseForge	Diff and upload	2026-05-01T03:59:21.1327618Z [36;1m        "Content-Type": f"multipart/form-data; boundary={boundary}",[0m
Port versions to CurseForge	Diff and upload	2026-05-01T03:59:21.1327958Z [36;1m    }[0m
Port versions to CurseForge	Diff and upload	2026-05-01T03:59:21.1328317Z [36;1m    req = urllib.request.Request(url, data=bytes(body), method="POST", headers=headers)[0m
Port versions to CurseForge	Diff and upload	2026-05-01T03:59:21.1328768Z [36;1m    for attempt in range(1, 4):[0m
Port versions to CurseForge	Diff and upload	2026-05-01T03:59:21.1329013Z [36;1m        try:[0m
Port versions to CurseForge	Diff and upload	2026-05-01T03:59:21.1329287Z [36;1m            with urllib.request.urlopen(req, timeout=120) as r:[0m
Port versions to CurseForge	Diff and upload	2026-05-01T03:59:21.1329769Z [36;1m                return int(json.loads(r.read().decode("utf-8", errors="replace"))["id"])[0m
Port versions to CurseForge	Diff and upload	2026-05-01T03:59:21.1330223Z [36;1m        except urllib.error.HTTPError as e:[0m
Port versions to CurseForge	Diff and upload	2026-05-01T03:59:21.1330600Z [36;1m            body_text = e.read().decode("utf-8", errors="replace")[:500][0m
Port versions to CurseForge	Diff and upload	2026-05-01T03:59:21.1331015Z [36;1m            if e.code in {429, 500, 502, 503, 504} and attempt < 3:[0m
Port versions to CurseForge	Diff and upload	2026-05-01T03:59:21.1331364Z [36;1m                time.sleep(5 * attempt)[0m
Port versions to CurseForge	Diff and upload	2026-05-01T03:59:21.1331636Z [36;1m                continue[0m
Port versions to CurseForge	Diff and upload	2026-05-01T03:59:21.1331984Z [36;1m            sys.exit(f"[ERROR] CurseForge upload HTTP {e.code}: {body_text}")[0m
Port versions to CurseForge	Diff and upload	2026-05-01T03:59:21.1332388Z [36;1m        except urllib.error.URLError as e:[0m
Port versions to CurseForge	Diff and upload	2026-05-01T03:59:21.1332685Z [36;1m            if attempt < 3:[0m
Port versions to CurseForge	Diff and upload	2026-05-01T03:59:21.1332937Z [36;1m                time.sleep(5)[0m
Port versions to CurseForge	Diff and upload	2026-05-01T03:59:21.1333178Z [36;1m                continue[0m
Port versions to CurseForge	Diff and upload	2026-05-01T03:59:21.1333488Z [36;1m            sys.exit(f"[ERROR] Upload network error: {e.reason}")[0m
Port versions to CurseForge	Diff and upload	2026-05-01T03:59:21.1334037Z [36;1m    sys.exit("[ERROR] Upload failed after retries.")[0m
Port versions to CurseForge	Diff and upload	2026-05-01T03:59:21.1334334Z [36;1m[0m
Port versions to CurseForge	Diff and upload	2026-05-01T03:59:21.1334587Z [36;1m# ----------------------------------------------------------------[0m
Port versions to CurseForge	Diff and upload	2026-05-01T03:59:21.1334931Z [36;1m# Helpers: version logic[0m
Port versions to CurseForge	Diff and upload	2026-05-01T03:59:21.1335237Z [36;1m# ----------------------------------------------------------------[0m
Port versions to CurseForge	Diff and upload	2026-05-01T03:59:21.1335909Z [36;1mdef primary_file(version: dict) -> dict | None:[0m
Port versions to CurseForge	Diff and upload	2026-05-01T03:59:21.1336246Z [36;1m    files = version.get("files", [])[0m
Port versions to CurseForge	Diff and upload	2026-05-01T03:59:21.1336518Z [36;1m    if not files:[0m
Port versions to CurseForge	Diff and upload	2026-05-01T03:59:21.1336735Z [36;1m        return None[0m
Port versions to CurseForge	Diff and upload	2026-05-01T03:59:21.1337153Z [36;1m    primary = [f for f in files if f.get("primary")][0m
Port versions to CurseForge	Diff and upload	2026-05-01T03:59:21.1337478Z [36;1m    return (primary or files)[0][0m
Port versions to CurseForge	Diff and upload	2026-05-01T03:59:21.1337724Z [36;1m[0m
Port versions to CurseForge	Diff and upload	2026-05-01T03:59:21.1337947Z [36;1mdef latest_per_combo(versions: list) -> dict:[0m
Port versions to CurseForge	Diff and upload	2026-05-01T03:59:21.1338387Z [36;1m    """Keep the most recently published version per (mc_version, loader) pair."""[0m
Port versions to CurseForge	Diff and upload	2026-05-01T03:59:21.1338814Z [36;1m    best: dict[tuple, dict] = {}[0m
Port versions to CurseForge	Diff and upload	2026-05-01T03:59:21.1339071Z [36;1m    for v in versions:[0m
Port versions to CurseForge	Diff and upload	2026-05-01T03:59:21.1339339Z [36;1m        pub = v.get("date_published", "")[0m
Port versions to CurseForge	Diff and upload	2026-05-01T03:59:21.1339651Z [36;1m        for mc in v.get("game_versions", []):[0m
Port versions to CurseForge	Diff and upload	2026-05-01T03:59:21.1339961Z [36;1m            for loader in v.get("loaders", []):[0m
Port versions to CurseForge	Diff and upload	2026-05-01T03:59:21.1340272Z [36;1m                key = (mc, loader.lower())[0m
Port versions to CurseForge	Diff and upload	2026-05-01T03:59:21.1340647Z [36;1m                if key not in best or pub > best[key].get("date_published", ""):[0m
Port versions to CurseForge	Diff and upload	2026-05-01T03:59:21.1341025Z [36;1m                    best[key] = v[0m
Port versions to CurseForge	Diff and upload	2026-05-01T03:59:21.1341281Z [36;1m    return best[0m
Port versions to CurseForge	Diff and upload	2026-05-01T03:59:21.1341485Z [36;1m[0m
Port versions to CurseForge	Diff and upload	2026-05-01T03:59:21.1341673Z [36;1mdef is_loader(name: str) -> bool:[0m
Port versions to CurseForge	Diff and upload	2026-05-01T03:59:21.1342013Z [36;1m    return name.lower() in {l.lower() for l in KNOWN_LOADERS}[0m
Port versions to CurseForge	Diff and upload	2026-05-01T03:59:21.1342347Z [36;1m[0m
Port versions to CurseForge	Diff and upload	2026-05-01T03:59:21.1342564Z [36;1mdef cf_combos_present(cf_files: list) -> set:[0m
Port versions to CurseForge	Diff and upload	2026-05-01T03:59:21.1342971Z [36;1m    """Build (mc_version, loader_lowercase) set from CurseForge file list."""[0m
Port versions to CurseForge	Diff and upload	2026-05-01T03:59:21.1343361Z [36;1m    combos = set()[0m
Port versions to CurseForge	Diff and upload	2026-05-01T03:59:21.1343587Z [36;1m    for f in cf_files:[0m
Port versions to CurseForge	Diff and upload	2026-05-01T03:59:21.1343844Z [36;1m        gvs: list = f.get("gameVersions", [])[0m
Port versions to CurseForge	Diff and upload	2026-05-01T03:59:21.1344183Z [36;1m        mc_versions = [g for g in gvs if not is_loader(g)][0m
Port versions to CurseForge	Diff and upload	2026-05-01T03:59:21.1344567Z [36;1m        loaders     = [g.lower() for g in gvs if is_loader(g)][0m
Port versions to CurseForge	Diff and upload	2026-05-01T03:59:21.1344896Z [36;1m        if not loaders:[0m
Port versions to CurseForge	Diff and upload	2026-05-01T03:59:21.1345145Z [36;1m            loaders = ["unknown"][0m
Port versions to CurseForge	Diff and upload	2026-05-01T03:59:21.1345408Z [36;1m        for mc in mc_versions:[0m
Port versions to CurseForge	Diff and upload	2026-05-01T03:59:21.1345816Z [36;1m            for loader in loaders:[0m
Port versions to CurseForge	Diff and upload	2026-05-01T03:59:21.1346094Z [36;1m                combos.add((mc, loader))[0m
Port versions to CurseForge	Diff and upload	2026-05-01T03:59:21.1346374Z [36;1m    return combos[0m
Port versions to CurseForge	Diff and upload	2026-05-01T03:59:21.1346585Z [36;1m[0m
Port versions to CurseForge	Diff and upload	2026-05-01T03:59:21.1346910Z [36;1mdef resolve_cf_version_ids(mc_version: str, loader: str, cf_lookup: dict) -> list:[0m
Port versions to CurseForge	Diff and upload	2026-05-01T03:59:21.1347468Z [36;1m    """Return the list of CurseForge version IDs for a mc_version + loader pair."""[0m
Port versions to CurseForge	Diff and upload	2026-05-01T03:59:21.1347871Z [36;1m    ids = [][0m
Port versions to CurseForge	Diff and upload	2026-05-01T03:59:21.1348151Z [36;1m    # MC version — exact, then strip patch (1.20.1 -> 1.20)[0m
Port versions to CurseForge	Diff and upload	2026-05-01T03:59:21.1348507Z [36;1m    if mc_version in cf_lookup:[0m
Port versions to CurseForge	Diff and upload	2026-05-01T03:59:21.1348798Z [36;1m        ids.append(cf_lookup[mc_version])[0m
Port versions to CurseForge	Diff and upload	2026-05-01T03:59:21.1349079Z [36;1m    else:[0m
Port versions to CurseForge	Diff and upload	2026-05-01T03:59:21.1349301Z [36;1m        parts = mc_version.split(".")[0m
Port versions to CurseForge	Diff and upload	2026-05-01T03:59:21.1349579Z [36;1m        if len(parts) == 3:[0m
Port versions to CurseForge	Diff and upload	2026-05-01T03:59:21.1349855Z [36;1m            short = f"{parts[0]}.{parts[1]}"[0m
Port versions to CurseForge	Diff and upload	2026-05-01T03:59:21.1350147Z [36;1m            if short in cf_lookup:[0m
Port versions to CurseForge	Diff and upload	2026-05-01T03:59:21.1350594Z [36;1m                ids.append(cf_lookup[short])[0m
Port versions to CurseForge	Diff and upload	2026-05-01T03:59:21.1350874Z [36;1m    if not ids:[0m
Port versions to CurseForge	Diff and upload	2026-05-01T03:59:21.1351206Z [36;1m        print(f"  [WARN] No CurseForge version ID found for MC {mc_version!r}")[0m
Port versions to CurseForge	Diff and upload	2026-05-01T03:59:21.1351582Z [36;1m[0m
Port versions to CurseForge	Diff and upload	2026-05-01T03:59:21.1351768Z [36;1m    # Loader[0m
Port versions to CurseForge	Diff and upload	2026-05-01T03:59:21.1352079Z [36;1m    loader_name = LOADER_MAP.get(loader.lower(), loader.capitalize())[0m
Port versions to CurseForge	Diff and upload	2026-05-01T03:59:21.1352489Z [36;1m    matched = cf_lookup.get(loader_name)[0m
Port versions to CurseForge	Diff and upload	2026-05-01T03:59:21.1352776Z [36;1m    if matched is None:[0m
Port versions to CurseForge	Diff and upload	2026-05-01T03:59:21.1353031Z [36;1m        # case-insensitive fallback[0m
Port versions to CurseForge	Diff and upload	2026-05-01T03:59:21.1353443Z [36;1m        for k, v in cf_lookup.items():[0m
Port versions to CurseForge	Diff and upload	2026-05-01T03:59:21.1353755Z [36;1m            if k.lower() == loader_name.lower():[0m
Port versions to CurseForge	Diff and upload	2026-05-01T03:59:21.1354051Z [36;1m                matched = v[0m
Port versions to CurseForge	Diff and upload	2026-05-01T03:59:21.1354287Z [36;1m                break[0m
Port versions to CurseForge	Diff and upload	2026-05-01T03:59:21.1354518Z [36;1m    if matched is not None:[0m
Port versions to CurseForge	Diff and upload	2026-05-01T03:59:21.1354773Z [36;1m        ids.append(matched)[0m
Port versions to CurseForge	Diff and upload	2026-05-01T03:59:21.1355020Z [36;1m    else:[0m
Port versions to CurseForge	Diff and upload	2026-05-01T03:59:21.1355341Z [36;1m        print(f"  [WARN] No CurseForge version ID found for loader {loader!r}")[0m
Port versions to CurseForge	Diff and upload	2026-05-01T03:59:21.1355843Z [36;1m    return ids[0m
Port versions to CurseForge	Diff and upload	2026-05-01T03:59:21.1356048Z [36;1m[0m
Port versions to CurseForge	Diff and upload	2026-05-01T03:59:21.1356296Z [36;1m# ----------------------------------------------------------------[0m
Port versions to CurseForge	Diff and upload	2026-05-01T03:59:21.1356626Z [36;1m# Step 1: Fetch Modrinth[0m
Port versions to CurseForge	Diff and upload	2026-05-01T03:59:21.1356932Z [36;1m# ----------------------------------------------------------------[0m
Port versions to CurseForge	Diff and upload	2026-05-01T03:59:21.1357319Z [36;1mmr_ref = modrinth_ref(os.environ["MODRINTH_URL"])[0m
Port versions to CurseForge	Diff and upload	2026-05-01T03:59:21.1357718Z [36;1mcf_id  = curseforge_project_id(os.environ["CURSEFORGE_URL"])[0m
Port versions to CurseForge	Diff and upload	2026-05-01T03:59:21.1358047Z [36;1m[0m
Port versions to CurseForge	Diff and upload	2026-05-01T03:59:21.1358228Z [36;1mprint(f"\n{'='*70}")[0m
Port versions to CurseForge	Diff and upload	2026-05-01T03:59:21.1358467Z [36;1mprint(f"  Modrinth  : {mr_ref}")[0m
Port versions to CurseForge	Diff and upload	2026-05-01T03:59:21.1358733Z [36;1mprint(f"  CurseForge: {cf_id}")[0m
Port versions to CurseForge	Diff and upload	2026-05-01T03:59:21.1359009Z [36;1mprint(f"  Dry run   : {DRY_RUN}")[0m
Port versions to CurseForge	Diff and upload	2026-05-01T03:59:21.1359270Z [36;1mprint(f"{'='*70}\n")[0m
Port versions to CurseForge	Diff and upload	2026-05-01T03:59:21.1359479Z [36;1m[0m
Port versions to CurseForge	Diff and upload	2026-05-01T03:59:21.1359731Z [36;1mprint("[1/4] Fetching Modrinth project and versions...")[0m
Port versions to CurseForge	Diff and upload	2026-05-01T03:59:21.1360206Z [36;1mmr_project = modrinth_get(f"/project/{urllib.parse.quote(mr_ref, safe='')}")[0m
Port versions to CurseForge	Diff and upload	2026-05-01T03:59:21.1360615Z [36;1mmr_id      = mr_project["id"][0m
Port versions to CurseForge	Diff and upload	2026-05-01T03:59:21.1360930Z [36;1mprint(f"  Title: {mr_project.get('title')}  ID: {mr_id}")[0m
Port versions to CurseForge	Diff and upload	2026-05-01T03:59:21.1361249Z [36;1m[0m
Port versions to CurseForge	Diff and upload	2026-05-01T03:59:21.1361591Z [36;1mall_versions = modrinth_get(f"/project/{urllib.parse.quote(mr_id, safe='')}/version")[0m
Port versions to CurseForge	Diff and upload	2026-05-01T03:59:21.1362067Z [36;1mif not isinstance(all_versions, list):[0m
Port versions to CurseForge	Diff and upload	2026-05-01T03:59:21.1362350Z [36;1m    all_versions = [][0m
Port versions to CurseForge	Diff and upload	2026-05-01T03:59:21.1362651Z [36;1mprint(f"  Total version entries: {len(all_versions)}")[0m
Port versions to CurseForge	Diff and upload	2026-05-01T03:59:21.1362971Z [36;1m[0m
Port versions to CurseForge	Diff and upload	2026-05-01T03:59:21.1363189Z [36;1mmr_latest = latest_per_combo(all_versions)[0m
Port versions to CurseForge	Diff and upload	2026-05-01T03:59:21.1363574Z [36;1mprint(f"  Unique (mc_version, loader) combos: {len(mr_latest)}")[0m
Port versions to CurseForge	Diff and upload	2026-05-01T03:59:21.1363911Z [36;1m[0m
Port versions to CurseForge	Diff and upload	2026-05-01T03:59:21.1364149Z [36;1m# ----------------------------------------------------------------[0m
Port versions to CurseForge	Diff and upload	2026-05-01T03:59:21.1364481Z [36;1m# Step 2: Fetch CurseForge[0m
Port versions to CurseForge	Diff and upload	2026-05-01T03:59:21.1364789Z [36;1m# ----------------------------------------------------------------[0m
Port versions to CurseForge	Diff and upload	2026-05-01T03:59:21.1365229Z [36;1mprint("\n[2/4] Fetching CurseForge game versions and existing files...")[0m
Port versions to CurseForge	Diff and upload	2026-05-01T03:59:21.1365800Z [36;1mcf_game_versions = curseforge_get("/api/game/versions")[0m
Port versions to CurseForge	Diff and upload	2026-05-01T03:59:21.1366173Z [36;1mif not isinstance(cf_game_versions, list):[0m
Port versions to CurseForge	Diff and upload	2026-05-01T03:59:21.1366462Z [36;1m    cf_game_versions = [][0m
Port versions to CurseForge	Diff and upload	2026-05-01T03:59:21.1366777Z [36;1mcf_lookup = {v["name"]: v["id"] for v in cf_game_versions}[0m
Port versions to CurseForge	Diff and upload	2026-05-01T03:59:21.1367198Z [36;1mprint(f"  CurseForge game version entries: {len(cf_lookup)}")[0m
Port versions to CurseForge	Diff and upload	2026-05-01T03:59:21.1367657Z [36;1m[0m
Port versions to CurseForge	Diff and upload	2026-05-01T03:59:21.1367952Z [36;1m# Resolve slug -> numeric ID (required by the upload and files endpoints)[0m
Port versions to CurseForge	Diff and upload	2026-05-01T03:59:21.1368381Z [36;1mcf_numeric_id = resolve_cf_numeric_id(cf_id)[0m
Port versions to CurseForge	Diff and upload	2026-05-01T03:59:21.1368663Z [36;1m[0m
Port versions to CurseForge	Diff and upload	2026-05-01T03:59:21.1368937Z [36;1mcf_files = curseforge_get(f"/api/projects/{cf_numeric_id}/files")[0m
Port versions to CurseForge	Diff and upload	2026-05-01T03:59:21.1369324Z [36;1mif not isinstance(cf_files, list):[0m
Port versions to CurseForge	Diff and upload	2026-05-01T03:59:21.1369592Z [36;1m    cf_files = [][0m
Port versions to CurseForge	Diff and upload	2026-05-01T03:59:21.1369842Z [36;1mcf_present = cf_combos_present(cf_files)[0m
Port versions to CurseForge	Diff and upload	2026-05-01T03:59:21.1370310Z [36;1mprint(f"  Existing CurseForge files: {len(cf_files)}")[0m
Port versions to CurseForge	Diff and upload	2026-05-01T03:59:21.1370776Z [36;1mprint(f"  Unique (mc_version, loader) combos on CurseForge: {len(cf_present)}")[0m
Port versions to CurseForge	Diff and upload	2026-05-01T03:59:21.1371164Z [36;1m[0m
Port versions to CurseForge	Diff and upload	2026-05-01T03:59:21.1371406Z [36;1m# ----------------------------------------------------------------[0m
Port versions to CurseForge	Diff and upload	2026-05-01T03:59:21.1371738Z [36;1m# Step 3: Diff[0m
Port versions to CurseForge	Diff and upload	2026-05-01T03:59:21.1372012Z [36;1m# ----------------------------------------------------------------[0m
Port versions to CurseForge	Diff and upload	2026-05-01T03:59:21.1372347Z [36;1mprint("\n[3/4] Computing diff...")[0m
Port versions to CurseForge	Diff and upload	2026-05-01T03:59:21.1372613Z [36;1mmissing = [][0m
Port versions to CurseForge	Diff and upload	2026-05-01T03:59:21.1372895Z [36;1mfor (mc, loader), version in sorted(mr_latest.items()):[0m
Port versions to CurseForge	Diff and upload	2026-05-01T03:59:21.1373318Z [36;1m    cf_loader = LOADER_MAP.get(loader, loader.capitalize()).lower()[0m
Port versions to CurseForge	Diff and upload	2026-05-01T03:59:21.1373787Z [36;1m    if (mc, cf_loader) not in cf_present and (mc, loader) not in cf_present:[0m
Port versions to CurseForge	Diff and upload	2026-05-01T03:59:21.1374204Z [36;1m        missing.append(((mc, loader), version))[0m
Port versions to CurseForge	Diff and upload	2026-05-01T03:59:21.1374491Z [36;1m[0m
Port versions to CurseForge	Diff and upload	2026-05-01T03:59:21.1374712Z [36;1mmissing.sort(key=lambda x: (x[0][0], x[0][1]))[0m
Port versions to CurseForge	Diff and upload	2026-05-01T03:59:21.1374998Z [36;1m[0m
Port versions to CurseForge	Diff and upload	2026-05-01T03:59:21.1375174Z [36;1mif not missing:[0m
Port versions to CurseForge	Diff and upload	2026-05-01T03:59:21.1375679Z [36;1m    print("\n  All Modrinth versions are already present on CurseForge. Nothing to do!")[0m
Port versions to CurseForge	Diff and upload	2026-05-01T03:59:21.1376118Z [36;1m    sys.exit(0)[0m
Port versions to CurseForge	Diff and upload	2026-05-01T03:59:21.1376317Z [36;1m[0m
Port versions to CurseForge	Diff and upload	2026-05-01T03:59:21.1376484Z [36;1m# Print table[0m
Port versions to CurseForge	Diff and upload	2026-05-01T03:59:21.1376699Z [36;1mprint(f"\n  {'='*68}")[0m
Port versions to CurseForge	Diff and upload	2026-05-01T03:59:21.1377058Z [36;1mprint(f"  Versions on Modrinth missing from CurseForge: {len(missing)}")[0m
Port versions to CurseForge	Diff and upload	2026-05-01T03:59:21.1377436Z [36;1mprint(f"  {'-'*68}")[0m
Port versions to CurseForge	Diff and upload	2026-05-01T03:59:21.1377822Z [36;1mprint(f"  {'#':<4} {'MC Version':<14} {'Loader':<12} {'Version #':<20} {'Type':<10} {'Published'}")[0m
Port versions to CurseForge	Diff and upload	2026-05-01T03:59:21.1378241Z [36;1mprint(f"  {'-'*68}")[0m
Port versions to CurseForge	Diff and upload	2026-05-01T03:59:21.1378516Z [36;1mfor i, ((mc, loader), v) in enumerate(missing, 1):[0m
Port versions to CurseForge	Diff and upload	2026-05-01T03:59:21.1378858Z [36;1m    vnum  = v.get("version_number", "?")[0m
Port versions to CurseForge	Diff and upload	2026-05-01T03:59:21.1379171Z [36;1m    vtype = v.get("version_type", "release")[0m
Port versions to CurseForge	Diff and upload	2026-05-01T03:59:21.1379528Z [36;1m    pub   = v.get("date_published", "")[:19].replace("T", " ")[0m
Port versions to CurseForge	Diff and upload	2026-05-01T03:59:21.1379862Z [36;1m    pf    = primary_file(v)[0m
Port versions to CurseForge	Diff and upload	2026-05-01T03:59:21.1380164Z [36;1m    fname = pf["filename"] if pf else "(no file)"[0m
Port versions to CurseForge	Diff and upload	2026-05-01T03:59:21.1380568Z [36;1m    print(f"  {i:<4} {mc:<14} {loader:<12} {vnum:<20} {vtype:<10} {pub}  {fname}")[0m
Port versions to CurseForge	Diff and upload	2026-05-01T03:59:21.1380938Z [36;1mprint(f"  {'='*68}\n")[0m
Port versions to CurseForge	Diff and upload	2026-05-01T03:59:21.1381162Z [36;1m[0m
Port versions to CurseForge	Diff and upload	2026-05-01T03:59:21.1381334Z [36;1mif DRY_RUN:[0m
Port versions to CurseForge	Diff and upload	2026-05-01T03:59:21.1381568Z [36;1m    print("  [DRY RUN] No files uploaded.")[0m
Port versions to CurseForge	Diff and upload	2026-05-01T03:59:21.1381856Z [36;1m    sys.exit(0)[0m
Port versions to CurseForge	Diff and upload	2026-05-01T03:59:21.1382062Z [36;1m[0m
Port versions to CurseForge	Diff and upload	2026-05-01T03:59:21.1382297Z [36;1m# ----------------------------------------------------------------[0m
Port versions to CurseForge	Diff and upload	2026-05-01T03:59:21.1382631Z [36;1m# Step 4: Upload[0m
Port versions to CurseForge	Diff and upload	2026-05-01T03:59:21.1382914Z [36;1m# ----------------------------------------------------------------[0m
Port versions to CurseForge	Diff and upload	2026-05-01T03:59:21.1383350Z [36;1mprint(f"[4/4] Uploading {len(missing)} version(s) to CurseForge...\n")[0m
Port versions to CurseForge	Diff and upload	2026-05-01T03:59:21.1383714Z [36;1msuccess = 0[0m
Port versions to CurseForge	Diff and upload	2026-05-01T03:59:21.1384036Z [36;1mfailed  = 0[0m
Port versions to CurseForge	Diff and upload	2026-05-01T03:59:21.1384229Z [36;1m[0m
Port versions to CurseForge	Diff and upload	2026-05-01T03:59:21.1384509Z [36;1mwith tempfile.TemporaryDirectory(prefix="cf_port_") as tmpdir:[0m
Port versions to CurseForge	Diff and upload	2026-05-01T03:59:21.1384881Z [36;1m    tmp = Path(tmpdir)[0m
Port versions to CurseForge	Diff and upload	2026-05-01T03:59:21.1385192Z [36;1m    for i, ((mc, loader), version) in enumerate(missing, 1):[0m
Port versions to CurseForge	Diff and upload	2026-05-01T03:59:21.1385833Z [36;1m        vnum      = version.get("version_number", "?")[0m
Port versions to CurseForge	Diff and upload	2026-05-01T03:59:21.1386266Z [36;1m        vname     = version.get("name") or f"{mr_project.get('title', '')} {vnum}"[0m
Port versions to CurseForge	Diff and upload	2026-05-01T03:59:21.1386807Z [36;1m        vtype     = RELEASE_TYPE_MAP.get(version.get("version_type", "release"), "release")[0m
Port versions to CurseForge	Diff and upload	2026-05-01T03:59:21.1387626Z [36;1m        changelog = version.get("changelog") or f"Ported from Modrinth. Version {vnum} for {mc} ({loader})."[0m
Port versions to CurseForge	Diff and upload	2026-05-01T03:59:21.1388098Z [36;1m[0m
Port versions to CurseForge	Diff and upload	2026-05-01T03:59:21.1388299Z [36;1m        pf = primary_file(version)[0m
Port versions to CurseForge	Diff and upload	2026-05-01T03:59:21.1388571Z [36;1m        if not pf:[0m
Port versions to CurseForge	Diff and upload	2026-05-01T03:59:21.1388944Z [36;1m            print(f"  [{i}/{len(missing)}] SKIP {mc}/{loader} {vnum} — no file on Modrinth.")[0m
Port versions to CurseForge	Diff and upload	2026-05-01T03:59:21.1389355Z [36;1m            failed += 1[0m
Port versions to CurseForge	Diff and upload	2026-05-01T03:59:21.1389591Z [36;1m            continue[0m
Port versions to CurseForge	Diff and upload	2026-05-01T03:59:21.1389810Z [36;1m[0m
Port versions to CurseForge	Diff and upload	2026-05-01T03:59:21.1390048Z [36;1m        filename     = pf.get("filename", f"mod-{vnum}.jar")[0m
Port versions to CurseForge	Diff and upload	2026-05-01T03:59:21.1390399Z [36;1m        download_url = pf.get("url", "")[0m
Port versions to CurseForge	Diff and upload	2026-05-01T03:59:21.1390666Z [36;1m[0m
Port versions to CurseForge	Diff and upload	2026-05-01T03:59:21.1390940Z [36;1m        print(f"  [{i}/{len(missing)}] {mc} / {loader} — {vnum} ({vtype})")[0m
Port versions to CurseForge	Diff and upload	2026-05-01T03:59:21.1391357Z [36;1m        print(f"    File     : {filename}")[0m
Port versions to CurseForge	Diff and upload	2026-05-01T03:59:21.1391830Z [36;1m        print(f"    Changelog: {changelog[:100].strip()!r}{'...' if len(changelog) > 100 else ''}")[0m
Port versions to CurseForge	Diff and upload	2026-05-01T03:59:21.1392254Z [36;1m[0m
Port versions to CurseForge	Diff and upload	2026-05-01T03:59:21.1392529Z [36;1m        cf_version_ids = resolve_cf_version_ids(mc, loader, cf_lookup)[0m
Port versions to CurseForge	Diff and upload	2026-05-01T03:59:21.1392907Z [36;1m        if not cf_version_ids:[0m
Port versions to CurseForge	Diff and upload	2026-05-01T03:59:21.1393316Z [36;1m            print(f"    [SKIP] Could not resolve CurseForge version IDs for {mc}/{loader}.")[0m
Port versions to CurseForge	Diff and upload	2026-05-01T03:59:21.1393730Z [36;1m            failed += 1[0m
Port versions to CurseForge	Diff and upload	2026-05-01T03:59:21.1393964Z [36;1m            continue[0m
Port versions to CurseForge	Diff and upload	2026-05-01T03:59:21.1394231Z [36;1m        print(f"    CF IDs   : {cf_version_ids}")[0m
Port versions to CurseForge	Diff and upload	2026-05-01T03:59:21.1394511Z [36;1m[0m
Port versions to CurseForge	Diff and upload	2026-05-01T03:59:21.1394705Z [36;1m        jar_path = tmp / filename[0m
Port versions to CurseForge	Diff and upload	2026-05-01T03:59:21.1395020Z [36;1m        print(f"    Downloading from Modrinth CDN...")[0m
Port versions to CurseForge	Diff and upload	2026-05-01T03:59:21.1395357Z [36;1m        download_file(download_url, jar_path)[0m
Port versions to CurseForge	Diff and upload	2026-05-01T03:59:21.1395884Z [36;1m        print(f"    Downloaded {jar_path.stat().st_size:,} bytes.")[0m
Port versions to CurseForge	Diff and upload	2026-05-01T03:59:21.1396217Z [36;1m[0m
Port versions to CurseForge	Diff and upload	2026-05-01T03:59:21.1396388Z [36;1m        cf_metadata = {[0m
Port versions to CurseForge	Diff and upload	2026-05-01T03:59:21.1396647Z [36;1m            "changelog":     changelog,[0m
Port versions to CurseForge	Diff and upload	2026-05-01T03:59:21.1396953Z [36;1m            "changelogType": "markdown",[0m
Port versions to CurseForge	Diff and upload	2026-05-01T03:59:21.1397246Z [36;1m            "displayName":   vname,[0m
Port versions to CurseForge	Diff and upload	2026-05-01T03:59:21.1397533Z [36;1m            "gameVersions":  cf_version_ids,[0m
Port versions to CurseForge	Diff and upload	2026-05-01T03:59:21.1397827Z [36;1m            "releaseType":   vtype,[0m
Port versions to CurseForge	Diff and upload	2026-05-01T03:59:21.1398082Z [36;1m        }[0m
Port versions to CurseForge	Diff and upload	2026-05-01T03:59:21.1398262Z [36;1m[0m
Port versions to CurseForge	Diff and upload	2026-05-01T03:59:21.1398487Z [36;1m        print(f"    Uploading to CurseForge...")[0m
Port versions to CurseForge	Diff and upload	2026-05-01T03:59:21.1398890Z [36;1m        new_id = curseforge_upload(cf_numeric_id, cf_metadata, jar_path)[0m
Port versions to CurseForge	Diff and upload	2026-05-01T03:59:21.1399337Z [36;1m        print(f"    ✓ Uploaded — CurseForge file ID: {new_id}")[0m
Port versions to CurseForge	Diff and upload	2026-05-01T03:59:21.1399682Z [36;1m        success += 1[0m
Port versions to CurseForge	Diff and upload	2026-05-01T03:59:21.1399899Z [36;1m[0m
Port versions to CurseForge	Diff and upload	2026-05-01T03:59:21.1400074Z [36;1m        if i < len(missing):[0m
Port versions to CurseForge	Diff and upload	2026-05-01T03:59:21.1400327Z [36;1m            time.sleep(1)[0m
Port versions to CurseForge	Diff and upload	2026-05-01T03:59:21.1400559Z [36;1m[0m
Port versions to CurseForge	Diff and upload	2026-05-01T03:59:21.1400727Z [36;1mprint(f"\n{'='*70}")[0m
Port versions to CurseForge	Diff and upload	2026-05-01T03:59:21.1401182Z [36;1mprint(f"  Done.  {success} uploaded,  {failed} failed/skipped.")[0m
Port versions to CurseForge	Diff and upload	2026-05-01T03:59:21.1401534Z [36;1mprint(f"{'='*70}\n")[0m
Port versions to CurseForge	Diff and upload	2026-05-01T03:59:21.1401741Z [36;1m[0m
Port versions to CurseForge	Diff and upload	2026-05-01T03:59:21.1401904Z [36;1mif failed:[0m
Port versions to CurseForge	Diff and upload	2026-05-01T03:59:21.1402104Z [36;1m    sys.exit(1)[0m
Port versions to CurseForge	Diff and upload	2026-05-01T03:59:21.1402311Z [36;1mPY[0m
Port versions to CurseForge	Diff and upload	2026-05-01T03:59:21.1425071Z shell: /usr/bin/bash --noprofile --norc -e -o pipefail {0}
Port versions to CurseForge	Diff and upload	2026-05-01T03:59:21.1425756Z env:
Port versions to CurseForge	Diff and upload	2026-05-01T03:59:21.1426058Z   pythonLocation: /opt/hostedtoolcache/Python/3.12.13/x64
Port versions to CurseForge	Diff and upload	2026-05-01T03:59:21.1426488Z   PKG_CONFIG_PATH: /opt/hostedtoolcache/Python/3.12.13/x64/lib/pkgconfig
Port versions to CurseForge	Diff and upload	2026-05-01T03:59:21.1427073Z   Python_ROOT_DIR: /opt/hostedtoolcache/Python/3.12.13/x64
Port versions to CurseForge	Diff and upload	2026-05-01T03:59:21.1427438Z   Python2_ROOT_DIR: /opt/hostedtoolcache/Python/3.12.13/x64
Port versions to CurseForge	Diff and upload	2026-05-01T03:59:21.1427812Z   Python3_ROOT_DIR: /opt/hostedtoolcache/Python/3.12.13/x64
Port versions to CurseForge	Diff and upload	2026-05-01T03:59:21.1428191Z   LD_LIBRARY_PATH: /opt/hostedtoolcache/Python/3.12.13/x64/lib
Port versions to CurseForge	Diff and upload	2026-05-01T03:59:21.1428798Z   MODRINTH_TOKEN: ***
Port versions to CurseForge	Diff and upload	2026-05-01T03:59:21.1429070Z   CURSEFORGE_TOKEN: ***
Port versions to CurseForge	Diff and upload	2026-05-01T03:59:21.1429332Z   MODRINTH_URL: https://modrinth.com/mod/pingfix
Port versions to CurseForge	Diff and upload	2026-05-01T03:59:21.1429771Z   CURSEFORGE_URL: https://www.curseforge.com/minecraft/mc-mods/fix-my-pinggggg
Port versions to CurseForge	Diff and upload	2026-05-01T03:59:21.1430161Z   DRY_RUN: false
Port versions to CurseForge	Diff and upload	2026-05-01T03:59:21.1430350Z ##[endgroup]
Port versions to CurseForge	Diff and upload	2026-05-01T03:59:22.7232914Z [ERROR] CurseForge v1 HTTP 403: https://api.curseforge.com/v1/mods/search?gameId=432&slug=fix-my-pinggggg&pageSize=5
Port versions to CurseForge	Diff and upload	2026-05-01T03:59:22.7233738Z 
Port versions to CurseForge	Diff and upload	2026-05-01T03:59:22.7233952Z ======================================================================
Port versions to CurseForge	Diff and upload	2026-05-01T03:59:22.7234508Z   Modrinth  : pingfix
Port versions to CurseForge	Diff and upload	2026-05-01T03:59:22.7234865Z   CurseForge: fix-my-pinggggg
Port versions to CurseForge	Diff and upload	2026-05-01T03:59:22.7235225Z   Dry run   : False
Port versions to CurseForge	Diff and upload	2026-05-01T03:59:22.7235833Z ======================================================================
Port versions to CurseForge	Diff and upload	2026-05-01T03:59:22.7236166Z 
Port versions to CurseForge	Diff and upload	2026-05-01T03:59:22.7236335Z [1/4] Fetching Modrinth project and versions...
Port versions to CurseForge	Diff and upload	2026-05-01T03:59:22.7236838Z   Title: FIX MY PINGGGGG  ID: 9GikcByI
Port versions to CurseForge	Diff and upload	2026-05-01T03:59:22.7237248Z   Total version entries: 77
Port versions to CurseForge	Diff and upload	2026-05-01T03:59:22.7237640Z   Unique (mc_version, loader) combos: 81
Port versions to CurseForge	Diff and upload	2026-05-01T03:59:22.7237912Z 
Port versions to CurseForge	Diff and upload	2026-05-01T03:59:22.7238146Z [2/4] Fetching CurseForge game versions and existing files...
Port versions to CurseForge	Diff and upload	2026-05-01T03:59:22.7238668Z   CurseForge game version entries: 7045
Port versions to CurseForge	Diff and upload	2026-05-01T03:59:22.7239370Z Forbidden: API Key missing or invalid
Port versions to CurseForge	Diff and upload	2026-05-01T03:59:22.7352502Z ##[error]Process completed with exit code 1.
Port versions to CurseForge	Write step summary	﻿2026-05-01T03:59:22.7401724Z ##[group]Run {
Port versions to CurseForge	Write step summary	2026-05-01T03:59:22.7401995Z [36;1m{[0m
Port versions to CurseForge	Write step summary	2026-05-01T03:59:22.7402189Z [36;1m  echo "## CurseForge Port"[0m
Port versions to CurseForge	Write step summary	2026-05-01T03:59:22.7402446Z [36;1m  echo ""[0m
Port versions to CurseForge	Write step summary	2026-05-01T03:59:22.7402651Z [36;1m  echo "| | |"[0m
Port versions to CurseForge	Write step summary	2026-05-01T03:59:22.7402868Z [36;1m  echo "|---|---|"[0m
Port versions to CurseForge	Write step summary	2026-05-01T03:59:22.7403120Z [36;1m  echo "| Modrinth | \`$MODRINTH_URL\` |"[0m
Port versions to CurseForge	Write step summary	2026-05-01T03:59:22.7403463Z [36;1m  echo "| CurseForge | \`$CURSEFORGE_URL\` |"[0m
Port versions to CurseForge	Write step summary	2026-05-01T03:59:22.7403793Z [36;1m  echo "| Dry run | \`$DRY_RUN\` |"[0m
Port versions to CurseForge	Write step summary	2026-05-01T03:59:22.7404076Z [36;1m} >> "$GITHUB_STEP_SUMMARY"[0m
Port versions to CurseForge	Write step summary	2026-05-01T03:59:22.7425698Z shell: /usr/bin/bash --noprofile --norc -e -o pipefail {0}
Port versions to CurseForge	Write step summary	2026-05-01T03:59:22.7426040Z env:
Port versions to CurseForge	Write step summary	2026-05-01T03:59:22.7426298Z   pythonLocation: /opt/hostedtoolcache/Python/3.12.13/x64
Port versions to CurseForge	Write step summary	2026-05-01T03:59:22.7426735Z   PKG_CONFIG_PATH: /opt/hostedtoolcache/Python/3.12.13/x64/lib/pkgconfig
Port versions to CurseForge	Write step summary	2026-05-01T03:59:22.7427143Z   Python_ROOT_DIR: /opt/hostedtoolcache/Python/3.12.13/x64
Port versions to CurseForge	Write step summary	2026-05-01T03:59:22.7427544Z   Python2_ROOT_DIR: /opt/hostedtoolcache/Python/3.12.13/x64
Port versions to CurseForge	Write step summary	2026-05-01T03:59:22.7427911Z   Python3_ROOT_DIR: /opt/hostedtoolcache/Python/3.12.13/x64
Port versions to CurseForge	Write step summary	2026-05-01T03:59:22.7428281Z   LD_LIBRARY_PATH: /opt/hostedtoolcache/Python/3.12.13/x64/lib
Port versions to CurseForge	Write step summary	2026-05-01T03:59:22.7428642Z   MODRINTH_URL: https://modrinth.com/mod/pingfix
Port versions to CurseForge	Write step summary	2026-05-01T03:59:22.7429073Z   CURSEFORGE_URL: https://www.curseforge.com/minecraft/mc-mods/fix-my-pinggggg
Port versions to CurseForge	Write step summary	2026-05-01T03:59:22.7429483Z   DRY_RUN: false
Port versions to CurseForge	Write step summary	2026-05-01T03:59:22.7429846Z ##[endgroup]
Port versions to CurseForge	Post Run actions/checkout@v4	﻿2026-05-01T03:59:22.7587034Z Post job cleanup.
Port versions to CurseForge	Post Run actions/checkout@v4	2026-05-01T03:59:22.8543442Z [command]/usr/bin/git version
Port versions to CurseForge	Post Run actions/checkout@v4	2026-05-01T03:59:22.8579325Z git version 2.53.0
Port versions to CurseForge	Post Run actions/checkout@v4	2026-05-01T03:59:22.8623645Z Temporarily overriding HOME='/home/runner/work/_temp/540cb92f-ee22-4340-8930-972fe4dd3710' before making global git config changes
Port versions to CurseForge	Post Run actions/checkout@v4	2026-05-01T03:59:22.8625052Z Adding repository directory to the temporary git global config as a safe directory
Port versions to CurseForge	Post Run actions/checkout@v4	2026-05-01T03:59:22.8630567Z [command]/usr/bin/git config --global --add safe.directory /home/runner/work/ModCompiler/ModCompiler
Port versions to CurseForge	Post Run actions/checkout@v4	2026-05-01T03:59:22.8666104Z [command]/usr/bin/git config --local --name-only --get-regexp core\.sshCommand
Port versions to CurseForge	Post Run actions/checkout@v4	2026-05-01T03:59:22.8696388Z [command]/usr/bin/git submodule foreach --recursive sh -c "git config --local --name-only --get-regexp 'core\.sshCommand' && git config --local --unset-all 'core.sshCommand' || :"
Port versions to CurseForge	Post Run actions/checkout@v4	2026-05-01T03:59:22.9124818Z fatal: No url found for submodule path 'LibraryMods/3arthh4ck' in .gitmodules
Port versions to CurseForge	Post Run actions/checkout@v4	2026-05-01T03:59:22.9177698Z ##[warning]The process '/usr/bin/git' failed with exit code 128
Port versions to CurseForge	Complete job	﻿2026-05-01T03:59:22.9262537Z Cleaning up orphan processes
Port versions to CurseForge	Complete job	2026-05-01T03:59:22.9534680Z ##[warning]Node.js 20 actions are deprecated. The following actions are running on Node.js 20 and may not work as expected: actions/checkout@v4, actions/setup-python@v5. Actions will be forced to run with Node.js 24 by default starting June 2nd, 2026. Node.js 20 will be removed from the runner on September 16th, 2026. Please check if updated versions of these actions are available that support Node.js 24. To opt into Node.js 24 now, set the FORCE_JAVASCRIPT_ACTIONS_TO_NODE24=true environment variable on the runner or in your workflow file. Once Node.js 24 becomes the default, you can temporarily opt out by setting ACTIONS_ALLOW_USE_UNSECURE_NODE_VERSION=true. For more information see: https://github.blog/changelog/2025-09-19-deprecation-of-node-20-on-github-actions-runners/
