[03:20:07] [main/WARNING] [Main]: Not running from the headlessmc-launcher-wrapper. No plugin support and in-memory launching.
Launching version fabric-loader-0.19.3-1.21.4, 6ee41ce7-5142-4578-b986-cc11455ee04a
[03:20:07] [main/INFO] [XvfbService]: Running with xvfb
[03:20:07] [main/INFO] [LaunchOptions]: You are offline but running with xvfb, not using headless mode.
[03:20:07] [main/INFO] [LibraryDownloader]: com/fasterxml/jackson/core/jackson-annotations/2.13.4/jackson-annotations-2.13.4.jar is missing, downloading from https://libraries.minecraft.net/com/fasterxml/jackson/core/jackson-annotations/2.13.4/jackson-annotations-2.13.4.jar
[03:20:08] [main/INFO] [LibraryDownloader]: com/fasterxml/jackson/core/jackson-core/2.13.4/jackson-core-2.13.4.jar is missing, downloading from https://libraries.minecraft.net/com/fasterxml/jackson/core/jackson-core/2.13.4/jackson-core-2.13.4.jar
[03:20:08] [main/INFO] [LibraryDownloader]: com/fasterxml/jackson/core/jackson-databind/2.13.4.2/jackson-databind-2.13.4.2.jar is missing, downloading from https://libraries.minecraft.net/com/fasterxml/jackson/core/jackson-databind/2.13.4.2/jackson-databind-2.13.4.2.jar
[03:20:08] [main/INFO] [LibraryDownloader]: com/github/oshi/oshi-core/6.6.5/oshi-core-6.6.5.jar is missing, downloading from https://libraries.minecraft.net/com/github/oshi/oshi-core/6.6.5/oshi-core-6.6.5.jar
[03:20:08] [main/INFO] [LibraryDownloader]: com/github/stephenc/jcip/jcip-annotations/1.0-1/jcip-annotations-1.0-1.jar is missing, downloading from https://libraries.minecraft.net/com/github/stephenc/jcip/jcip-annotations/1.0-1/jcip-annotations-1.0-1.jar
[03:20:08] [main/INFO] [LibraryDownloader]: com/google/code/gson/gson/2.11.0/gson-2.11.0.jar is missing, downloading from https://libraries.minecraft.net/com/google/code/gson/gson/2.11.0/gson-2.11.0.jar
[03:20:08] [main/INFO] [LibraryDownloader]: com/google/guava/failureaccess/1.0.2/failureaccess-1.0.2.jar is missing, downloading from https://libraries.minecraft.net/com/google/guava/failureaccess/1.0.2/failureaccess-1.0.2.jar
[03:20:08] [main/INFO] [LibraryDownloader]: com/google/guava/guava/33.3.1-jre/guava-33.3.1-jre.jar is missing, downloading from https://libraries.minecraft.net/com/google/guava/guava/33.3.1-jre/guava-33.3.1-jre.jar
[03:20:08] [main/INFO] [LibraryDownloader]: com/ibm/icu/icu4j/76.1/icu4j-76.1.jar is missing, downloading from https://libraries.minecraft.net/com/ibm/icu/icu4j/76.1/icu4j-76.1.jar
[03:20:08] [main/INFO] [LibraryDownloader]: com/microsoft/azure/msal4j/1.17.2/msal4j-1.17.2.jar is missing, downloading from https://libraries.minecraft.net/com/microsoft/azure/msal4j/1.17.2/msal4j-1.17.2.jar
[03:20:08] [main/INFO] [LibraryDownloader]: com/mojang/authlib/6.0.57/authlib-6.0.57.jar is missing, downloading from https://libraries.minecraft.net/com/mojang/authlib/6.0.57/authlib-6.0.57.jar
[03:20:08] [main/INFO] [LibraryDownloader]: com/mojang/brigadier/1.3.10/brigadier-1.3.10.jar is missing, downloading from https://libraries.minecraft.net/com/mojang/brigadier/1.3.10/brigadier-1.3.10.jar
[03:20:08] [main/INFO] [LibraryDownloader]: com/mojang/datafixerupper/8.0.16/datafixerupper-8.0.16.jar is missing, downloading from https://libraries.minecraft.net/com/mojang/datafixerupper/8.0.16/datafixerupper-8.0.16.jar
[03:20:08] [main/INFO] [LibraryDownloader]: com/mojang/jtracy/1.0.29/jtracy-1.0.29.jar is missing, downloading from https://libraries.minecraft.net/com/mojang/jtracy/1.0.29/jtracy-1.0.29.jar
[03:20:08] [main/INFO] [LibraryDownloader]: com/mojang/jtracy/1.0.29/jtracy-1.0.29-natives-linux.jar is missing, downloading from https://libraries.minecraft.net/com/mojang/jtracy/1.0.29/jtracy-1.0.29-natives-linux.jar
[03:20:08] [main/INFO] [LibraryDownloader]: com/mojang/logging/1.5.10/logging-1.5.10.jar is missing, downloading from https://libraries.minecraft.net/com/mojang/logging/1.5.10/logging-1.5.10.jar
[03:20:08] [main/INFO] [LibraryDownloader]: com/nimbusds/content-type/2.3/content-type-2.3.jar is missing, downloading from https://libraries.minecraft.net/com/nimbusds/content-type/2.3/content-type-2.3.jar
[03:20:08] [main/INFO] [LibraryDownloader]: com/nimbusds/lang-tag/1.7/lang-tag-1.7.jar is missing, downloading from https://libraries.minecraft.net/com/nimbusds/lang-tag/1.7/lang-tag-1.7.jar
[03:20:08] [main/INFO] [LibraryDownloader]: com/nimbusds/nimbus-jose-jwt/9.40/nimbus-jose-jwt-9.40.jar is missing, downloading from https://libraries.minecraft.net/com/nimbusds/nimbus-jose-jwt/9.40/nimbus-jose-jwt-9.40.jar
[03:20:09] [main/INFO] [LibraryDownloader]: com/nimbusds/oauth2-oidc-sdk/11.18/oauth2-oidc-sdk-11.18.jar is missing, downloading from https://libraries.minecraft.net/com/nimbusds/oauth2-oidc-sdk/11.18/oauth2-oidc-sdk-11.18.jar
[03:20:09] [main/INFO] [LibraryDownloader]: commons-codec/commons-codec/1.17.1/commons-codec-1.17.1.jar is missing, downloading from https://libraries.minecraft.net/commons-codec/commons-codec/1.17.1/commons-codec-1.17.1.jar
[03:20:09] [main/INFO] [LibraryDownloader]: commons-io/commons-io/2.17.0/commons-io-2.17.0.jar is missing, downloading from https://libraries.minecraft.net/commons-io/commons-io/2.17.0/commons-io-2.17.0.jar
[03:20:09] [main/INFO] [LibraryDownloader]: commons-logging/commons-logging/1.3.4/commons-logging-1.3.4.jar is missing, downloading from https://libraries.minecraft.net/commons-logging/commons-logging/1.3.4/commons-logging-1.3.4.jar
[03:20:09] [main/INFO] [LibraryDownloader]: io/netty/netty-buffer/4.1.115.Final/netty-buffer-4.1.115.Final.jar is missing, downloading from https://libraries.minecraft.net/io/netty/netty-buffer/4.1.115.Final/netty-buffer-4.1.115.Final.jar
[03:20:09] [main/INFO] [LibraryDownloader]: io/netty/netty-codec/4.1.115.Final/netty-codec-4.1.115.Final.jar is missing, downloading from https://libraries.minecraft.net/io/netty/netty-codec/4.1.115.Final/netty-codec-4.1.115.Final.jar
[03:20:09] [main/INFO] [LibraryDownloader]: io/netty/netty-common/4.1.115.Final/netty-common-4.1.115.Final.jar is missing, downloading from https://libraries.minecraft.net/io/netty/netty-common/4.1.115.Final/netty-common-4.1.115.Final.jar
[03:20:09] [main/INFO] [LibraryDownloader]: io/netty/netty-handler/4.1.115.Final/netty-handler-4.1.115.Final.jar is missing, downloading from https://libraries.minecraft.net/io/netty/netty-handler/4.1.115.Final/netty-handler-4.1.115.Final.jar
[03:20:09] [main/INFO] [LibraryDownloader]: io/netty/netty-resolver/4.1.115.Final/netty-resolver-4.1.115.Final.jar is missing, downloading from https://libraries.minecraft.net/io/netty/netty-resolver/4.1.115.Final/netty-resolver-4.1.115.Final.jar
[03:20:09] [main/INFO] [LibraryDownloader]: io/netty/netty-transport-classes-epoll/4.1.115.Final/netty-transport-classes-epoll-4.1.115.Final.jar is missing, downloading from https://libraries.minecraft.net/io/netty/netty-transport-classes-epoll/4.1.115.Final/netty-transport-classes-epoll-4.1.115.Final.jar
[03:20:09] [main/INFO] [LibraryDownloader]: io/netty/netty-transport-native-epoll/4.1.115.Final/netty-transport-native-epoll-4.1.115.Final-linux-aarch_64.jar is missing, downloading from https://libraries.minecraft.net/io/netty/netty-transport-native-epoll/4.1.115.Final/netty-transport-native-epoll-4.1.115.Final-linux-aarch_64.jar
[03:20:09] [main/INFO] [LibraryDownloader]: io/netty/netty-transport-native-epoll/4.1.115.Final/netty-transport-native-epoll-4.1.115.Final-linux-x86_64.jar is missing, downloading from https://libraries.minecraft.net/io/netty/netty-transport-native-epoll/4.1.115.Final/netty-transport-native-epoll-4.1.115.Final-linux-x86_64.jar
[03:20:09] [main/INFO] [LibraryDownloader]: io/netty/netty-transport-native-unix-common/4.1.115.Final/netty-transport-native-unix-common-4.1.115.Final.jar is missing, downloading from https://libraries.minecraft.net/io/netty/netty-transport-native-unix-common/4.1.115.Final/netty-transport-native-unix-common-4.1.115.Final.jar
[03:20:09] [main/INFO] [LibraryDownloader]: io/netty/netty-transport/4.1.115.Final/netty-transport-4.1.115.Final.jar is missing, downloading from https://libraries.minecraft.net/io/netty/netty-transport/4.1.115.Final/netty-transport-4.1.115.Final.jar
[03:20:09] [main/INFO] [LibraryDownloader]: it/unimi/dsi/fastutil/8.5.15/fastutil-8.5.15.jar is missing, downloading from https://libraries.minecraft.net/it/unimi/dsi/fastutil/8.5.15/fastutil-8.5.15.jar
[03:20:09] [main/INFO] [LibraryDownloader]: net/java/dev/jna/jna-platform/5.15.0/jna-platform-5.15.0.jar is missing, downloading from https://libraries.minecraft.net/net/java/dev/jna/jna-platform/5.15.0/jna-platform-5.15.0.jar
[03:20:09] [main/INFO] [LibraryDownloader]: net/java/dev/jna/jna/5.15.0/jna-5.15.0.jar is missing, downloading from https://libraries.minecraft.net/net/java/dev/jna/jna/5.15.0/jna-5.15.0.jar
[03:20:09] [main/INFO] [LibraryDownloader]: net/minidev/accessors-smart/2.5.1/accessors-smart-2.5.1.jar is missing, downloading from https://libraries.minecraft.net/net/minidev/accessors-smart/2.5.1/accessors-smart-2.5.1.jar
[03:20:09] [main/INFO] [LibraryDownloader]: net/minidev/json-smart/2.5.1/json-smart-2.5.1.jar is missing, downloading from https://libraries.minecraft.net/net/minidev/json-smart/2.5.1/json-smart-2.5.1.jar
[03:20:09] [main/INFO] [LibraryDownloader]: org/apache/commons/commons-compress/1.27.1/commons-compress-1.27.1.jar is missing, downloading from https://libraries.minecraft.net/org/apache/commons/commons-compress/1.27.1/commons-compress-1.27.1.jar
[03:20:09] [main/INFO] [LibraryDownloader]: org/apache/commons/commons-lang3/3.17.0/commons-lang3-3.17.0.jar is missing, downloading from https://libraries.minecraft.net/org/apache/commons/commons-lang3/3.17.0/commons-lang3-3.17.0.jar
[03:20:09] [main/INFO] [LibraryDownloader]: org/apache/httpcomponents/httpclient/4.5.14/httpclient-4.5.14.jar is missing, downloading from https://libraries.minecraft.net/org/apache/httpcomponents/httpclient/4.5.14/httpclient-4.5.14.jar
[03:20:09] [main/INFO] [LibraryDownloader]: org/apache/httpcomponents/httpcore