Downloading https://services.gradle.org/distributions/gradle-8.13-bin.zip
.............10%.............20%.............30%.............40%.............50%.............60%.............70%.............80%.............90%.............100%

Welcome to Gradle 8.13!

Here are the highlights of this release:
 - Daemon JVM auto-provisioning
 - Enhancements for Scala plugin and JUnit testing
 - Improvements for build authors and plugin developers

For more details see https://docs.gradle.org/8.13/release-notes.html

To honour the JVM settings for this build a single-use Daemon process will be forked. For more on this, please refer to https://docs.gradle.org/8.13/userguide/gradle_daemon.html#sec:disabling_the_daemon in the Gradle documentation.
Daemon will be stopped at the end of the build 
> Task :cacheVersionManifest1.21.11
> Task :cacheVersionExecutableClient1.21.11
> Task :cacheVersionExecutableServer1.21.11
> Task :cacheVersionMappingsClient1.21.11
> Task :cacheVersionMappingsServer1.21.11
> Task :neoFormListLibraries
> Task :neoFormStripClient
> Task :neoFormExtractServer
> Task :neoFormStripServer
> Task :neoFormMerge
> Task :neoFormMergeMappings
> Task :neoFormRename
> Task :neoFormDecompile
> Task :neoFormApplyForgesAccessTransformer

> Task :neoFormInject
Cannot inject duplicate file net/neoforged/neoforge/common/version.properties

> Task :neoFormPatch
> Task :neoFormPatchUserDev
> Task :neoFormApplyOfficialMappings
> Task :neoFormUnzipAdditionalSources
> Task :neoFormUnzipSources
> Task :create1.21.11ClientExtraJar
> Task :selectRawArtifactNg_dummy_ng.net.minecraft_client_1.21.11_client-extra
> Task :neoFormRecompile
Note: Some input files use or override a deprecated API.
Note: Recompile with -Xlint:deprecation for details.
Note: Some input files use or override a deprecated API that is marked for removal.
Note: Recompile with -Xlint:removal for details.
Note: Some input files use unchecked or unsafe operations.
Note: Recompile with -Xlint:unchecked for details.

> Task :neoFormPackRecomp
> Task :supplyRawJarForneoFormJoined1.21.11-20251209.172050
> Task :selectRawArtifactNg_dummy_ng.net.neoforged_neoforge_21.11.42
> Task :compileJava
> Task :processResources
> Task :classes
> Task :jar
> Task :jarJar SKIPPED
> Task :assemble
> Task :build

[Incubating] Problems report is available at: file:///tmp/modcompiler-sortchest-neoforge-1-21-11-o07o68ox/workspace/build/reports/problems/problems-report.html

BUILD SUCCESSFUL in 4m 24s
29 actionable tasks: 29 executed
$ /opt/hostedtoolcache/Python/3.12.13/x64/bin/python 1.21.9-1.21.11/build_adapter.py --loader neoforge --metadata-json /tmp/modcompiler-sortchest-neoforge-1-21-11-o07o68ox/metadata.json --source-dir .workflow_state/prepared/mods/sortchest-neoforge-1-21-11/src --template-workspace /tmp/modcompiler-sortchest-neoforge-1-21-11-o07o68ox/workspace --minecraft-version 1.21.11 --manifest /home/runner/work/ModCompiler/ModCompiler/version-manifest.json


$ ./modcompiler-build.sh

