Port versions to CurseForge	Set up job	﻿2026-05-01T04:35:04.9594849Z Current runner version: '2.334.0'
Port versions to CurseForge	Set up job	2026-05-01T04:35:04.9620166Z ##[group]Runner Image Provisioner
Port versions to CurseForge	Set up job	2026-05-01T04:35:04.9621065Z Hosted Compute Agent
Port versions to CurseForge	Set up job	2026-05-01T04:35:04.9621657Z Version: 20260213.493
Port versions to CurseForge	Set up job	2026-05-01T04:35:04.9622350Z Commit: 5c115507f6dd24b8de37d8bbe0bb4509d0cc0fa3
Port versions to CurseForge	Set up job	2026-05-01T04:35:04.9623044Z Build Date: 2026-02-13T00:28:41Z
Port versions to CurseForge	Set up job	2026-05-01T04:35:04.9623725Z Worker ID: {c38f9f6b-c055-4606-81ed-00ba46bda771}
Port versions to CurseForge	Set up job	2026-05-01T04:35:04.9624964Z Azure Region: northcentralus
Port versions to CurseForge	Set up job	2026-05-01T04:35:04.9625592Z ##[endgroup]
Port versions to CurseForge	Set up job	2026-05-01T04:35:04.9627047Z ##[group]Operating System
Port versions to CurseForge	Set up job	2026-05-01T04:35:04.9627753Z Ubuntu
Port versions to CurseForge	Set up job	2026-05-01T04:35:04.9628249Z 24.04.4
Port versions to CurseForge	Set up job	2026-05-01T04:35:04.9628693Z LTS
Port versions to CurseForge	Set up job	2026-05-01T04:35:04.9629252Z ##[endgroup]
Port versions to CurseForge	Set up job	2026-05-01T04:35:04.9629887Z ##[group]Runner Image
Port versions to CurseForge	Set up job	2026-05-01T04:35:04.9630607Z Image: ubuntu-24.04
Port versions to CurseForge	Set up job	2026-05-01T04:35:04.9631217Z Version: 20260413.86.1
Port versions to CurseForge	Set up job	2026-05-01T04:35:04.9632270Z Included Software: https://github.com/actions/runner-images/blob/ubuntu24/20260413.86/images/ubuntu/Ubuntu2404-Readme.md
Port versions to CurseForge	Set up job	2026-05-01T04:35:04.9634253Z Image Release: https://github.com/actions/runner-images/releases/tag/ubuntu24%2F20260413.86
Port versions to CurseForge	Set up job	2026-05-01T04:35:04.9635230Z ##[endgroup]
Port versions to CurseForge	Set up job	2026-05-01T04:35:04.9636311Z ##[group]GITHUB_TOKEN Permissions
Port versions to CurseForge	Set up job	2026-05-01T04:35:04.9638165Z Contents: read
Port versions to CurseForge	Set up job	2026-05-01T04:35:04.9638718Z Metadata: read
Port versions to CurseForge	Set up job	2026-05-01T04:35:04.9639393Z ##[endgroup]
Port versions to CurseForge	Set up job	2026-05-01T04:35:04.9641476Z Secret source: Actions
Port versions to CurseForge	Set up job	2026-05-01T04:35:04.9642211Z Prepare workflow directory
Port versions to CurseForge	Set up job	2026-05-01T04:35:05.0001136Z Prepare all required actions
Port versions to CurseForge	Set up job	2026-05-01T04:35:05.0039445Z Getting action download info
Port versions to CurseForge	Set up job	2026-05-01T04:35:05.4078117Z Download action repository 'actions/checkout@v4' (SHA:34e114876b0b11c390a56381ad16ebd13914f8d5)
Port versions to CurseForge	Set up job	2026-05-01T04:35:05.5295492Z Download action repository 'actions/setup-python@v5' (SHA:a26af69be951a213d495a4c3e4e4022e16d87065)
Port versions to CurseForge	Set up job	2026-05-01T04:35:05.7434703Z Complete job name: Port versions to CurseForge
Port versions to CurseForge	Run actions/checkout@v4	﻿2026-05-01T04:35:05.8190865Z ##[group]Run actions/checkout@v4
Port versions to CurseForge	Run actions/checkout@v4	2026-05-01T04:35:05.8191826Z with:
Port versions to CurseForge	Run actions/checkout@v4	2026-05-01T04:35:05.8192371Z   repository: Sekai0NI0itamio/ModCompiler
Port versions to CurseForge	Run actions/checkout@v4	2026-05-01T04:35:05.8193159Z   token: ***
Port versions to CurseForge	Run actions/checkout@v4	2026-05-01T04:35:05.8193609Z   ssh-strict: true
Port versions to CurseForge	Run actions/checkout@v4	2026-05-01T04:35:05.8194306Z   ssh-user: git
Port versions to CurseForge	Run actions/checkout@v4	2026-05-01T04:35:05.8194792Z   persist-credentials: true
Port versions to CurseForge	Run actions/checkout@v4	2026-05-01T04:35:05.8195300Z   clean: true
Port versions to CurseForge	Run actions/checkout@v4	2026-05-01T04:35:05.8195762Z   sparse-checkout-cone-mode: true
Port versions to CurseForge	Run actions/checkout@v4	2026-05-01T04:35:05.8196300Z   fetch-depth: 1
Port versions to CurseForge	Run actions/checkout@v4	2026-05-01T04:35:05.8196753Z   fetch-tags: false
Port versions to CurseForge	Run actions/checkout@v4	2026-05-01T04:35:05.8197203Z   show-progress: true
Port versions to CurseForge	Run actions/checkout@v4	2026-05-01T04:35:05.8197770Z   lfs: false
Port versions to CurseForge	Run actions/checkout@v4	2026-05-01T04:35:05.8198205Z   submodules: false
Port versions to CurseForge	Run actions/checkout@v4	2026-05-01T04:35:05.8198672Z   set-safe-directory: true
Port versions to CurseForge	Run actions/checkout@v4	2026-05-01T04:35:05.8199473Z ##[endgroup]
Port versions to CurseForge	Run actions/checkout@v4	2026-05-01T04:35:05.9310881Z Syncing repository: Sekai0NI0itamio/ModCompiler
Port versions to CurseForge	Run actions/checkout@v4	2026-05-01T04:35:05.9313694Z ##[group]Getting Git version info
Port versions to CurseForge	Run actions/checkout@v4	2026-05-01T04:35:05.9315468Z Working directory is '/home/runner/work/ModCompiler/ModCompiler'
Port versions to CurseForge	Run actions/checkout@v4	2026-05-01T04:35:05.9317508Z [command]/usr/bin/git version
Port versions to CurseForge	Run actions/checkout@v4	2026-05-01T04:35:05.9362333Z git version 2.53.0
Port versions to CurseForge	Run actions/checkout@v4	2026-05-01T04:35:05.9404733Z ##[endgroup]
Port versions to CurseForge	Run actions/checkout@v4	2026-05-01T04:35:05.9425261Z Temporarily overriding HOME='/home/runner/work/_temp/7c67f3ce-6b73-4cfa-b55e-adcfe9bc8849' before making global git config changes
Port versions to CurseForge	Run actions/checkout@v4	2026-05-01T04:35:05.9426930Z Adding repository directory to the temporary git global config as a safe directory
Port versions to CurseForge	Run actions/checkout@v4	2026-05-01T04:35:05.9442000Z [command]/usr/bin/git config --global --add safe.directory /home/runner/work/ModCompiler/ModCompiler
Port versions to CurseForge	Run actions/checkout@v4	2026-05-01T04:35:05.9477257Z Deleting the contents of '/home/runner/work/ModCompiler/ModCompiler'
Port versions to CurseForge	Run actions/checkout@v4	2026-05-01T04:35:05.9481305Z ##[group]Initializing the repository
Port versions to CurseForge	Run actions/checkout@v4	2026-05-01T04:35:05.9486643Z [command]/usr/bin/git init /home/runner/work/ModCompiler/ModCompiler
Port versions to CurseForge	Run actions/checkout@v4	2026-05-01T04:35:05.9563696Z hint: Using 'master' as the name for the initial branch. This default branch name
Port versions to CurseForge	Run actions/checkout@v4	2026-05-01T04:35:05.9565718Z hint: will change to "main" in Git 3.0. To configure the initial branch name
Port versions to CurseForge	Run actions/checkout@v4	2026-05-01T04:35:05.9566807Z hint: to use in all of your new repositories, which will suppress this warning,
Port versions to CurseForge	Run actions/checkout@v4	2026-05-01T04:35:05.9567898Z hint: call:
Port versions to CurseForge	Run actions/checkout@v4	2026-05-01T04:35:05.9568497Z hint:
Port versions to CurseForge	Run actions/checkout@v4	2026-05-01T04:35:05.9569059Z hint: 	git config --global init.defaultBranch <name>
Port versions to CurseForge	Run actions/checkout@v4	2026-05-01T04:35:05.9569700Z hint:
Port versions to CurseForge	Run actions/checkout@v4	2026-05-01T04:35:05.9570312Z hint: Names commonly chosen instead of 'master' are 'main', 'trunk' and
Port versions to CurseForge	Run actions/checkout@v4	2026-05-01T04:35:05.9571294Z hint: 'development'. The just-created branch can be renamed via this command:
Port versions to CurseForge	Run actions/checkout@v4	2026-05-01T04:35:05.9572089Z hint:
Port versions to CurseForge	Run actions/checkout@v4	2026-05-01T04:35:05.9572530Z hint: 	git branch -m <name>
Port versions to CurseForge	Run actions/checkout@v4	2026-05-01T04:35:05.9573032Z hint:
Port versions to CurseForge	Run actions/checkout@v4	2026-05-01T04:35:05.9573682Z hint: Disable this message with "git config set advice.defaultBranchName false"
Port versions to CurseForge	Run actions/checkout@v4	2026-05-01T04:35:05.9575109Z Initialized empty Git repository in /home/runner/work/ModCompiler/ModCompiler/.git/
Port versions to CurseForge	Run actions/checkout@v4	2026-05-01T04:35:05.9577765Z [command]/usr/bin/git remote add origin https://github.com/Sekai0NI0itamio/ModCompiler
Port versions to CurseForge	Run actions/checkout@v4	2026-05-01T04:35:05.9610202Z ##[endgroup]
Port versions to CurseForge	Run actions/checkout@v4	2026-05-01T04:35:05.9611148Z ##[group]Disabling automatic garbage collection
Port versions to CurseForge	Run actions/checkout@v4	2026-05-01T04:35:05.9616007Z [command]/usr/bin/git config --local gc.auto 0
Port versions to CurseForge	Run actions/checkout@v4	2026-05-01T04:35:05.9649079Z ##[endgroup]
Port versions to CurseForge	Run actions/checkout@v4	2026-05-01T04:35:05.9649908Z ##[group]Setting up auth
Port versions to CurseForge	Run actions/checkout@v4	2026-05-01T04:35:05.9659357Z [command]/usr/bin/git config --local --name-only --get-regexp core\.sshCommand
Port versions to CurseForge	Run actions/checkout@v4	2026-05-01T04:35:05.9693638Z [command]/usr/bin/git submodule foreach --recursive sh -c "git config --local --name-only --get-regexp 'core\.sshCommand' && git config --local --unset-all 'core.sshCommand' || :"
Port versions to CurseForge	Run actions/checkout@v4	2026-05-01T04:35:05.9991953Z [command]/usr/bin/git config --local --name-only --get-regexp http\.https\:\/\/github\.com\/\.extraheader
Port versions to CurseForge	Run actions/checkout@v4	2026-05-01T04:35:06.0025563Z [command]/usr/bin/git submodule foreach --recursive sh -c "git config --local --name-only --get-regexp 'http\.https\:\/\/github\.com\/\.extraheader' && git config --local --unset-all 'http.https://github.com/.extraheader' || :"
Port versions to CurseForge	Run actions/checkout@v4	2026-05-01T04:35:06.0280247Z [command]/usr/bin/git config --local --name-only --get-regexp ^includeIf\.gitdir:
Port versions to CurseForge	Run actions/checkout@v4	2026-05-01T04:35:06.0321133Z [command]/usr/bin/git submodule foreach --recursive git config --local --show-origin --name-only --get-regexp remote.origin.url
Port versions to CurseForge	Run actions/checkout@v4	2026-05-01T04:35:06.0545053Z [command]/usr/bin/git config --local http.https://github.com/.extraheader AUTHORIZATION: basic ***
Port versions to CurseForge	Run actions/checkout@v4	2026-05-01T04:35:06.0580741Z ##[endgroup]
Port versions to CurseForge	Run actions/checkout@v4	2026-05-01T04:35:06.0581646Z ##[group]Fetching the repository
Port versions to CurseForge	Run actions/checkout@v4	2026-05-01T04:35:06.0591491Z [command]/usr/bin/git -c protocol.version=2 fetch --no-tags --prune --no-recurse-submodules --depth=1 origin +c85c2bad151f190f71bc5f413f90840a4dc691eb:refs/remotes/origin/main
Port versions to CurseForge	Run actions/checkout@v4	2026-05-01T04:35:12.3396341Z From https://github.com/Sekai0NI0itamio/ModCompiler
Port versions to CurseForge	Run actions/checkout@v4	2026-05-01T04:35:12.3398454Z  * [new ref]             c85c2bad151f190f71bc5f413f90840a4dc691eb -> origin/main
Port versions to CurseForge	Run actions/checkout@v4	2026-05-01T04:35:12.3428243Z ##[endgroup]
Port versions to CurseForge	Run actions/checkout@v4	2026-05-01T04:35:12.3430275Z ##[group]Determining the checkout info
Port versions to CurseForge	Run actions/checkout@v4	2026-05-01T04:35:12.3432404Z ##[endgroup]
Port versions to CurseForge	Run actions/checkout@v4	2026-05-01T04:35:12.3436419Z [command]/usr/bin/git sparse-checkout disable
Port versions to CurseForge	Run actions/checkout@v4	2026-05-01T04:35:12.3474811Z [command]/usr/bin/git config --local --unset-all extensions.worktreeConfig
Port versions to CurseForge	Run actions/checkout@v4	2026-05-01T04:35:12.3501418Z ##[group]Checking out the ref
Port versions to CurseForge	Run actions/checkout@v4	2026-05-01T04:35:12.3506178Z [command]/usr/bin/git checkout --progress --force -B main refs/remotes/origin/main
Port versions to CurseForge	Run actions/checkout@v4	2026-05-01T04:35:13.7324039Z Updating files:   2% (6611/318907)
Port versions to CurseForge	Run actions/checkout@v4	2026-05-01T04:35:13.8709422Z Updating files:   3% (9568/318907)
Port versions to CurseForge	Run actions/checkout@v4	2026-05-01T04:35:14.0084657Z Updating files:   4% (12757/318907)
Port versions to CurseForge	Run actions/checkout@v4	2026-05-01T04:35:14.1536558Z Updating files:   5% (15946/318907)
Port versions to CurseForge	Run actions/checkout@v4	2026-05-01T04:35:14.2835118Z Updating files:   6% (19135/318907)
Port versions to CurseForge	Run actions/checkout@v4	2026-05-01T04:35:14.4181844Z Updating files:   7% (22324/318907)
Port versions to CurseForge	Run actions/checkout@v4	2026-05-01T04:35:14.5608898Z Updating files:   8% (25513/318907)
Port versions to CurseForge	Run actions/checkout@v4	2026-05-01T04:35:14.5923556Z Updating files:   9% (28702/318907)
Port versions to CurseForge	Run actions/checkout@v4	2026-05-01T04:35:14.6873398Z Updating files:   9% (29478/318907)
Port versions to CurseForge	Run actions/checkout@v4	2026-05-01T04:35:14.8083435Z Updating files:  10% (31891/318907)
Port versions to CurseForge	Run actions/checkout@v4	2026-05-01T04:35:14.9282386Z Updating files:  11% (35080/318907)
Port versions to CurseForge	Run actions/checkout@v4	2026-05-01T04:35:15.0525145Z Updating files:  12% (38269/318907)
Port versions to CurseForge	Run actions/checkout@v4	2026-05-01T04:35:15.1729653Z Updating files:  13% (41458/318907)
Port versions to CurseForge	Run actions/checkout@v4	2026-05-01T04:35:15.3066325Z Updating files:  14% (44647/318907)
Port versions to CurseForge	Run actions/checkout@v4	2026-05-01T04:35:15.4403486Z Updating files:  15% (47837/318907)
Port versions to CurseForge	Run actions/checkout@v4	2026-05-01T04:35:15.5722566Z Updating files:  16% (51026/318907)
Port versions to CurseForge	Run actions/checkout@v4	2026-05-01T04:35:15.5922486Z Updating files:  17% (54215/318907)
Port versions to CurseForge	Run actions/checkout@v4	2026-05-01T04:35:15.6998458Z Updating files:  17% (54735/318907)
Port versions to CurseForge	Run actions/checkout@v4	2026-05-01T04:35:15.8370721Z Updating files:  18% (57404/318907)
Port versions to CurseForge	Run actions/checkout@v4	2026-05-01T04:35:15.9595686Z Updating files:  19% (60593/318907)
Port versions to CurseForge	Run actions/checkout@v4	2026-05-01T04:35:16.1066278Z Updating files:  20% (63782/318907)
Port versions to CurseForge	Run actions/checkout@v4	2026-05-01T04:35:16.2389166Z Updating files:  21% (66971/318907)
Port versions to CurseForge	Run actions/checkout@v4	2026-05-01T04:35:16.3671219Z Updating files:  22% (70160/318907)
Port versions to CurseForge	Run actions/checkout@v4	2026-05-01T04:35:16.4957634Z Updating files:  23% (73349/318907)
Port versions to CurseForge	Run actions/checkout@v4	2026-05-01T04:35:16.5924561Z Updating files:  24% (76538/318907)
Port versions to CurseForge	Run actions/checkout@v4	2026-05-01T04:35:16.6232943Z Updating files:  24% (78935/318907)
Port versions to CurseForge	Run actions/checkout@v4	2026-05-01T04:35:16.7484690Z Updating files:  25% (79727/318907)
Port versions to CurseForge	Run actions/checkout@v4	2026-05-01T04:35:16.8752478Z Updating files:  26% (82916/318907)
Port versions to CurseForge	Run actions/checkout@v4	2026-05-01T04:35:17.0014927Z Updating files:  27% (86105/318907)
Port versions to CurseForge	Run actions/checkout@v4	2026-05-01T04:35:17.1261450Z Updating files:  28% (89294/318907)
Port versions to CurseForge	Run actions/checkout@v4	2026-05-01T04:35:17.3164573Z Updating files:  29% (92484/318907)
Port versions to CurseForge	Run actions/checkout@v4	2026-05-01T04:35:17.4971839Z Updating files:  30% (95673/318907)
Port versions to CurseForge	Run actions/checkout@v4	2026-05-01T04:35:17.5924869Z Updating files:  31% (98862/318907)
Port versions to CurseForge	Run actions/checkout@v4	2026-05-01T04:35:17.6376622Z Updating files:  31% (100998/318907)
Port versions to CurseForge	Run actions/checkout@v4	2026-05-01T04:35:17.7919345Z Updating files:  32% (102051/318907)
Port versions to CurseForge	Run actions/checkout@v4	2026-05-01T04:35:17.9770305Z Updating files:  33% (105240/318907)
Port versions to CurseForge	Run actions/checkout@v4	2026-05-01T04:35:18.1398632Z Updating files:  34% (108429/318907)
Port versions to CurseForge	Run actions/checkout@v4	2026-05-01T04:35:18.2713541Z Updating files:  35% (111618/318907)
Port versions to CurseForge	Run actions/checkout@v4	2026-05-01T04:35:18.4091560Z Updating files:  36% (114807/318907)
Port versions to CurseForge	Run actions/checkout@v4	2026-05-01T04:35:18.6893782Z Updating files:  37% (117996/318907)
Port versions to CurseForge	Run actions/checkout@v4	2026-05-01T04:35:18.7631558Z Updating files:  37% (119696/318907)
Port versions to CurseForge	Run actions/checkout@v4	2026-05-01T04:35:18.9132076Z Updating files:  38% (121185/318907)
Port versions to CurseForge	Run actions/checkout@v4	2026-05-01T04:35:19.0580811Z Updating files:  39% (124374/318907)
Port versions to CurseForge	Run actions/checkout@v4	2026-05-01T04:35:19.1920809Z Updating files:  40% (127563/318907)
Port versions to CurseForge	Run actions/checkout@v4	2026-05-01T04:35:19.3209233Z Updating files:  41% (130752/318907)
Port versions to CurseForge	Run actions/checkout@v4	2026-05-01T04:35:19.4562305Z Updating files:  42% (133941/318907)
Port versions to CurseForge	Run actions/checkout@v4	2026-05-01T04:35:19.5925189Z Updating files:  43% (137131/318907)
Port versions to CurseForge	Run actions/checkout@v4	2026-05-01T04:35:19.6002867Z Updating files:  43% (140163/318907)
Port versions to CurseForge	Run actions/checkout@v4	2026-05-01T04:35:19.7298753Z Updating files:  44% (140320/318907)
Port versions to CurseForge	Run actions/checkout@v4	2026-05-01T04:35:19.8571802Z Updating files:  45% (143509/318907)
Port versions to CurseForge	Run actions/checkout@v4	2026-05-01T04:35:19.9950093Z Updating files:  46% (146698/318907)
Port versions to CurseForge	Run actions/checkout@v4	2026-05-01T04:35:20.3170844Z Updating files:  47% (149887/318907)
Port versions to CurseForge	Run actions/checkout@v4	2026-05-01T04:35:20.4487425Z Updating files:  48% (153076/318907)
Port versions to CurseForge	Run actions/checkout@v4	2026-05-01T04:35:20.5776683Z Updating files:  49% (156265/318907)
Port versions to CurseForge	Run actions/checkout@v4	2026-05-01T04:35:20.5925367Z Updating files:  50% (159454/318907)
Port versions to CurseForge	Run actions/checkout@v4	2026-05-01T04:35:20.7085310Z Updating files:  50% (159825/318907)
Port versions to CurseForge	Run actions/checkout@v4	2026-05-01T04:35:20.8274199Z Updating files:  51% (162643/318907)
Port versions to CurseForge	Run actions/checkout@v4	2026-05-01T04:35:20.9518286Z Updating files:  52% (165832/318907)
Port versions to CurseForge	Run actions/checkout@v4	2026-05-01T04:35:21.0718126Z Updating files:  53% (169021/318907)
Port versions to CurseForge	Run actions/checkout@v4	2026-05-01T04:35:21.2515109Z Updating files:  54% (172210/318907)
Port versions to CurseForge	Run actions/checkout@v4	2026-05-01T04:35:21.3899455Z Updating files:  55% (175399/318907)
Port versions to CurseForge	Run actions/checkout@v4	2026-05-01T04:35:21.5632843Z Updating files:  56% (178588/318907)
Port versions to CurseForge	Run actions/checkout@v4	2026-05-01T04:35:21.5923712Z Updating files:  57% (181777/318907)
Port versions to CurseForge	Run actions/checkout@v4	2026-05-01T04:35:21.7166428Z Updating files:  57% (182319/318907)
Port versions to CurseForge	Run actions/checkout@v4	2026-05-01T04:35:21.8361827Z Updating files:  58% (184967/318907)
Port versions to CurseForge	Run actions/checkout@v4	2026-05-01T04:35:21.9575389Z Updating files:  59% (188156/318907)
Port versions to CurseForge	Run actions/checkout@v4	2026-05-01T04:35:22.0758845Z Updating files:  60% (191345/318907)
Port versions to CurseForge	Run actions/checkout@v4	2026-05-01T04:35:22.1975309Z Updating files:  61% (194534/318907)
Port versions to CurseForge	Run actions/checkout@v4	2026-05-01T04:35:22.3162156Z Updating files:  62% (197723/318907)
Port versions to CurseForge	Run actions/checkout@v4	2026-05-01T04:35:22.4407419Z Updating files:  63% (200912/318907)
Port versions to CurseForge	Run actions/checkout@v4	2026-05-01T04:35:22.5586265Z Updating files:  64% (204101/318907)
Port versions to CurseForge	Run actions/checkout@v4	2026-05-01T04:35:22.5923021Z Updating files:  65% (207290/318907)
Port versions to CurseForge	Run actions/checkout@v4	2026-05-01T04:35:22.6812122Z Updating files:  65% (208188/318907)
Port versions to CurseForge	Run actions/checkout@v4	2026-05-01T04:35:22.9309792Z Updating files:  66% (210479/318907)
Port versions to CurseForge	Run actions/checkout@v4	2026-05-01T04:35:23.0602873Z Updating files:  67% (213668/318907)
Port versions to CurseForge	Run actions/checkout@v4	2026-05-01T04:35:23.1801587Z Updating files:  68% (216857/318907)
Port versions to CurseForge	Run actions/checkout@v4	2026-05-01T04:35:23.2989350Z Updating files:  69% (220046/318907)
Port versions to CurseForge	Run actions/checkout@v4	2026-05-01T04:35:23.4186902Z Updating files:  70% (223235/318907)
Port versions to CurseForge	Run actions/checkout@v4	2026-05-01T04:35:23.5924874Z Updating files:  71% (226424/318907)
Port versions to CurseForge	Run actions/checkout@v4	2026-05-01T04:35:23.6225916Z Updating files:  71% (228950/318907)
Port versions to CurseForge	Run actions/checkout@v4	2026-05-01T04:35:23.7566864Z Updating files:  72% (229614/318907)
Port versions to CurseForge	Run actions/checkout@v4	2026-05-01T04:35:23.8878141Z Updating files:  73% (232803/318907)
Port versions to CurseForge	Run actions/checkout@v4	2026-05-01T04:35:24.2258870Z Updating files:  74% (235992/318907)
Port versions to CurseForge	Run actions/checkout@v4	2026-05-01T04:35:24.3595625Z Updating files:  75% (239181/318907)
Port versions to CurseForge	Run actions/checkout@v4	2026-05-01T04:35:24.4938828Z Updating files:  76% (242370/318907)
Port versions to CurseForge	Run actions/checkout@v4	2026-05-01T04:35:24.5923158Z Updating files:  77% (245559/318907)
Port versions to CurseForge	Run actions/checkout@v4	2026-05-01T04:35:24.6165689Z Updating files:  77% (248147/318907)
Port versions to CurseForge	Run actions/checkout@v4	2026-05-01T04:35:24.7482429Z Updating files:  78% (248748/318907)
Port versions to CurseForge	Run actions/checkout@v4	2026-05-01T04:35:24.8746007Z Updating files:  79% (251937/318907)
Port versions to CurseForge	Run actions/checkout@v4	2026-05-01T04:35:25.0045712Z Updating files:  80% (255126/318907)
Port versions to CurseForge	Run actions/checkout@v4	2026-05-01T04:35:25.1359407Z Updating files:  81% (258315/318907)
Port versions to CurseForge	Run actions/checkout@v4	2026-05-01T04:35:25.2856700Z Updating files:  82% (261504/318907)
Port versions to CurseForge	Run actions/checkout@v4	2026-05-01T04:35:25.4392300Z Updating files:  83% (264693/318907)
Port versions to CurseForge	Run actions/checkout@v4	2026-05-01T04:35:25.5850494Z Updating files:  84% (267882/318907)
Port versions to CurseForge	Run actions/checkout@v4	2026-05-01T04:35:25.5922440Z Updating files:  85% (271071/318907)
Port versions to CurseForge	Run actions/checkout@v4	2026-05-01T04:35:25.7197115Z Updating files:  85% (271213/318907)
Port versions to CurseForge	Run actions/checkout@v4	2026-05-01T04:35:25.8604449Z Updating files:  86% (274261/318907)
Port versions to CurseForge	Run actions/checkout@v4	2026-05-01T04:35:26.0954818Z Updating files:  87% (277450/318907)
Port versions to CurseForge	Run actions/checkout@v4	2026-05-01T04:35:26.2600655Z Updating files:  88% (280639/318907)
Port versions to CurseForge	Run actions/checkout@v4	2026-05-01T04:35:26.3994964Z Updating files:  89% (283828/318907)
Port versions to CurseForge	Run actions/checkout@v4	2026-05-01T04:35:26.5923729Z Updating files:  90% (287017/318907)
Port versions to CurseForge	Run actions/checkout@v4	2026-05-01T04:35:26.6124903Z Updating files:  90% (289880/318907)
Port versions to CurseForge	Run actions/checkout@v4	2026-05-01T04:35:26.7591790Z Updating files:  91% (290206/318907)
Port versions to CurseForge	Run actions/checkout@v4	2026-05-01T04:35:26.9012440Z Updating files:  92% (293395/318907)
Port versions to CurseForge	Run actions/checkout@v4	2026-05-01T04:35:27.0262245Z Updating files:  93% (296584/318907)
Port versions to CurseForge	Run actions/checkout@v4	2026-05-01T04:35:27.1672728Z Updating files:  94% (299773/318907)
Port versions to CurseForge	Run actions/checkout@v4	2026-05-01T04:35:27.3000141Z Updating files:  95% (302962/318907)
Port versions to CurseForge	Run actions/checkout@v4	2026-05-01T04:35:27.4281624Z Updating files:  96% (306151/318907)
Port versions to CurseForge	Run actions/checkout@v4	2026-05-01T04:35:27.6598900Z Updating files:  97% (309340/318907)
Port versions to CurseForge	Run actions/checkout@v4	2026-05-01T04:35:27.6736291Z Updating files:  97% (312370/318907)
Port versions to CurseForge	Run actions/checkout@v4	2026-05-01T04:35:28.2222790Z Updating files:  98% (312529/318907)
Port versions to CurseForge	Run actions/checkout@v4	2026-05-01T04:35:28.6112450Z Updating files:  99% (315718/318907)
Port versions to CurseForge	Run actions/checkout@v4	2026-05-01T04:35:28.7635364Z Updating files:  99% (318898/318907)
Port versions to CurseForge	Run actions/checkout@v4	2026-05-01T04:35:28.7635921Z Updating files: 100% (318907/318907)
Port versions to CurseForge	Run actions/checkout@v4	2026-05-01T04:35:28.7636316Z Updating files: 100% (318907/318907), done.
Port versions to CurseForge	Run actions/checkout@v4	2026-05-01T04:35:29.2736886Z Switched to a new branch 'main'
Port versions to CurseForge	Run actions/checkout@v4	2026-05-01T04:35:29.2739256Z branch 'main' set up to track 'origin/main'.
Port versions to CurseForge	Run actions/checkout@v4	2026-05-01T04:35:29.2927740Z ##[endgroup]
Port versions to CurseForge	Run actions/checkout@v4	2026-05-01T04:35:29.2973678Z [command]/usr/bin/git log -1 --format=%H
Port versions to CurseForge	Run actions/checkout@v4	2026-05-01T04:35:29.2998175Z c85c2bad151f190f71bc5f413f90840a4dc691eb
Port versions to CurseForge	Run actions/setup-python@v5	﻿2026-05-01T04:35:29.3275960Z ##[group]Run actions/setup-python@v5
Port versions to CurseForge	Run actions/setup-python@v5	2026-05-01T04:35:29.3276396Z with:
Port versions to CurseForge	Run actions/setup-python@v5	2026-05-01T04:35:29.3276694Z   python-version: 3.12
Port versions to CurseForge	Run actions/setup-python@v5	2026-05-01T04:35:29.3277032Z   check-latest: false
Port versions to CurseForge	Run actions/setup-python@v5	2026-05-01T04:35:29.3277507Z   token: ***
Port versions to CurseForge	Run actions/setup-python@v5	2026-05-01T04:35:29.3277832Z   update-environment: true
Port versions to CurseForge	Run actions/setup-python@v5	2026-05-01T04:35:29.3278233Z   allow-prereleases: false
Port versions to CurseForge	Run actions/setup-python@v5	2026-05-01T04:35:29.3278609Z   freethreaded: false
Port versions to CurseForge	Run actions/setup-python@v5	2026-05-01T04:35:29.3278952Z ##[endgroup]
Port versions to CurseForge	Run actions/setup-python@v5	2026-05-01T04:35:29.5155128Z ##[group]Installed versions
Port versions to CurseForge	Run actions/setup-python@v5	2026-05-01T04:35:29.5851756Z Successfully set up CPython (3.12.13)
Port versions to CurseForge	Run actions/setup-python@v5	2026-05-01T04:35:29.5852864Z ##[endgroup]
Port versions to CurseForge	Mask secrets	﻿2026-05-01T04:35:29.6063142Z ##[group]Run if [ -n "$MODRINTH_TOKEN" ];   then echo "::add-mask::$MODRINTH_TOKEN";   fi
Port versions to CurseForge	Mask secrets	2026-05-01T04:35:29.6063791Z [36;1mif [ -n "$MODRINTH_TOKEN" ];   then echo "::add-mask::$MODRINTH_TOKEN";   fi[0m
Port versions to CurseForge	Mask secrets	2026-05-01T04:35:29.6064699Z [36;1mif [ -n "$CURSEFORGE_TOKEN" ]; then echo "::add-mask::$CURSEFORGE_TOKEN"; fi[0m
Port versions to CurseForge	Mask secrets	2026-05-01T04:35:29.6304528Z shell: /usr/bin/bash --noprofile --norc -e -o pipefail {0}
Port versions to CurseForge	Mask secrets	2026-05-01T04:35:29.6304933Z env:
Port versions to CurseForge	Mask secrets	2026-05-01T04:35:29.6305279Z   pythonLocation: /opt/hostedtoolcache/Python/3.12.13/x64
Port versions to CurseForge	Mask secrets	2026-05-01T04:35:29.6305979Z   PKG_CONFIG_PATH: /opt/hostedtoolcache/Python/3.12.13/x64/lib/pkgconfig
Port versions to CurseForge	Mask secrets	2026-05-01T04:35:29.6306415Z   Python_ROOT_DIR: /opt/hostedtoolcache/Python/3.12.13/x64
Port versions to CurseForge	Mask secrets	2026-05-01T04:35:29.6306816Z   Python2_ROOT_DIR: /opt/hostedtoolcache/Python/3.12.13/x64
Port versions to CurseForge	Mask secrets	2026-05-01T04:35:29.6307202Z   Python3_ROOT_DIR: /opt/hostedtoolcache/Python/3.12.13/x64
Port versions to CurseForge	Mask secrets	2026-05-01T04:35:29.6307591Z   LD_LIBRARY_PATH: /opt/hostedtoolcache/Python/3.12.13/x64/lib
Port versions to CurseForge	Mask secrets	2026-05-01T04:35:29.6308226Z   MODRINTH_TOKEN: ***
Port versions to CurseForge	Mask secrets	2026-05-01T04:35:29.6308559Z   CURSEFORGE_TOKEN: ***
Port versions to CurseForge	Mask secrets	2026-05-01T04:35:29.6308768Z ##[endgroup]
Port versions to CurseForge	Diff and upload	﻿2026-05-01T04:35:29.6423828Z ##[group]Run python3 - <<'PY'
Port versions to CurseForge	Diff and upload	2026-05-01T04:35:29.6425096Z [36;1mpython3 - <<'PY'[0m
Port versions to CurseForge	Diff and upload	2026-05-01T04:35:29.6425689Z [36;1mimport json, os, re, sys, tempfile, time, urllib.error, urllib.parse, urllib.request, uuid[0m
Port versions to CurseForge	Diff and upload	2026-05-01T04:35:29.6426166Z [36;1mfrom pathlib import Path[0m
Port versions to CurseForge	Diff and upload	2026-05-01T04:35:29.6426412Z [36;1m[0m
Port versions to CurseForge	Diff and upload	2026-05-01T04:35:29.6426686Z [36;1m# ----------------------------------------------------------------[0m
Port versions to CurseForge	Diff and upload	2026-05-01T04:35:29.6427023Z [36;1m# Config[0m
Port versions to CurseForge	Diff and upload	2026-05-01T04:35:29.6427286Z [36;1m# ----------------------------------------------------------------[0m
Port versions to CurseForge	Diff and upload	2026-05-01T04:35:29.6427713Z [36;1mMODRINTH_API      = "https://api.modrinth.com/v2"[0m
Port versions to CurseForge	Diff and upload	2026-05-01T04:35:29.6428188Z [36;1mCURSEFORGE_API    = "https://minecraft.curseforge.com"   # upload endpoint[0m
Port versions to CurseForge	Diff and upload	2026-05-01T04:35:29.6428751Z [36;1mUSER_AGENT        = "ModCompilerPortScript/1.0 (github.com/modcompiler)"[0m
Port versions to CurseForge	Diff and upload	2026-05-01T04:35:29.6429130Z [36;1m[0m
Port versions to CurseForge	Diff and upload	2026-05-01T04:35:29.6429415Z [36;1mMODRINTH_TOKEN   = os.environ.get("MODRINTH_TOKEN", "").strip()[0m
Port versions to CurseForge	Diff and upload	2026-05-01T04:35:29.6429918Z [36;1mCURSEFORGE_TOKEN = os.environ.get("CURSEFORGE_TOKEN", "").strip()[0m
Port versions to CurseForge	Diff and upload	2026-05-01T04:35:29.6430744Z [36;1mDRY_RUN          = os.environ.get("DRY_RUN", "false").strip().lower() in {"true", "1", "yes"}[0m
Port versions to CurseForge	Diff and upload	2026-05-01T04:35:29.6431157Z [36;1m[0m
Port versions to CurseForge	Diff and upload	2026-05-01T04:35:29.6431338Z [36;1mif not CURSEFORGE_TOKEN:[0m
Port versions to CurseForge	Diff and upload	2026-05-01T04:35:29.6431742Z [36;1m    sys.exit("[ERROR] CURSEFORGE_TOKEN secret is not set on this repository.")[0m
Port versions to CurseForge	Diff and upload	2026-05-01T04:35:29.6432133Z [36;1m[0m
Port versions to CurseForge	Diff and upload	2026-05-01T04:35:29.6432431Z [36;1m# Loader name mapping: Modrinth (lowercase) -> CurseForge display name[0m
Port versions to CurseForge	Diff and upload	2026-05-01T04:35:29.6432976Z [36;1mLOADER_MAP = {"forge": "Forge", "fabric": "Fabric", "neoforge": "NeoForge", "quilt": "Quilt"}[0m
Port versions to CurseForge	Diff and upload	2026-05-01T04:35:29.6433511Z [36;1mKNOWN_LOADERS = set(LOADER_MAP.values()) | {"liteloader", "rift"}[0m
Port versions to CurseForge	Diff and upload	2026-05-01T04:35:29.6433862Z [36;1m[0m
Port versions to CurseForge	Diff and upload	2026-05-01T04:35:29.6434419Z [36;1mRELEASE_TYPE_MAP = {"release": "release", "beta": "beta", "alpha": "alpha"}[0m
Port versions to CurseForge	Diff and upload	2026-05-01T04:35:29.6434812Z [36;1m[0m
Port versions to CurseForge	Diff and upload	2026-05-01T04:35:29.6435063Z [36;1m# ----------------------------------------------------------------[0m
Port versions to CurseForge	Diff and upload	2026-05-01T04:35:29.6435413Z [36;1m# Helpers: URL normalisation[0m
Port versions to CurseForge	Diff and upload	2026-05-01T04:35:29.6435727Z [36;1m# ----------------------------------------------------------------[0m
Port versions to CurseForge	Diff and upload	2026-05-01T04:35:29.6436083Z [36;1mdef modrinth_ref(url: str) -> str:[0m
Port versions to CurseForge	Diff and upload	2026-05-01T04:35:29.6436375Z [36;1m    url = url.strip().rstrip("/")[0m
Port versions to CurseForge	Diff and upload	2026-05-01T04:35:29.6436843Z [36;1m    m = re.search(r"modrinth\.com/(?:mod|plugin|resourcepack|shader|datapack|modpack)/([^/?#]+)", url)[0m
Port versions to CurseForge	Diff and upload	2026-05-01T04:35:29.6437332Z [36;1m    return m.group(1) if m else url[0m
Port versions to CurseForge	Diff and upload	2026-05-01T04:35:29.6437593Z [36;1m[0m
Port versions to CurseForge	Diff and upload	2026-05-01T04:35:29.6437811Z [36;1mdef curseforge_project_id(url: str) -> str:[0m
Port versions to CurseForge	Diff and upload	2026-05-01T04:35:29.6438133Z [36;1m    url = url.strip().rstrip("/")[0m
Port versions to CurseForge	Diff and upload	2026-05-01T04:35:29.6438495Z [36;1m    m = re.search(r"curseforge\.com/minecraft/mc-mods/([^/?#]+)", url)[0m
Port versions to CurseForge	Diff and upload	2026-05-01T04:35:29.6438883Z [36;1m    return m.group(1) if m else url[0m
Port versions to CurseForge	Diff and upload	2026-05-01T04:35:29.6439133Z [36;1m[0m
Port versions to CurseForge	Diff and upload	2026-05-01T04:35:29.6439371Z [36;1m# ----------------------------------------------------------------[0m
Port versions to CurseForge	Diff and upload	2026-05-01T04:35:29.6439705Z [36;1m# Helpers: HTTP[0m
Port versions to CurseForge	Diff and upload	2026-05-01T04:35:29.6439981Z [36;1m# ----------------------------------------------------------------[0m
Port versions to CurseForge	Diff and upload	2026-05-01T04:35:29.6440811Z [36;1mdef _get(base: str, path: str, token: str | None, extra_headers: dict | None = None) -> object:[0m
Port versions to CurseForge	Diff and upload	2026-05-01T04:35:29.6441512Z [36;1m    url = base + path[0m
Port versions to CurseForge	Diff and upload	2026-05-01T04:35:29.6441902Z [36;1m    headers = {"User-Agent": USER_AGENT, "Accept": "application/json"}[0m
Port versions to CurseForge	Diff and upload	2026-05-01T04:35:29.6442274Z [36;1m    if token:[0m
Port versions to CurseForge	Diff and upload	2026-05-01T04:35:29.6442609Z [36;1m        key = "Authorization" if base == MODRINTH_API else "X-Api-Token"[0m
Port versions to CurseForge	Diff and upload	2026-05-01T04:35:29.6442991Z [36;1m        headers[key] = token[0m
Port versions to CurseForge	Diff and upload	2026-05-01T04:35:29.6443244Z [36;1m    if extra_headers:[0m
Port versions to CurseForge	Diff and upload	2026-05-01T04:35:29.6443523Z [36;1m        headers.update(extra_headers)[0m
Port versions to CurseForge	Diff and upload	2026-05-01T04:35:29.6444270Z [36;1m    req = urllib.request.Request(url, headers=headers)[0m
Port versions to CurseForge	Diff and upload	2026-05-01T04:35:29.6444754Z [36;1m    for attempt in range(1, 6):[0m
Port versions to CurseForge	Diff and upload	2026-05-01T04:35:29.6445004Z [36;1m        try:[0m
Port versions to CurseForge	Diff and upload	2026-05-01T04:35:29.6445280Z [36;1m            with urllib.request.urlopen(req, timeout=30) as r:[0m
Port versions to CurseForge	Diff and upload	2026-05-01T04:35:29.6445734Z [36;1m                return json.loads(r.read().decode("utf-8", errors="replace"))[0m
Port versions to CurseForge	Diff and upload	2026-05-01T04:35:29.6446145Z [36;1m        except urllib.error.HTTPError as e:[0m
Port versions to CurseForge	Diff and upload	2026-05-01T04:35:29.6446513Z [36;1m            body = e.read().decode("utf-8", errors="replace")[:300][0m
Port versions to CurseForge	Diff and upload	2026-05-01T04:35:29.6446857Z [36;1m            if e.code == 404:[0m
Port versions to CurseForge	Diff and upload	2026-05-01T04:35:29.6447168Z [36;1m                sys.exit(f"[ERROR] Not found (HTTP 404): {url}")[0m
Port versions to CurseForge	Diff and upload	2026-05-01T04:35:29.6447559Z [36;1m            if e.code in {429, 500, 502, 503, 504} and attempt < 5:[0m
Port versions to CurseForge	Diff and upload	2026-05-01T04:35:29.6447919Z [36;1m                time.sleep(2 ** attempt)[0m
Port versions to CurseForge	Diff and upload	2026-05-01T04:35:29.6448200Z [36;1m                continue[0m
Port versions to CurseForge	Diff and upload	2026-05-01T04:35:29.6448503Z [36;1m            sys.exit(f"[ERROR] HTTP {e.code}: {url}\n{body}")[0m
Port versions to CurseForge	Diff and upload	2026-05-01T04:35:29.6448855Z [36;1m        except urllib.error.URLError as e:[0m
Port versions to CurseForge	Diff and upload	2026-05-01T04:35:29.6449158Z [36;1m            if attempt < 5:[0m
Port versions to CurseForge	Diff and upload	2026-05-01T04:35:29.6449429Z [36;1m                time.sleep(2 ** attempt)[0m
Port versions to CurseForge	Diff and upload	2026-05-01T04:35:29.6449697Z [36;1m                continue[0m
Port versions to CurseForge	Diff and upload	2026-05-01T04:35:29.6449995Z [36;1m            sys.exit(f"[ERROR] Network error: {e.reason}")[0m
Port versions to CurseForge	Diff and upload	2026-05-01T04:35:29.6450514Z [36;1m    sys.exit("[ERROR] API request failed after retries.")[0m
Port versions to CurseForge	Diff and upload	2026-05-01T04:35:29.6450829Z [36;1m[0m
Port versions to CurseForge	Diff and upload	2026-05-01T04:35:29.6451038Z [36;1mdef modrinth_get(path: str) -> object:[0m
Port versions to CurseForge	Diff and upload	2026-05-01T04:35:29.6451846Z [36;1m    return _get(MODRINTH_API, path, MODRINTH_TOKEN or None)[0m
Port versions to CurseForge	Diff and upload	2026-05-01T04:35:29.6452170Z [36;1m[0m
Port versions to CurseForge	Diff and upload	2026-05-01T04:35:29.6452376Z [36;1mdef curseforge_get(path: str) -> object:[0m
Port versions to CurseForge	Diff and upload	2026-05-01T04:35:29.6452734Z [36;1m    return _get(CURSEFORGE_API, path, CURSEFORGE_TOKEN)[0m
Port versions to CurseForge	Diff and upload	2026-05-01T04:35:29.6453047Z [36;1m[0m
Port versions to CurseForge	Diff and upload	2026-05-01T04:35:29.6453276Z [36;1mdef resolve_cf_numeric_id(slug_or_id: str) -> str:[0m
Port versions to CurseForge	Diff and upload	2026-05-01T04:35:29.6453580Z [36;1m    """[0m
Port versions to CurseForge	Diff and upload	2026-05-01T04:35:29.6453823Z [36;1m    Validate that we have a numeric project ID.[0m
Port versions to CurseForge	Diff and upload	2026-05-01T04:35:29.6454622Z [36;1m    The upload API on minecraft.curseforge.com only accepts numeric IDs.[0m
Port versions to CurseForge	Diff and upload	2026-05-01T04:35:29.6455146Z [36;1m    The v1 search API (api.curseforge.com) requires a separate console API key[0m
Port versions to CurseForge	Diff and upload	2026-05-01T04:35:29.6455671Z [36;1m    that is different from the upload token, so we cannot resolve slugs here.[0m
Port versions to CurseForge	Diff and upload	2026-05-01T04:35:29.6456052Z [36;1m[0m
Port versions to CurseForge	Diff and upload	2026-05-01T04:35:29.6456249Z [36;1m    To find your numeric project ID:[0m
Port versions to CurseForge	Diff and upload	2026-05-01T04:35:29.6456562Z [36;1m      1. Go to your CurseForge project page[0m
Port versions to CurseForge	Diff and upload	2026-05-01T04:35:29.6456966Z [36;1m      2. Look at the right-hand sidebar — it shows "Project ID: XXXXXXX"[0m
Port versions to CurseForge	Diff and upload	2026-05-01T04:35:29.6457334Z [36;1m         OR[0m
Port versions to CurseForge	Diff and upload	2026-05-01T04:35:29.6457705Z [36;1m      3. Click "Upload a File" — the URL will contain /api/projects/XXXXXXX/upload-file[0m
Port versions to CurseForge	Diff and upload	2026-05-01T04:35:29.6458145Z [36;1m    """[0m
Port versions to CurseForge	Diff and upload	2026-05-01T04:35:29.6458354Z [36;1m    if slug_or_id.isdigit():[0m
Port versions to CurseForge	Diff and upload	2026-05-01T04:35:29.6458607Z [36;1m        return slug_or_id[0m
Port versions to CurseForge	Diff and upload	2026-05-01T04:35:29.6459016Z [36;1m    sys.exit([0m
Port versions to CurseForge	Diff and upload	2026-05-01T04:35:29.6459390Z [36;1m        f"[ERROR] CurseForge input '{slug_or_id}' is a slug, not a numeric project ID.\n"[0m
Port versions to CurseForge	Diff and upload	2026-05-01T04:35:29.6459806Z [36;1m        f"\n"[0m
Port versions to CurseForge	Diff and upload	2026-05-01T04:35:29.6460125Z [36;1m        f"The upload API requires the numeric project ID, not the slug.\n"[0m
Port versions to CurseForge	Diff and upload	2026-05-01T04:35:29.6460503Z [36;1m        f"To find it:\n"[0m
Port versions to CurseForge	Diff and upload	2026-05-01T04:35:29.6460875Z [36;1m        f"  1. Go to https://www.curseforge.com/minecraft/mc-mods/{slug_or_id}\n"[0m
Port versions to CurseForge	Diff and upload	2026-05-01T04:35:29.6461353Z [36;1m        f"  2. Look in the right sidebar for 'Project ID: XXXXXXX'\n"[0m
Port versions to CurseForge	Diff and upload	2026-05-01T04:35:29.6461815Z [36;1m        f"\n"[0m
Port versions to CurseForge	Diff and upload	2026-05-01T04:35:29.6462072Z [36;1m        f"Then re-run with the numeric ID instead:\n"[0m
Port versions to CurseForge	Diff and upload	2026-05-01T04:35:29.6462394Z [36;1m        f"  --curseforge XXXXXXX\n"[0m
Port versions to CurseForge	Diff and upload	2026-05-01T04:35:29.6462656Z [36;1m        f"  or\n"[0m
Port versions to CurseForge	Diff and upload	2026-05-01T04:35:29.6463302Z [36;1m        f"  --curseforge https://www.curseforge.com/minecraft/mc-mods/{slug_or_id}#XXXXXXX\n"[0m
Port versions to CurseForge	Diff and upload	2026-05-01T04:35:29.6463749Z [36;1m    )[0m
Port versions to CurseForge	Diff and upload	2026-05-01T04:35:29.6464081Z [36;1m[0m
Port versions to CurseForge	Diff and upload	2026-05-01T04:35:29.6464328Z [36;1mdef download_file(url: str, dest: Path) -> None:[0m
Port versions to CurseForge	Diff and upload	2026-05-01T04:35:29.6464755Z [36;1m    req = urllib.request.Request(url, headers={"User-Agent": USER_AGENT})[0m
Port versions to CurseForge	Diff and upload	2026-05-01T04:35:29.6465152Z [36;1m    for attempt in range(1, 4):[0m
Port versions to CurseForge	Diff and upload	2026-05-01T04:35:29.6465400Z [36;1m        try:[0m
Port versions to CurseForge	Diff and upload	2026-05-01T04:35:29.6465673Z [36;1m            with urllib.request.urlopen(req, timeout=120) as r:[0m
Port versions to CurseForge	Diff and upload	2026-05-01T04:35:29.6466033Z [36;1m                dest.write_bytes(r.read())[0m
Port versions to CurseForge	Diff and upload	2026-05-01T04:35:29.6466312Z [36;1m            return[0m
Port versions to CurseForge	Diff and upload	2026-05-01T04:35:29.6466566Z [36;1m        except urllib.error.URLError as e:[0m
Port versions to CurseForge	Diff and upload	2026-05-01T04:35:29.6466848Z [36;1m            if attempt < 3:[0m
Port versions to CurseForge	Diff and upload	2026-05-01T04:35:29.6467100Z [36;1m                time.sleep(3)[0m
Port versions to CurseForge	Diff and upload	2026-05-01T04:35:29.6467352Z [36;1m                continue[0m
Port versions to CurseForge	Diff and upload	2026-05-01T04:35:29.6467666Z [36;1m            sys.exit(f"[ERROR] Download failed {url}: {e.reason}")[0m
Port versions to CurseForge	Diff and upload	2026-05-01T04:35:29.6467991Z [36;1m[0m
Port versions to CurseForge	Diff and upload	2026-05-01T04:35:29.6468320Z [36;1mdef curseforge_upload(project_id: str, metadata: dict, jar_path: Path) -> int:[0m
Port versions to CurseForge	Diff and upload	2026-05-01T04:35:29.6468763Z [36;1m    boundary = f"cfport-{uuid.uuid4().hex}"[0m
Port versions to CurseForge	Diff and upload	2026-05-01T04:35:29.6469054Z [36;1m    body = bytearray()[0m
Port versions to CurseForge	Diff and upload	2026-05-01T04:35:29.6469278Z [36;1m[0m
Port versions to CurseForge	Diff and upload	2026-05-01T04:35:29.6469507Z [36;1m    meta_bytes = json.dumps(metadata).encode("utf-8")[0m
Port versions to CurseForge	Diff and upload	2026-05-01T04:35:29.6469852Z [36;1m    body += f"--{boundary}\r\n".encode()[0m
Port versions to CurseForge	Diff and upload	2026-05-01T04:35:29.6470230Z [36;1m    body += b'Content-Disposition: form-data; name="metadata"\r\n'[0m
Port versions to CurseForge	Diff and upload	2026-05-01T04:35:29.6470653Z [36;1m    body += b"Content-Type: application/json\r\n\r\n"[0m
Port versions to CurseForge	Diff and upload	2026-05-01T04:35:29.6470969Z [36;1m    body += meta_bytes + b"\r\n"[0m
Port versions to CurseForge	Diff and upload	2026-05-01T04:35:29.6471218Z [36;1m[0m
Port versions to CurseForge	Diff and upload	2026-05-01T04:35:29.6471417Z [36;1m    jar_bytes = jar_path.read_bytes()[0m
Port versions to CurseForge	Diff and upload	2026-05-01T04:35:29.6471725Z [36;1m    body += f"--{boundary}\r\n".encode()[0m
Port versions to CurseForge	Diff and upload	2026-05-01T04:35:29.6472212Z [36;1m    body += f'Content-Disposition: form-data; name="file"; filename="{jar_path.name}"\r\n'.encode()[0m
Port versions to CurseForge	Diff and upload	2026-05-01T04:35:29.6472758Z [36;1m    body += b"Content-Type: application/java-archive\r\n\r\n"[0m
Port versions to CurseForge	Diff and upload	2026-05-01T04:35:29.6473103Z [36;1m    body += jar_bytes + b"\r\n"[0m
Port versions to CurseForge	Diff and upload	2026-05-01T04:35:29.6473386Z [36;1m    body += f"--{boundary}--\r\n".encode()[0m
Port versions to CurseForge	Diff and upload	2026-05-01T04:35:29.6473654Z [36;1m[0m
Port versions to CurseForge	Diff and upload	2026-05-01T04:35:29.6474064Z [36;1m    url = f"{CURSEFORGE_API}/api/projects/{project_id}/upload-file"[0m
Port versions to CurseForge	Diff and upload	2026-05-01T04:35:29.6474420Z [36;1m    headers = {[0m
Port versions to CurseForge	Diff and upload	2026-05-01T04:35:29.6474664Z [36;1m        "User-Agent": USER_AGENT,[0m
Port versions to CurseForge	Diff and upload	2026-05-01T04:35:29.6474955Z [36;1m        "X-Api-Token": CURSEFORGE_TOKEN,[0m
Port versions to CurseForge	Diff and upload	2026-05-01T04:35:29.6475324Z [36;1m        "Content-Type": f"multipart/form-data; boundary={boundary}",[0m
Port versions to CurseForge	Diff and upload	2026-05-01T04:35:29.6475675Z [36;1m    }[0m
Port versions to CurseForge	Diff and upload	2026-05-01T04:35:29.6476033Z [36;1m    req = urllib.request.Request(url, data=bytes(body), method="POST", headers=headers)[0m
Port versions to CurseForge	Diff and upload	2026-05-01T04:35:29.6476613Z [36;1m    for attempt in range(1, 4):[0m
Port versions to CurseForge	Diff and upload	2026-05-01T04:35:29.6476866Z [36;1m        try:[0m
Port versions to CurseForge	Diff and upload	2026-05-01T04:35:29.6477143Z [36;1m            with urllib.request.urlopen(req, timeout=120) as r:[0m
Port versions to CurseForge	Diff and upload	2026-05-01T04:35:29.6477616Z [36;1m                return int(json.loads(r.read().decode("utf-8", errors="replace"))["id"])[0m
Port versions to CurseForge	Diff and upload	2026-05-01T04:35:29.6478049Z [36;1m        except urllib.error.HTTPError as e:[0m
Port versions to CurseForge	Diff and upload	2026-05-01T04:35:29.6478428Z [36;1m            body_text = e.read().decode("utf-8", errors="replace")[:500][0m
Port versions to CurseForge	Diff and upload	2026-05-01T04:35:29.6478846Z [36;1m            if e.code in {429, 500, 502, 503, 504} and attempt < 3:[0m
Port versions to CurseForge	Diff and upload	2026-05-01T04:35:29.6479326Z [36;1m                time.sleep(5 * attempt)[0m
Port versions to CurseForge	Diff and upload	2026-05-01T04:35:29.6479599Z [36;1m                continue[0m
Port versions to CurseForge	Diff and upload	2026-05-01T04:35:29.6480055Z [36;1m            sys.exit(f"[ERROR] CurseForge upload HTTP {e.code}: {body_text}")[0m
Port versions to CurseForge	Diff and upload	2026-05-01T04:35:29.6480474Z [36;1m        except urllib.error.URLError as e:[0m
Port versions to CurseForge	Diff and upload	2026-05-01T04:35:29.6480763Z [36;1m            if attempt < 3:[0m
Port versions to CurseForge	Diff and upload	2026-05-01T04:35:29.6481014Z [36;1m                time.sleep(5)[0m
Port versions to CurseForge	Diff and upload	2026-05-01T04:35:29.6481260Z [36;1m                continue[0m
Port versions to CurseForge	Diff and upload	2026-05-01T04:35:29.6481651Z [36;1m            sys.exit(f"[ERROR] Upload network error: {e.reason}")[0m
Port versions to CurseForge	Diff and upload	2026-05-01T04:35:29.6482052Z [36;1m    sys.exit("[ERROR] Upload failed after retries.")[0m
Port versions to CurseForge	Diff and upload	2026-05-01T04:35:29.6482786Z [36;1m[0m
Port versions to CurseForge	Diff and upload	2026-05-01T04:35:29.6483026Z [36;1m# ----------------------------------------------------------------[0m
Port versions to CurseForge	Diff and upload	2026-05-01T04:35:29.6483408Z [36;1m# Helpers: version logic[0m
Port versions to CurseForge	Diff and upload	2026-05-01T04:35:29.6483713Z [36;1m# ----------------------------------------------------------------[0m
Port versions to CurseForge	Diff and upload	2026-05-01T04:35:29.6484229Z [36;1mdef primary_file(version: dict) -> dict | None:[0m
Port versions to CurseForge	Diff and upload	2026-05-01T04:35:29.6484555Z [36;1m    files = version.get("files", [])[0m
Port versions to CurseForge	Diff and upload	2026-05-01T04:35:29.6484828Z [36;1m    if not files:[0m
Port versions to CurseForge	Diff and upload	2026-05-01T04:35:29.6485057Z [36;1m        return None[0m
Port versions to CurseForge	Diff and upload	2026-05-01T04:35:29.6485328Z [36;1m    primary = [f for f in files if f.get("primary")][0m
Port versions to CurseForge	Diff and upload	2026-05-01T04:35:29.6485652Z [36;1m    return (primary or files)[0][0m
Port versions to CurseForge	Diff and upload	2026-05-01T04:35:29.6485903Z [36;1m[0m
Port versions to CurseForge	Diff and upload	2026-05-01T04:35:29.6486120Z [36;1mdef latest_per_combo(versions: list) -> dict:[0m
Port versions to CurseForge	Diff and upload	2026-05-01T04:35:29.6486563Z [36;1m    """Keep the most recently published version per (mc_version, loader) pair."""[0m
Port versions to CurseForge	Diff and upload	2026-05-01T04:35:29.6486980Z [36;1m    best: dict[tuple, dict] = {}[0m
Port versions to CurseForge	Diff and upload	2026-05-01T04:35:29.6487236Z [36;1m    for v in versions:[0m
Port versions to CurseForge	Diff and upload	2026-05-01T04:35:29.6487504Z [36;1m        pub = v.get("date_published", "")[0m
Port versions to CurseForge	Diff and upload	2026-05-01T04:35:29.6487832Z [36;1m        for mc in v.get("game_versions", []):[0m
Port versions to CurseForge	Diff and upload	2026-05-01T04:35:29.6488149Z [36;1m            for loader in v.get("loaders", []):[0m
Port versions to CurseForge	Diff and upload	2026-05-01T04:35:29.6488454Z [36;1m                key = (mc, loader.lower())[0m
Port versions to CurseForge	Diff and upload	2026-05-01T04:35:29.6488854Z [36;1m                if key not in best or pub > best[key].get("date_published", ""):[0m
Port versions to CurseForge	Diff and upload	2026-05-01T04:35:29.6489236Z [36;1m                    best[key] = v[0m
Port versions to CurseForge	Diff and upload	2026-05-01T04:35:29.6489493Z [36;1m    return best[0m
Port versions to CurseForge	Diff and upload	2026-05-01T04:35:29.6489699Z [36;1m[0m
Port versions to CurseForge	Diff and upload	2026-05-01T04:35:29.6489887Z [36;1mdef is_loader(name: str) -> bool:[0m
Port versions to CurseForge	Diff and upload	2026-05-01T04:35:29.6490232Z [36;1m    return name.lower() in {l.lower() for l in KNOWN_LOADERS}[0m
Port versions to CurseForge	Diff and upload	2026-05-01T04:35:29.6490565Z [36;1m[0m
Port versions to CurseForge	Diff and upload	2026-05-01T04:35:29.6490776Z [36;1mdef cf_combos_present(cf_files: list) -> set:[0m
Port versions to CurseForge	Diff and upload	2026-05-01T04:35:29.6491190Z [36;1m    """Build (mc_version, loader_lowercase) set from CurseForge file list."""[0m
Port versions to CurseForge	Diff and upload	2026-05-01T04:35:29.6491582Z [36;1m    combos = set()[0m
Port versions to CurseForge	Diff and upload	2026-05-01T04:35:29.6491808Z [36;1m    for f in cf_files:[0m
Port versions to CurseForge	Diff and upload	2026-05-01T04:35:29.6492083Z [36;1m        gvs: list = f.get("gameVersions", [])[0m
Port versions to CurseForge	Diff and upload	2026-05-01T04:35:29.6492427Z [36;1m        mc_versions = [g for g in gvs if not is_loader(g)][0m
Port versions to CurseForge	Diff and upload	2026-05-01T04:35:29.6492809Z [36;1m        loaders     = [g.lower() for g in gvs if is_loader(g)][0m
Port versions to CurseForge	Diff and upload	2026-05-01T04:35:29.6493261Z [36;1m        if not loaders:[0m
Port versions to CurseForge	Diff and upload	2026-05-01T04:35:29.6493509Z [36;1m            loaders = ["unknown"][0m
Port versions to CurseForge	Diff and upload	2026-05-01T04:35:29.6493772Z [36;1m        for mc in mc_versions:[0m
Port versions to CurseForge	Diff and upload	2026-05-01T04:35:29.6494386Z [36;1m            for loader in loaders:[0m
Port versions to CurseForge	Diff and upload	2026-05-01T04:35:29.6494698Z [36;1m                combos.add((mc, loader))[0m
Port versions to CurseForge	Diff and upload	2026-05-01T04:35:29.6494976Z [36;1m    return combos[0m
Port versions to CurseForge	Diff and upload	2026-05-01T04:35:29.6495181Z [36;1m[0m
Port versions to CurseForge	Diff and upload	2026-05-01T04:35:29.6495521Z [36;1mdef resolve_cf_version_ids(mc_version: str, loader: str, cf_lookup: dict) -> list:[0m
Port versions to CurseForge	Diff and upload	2026-05-01T04:35:29.6496082Z [36;1m    """Return the list of CurseForge version IDs for a mc_version + loader pair."""[0m
Port versions to CurseForge	Diff and upload	2026-05-01T04:35:29.6496632Z [36;1m    ids = [][0m
Port versions to CurseForge	Diff and upload	2026-05-01T04:35:29.6496912Z [36;1m    # MC version — exact, then strip patch (1.20.1 -> 1.20)[0m
Port versions to CurseForge	Diff and upload	2026-05-01T04:35:29.6497256Z [36;1m    if mc_version in cf_lookup:[0m
Port versions to CurseForge	Diff and upload	2026-05-01T04:35:29.6497544Z [36;1m        ids.append(cf_lookup[mc_version])[0m
Port versions to CurseForge	Diff and upload	2026-05-01T04:35:29.6497818Z [36;1m    else:[0m
Port versions to CurseForge	Diff and upload	2026-05-01T04:35:29.6498040Z [36;1m        parts = mc_version.split(".")[0m
Port versions to CurseForge	Diff and upload	2026-05-01T04:35:29.6498321Z [36;1m        if len(parts) == 3:[0m
Port versions to CurseForge	Diff and upload	2026-05-01T04:35:29.6498594Z [36;1m            short = f"{parts[0]}.{parts[1]}"[0m
Port versions to CurseForge	Diff and upload	2026-05-01T04:35:29.6498889Z [36;1m            if short in cf_lookup:[0m
Port versions to CurseForge	Diff and upload	2026-05-01T04:35:29.6499185Z [36;1m                ids.append(cf_lookup[short])[0m
Port versions to CurseForge	Diff and upload	2026-05-01T04:35:29.6499455Z [36;1m    if not ids:[0m
Port versions to CurseForge	Diff and upload	2026-05-01T04:35:29.6499794Z [36;1m        print(f"  [WARN] No CurseForge version ID found for MC {mc_version!r}")[0m
Port versions to CurseForge	Diff and upload	2026-05-01T04:35:29.6500164Z [36;1m[0m
Port versions to CurseForge	Diff and upload	2026-05-01T04:35:29.6500336Z [36;1m    # Loader[0m
Port versions to CurseForge	Diff and upload	2026-05-01T04:35:29.6500653Z [36;1m    loader_name = LOADER_MAP.get(loader.lower(), loader.capitalize())[0m
Port versions to CurseForge	Diff and upload	2026-05-01T04:35:29.6501053Z [36;1m    matched = cf_lookup.get(loader_name)[0m
Port versions to CurseForge	Diff and upload	2026-05-01T04:35:29.6501338Z [36;1m    if matched is None:[0m
Port versions to CurseForge	Diff and upload	2026-05-01T04:35:29.6501593Z [36;1m        # case-insensitive fallback[0m
Port versions to CurseForge	Diff and upload	2026-05-01T04:35:29.6501891Z [36;1m        for k, v in cf_lookup.items():[0m
Port versions to CurseForge	Diff and upload	2026-05-01T04:35:29.6502203Z [36;1m            if k.lower() == loader_name.lower():[0m
Port versions to CurseForge	Diff and upload	2026-05-01T04:35:29.6502486Z [36;1m                matched = v[0m
Port versions to CurseForge	Diff and upload	2026-05-01T04:35:29.6502724Z [36;1m                break[0m
Port versions to CurseForge	Diff and upload	2026-05-01T04:35:29.6502958Z [36;1m    if matched is not None:[0m
Port versions to CurseForge	Diff and upload	2026-05-01T04:35:29.6503198Z [36;1m        ids.append(matched)[0m
Port versions to CurseForge	Diff and upload	2026-05-01T04:35:29.6503431Z [36;1m    else:[0m
Port versions to CurseForge	Diff and upload	2026-05-01T04:35:29.6503748Z [36;1m        print(f"  [WARN] No CurseForge version ID found for loader {loader!r}")[0m
Port versions to CurseForge	Diff and upload	2026-05-01T04:35:29.6504279Z [36;1m    return ids[0m
Port versions to CurseForge	Diff and upload	2026-05-01T04:35:29.6504485Z [36;1m[0m
Port versions to CurseForge	Diff and upload	2026-05-01T04:35:29.6505122Z [36;1m# ----------------------------------------------------------------[0m
Port versions to CurseForge	Diff and upload	2026-05-01T04:35:29.6505465Z [36;1m# Step 1: Fetch Modrinth[0m
Port versions to CurseForge	Diff and upload	2026-05-01T04:35:29.6505768Z [36;1m# ----------------------------------------------------------------[0m
Port versions to CurseForge	Diff and upload	2026-05-01T04:35:29.6506163Z [36;1mmr_ref = modrinth_ref(os.environ["MODRINTH_URL"])[0m
Port versions to CurseForge	Diff and upload	2026-05-01T04:35:29.6506557Z [36;1mcf_id  = curseforge_project_id(os.environ["CURSEFORGE_URL"])[0m
Port versions to CurseForge	Diff and upload	2026-05-01T04:35:29.6506879Z [36;1m[0m
Port versions to CurseForge	Diff and upload	2026-05-01T04:35:29.6507062Z [36;1mprint(f"\n{'='*70}")[0m
Port versions to CurseForge	Diff and upload	2026-05-01T04:35:29.6507302Z [36;1mprint(f"  Modrinth  : {mr_ref}")[0m
Port versions to CurseForge	Diff and upload	2026-05-01T04:35:29.6507570Z [36;1mprint(f"  CurseForge: {cf_id}")[0m
Port versions to CurseForge	Diff and upload	2026-05-01T04:35:29.6507840Z [36;1mprint(f"  Dry run   : {DRY_RUN}")[0m
Port versions to CurseForge	Diff and upload	2026-05-01T04:35:29.6508096Z [36;1mprint(f"{'='*70}\n")[0m
Port versions to CurseForge	Diff and upload	2026-05-01T04:35:29.6508313Z [36;1m[0m
Port versions to CurseForge	Diff and upload	2026-05-01T04:35:29.6508559Z [36;1mprint("[1/4] Fetching Modrinth project and versions...")[0m
Port versions to CurseForge	Diff and upload	2026-05-01T04:35:29.6509039Z [36;1mmr_project = modrinth_get(f"/project/{urllib.parse.quote(mr_ref, safe='')}")[0m
Port versions to CurseForge	Diff and upload	2026-05-01T04:35:29.6509447Z [36;1mmr_id      = mr_project["id"][0m
Port versions to CurseForge	Diff and upload	2026-05-01T04:35:29.6509766Z [36;1mprint(f"  Title: {mr_project.get('title')}  ID: {mr_id}")[0m
Port versions to CurseForge	Diff and upload	2026-05-01T04:35:29.6510081Z [36;1m[0m
Port versions to CurseForge	Diff and upload	2026-05-01T04:35:29.6510554Z [36;1mall_versions = modrinth_get(f"/project/{urllib.parse.quote(mr_id, safe='')}/version")[0m
Port versions to CurseForge	Diff and upload	2026-05-01T04:35:29.6511009Z [36;1mif not isinstance(all_versions, list):[0m
Port versions to CurseForge	Diff and upload	2026-05-01T04:35:29.6511294Z [36;1m    all_versions = [][0m
Port versions to CurseForge	Diff and upload	2026-05-01T04:35:29.6511596Z [36;1mprint(f"  Total version entries: {len(all_versions)}")[0m
Port versions to CurseForge	Diff and upload	2026-05-01T04:35:29.6511908Z [36;1m[0m
Port versions to CurseForge	Diff and upload	2026-05-01T04:35:29.6512117Z [36;1mmr_latest = latest_per_combo(all_versions)[0m
Port versions to CurseForge	Diff and upload	2026-05-01T04:35:29.6512501Z [36;1mprint(f"  Unique (mc_version, loader) combos: {len(mr_latest)}")[0m
Port versions to CurseForge	Diff and upload	2026-05-01T04:35:29.6512845Z [36;1m[0m
Port versions to CurseForge	Diff and upload	2026-05-01T04:35:29.6513075Z [36;1m# ----------------------------------------------------------------[0m
Port versions to CurseForge	Diff and upload	2026-05-01T04:35:29.6513519Z [36;1m# Step 2: Fetch CurseForge[0m
Port versions to CurseForge	Diff and upload	2026-05-01T04:35:29.6513834Z [36;1m# ----------------------------------------------------------------[0m
Port versions to CurseForge	Diff and upload	2026-05-01T04:35:29.6514428Z [36;1mprint("\n[2/4] Fetching CurseForge game versions and existing files...")[0m
Port versions to CurseForge	Diff and upload	2026-05-01T04:35:29.6514911Z [36;1mcf_game_versions = curseforge_get("/api/game/versions")[0m
Port versions to CurseForge	Diff and upload	2026-05-01T04:35:29.6515284Z [36;1mif not isinstance(cf_game_versions, list):[0m
Port versions to CurseForge	Diff and upload	2026-05-01T04:35:29.6515584Z [36;1m    cf_game_versions = [][0m
Port versions to CurseForge	Diff and upload	2026-05-01T04:35:29.6515906Z [36;1mcf_lookup = {v["name"]: v["id"] for v in cf_game_versions}[0m
Port versions to CurseForge	Diff and upload	2026-05-01T04:35:29.6516327Z [36;1mprint(f"  CurseForge game version entries: {len(cf_lookup)}")[0m
Port versions to CurseForge	Diff and upload	2026-05-01T04:35:29.6516656Z [36;1m[0m
Port versions to CurseForge	Diff and upload	2026-05-01T04:35:29.6516955Z [36;1m# Resolve slug -> numeric ID (required by the upload and files endpoints)[0m
Port versions to CurseForge	Diff and upload	2026-05-01T04:35:29.6517386Z [36;1mcf_numeric_id = resolve_cf_numeric_id(cf_id)[0m
Port versions to CurseForge	Diff and upload	2026-05-01T04:35:29.6517666Z [36;1m[0m
Port versions to CurseForge	Diff and upload	2026-05-01T04:35:29.6517948Z [36;1mcf_files = curseforge_get(f"/api/projects/{cf_numeric_id}/files")[0m
Port versions to CurseForge	Diff and upload	2026-05-01T04:35:29.6518333Z [36;1mif not isinstance(cf_files, list):[0m
Port versions to CurseForge	Diff and upload	2026-05-01T04:35:29.6518591Z [36;1m    cf_files = [][0m
Port versions to CurseForge	Diff and upload	2026-05-01T04:35:29.6518847Z [36;1mcf_present = cf_combos_present(cf_files)[0m
Port versions to CurseForge	Diff and upload	2026-05-01T04:35:29.6519207Z [36;1mprint(f"  Existing CurseForge files: {len(cf_files)}")[0m
Port versions to CurseForge	Diff and upload	2026-05-01T04:35:29.6519669Z [36;1mprint(f"  Unique (mc_version, loader) combos on CurseForge: {len(cf_present)}")[0m
Port versions to CurseForge	Diff and upload	2026-05-01T04:35:29.6520060Z [36;1m[0m
Port versions to CurseForge	Diff and upload	2026-05-01T04:35:29.6520334Z [36;1m# ----------------------------------------------------------------[0m
Port versions to CurseForge	Diff and upload	2026-05-01T04:35:29.6520659Z [36;1m# Step 3: Diff[0m
Port versions to CurseForge	Diff and upload	2026-05-01T04:35:29.6520967Z [36;1m# ----------------------------------------------------------------[0m
Port versions to CurseForge	Diff and upload	2026-05-01T04:35:29.6521313Z [36;1mprint("\n[3/4] Computing diff...")[0m
Port versions to CurseForge	Diff and upload	2026-05-01T04:35:29.6521571Z [36;1mmissing = [][0m
Port versions to CurseForge	Diff and upload	2026-05-01T04:35:29.6521846Z [36;1mfor (mc, loader), version in sorted(mr_latest.items()):[0m
Port versions to CurseForge	Diff and upload	2026-05-01T04:35:29.6522267Z [36;1m    cf_loader = LOADER_MAP.get(loader, loader.capitalize()).lower()[0m
Port versions to CurseForge	Diff and upload	2026-05-01T04:35:29.6522738Z [36;1m    if (mc, cf_loader) not in cf_present and (mc, loader) not in cf_present:[0m
Port versions to CurseForge	Diff and upload	2026-05-01T04:35:29.6523156Z [36;1m        missing.append(((mc, loader), version))[0m
Port versions to CurseForge	Diff and upload	2026-05-01T04:35:29.6523437Z [36;1m[0m
Port versions to CurseForge	Diff and upload	2026-05-01T04:35:29.6523654Z [36;1mmissing.sort(key=lambda x: (x[0][0], x[0][1]))[0m
Port versions to CurseForge	Diff and upload	2026-05-01T04:35:29.6524045Z [36;1m[0m
Port versions to CurseForge	Diff and upload	2026-05-01T04:35:29.6524214Z [36;1mif not missing:[0m
Port versions to CurseForge	Diff and upload	2026-05-01T04:35:29.6524967Z [36;1m    print("\n  All Modrinth versions are already present on CurseForge. Nothing to do!")[0m
Port versions to CurseForge	Diff and upload	2026-05-01T04:35:29.6525396Z [36;1m    sys.exit(0)[0m
Port versions to CurseForge	Diff and upload	2026-05-01T04:35:29.6525598Z [36;1m[0m
Port versions to CurseForge	Diff and upload	2026-05-01T04:35:29.6525770Z [36;1m# Print table[0m
Port versions to CurseForge	Diff and upload	2026-05-01T04:35:29.6525986Z [36;1mprint(f"\n  {'='*68}")[0m
Port versions to CurseForge	Diff and upload	2026-05-01T04:35:29.6526333Z [36;1mprint(f"  Versions on Modrinth missing from CurseForge: {len(missing)}")[0m
Port versions to CurseForge	Diff and upload	2026-05-01T04:35:29.6526721Z [36;1mprint(f"  {'-'*68}")[0m
Port versions to CurseForge	Diff and upload	2026-05-01T04:35:29.6527103Z [36;1mprint(f"  {'#':<4} {'MC Version':<14} {'Loader':<12} {'Version #':<20} {'Type':<10} {'Published'}")[0m
Port versions to CurseForge	Diff and upload	2026-05-01T04:35:29.6527522Z [36;1mprint(f"  {'-'*68}")[0m
Port versions to CurseForge	Diff and upload	2026-05-01T04:35:29.6527799Z [36;1mfor i, ((mc, loader), v) in enumerate(missing, 1):[0m
Port versions to CurseForge	Diff and upload	2026-05-01T04:35:29.6528262Z [36;1m    vnum  = v.get("version_number", "?")[0m
Port versions to CurseForge	Diff and upload	2026-05-01T04:35:29.6528576Z [36;1m    vtype = v.get("version_type", "release")[0m
Port versions to CurseForge	Diff and upload	2026-05-01T04:35:29.6528932Z [36;1m    pub   = v.get("date_published", "")[:19].replace("T", " ")[0m
Port versions to CurseForge	Diff and upload	2026-05-01T04:35:29.6529271Z [36;1m    pf    = primary_file(v)[0m
Port versions to CurseForge	Diff and upload	2026-05-01T04:35:29.6529569Z [36;1m    fname = pf["filename"] if pf else "(no file)"[0m
Port versions to CurseForge	Diff and upload	2026-05-01T04:35:29.6530075Z [36;1m    print(f"  {i:<4} {mc:<14} {loader:<12} {vnum:<20} {vtype:<10} {pub}  {fname}")[0m
Port versions to CurseForge	Diff and upload	2026-05-01T04:35:29.6530444Z [36;1mprint(f"  {'='*68}\n")[0m
Port versions to CurseForge	Diff and upload	2026-05-01T04:35:29.6530847Z [36;1m[0m
Port versions to CurseForge	Diff and upload	2026-05-01T04:35:29.6531020Z [36;1mif DRY_RUN:[0m
Port versions to CurseForge	Diff and upload	2026-05-01T04:35:29.6531255Z [36;1m    print("  [DRY RUN] No files uploaded.")[0m
Port versions to CurseForge	Diff and upload	2026-05-01T04:35:29.6531538Z [36;1m    sys.exit(0)[0m
Port versions to CurseForge	Diff and upload	2026-05-01T04:35:29.6531743Z [36;1m[0m
Port versions to CurseForge	Diff and upload	2026-05-01T04:35:29.6531980Z [36;1m# ----------------------------------------------------------------[0m
Port versions to CurseForge	Diff and upload	2026-05-01T04:35:29.6532311Z [36;1m# Step 4: Upload[0m
Port versions to CurseForge	Diff and upload	2026-05-01T04:35:29.6532594Z [36;1m# ----------------------------------------------------------------[0m
Port versions to CurseForge	Diff and upload	2026-05-01T04:35:29.6533023Z [36;1mprint(f"[4/4] Uploading {len(missing)} version(s) to CurseForge...\n")[0m
Port versions to CurseForge	Diff and upload	2026-05-01T04:35:29.6533392Z [36;1msuccess = 0[0m
Port versions to CurseForge	Diff and upload	2026-05-01T04:35:29.6533588Z [36;1mfailed  = 0[0m
Port versions to CurseForge	Diff and upload	2026-05-01T04:35:29.6533771Z [36;1m[0m
Port versions to CurseForge	Diff and upload	2026-05-01T04:35:29.6534408Z [36;1mwith tempfile.TemporaryDirectory(prefix="cf_port_") as tmpdir:[0m
Port versions to CurseForge	Diff and upload	2026-05-01T04:35:29.6534808Z [36;1m    tmp = Path(tmpdir)[0m
Port versions to CurseForge	Diff and upload	2026-05-01T04:35:29.6535115Z [36;1m    for i, ((mc, loader), version) in enumerate(missing, 1):[0m
Port versions to CurseForge	Diff and upload	2026-05-01T04:35:29.6535508Z [36;1m        vnum      = version.get("version_number", "?")[0m
Port versions to CurseForge	Diff and upload	2026-05-01T04:35:29.6535952Z [36;1m        vname     = version.get("name") or f"{mr_project.get('title', '')} {vnum}"[0m
Port versions to CurseForge	Diff and upload	2026-05-01T04:35:29.6536498Z [36;1m        vtype     = RELEASE_TYPE_MAP.get(version.get("version_type", "release"), "release")[0m
Port versions to CurseForge	Diff and upload	2026-05-01T04:35:29.6537141Z [36;1m        changelog = version.get("changelog") or f"Ported from Modrinth. Version {vnum} for {mc} ({loader})."[0m
Port versions to CurseForge	Diff and upload	2026-05-01T04:35:29.6537621Z [36;1m[0m
Port versions to CurseForge	Diff and upload	2026-05-01T04:35:29.6537819Z [36;1m        pf = primary_file(version)[0m
Port versions to CurseForge	Diff and upload	2026-05-01T04:35:29.6538079Z [36;1m        if not pf:[0m
Port versions to CurseForge	Diff and upload	2026-05-01T04:35:29.6538450Z [36;1m            print(f"  [{i}/{len(missing)}] SKIP {mc}/{loader} {vnum} — no file on Modrinth.")[0m
Port versions to CurseForge	Diff and upload	2026-05-01T04:35:29.6538856Z [36;1m            failed += 1[0m
Port versions to CurseForge	Diff and upload	2026-05-01T04:35:29.6539090Z [36;1m            continue[0m
Port versions to CurseForge	Diff and upload	2026-05-01T04:35:29.6539298Z [36;1m[0m
Port versions to CurseForge	Diff and upload	2026-05-01T04:35:29.6539548Z [36;1m        filename     = pf.get("filename", f"mod-{vnum}.jar")[0m
Port versions to CurseForge	Diff and upload	2026-05-01T04:35:29.6539903Z [36;1m        download_url = pf.get("url", "")[0m
Port versions to CurseForge	Diff and upload	2026-05-01T04:35:29.6540185Z [36;1m[0m
Port versions to CurseForge	Diff and upload	2026-05-01T04:35:29.6540465Z [36;1m        print(f"  [{i}/{len(missing)}] {mc} / {loader} — {vnum} ({vtype})")[0m
Port versions to CurseForge	Diff and upload	2026-05-01T04:35:29.6540866Z [36;1m        print(f"    File     : {filename}")[0m
Port versions to CurseForge	Diff and upload	2026-05-01T04:35:29.6541313Z [36;1m        print(f"    Changelog: {changelog[:100].strip()!r}{'...' if len(changelog) > 100 else ''}")[0m
Port versions to CurseForge	Diff and upload	2026-05-01T04:35:29.6541735Z [36;1m[0m
Port versions to CurseForge	Diff and upload	2026-05-01T04:35:29.6542009Z [36;1m        cf_version_ids = resolve_cf_version_ids(mc, loader, cf_lookup)[0m
Port versions to CurseForge	Diff and upload	2026-05-01T04:35:29.6542377Z [36;1m        if not cf_version_ids:[0m
Port versions to CurseForge	Diff and upload	2026-05-01T04:35:29.6542781Z [36;1m            print(f"    [SKIP] Could not resolve CurseForge version IDs for {mc}/{loader}.")[0m
Port versions to CurseForge	Diff and upload	2026-05-01T04:35:29.6543198Z [36;1m            failed += 1[0m
Port versions to CurseForge	Diff and upload	2026-05-01T04:35:29.6543431Z [36;1m            continue[0m
Port versions to CurseForge	Diff and upload	2026-05-01T04:35:29.6543698Z [36;1m        print(f"    CF IDs   : {cf_version_ids}")[0m
Port versions to CurseForge	Diff and upload	2026-05-01T04:35:29.6544124Z [36;1m[0m
Port versions to CurseForge	Diff and upload	2026-05-01T04:35:29.6544317Z [36;1m        jar_path = tmp / filename[0m
Port versions to CurseForge	Diff and upload	2026-05-01T04:35:29.6544627Z [36;1m        print(f"    Downloading from Modrinth CDN...")[0m
Port versions to CurseForge	Diff and upload	2026-05-01T04:35:29.6544975Z [36;1m        download_file(download_url, jar_path)[0m
Port versions to CurseForge	Diff and upload	2026-05-01T04:35:29.6545489Z [36;1m        print(f"    Downloaded {jar_path.stat().st_size:,} bytes.")[0m
Port versions to CurseForge	Diff and upload	2026-05-01T04:35:29.6545820Z [36;1m[0m
Port versions to CurseForge	Diff and upload	2026-05-01T04:35:29.6545993Z [36;1m        cf_metadata = {[0m
Port versions to CurseForge	Diff and upload	2026-05-01T04:35:29.6546250Z [36;1m            "changelog":     changelog,[0m
Port versions to CurseForge	Diff and upload	2026-05-01T04:35:29.6546551Z [36;1m            "changelogType": "markdown",[0m
Port versions to CurseForge	Diff and upload	2026-05-01T04:35:29.6546839Z [36;1m            "displayName":   vname,[0m
Port versions to CurseForge	Diff and upload	2026-05-01T04:35:29.6547151Z [36;1m            "gameVersions":  cf_version_ids,[0m
Port versions to CurseForge	Diff and upload	2026-05-01T04:35:29.6547453Z [36;1m            "releaseType":   vtype,[0m
Port versions to CurseForge	Diff and upload	2026-05-01T04:35:29.6547822Z [36;1m        }[0m
Port versions to CurseForge	Diff and upload	2026-05-01T04:35:29.6548013Z [36;1m[0m
Port versions to CurseForge	Diff and upload	2026-05-01T04:35:29.6548237Z [36;1m        print(f"    Uploading to CurseForge...")[0m
Port versions to CurseForge	Diff and upload	2026-05-01T04:35:29.6548633Z [36;1m        new_id = curseforge_upload(cf_numeric_id, cf_metadata, jar_path)[0m
Port versions to CurseForge	Diff and upload	2026-05-01T04:35:29.6549082Z [36;1m        print(f"    ✓ Uploaded — CurseForge file ID: {new_id}")[0m
Port versions to CurseForge	Diff and upload	2026-05-01T04:35:29.6549430Z [36;1m        success += 1[0m
Port versions to CurseForge	Diff and upload	2026-05-01T04:35:29.6549647Z [36;1m[0m
Port versions to CurseForge	Diff and upload	2026-05-01T04:35:29.6550218Z [36;1m        if i < len(missing):[0m
Port versions to CurseForge	Diff and upload	2026-05-01T04:35:29.6550476Z [36;1m            time.sleep(1)[0m
Port versions to CurseForge	Diff and upload	2026-05-01T04:35:29.6550709Z [36;1m[0m
Port versions to CurseForge	Diff and upload	2026-05-01T04:35:29.6550876Z [36;1mprint(f"\n{'='*70}")[0m
Port versions to CurseForge	Diff and upload	2026-05-01T04:35:29.6551195Z [36;1mprint(f"  Done.  {success} uploaded,  {failed} failed/skipped.")[0m
Port versions to CurseForge	Diff and upload	2026-05-01T04:35:29.6551548Z [36;1mprint(f"{'='*70}\n")[0m
Port versions to CurseForge	Diff and upload	2026-05-01T04:35:29.6551752Z [36;1m[0m
Port versions to CurseForge	Diff and upload	2026-05-01T04:35:29.6551922Z [36;1mif failed:[0m
Port versions to CurseForge	Diff and upload	2026-05-01T04:35:29.6552124Z [36;1m    sys.exit(1)[0m
Port versions to CurseForge	Diff and upload	2026-05-01T04:35:29.6552331Z [36;1mPY[0m
Port versions to CurseForge	Diff and upload	2026-05-01T04:35:29.6576379Z shell: /usr/bin/bash --noprofile --norc -e -o pipefail {0}
Port versions to CurseForge	Diff and upload	2026-05-01T04:35:29.6576711Z env:
Port versions to CurseForge	Diff and upload	2026-05-01T04:35:29.6576975Z   pythonLocation: /opt/hostedtoolcache/Python/3.12.13/x64
Port versions to CurseForge	Diff and upload	2026-05-01T04:35:29.6577404Z   PKG_CONFIG_PATH: /opt/hostedtoolcache/Python/3.12.13/x64/lib/pkgconfig
Port versions to CurseForge	Diff and upload	2026-05-01T04:35:29.6577838Z   Python_ROOT_DIR: /opt/hostedtoolcache/Python/3.12.13/x64
Port versions to CurseForge	Diff and upload	2026-05-01T04:35:29.6578218Z   Python2_ROOT_DIR: /opt/hostedtoolcache/Python/3.12.13/x64
Port versions to CurseForge	Diff and upload	2026-05-01T04:35:29.6578588Z   Python3_ROOT_DIR: /opt/hostedtoolcache/Python/3.12.13/x64
Port versions to CurseForge	Diff and upload	2026-05-01T04:35:29.6578968Z   LD_LIBRARY_PATH: /opt/hostedtoolcache/Python/3.12.13/x64/lib
Port versions to CurseForge	Diff and upload	2026-05-01T04:35:29.6579573Z   MODRINTH_TOKEN: ***
Port versions to CurseForge	Diff and upload	2026-05-01T04:35:29.6579863Z   CURSEFORGE_TOKEN: ***
Port versions to CurseForge	Diff and upload	2026-05-01T04:35:29.6580135Z   MODRINTH_URL: https://modrinth.com/mod/pingfix
Port versions to CurseForge	Diff and upload	2026-05-01T04:35:29.6580429Z   CURSEFORGE_URL: 1526309
Port versions to CurseForge	Diff and upload	2026-05-01T04:35:29.6580643Z   DRY_RUN: false
Port versions to CurseForge	Diff and upload	2026-05-01T04:35:29.6580832Z ##[endgroup]
Port versions to CurseForge	Diff and upload	2026-05-01T04:35:31.8457450Z [ERROR] HTTP 403: https://minecraft.curseforge.com/api/projects/1526309/files
Port versions to CurseForge	Diff and upload	2026-05-01T04:35:31.8458196Z {"errorCode":5100,"errorMessage":"You do not have permission to access this method."}
Port versions to CurseForge	Diff and upload	2026-05-01T04:35:31.8458616Z 
Port versions to CurseForge	Diff and upload	2026-05-01T04:35:31.8459063Z ======================================================================
Port versions to CurseForge	Diff and upload	2026-05-01T04:35:31.8459753Z   Modrinth  : pingfix
Port versions to CurseForge	Diff and upload	2026-05-01T04:35:31.8460210Z   CurseForge: 1526309
Port versions to CurseForge	Diff and upload	2026-05-01T04:35:31.8460633Z   Dry run   : False
Port versions to CurseForge	Diff and upload	2026-05-01T04:35:31.8461132Z ======================================================================
Port versions to CurseForge	Diff and upload	2026-05-01T04:35:31.8461621Z 
Port versions to CurseForge	Diff and upload	2026-05-01T04:35:31.8461975Z [1/4] Fetching Modrinth project and versions...
Port versions to CurseForge	Diff and upload	2026-05-01T04:35:31.8462479Z   Title: FIX MY PINGGGGG  ID: 9GikcByI
Port versions to CurseForge	Diff and upload	2026-05-01T04:35:31.8462884Z   Total version entries: 77
Port versions to CurseForge	Diff and upload	2026-05-01T04:35:31.8463388Z   Unique (mc_version, loader) combos: 81
Port versions to CurseForge	Diff and upload	2026-05-01T04:35:31.8466174Z 
Port versions to CurseForge	Diff and upload	2026-05-01T04:35:31.8466696Z [2/4] Fetching CurseForge game versions and existing files...
Port versions to CurseForge	Diff and upload	2026-05-01T04:35:31.8467366Z   CurseForge game version entries: 7045
Port versions to CurseForge	Diff and upload	2026-05-01T04:35:31.8586459Z ##[error]Process completed with exit code 1.
Port versions to CurseForge	Write step summary	﻿2026-05-01T04:35:31.8636651Z ##[group]Run {
Port versions to CurseForge	Write step summary	2026-05-01T04:35:31.8636917Z [36;1m{[0m
Port versions to CurseForge	Write step summary	2026-05-01T04:35:31.8637108Z [36;1m  echo "## CurseForge Port"[0m
Port versions to CurseForge	Write step summary	2026-05-01T04:35:31.8637551Z [36;1m  echo ""[0m
Port versions to CurseForge	Write step summary	2026-05-01T04:35:31.8637762Z [36;1m  echo "| | |"[0m
Port versions to CurseForge	Write step summary	2026-05-01T04:35:31.8637977Z [36;1m  echo "|---|---|"[0m
Port versions to CurseForge	Write step summary	2026-05-01T04:35:31.8638225Z [36;1m  echo "| Modrinth | \`$MODRINTH_URL\` |"[0m
Port versions to CurseForge	Write step summary	2026-05-01T04:35:31.8638558Z [36;1m  echo "| CurseForge | \`$CURSEFORGE_URL\` |"[0m
Port versions to CurseForge	Write step summary	2026-05-01T04:35:31.8638862Z [36;1m  echo "| Dry run | \`$DRY_RUN\` |"[0m
Port versions to CurseForge	Write step summary	2026-05-01T04:35:31.8639125Z [36;1m} >> "$GITHUB_STEP_SUMMARY"[0m
Port versions to CurseForge	Write step summary	2026-05-01T04:35:31.8660795Z shell: /usr/bin/bash --noprofile --norc -e -o pipefail {0}
Port versions to CurseForge	Write step summary	2026-05-01T04:35:31.8661122Z env:
Port versions to CurseForge	Write step summary	2026-05-01T04:35:31.8661375Z   pythonLocation: /opt/hostedtoolcache/Python/3.12.13/x64
Port versions to CurseForge	Write step summary	2026-05-01T04:35:31.8661798Z   PKG_CONFIG_PATH: /opt/hostedtoolcache/Python/3.12.13/x64/lib/pkgconfig
Port versions to CurseForge	Write step summary	2026-05-01T04:35:31.8662203Z   Python_ROOT_DIR: /opt/hostedtoolcache/Python/3.12.13/x64
Port versions to CurseForge	Write step summary	2026-05-01T04:35:31.8662611Z   Python2_ROOT_DIR: /opt/hostedtoolcache/Python/3.12.13/x64
Port versions to CurseForge	Write step summary	2026-05-01T04:35:31.8662987Z   Python3_ROOT_DIR: /opt/hostedtoolcache/Python/3.12.13/x64
Port versions to CurseForge	Write step summary	2026-05-01T04:35:31.8663365Z   LD_LIBRARY_PATH: /opt/hostedtoolcache/Python/3.12.13/x64/lib
Port versions to CurseForge	Write step summary	2026-05-01T04:35:31.8663735Z   MODRINTH_URL: https://modrinth.com/mod/pingfix
Port versions to CurseForge	Write step summary	2026-05-01T04:35:31.8664300Z   CURSEFORGE_URL: 1526309
Port versions to CurseForge	Write step summary	2026-05-01T04:35:31.8664593Z   DRY_RUN: false
Port versions to CurseForge	Write step summary	2026-05-01T04:35:31.8664784Z ##[endgroup]
Port versions to CurseForge	Post Run actions/checkout@v4	﻿2026-05-01T04:35:31.8819741Z Post job cleanup.
Port versions to CurseForge	Post Run actions/checkout@v4	2026-05-01T04:35:31.9785770Z [command]/usr/bin/git version
Port versions to CurseForge	Post Run actions/checkout@v4	2026-05-01T04:35:31.9821930Z git version 2.53.0
Port versions to CurseForge	Post Run actions/checkout@v4	2026-05-01T04:35:31.9867450Z Temporarily overriding HOME='/home/runner/work/_temp/5961b691-c436-422c-a266-b0bd26a8c1b0' before making global git config changes
Port versions to CurseForge	Post Run actions/checkout@v4	2026-05-01T04:35:31.9868840Z Adding repository directory to the temporary git global config as a safe directory
Port versions to CurseForge	Post Run actions/checkout@v4	2026-05-01T04:35:31.9874117Z [command]/usr/bin/git config --global --add safe.directory /home/runner/work/ModCompiler/ModCompiler
Port versions to CurseForge	Post Run actions/checkout@v4	2026-05-01T04:35:31.9916547Z [command]/usr/bin/git config --local --name-only --get-regexp core\.sshCommand
Port versions to CurseForge	Post Run actions/checkout@v4	2026-05-01T04:35:31.9948539Z [command]/usr/bin/git submodule foreach --recursive sh -c "git config --local --name-only --get-regexp 'core\.sshCommand' && git config --local --unset-all 'core.sshCommand' || :"
Port versions to CurseForge	Post Run actions/checkout@v4	2026-05-01T04:35:32.0390901Z fatal: No url found for submodule path 'LibraryMods/3arthh4ck' in .gitmodules
Port versions to CurseForge	Post Run actions/checkout@v4	2026-05-01T04:35:32.0441998Z ##[warning]The process '/usr/bin/git' failed with exit code 128
Port versions to CurseForge	Complete job	﻿2026-05-01T04:35:32.0522657Z Cleaning up orphan processes
Port versions to CurseForge	Complete job	2026-05-01T04:35:32.0794721Z ##[warning]Node.js 20 actions are deprecated. The following actions are running on Node.js 20 and may not work as expected: actions/checkout@v4, actions/setup-python@v5. Actions will be forced to run with Node.js 24 by default starting June 2nd, 2026. Node.js 20 will be removed from the runner on September 16th, 2026. Please check if updated versions of these actions are available that support Node.js 24. To opt into Node.js 24 now, set the FORCE_JAVASCRIPT_ACTIONS_TO_NODE24=true environment variable on the runner or in your workflow file. Once Node.js 24 becomes the default, you can temporarily opt out by setting ACTIONS_ALLOW_USE_UNSECURE_NODE_VERSION=true. For more information see: https://github.blog/changelog/2025-09-19-deprecation-of-node-20-on-github-actions-runners/
