[03:20:00] [main/WARNING] [Main]: Not running from the headlessmc-launcher-wrapper. No plugin support and in-memory launching.
Launching version neoforge-21.3.96, 30c69ca4-d217-40a9-ae9d-f154539d7d5d
[03:20:01] [main/INFO] [XvfbService]: Running with xvfb
[03:20:01] [main/INFO] [LaunchOptions]: You are offline but running with xvfb, not using headless mode.
[03:20:01] [main/INFO] [Log4jPatcher]: Patching lookup in org/apache/logging/log4j/core/lookup/Interpolator
[03:20:01] [main/INFO] [Log4jPatcher]: Patching lookup in org/apache/logging/log4j/core/lookup/JndiLookup
[03:20:04] [main/INFO] [ParallelIOService]: Download took 2292.407573ms, parallel: true
[03:20:04] [main/INFO] [ProcessFactory]: Game will run in /home/runner/work/ModCompiler/ModCompiler/run
[32m[03:20:07.009] [main/INFO] [Launcher/MODLAUNCHER]: ModLauncher running: args [--username, Offline, --version, neoforge-21.3.96, --gameDir, /home/runner/work/ModCompiler/ModCompiler/run, --assetsDir, /home/runner/.minecraft/assets, --assetIndex, 18, --uuid, 22689332a7fd41919600b0fe1135ee34, --accessToken, ❄❄❄❄❄❄❄❄, --clientId, , --xuid, , --userType, msa, --versionType, release, --fml.neoForgeVersion, 21.3.96, --fml.fmlVersion, 5.0.8, --fml.mcVersion, 1.21.3, --fml.neoFormVersion, 20241023.131943, --launchTarget, forgeclient] 
[m[32m[03:20:07.012] [main/INFO] [Launcher/MODLAUNCHER]: JVM identified as Eclipse Adoptium OpenJDK 64-Bit Server VM 21.0.11+10-LTS 
[m[32m[03:20:07.014] [main/INFO] [Launcher/MODLAUNCHER]: ModLauncher 11.0.4+main.d2e20e43 starting: java version 21.0.11 by Eclipse Adoptium; OS Linux arch amd64 version 6.17.0-1018-azure 
[m[32m[03:20:07.181] [main/INFO] [loading.ImmediateWindowHandler/]: Loading ImmediateWindowProvider fmlearlywindow 
[m[32m[03:20:07.517] [main/INFO] [EARLYDISPLAY/]: Trying GL version 4.6 
[m[32m[03:20:09.905] [main/INFO] [EARLYDISPLAY/]: Trying GL version 4.5 
[m[32m[03:20:11.033] [main/INFO] [EARLYDISPLAY/]: Requested GL version 4.5 got version 4.5 
[m[32m[03:20:11.123] [main/INFO] [mixin/]: SpongePowered MIXIN Subsystem Version=0.8.7 Source=union:/home/runner/.minecraft/libraries/net/fabricmc/sponge-mixin/0.15.2+mixin.0.8.7/sponge-mixin-0.15.2+mixin.0.8.7.jar%23177!/ Service=ModLauncher Env=CLIENT 
[m[32m[03:20:11.232] [pool-2-thread-1/INFO] [EARLYDISPLAY/]: GL info: llvmpipe (LLVM 20.1.2, 256 bits) GL version 4.5 (Core Profile) Mesa 25.2.8-0ubuntu0.24.04.2, Mesa 
[m[32m[03:20:11.757] [main/INFO] [loading.moddiscovery.ModDiscoverer/SCAN]: Found mod file "client-1.21.3-20241023.131943-srg.jar" [locator: production client provider +net.neoforged:neoforge:21.3.96:client] 
[m[32m[03:20:11.780] [main/INFO] [loading.moddiscovery.ModDiscoverer/SCAN]: Found mod file "neoforge-21.3.96-universal.jar" [locator: PathBasedLocator[name=neoforge, paths=[/home/runner/.minecraft/libraries/net/neoforged/neoforge/21.3.96/neoforge-21.3.96-universal.jar]], reader: mod manifest] 
[m[32m[03:20:11.786] [main/INFO] [loading.moddiscovery.ModDiscoverer/SCAN]: Found mod file "mc-runtime-test-1.21.3-4.4.0-neoforge-release.jar" [locator: {mods folder locator at /home/runner/work/ModCompiler/ModCompiler/run/mods}, reader: mod manifest] 
[m[32m[03:20:11.789] [main/INFO] [loading.moddiscovery.ModDiscoverer/SCAN]: Found mod file "pingfix-1.0.0.jar" [locator: {mods folder locator at /home/runner/work/ModCompiler/ModCompiler/run/mods}, reader: mod manifest] 
[m[32m[03:20:11.904] [main/INFO] [loading.moddiscovery.locators.JarInJarDependencyLocator/]: Found 2 dependencies adding them to mods collection 
[m[32m[03:20:11.904] [main/INFO] [loading.moddiscovery.ModDiscoverer/SCAN]: Found gamelibrary file "mixinextras-neoforge-0.5.3.jar" [parent: neoforge-21.3.96-universal.jar, locator: jarinjar, reader: mod manifest] 
[m[32m[03:20:11.904] [main/INFO] [loading.moddiscovery.ModDiscoverer/SCAN]: Found library file "net.neoforged.neoforge-coremods-21.3.96.jar" [parent: neoforge-21.3.96-universal.jar, locator: jarinjar, reader: mod manifest] 
[m[32m[03:20:11.906] [main/INFO] [loading.moddiscovery.ModDiscoverer/]: 
     Mod List:
		Name Version (Mod Id)

		FIX MY PINGGGGG 1.0.0 (pingfix)
		MC-Runtime-Test 1.21.3-4.4.0 (mc_runtime_test)
		Minecraft 1.21.3 (minecraft)
		NeoForge 21.3.96 (neoforge) 
[m[32m[03:20:12.322] [main/INFO] [LaunchServiceHandler/MODLAUNCHER]: Launching target 'forgeclient' with arguments [--version, neoforge-21.3.96, --gameDir, /home/runner/work/ModCompiler/ModCompiler/run, --assetsDir, /home/runner/.minecraft/assets, --uuid, 22689332a7fd41919600b0fe1135ee34, --username, Offline, --assetIndex, 18, --accessToken, ❄❄❄❄❄❄❄❄, --clientId, , --xuid, , --userType, msa, --versionType, release] 
[m[32m[03:20:12.675] [main/INFO] [MixinExtras|Service/]: Initializing MixinExtras via com.llamalad7.mixinextras.service.MixinExtrasServiceImpl(version=0.5.3). 
[mWARN StatusConsoleListener Advanced terminal features are not available in this environment
[03:20:14] [Datafixer Bootstrap/INFO] [mojang/DataFixerBuilder]: 240 Datafixer optimizations took 319 milliseconds
[03:20:19] [Render thread/WARN] [minecraft/VanillaPackResourcesBuilder]: Assets URL 'union:/home/runner/.minecraft/libraries/net/minecraft/client/1.21.3-20241023.131943/client-1.21.3-20241023.131943-srg.jar%23203!/assets/.mcassetsroot' uses unexpected schema
[03:20:19] [Render thread/WARN] [minecraft/VanillaPackResourcesBuilder]: Assets URL 'union:/home/runner/.minecraft/libraries/net/minecraft/client/1.21.3-20241023.131943/client-1.21.3-20241023.131943-srg.jar%23203!/data/.mcassetsroot' uses unexpected schema
[03:20:19] [Render thread/INFO] [mojang/YggdrasilAuthenticationService]: Environment: Environment[sessionHost=https://sessionserver.mojang.com, servicesHost=https://api.minecraftservices.com, name=PROD]
[03:20:19] [Render thread/INFO] [minecraft/Minecraft]: Setting user: Offline
[03:20:19] [Render thread/INFO] [minecraft/Minecraft]: Backend library: LWJGL version 3.3.3+5
[03:20:20] [modloading-worker-0/INFO] [ne.ne.ne.co.NeoForgeMod/NEOFORGE-MOD]: NeoForge mod loading, version 21.3.96, for MC 1.21.3
[03:20:20] [Download-2/ERROR] [minecraft/Minecraft]: Failed to fetch user properties
com.mojang.authlib.exceptions.InvalidCredentialsException: Status: 401
	at MC-BOOTSTRAP/authlib@6.0.55/com.mojang.authlib.exceptions.MinecraftClientHttpException.toAuthenticationException(MinecraftClientHttpException.java:59) ~[authlib-6.0.55.jar%23112!/:?] {}
	at MC-BOOTSTRAP/authlib@6.0.55/com.mojang.authlib.yggdrasil.YggdrasilUserApiService.fetchProperties(YggdrasilUserApiService.java:150) ~[authlib-6.0.55.jar%23112!/:?] {}
	at TRANSFORMER/minecraft@1.21.3/net.minecraft.client.Minecraft.lambda$new$2(Minecraft.java:433) ~[client-1.21.3-20241023.131943-srg.jar%23203!/:?] {re:mixin,pl:runtimedistcleaner:A,re:classloading,pl:mixin:A,pl:runtimedistcleaner:A}
	at java.base/java.util.concurrent.CompletableFuture$AsyncSupply.run(CompletableFuture.java:1768) ~[?:?] {}
	at java.base/java.util.concurrent.ThreadPoolExecutor.runWorker(ThreadPoolExecutor.java:1144) ~[?:?] {}
	at java.base/java.util.concurrent.ThreadPoolExecutor$Worker.run(ThreadPoolExecutor.java:642) ~[?:?] {}
	at java.base/java.lang.Thread.run(Thread.java:1583) [?:?] {}
Caused by: com.mojang.authlib.exceptions.MinecraftClientHttpException: Status: 401
	at MC-BOOTSTRAP/authlib@6.0.55/com.mojang.authlib.minecraft.client.MinecraftClient.readInputStream(MinecraftClient.java:100) ~[authlib-6.0.55.jar%23112!/:?] {}
	at MC-BOOTSTRAP/authlib@6.0.55/com.mojang.authlib.minecraft.client.MinecraftClient.get(MinecraftClient.java:57) ~[authlib-6.0.55.jar%23112!/:?] {}
	at MC-BOOTSTRAP/authlib@6.0.55/com.mojang.authlib.yggdrasil.YggdrasilUserApiService.fetchProperties(YggdrasilUserApiService.java:121) ~[authlib-6.0.55.jar%23112!/:?] {}
	... 5 more
[03:20:21] [Render thread/ERROR] [mojang/Narrator]: Error while loading the narrator
com.mojang.text2speech.Narrator$InitializeException: Failed to load library flite
	at MC-BOOTSTRAP/text2speech@1.17.9/com.mojang.text2speech.NarratorLinux$FliteLibrary.loadNative(NarratorLinux.java:69) ~[text2speech-1.17.9.jar%23118!/:?] {}
	at MC-BOOTSTRAP/text2speech@1.17.9/com.mojang.text2speech.NarratorLinux.<init>(NarratorLinux.java:18) ~[text2speech-1.17.9.jar%23118!/:?] {}
	at MC-BOOTSTRAP/text2speech@1.17.9/com.mojang.text2speech.Narrator.getNarrator(Narrator.java:41) ~[text2speech-1.17.9.jar%23118!/:?] {}
	at TRANSFORMER/minecraft@1.21.3/net.minecraft.client.GameNarrator.<init>(GameNarrator.java:21) ~[client-1.21.3-20241023.131943-srg.jar%23203!/:?] {re:classloading,pl:runtimedistcleaner:A}
	at TRANSFORMER/minecraft@1.21.3/net.minecraft.client.Minecraft.<init>(Minecraft.java:635) ~[client-1.21.3-20241023.131943-srg.jar%23203!/:?] {re:mixin,pl:runtimedistcleaner:A,re:classloading,pl:mixin:A,pl:runtimedistcleaner:A}
	at TRANSFORMER/minecraft@1.21.3/net.minecraft.client.main.Main.main(Main.java:224) ~[client-1.21.3-20241023.131943-srg.jar%23203!/:?] {re:classloading,pl:runtimedistcleaner:A}
	at java.base/jdk.internal.reflect.DirectMethodHandleAccessor.invoke(DirectMethodHandleAccessor.java:103) ~[?:?] {}
	at java.base/java.lang.reflect.Method.invoke(Method.java:580) ~[?:?] {}
	at MC-BOOTSTRAP/fml_loader@5.0.8/net.neoforged.fml.loading.targets.CommonLaunchHandler.runTarget(CommonLaunchHandler.java:136) ~[loader-5.0.8.jar%23163!/:5.0] {}
	at MC-BOOTSTRAP/fml_loader@5.0.8/net.neoforged.fml.loading.targets.CommonLaunchHandler.clientService(CommonLaunchHandler.java:124) ~[loader-5.0.8.jar%23163!/:5.0] {}
	at MC-BOOTSTRAP/fml_loader@5.0.8/net.neoforged.fml.loading.targets.CommonClientLaunchHandler.runService(CommonClientLaunchHandler.java:32) ~[loader-5.0.8.jar%23163!/:5.0] {}
	at MC-BOOTSTRAP/fml_loader@5.0.8/net.neoforged.fml.loading.targets.CommonLaunchHandler.lambda$launchService$4(CommonLaunchHandler.java:118) ~[loader-5.0.8.jar%23163!/:5.0] {}
	at MC-BOOTSTRAP/cpw.mods.modlauncher@11.0.4/cpw.mods.modlauncher.LaunchServiceHandlerDecorator.launch(LaunchServiceHandlerDecorator.java:30) [modlauncher-11.