[21Jun2026 02:46:31.564] [main/INFO] [cpw.mods.modlauncher.Launcher/MODLAUNCHER]: ModLauncher running: args [--username, Offline, --version, 1.21.11-forge-61.1.8, --gameDir, /home/runner/work/ModCompiler/ModCompiler/run, --assetsDir, /home/runner/.minecraft/assets, --assetIndex, 29, --uuid, 22689332a7fd41919600b0fe1135ee34, --accessToken, **********, --clientId, , --xuid, , --versionType, release, --launchTarget, forge_client]
[21Jun2026 02:46:31.565] [main/INFO] [cpw.mods.modlauncher.Launcher/MODLAUNCHER]: JVM identified as Eclipse Adoptium OpenJDK 64-Bit Server VM 21.0.11+10-LTS
[21Jun2026 02:46:31.566] [main/INFO] [cpw.mods.modlauncher.Launcher/MODLAUNCHER]: ModLauncher 10.2.4 starting: java version 21.0.11 by Eclipse Adoptium; OS Linux arch amd64 version 6.17.0-1018-azure
[21Jun2026 02:46:31.650] [main/WARN] [net.minecraftforge.fml.loading.FMLConfig/CORE]: Configuration file /home/runner/work/ModCompiler/ModCompiler/run/config/fml.toml is not correct. Correcting
[21Jun2026 02:46:31.651] [main/INFO] [net.minecraftforge.fml.loading.FMLConfig/CORE]: Incorrect key [earlyWindowSkipGLVersions] was corrected from null to []
[21Jun2026 02:46:31.651] [main/INFO] [net.minecraftforge.fml.loading.FMLConfig/CORE]: Incorrect key [earlyWindowLogHelpMessage] was corrected from null to true
[21Jun2026 02:46:31.651] [main/INFO] [net.minecraftforge.fml.loading.FMLConfig/CORE]: Incorrect key [earlyWindowSquir] was corrected from null to false
[21Jun2026 02:46:31.651] [main/INFO] [net.minecraftforge.fml.loading.FMLConfig/CORE]: Incorrect key [earlyWindowShowCPU] was corrected from null to false
[21Jun2026 02:46:31.670] [main/INFO] [net.minecraftforge.fml.loading.ImmediateWindowHandler/]: Loading ImmediateWindowProvider fmlearlywindow
[21Jun2026 02:46:31.860] [main/INFO] [EARLYDISPLAY/]: Trying GL version 4.6
[21Jun2026 02:46:31.860] [main/INFO] [EARLYDISPLAY/]: If this message is the only thing at the bottom of your log before a crash, you probably have a driver issue.

Possible solutions:
A) Make sure Minecraft is set to prefer high performance graphics in the OS and/or driver control panel
B) Check for driver updates on the graphics brand's website
C) Try reinstalling your graphics drivers
D) If still not working after trying all of the above, ask for further help on the Forge forums or Discord

You can safely ignore this message if the game starts up successfully.
[21Jun2026 02:46:41.858] [EarlyDisplay/ERROR] [EARLYDISPLAY/]: ERROR DISPLAY
Failed to initialize graphics window with current settings.


Failure details:
Timed out trying to setup the Game Window.

If you click yes, we will try and open https://links.minecraftforge.net/early-display-errors in your default browser
[21Jun2026 02:47:17.526] [main/INFO] [EARLYDISPLAY/]: Trying GL version 4.5
