[03:20:32] [main/WARNING] [Main]: Not running from the headlessmc-launcher-wrapper. No plugin support and in-memory launching.
Launching version neoforge-21.6.20-beta, a4595213-8671-42f2-80e1-67a88095bdcb
[03:20:33] [main/INFO] [XvfbService]: Running with xvfb
[03:20:33] [main/INFO] [LaunchOptions]: You are offline but running with xvfb, not using headless mode.
[03:20:33] [main/INFO] [Log4jPatcher]: Patching lookup in org/apache/logging/log4j/core/lookup/Interpolator
[03:20:33] [main/INFO] [Log4jPatcher]: Patching lookup in org/apache/logging/log4j/core/lookup/JndiLookup
[03:20:36] [main/INFO] [ParallelIOService]: Download took 2497.185168ms, parallel: true
[03:20:36] [main/INFO] [ProcessFactory]: Game will run in /home/runner/work/ModCompiler/ModCompiler/run
[03:20:39] [main/INFO]: ModLauncher running: args [--username, Offline, --version, neoforge-21.6.20-beta, --gameDir, /home/runner/work/ModCompiler/ModCompiler/run, --assetsDir, /home/runner/.minecraft/assets, --assetIndex, 26, --uuid, 22689332a7fd41919600b0fe1135ee34, --accessToken, ❄❄❄❄❄❄❄❄, --clientId, , --xuid, , --userType, msa, --versionType, release, --fml.neoForgeVersion, 21.6.20-beta, --fml.fmlVersion, 9.0.2, --fml.mcVersion, 1.21.6, --fml.neoFormVersion, 20250617.151856, --launchTarget, neoforgeclient]
[03:20:39] [main/INFO]: JVM identified as Eclipse Adoptium OpenJDK 64-Bit Server VM 21.0.11+10-LTS
[03:20:39] [main/INFO]: ModLauncher 9.0 starting: java version 21.0.11 by Eclipse Adoptium; OS Linux arch amd64 version 6.17.0-1018-azure
[03:20:39] [main/INFO]: Loading ImmediateWindowProvider fmlearlywindow
[03:20:44] [main/INFO]: SpongePowered MIXIN Subsystem Version=0.8.7 Source=union:/home/runner/.minecraft/libraries/net/fabricmc/sponge-mixin/0.15.2+mixin.0.8.7/sponge-mixin-0.15.2+mixin.0.8.7.jar%23170!/ Service=ModLauncher Env=CLIENT
[03:20:44] [fml-loadingscreen/INFO]: GL info: llvmpipe (LLVM 20.1.2, 256 bits) GL version 4.5 (Core Profile) Mesa 25.2.8-0ubuntu0.24.04.2, Mesa
[03:20:45] [main/INFO]: Found mod file "client-1.21.6-20250617.151856-srg.jar" [locator: production client provider +net.neoforged:neoforge:21.6.20-beta:client]
[03:20:45] [main/INFO]: Found mod file "neoforge-21.6.20-beta-universal.jar" [locator: PathBasedLocator[name=neoforge, paths=[/home/runner/.minecraft/libraries/net/neoforged/neoforge/21.6.20-beta/neoforge-21.6.20-beta-universal.jar]], reader: mod manifest]
[03:20:45] [main/INFO]: Found mod file "mc-runtime-test-1.21.6-4.4.0-neoforge-release.jar" [locator: {mods folder locator at /home/runner/work/ModCompiler/ModCompiler/run/mods}, reader: mod manifest]
[03:20:45] [main/INFO]: Found mod file "pingfix-1.0.0.jar" [locator: {mods folder locator at /home/runner/work/ModCompiler/ModCompiler/run/mods}, reader: mod manifest]
[03:20:45] [main/INFO]: Found 2 dependencies adding them to mods collection
[03:20:45] [main/INFO]: Found gamelibrary file "mixinextras-neoforge-0.4.1.jar" [parent: neoforge-21.6.20-beta-universal.jar, locator: jarinjar, reader: mod manifest]
[03:20:45] [main/INFO]: Found library file "net.neoforged.neoforge-coremods-21.6.20-beta.jar" [parent: neoforge-21.6.20-beta-universal.jar, locator: jarinjar, reader: mod manifest]
[03:20:45] [main/INFO]: 
     Mod List:
		Name Version (Mod Id)

		FIX MY PINGGGGG 1.0.0 (pingfix)
		MC-Runtime-Test 1.21.6-4.4.0 (mc_runtime_test)
		Minecraft 1.21.6 (minecraft)
		NeoForge 21.6.20-beta (neoforge)
[03:20:45] [main/INFO]: Launching target 'neoforgeclient' with arguments [--version, neoforge-21.6.20-beta, --gameDir, /home/runner/work/ModCompiler/ModCompiler/run, --assetsDir, /home/runner/.minecraft/assets, --uuid, 22689332a7fd41919600b0fe1135ee34, --username, Offline, --assetIndex, 26, --accessToken, ❄❄❄❄❄❄❄❄, --clientId, , --xuid, , --userType, msa, --versionType, release]
2026-06-21T03:20:45.910151107Z main WARN Advanced terminal features are not available in this environment
[03:20:48] [Datafixer Bootstrap/INFO] [mojang/DataFixerBuilder]: 272 Datafixer optimizations took 686 milliseconds
[03:20:48] [pool-6-thread-1/INFO] [MixinExtras|Service/]: Initializing MixinExtras via com.llamalad7.mixinextras.service.MixinExtrasServiceImpl(version=0.4.1).
[03:20:53] [modloading-worker-0/INFO] [ne.ne.ne.co.NeoForgeMod/NEOFORGE-MOD]: NeoForge mod loading, version 21.6.20-beta, for MC 1.21.6
[03:20:54] [Render thread/WARN] [minecraft/VanillaPackResourcesBuilder]: Assets URL 'union:/home/runner/.minecraft/libraries/net/minecraft/client/1.21.6-20250617.151856/client-1.21.6-20250617.151856-srg.jar%23195!/assets/.mcassetsroot' uses unexpected schema
[03:20:54] [Render thread/WARN] [minecraft/VanillaPackResourcesBuilder]: Assets URL 'union:/home/runner/.minecraft/libraries/net/minecraft/client/1.21.6-20250617.151856/client-1.21.6-20250617.151856-srg.jar%23195!/data/.mcassetsroot' uses unexpected schema
[03:20:54] [Render thread/INFO] [mojang/YggdrasilAuthenticationService]: Environment: Environment[sessionHost=https://sessionserver.mojang.com, servicesHost=https://api.minecraftservices.com, name=PROD]
[03:20:54] [Render thread/INFO] [minecraft/Minecraft]: Setting user: Offline
[03:20:54] [Render thread/INFO] [minecraft/Minecraft]: Backend library: LWJGL version 3.3.3+5
[03:20:54] [Render thread/INFO] [minecraft/Minecraft]: Using optional rendering extensions: GL_ARB_buffer_storage, GL_KHR_debug, GL_ARB_vertex_attrib_binding, GL_ARB_direct_state_access
[03:20:56] [Render thread/ERROR] [mojang/Narrator]: Error while loading the narrator
com.mojang.text2speech.Narrator$InitializeException: Failed to load library flite
	at MC-BOOTSTRAP/text2speech@1.18.11/com.mojang.text2speech.NarratorLinux$FliteLibrary.loadNative(NarratorLinux.java:81) ~[text2speech-1.18.11.jar%23114!/:?] {}
	at MC-BOOTSTRAP/text2speech@1.18.11/com.mojang.text2speech.NarratorLinux.<init>(NarratorLinux.java:18) ~[text2speech-1.18.11.jar%23114!/:?] {}
	at MC-BOOTSTRAP/text2speech@1.18.11/com.mojang.text2speech.Narrator.getNarrator(Narrator.java:41) ~[text2speech-1.18.11.jar%23114!/:?] {}
	at TRANSFORMER/minecraft@1.21.6/net.minecraft.client.GameNarrator.<init>(GameNarrator.java:22) ~[client-1.21.6-20250617.151856-srg.jar%23195!/:?] {re:classloading,pl:runtimedistcleaner:A}
	at TRANSFORMER/minecraft@1.21.6/net.minecraft.client.Minecraft.<init>(Minecraft.java:651) ~[client-1.21.6-20250617.151856-srg.jar%23195!/:?] {re:mixin,pl:runtimedistcleaner:A,re:classloading,pl:mixin:A,pl:runtimedistcleaner:A}
	at TRANSFORMER/minecraft@1.21.6/net.minecraft.client.main.Main.main(Main.java:228) ~[client-1.21.6-20250617.151856-srg.jar%23195!/:?] {re:classloading,pl:runtimedistcleaner:A}
	at java.base/jdk.internal.reflect.DirectMethodHandleAccessor.invoke(DirectMethodHandleAccessor.java:103) ~[?:?] {}
	at java.base/java.lang.reflect.Method.invoke(Method.java:580) ~[?:?] {}
	at MC-BOOTSTRAP/fml_loader@9.0.2/net.neoforged.fml.loading.targets.CommonLaunchHandler.runTarget(CommonLaunchHandler.java:132) ~[loader-9.0.2.jar%23159!/:9.0] {}
	at MC-BOOTSTRAP/fml_loader@9.0.2/net.neoforged.fml.loading.targets.CommonLaunchHandler.clientService(CommonLaunchHandler.java:120) ~[loader-9.0.2.jar%23159!/:9.0] {}
	at MC-BOOTSTRAP/fml_loader@9.0.2/net.neoforged.fml.loading.targets.NeoForgeClientLaunchHandler.runService(NeoForgeClientLaunchHandler.java:39) ~[loader-9.0.2.jar%23159!/:9.0] {}
	at MC-BOOTSTRAP/fml_loader@9.0.2/net.neoforged.fml.loading.targets.CommonLaunchHandler.lambda$launchService$4(CommonLaunchHandler.java:114) ~[loader-9.0.2.jar%23159!/:9.0] {}
	at MC-BOOTSTRAP/fml_loader@9.0.2/cpw.mods.modlauncher.LaunchServiceHandlerDecorator.launch(LaunchServiceHandlerDecorator.java:25) [loader-9.0.2.jar%23159!/:9.0] {}
	at MC-BOOTSTRAP/fml_loader@9.0.2/cpw.mods.modlauncher.LaunchServiceHandler.launch(LaunchServiceHandler.java:55) [loader-9.0.2.jar%23159!/:9.0] {}
	at MC-BOOTSTRAP/fml_loader@9.0.2/cpw.mods.modlauncher.LaunchServiceHandler.launch(LaunchServiceHandler.java:73) [loader-9.0.2.jar%23159!/:9.0] {}
	at MC-BOOTSTRAP/fml_loader@9.0.2/cpw.mods.modlauncher.Launcher.run(Launcher.java:104) [loader-9.0.2.jar%23159!/:9.0] {}
	at MC-BOOTSTRAP/fml_loader@9.0.2/cpw.mods.modlauncher.Launcher.main(Launcher.java:75) [loader-9.0.2.jar%23159!/:9.0] {}
	at java.base/jdk.internal.reflect.DirectMethodHandleAccessor.invoke(DirectMethodHandleAccessor.java:103) ~[?:?] {}
	at java.base/java.lang.reflect.Method.invoke(Method.java:580) ~[?:?] {}
	at cpw.mods.bootstraplauncher/cpw.mods.bootstraplauncher.BootstrapLauncher.run(BootstrapLauncher.java:203) [bootstraplauncher-9.0.2.jar:?] {}
	at cpw.mods.bootstraplauncher/cpw.mods.bootstraplauncher.BootstrapLauncher.main(BootstrapLauncher.java:62) [bootstraplauncher-9.0.2.jar:?] {}
Caused by: java.lang.UnsatisfiedLinkError: Unable to load library 'flite':
libflite.so: cannot open shared object file: No such file or directory
libflite.so: cannot open shared object file: No such file or directory
Native library (linux-x86-64/libflite.so) not found in resource path (/home/runner/.minecraft/libraries/com/fasterxml/jackson/core/jackson-annotations/2.13.4/jackson-annotations-2.13.4.jar:/home/runner/.minecraft/libraries/com/fasterxml/jackson/core/jackson-core/2.13.4/jackson-core-2.13.4.jar:/home/runner/.minecraft/libraries/com/fasterxml/jackson/core/jackson-databind/2.13.4.2/jackson-databind-2.13.4.2.jar:/home/runner/.minecraft/libraries/com/github/oshi/oshi-core/6.6.5/oshi-core-6.6.5.jar:/home/runner/.minecraft/libraries/com/github/stephenc/jcip/jcip-annotations/1.0-1/jcip-annotations-1.0-1.jar:/home/runner/.minecraft/libraries/com/ibm/icu/icu4j/76.1/icu4j-76.1.jar:/home/runner/.minecraft/libraries/com/microsoft/azure/msal4j/1.17.2/msal4j-1.17.2.jar:/home/runner/.minecraft/libraries/com/mojang/authlib/6.0.58/authlib-6.0.58.jar:/home/runner/.minecraft/libraries/com/mojang/blocklist/1.0.10/blocklist-1.0.10.jar:/home/runner/.minecraft/libraries/com/mojang/brigadier/1.3.10/brigadier-1.3.10.jar:/home/runner/.minecraft/libraries/com/mojang/datafixerupper/8.0.16/datafixerupper-8.0.16.jar:/home/runner/.minecraft/libraries/com/mojang/jtracy/