Downloading https://services.gradle.org/distributions/gradle-8.7-bin.zip
............10%.............20%.............30%.............40%............50%.............60%.............70%.............80%.............90%............100%

Welcome to Gradle 8.7!

Here are the highlights of this release:
 - Compiling and testing with Java 22
 - Cacheable Groovy script compilation
 - New methods in lazy collection properties

For more details see https://docs.gradle.org/8.7/release-notes.html

To honour the JVM settings for this build a single-use Daemon process will be forked. For more on this, please refer to https://docs.gradle.org/8.7/userguide/gradle_daemon.html#sec:disabling_the_daemon in the Gradle documentation.
Daemon will be stopped at the end of the build 

> Configure project :
Fabric Loom: 1.6.12
:remapping 51 mods from modImplementation (java-api)

> Task :compileJava NO-SOURCE
> Task :processResources
> Task :classes
> Task :compileClientJava
> Task :processClientResources NO-SOURCE
> Task :jar
> Task :sourcesJar
> Task :compileTestJava NO-SOURCE
> Task :processTestResources NO-SOURCE
> Task :testClasses UP-TO-DATE
> Task :test NO-SOURCE
> Task :validateAccessWidener NO-SOURCE
> Task :check UP-TO-DATE
> Task :remapJar
> Task :remapSourcesJar
> Task :assemble
> Task :build

BUILD SUCCESSFUL in 1m 13s
6 actionable tasks: 6 executed
$ /opt/hostedtoolcache/Python/3.12.12/x64/bin/python 1.20-1.20.6/build_adapter.py --loader fabric --metadata-json /tmp/modcompiler-fpsdisplay-fabric-1-20-3-carznk6j/metadata.json --source-dir .workflow_state/prepared/mods/fpsdisplay-fabric-1-20-3/src --template-workspace /tmp/modcompiler-fpsdisplay-fabric-1-20-3-carznk6j/workspace --minecraft-version 1.20.3 --manifest /home/runner/work/ModCompiler/ModCompiler/version-manifest.json


$ ./gradlew build --stacktrace --no-daemon

