Downloading https://services.gradle.org/distributions/gradle-7.3-bin.zip
...........10%...........20%...........30%...........40%...........50%...........60%...........70%...........80%...........90%...........100%

Welcome to Gradle 7.3!

Here are the highlights of this release:
 - Easily declare new test suites in Java projects
 - Support for Java 17
 - Support for Scala 3

For more details see https://docs.gradle.org/7.3/release-notes.html

To honour the JVM settings for this build a single-use Daemon process will be forked. See https://docs.gradle.org/7.3/userguide/gradle_daemon.html#sec:disabling_the_daemon.
Daemon will be stopped at the end of the build 

> Configure project :
Fabric Loom: 0.10.66
:remapping minecraft (TinyRemapper, official -> named)
:remapping minecraft (TinyRemapper, official -> intermediary)
:remapping 46 mods (TinyRemapper, intermediary -> named)

> Task :compileJava
> Task :processResources
> Task :classes
> Task :jar
> Task :remapJar
> Task :sourcesJar
> Task :assemble
> Task :compileTestJava NO-SOURCE
> Task :processTestResources NO-SOURCE
> Task :testClasses UP-TO-DATE
> Task :test NO-SOURCE
> Task :validateAccessWidener NO-SOURCE
> Task :check UP-TO-DATE

> Task :remapSourcesJar
:remapping sources

> Task :build

BUILD SUCCESSFUL in 1m 58s
6 actionable tasks: 6 executed
$ /opt/hostedtoolcache/Python/3.12.12/x64/bin/python 1.16.5/build_adapter.py --loader fabric --metadata-json /tmp/modcompiler-fpsdisplay-fabric-1-16-5-esgh_vf0/metadata.json --source-dir .workflow_state/prepared/mods/fpsdisplay-fabric-1-16-5/src --template-workspace /tmp/modcompiler-fpsdisplay-fabric-1-16-5-esgh_vf0/workspace --minecraft-version 1.16.5 --manifest /home/runner/work/ModCompiler/ModCompiler/version-manifest.json


$ ./gradlew build --stacktrace --no-daemon

