Downloading https://services.gradle.org/distributions/gradle-7.3-bin.zip
...........10%...........20%...........30%...........40%...........50%...........60%...........70%...........80%...........90%...........100%

Welcome to Gradle 7.3!

Here are the highlights of this release:
 - Easily declare new test suites in Java projects
 - Support for Java 17
 - Support for Scala 3

For more details see https://docs.gradle.org/7.3/release-notes.html

To honour the JVM settings for this build a single-use Daemon process will be forked. See https://docs.gradle.org/7.3/userguide/gradle_daemon.html#sec:disabling_the_daemon.
Daemon will be stopped at the end of the build 

> Configure project :
Fabric Loom: 0.10.66
:remapping minecraft (TinyRemapper, official -> named)
:remapping minecraft (TinyRemapper, official -> intermediary)
:remapping 46 mods (TinyRemapper, intermediary -> named)

> Task :compileJava NO-SOURCE
> Task :processResources
> Task :classes
> Task :jar
> Task :remapJar
> Task :sourcesJar
> Task :assemble

> Task :remapSourcesJar
:remapping sources

> Task :build

BUILD SUCCESSFUL in 1m 6s
5 actionable tasks: 5 executed
$ /opt/hostedtoolcache/Python/3.12.13/x64/bin/python 1.16.5/build_adapter.py --loader fabric --metadata-json /tmp/modcompiler-sortchest-fabric-1-16-5-50qab7ex/metadata.json --source-dir .workflow_state/prepared/mods/sortchest-fabric-1-16-5/src --template-workspace /tmp/modcompiler-sortchest-fabric-1-16-5-50qab7ex/workspace --minecraft-version 1.16.5 --manifest /home/runner/work/ModCompiler/ModCompiler/version-manifest.json


$ ./modcompiler-build.sh


Build produced jars without .class files. Check source layout (expected under src/main/java).
