[03:20:09] [main/WARNING] [Main]: Not running from the headlessmc-launcher-wrapper. No plugin support and in-memory launching.
Launching version fabric-loader-0.19.3-1.21.5, 85c5bc5c-9a3d-49af-b8e2-6219cae6712a
[03:20:10] [main/INFO] [XvfbService]: Running with xvfb
[03:20:10] [main/INFO] [LaunchOptions]: You are offline but running with xvfb, not using headless mode.
[03:20:11] [main/INFO] [Log4jPatcher]: Patching lookup in org/apache/logging/log4j/core/lookup/Interpolator
[03:20:11] [main/INFO] [Log4jPatcher]: Patching lookup in org/apache/logging/log4j/core/lookup/JndiLookup
[03:20:13] [main/INFO] [ParallelIOService]: Download took 2419.187773ms, parallel: true
[03:20:13] [main/INFO] [ProcessFactory]: Game will run in /home/runner/work/ModCompiler/ModCompiler/run
[03:20:22] [main/INFO]: Loading Minecraft 1.21.5 with Fabric Loader 0.19.3
[03:20:22] [main/INFO]: Fabric is preparing JARs on first launch, this may take a few seconds...
[03:20:22] [main/INFO]: Loading 6 mods:
	- fabricloader 0.19.3
	   \-- mixinextras 0.5.4
	- java 21
	- mc_runtime_test 1.21.5-4.4.0
	- minecraft 1.21.5
	- pingfix 3.1.0
[03:20:22] [main/INFO]: SpongePowered MIXIN Subsystem Version=0.8.7 Source=file:/home/runner/.minecraft/libraries/net/fabricmc/sponge-mixin/0.17.3+mixin.0.8.7/sponge-mixin-0.17.3+mixin.0.8.7.jar Service=Knot/Fabric Env=CLIENT
[03:20:22] [main/INFO]: Compatibility level set to JAVA_21
[03:20:25] [Datafixer Bootstrap/INFO]: 263 Datafixer optimizations took 1450 milliseconds
[03:20:28] [Render thread/INFO]: Initializing MixinExtras via com.llamalad7.mixinextras.service.MixinExtrasServiceImpl(version=0.5.4).
[03:20:28] [Render thread/INFO]: Environment: Environment[sessionHost=https://sessionserver.mojang.com, servicesHost=https://api.minecraftservices.com, name=PROD]
[03:20:28] [Render thread/INFO]: Setting user: Offline
[03:20:28] [Render thread/INFO]: ==========================================
[03:20:28] [Render thread/INFO]:              PingFix v3.1.0
[03:20:28] [Render thread/INFO]: ------------------------------------------
[03:20:28] [Render thread/INFO]:  Author      : itamio
[03:20:28] [Render thread/INFO]:  Description : Get it together ping!! (fixes Minecraft's buggy ping)
[03:20:28] [Render thread/INFO]: ==========================================
[03:20:29] [Render thread/INFO]: Backend library: LWJGL version 3.3.3-snapshot
[03:20:32] [Download-2/ERROR]: Failed to fetch user properties
com.mojang.authlib.exceptions.InvalidCredentialsException: Status: 401
	at knot/com.mojang.authlib.exceptions.MinecraftClientHttpException.toAuthenticationException(MinecraftClientHttpException.java:59) ~[authlib-6.0.58.jar:?]
	at knot/com.mojang.authlib.yggdrasil.YggdrasilUserApiService.fetchProperties(YggdrasilUserApiService.java:150) ~[authlib-6.0.58.jar:?]
	at knot/net.minecraft.class_310.method_55608(class_310.java:454) ~[client-intermediary.jar:?]
	at java.base/java.util.concurrent.CompletableFuture$AsyncSupply.run(CompletableFuture.java:1768) ~[?:?]
	at java.base/java.util.concurrent.ThreadPoolExecutor.runWorker(ThreadPoolExecutor.java:1144) ~[?:?]
	at java.base/java.util.concurrent.ThreadPoolExecutor$Worker.run(ThreadPoolExecutor.java:642) ~[?:?]
	at java.base/java.lang.Thread.run(Thread.java:1583) [?:?]
Caused by: com.mojang.authlib.exceptions.MinecraftClientHttpException: Status: 401
	at knot/com.mojang.authlib.minecraft.client.MinecraftClient.readInputStream(MinecraftClient.java:103) ~[authlib-6.0.58.jar:?]
	at knot/com.mojang.authlib.minecraft.client.MinecraftClient.get(MinecraftClient.java:56) ~[authlib-6.0.58.jar:?]
	at knot/com.mojang.authlib.yggdrasil.YggdrasilUserApiService.fetchProperties(YggdrasilUserApiService.java:121) ~[authlib-6.0.58.jar:?]
	... 5 more
[03:20:33] [Render thread/INFO]: Using optional rendering extensions: GL_KHR_debug, GL_ARB_vertex_attrib_binding, GL_ARB_direct_state_access
[03:20:33] [Download-2/INFO]: Could not authorize you against Realms server: javax.ws.rs.BadRequestException: Invalid session
[03:20:33] [Download-2/ERROR]: Failed to fetch Realms feature flags
net.minecraft.class_4355: Realms authentication error with message 'javax.ws.rs.BadRequestException: Invalid session'
	at knot/net.minecraft.class_4341.method_20998(class_4341.java:495) ~[client-intermediary.jar:?]
	at knot/net.minecraft.class_4341.method_68466(class_4341.java:177) ~[client-intermediary.jar:?]
	at java.base/java.util.concurrent.CompletableFuture$AsyncSupply.run(CompletableFuture.java:1768) ~[?:?]
	at java.base/java.util.concurrent.ThreadPoolExecutor.runWorker(ThreadPoolExecutor.java:1144) ~[?:?]
	at java.base/java.util.concurrent.ThreadPoolExecutor$Worker.run(ThreadPoolExecutor.java:642) ~[?:?]
	at java.base/java.lang.Thread.run(Thread.java:1583) [?:?]
[03:20:33] [Render thread/ERROR]: Error while loading the narrator
com.mojang.text2speech.Narrator$InitializeException: Failed to load library flite
	at knot/com.mojang.text2speech.NarratorLinux$FliteLibrary.loadNative(NarratorLinux.java:81) ~[text2speech-1.18.11.jar:?]
	at knot/com.mojang.text2speech.NarratorLinux.<init>(NarratorLinux.java:18) ~[text2speech-1.18.11.jar:?]
	at knot/com.mojang.text2speech.Narrator.getNarrator(Narrator.java:41) [text2speech-1.18.11.jar:?]
	at knot/net.minecraft.class_333.<init>(class_333.java:20) [client-intermediary.jar:?]
	at knot/net.minecraft.class_310.<init>(class_310.java:696) [client-intermediary.jar:?]
	at knot/net.minecraft.client.main.Main.main(Main.java:249) [client-intermediary.jar:?]
	at net.fabricmc.loader.impl.game.minecraft.MinecraftGameProvider.launch(MinecraftGameProvider.java:514) [fabric-loader-0.19.3.jar:?]
	at net.fabricmc.loader.impl.launch.knot.Knot.launch(Knot.java:72) [fabric-loader-0.19.3.jar:?]
	at net.fabricmc.loader.impl.launch.knot.KnotClient.main(KnotClient.java:23) [fabric-loader-0.19.3.jar:?]
Caused by: java.lang.UnsatisfiedLinkError: Unable to load library 'flite':
libflite.so: cannot open shared object file: No such file or directory
libflite.so: cannot open shared object file: No such file or directory
Native library (linux-x86-64/libflite.so) not found in resource path (/home/runner/.minecraft/libraries/com/fasterxml/jackson/core/jackson-annotations/2.13.4/jackson-annotations-2.13.4.jar:/home/runner/.minecraft/libraries/com/fasterxml/jackson/core/jackson-core/2.13.4/jackson-core-2.13.4.jar:/home/runner/.minecraft/libraries/com/fasterxml/jackson/core/jackson-databind/2.13.4.2/jackson-databind-2.13.4.2.jar:/home/runner/.minecraft/libraries/com/github/oshi/oshi-core/6.6.5/oshi-core-6.6.5.jar:/home/runner/.minecraft/libraries/com/github/stephenc/jcip/jcip-annotations/1.0-1/jcip-annotations-1.0-1.jar:/home/runner/.minecraft/libraries/com/google/code/gson/gson/2.11.0/gson-2.11.0.jar:/home/runner/.minecraft/libraries/com/google/guava/failureaccess/1.0.2/failureaccess-1.0.2.jar:/home/runner/.minecraft/libraries/com/google/guava/guava/33.3.1-jre/guava-33.3.1-jre.jar:/home/runner/.minecraft/libraries/com/ibm/icu/icu4j/76.1/icu4j-76.1.jar:/home/runner/.minecraft/libraries/com/microsoft/azure/msal4j/1.17.2/msal4j-1.17.2.jar:/home/runner/.minecraft/libraries/com/mojang/authlib/6.0.58/authlib-6.0.58.jar:/home/runner/.minecraft/libraries/com/mojang/blocklist/1.0.10/blocklist-1.0.10.jar:/home/runner/.minecraft/libraries/com/mojang/brigadier/1.3.10/brigadier-1.3.10.jar:/home/runner/.minecraft/libraries/com/mojang/datafixerupper/8.0.16/datafixerupper-8.0.16.jar:/home/runner/.minecraft/libraries/com/mojang/jtracy/1.0.29/jtracy-1.0.29.jar:/home/runner/.minecraft/libraries/com/mojang/jtracy/1.0.29/jtracy-1.0.29-natives-linux.jar:/home/runner/.minecraft/libraries/com/mojang/logging/1.5.10/logging-1.5.10.jar:/home/runner/.minecraft/libraries/com/mojang/patchy/2.2.10/patchy-2.2.10.jar:/home/runner/.minecraft/libraries/com/mojang/text2speech/1.18.11/text2speech-1.18.11.jar:/home/runner/.minecraft/libraries/com/nimbusds/content-type/2.3/content-type-2.3.jar:/home/runner/.minecraft/libraries/com/nimbusds/lang-tag/1.7/lang-tag-1.7.jar:/home/runner/.minecraft/libraries/com/nimbusds/nimbus-jose-jwt/9.40/nimbus-jose-jwt-9.40.jar:/home/runner/.minecraft/libraries/com/nimbusds/oauth2-oidc-sdk/11.18/oauth2-oidc-sdk-11.18.jar:/home/runner/.minecraft/libraries/commons-codec/commons-codec/1.17.1/commons-codec-1.17.1.jar:/home/runner/.minecraft/libraries/commons-io/commons-io/2.17.0/commons-io-2.17.0.jar:/home/runner/.minecraft/libraries/commons-logging/commons-logging/1.3.4/commons-logging-1.3.4.jar:/home/runner/.minecraft/libraries/io/netty/netty-buffer/4.1.118.Final/netty-buffer-4.1.118.Final.jar:/home/runner/.minecraft/libraries/io/netty/netty-codec/4.1.118.Final/netty-codec-4.1.118.Final.jar:/home/runner/.minecraft/libraries/io/netty/netty-common/4.1.118.Final/netty-common-4.1.118.Final.jar:/home/runner/.minecraft/libraries/io/netty/netty-handler/4.1.118.Final/netty-handler-4.1.118.Final.jar:/home/runner/.minecraft/libraries/io/netty/netty-resolver/4.1.118.Final/netty-resolver-4.1.118.Final.jar:/home/runner/.minecraft/libraries/io/netty/netty-transport-classes-epoll/4.1.118.Final/netty-transport-classes-epoll-4.1.118.Final.jar:/home/runner/.minecraft/libraries/io/netty/netty-transport-native-epoll/4.1.118.Final/netty-transport-native-epoll-4.1.118.Final-linux-aarch_64.jar:/home/runner/.minecraft/libraries/io/netty/netty-transport-native-epoll/4.1.118.Final/netty-transport-native-epoll-4.1.118.Final-linux-x86_64.jar:/home/runner/.minecraft/libraries/io/netty/netty-transport-native-unix-common/4.1.118.Final/netty-transport-native-unix-common-4.1.118.Final.jar:/home/runner/.minecraft/libraries/io/netty/netty-transport/4.1.118.Final/netty-transport-4.1.118.Final.jar:/home/runner/.minecraft/libraries/it/unimi/dsi/fastutil/8.5.15/fastutil-8.5.15.jar:/home/runner/.minecraft/libraries/net/java/dev/jna/jna-platform/5.15.0/jna-platform-5.15.0.jar:/home/runner/.minecraft/libraries/net/java/dev/jna/jna/5.15.0/jna-5.15.0.jar:/home/runner/.minecraft/libraries/net/minidev/accessors-smart/2.5.1/accessors-smart-2.5.1.jar:/home/runner/.mine