Port versions to CurseForge	Set up job	﻿2026-05-01T03:50:59.0006157Z Current runner version: '2.334.0'
Port versions to CurseForge	Set up job	2026-05-01T03:50:59.0033196Z ##[group]Runner Image Provisioner
Port versions to CurseForge	Set up job	2026-05-01T03:50:59.0034096Z Hosted Compute Agent
Port versions to CurseForge	Set up job	2026-05-01T03:50:59.0034694Z Version: 20260213.493
Port versions to CurseForge	Set up job	2026-05-01T03:50:59.0035311Z Commit: 5c115507f6dd24b8de37d8bbe0bb4509d0cc0fa3
Port versions to CurseForge	Set up job	2026-05-01T03:50:59.0036013Z Build Date: 2026-02-13T00:28:41Z
Port versions to CurseForge	Set up job	2026-05-01T03:50:59.0036688Z Worker ID: {04d060d3-3842-4ca0-bbc0-85f764b18934}
Port versions to CurseForge	Set up job	2026-05-01T03:50:59.0037740Z Azure Region: northcentralus
Port versions to CurseForge	Set up job	2026-05-01T03:50:59.0038523Z ##[endgroup]
Port versions to CurseForge	Set up job	2026-05-01T03:50:59.0040079Z ##[group]Operating System
Port versions to CurseForge	Set up job	2026-05-01T03:50:59.0040692Z Ubuntu
Port versions to CurseForge	Set up job	2026-05-01T03:50:59.0041238Z 24.04.4
Port versions to CurseForge	Set up job	2026-05-01T03:50:59.0041667Z LTS
Port versions to CurseForge	Set up job	2026-05-01T03:50:59.0042169Z ##[endgroup]
Port versions to CurseForge	Set up job	2026-05-01T03:50:59.0042679Z ##[group]Runner Image
Port versions to CurseForge	Set up job	2026-05-01T03:50:59.0043264Z Image: ubuntu-24.04
Port versions to CurseForge	Set up job	2026-05-01T03:50:59.0043885Z Version: 20260413.86.1
Port versions to CurseForge	Set up job	2026-05-01T03:50:59.0045038Z Included Software: https://github.com/actions/runner-images/blob/ubuntu24/20260413.86/images/ubuntu/Ubuntu2404-Readme.md
Port versions to CurseForge	Set up job	2026-05-01T03:50:59.0046674Z Image Release: https://github.com/actions/runner-images/releases/tag/ubuntu24%2F20260413.86
Port versions to CurseForge	Set up job	2026-05-01T03:50:59.0047924Z ##[endgroup]
Port versions to CurseForge	Set up job	2026-05-01T03:50:59.0048988Z ##[group]GITHUB_TOKEN Permissions
Port versions to CurseForge	Set up job	2026-05-01T03:50:59.0051000Z Contents: read
Port versions to CurseForge	Set up job	2026-05-01T03:50:59.0051591Z Metadata: read
Port versions to CurseForge	Set up job	2026-05-01T03:50:59.0052115Z ##[endgroup]
Port versions to CurseForge	Set up job	2026-05-01T03:50:59.0054401Z Secret source: Actions
Port versions to CurseForge	Set up job	2026-05-01T03:50:59.0055113Z Prepare workflow directory
Port versions to CurseForge	Set up job	2026-05-01T03:50:59.0426136Z Prepare all required actions
Port versions to CurseForge	Set up job	2026-05-01T03:50:59.0466446Z Getting action download info
Port versions to CurseForge	Set up job	2026-05-01T03:50:59.4085230Z Download action repository 'actions/checkout@v4' (SHA:34e114876b0b11c390a56381ad16ebd13914f8d5)
Port versions to CurseForge	Set up job	2026-05-01T03:50:59.5361213Z Download action repository 'actions/setup-python@v5' (SHA:a26af69be951a213d495a4c3e4e4022e16d87065)
Port versions to CurseForge	Set up job	2026-05-01T03:50:59.7244694Z Complete job name: Port versions to CurseForge
Port versions to CurseForge	Run actions/checkout@v4	﻿2026-05-01T03:50:59.8002746Z ##[group]Run actions/checkout@v4
Port versions to CurseForge	Run actions/checkout@v4	2026-05-01T03:50:59.8003669Z with:
Port versions to CurseForge	Run actions/checkout@v4	2026-05-01T03:50:59.8004133Z   repository: Sekai0NI0itamio/ModCompiler
Port versions to CurseForge	Run actions/checkout@v4	2026-05-01T03:50:59.8004862Z   token: ***
Port versions to CurseForge	Run actions/checkout@v4	2026-05-01T03:50:59.8005259Z   ssh-strict: true
Port versions to CurseForge	Run actions/checkout@v4	2026-05-01T03:50:59.8005664Z   ssh-user: git
Port versions to CurseForge	Run actions/checkout@v4	2026-05-01T03:50:59.8006078Z   persist-credentials: true
Port versions to CurseForge	Run actions/checkout@v4	2026-05-01T03:50:59.8006532Z   clean: true
Port versions to CurseForge	Run actions/checkout@v4	2026-05-01T03:50:59.8006953Z   sparse-checkout-cone-mode: true
Port versions to CurseForge	Run actions/checkout@v4	2026-05-01T03:50:59.8007671Z   fetch-depth: 1
Port versions to CurseForge	Run actions/checkout@v4	2026-05-01T03:50:59.8008074Z   fetch-tags: false
Port versions to CurseForge	Run actions/checkout@v4	2026-05-01T03:50:59.8008489Z   show-progress: true
Port versions to CurseForge	Run actions/checkout@v4	2026-05-01T03:50:59.8008907Z   lfs: false
Port versions to CurseForge	Run actions/checkout@v4	2026-05-01T03:50:59.8009275Z   submodules: false
Port versions to CurseForge	Run actions/checkout@v4	2026-05-01T03:50:59.8009697Z   set-safe-directory: true
Port versions to CurseForge	Run actions/checkout@v4	2026-05-01T03:50:59.8010415Z ##[endgroup]
Port versions to CurseForge	Run actions/checkout@v4	2026-05-01T03:50:59.9171992Z Syncing repository: Sekai0NI0itamio/ModCompiler
Port versions to CurseForge	Run actions/checkout@v4	2026-05-01T03:50:59.9173990Z ##[group]Getting Git version info
Port versions to CurseForge	Run actions/checkout@v4	2026-05-01T03:50:59.9174734Z Working directory is '/home/runner/work/ModCompiler/ModCompiler'
Port versions to CurseForge	Run actions/checkout@v4	2026-05-01T03:50:59.9175804Z [command]/usr/bin/git version
Port versions to CurseForge	Run actions/checkout@v4	2026-05-01T03:50:59.9218096Z git version 2.53.0
Port versions to CurseForge	Run actions/checkout@v4	2026-05-01T03:50:59.9245751Z ##[endgroup]
Port versions to CurseForge	Run actions/checkout@v4	2026-05-01T03:50:59.9262685Z Temporarily overriding HOME='/home/runner/work/_temp/e81e931b-c6f0-4839-808b-6bb1ca16e305' before making global git config changes
Port versions to CurseForge	Run actions/checkout@v4	2026-05-01T03:50:59.9265064Z Adding repository directory to the temporary git global config as a safe directory
Port versions to CurseForge	Run actions/checkout@v4	2026-05-01T03:50:59.9278785Z [command]/usr/bin/git config --global --add safe.directory /home/runner/work/ModCompiler/ModCompiler
Port versions to CurseForge	Run actions/checkout@v4	2026-05-01T03:50:59.9313757Z Deleting the contents of '/home/runner/work/ModCompiler/ModCompiler'
Port versions to CurseForge	Run actions/checkout@v4	2026-05-01T03:50:59.9317660Z ##[group]Initializing the repository
Port versions to CurseForge	Run actions/checkout@v4	2026-05-01T03:50:59.9321763Z [command]/usr/bin/git init /home/runner/work/ModCompiler/ModCompiler
Port versions to CurseForge	Run actions/checkout@v4	2026-05-01T03:50:59.9406621Z hint: Using 'master' as the name for the initial branch. This default branch name
Port versions to CurseForge	Run actions/checkout@v4	2026-05-01T03:50:59.9408698Z hint: will change to "main" in Git 3.0. To configure the initial branch name
Port versions to CurseForge	Run actions/checkout@v4	2026-05-01T03:50:59.9409815Z hint: to use in all of your new repositories, which will suppress this warning,
Port versions to CurseForge	Run actions/checkout@v4	2026-05-01T03:50:59.9410835Z hint: call:
Port versions to CurseForge	Run actions/checkout@v4	2026-05-01T03:50:59.9411208Z hint:
Port versions to CurseForge	Run actions/checkout@v4	2026-05-01T03:50:59.9412002Z hint: 	git config --global init.defaultBranch <name>
Port versions to CurseForge	Run actions/checkout@v4	2026-05-01T03:50:59.9412729Z hint:
Port versions to CurseForge	Run actions/checkout@v4	2026-05-01T03:50:59.9413631Z hint: Names commonly chosen instead of 'master' are 'main', 'trunk' and
Port versions to CurseForge	Run actions/checkout@v4	2026-05-01T03:50:59.9414638Z hint: 'development'. The just-created branch can be renamed via this command:
Port versions to CurseForge	Run actions/checkout@v4	2026-05-01T03:50:59.9415349Z hint:
Port versions to CurseForge	Run actions/checkout@v4	2026-05-01T03:50:59.9415725Z hint: 	git branch -m <name>
Port versions to CurseForge	Run actions/checkout@v4	2026-05-01T03:50:59.9416167Z hint:
Port versions to CurseForge	Run actions/checkout@v4	2026-05-01T03:50:59.9416805Z hint: Disable this message with "git config set advice.defaultBranchName false"
Port versions to CurseForge	Run actions/checkout@v4	2026-05-01T03:50:59.9418377Z Initialized empty Git repository in /home/runner/work/ModCompiler/ModCompiler/.git/
Port versions to CurseForge	Run actions/checkout@v4	2026-05-01T03:50:59.9420652Z [command]/usr/bin/git remote add origin https://github.com/Sekai0NI0itamio/ModCompiler
Port versions to CurseForge	Run actions/checkout@v4	2026-05-01T03:50:59.9451597Z ##[endgroup]
Port versions to CurseForge	Run actions/checkout@v4	2026-05-01T03:50:59.9452392Z ##[group]Disabling automatic garbage collection
Port versions to CurseForge	Run actions/checkout@v4	2026-05-01T03:50:59.9456039Z [command]/usr/bin/git config --local gc.auto 0
Port versions to CurseForge	Run actions/checkout@v4	2026-05-01T03:50:59.9485350Z ##[endgroup]
Port versions to CurseForge	Run actions/checkout@v4	2026-05-01T03:50:59.9486070Z ##[group]Setting up auth
Port versions to CurseForge	Run actions/checkout@v4	2026-05-01T03:50:59.9492791Z [command]/usr/bin/git config --local --name-only --get-regexp core\.sshCommand
Port versions to CurseForge	Run actions/checkout@v4	2026-05-01T03:50:59.9525649Z [command]/usr/bin/git submodule foreach --recursive sh -c "git config --local --name-only --get-regexp 'core\.sshCommand' && git config --local --unset-all 'core.sshCommand' || :"
Port versions to CurseForge	Run actions/checkout@v4	2026-05-01T03:50:59.9836302Z [command]/usr/bin/git config --local --name-only --get-regexp http\.https\:\/\/github\.com\/\.extraheader
Port versions to CurseForge	Run actions/checkout@v4	2026-05-01T03:50:59.9868907Z [command]/usr/bin/git submodule foreach --recursive sh -c "git config --local --name-only --get-regexp 'http\.https\:\/\/github\.com\/\.extraheader' && git config --local --unset-all 'http.https://github.com/.extraheader' || :"
Port versions to CurseForge	Run actions/checkout@v4	2026-05-01T03:51:00.0110746Z [command]/usr/bin/git config --local --name-only --get-regexp ^includeIf\.gitdir:
Port versions to CurseForge	Run actions/checkout@v4	2026-05-01T03:51:00.0150436Z [command]/usr/bin/git submodule foreach --recursive git config --local --show-origin --name-only --get-regexp remote.origin.url
Port versions to CurseForge	Run actions/checkout@v4	2026-05-01T03:51:00.0420873Z [command]/usr/bin/git config --local http.https://github.com/.extraheader AUTHORIZATION: basic ***
Port versions to CurseForge	Run actions/checkout@v4	2026-05-01T03:51:00.0459977Z ##[endgroup]
Port versions to CurseForge	Run actions/checkout@v4	2026-05-01T03:51:00.0461359Z ##[group]Fetching the repository
Port versions to CurseForge	Run actions/checkout@v4	2026-05-01T03:51:00.0469894Z [command]/usr/bin/git -c protocol.version=2 fetch --no-tags --prune --no-recurse-submodules --depth=1 origin +006cfb4a2af8fded7add96cbcd8d15077897df44:refs/remotes/origin/main
Port versions to CurseForge	Run actions/checkout@v4	2026-05-01T03:51:06.3780960Z From https://github.com/Sekai0NI0itamio/ModCompiler
Port versions to CurseForge	Run actions/checkout@v4	2026-05-01T03:51:06.3783113Z  * [new ref]             006cfb4a2af8fded7add96cbcd8d15077897df44 -> origin/main
Port versions to CurseForge	Run actions/checkout@v4	2026-05-01T03:51:06.3814123Z ##[endgroup]
Port versions to CurseForge	Run actions/checkout@v4	2026-05-01T03:51:06.3815467Z ##[group]Determining the checkout info
Port versions to CurseForge	Run actions/checkout@v4	2026-05-01T03:51:06.3816951Z ##[endgroup]
Port versions to CurseForge	Run actions/checkout@v4	2026-05-01T03:51:06.3822037Z [command]/usr/bin/git sparse-checkout disable
Port versions to CurseForge	Run actions/checkout@v4	2026-05-01T03:51:06.4786659Z [command]/usr/bin/git config --local --unset-all extensions.worktreeConfig
Port versions to CurseForge	Run actions/checkout@v4	2026-05-01T03:51:06.6179198Z ##[group]Checking out the ref
Port versions to CurseForge	Run actions/checkout@v4	2026-05-01T03:51:06.6184226Z [command]/usr/bin/git checkout --progress --force -B main refs/remotes/origin/main
Port versions to CurseForge	Run actions/checkout@v4	2026-05-01T03:51:07.9052019Z Updating files:   1% (6050/318907)
Port versions to CurseForge	Run actions/checkout@v4	2026-05-01T03:51:08.0676879Z Updating files:   2% (6379/318907)
Port versions to CurseForge	Run actions/checkout@v4	2026-05-01T03:51:08.2111526Z Updating files:   3% (9568/318907)
Port versions to CurseForge	Run actions/checkout@v4	2026-05-01T03:51:08.3578528Z Updating files:   4% (12757/318907)
Port versions to CurseForge	Run actions/checkout@v4	2026-05-01T03:51:08.5016938Z Updating files:   5% (15946/318907)
Port versions to CurseForge	Run actions/checkout@v4	2026-05-01T03:51:08.6389304Z Updating files:   6% (19135/318907)
Port versions to CurseForge	Run actions/checkout@v4	2026-05-01T03:51:08.7777236Z Updating files:   7% (22324/318907)
Port versions to CurseForge	Run actions/checkout@v4	2026-05-01T03:51:08.8865975Z Updating files:   8% (25513/318907)
Port versions to CurseForge	Run actions/checkout@v4	2026-05-01T03:51:08.9234323Z Updating files:   8% (27780/318907)
Port versions to CurseForge	Run actions/checkout@v4	2026-05-01T03:51:09.0516952Z Updating files:   9% (28702/318907)
Port versions to CurseForge	Run actions/checkout@v4	2026-05-01T03:51:09.1773303Z Updating files:  10% (31891/318907)
Port versions to CurseForge	Run actions/checkout@v4	2026-05-01T03:51:09.3074568Z Updating files:  11% (35080/318907)
Port versions to CurseForge	Run actions/checkout@v4	2026-05-01T03:51:09.4328751Z Updating files:  12% (38269/318907)
Port versions to CurseForge	Run actions/checkout@v4	2026-05-01T03:51:09.5537136Z Updating files:  13% (41458/318907)
Port versions to CurseForge	Run actions/checkout@v4	2026-05-01T03:51:09.6884193Z Updating files:  14% (44647/318907)
Port versions to CurseForge	Run actions/checkout@v4	2026-05-01T03:51:09.8330259Z Updating files:  15% (47837/318907)
Port versions to CurseForge	Run actions/checkout@v4	2026-05-01T03:51:09.8854343Z Updating files:  16% (51026/318907)
Port versions to CurseForge	Run actions/checkout@v4	2026-05-01T03:51:09.9652051Z Updating files:  16% (52328/318907)
Port versions to CurseForge	Run actions/checkout@v4	2026-05-01T03:51:10.1015021Z Updating files:  17% (54215/318907)
Port versions to CurseForge	Run actions/checkout@v4	2026-05-01T03:51:10.2429586Z Updating files:  18% (57404/318907)
Port versions to CurseForge	Run actions/checkout@v4	2026-05-01T03:51:10.3712732Z Updating files:  19% (60593/318907)
Port versions to CurseForge	Run actions/checkout@v4	2026-05-01T03:51:10.5177276Z Updating files:  20% (63782/318907)
Port versions to CurseForge	Run actions/checkout@v4	2026-05-01T03:51:10.6483446Z Updating files:  21% (66971/318907)
Port versions to CurseForge	Run actions/checkout@v4	2026-05-01T03:51:10.7771012Z Updating files:  22% (70160/318907)
Port versions to CurseForge	Run actions/checkout@v4	2026-05-01T03:51:10.8854971Z Updating files:  23% (73349/318907)
Port versions to CurseForge	Run actions/checkout@v4	2026-05-01T03:51:10.9101149Z Updating files:  23% (75919/318907)
Port versions to CurseForge	Run actions/checkout@v4	2026-05-01T03:51:11.0420305Z Updating files:  24% (76538/318907)
Port versions to CurseForge	Run actions/checkout@v4	2026-05-01T03:51:11.1722746Z Updating files:  25% (79727/318907)
Port versions to CurseForge	Run actions/checkout@v4	2026-05-01T03:51:11.3056586Z Updating files:  26% (82916/318907)
Port versions to CurseForge	Run actions/checkout@v4	2026-05-01T03:51:11.4378907Z Updating files:  27% (86105/318907)
Port versions to CurseForge	Run actions/checkout@v4	2026-05-01T03:51:11.5704631Z Updating files:  28% (89294/318907)
Port versions to CurseForge	Run actions/checkout@v4	2026-05-01T03:51:11.7968840Z Updating files:  29% (92484/318907)
Port versions to CurseForge	Run actions/checkout@v4	2026-05-01T03:51:11.8854908Z Updating files:  30% (95673/318907)
Port versions to CurseForge	Run actions/checkout@v4	2026-05-01T03:51:11.9933987Z Updating files:  30% (96837/318907)
Port versions to CurseForge	Run actions/checkout@v4	2026-05-01T03:51:12.1432835Z Updating files:  31% (98862/318907)
Port versions to CurseForge	Run actions/checkout@v4	2026-05-01T03:51:12.3152068Z Updating files:  32% (102051/318907)
Port versions to CurseForge	Run actions/checkout@v4	2026-05-01T03:51:12.5093178Z Updating files:  33% (105240/318907)
Port versions to CurseForge	Run actions/checkout@v4	2026-05-01T03:51:12.6555268Z Updating files:  34% (108429/318907)
Port versions to CurseForge	Run actions/checkout@v4	2026-05-01T03:51:12.7903035Z Updating files:  35% (111618/318907)
Port versions to CurseForge	Run actions/checkout@v4	2026-05-01T03:51:12.8854602Z Updating files:  36% (114807/318907)
Port versions to CurseForge	Run actions/checkout@v4	2026-05-01T03:51:12.9292812Z Updating files:  36% (116947/318907)
Port versions to CurseForge	Run actions/checkout@v4	2026-05-01T03:51:13.0704773Z Updating files:  37% (117996/318907)
Port versions to CurseForge	Run actions/checkout@v4	2026-05-01T03:51:13.2217025Z Updating files:  38% (121185/318907)
Port versions to CurseForge	Run actions/checkout@v4	2026-05-01T03:51:13.3675931Z Updating files:  39% (124374/318907)
Port versions to CurseForge	Run actions/checkout@v4	2026-05-01T03:51:13.6934453Z Updating files:  40% (127563/318907)
Port versions to CurseForge	Run actions/checkout@v4	2026-05-01T03:51:13.8267987Z Updating files:  41% (130752/318907)
Port versions to CurseForge	Run actions/checkout@v4	2026-05-01T03:51:13.8854982Z Updating files:  42% (133941/318907)
Port versions to CurseForge	Run actions/checkout@v4	2026-05-01T03:51:13.9672196Z Updating files:  42% (135311/318907)
Port versions to CurseForge	Run actions/checkout@v4	2026-05-01T03:51:14.1176726Z Updating files:  43% (137131/318907)
Port versions to CurseForge	Run actions/checkout@v4	2026-05-01T03:51:14.2515225Z Updating files:  44% (140320/318907)
Port versions to CurseForge	Run actions/checkout@v4	2026-05-01T03:51:14.3830742Z Updating files:  45% (143509/318907)
Port versions to CurseForge	Run actions/checkout@v4	2026-05-01T03:51:14.5215276Z Updating files:  46% (146698/318907)
Port versions to CurseForge	Run actions/checkout@v4	2026-05-01T03:51:14.6514830Z Updating files:  47% (149887/318907)
Port versions to CurseForge	Run actions/checkout@v4	2026-05-01T03:51:14.7886631Z Updating files:  48% (153076/318907)
Port versions to CurseForge	Run actions/checkout@v4	2026-05-01T03:51:14.8855098Z Updating files:  49% (156265/318907)
Port versions to CurseForge	Run actions/checkout@v4	2026-05-01T03:51:14.9160575Z Updating files:  49% (158704/318907)
Port versions to CurseForge	Run actions/checkout@v4	2026-05-01T03:51:15.0517226Z Updating files:  50% (159454/318907)
Port versions to CurseForge	Run actions/checkout@v4	2026-05-01T03:51:15.3005772Z Updating files:  51% (162643/318907)
Port versions to CurseForge	Run actions/checkout@v4	2026-05-01T03:51:15.4296813Z Updating files:  52% (165832/318907)
Port versions to CurseForge	Run actions/checkout@v4	2026-05-01T03:51:15.5543908Z Updating files:  53% (169021/318907)
Port versions to CurseForge	Run actions/checkout@v4	2026-05-01T03:51:15.6793538Z Updating files:  54% (172210/318907)
Port versions to CurseForge	Run actions/checkout@v4	2026-05-01T03:51:15.8064510Z Updating files:  55% (175399/318907)
Port versions to CurseForge	Run actions/checkout@v4	2026-05-01T03:51:15.8936738Z Updating files:  56% (178588/318907)
Port versions to CurseForge	Run actions/checkout@v4	2026-05-01T03:51:16.0286102Z Updating files:  56% (178914/318907)
Port versions to CurseForge	Run actions/checkout@v4	2026-05-01T03:51:16.1593468Z Updating files:  57% (181777/318907)
Port versions to CurseForge	Run actions/checkout@v4	2026-05-01T03:51:16.2900158Z Updating files:  58% (184967/318907)
Port versions to CurseForge	Run actions/checkout@v4	2026-05-01T03:51:16.4193714Z Updating files:  59% (188156/318907)
Port versions to CurseForge	Run actions/checkout@v4	2026-05-01T03:51:16.5442966Z Updating files:  60% (191345/318907)
Port versions to CurseForge	Run actions/checkout@v4	2026-05-01T03:51:16.6703218Z Updating files:  61% (194534/318907)
Port versions to CurseForge	Run actions/checkout@v4	2026-05-01T03:51:16.7909742Z Updating files:  62% (197723/318907)
Port versions to CurseForge	Run actions/checkout@v4	2026-05-01T03:51:16.8855299Z Updating files:  63% (200912/318907)
Port versions to CurseForge	Run actions/checkout@v4	2026-05-01T03:51:16.9182240Z Updating files:  63% (203288/318907)
Port versions to CurseForge	Run actions/checkout@v4	2026-05-01T03:51:17.0400616Z Updating files:  64% (204101/318907)
Port versions to CurseForge	Run actions/checkout@v4	2026-05-01T03:51:17.1669676Z Updating files:  65% (207290/318907)
Port versions to CurseForge	Run actions/checkout@v4	2026-05-01T03:51:17.2923665Z Updating files:  66% (210479/318907)
Port versions to CurseForge	Run actions/checkout@v4	2026-05-01T03:51:17.4199745Z Updating files:  67% (213668/318907)
Port versions to CurseForge	Run actions/checkout@v4	2026-05-01T03:51:17.7422890Z Updating files:  68% (216857/318907)
Port versions to CurseForge	Run actions/checkout@v4	2026-05-01T03:51:17.8856089Z Updating files:  69% (220046/318907)
Port versions to CurseForge	Run actions/checkout@v4	2026-05-01T03:51:17.8970759Z Updating files:  69% (223005/318907)
Port versions to CurseForge	Run actions/checkout@v4	2026-05-01T03:51:18.0885331Z Updating files:  70% (223235/318907)
Port versions to CurseForge	Run actions/checkout@v4	2026-05-01T03:51:18.2372847Z Updating files:  71% (226424/318907)
Port versions to CurseForge	Run actions/checkout@v4	2026-05-01T03:51:18.4056060Z Updating files:  72% (229614/318907)
Port versions to CurseForge	Run actions/checkout@v4	2026-05-01T03:51:18.6011576Z Updating files:  73% (232803/318907)
Port versions to CurseForge	Run actions/checkout@v4	2026-05-01T03:51:18.7242242Z Updating files:  74% (235992/318907)
Port versions to CurseForge	Run actions/checkout@v4	2026-05-01T03:51:18.8514486Z Updating files:  75% (239181/318907)
Port versions to CurseForge	Run actions/checkout@v4	2026-05-01T03:51:18.8855210Z Updating files:  76% (242370/318907)
Port versions to CurseForge	Run actions/checkout@v4	2026-05-01T03:51:18.9743331Z Updating files:  76% (243256/318907)
Port versions to CurseForge	Run actions/checkout@v4	2026-05-01T03:51:19.1014108Z Updating files:  77% (245559/318907)
Port versions to CurseForge	Run actions/checkout@v4	2026-05-01T03:51:19.2373073Z Updating files:  78% (248748/318907)
Port versions to CurseForge	Run actions/checkout@v4	2026-05-01T03:51:19.3666932Z Updating files:  79% (251937/318907)
Port versions to CurseForge	Run actions/checkout@v4	2026-05-01T03:51:19.5019063Z Updating files:  80% (255126/318907)
Port versions to CurseForge	Run actions/checkout@v4	2026-05-01T03:51:19.8466861Z Updating files:  81% (258315/318907)
Port versions to CurseForge	Run actions/checkout@v4	2026-05-01T03:51:19.8854693Z Updating files:  82% (261504/318907)
Port versions to CurseForge	Run actions/checkout@v4	2026-05-01T03:51:20.0108179Z Updating files:  82% (262320/318907)
Port versions to CurseForge	Run actions/checkout@v4	2026-05-01T03:51:20.1785282Z Updating files:  83% (264693/318907)
Port versions to CurseForge	Run actions/checkout@v4	2026-05-01T03:51:20.3331280Z Updating files:  84% (267882/318907)
Port versions to CurseForge	Run actions/checkout@v4	2026-05-01T03:51:20.5411439Z Updating files:  85% (271071/318907)
Port versions to CurseForge	Run actions/checkout@v4	2026-05-01T03:51:20.7042613Z Updating files:  86% (274261/318907)
Port versions to CurseForge	Run actions/checkout@v4	2026-05-01T03:51:20.8431867Z Updating files:  87% (277450/318907)
Port versions to CurseForge	Run actions/checkout@v4	2026-05-01T03:51:20.8855080Z Updating files:  88% (280639/318907)
Port versions to CurseForge	Run actions/checkout@v4	2026-05-01T03:51:21.0222363Z Updating files:  88% (281500/318907)
Port versions to CurseForge	Run actions/checkout@v4	2026-05-01T03:51:21.1591676Z Updating files:  89% (283828/318907)
Port versions to CurseForge	Run actions/checkout@v4	2026-05-01T03:51:21.2971164Z Updating files:  90% (287017/318907)
Port versions to CurseForge	Run actions/checkout@v4	2026-05-01T03:51:21.4354628Z Updating files:  91% (290206/318907)
Port versions to CurseForge	Run actions/checkout@v4	2026-05-01T03:51:21.5875503Z Updating files:  92% (293395/318907)
Port versions to CurseForge	Run actions/checkout@v4	2026-05-01T03:51:21.7183616Z Updating files:  93% (296584/318907)
Port versions to CurseForge	Run actions/checkout@v4	2026-05-01T03:51:21.9262199Z Updating files:  94% (299773/318907)
Port versions to CurseForge	Run actions/checkout@v4	2026-05-01T03:51:22.0155436Z Updating files:  94% (301040/318907)
Port versions to CurseForge	Run actions/checkout@v4	2026-05-01T03:51:22.1547789Z Updating files:  95% (302962/318907)
Port versions to CurseForge	Run actions/checkout@v4	2026-05-01T03:51:22.3056165Z Updating files:  96% (306151/318907)
Port versions to CurseForge	Run actions/checkout@v4	2026-05-01T03:51:22.6515394Z Updating files:  97% (309340/318907)
Port versions to CurseForge	Run actions/checkout@v4	2026-05-01T03:51:22.9287046Z Updating files:  98% (312529/318907)
Port versions to CurseForge	Run actions/checkout@v4	2026-05-01T03:51:23.0044845Z Updating files:  98% (314858/318907)
Port versions to CurseForge	Run actions/checkout@v4	2026-05-01T03:51:23.6794459Z Updating files:  99% (315718/318907)
Port versions to CurseForge	Run actions/checkout@v4	2026-05-01T03:51:23.6795412Z Updating files: 100% (318907/318907)
Port versions to CurseForge	Run actions/checkout@v4	2026-05-01T03:51:23.6795901Z Updating files: 100% (318907/318907), done.
Port versions to CurseForge	Run actions/checkout@v4	2026-05-01T03:51:24.0825570Z Switched to a new branch 'main'
Port versions to CurseForge	Run actions/checkout@v4	2026-05-01T03:51:24.0839330Z branch 'main' set up to track 'origin/main'.
Port versions to CurseForge	Run actions/checkout@v4	2026-05-01T03:51:24.1036381Z ##[endgroup]
Port versions to CurseForge	Run actions/checkout@v4	2026-05-01T03:51:24.1080431Z [command]/usr/bin/git log -1 --format=%H
Port versions to CurseForge	Run actions/checkout@v4	2026-05-01T03:51:24.1103710Z 006cfb4a2af8fded7add96cbcd8d15077897df44
Port versions to CurseForge	Run actions/setup-python@v5	﻿2026-05-01T03:51:24.1372001Z ##[group]Run actions/setup-python@v5
Port versions to CurseForge	Run actions/setup-python@v5	2026-05-01T03:51:24.1372312Z with:
Port versions to CurseForge	Run actions/setup-python@v5	2026-05-01T03:51:24.1372498Z   python-version: 3.12
Port versions to CurseForge	Run actions/setup-python@v5	2026-05-01T03:51:24.1372726Z   check-latest: false
Port versions to CurseForge	Run actions/setup-python@v5	2026-05-01T03:51:24.1373075Z   token: ***
Port versions to CurseForge	Run actions/setup-python@v5	2026-05-01T03:51:24.1373270Z   update-environment: true
Port versions to CurseForge	Run actions/setup-python@v5	2026-05-01T03:51:24.1373502Z   allow-prereleases: false
Port versions to CurseForge	Run actions/setup-python@v5	2026-05-01T03:51:24.1373720Z   freethreaded: false
Port versions to CurseForge	Run actions/setup-python@v5	2026-05-01T03:51:24.1373910Z ##[endgroup]
Port versions to CurseForge	Run actions/setup-python@v5	2026-05-01T03:51:24.3402241Z ##[group]Installed versions
Port versions to CurseForge	Run actions/setup-python@v5	2026-05-01T03:51:24.3525848Z Successfully set up CPython (3.12.13)
Port versions to CurseForge	Run actions/setup-python@v5	2026-05-01T03:51:24.3612933Z ##[endgroup]
Port versions to CurseForge	Mask secrets	﻿2026-05-01T03:51:24.3710354Z ##[group]Run if [ -n "$MODRINTH_TOKEN" ];   then echo "::add-mask::$MODRINTH_TOKEN";   fi
Port versions to CurseForge	Mask secrets	2026-05-01T03:51:24.3711387Z [36;1mif [ -n "$MODRINTH_TOKEN" ];   then echo "::add-mask::$MODRINTH_TOKEN";   fi[0m
Port versions to CurseForge	Mask secrets	2026-05-01T03:51:24.3712261Z [36;1mif [ -n "$CURSEFORGE_TOKEN" ]; then echo "::add-mask::$CURSEFORGE_TOKEN"; fi[0m
Port versions to CurseForge	Mask secrets	2026-05-01T03:51:24.3884946Z shell: /usr/bin/bash --noprofile --norc -e -o pipefail {0}
Port versions to CurseForge	Mask secrets	2026-05-01T03:51:24.3885688Z env:
Port versions to CurseForge	Mask secrets	2026-05-01T03:51:24.3885962Z   pythonLocation: /opt/hostedtoolcache/Python/3.12.13/x64
Port versions to CurseForge	Mask secrets	2026-05-01T03:51:24.3886405Z   PKG_CONFIG_PATH: /opt/hostedtoolcache/Python/3.12.13/x64/lib/pkgconfig
Port versions to CurseForge	Mask secrets	2026-05-01T03:51:24.3886833Z   Python_ROOT_DIR: /opt/hostedtoolcache/Python/3.12.13/x64
Port versions to CurseForge	Mask secrets	2026-05-01T03:51:24.3887199Z   Python2_ROOT_DIR: /opt/hostedtoolcache/Python/3.12.13/x64
Port versions to CurseForge	Mask secrets	2026-05-01T03:51:24.3887877Z   Python3_ROOT_DIR: /opt/hostedtoolcache/Python/3.12.13/x64
Port versions to CurseForge	Mask secrets	2026-05-01T03:51:24.3888246Z   LD_LIBRARY_PATH: /opt/hostedtoolcache/Python/3.12.13/x64/lib
Port versions to CurseForge	Mask secrets	2026-05-01T03:51:24.3888876Z   MODRINTH_TOKEN: ***
Port versions to CurseForge	Mask secrets	2026-05-01T03:51:24.3889216Z   CURSEFORGE_TOKEN: ***
Port versions to CurseForge	Mask secrets	2026-05-01T03:51:24.3889413Z ##[endgroup]
Port versions to CurseForge	Diff and upload	﻿2026-05-01T03:51:24.4026341Z ##[group]Run python3 - <<'PY'
Port versions to CurseForge	Diff and upload	2026-05-01T03:51:24.4027206Z [36;1mpython3 - <<'PY'[0m
Port versions to CurseForge	Diff and upload	2026-05-01T03:51:24.4028011Z [36;1mimport json, os, re, sys, tempfile, time, urllib.error, urllib.parse, urllib.request, uuid[0m
Port versions to CurseForge	Diff and upload	2026-05-01T03:51:24.4028484Z [36;1mfrom pathlib import Path[0m
Port versions to CurseForge	Diff and upload	2026-05-01T03:51:24.4028729Z [36;1m[0m
Port versions to CurseForge	Diff and upload	2026-05-01T03:51:24.4028979Z [36;1m# ----------------------------------------------------------------[0m
Port versions to CurseForge	Diff and upload	2026-05-01T03:51:24.4029310Z [36;1m# Config[0m
Port versions to CurseForge	Diff and upload	2026-05-01T03:51:24.4029571Z [36;1m# ----------------------------------------------------------------[0m
Port versions to CurseForge	Diff and upload	2026-05-01T03:51:24.4029999Z [36;1mMODRINTH_API   = "https://api.modrinth.com/v2"[0m
Port versions to CurseForge	Diff and upload	2026-05-01T03:51:24.4030407Z [36;1mCURSEFORGE_API = "https://minecraft.curseforge.com"[0m
Port versions to CurseForge	Diff and upload	2026-05-01T03:51:24.4030843Z [36;1mUSER_AGENT     = "ModCompilerPortScript/1.0 (github.com/modcompiler)"[0m
Port versions to CurseForge	Diff and upload	2026-05-01T03:51:24.4031197Z [36;1m[0m
Port versions to CurseForge	Diff and upload	2026-05-01T03:51:24.4031469Z [36;1mMODRINTH_TOKEN   = os.environ.get("MODRINTH_TOKEN", "").strip()[0m
Port versions to CurseForge	Diff and upload	2026-05-01T03:51:24.4031948Z [36;1mCURSEFORGE_TOKEN = os.environ.get("CURSEFORGE_TOKEN", "").strip()[0m
Port versions to CurseForge	Diff and upload	2026-05-01T03:51:24.4032450Z [36;1mDRY_RUN          = os.environ.get("DRY_RUN", "false").strip().lower() in {"true", "1", "yes"}[0m
Port versions to CurseForge	Diff and upload	2026-05-01T03:51:24.4032847Z [36;1m[0m
Port versions to CurseForge	Diff and upload	2026-05-01T03:51:24.4033028Z [36;1mif not CURSEFORGE_TOKEN:[0m
Port versions to CurseForge	Diff and upload	2026-05-01T03:51:24.4033722Z [36;1m    sys.exit("[ERROR] CURSEFORGE_TOKEN secret is not set on this repository.")[0m
Port versions to CurseForge	Diff and upload	2026-05-01T03:51:24.4034830Z [36;1m[0m
Port versions to CurseForge	Diff and upload	2026-05-01T03:51:24.4035314Z [36;1m# Loader name mapping: Modrinth (lowercase) -> CurseForge display name[0m
Port versions to CurseForge	Diff and upload	2026-05-01T03:51:24.4036199Z [36;1mLOADER_MAP = {"forge": "Forge", "fabric": "Fabric", "neoforge": "NeoForge", "quilt": "Quilt"}[0m
Port versions to CurseForge	Diff and upload	2026-05-01T03:51:24.4037071Z [36;1mKNOWN_LOADERS = set(LOADER_MAP.values()) | {"liteloader", "rift"}[0m
Port versions to CurseForge	Diff and upload	2026-05-01T03:51:24.4037934Z [36;1m[0m
Port versions to CurseForge	Diff and upload	2026-05-01T03:51:24.4038433Z [36;1mRELEASE_TYPE_MAP = {"release": "release", "beta": "beta", "alpha": "alpha"}[0m
Port versions to CurseForge	Diff and upload	2026-05-01T03:51:24.4039078Z [36;1m[0m
Port versions to CurseForge	Diff and upload	2026-05-01T03:51:24.4039475Z [36;1m# ----------------------------------------------------------------[0m
Port versions to CurseForge	Diff and upload	2026-05-01T03:51:24.4040025Z [36;1m# Helpers: URL normalisation[0m
Port versions to CurseForge	Diff and upload	2026-05-01T03:51:24.4040554Z [36;1m# ----------------------------------------------------------------[0m
Port versions to CurseForge	Diff and upload	2026-05-01T03:51:24.4041129Z [36;1mdef modrinth_ref(url: str) -> str:[0m
Port versions to CurseForge	Diff and upload	2026-05-01T03:51:24.4041591Z [36;1m    url = url.strip().rstrip("/")[0m
Port versions to CurseForge	Diff and upload	2026-05-01T03:51:24.4042167Z [36;1m    m = re.search(r"modrinth\.com/(?:mod|plugin|resourcepack|shader|datapack|modpack)/([^/?#]+)", url)[0m
Port versions to CurseForge	Diff and upload	2026-05-01T03:51:24.4042639Z [36;1m    return m.group(1) if m else url[0m
Port versions to CurseForge	Diff and upload	2026-05-01T03:51:24.4042884Z [36;1m[0m
Port versions to CurseForge	Diff and upload	2026-05-01T03:51:24.4043086Z [36;1mdef curseforge_project_id(url: str) -> str:[0m
Port versions to CurseForge	Diff and upload	2026-05-01T03:51:24.4043383Z [36;1m    url = url.strip().rstrip("/")[0m
Port versions to CurseForge	Diff and upload	2026-05-01T03:51:24.4043922Z [36;1m    m = re.search(r"curseforge\.com/minecraft/mc-mods/([^/?#]+)", url)[0m
Port versions to CurseForge	Diff and upload	2026-05-01T03:51:24.4044532Z [36;1m    return m.group(1) if m else url[0m
Port versions to CurseForge	Diff and upload	2026-05-01T03:51:24.4044956Z [36;1m[0m
Port versions to CurseForge	Diff and upload	2026-05-01T03:51:24.4045344Z [36;1m# ----------------------------------------------------------------[0m
Port versions to CurseForge	Diff and upload	2026-05-01T03:51:24.4045897Z [36;1m# Helpers: HTTP[0m
Port versions to CurseForge	Diff and upload	2026-05-01T03:51:24.4046358Z [36;1m# ----------------------------------------------------------------[0m
Port versions to CurseForge	Diff and upload	2026-05-01T03:51:24.4047281Z [36;1mdef _get(base: str, path: str, token: str | None, extra_headers: dict | None = None) -> object:[0m
Port versions to CurseForge	Diff and upload	2026-05-01T03:51:24.4048102Z [36;1m    url = base + path[0m
Port versions to CurseForge	Diff and upload	2026-05-01T03:51:24.4048436Z [36;1m    headers = {"User-Agent": USER_AGENT, "Accept": "application/json"}[0m
Port versions to CurseForge	Diff and upload	2026-05-01T03:51:24.4048786Z [36;1m    if token:[0m
Port versions to CurseForge	Diff and upload	2026-05-01T03:51:24.4049087Z [36;1m        key = "Authorization" if base == MODRINTH_API else "X-Api-Token"[0m
Port versions to CurseForge	Diff and upload	2026-05-01T03:51:24.4049439Z [36;1m        headers[key] = token[0m
Port versions to CurseForge	Diff and upload	2026-05-01T03:51:24.4049681Z [36;1m    if extra_headers:[0m
Port versions to CurseForge	Diff and upload	2026-05-01T03:51:24.4049939Z [36;1m        headers.update(extra_headers)[0m
Port versions to CurseForge	Diff and upload	2026-05-01T03:51:24.4050498Z [36;1m    req = urllib.request.Request(url, headers=headers)[0m
Port versions to CurseForge	Diff and upload	2026-05-01T03:51:24.4050815Z [36;1m    for attempt in range(1, 6):[0m
Port versions to CurseForge	Diff and upload	2026-05-01T03:51:24.4051058Z [36;1m        try:[0m
Port versions to CurseForge	Diff and upload	2026-05-01T03:51:24.4051326Z [36;1m            with urllib.request.urlopen(req, timeout=30) as r:[0m
Port versions to CurseForge	Diff and upload	2026-05-01T03:51:24.4051755Z [36;1m                return json.loads(r.read().decode("utf-8", errors="replace"))[0m
Port versions to CurseForge	Diff and upload	2026-05-01T03:51:24.4052145Z [36;1m        except urllib.error.HTTPError as e:[0m
Port versions to CurseForge	Diff and upload	2026-05-01T03:51:24.4052488Z [36;1m            body = e.read().decode("utf-8", errors="replace")[:300][0m
Port versions to CurseForge	Diff and upload	2026-05-01T03:51:24.4052809Z [36;1m            if e.code == 404:[0m
Port versions to CurseForge	Diff and upload	2026-05-01T03:51:24.4053101Z [36;1m                sys.exit(f"[ERROR] Not found (HTTP 404): {url}")[0m
Port versions to CurseForge	Diff and upload	2026-05-01T03:51:24.4053472Z [36;1m            if e.code in {429, 500, 502, 503, 504} and attempt < 5:[0m
Port versions to CurseForge	Diff and upload	2026-05-01T03:51:24.4053793Z [36;1m                time.sleep(2 ** attempt)[0m
Port versions to CurseForge	Diff and upload	2026-05-01T03:51:24.4054054Z [36;1m                continue[0m
Port versions to CurseForge	Diff and upload	2026-05-01T03:51:24.4054335Z [36;1m            sys.exit(f"[ERROR] HTTP {e.code}: {url}\n{body}")[0m
Port versions to CurseForge	Diff and upload	2026-05-01T03:51:24.4054671Z [36;1m        except urllib.error.URLError as e:[0m
Port versions to CurseForge	Diff and upload	2026-05-01T03:51:24.4054952Z [36;1m            if attempt < 5:[0m
Port versions to CurseForge	Diff and upload	2026-05-01T03:51:24.4055211Z [36;1m                time.sleep(2 ** attempt)[0m
Port versions to CurseForge	Diff and upload	2026-05-01T03:51:24.4055471Z [36;1m                continue[0m
Port versions to CurseForge	Diff and upload	2026-05-01T03:51:24.4055741Z [36;1m            sys.exit(f"[ERROR] Network error: {e.reason}")[0m
Port versions to CurseForge	Diff and upload	2026-05-01T03:51:24.4056106Z [36;1m    sys.exit("[ERROR] API request failed after retries.")[0m
Port versions to CurseForge	Diff and upload	2026-05-01T03:51:24.4056406Z [36;1m[0m
Port versions to CurseForge	Diff and upload	2026-05-01T03:51:24.4056599Z [36;1mdef modrinth_get(path: str) -> object:[0m
Port versions to CurseForge	Diff and upload	2026-05-01T03:51:24.4056938Z [36;1m    return _get(MODRINTH_API, path, MODRINTH_TOKEN or None)[0m
Port versions to CurseForge	Diff and upload	2026-05-01T03:51:24.4057238Z [36;1m[0m
Port versions to CurseForge	Diff and upload	2026-05-01T03:51:24.4057688Z [36;1mdef curseforge_get(path: str) -> object:[0m
Port versions to CurseForge	Diff and upload	2026-05-01T03:51:24.4058032Z [36;1m    return _get(CURSEFORGE_API, path, CURSEFORGE_TOKEN)[0m
Port versions to CurseForge	Diff and upload	2026-05-01T03:51:24.4058331Z [36;1m[0m
Port versions to CurseForge	Diff and upload	2026-05-01T03:51:24.4058547Z [36;1mdef download_file(url: str, dest: Path) -> None:[0m
Port versions to CurseForge	Diff and upload	2026-05-01T03:51:24.4058948Z [36;1m    req = urllib.request.Request(url, headers={"User-Agent": USER_AGENT})[0m
Port versions to CurseForge	Diff and upload	2026-05-01T03:51:24.4059615Z [36;1m    for attempt in range(1, 4):[0m
Port versions to CurseForge	Diff and upload	2026-05-01T03:51:24.4059926Z [36;1m        try:[0m
Port versions to CurseForge	Diff and upload	2026-05-01T03:51:24.4060187Z [36;1m            with urllib.request.urlopen(req, timeout=120) as r:[0m
Port versions to CurseForge	Diff and upload	2026-05-01T03:51:24.4060619Z [36;1m                dest.write_bytes(r.read())[0m
Port versions to CurseForge	Diff and upload	2026-05-01T03:51:24.4061015Z [36;1m            return[0m
Port versions to CurseForge	Diff and upload	2026-05-01T03:51:24.4061253Z [36;1m        except urllib.error.URLError as e:[0m
Port versions to CurseForge	Diff and upload	2026-05-01T03:51:24.4061522Z [36;1m            if attempt < 3:[0m
Port versions to CurseForge	Diff and upload	2026-05-01T03:51:24.4061790Z [36;1m                time.sleep(3)[0m
Port versions to CurseForge	Diff and upload	2026-05-01T03:51:24.4062016Z [36;1m                continue[0m
Port versions to CurseForge	Diff and upload	2026-05-01T03:51:24.4062307Z [36;1m            sys.exit(f"[ERROR] Download failed {url}: {e.reason}")[0m
Port versions to CurseForge	Diff and upload	2026-05-01T03:51:24.4062622Z [36;1m[0m
Port versions to CurseForge	Diff and upload	2026-05-01T03:51:24.4062932Z [36;1mdef curseforge_upload(project_id: str, metadata: dict, jar_path: Path) -> int:[0m
Port versions to CurseForge	Diff and upload	2026-05-01T03:51:24.4063368Z [36;1m    boundary = f"cfport-{uuid.uuid4().hex}"[0m
Port versions to CurseForge	Diff and upload	2026-05-01T03:51:24.4063795Z [36;1m    body = bytearray()[0m
Port versions to CurseForge	Diff and upload	2026-05-01T03:51:24.4064011Z [36;1m[0m
Port versions to CurseForge	Diff and upload	2026-05-01T03:51:24.4064226Z [36;1m    meta_bytes = json.dumps(metadata).encode("utf-8")[0m
Port versions to CurseForge	Diff and upload	2026-05-01T03:51:24.4064550Z [36;1m    body += f"--{boundary}\r\n".encode()[0m
Port versions to CurseForge	Diff and upload	2026-05-01T03:51:24.4064904Z [36;1m    body += b'Content-Disposition: form-data; name="metadata"\r\n'[0m
Port versions to CurseForge	Diff and upload	2026-05-01T03:51:24.4065347Z [36;1m    body += b"Content-Type: application/json\r\n\r\n"[0m
Port versions to CurseForge	Diff and upload	2026-05-01T03:51:24.4065884Z [36;1m    body += meta_bytes + b"\r\n"[0m
Port versions to CurseForge	Diff and upload	2026-05-01T03:51:24.4066286Z [36;1m[0m
Port versions to CurseForge	Diff and upload	2026-05-01T03:51:24.4066603Z [36;1m    jar_bytes = jar_path.read_bytes()[0m
Port versions to CurseForge	Diff and upload	2026-05-01T03:51:24.4067078Z [36;1m    body += f"--{boundary}\r\n".encode()[0m
Port versions to CurseForge	Diff and upload	2026-05-01T03:51:24.4068230Z [36;1m    body += f'Content-Disposition: form-data; name="file"; filename="{jar_path.name}"\r\n'.encode()[0m
Port versions to CurseForge	Diff and upload	2026-05-01T03:51:24.4069126Z [36;1m    body += b"Content-Type: application/java-archive\r\n\r\n"[0m
Port versions to CurseForge	Diff and upload	2026-05-01T03:51:24.4069690Z [36;1m    body += jar_bytes + b"\r\n"[0m
Port versions to CurseForge	Diff and upload	2026-05-01T03:51:24.4070167Z [36;1m    body += f"--{boundary}--\r\n".encode()[0m
Port versions to CurseForge	Diff and upload	2026-05-01T03:51:24.4070605Z [36;1m[0m
Port versions to CurseForge	Diff and upload	2026-05-01T03:51:24.4071038Z [36;1m    url = f"{CURSEFORGE_API}/api/projects/{project_id}/upload-file"[0m
Port versions to CurseForge	Diff and upload	2026-05-01T03:51:24.4071621Z [36;1m    headers = {[0m
Port versions to CurseForge	Diff and upload	2026-05-01T03:51:24.4071998Z [36;1m        "User-Agent": USER_AGENT,[0m
Port versions to CurseForge	Diff and upload	2026-05-01T03:51:24.4072466Z [36;1m        "X-Api-Token": CURSEFORGE_TOKEN,[0m
Port versions to CurseForge	Diff and upload	2026-05-01T03:51:24.4073064Z [36;1m        "Content-Type": f"multipart/form-data; boundary={boundary}",[0m
Port versions to CurseForge	Diff and upload	2026-05-01T03:51:24.4073634Z [36;1m    }[0m
Port versions to CurseForge	Diff and upload	2026-05-01T03:51:24.4074216Z [36;1m    req = urllib.request.Request(url, data=bytes(body), method="POST", headers=headers)[0m
Port versions to CurseForge	Diff and upload	2026-05-01T03:51:24.4074939Z [36;1m    for attempt in range(1, 4):[0m
Port versions to CurseForge	Diff and upload	2026-05-01T03:51:24.4075205Z [36;1m        try:[0m
Port versions to CurseForge	Diff and upload	2026-05-01T03:51:24.4075466Z [36;1m            with urllib.request.urlopen(req, timeout=120) as r:[0m
Port versions to CurseForge	Diff and upload	2026-05-01T03:51:24.4075918Z [36;1m                return int(json.loads(r.read().decode("utf-8", errors="replace"))["id"])[0m
Port versions to CurseForge	Diff and upload	2026-05-01T03:51:24.4076349Z [36;1m        except urllib.error.HTTPError as e:[0m
Port versions to CurseForge	Diff and upload	2026-05-01T03:51:24.4076702Z [36;1m            body_text = e.read().decode("utf-8", errors="replace")[:500][0m
Port versions to CurseForge	Diff and upload	2026-05-01T03:51:24.4077096Z [36;1m            if e.code in {429, 500, 502, 503, 504} and attempt < 3:[0m
Port versions to CurseForge	Diff and upload	2026-05-01T03:51:24.4077657Z [36;1m                time.sleep(5 * attempt)[0m
Port versions to CurseForge	Diff and upload	2026-05-01T03:51:24.4077926Z [36;1m                continue[0m
Port versions to CurseForge	Diff and upload	2026-05-01T03:51:24.4078256Z [36;1m            sys.exit(f"[ERROR] CurseForge upload HTTP {e.code}: {body_text}")[0m
Port versions to CurseForge	Diff and upload	2026-05-01T03:51:24.4078637Z [36;1m        except urllib.error.URLError as e:[0m
Port versions to CurseForge	Diff and upload	2026-05-01T03:51:24.4078919Z [36;1m            if attempt < 3:[0m
Port versions to CurseForge	Diff and upload	2026-05-01T03:51:24.4079158Z [36;1m                time.sleep(5)[0m
Port versions to CurseForge	Diff and upload	2026-05-01T03:51:24.4079389Z [36;1m                continue[0m
Port versions to CurseForge	Diff and upload	2026-05-01T03:51:24.4079674Z [36;1m            sys.exit(f"[ERROR] Upload network error: {e.reason}")[0m
Port versions to CurseForge	Diff and upload	2026-05-01T03:51:24.4080054Z [36;1m    sys.exit("[ERROR] Upload failed after retries.")[0m
Port versions to CurseForge	Diff and upload	2026-05-01T03:51:24.4080340Z [36;1m[0m
Port versions to CurseForge	Diff and upload	2026-05-01T03:51:24.4080563Z [36;1m# ----------------------------------------------------------------[0m
Port versions to CurseForge	Diff and upload	2026-05-01T03:51:24.4080877Z [36;1m# Helpers: version logic[0m
Port versions to CurseForge	Diff and upload	2026-05-01T03:51:24.4081158Z [36;1m# ----------------------------------------------------------------[0m
Port versions to CurseForge	Diff and upload	2026-05-01T03:51:24.4081508Z [36;1mdef primary_file(version: dict) -> dict | None:[0m
Port versions to CurseForge	Diff and upload	2026-05-01T03:51:24.4081819Z [36;1m    files = version.get("files", [])[0m
Port versions to CurseForge	Diff and upload	2026-05-01T03:51:24.4082077Z [36;1m    if not files:[0m
Port versions to CurseForge	Diff and upload	2026-05-01T03:51:24.4082280Z [36;1m        return None[0m
Port versions to CurseForge	Diff and upload	2026-05-01T03:51:24.4082549Z [36;1m    primary = [f for f in files if f.get("primary")][0m
Port versions to CurseForge	Diff and upload	2026-05-01T03:51:24.4082858Z [36;1m    return (primary or files)[0][0m
Port versions to CurseForge	Diff and upload	2026-05-01T03:51:24.4083095Z [36;1m[0m
Port versions to CurseForge	Diff and upload	2026-05-01T03:51:24.4083301Z [36;1mdef latest_per_combo(versions: list) -> dict:[0m
Port versions to CurseForge	Diff and upload	2026-05-01T03:51:24.4083951Z [36;1m    """Keep the most recently published version per (mc_version, loader) pair."""[0m
Port versions to CurseForge	Diff and upload	2026-05-01T03:51:24.4084348Z [36;1m    best: dict[tuple, dict] = {}[0m
Port versions to CurseForge	Diff and upload	2026-05-01T03:51:24.4084593Z [36;1m    for v in versions:[0m
Port versions to CurseForge	Diff and upload	2026-05-01T03:51:24.4084842Z [36;1m        pub = v.get("date_published", "")[0m
Port versions to CurseForge	Diff and upload	2026-05-01T03:51:24.4085133Z [36;1m        for mc in v.get("game_versions", []):[0m
Port versions to CurseForge	Diff and upload	2026-05-01T03:51:24.4085421Z [36;1m            for loader in v.get("loaders", []):[0m
Port versions to CurseForge	Diff and upload	2026-05-01T03:51:24.4085911Z [36;1m                key = (mc, loader.lower())[0m
Port versions to CurseForge	Diff and upload	2026-05-01T03:51:24.4086377Z [36;1m                if key not in best or pub > best[key].get("date_published", ""):[0m
Port versions to CurseForge	Diff and upload	2026-05-01T03:51:24.4087172Z [36;1m                    best[key] = v[0m
Port versions to CurseForge	Diff and upload	2026-05-01T03:51:24.4087788Z [36;1m    return best[0m
Port versions to CurseForge	Diff and upload	2026-05-01T03:51:24.4088127Z [36;1m[0m
Port versions to CurseForge	Diff and upload	2026-05-01T03:51:24.4088444Z [36;1mdef is_loader(name: str) -> bool:[0m
Port versions to CurseForge	Diff and upload	2026-05-01T03:51:24.4089022Z [36;1m    return name.lower() in {l.lower() for l in KNOWN_LOADERS}[0m
Port versions to CurseForge	Diff and upload	2026-05-01T03:51:24.4089596Z [36;1m[0m
Port versions to CurseForge	Diff and upload	2026-05-01T03:51:24.4089952Z [36;1mdef cf_combos_present(cf_files: list) -> set:[0m
Port versions to CurseForge	Diff and upload	2026-05-01T03:51:24.4090630Z [36;1m    """Build (mc_version, loader_lowercase) set from CurseForge file list."""[0m
Port versions to CurseForge	Diff and upload	2026-05-01T03:51:24.4091270Z [36;1m    combos = set()[0m
Port versions to CurseForge	Diff and upload	2026-05-01T03:51:24.4091637Z [36;1m    for f in cf_files:[0m
Port versions to CurseForge	Diff and upload	2026-05-01T03:51:24.4092058Z [36;1m        gvs: list = f.get("gameVersions", [])[0m
Port versions to CurseForge	Diff and upload	2026-05-01T03:51:24.4092618Z [36;1m        mc_versions = [g for g in gvs if not is_loader(g)][0m
Port versions to CurseForge	Diff and upload	2026-05-01T03:51:24.4093248Z [36;1m        loaders     = [g.lower() for g in gvs if is_loader(g)][0m
Port versions to CurseForge	Diff and upload	2026-05-01T03:51:24.4093784Z [36;1m        if not loaders:[0m
Port versions to CurseForge	Diff and upload	2026-05-01T03:51:24.4094187Z [36;1m            loaders = ["unknown"][0m
Port versions to CurseForge	Diff and upload	2026-05-01T03:51:24.4094628Z [36;1m        for mc in mc_versions:[0m
Port versions to CurseForge	Diff and upload	2026-05-01T03:51:24.4094908Z [36;1m            for loader in loaders:[0m
Port versions to CurseForge	Diff and upload	2026-05-01T03:51:24.4095172Z [36;1m                combos.add((mc, loader))[0m
Port versions to CurseForge	Diff and upload	2026-05-01T03:51:24.4095441Z [36;1m    return combos[0m
Port versions to CurseForge	Diff and upload	2026-05-01T03:51:24.4095642Z [36;1m[0m
Port versions to CurseForge	Diff and upload	2026-05-01T03:51:24.4095950Z [36;1mdef resolve_cf_version_ids(mc_version: str, loader: str, cf_lookup: dict) -> list:[0m
Port versions to CurseForge	Diff and upload	2026-05-01T03:51:24.4096487Z [36;1m    """Return the list of CurseForge version IDs for a mc_version + loader pair."""[0m
Port versions to CurseForge	Diff and upload	2026-05-01T03:51:24.4096869Z [36;1m    ids = [][0m
Port versions to CurseForge	Diff and upload	2026-05-01T03:51:24.4097139Z [36;1m    # MC version — exact, then strip patch (1.20.1 -> 1.20)[0m
Port versions to CurseForge	Diff and upload	2026-05-01T03:51:24.4097743Z [36;1m    if mc_version in cf_lookup:[0m
Port versions to CurseForge	Diff and upload	2026-05-01T03:51:24.4098045Z [36;1m        ids.append(cf_lookup[mc_version])[0m
Port versions to CurseForge	Diff and upload	2026-05-01T03:51:24.4098316Z [36;1m    else:[0m
Port versions to CurseForge	Diff and upload	2026-05-01T03:51:24.4098528Z [36;1m        parts = mc_version.split(".")[0m
Port versions to CurseForge	Diff and upload	2026-05-01T03:51:24.4098805Z [36;1m        if len(parts) == 3:[0m
Port versions to CurseForge	Diff and upload	2026-05-01T03:51:24.4099068Z [36;1m            short = f"{parts[0]}.{parts[1]}"[0m
Port versions to CurseForge	Diff and upload	2026-05-01T03:51:24.4099344Z [36;1m            if short in cf_lookup:[0m
Port versions to CurseForge	Diff and upload	2026-05-01T03:51:24.4099631Z [36;1m                ids.append(cf_lookup[short])[0m
Port versions to CurseForge	Diff and upload	2026-05-01T03:51:24.4099883Z [36;1m    if not ids:[0m
Port versions to CurseForge	Diff and upload	2026-05-01T03:51:24.4100203Z [36;1m        print(f"  [WARN] No CurseForge version ID found for MC {mc_version!r}")[0m
Port versions to CurseForge	Diff and upload	2026-05-01T03:51:24.4100560Z [36;1m[0m
Port versions to CurseForge	Diff and upload	2026-05-01T03:51:24.4100715Z [36;1m    # Loader[0m
Port versions to CurseForge	Diff and upload	2026-05-01T03:51:24.4101016Z [36;1m    loader_name = LOADER_MAP.get(loader.lower(), loader.capitalize())[0m
Port versions to CurseForge	Diff and upload	2026-05-01T03:51:24.4101400Z [36;1m    matched = cf_lookup.get(loader_name)[0m
Port versions to CurseForge	Diff and upload	2026-05-01T03:51:24.4101662Z [36;1m    if matched is None:[0m
Port versions to CurseForge	Diff and upload	2026-05-01T03:51:24.4101909Z [36;1m        # case-insensitive fallback[0m
Port versions to CurseForge	Diff and upload	2026-05-01T03:51:24.4102186Z [36;1m        for k, v in cf_lookup.items():[0m
Port versions to CurseForge	Diff and upload	2026-05-01T03:51:24.4102474Z [36;1m            if k.lower() == loader_name.lower():[0m
Port versions to CurseForge	Diff and upload	2026-05-01T03:51:24.4102743Z [36;1m                matched = v[0m
Port versions to CurseForge	Diff and upload	2026-05-01T03:51:24.4102968Z [36;1m                break[0m
Port versions to CurseForge	Diff and upload	2026-05-01T03:51:24.4103336Z [36;1m    if matched is not None:[0m
Port versions to CurseForge	Diff and upload	2026-05-01T03:51:24.4103562Z [36;1m        ids.append(matched)[0m
Port versions to CurseForge	Diff and upload	2026-05-01T03:51:24.4103779Z [36;1m    else:[0m
Port versions to CurseForge	Diff and upload	2026-05-01T03:51:24.4104073Z [36;1m        print(f"  [WARN] No CurseForge version ID found for loader {loader!r}")[0m
Port versions to CurseForge	Diff and upload	2026-05-01T03:51:24.4104426Z [36;1m    return ids[0m
Port versions to CurseForge	Diff and upload	2026-05-01T03:51:24.4104616Z [36;1m[0m
Port versions to CurseForge	Diff and upload	2026-05-01T03:51:24.4104846Z [36;1m# ----------------------------------------------------------------[0m
Port versions to CurseForge	Diff and upload	2026-05-01T03:51:24.4105159Z [36;1m# Step 1: Fetch Modrinth[0m
Port versions to CurseForge	Diff and upload	2026-05-01T03:51:24.4105505Z [36;1m# ----------------------------------------------------------------[0m
Port versions to CurseForge	Diff and upload	2026-05-01T03:51:24.4106144Z [36;1mmr_ref = modrinth_ref(os.environ["MODRINTH_URL"])[0m
Port versions to CurseForge	Diff and upload	2026-05-01T03:51:24.4106950Z [36;1mcf_id  = curseforge_project_id(os.environ["CURSEFORGE_URL"])[0m
Port versions to CurseForge	Diff and upload	2026-05-01T03:51:24.4107678Z [36;1m[0m
Port versions to CurseForge	Diff and upload	2026-05-01T03:51:24.4107971Z [36;1mprint(f"\n{'='*70}")[0m
Port versions to CurseForge	Diff and upload	2026-05-01T03:51:24.4108363Z [36;1mprint(f"  Modrinth  : {mr_ref}")[0m
Port versions to CurseForge	Diff and upload	2026-05-01T03:51:24.4108814Z [36;1mprint(f"  CurseForge: {cf_id}")[0m
Port versions to CurseForge	Diff and upload	2026-05-01T03:51:24.4109264Z [36;1mprint(f"  Dry run   : {DRY_RUN}")[0m
Port versions to CurseForge	Diff and upload	2026-05-01T03:51:24.4109693Z [36;1mprint(f"{'='*70}\n")[0m
Port versions to CurseForge	Diff and upload	2026-05-01T03:51:24.4110033Z [36;1m[0m
Port versions to CurseForge	Diff and upload	2026-05-01T03:51:24.4110443Z [36;1mprint("[1/4] Fetching Modrinth project and versions...")[0m
Port versions to CurseForge	Diff and upload	2026-05-01T03:51:24.4111214Z [36;1mmr_project = modrinth_get(f"/project/{urllib.parse.quote(mr_ref, safe='')}")[0m
Port versions to CurseForge	Diff and upload	2026-05-01T03:51:24.4111884Z [36;1mmr_id      = mr_project["id"][0m
Port versions to CurseForge	Diff and upload	2026-05-01T03:51:24.4112413Z [36;1mprint(f"  Title: {mr_project.get('title')}  ID: {mr_id}")[0m
Port versions to CurseForge	Diff and upload	2026-05-01T03:51:24.4112936Z [36;1m[0m
Port versions to CurseForge	Diff and upload	2026-05-01T03:51:24.4113500Z [36;1mall_versions = modrinth_get(f"/project/{urllib.parse.quote(mr_id, safe='')}/version")[0m
Port versions to CurseForge	Diff and upload	2026-05-01T03:51:24.4114269Z [36;1mif not isinstance(all_versions, list):[0m
Port versions to CurseForge	Diff and upload	2026-05-01T03:51:24.4114736Z [36;1m    all_versions = [][0m
Port versions to CurseForge	Diff and upload	2026-05-01T03:51:24.4115096Z [36;1mprint(f"  Total version entries: {len(all_versions)}")[0m
Port versions to CurseForge	Diff and upload	2026-05-01T03:51:24.4115395Z [36;1m[0m
Port versions to CurseForge	Diff and upload	2026-05-01T03:51:24.4115600Z [36;1mmr_latest = latest_per_combo(all_versions)[0m
Port versions to CurseForge	Diff and upload	2026-05-01T03:51:24.4115964Z [36;1mprint(f"  Unique (mc_version, loader) combos: {len(mr_latest)}")[0m
Port versions to CurseForge	Diff and upload	2026-05-01T03:51:24.4116287Z [36;1m[0m
Port versions to CurseForge	Diff and upload	2026-05-01T03:51:24.4116510Z [36;1m# ----------------------------------------------------------------[0m
Port versions to CurseForge	Diff and upload	2026-05-01T03:51:24.4116829Z [36;1m# Step 2: Fetch CurseForge[0m
Port versions to CurseForge	Diff and upload	2026-05-01T03:51:24.4117115Z [36;1m# ----------------------------------------------------------------[0m
Port versions to CurseForge	Diff and upload	2026-05-01T03:51:24.4117764Z [36;1mprint("\n[2/4] Fetching CurseForge game versions and existing files...")[0m
Port versions to CurseForge	Diff and upload	2026-05-01T03:51:24.4118206Z [36;1mcf_game_versions = curseforge_get("/api/game/versions")[0m
Port versions to CurseForge	Diff and upload	2026-05-01T03:51:24.4118562Z [36;1mif not isinstance(cf_game_versions, list):[0m
Port versions to CurseForge	Diff and upload	2026-05-01T03:51:24.4118834Z [36;1m    cf_game_versions = [][0m
Port versions to CurseForge	Diff and upload	2026-05-01T03:51:24.4119137Z [36;1mcf_lookup = {v["name"]: v["id"] for v in cf_game_versions}[0m
Port versions to CurseForge	Diff and upload	2026-05-01T03:51:24.4119544Z [36;1mprint(f"  CurseForge game version entries: {len(cf_lookup)}")[0m
Port versions to CurseForge	Diff and upload	2026-05-01T03:51:24.4119858Z [36;1m[0m
Port versions to CurseForge	Diff and upload	2026-05-01T03:51:24.4120094Z [36;1mcf_files = curseforge_get(f"/api/projects/{cf_id}/files")[0m
Port versions to CurseForge	Diff and upload	2026-05-01T03:51:24.4120430Z [36;1mif not isinstance(cf_files, list):[0m
Port versions to CurseForge	Diff and upload	2026-05-01T03:51:24.4120678Z [36;1m    cf_files = [][0m
Port versions to CurseForge	Diff and upload	2026-05-01T03:51:24.4120912Z [36;1mcf_present = cf_combos_present(cf_files)[0m
Port versions to CurseForge	Diff and upload	2026-05-01T03:51:24.4121246Z [36;1mprint(f"  Existing CurseForge files: {len(cf_files)}")[0m
Port versions to CurseForge	Diff and upload	2026-05-01T03:51:24.4121683Z [36;1mprint(f"  Unique (mc_version, loader) combos on CurseForge: {len(cf_present)}")[0m
Port versions to CurseForge	Diff and upload	2026-05-01T03:51:24.4122051Z [36;1m[0m
Port versions to CurseForge	Diff and upload	2026-05-01T03:51:24.4122279Z [36;1m# ----------------------------------------------------------------[0m
Port versions to CurseForge	Diff and upload	2026-05-01T03:51:24.4122580Z [36;1m# Step 3: Diff[0m
Port versions to CurseForge	Diff and upload	2026-05-01T03:51:24.4122831Z [36;1m# ----------------------------------------------------------------[0m
Port versions to CurseForge	Diff and upload	2026-05-01T03:51:24.4123156Z [36;1mprint("\n[3/4] Computing diff...")[0m
Port versions to CurseForge	Diff and upload	2026-05-01T03:51:24.4123538Z [36;1mmissing = [][0m
Port versions to CurseForge	Diff and upload	2026-05-01T03:51:24.4123804Z [36;1mfor (mc, loader), version in sorted(mr_latest.items()):[0m
Port versions to CurseForge	Diff and upload	2026-05-01T03:51:24.4124200Z [36;1m    cf_loader = LOADER_MAP.get(loader, loader.capitalize()).lower()[0m
Port versions to CurseForge	Diff and upload	2026-05-01T03:51:24.4124643Z [36;1m    if (mc, cf_loader) not in cf_present and (mc, loader) not in cf_present:[0m
Port versions to CurseForge	Diff and upload	2026-05-01T03:51:24.4125037Z [36;1m        missing.append(((mc, loader), version))[0m
Port versions to CurseForge	Diff and upload	2026-05-01T03:51:24.4125296Z [36;1m[0m
Port versions to CurseForge	Diff and upload	2026-05-01T03:51:24.4125506Z [36;1mmissing.sort(key=lambda x: (x[0][0], x[0][1]))[0m
Port versions to CurseForge	Diff and upload	2026-05-01T03:51:24.4125788Z [36;1m[0m
Port versions to CurseForge	Diff and upload	2026-05-01T03:51:24.4125952Z [36;1mif not missing:[0m
Port versions to CurseForge	Diff and upload	2026-05-01T03:51:24.4126427Z [36;1m    print("\n  All Modrinth versions are already present on CurseForge. Nothing to do!")[0m
Port versions to CurseForge	Diff and upload	2026-05-01T03:51:24.4126832Z [36;1m    sys.exit(0)[0m
Port versions to CurseForge	Diff and upload	2026-05-01T03:51:24.4127022Z [36;1m[0m
Port versions to CurseForge	Diff and upload	2026-05-01T03:51:24.4127184Z [36;1m# Print table[0m
Port versions to CurseForge	Diff and upload	2026-05-01T03:51:24.4127624Z [36;1mprint(f"\n  {'='*68}")[0m
Port versions to CurseForge	Diff and upload	2026-05-01T03:51:24.4127974Z [36;1mprint(f"  Versions on Modrinth missing from CurseForge: {len(missing)}")[0m
Port versions to CurseForge	Diff and upload	2026-05-01T03:51:24.4128338Z [36;1mprint(f"  {'-'*68}")[0m
Port versions to CurseForge	Diff and upload	2026-05-01T03:51:24.4128703Z [36;1mprint(f"  {'#':<4} {'MC Version':<14} {'Loader':<12} {'Version #':<20} {'Type':<10} {'Published'}")[0m
Port versions to CurseForge	Diff and upload	2026-05-01T03:51:24.4129094Z [36;1mprint(f"  {'-'*68}")[0m
Port versions to CurseForge	Diff and upload	2026-05-01T03:51:24.4129354Z [36;1mfor i, ((mc, loader), v) in enumerate(missing, 1):[0m
Port versions to CurseForge	Diff and upload	2026-05-01T03:51:24.4129672Z [36;1m    vnum  = v.get("version_number", "?")[0m
Port versions to CurseForge	Diff and upload	2026-05-01T03:51:24.4129963Z [36;1m    vtype = v.get("version_type", "release")[0m
Port versions to CurseForge	Diff and upload	2026-05-01T03:51:24.4130304Z [36;1m    pub   = v.get("date_published", "")[:19].replace("T", " ")[0m
Port versions to CurseForge	Diff and upload	2026-05-01T03:51:24.4130628Z [36;1m    pf    = primary_file(v)[0m
Port versions to CurseForge	Diff and upload	2026-05-01T03:51:24.4130906Z [36;1m    fname = pf["filename"] if pf else "(no file)"[0m
Port versions to CurseForge	Diff and upload	2026-05-01T03:51:24.4131281Z [36;1m    print(f"  {i:<4} {mc:<14} {loader:<12} {vnum:<20} {vtype:<10} {pub}  {fname}")[0m
Port versions to CurseForge	Diff and upload	2026-05-01T03:51:24.4131642Z [36;1mprint(f"  {'='*68}\n")[0m
Port versions to CurseForge	Diff and upload	2026-05-01T03:51:24.4131851Z [36;1m[0m
Port versions to CurseForge	Diff and upload	2026-05-01T03:51:24.4132004Z [36;1mif DRY_RUN:[0m
Port versions to CurseForge	Diff and upload	2026-05-01T03:51:24.4132226Z [36;1m    print("  [DRY RUN] No files uploaded.")[0m
Port versions to CurseForge	Diff and upload	2026-05-01T03:51:24.4132493Z [36;1m    sys.exit(0)[0m
Port versions to CurseForge	Diff and upload	2026-05-01T03:51:24.4132677Z [36;1m[0m
Port versions to CurseForge	Diff and upload	2026-05-01T03:51:24.4132906Z [36;1m# ----------------------------------------------------------------[0m
Port versions to CurseForge	Diff and upload	2026-05-01T03:51:24.4133214Z [36;1m# Step 4: Upload[0m
Port versions to CurseForge	Diff and upload	2026-05-01T03:51:24.4133469Z [36;1m# ----------------------------------------------------------------[0m
Port versions to CurseForge	Diff and upload	2026-05-01T03:51:24.4133879Z [36;1mprint(f"[4/4] Uploading {len(missing)} version(s) to CurseForge...\n")[0m
Port versions to CurseForge	Diff and upload	2026-05-01T03:51:24.4134232Z [36;1msuccess = 0[0m
Port versions to CurseForge	Diff and upload	2026-05-01T03:51:24.4134414Z [36;1mfailed  = 0[0m
Port versions to CurseForge	Diff and upload	2026-05-01T03:51:24.4134584Z [36;1m[0m
Port versions to CurseForge	Diff and upload	2026-05-01T03:51:24.4134856Z [36;1mwith tempfile.TemporaryDirectory(prefix="cf_port_") as tmpdir:[0m
Port versions to CurseForge	Diff and upload	2026-05-01T03:51:24.4135212Z [36;1m    tmp = Path(tmpdir)[0m
Port versions to CurseForge	Diff and upload	2026-05-01T03:51:24.4135495Z [36;1m    for i, ((mc, loader), version) in enumerate(missing, 1):[0m
Port versions to CurseForge	Diff and upload	2026-05-01T03:51:24.4135847Z [36;1m        vnum      = version.get("version_number", "?")[0m
Port versions to CurseForge	Diff and upload	2026-05-01T03:51:24.4136253Z [36;1m        vname     = version.get("name") or f"{mr_project.get('title', '')} {vnum}"[0m
Port versions to CurseForge	Diff and upload	2026-05-01T03:51:24.4136758Z [36;1m        vtype     = RELEASE_TYPE_MAP.get(version.get("version_type", "release"), "release")[0m
Port versions to CurseForge	Diff and upload	2026-05-01T03:51:24.4137604Z [36;1m        changelog = version.get("changelog") or f"Ported from Modrinth. Version {vnum} for {mc} ({loader})."[0m
Port versions to CurseForge	Diff and upload	2026-05-01T03:51:24.4138075Z [36;1m[0m
Port versions to CurseForge	Diff and upload	2026-05-01T03:51:24.4138254Z [36;1m        pf = primary_file(version)[0m
Port versions to CurseForge	Diff and upload	2026-05-01T03:51:24.4138504Z [36;1m        if not pf:[0m
Port versions to CurseForge	Diff and upload	2026-05-01T03:51:24.4138857Z [36;1m            print(f"  [{i}/{len(missing)}] SKIP {mc}/{loader} {vnum} — no file on Modrinth.")[0m
Port versions to CurseForge	Diff and upload	2026-05-01T03:51:24.4139242Z [36;1m            failed += 1[0m
Port versions to CurseForge	Diff and upload	2026-05-01T03:51:24.4139596Z [36;1m            continue[0m
Port versions to CurseForge	Diff and upload	2026-05-01T03:51:24.4139794Z [36;1m[0m
Port versions to CurseForge	Diff and upload	2026-05-01T03:51:24.4140020Z [36;1m        filename     = pf.get("filename", f"mod-{vnum}.jar")[0m
Port versions to CurseForge	Diff and upload	2026-05-01T03:51:24.4140342Z [36;1m        download_url = pf.get("url", "")[0m
Port versions to CurseForge	Diff and upload	2026-05-01T03:51:24.4140589Z [36;1m[0m
Port versions to CurseForge	Diff and upload	2026-05-01T03:51:24.4140846Z [36;1m        print(f"  [{i}/{len(missing)}] {mc} / {loader} — {vnum} ({vtype})")[0m
Port versions to CurseForge	Diff and upload	2026-05-01T03:51:24.4141207Z [36;1m        print(f"    File     : {filename}")[0m
Port versions to CurseForge	Diff and upload	2026-05-01T03:51:24.4141635Z [36;1m        print(f"    Changelog: {changelog[:100].strip()!r}{'...' if len(changelog) > 100 else ''}")[0m
Port versions to CurseForge	Diff and upload	2026-05-01T03:51:24.4142041Z [36;1m[0m
Port versions to CurseForge	Diff and upload	2026-05-01T03:51:24.4142299Z [36;1m        cf_version_ids = resolve_cf_version_ids(mc, loader, cf_lookup)[0m
Port versions to CurseForge	Diff and upload	2026-05-01T03:51:24.4142834Z [36;1m        if not cf_version_ids:[0m
Port versions to CurseForge	Diff and upload	2026-05-01T03:51:24.4143220Z [36;1m            print(f"    [SKIP] Could not resolve CurseForge version IDs for {mc}/{loader}.")[0m
Port versions to CurseForge	Diff and upload	2026-05-01T03:51:24.4143622Z [36;1m            failed += 1[0m
Port versions to CurseForge	Diff and upload	2026-05-01T03:51:24.4143833Z [36;1m            continue[0m
Port versions to CurseForge	Diff and upload	2026-05-01T03:51:24.4144087Z [36;1m        print(f"    CF IDs   : {cf_version_ids}")[0m
Port versions to CurseForge	Diff and upload	2026-05-01T03:51:24.4144354Z [36;1m[0m
Port versions to CurseForge	Diff and upload	2026-05-01T03:51:24.4144531Z [36;1m        jar_path = tmp / filename[0m
Port versions to CurseForge	Diff and upload	2026-05-01T03:51:24.4144814Z [36;1m        print(f"    Downloading from Modrinth CDN...")[0m
Port versions to CurseForge	Diff and upload	2026-05-01T03:51:24.4145133Z [36;1m        download_file(download_url, jar_path)[0m
Port versions to CurseForge	Diff and upload	2026-05-01T03:51:24.4145474Z [36;1m        print(f"    Downloaded {jar_path.stat().st_size:,} bytes.")[0m
Port versions to CurseForge	Diff and upload	2026-05-01T03:51:24.4145777Z [36;1m[0m
Port versions to CurseForge	Diff and upload	2026-05-01T03:51:24.4145946Z [36;1m        cf_metadata = {[0m
Port versions to CurseForge	Diff and upload	2026-05-01T03:51:24.4146421Z [36;1m            "changelog":     changelog,[0m
Port versions to CurseForge	Diff and upload	2026-05-01T03:51:24.4146896Z [36;1m            "changelogType": "markdown",[0m
Port versions to CurseForge	Diff and upload	2026-05-01T03:51:24.4147548Z [36;1m            "displayName":   vname,[0m
Port versions to CurseForge	Diff and upload	2026-05-01T03:51:24.4148052Z [36;1m            "gameVersions":  cf_version_ids,[0m
Port versions to CurseForge	Diff and upload	2026-05-01T03:51:24.4148538Z [36;1m            "releaseType":   vtype,[0m
Port versions to CurseForge	Diff and upload	2026-05-01T03:51:24.4148960Z [36;1m        }[0m
Port versions to CurseForge	Diff and upload	2026-05-01T03:51:24.4149259Z [36;1m[0m
Port versions to CurseForge	Diff and upload	2026-05-01T03:51:24.4149484Z [36;1m        print(f"    Uploading to CurseForge...")[0m
Port versions to CurseForge	Diff and upload	2026-05-01T03:51:24.4149845Z [36;1m        new_id = curseforge_upload(cf_id, cf_metadata, jar_path)[0m
Port versions to CurseForge	Diff and upload	2026-05-01T03:51:24.4150407Z [36;1m        print(f"    ✓ Uploaded — CurseForge file ID: {new_id}")[0m
Port versions to CurseForge	Diff and upload	2026-05-01T03:51:24.4150966Z [36;1m        success += 1[0m
Port versions to CurseForge	Diff and upload	2026-05-01T03:51:24.4151305Z [36;1m[0m
Port versions to CurseForge	Diff and upload	2026-05-01T03:51:24.4151593Z [36;1m        if i < len(missing):[0m
Port versions to CurseForge	Diff and upload	2026-05-01T03:51:24.4152002Z [36;1m            time.sleep(1)[0m
Port versions to CurseForge	Diff and upload	2026-05-01T03:51:24.4152386Z [36;1m[0m
Port versions to CurseForge	Diff and upload	2026-05-01T03:51:24.4152666Z [36;1mprint(f"\n{'='*70}")[0m
Port versions to CurseForge	Diff and upload	2026-05-01T03:51:24.4153183Z [36;1mprint(f"  Done.  {success} uploaded,  {failed} failed/skipped.")[0m
Port versions to CurseForge	Diff and upload	2026-05-01T03:51:24.4153749Z [36;1mprint(f"{'='*70}\n")[0m
Port versions to CurseForge	Diff and upload	2026-05-01T03:51:24.4154093Z [36;1m[0m
Port versions to CurseForge	Diff and upload	2026-05-01T03:51:24.4154375Z [36;1mif failed:[0m
Port versions to CurseForge	Diff and upload	2026-05-01T03:51:24.4154695Z [36;1m    sys.exit(1)[0m
Port versions to CurseForge	Diff and upload	2026-05-01T03:51:24.4155030Z [36;1mPY[0m
Port versions to CurseForge	Diff and upload	2026-05-01T03:51:24.4181214Z shell: /usr/bin/bash --noprofile --norc -e -o pipefail {0}
Port versions to CurseForge	Diff and upload	2026-05-01T03:51:24.4181568Z env:
Port versions to CurseForge	Diff and upload	2026-05-01T03:51:24.4181830Z   pythonLocation: /opt/hostedtoolcache/Python/3.12.13/x64
Port versions to CurseForge	Diff and upload	2026-05-01T03:51:24.4182252Z   PKG_CONFIG_PATH: /opt/hostedtoolcache/Python/3.12.13/x64/lib/pkgconfig
Port versions to CurseForge	Diff and upload	2026-05-01T03:51:24.4182657Z   Python_ROOT_DIR: /opt/hostedtoolcache/Python/3.12.13/x64
Port versions to CurseForge	Diff and upload	2026-05-01T03:51:24.4183022Z   Python2_ROOT_DIR: /opt/hostedtoolcache/Python/3.12.13/x64
Port versions to CurseForge	Diff and upload	2026-05-01T03:51:24.4183388Z   Python3_ROOT_DIR: /opt/hostedtoolcache/Python/3.12.13/x64
Port versions to CurseForge	Diff and upload	2026-05-01T03:51:24.4183764Z   LD_LIBRARY_PATH: /opt/hostedtoolcache/Python/3.12.13/x64/lib
Port versions to CurseForge	Diff and upload	2026-05-01T03:51:24.4184454Z   MODRINTH_TOKEN: ***
Port versions to CurseForge	Diff and upload	2026-05-01T03:51:24.4184741Z   CURSEFORGE_TOKEN: ***
Port versions to CurseForge	Diff and upload	2026-05-01T03:51:24.4185014Z   MODRINTH_URL: https://modrinth.com/mod/pingfix
Port versions to CurseForge	Diff and upload	2026-05-01T03:51:24.4185600Z   CURSEFORGE_URL: https://www.curseforge.com/minecraft/mc-mods/fix-my-pinggggg
Port versions to CurseForge	Diff and upload	2026-05-01T03:51:24.4185984Z   DRY_RUN: false
Port versions to CurseForge	Diff and upload	2026-05-01T03:51:24.4186169Z ##[endgroup]
Port versions to CurseForge	Diff and upload	2026-05-01T03:51:26.5795387Z [ERROR] Not found (HTTP 404): https://minecraft.curseforge.com/api/projects/fix-my-pinggggg/files
Port versions to CurseForge	Diff and upload	2026-05-01T03:51:26.5796073Z 
Port versions to CurseForge	Diff and upload	2026-05-01T03:51:26.5796270Z ======================================================================
Port versions to CurseForge	Diff and upload	2026-05-01T03:51:26.5796874Z   Modrinth  : pingfix
Port versions to CurseForge	Diff and upload	2026-05-01T03:51:26.5797206Z   CurseForge: fix-my-pinggggg
Port versions to CurseForge	Diff and upload	2026-05-01T03:51:26.5797768Z   Dry run   : False
Port versions to CurseForge	Diff and upload	2026-05-01T03:51:26.5798106Z ======================================================================
Port versions to CurseForge	Diff and upload	2026-05-01T03:51:26.5798437Z 
Port versions to CurseForge	Diff and upload	2026-05-01T03:51:26.5799222Z [1/4] Fetching Modrinth project and versions...
Port versions to CurseForge	Diff and upload	2026-05-01T03:51:26.5799717Z   Title: FIX MY PINGGGGG  ID: 9GikcByI
Port versions to CurseForge	Diff and upload	2026-05-01T03:51:26.5800157Z   Total version entries: 77
Port versions to CurseForge	Diff and upload	2026-05-01T03:51:26.5800544Z   Unique (mc_version, loader) combos: 81
Port versions to CurseForge	Diff and upload	2026-05-01T03:51:26.5800818Z 
Port versions to CurseForge	Diff and upload	2026-05-01T03:51:26.5801076Z [2/4] Fetching CurseForge game versions and existing files...
Port versions to CurseForge	Diff and upload	2026-05-01T03:51:26.5801605Z   CurseForge game version entries: 7045
Port versions to CurseForge	Diff and upload	2026-05-01T03:51:26.5921366Z ##[error]Process completed with exit code 1.
Port versions to CurseForge	Write step summary	﻿2026-05-01T03:51:26.5973764Z ##[group]Run {
Port versions to CurseForge	Write step summary	2026-05-01T03:51:26.5974205Z [36;1m{[0m
Port versions to CurseForge	Write step summary	2026-05-01T03:51:26.5974401Z [36;1m  echo "## CurseForge Port"[0m
Port versions to CurseForge	Write step summary	2026-05-01T03:51:26.5974646Z [36;1m  echo ""[0m
Port versions to CurseForge	Write step summary	2026-05-01T03:51:26.5974948Z [36;1m  echo "| | |"[0m
Port versions to CurseForge	Write step summary	2026-05-01T03:51:26.5975250Z [36;1m  echo "|---|---|"[0m
Port versions to CurseForge	Write step summary	2026-05-01T03:51:26.5975574Z [36;1m  echo "| Modrinth | \`$MODRINTH_URL\` |"[0m
Port versions to CurseForge	Write step summary	2026-05-01T03:51:26.5975907Z [36;1m  echo "| CurseForge | \`$CURSEFORGE_URL\` |"[0m
Port versions to CurseForge	Write step summary	2026-05-01T03:51:26.5976455Z [36;1m  echo "| Dry run | \`$DRY_RUN\` |"[0m
Port versions to CurseForge	Write step summary	2026-05-01T03:51:26.5976910Z [36;1m} >> "$GITHUB_STEP_SUMMARY"[0m
Port versions to CurseForge	Write step summary	2026-05-01T03:51:26.6001082Z shell: /usr/bin/bash --noprofile --norc -e -o pipefail {0}
Port versions to CurseForge	Write step summary	2026-05-01T03:51:26.6001409Z env:
Port versions to CurseForge	Write step summary	2026-05-01T03:51:26.6001664Z   pythonLocation: /opt/hostedtoolcache/Python/3.12.13/x64
Port versions to CurseForge	Write step summary	2026-05-01T03:51:26.6002107Z   PKG_CONFIG_PATH: /opt/hostedtoolcache/Python/3.12.13/x64/lib/pkgconfig
Port versions to CurseForge	Write step summary	2026-05-01T03:51:26.6002510Z   Python_ROOT_DIR: /opt/hostedtoolcache/Python/3.12.13/x64
Port versions to CurseForge	Write step summary	2026-05-01T03:51:26.6002903Z   Python2_ROOT_DIR: /opt/hostedtoolcache/Python/3.12.13/x64
Port versions to CurseForge	Write step summary	2026-05-01T03:51:26.6003270Z   Python3_ROOT_DIR: /opt/hostedtoolcache/Python/3.12.13/x64
Port versions to CurseForge	Write step summary	2026-05-01T03:51:26.6003638Z   LD_LIBRARY_PATH: /opt/hostedtoolcache/Python/3.12.13/x64/lib
Port versions to CurseForge	Write step summary	2026-05-01T03:51:26.6003996Z   MODRINTH_URL: https://modrinth.com/mod/pingfix
Port versions to CurseForge	Write step summary	2026-05-01T03:51:26.6004393Z   CURSEFORGE_URL: https://www.curseforge.com/minecraft/mc-mods/fix-my-pinggggg
Port versions to CurseForge	Write step summary	2026-05-01T03:51:26.6004761Z   DRY_RUN: false
Port versions to CurseForge	Write step summary	2026-05-01T03:51:26.6004938Z ##[endgroup]
Port versions to CurseForge	Post Run actions/checkout@v4	﻿2026-05-01T03:51:26.6150465Z Post job cleanup.
Port versions to CurseForge	Post Run actions/checkout@v4	2026-05-01T03:51:26.7194836Z [command]/usr/bin/git version
Port versions to CurseForge	Post Run actions/checkout@v4	2026-05-01T03:51:26.7234239Z git version 2.53.0
Port versions to CurseForge	Post Run actions/checkout@v4	2026-05-01T03:51:26.7282831Z Temporarily overriding HOME='/home/runner/work/_temp/8c99c78e-32a6-40df-b5ea-074c1e0fc09e' before making global git config changes
Port versions to CurseForge	Post Run actions/checkout@v4	2026-05-01T03:51:26.7284223Z Adding repository directory to the temporary git global config as a safe directory
Port versions to CurseForge	Post Run actions/checkout@v4	2026-05-01T03:51:26.7290635Z [command]/usr/bin/git config --global --add safe.directory /home/runner/work/ModCompiler/ModCompiler
Port versions to CurseForge	Post Run actions/checkout@v4	2026-05-01T03:51:26.7337443Z [command]/usr/bin/git config --local --name-only --get-regexp core\.sshCommand
Port versions to CurseForge	Post Run actions/checkout@v4	2026-05-01T03:51:26.7373186Z [command]/usr/bin/git submodule foreach --recursive sh -c "git config --local --name-only --get-regexp 'core\.sshCommand' && git config --local --unset-all 'core.sshCommand' || :"
Port versions to CurseForge	Post Run actions/checkout@v4	2026-05-01T03:51:26.7819286Z fatal: No url found for submodule path 'LibraryMods/3arthh4ck' in .gitmodules
Port versions to CurseForge	Post Run actions/checkout@v4	2026-05-01T03:51:26.7869783Z ##[warning]The process '/usr/bin/git' failed with exit code 128
Port versions to CurseForge	Complete job	﻿2026-05-01T03:51:26.7955293Z Cleaning up orphan processes
Port versions to CurseForge	Complete job	2026-05-01T03:51:26.8278593Z ##[warning]Node.js 20 actions are deprecated. The following actions are running on Node.js 20 and may not work as expected: actions/checkout@v4, actions/setup-python@v5. Actions will be forced to run with Node.js 24 by default starting June 2nd, 2026. Node.js 20 will be removed from the runner on September 16th, 2026. Please check if updated versions of these actions are available that support Node.js 24. To opt into Node.js 24 now, set the FORCE_JAVASCRIPT_ACTIONS_TO_NODE24=true environment variable on the runner or in your workflow file. Once Node.js 24 becomes the default, you can temporarily opt out by setting ACTIONS_ALLOW_USE_UNSECURE_NODE_VERSION=true. For more information see: https://github.blog/changelog/2025-09-19-deprecation-of-node-20-on-github-actions-runners/
