[03:19:54] [main/WARNING] [Main]: Not running from the headlessmc-launcher-wrapper. No plugin support and in-memory launching.
Launching version fabric-loader-0.19.3-1.21.11, 181ee88f-a738-4236-bf64-b7ab8c27b7d3
[03:19:54] [main/INFO] [XvfbService]: Running with xvfb
[03:19:54] [main/INFO] [LaunchOptions]: You are offline but running with xvfb, not using headless mode.
[03:19:54] [main/INFO] [Log4jPatcher]: Patching lookup in org/apache/logging/log4j/core/lookup/Interpolator
[03:19:54] [main/INFO] [Log4jPatcher]: Patching lookup in org/apache/logging/log4j/core/lookup/JndiLookup
[03:19:57] [main/INFO] [ParallelIOService]: Download took 2627.473902ms, parallel: true
[03:19:57] [main/INFO] [ProcessFactory]: Game will run in /home/runner/work/ModCompiler/ModCompiler/run
[03:20:06] [main/INFO]: Loading Minecraft 1.21.11 with Fabric Loader 0.19.3
[03:20:06] [main/INFO]: Fabric is preparing JARs on first launch, this may take a few seconds...
[03:20:06] [main/INFO]: Loading 6 mods:
	- fabricloader 0.19.3
	   \-- mixinextras 0.5.4
	- java 21
	- mc_runtime_test 1.21.11-4.4.0
	- minecraft 1.21.11
	- pingfix 3.1.0
[03:20:06] [main/INFO]: SpongePowered MIXIN Subsystem Version=0.8.7 Source=file:/home/runner/.minecraft/libraries/net/fabricmc/sponge-mixin/0.17.3+mixin.0.8.7/sponge-mixin-0.17.3+mixin.0.8.7.jar Service=Knot/Fabric Env=CLIENT
[03:20:06] [main/INFO]: Compatibility level set to JAVA_21
[03:20:07] [Datafixer Bootstrap/INFO]: 287 Datafixer optimizations took 510 milliseconds
[03:20:12] [Render thread/INFO]: Initializing MixinExtras via com.llamalad7.mixinextras.service.MixinExtrasServiceImpl(version=0.5.4).
[03:20:12] [Render thread/INFO]: Environment: Environment[sessionHost=https://sessionserver.mojang.com, servicesHost=https://api.minecraftservices.com, profilesHost=https://api.mojang.com, name=PROD]
[03:20:12] [Render thread/INFO]: Setting user: Offline
[03:20:12] [Render thread/INFO]: ==========================================
[03:20:12] [Render thread/INFO]:              PingFix v3.1.0
[03:20:12] [Render thread/INFO]: ------------------------------------------
[03:20:12] [Render thread/INFO]:  Author      : itamio
[03:20:12] [Render thread/INFO]:  Description : Get it together ping!! (fixes Minecraft's buggy ping)
[03:20:12] [Render thread/INFO]: ==========================================
[03:20:12] [Render thread/INFO]: Backend library: LWJGL version 3.3.3-snapshot
[03:20:13] [Download-2/ERROR]: Failed to fetch user properties
com.mojang.authlib.exceptions.InvalidCredentialsException: Status: 401
	at knot//com.mojang.authlib.exceptions.MinecraftClientHttpException.toAuthenticationException(MinecraftClientHttpException.java:59)
	at knot//com.mojang.authlib.yggdrasil.YggdrasilUserApiService.fetchProperties(YggdrasilUserApiService.java:150)
	at knot//net.minecraft.class_310.method_55608(class_310.java:457)
	at java.base/java.util.concurrent.CompletableFuture$AsyncSupply.run(CompletableFuture.java:1768)
	at java.base/java.util.concurrent.ThreadPoolExecutor.runWorker(ThreadPoolExecutor.java:1144)
	at java.base/java.util.concurrent.ThreadPoolExecutor$Worker.run(ThreadPoolExecutor.java:642)
	at java.base/java.lang.Thread.run(Thread.java:1583)
Caused by: com.mojang.authlib.exceptions.MinecraftClientHttpException: Status: 401
	at knot//com.mojang.authlib.minecraft.client.MinecraftClient.readInputStream(MinecraftClient.java:103)
	at knot//com.mojang.authlib.minecraft.client.MinecraftClient.get(MinecraftClient.java:56)
	at knot//com.mojang.authlib.yggdrasil.YggdrasilUserApiService.fetchProperties(YggdrasilUserApiService.java:121)
	... 5 more
[03:20:16] [Render thread/INFO]: Using optional rendering extensions: GL_ARB_buffer_storage, GL_KHR_debug, GL_ARB_vertex_attrib_binding, GL_ARB_direct_state_access, GL_EXT_texture_filter_anisotropic
[03:20:17] [Download-2/INFO]: Could not authorize you against Realms server: javax.ws.rs.BadRequestException: Invalid session
[03:20:17] [Download-2/ERROR]: Failed to fetch Realms feature flags
net.minecraft.class_4355: Realms authentication error with message 'javax.ws.rs.BadRequestException: Invalid session'
	at knot//net.minecraft.class_4341.method_20998(class_4341.java:526)
	at knot//net.minecraft.class_4341.method_68466(class_4341.java:186)
	at java.base/java.util.concurrent.CompletableFuture$AsyncSupply.run(CompletableFuture.java:1768)
	at java.base/java.util.concurrent.ThreadPoolExecutor.runWorker(ThreadPoolExecutor.java:1144)
	at java.base/java.util.concurrent.ThreadPoolExecutor$Worker.run(ThreadPoolExecutor.java:642)
	at java.base/java.lang.Thread.run(Thread.java:1583)
[03:20:17] [Render thread/ERROR]: Error while loading the narrator
com.mojang.text2speech.Narrator$InitializeException: Failed to load library flite
	at knot//com.mojang.text2speech.NarratorLinux$FliteLibrary.loadNative(NarratorLinux.java:81)
	at knot//com.mojang.text2speech.NarratorLinux.<init>(NarratorLinux.java:18)
	at knot//com.mojang.text2speech.Narrator.getNarrator(Narrator.java:41)
	at knot//net.minecraft.class_333.<init>(class_333.java:20)
	at knot//net.minecraft.class_310.<init>(class_310.java:702)
	at knot//net.minecraft.client.main.Main.main(Main.java:234)
	at net.fabricmc.loader.impl.game.minecraft.MinecraftGameProvider.launch(MinecraftGameProvider.java:514)
	at net.fabricmc.loader.impl.launch.knot.Knot.launch(Knot.java:72)
	at net.fabricmc.loader.impl.launch.knot.KnotClient.main(KnotClient.java:23)
Caused by: java.lang.UnsatisfiedLinkError: Unable to load library 'flite':
libflite.so: cannot open shared object file: No such file or directory
libflite.so: cannot open shared object file: No such file or directory
Native library (linux-x86-64/libflite.so) not found in resource path (/home/runner/.minecraft/libraries/at/yawk/lz4/lz4-java/1.8.1/lz4-java-1.8.1.jar:/home/runner/.minecraft/libraries/com/azure/azure-json/1.4.0/azure-json-1.4.0.jar:/home/runner/.minecraft/libraries/com/github/oshi/oshi-core/6.9.0/oshi-core-6.9.0.jar:/home/runner/.minecraft/libraries/com/google/code/gson/gson/2.13.2/gson-2.13.2.jar:/home/runner/.minecraft/libraries/com/google/guava/failureaccess/1.0.3/failureaccess-1.0.3.jar:/home/runner/.minecraft/libraries/com/google/guava/guava/33.5.0-jre/guava-33.5.0-jre.jar:/home/runner/.minecraft/libraries/com/ibm/icu/icu4j/77.1/icu4j-77.1.jar:/home/runner/.minecraft/libraries/com/microsoft/azure/msal4j/1.23.1/msal4j-1.23.1.jar:/home/runner/.minecraft/libraries/com/mojang/authlib/7.0.61/authlib-7.0.61.jar:/home/runner/.minecraft/libraries/com/mojang/blocklist/1.0.10/blocklist-1.0.10.jar:/home/runner/.minecraft/libraries/com/mojang/brigadier/1.3.10/brigadier-1.3.10.jar:/home/runner/.minecraft/libraries/com/mojang/datafixerupper/9.0.19/datafixerupper-9.0.19.jar:/home/runner/.minecraft/libraries/com/mojang/jtracy/1.0.37/jtracy-1.0.37.jar:/home/runner/.minecraft/libraries/com/mojang/jtracy/1.0.37/jtracy-1.0.37-natives-linux.jar:/home/runner/.minecraft/libraries/com/mojang/logging/1.6.11/logging-1.6.11.jar:/home/runner/.minecraft/libraries/com/mojang/patchy/2.2.10/patchy-2.2.10.jar:/home/runner/.minecraft/libraries/com/mojang/text2speech/1.18.11/text2speech-1.18.11.jar:/home/runner/.minecraft/libraries/commons-codec/commons-codec/1.19.0/commons-codec-1.19.0.jar:/home/runner/.minecraft/libraries/commons-io/commons-io/2.20.0/commons-io-2.20.0.jar:/home/runner/.minecraft/libraries/io/netty/netty-buffer/4.2.7.Final/netty-buffer-4.2.7.Final.jar:/home/runner/.minecraft/libraries/io/netty/netty-codec-base/4.2.7.Final/netty-codec-base-4.2.7.Final.jar:/home/runner/.minecraft/libraries/io/netty/netty-codec-compression/4.2.7.Final/netty-codec-compression-4.2.7.Final.jar:/home/runner/.minecraft/libraries/io/netty/netty-codec-http/4.2.7.Final/netty-codec-http-4.2.7.Final.jar:/home/runner/.minecraft/libraries/io/netty/netty-common/4.2.7.Final/netty-common-4.2.7.Final.jar:/home/runner/.minecraft/libraries/io/netty/netty-handler/4.2.7.Final/netty-handler-4.2.7.Final.jar:/home/runner/.minecraft/libraries/io/netty/netty-resolver/4.2.7.Final/netty-resolver-4.2.7.Final.jar:/home/runner/.minecraft/libraries/io/netty/netty-transport-classes-epoll/4.2.7.Final/netty-transport-classes-epoll-4.2.7.Final.jar:/home/runner/.minecraft/libraries/io/netty/netty-transport-classes-kqueue/4.2.7.Final/netty-transport-classes-kqueue-4.2.7.Final.jar:/home/runner/.minecraft/libraries/io/netty/netty-transport-native-epoll/4.2.7.Final/netty-transport-native-epoll-4.2.7.Final-linux-aarch_64.jar:/home/runner/.minecraft/libraries/io/netty/netty-transport-native-epoll/4.2.7.Final/netty-transport-native-epoll-4.2.7.Final-linux-x86_64.jar:/home/runner/.minecraft/libraries/io/netty/netty-transport-native-unix-common/4.2.7.Final/netty-transport-native-unix-common-4.2.7.Final.jar:/home/runner/.minecraft/libraries/io/netty/netty-transport/4.2.7.Final/netty-transport-4.2.7.Final.jar:/home/runner/.minecraft/libraries/it/unimi/dsi/fastutil/8.5.18/fastutil-8.5.18.jar:/home/runner/.minecraft/libraries/net/java/dev/jna/jna-platform/5.17.0/jna-platform-5.17.0.jar:/home/runner/.minecraft/libraries/net/java/dev/jna/jna/5.17.0/jna-5.17.0.jar:/home/runner/.minecraft/libraries/net/sf/jopt-simple/jopt-simple/5.0.4/jopt-simple-5.0.4.jar:/home/runner/.minecraft/libraries/org/apache/commons/commons-compress/1.28.0/commons-compress-1.28.0.jar:/home/runner/.minecraft/libraries/org/apache/commons/commons-lang3/3.19.0/commons-lang3-3.19.0.jar:/home/runner/work/ModCompiler/ModCompiler/HeadlessMC/181ee88f-a738-4236-bf64-b7ab8c27b7d3/log4j-api-2.25.2.jar:/home/runner/work/ModCompiler/ModCompiler/HeadlessMC/181ee88f-a738-4236-bf64-b7ab8c27b7d3/log4j-core-2.25.2.jar:/home/runner/work/ModCompiler/ModCompiler/HeadlessMC/181ee88f-a738-4236-bf64-b7ab8c27b7d3/log4j-slf4j2-impl-2.25.2.jar:/home/runner/.minecraft/libraries/org/jcraft/jorbis/0.0.17/jorbis-0.0.17.jar:/home/runner/.minecraft/libraries/org/joml/joml/1.10.8/joml-1.10.8.jar:/home/runner/.minecraft/libraries/org/jspecify/jspecify/1.0.0/jspecify-1.0.0.jar:/home/runner/.minecraft/libraries/org/lwjgl/lwjgl-freetype/