[03:19:16] [main/WARNING] [Main]: Not running from the headlessmc-launcher-wrapper. No plugin support and in-memory launching.
Launching version fabric-loader-0.19.3-1.21.7, 4e83ae83-8edd-48d0-87e8-e40420b0bb91
[03:19:17] [main/INFO] [XvfbService]: Running with xvfb
[03:19:17] [main/INFO] [LaunchOptions]: You are offline but running with xvfb, not using headless mode.
[03:19:17] [main/INFO] [Log4jPatcher]: Patching lookup in org/apache/logging/log4j/core/lookup/Interpolator
[03:19:17] [main/INFO] [Log4jPatcher]: Patching lookup in org/apache/logging/log4j/core/lookup/JndiLookup
[03:19:22] [main/INFO] [ParallelIOService]: Download took 2455.807351ms, parallel: true
[03:19:22] [main/INFO] [ProcessFactory]: Game will run in /home/runner/work/ModCompiler/ModCompiler/run
[03:19:29] [main/INFO]: Loading Minecraft 1.21.7 with Fabric Loader 0.19.3
[03:19:29] [main/INFO]: Fabric is preparing JARs on first launch, this may take a few seconds...
[03:19:30] [main/WARN]: Mod resolution failed
[03:19:30] [main/INFO]: Immediate reason: [HARD_DEP_INCOMPATIBLE_PRESELECTED mc_runtime_test 1.19.1-4.4.0 {depends minecraft @ [~1.19.0]}, ROOT_FORCELOAD_SINGLE mc_runtime_test 1.19.1-4.4.0]
[03:19:30] [main/INFO]: Reason: [HARD_DEP mc_runtime_test 1.19.1-4.4.0 {depends minecraft @ [~1.19.0]}, HARD_DEP pingfix 1.0.0 {depends minecraft @ [1.19.1]}, HARD_DEP pingfix 1.0.0 {depends fabric-api @ [*]}]
[03:19:30] [main/INFO]: Fix: add [add:fabric-api 1 ([(-∞,∞)])], remove [], replace [[minecraft 1.21.7] -> add:minecraft 1.19.1 ([[1.19.1,1.19.1]])]
[03:19:30] [main/ERROR]: Incompatible mods found!
net.fabricmc.loader.impl.FormattedException: Some of your mods are incompatible with the game or each other!
A potential solution has been determined, this may resolve your problem:
	 - Install fabric-api, any version.
	 - Replace 'Minecraft' (minecraft) 1.21.7 with version 1.19.1.
More details:
	 - Mod 'MC-Runtime-Test' (mc_runtime_test) 1.19.1-4.4.0 requires any version between 1.19.0 (inclusive) and 1.20- (exclusive) of 'Minecraft' (minecraft), but only the wrong version is present: 1.21.7!
	 - Mod 'PingFix' (pingfix) 1.0.0 requires version 1.19.1 of 'Minecraft' (minecraft), but only the wrong version is present: 1.21.7!
	 - Mod 'PingFix' (pingfix) 1.0.0 requires any version of fabric-api, which is missing!
	at net.fabricmc.loader.impl.FormattedException.ofLocalized(FormattedException.java:51) ~[fabric-loader-0.19.3.jar:?]
	at net.fabricmc.loader.impl.FabricLoaderImpl.load(FabricLoaderImpl.java:202) ~[fabric-loader-0.19.3.jar:?]
	at net.fabricmc.loader.impl.launch.knot.Knot.init(Knot.java:142) ~[fabric-loader-0.19.3.jar:?]
	at net.fabricmc.loader.impl.launch.knot.Knot.launch(Knot.java:66) [fabric-loader-0.19.3.jar:?]
	at net.fabricmc.loader.impl.launch.knot.KnotClient.main(KnotClient.java:23) [fabric-loader-0.19.3.jar:?]
Minecraft exited with code: 1
[03:19:30] [main/INFO] [AbstractLaunchProcessLifecycle]: Deleting 4e83ae83-8edd-48d0-87e8-e40420b0bb91
