[03:19:36] [main/WARNING] [Main]: Not running from the headlessmc-launcher-wrapper. No plugin support and in-memory launching.
Launching version neoforge-20.2.93, 5f1039d7-bb08-485a-aaac-5eb20eab9462
[03:19:36] [main/INFO] [XvfbService]: Running with xvfb
[03:19:36] [main/INFO] [LaunchOptions]: You are offline but running with xvfb, not using headless mode.
[03:19:36] [main/INFO] [LibraryDownloader]: com/github/oshi/oshi-core/6.4.5/oshi-core-6.4.5.jar is missing, downloading from https://libraries.minecraft.net/com/github/oshi/oshi-core/6.4.5/oshi-core-6.4.5.jar
[03:19:36] [main/INFO] [LibraryDownloader]: com/mojang/authlib/5.0.47/authlib-5.0.47.jar is missing, downloading from https://libraries.minecraft.net/com/mojang/authlib/5.0.47/authlib-5.0.47.jar
[03:19:36] [main/INFO] [LibraryDownloader]: com/mojang/brigadier/1.1.8/brigadier-1.1.8.jar is missing, downloading from https://libraries.minecraft.net/com/mojang/brigadier/1.1.8/brigadier-1.1.8.jar
[03:19:36] [main/INFO] [LibraryDownloader]: com/mojang/datafixerupper/6.0.8/datafixerupper-6.0.8.jar is missing, downloading from https://libraries.minecraft.net/com/mojang/datafixerupper/6.0.8/datafixerupper-6.0.8.jar
[03:19:36] [main/INFO] [LibraryDownloader]: net/java/dev/jna/jna-platform/5.13.0/jna-platform-5.13.0.jar is missing, downloading from https://libraries.minecraft.net/net/java/dev/jna/jna-platform/5.13.0/jna-platform-5.13.0.jar
[03:19:37] [main/INFO] [LibraryDownloader]: net/java/dev/jna/jna/5.13.0/jna-5.13.0.jar is missing, downloading from https://libraries.minecraft.net/net/java/dev/jna/jna/5.13.0/jna-5.13.0.jar
[03:19:37] [main/INFO] [LibraryDownloader]: org/apache/commons/commons-compress/1.22/commons-compress-1.22.jar is missing, downloading from https://libraries.minecraft.net/org/apache/commons/commons-compress/1.22/commons-compress-1.22.jar
[03:19:37] [main/INFO] [LibraryDownloader]: org/apache/logging/log4j/log4j-slf4j2-impl/2.19.0/log4j-slf4j2-impl-2.19.0.jar is missing, downloading from https://libraries.minecraft.net/org/apache/logging/log4j/log4j-slf4j2-impl/2.19.0/log4j-slf4j2-impl-2.19.0.jar
[03:19:37] [main/INFO] [LibraryDownloader]: org/lwjgl/lwjgl-glfw/3.3.2/lwjgl-glfw-3.3.2.jar is missing, downloading from https://libraries.minecraft.net/org/lwjgl/lwjgl-glfw/3.3.2/lwjgl-glfw-3.3.2.jar
[03:19:37] [main/INFO] [LibraryDownloader]: org/lwjgl/lwjgl-glfw/3.3.2/lwjgl-glfw-3.3.2-natives-linux.jar is missing, downloading from https://libraries.minecraft.net/org/lwjgl/lwjgl-glfw/3.3.2/lwjgl-glfw-3.3.2-natives-linux.jar
[03:19:37] [main/INFO] [LibraryDownloader]: org/lwjgl/lwjgl-jemalloc/3.3.2/lwjgl-jemalloc-3.3.2.jar is missing, downloading from https://libraries.minecraft.net/org/lwjgl/lwjgl-jemalloc/3.3.2/lwjgl-jemalloc-3.3.2.jar
[03:19:37] [main/INFO] [LibraryDownloader]: org/lwjgl/lwjgl-jemalloc/3.3.2/lwjgl-jemalloc-3.3.2-natives-linux.jar is missing, downloading from https://libraries.minecraft.net/org/lwjgl/lwjgl-jemalloc/3.3.2/lwjgl-jemalloc-3.3.2-natives-linux.jar
[03:19:37] [main/INFO] [LibraryDownloader]: org/lwjgl/lwjgl-openal/3.3.2/lwjgl-openal-3.3.2.jar is missing, downloading from https://libraries.minecraft.net/org/lwjgl/lwjgl-openal/3.3.2/lwjgl-openal-3.3.2.jar
[03:19:37] [main/INFO] [LibraryDownloader]: org/lwjgl/lwjgl-openal/3.3.2/lwjgl-openal-3.3.2-natives-linux.jar is missing, downloading from https://libraries.minecraft.net/org/lwjgl/lwjgl-openal/3.3.2/lwjgl-openal-3.3.2-natives-linux.jar
[03:19:37] [main/INFO] [LibraryDownloader]: org/lwjgl/lwjgl-opengl/3.3.2/lwjgl-opengl-3.3.2.jar is missing, downloading from https://libraries.minecraft.net/org/lwjgl/lwjgl-opengl/3.3.2/lwjgl-opengl-3.3.2.jar
[03:19:37] [main/INFO] [LibraryDownloader]: org/lwjgl/lwjgl-opengl/3.3.2/lwjgl-opengl-3.3.2-natives-linux.jar is missing, downloading from https://libraries.minecraft.net/org/lwjgl/lwjgl-opengl/3.3.2/lwjgl-opengl-3.3.2-natives-linux.jar
[03:19:37] [main/INFO] [LibraryDownloader]: org/lwjgl/lwjgl-stb/3.3.2/lwjgl-stb-3.3.2.jar is missing, downloading from https://libraries.minecraft.net/org/lwjgl/lwjgl-stb/3.3.2/lwjgl-stb-3.3.2.jar
[03:19:39] [main/INFO] [LibraryDownloader]: org/lwjgl/lwjgl-stb/3.3.2/lwjgl-stb-3.3.2-natives-linux.jar is missing, downloading from https://libraries.minecraft.net/org/lwjgl/lwjgl-stb/3.3.2/lwjgl-stb-3.3.2-natives-linux.jar
[03:19:39] [main/INFO] [LibraryDownloader]: org/lwjgl/lwjgl-tinyfd/3.3.2/lwjgl-tinyfd-3.3.2.jar is missing, downloading from https://libraries.minecraft.net/org/lwjgl/lwjgl-tinyfd/3.3.2/lwjgl-tinyfd-3.3.2.jar
[03:19:39] [main/INFO] [LibraryDownloader]: org/lwjgl/lwjgl-tinyfd/3.3.2/lwjgl-tinyfd-3.3.2-natives-linux.jar is missing, downloading from https://libraries.minecraft.net/org/lwjgl/lwjgl-tinyfd/3.3.2/lwjgl-tinyfd-3.3.2-natives-linux.jar
[03:19:39] [main/INFO] [LibraryDownloader]: org/lwjgl/lwjgl/3.3.2/lwjgl-3.3.2.jar is missing, downloading from https://libraries.minecraft.net/org/lwjgl/lwjgl/3.3.2/lwjgl-3.3.2.jar
[03:19:39] [main/INFO] [LibraryDownloader]: org/lwjgl/lwjgl/3.3.2/lwjgl-3.3.2-natives-linux.jar is missing, downloading from https://libraries.minecraft.net/org/lwjgl/lwjgl/3.3.2/lwjgl-3.3.2-natives-linux.jar
[03:19:39] [main/INFO] [ProcessFactory]: Downloading neoforge-20.2.93 from https://piston-data.mojang.com/v1/objects/82d1974e75fc984c5ed4b038e764e50958ac61a0/client.jar
[03:19:40] [main/INFO] [Log4jPatcher]: Patching lookup in org/apache/logging/log4j/core/lookup/Interpolator
[03:19:40] [main/INFO] [Log4jPatcher]: Patching lookup in org/apache/logging/log4j/core/lookup/JndiLookup
[03:19:41] [main/INFO] [AssetsDownloader]: Downloading assets from https://piston-meta.mojang.com/v1/packages/4753aef91848a5886809ba1deacfdca396abd102/8.json
[03:19:42] [ForkJoinPool.commonPool-worker-1/INFO] [AssetsDownloader]: 76% (2786/3630) Downloading: minecraft/font/unifont.zip from https://resources.download.minecraft.net/a6/a661b5622172ea1ce1fa9ec78fad484d118e5689 to /home/runner/.minecraft/assets/objects/a6/a661b5622172ea1ce1fa9ec78fad484d118e5689
[03:19:43] [ForkJoinPool.commonPool-worker-1/INFO] [AssetsDownloader]: 95% (3459/3630) Downloading: minecraft/resourcepacks/high_contrast.zip from https://resources.download.minecraft.net/a9/a9b1ed0987ebce1032d83588fece1ef12642b602 to /home/runner/.minecraft/assets/objects/a9/a9b1ed0987ebce1032d83588fece1ef12642b602
[03:19:43] [ForkJoinPool.commonPool-worker-1/INFO] [AssetsDownloader]: 96% (3499/3630) Downloading: minecraft/resourcepacks/programmer_art.zip from https://resources.download.minecraft.net/14/141458e36420686689a4a804fc66b2cd131cd6a1 to /home/runner/.minecraft/assets/objects/14/141458e36420686689a4a804fc66b2cd131cd6a1
[03:19:43] [main/INFO] [ParallelIOService]: Download took 2283.921754ms, parallel: true
[03:19:43] [main/INFO] [ProcessFactory]: Game will run in /home/runner/work/ModCompiler/ModCompiler/run
[32m[03:19:45.602] [main/INFO] [Launcher/MODLAUNCHER]: ModLauncher running: args [--username, Offline, --version, neoforge-20.2.93, --gameDir, /home/runner/work/ModCompiler/ModCompiler/run, --assetsDir, /home/runner/.minecraft/assets, --assetIndex, 8, --uuid, 22689332a7fd41919600b0fe1135ee34, --accessToken, ❄❄❄❄❄❄❄❄, --clientId, , --xuid, , --userType, msa, --versionType, release, --fml.neoForgeVersion, 20.2.93, --fml.fmlVersion, 1.0.16, --fml.mcVersion, 1.20.2, --fml.neoFormVersion, 20231019.002635, --launchTarget, forgeclient] 
[m[32m[03:19:45.605] [main/INFO] [Launcher/MODLAUNCHER]: ModLauncher 10.0.9+10.0.9+main.dcd20f30 starting: java version 17.0.19 by Eclipse Adoptium; OS Linux arch amd64 version 6.17.0-1018-azure 
[m[33m[03:19:45.701] [main/WARN] [loading.FMLConfig/CORE]: Configuration file /home/runner/work/ModCompiler/ModCompiler/run/config/fml.toml is not correct. Correcting 
[m[32m[03:19:45.703] [main/INFO] [loading.FMLConfig/CORE]: Incorrect key [disableConfigWatcher] was corrected from null to false 
[m[32m[03:19:45.703] [main/INFO] [loading.FMLConfig/CORE]: Incorrect key [earlyWindowSkipGLVersions] was corrected from null to [] 
[m[32m[03:19:45.703] [main/INFO] [loading.FMLConfig/CORE]: Incorrect key [earlyWindowSquir] was corrected from null to false 
[m[32m[03:19:45.725] [main/INFO] [loading.ImmediateWindowHandler/]: Loading ImmediateWindowProvider fmlearlywindow 
[m[32m[03:19:45.971] [main/INFO] [EARLYDISPLAY/]: Trying GL version 4.6 
[m[32m[03:19:50.756] [main/INFO] [EARLYDISPLAY/]: Trying GL version 4.5 
[m[32m[03:19:52.606] [main/INFO] [EARLYDISPLAY/]: Requested GL version 4.5 got version 4.5 
[mFailed to load NeoForged icon
[32m[03:19:52.666] [main/INFO] [mixin/]: SpongePowered MIXIN Subsystem Version=0.8.5 Source=union:/home/runner/.minecraft/libraries/org/spongepowered/mixin/0.8.5/mixin-0.8.5.jar%23143!/ Service=ModLauncher Env=CLIENT 
[m[32m[03:19:52.678] [pool-2-thread-1/INFO] [EARLYDISPLAY/]: GL info: llvmpipe (LLVM 20.1.2, 256 bits) GL version 4.5 (Core Profile) Mesa 25.2.8-0ubuntu0.24.04.2, Mesa 
[m[32m[03:19:52.770] [main/INFO] [loading.moddiscovery.ModDiscoverer/SCAN]: Found mod file "mc-runtime-test-1.20.2-4.4.0-neoforge-release.jar" of type MOD with provider {mods folder locator at /home/runner/work/ModCompiler/ModCompiler/run/mods} 
[m[33m[03:19:52.971] [main/WARN] [loading.moddiscovery.ModFileParser/LOADING]: Mod file /home/runner/.minecraft/libraries/net/neoforged/fancymodloader/core/1.0.16/core-1.0.16.jar is missing mods.toml file 
[m[33m[03:19:52.972] [main/WARN] [loading.moddiscovery.ModFileParser/LOADING]: Mod file /home/runner/.minecraft/libraries/net/neoforged/fancymodloader/language-java/1.0.16/language-java-1.0.16.jar is missing mods.toml file 
[m[33m[03:19:52.973] [main/WARN] [loading.moddiscovery.ModFileParser/LOADING]: Mod file /home/runner/.minecraft/libraries/net/neoforged/fancymodloader/language-lowcode/1.0.16/language-lowcode-1.0.16.jar is missing mods.toml file 
[m[33m[03:19:52.974] [main/WARN] [loading.moddiscovery.ModFileParser/LOADING]: Mod file /home/runner/.minecraft/libraries/net/neoforged/fancymodloader/language-minecraft/1.0.16/langua