Downloading https://services.gradle.org/distributions/gradle-8.7-bin.zip
............10%.............20%.............30%.............40%............50%.............60%.............70%.............80%.............90%............100%

Welcome to Gradle 8.7!

Here are the highlights of this release:
 - Compiling and testing with Java 22
 - Cacheable Groovy script compilation
 - New methods in lazy collection properties

For more details see https://docs.gradle.org/8.7/release-notes.html

To honour the JVM settings for this build a single-use Daemon process will be forked. For more on this, please refer to https://docs.gradle.org/8.7/userguide/gradle_daemon.html#sec:disabling_the_daemon in the Gradle documentation.
Daemon will be stopped at the end of the build 

> Configure project :
Fabric Loom: 1.6.12
:remapping 54 mods from modImplementation (java-api)

> Task :compileJava NO-SOURCE
> Task :processResources
> Task :classes
> Task :compileClientJava
> Task :processClientResources
> Task :jar
> Task :sourcesJar
> Task :remapJar
> Task :remapSourcesJar
> Task :assemble
> Task :build

BUILD SUCCESSFUL in 1m 18s
7 actionable tasks: 7 executed
$ /opt/hostedtoolcache/Python/3.12.13/x64/bin/python 1.20-1.20.6/build_adapter.py --loader fabric --metadata-json /tmp/modcompiler-sortchest-fabric-1-20-1-p2px5_we/metadata.json --source-dir .workflow_state/prepared/mods/sortchest-fabric-1-20-1/src --template-workspace /tmp/modcompiler-sortchest-fabric-1-20-1-p2px5_we/workspace --minecraft-version 1.20.1 --manifest /home/runner/work/ModCompiler/ModCompiler/version-manifest.json


$ ./modcompiler-build.sh

