Downloading https://services.gradle.org/distributions/gradle-9.2.1-bin.zip
............10%.............20%.............30%.............40%.............50%.............60%.............70%.............80%.............90%.............100%

Welcome to Gradle 9.2.1!

Here are the highlights of this release:
 - Windows ARM support
 - Improved publishing APIs
 - Better guidance for dependency verification failures

For more details see https://docs.gradle.org/9.2.1/release-notes.html

To honour the JVM settings for this build a single-use Daemon process will be forked. For more on this, please refer to https://docs.gradle.org/9.2.1/userguide/gradle_daemon.html#sec:disabling_the_daemon in the Gradle documentation.
Daemon will be stopped at the end of the build 

> Configure project :
Fabric Loom: 1.14.10
~~~~~~~~~~~~~~~~~~~~~~~~~~~~~~~~~~~~~~~~~~~~~~~~~~~~~~~~~~~~~~
Using of the official minecraft mappings is at your own risk!
Please make sure to read and understand the following license:
~~~~~~~~~~~~~~~~~~~~~~~~~~~~~~~~~~~~~~~~~~~~~~~~~~~~~~~~~~~~~~
# (c) 2020 Microsoft Corporation. These mappings are provided "as-is" and you bear the risk of using them. You may copy and use the mappings for development purposes, but you may not redistribute the mappings complete and unmodified. Microsoft makes no warranties, express or implied, with respect to the mappings provided here.  Use and modification of this document or the source code (in any form) of Minecraft: Java Edition is governed by the Minecraft End User License Agreement available at https://account.mojang.com/documents/minecraft_eula.
~~~~~~~~~~~~~~~~~~~~~~~~~~~~~~~~~~~~~~~~~~~~~~~~~~~~~~~~~~~~~~

> Task :compileJava
/tmp/modcompiler-servercore-fabric-1-21-11-9v4k30ii/workspace/src/main/java/com/itamio/servercore/fabric/TeleportUtil.java:7: error: cannot find symbol
import net.minecraft.resources.ResourceLocation;
                              ^
  symbol:   class ResourceLocation
  location: package net.minecraft.resources
/tmp/modcompiler-servercore-fabric-1-21-11-9v4k30ii/workspace/src/main/java/com/itamio/servercore/fabric/TeleportUtil.java:83: error: cannot find symbol
    private static ResourceKey<Level> createDimensionKey(ResourceLocation id) throws ReflectiveOperationException {
                                                         ^
  symbol:   class ResourceLocation
  location: class TeleportUtil
/tmp/modcompiler-servercore-fabric-1-21-11-9v4k30ii/workspace/src/main/java/com/itamio/servercore/fabric/ServerCoreCommands.java:3: error: package com.itamio.servercore.forge.TeleportRequestService does not exist
import com.itamio.servercore.forge.TeleportRequestService.RequestType;
                                                         ^
/tmp/modcompiler-servercore-fabric-1-21-11-9v4k30ii/workspace/src/main/java/com/itamio/servercore/fabric/ServerCoreCommands.java:4: error: package com.itamio.servercore.forge.TeleportRequestService does not exist
import com.itamio.servercore.forge.TeleportRequestService.TeleportRequest;
                                                         ^
/tmp/modcompiler-servercore-fabric-1-21-11-9v4k30ii/workspace/src/main/java/com/itamio/servercore/fabric/ServerCoreCommands.java:83: error: cannot find symbol
    private static int handleTpa(CommandContext<CommandSourceStack> ctx, ServerPlayer target, RequestType type) {
                                                                                              ^
  symbol:   class RequestType
  location: class ServerCoreCommands
/tmp/modcompiler-servercore-fabric-1-21-11-9v4k30ii/workspace/src/main/java/com/itamio/servercore/fabric/ServerCoreCommands.java:164: error: cannot find symbol
    private static int completeTeleport(ServerPlayer target, TeleportRequest request) {
                                                             ^
  symbol:   class TeleportRequest
  location: class ServerCoreCommands
/tmp/modcompiler-servercore-fabric-1-21-11-9v4k30ii/workspace/src/main/java/com/itamio/servercore/fabric/TeleportUtil.java:18: error: cannot find symbol
        return level.dimension().location().toString().toLowerCase(Locale.ROOT);
                                ^
  symbol:   method location()
  location: class ResourceKey<Level>
/tmp/modcompiler-servercore-fabric-1-21-11-9v4k30ii/workspace/src/main/java/com/itamio/servercore/fabric/TeleportUtil.java:26: error: cannot find symbol
        if (Level.OVERWORLD.location().toString().equals(key)) {
                           ^
  symbol:   method location()
  location: variable OVERWORLD of type ResourceKey<Level>
/tmp/modcompiler-servercore-fabric-1-21-11-9v4k30ii/workspace/src/main/java/com/itamio/servercore/fabric/TeleportUtil.java:29: error: cannot find symbol
        if (Level.NETHER.location().toString().equals(key)) {
                        ^
  symbol:   method location()
  location: variable NETHER of type ResourceKey<Level>
/tmp/modcompiler-servercore-fabric-1-21-11-9v4k30ii/workspace/src/main/java/com/itamio/servercore/fabric/TeleportUtil.java:32: error: cannot find symbol
        if (Level.END.location().toString().equals(key)) {
                     ^
  symbol:   method location()
  location: variable END of type ResourceKey<Level>
/tmp/modcompiler-servercore-fabric-1-21-11-9v4k30ii/workspace/src/main/java/com/itamio/servercore/fabric/TeleportUtil.java:35: error: cannot find symbol
        ResourceLocation id = ResourceLocation.tryParse(key);
        ^
  symbol:   class ResourceLocation
  location: class TeleportUtil
/tmp/modcompiler-servercore-fabric-1-21-11-9v4k30ii/workspace/src/main/java/com/itamio/servercore/fabric/TeleportUtil.java:35: error: cannot find symbol
        ResourceLocation id = ResourceLocation.tryParse(key);
                              ^
  symbol:   variable ResourceLocation
  location: class TeleportUtil
/tmp/modcompiler-servercore-fabric-1-21-11-9v4k30ii/workspace/src/main/java/com/itamio/servercore/fabric/TeleportUtil.java:88: error: cannot find symbol
            Method create = ResourceKey.class.getMethod("create", ResourceKey.class, ResourceLocation.class);
                                                                                     ^
  symbol:   class ResourceLocation
  location: class TeleportUtil
/tmp/modcompiler-servercore-fabric-1-21-11-9v4k30ii/workspace/src/main/java/com/itamio/servercore/fabric/TeleportUtil.java:93: error: cannot find symbol
            Method create = ResourceKey.class.getMethod("create", ResourceKey.class, ResourceLocation.class);
                                                                                     ^
  symbol:   class ResourceLocation
  location: class TeleportUtil
/tmp/modcompiler-servercore-fabric-1-21-11-9v4k30ii/workspace/src/main/java/com/itamio/servercore/fabric/HomeService.java:30: error: cannot find symbol
        String dimension = TeleportUtil.dimensionKey(player.serverLevel());
                                                           ^
  symbol:   method serverLevel()
  location: variable player of type ServerPlayer
/tmp/modcompiler-servercore-fabric-1-21-11-9v4k30ii/workspace/src/main/java/com/itamio/servercore/fabric/ServerCoreData.java:23: error: method computeIfAbsent in class DimensionDataStorage cannot be applied to given types;
        return overworld.getDataStorage().computeIfAbsent(ServerCoreData::load, ServerCoreData::new, DATA_NAME);
                                         ^
  required: SavedDataType<T>
  found:    ServerCore[...]:load,ServerCoreData::new,String
  reason: cannot infer type-variable(s) T
    (actual and formal argument lists differ in length)
  where T is a type-variable:
    T extends SavedData declared in method <T>computeIfAbsent(SavedDataType<T>)
/tmp/modcompiler-servercore-fabric-1-21-11-9v4k30ii/workspace/src/main/java/com/itamio/servercore/fabric/ServerCoreData.java:36: error: method getList in class CompoundTag cannot be applied to given types;
        ListTag players = tag.getList("players", 10);
                             ^
  required: String
  found:    String,int
  reason: actual and formal argument lists differ in length
/tmp/modcompiler-servercore-fabric-1-21-11-9v4k30ii/workspace/src/main/java/com/itamio/servercore/fabric/ServerCoreData.java:38: error: incompatible types: Optional<CompoundTag> cannot be converted to CompoundTag
            CompoundTag playerTag = players.getCompound(i);
                                                       ^
/tmp/modcompiler-servercore-fabric-1-21-11-9v4k30ii/workspace/src/main/java/com/itamio/servercore/fabric/ServerCoreData.java:39: error: incompatible types: Optional<String> cannot be converted to String
            UUID uuid = parseUuid(playerTag.getString("uuid"));
                                                     ^
/tmp/modcompiler-servercore-fabric-1-21-11-9v4k30ii/workspace/src/main/java/com/itamio/servercore/fabric/ServerCoreData.java:43: error: method getList in class CompoundTag cannot be applied to given types;
            ListTag homesList = playerTag.getList("homes", 10);
                                         ^
  required: String
  found:    String,int
  reason: actual and formal argument lists differ in length
/tmp/modcompiler-servercore-fabric-1-21-11-9v4k30ii/workspace/src/main/java/com/itamio/servercore/fabric/ServerCoreData.java:46: error: incompatible types: Optional<CompoundTag> cannot be converted to CompoundTag
                CompoundTag homeTag = homesList.getCompound(j);
                                                           ^
/tmp/modcompiler-servercore-fabric-1-21-11-9v4k30ii/workspace/src/main/java/com/itamio/servercore/fabric/ServerCoreData.java:47: error: incompatible types: Optional<String> cannot be converted to String
                String key = homeTag.getString("key");
                                              ^
/tmp/modcompiler-servercore-fabric-1-21-11-9v4k30ii/workspace/src/main/java/com/itamio/servercore/fabric/ServerCoreData.java:48: error: incompatible types: Optional<String> cannot be converted to String
                String name = homeTag.getString("name");
                                               ^
/tmp/modcompiler-servercore-fabric-1-21-11-9v4k30ii/workspace/src/main/java/com/itamio/servercore/fabric/ServerCoreData.java:49: error: incompatible types: Optional<String> cannot be converted to String
                String dimension = homeTag.getString("dimension");
                                                    ^
/tmp/modcompiler-servercore-fabric-1-21-11-9v4k30ii/workspace/src/main/java/com/itamio/servercore/fabric/ServerCoreData.java:57: error: incompatible types: Optional<Double> cannot be converted to double
                        homeTag.getDouble("x"),
                                         ^
/tmp/modcompiler-servercore-fabric-1-21-11-9v4k30ii/workspace/src/main/java/com/itamio/servercore/fabric/ServerCoreData.java:68: error: method getList in class CompoundTag cannot be applied to given types;
        ListTag seenList = tag.getList("seen", 8);
                              ^
  required: String
  found:    String,int
  reason: actual and formal argument lists differ in length
/tmp/modcompiler-servercore-fabric-1-21-11-9v4k30ii/workspace/src/main/java/com/itamio/servercore/fabric/ServerCoreData.java:70: error: incompatible types: Optional<String> cannot be converted to String
            String uuidText = seenList.getString(i);
                                                ^
/tmp/modcompiler-servercore-fabric-1-21-11-9v4k30ii/workspace/src/main/java/com/itamio/servercore/fabric/ServerCoreData.java:78: error: method does not override or implement a method from a supertype
    @Override
    ^
/tmp/modcompiler-servercore-fabric-1-21-11-9v4k30ii/workspace/src/main/java/com/itamio/servercore/fabric/ServerCoreCommands.java:24: error: cannot find symbol
                        .executes(ctx -> handleTpa(ctx, EntityArgument.getPlayer(ctx, "player"), RequestType.TPA))));
                                                                                                 ^
  symbol:   variable RequestType
  location: class ServerCoreCommands
/tmp/modcompiler-servercore-fabric-1-21-11-9v4k30ii/workspace/src/main/java/com/itamio/servercore/fabric/ServerCoreCommands.java:29: error: cannot find symbol
                        .executes(ctx -> handleTpa(ctx, EntityArgument.getPlayer(ctx, "player"), RequestType.TPAHERE))));
                                                                                                 ^
  symbol:   variable RequestType
  location: class ServerCoreCommands
/tmp/modcompiler-servercore-fabric-1-21-11-9v4k30ii/workspace/src/main/java/com/itamio/servercore/fabric/ServerCoreCommands.java:76: error: cannot find symbol
                        .executes(ctx -> handleRtp(ctx, Level.OVERWORLD.location().toString())))
                                                                       ^
  symbol:   method location()
  location: variable OVERWORLD of type ResourceKey<Level>
/tmp/modcompiler-servercore-fabric-1-21-11-9v4k30ii/workspace/src/main/java/com/itamio/servercore/fabric/ServerCoreCommands.java:78: error: cannot find symbol
                        .executes(ctx -> handleRtp(ctx, Level.NETHER.location().toString())))
                                                                    ^
  symbol:   method location()
  location: variable NETHER of type ResourceKey<Level>
/tmp/modcompiler-servercore-fabric-1-21-11-9v4k30ii/workspace/src/main/java/com/itamio/servercore/fabric/ServerCoreCommands.java:80: error: cannot find symbol
                        .executes(ctx -> handleRtp(ctx, Level.END.location().toString()))));
                                                                 ^
  symbol:   method location()
  location: variable END of type ResourceKey<Level>
/tmp/modcompiler-servercore-fabric-1-21-11-9v4k30ii/workspace/src/main/java/com/itamio/servercore/fabric/ServerCoreCommands.java:91: error: cannot find symbol
                sender.getGameProfile().getName(),
                                       ^
  symbol:   method getName()
  location: class GameProfile
/tmp/modcompiler-servercore-fabric-1-21-11-9v4k30ii/workspace/src/main/java/com/itamio/servercore/fabric/ServerCoreCommands.java:93: error: cannot find symbol
                target.getGameProfile().getName(),
                                       ^
  symbol:   method getName()
  location: class GameProfile
/tmp/modcompiler-servercore-fabric-1-21-11-9v4k30ii/workspace/src/main/java/com/itamio/servercore/fabric/ServerCoreCommands.java:96: error: cannot find symbol
        MessageUtil.send(sender, "Teleport request sent to " + target.getGameProfile().getName() + ".");
                                                                                      ^
  symbol:   method getName()
  location: class GameProfile
/tmp/modcompiler-servercore-fabric-1-21-11-9v4k30ii/workspace/src/main/java/com/itamio/servercore/fabric/ServerCoreCommands.java:97: error: cannot find symbol
        if (type == RequestType.TPA) {
                    ^
  symbol:   variable RequestType
  location: class ServerCoreCommands
/tmp/modcompiler-servercore-fabric-1-21-11-9v4k30ii/workspace/src/main/java/com/itamio/servercore/fabric/ServerCoreCommands.java:98: error: cannot find symbol
            MessageUtil.send(target, sender.getGameProfile().getName() + " wants to teleport to you. Use /tpaccept " + sender.getGameProfile().getName() + " or /tpadeny " + sender.getGameProfile().getName() + ".");
                                                            ^
  symbol:   method getName()
  location: class GameProfile
/tmp/modcompiler-servercore-fabric-1-21-11-9v4k30ii/workspace/src/main/java/com/itamio/servercore/fabric/ServerCoreCommands.java:98: error: cannot find symbol
            MessageUtil.send(target, sender.getGameProfile().getName() + " wants to teleport to you. Use /tpaccept " + sender.getGameProfile().getName() + " or /tpadeny " + sender.getGameProfile().getName() + ".");
                                                                                                                                              ^
  symbol:   method getName()
  location: class GameProfile
/tmp/modcompiler-servercore-fabric-1-21-11-9v4k30ii/workspace/src/main/java/com/itamio/servercore/fabric/ServerCoreCommands.java:98: error: cannot find symbol
            MessageUtil.send(target, sender.getGameProfile().getName() + " wants to teleport to you. Use /tpaccept " + sender.getGameProfile().getName() + " or /tpadeny " + sender.getGameProfile().getName() + ".");
                                                                                                                                                                                                    ^
  symbol:   method getName()
  location: class GameProfile
/tmp/modcompiler-servercore-fabric-1-21-11-9v4k30ii/workspace/src/main/java/com/itamio/servercore/fabric/ServerCoreCommands.java:100: error: cannot find symbol
            MessageUtil.send(target, sender.getGameProfile().getName() + " wants you to teleport to them. Use /tpaccept " + sender.getGameProfile().getName() + " or /tpadeny " + sender.getGameProfile().getName() + ".");
                                                            ^
  symbol:   method getName()
  location: class GameProfile
/tmp/modcompiler-servercore-fabric-1-21-11-9v4k30ii/workspace/src/main/java/com/itamio/servercore/fabric/ServerCoreCommands.java:100: error: cannot find symbol
            MessageUtil.send(target, sender.getGameProfile().getName() + " wants you to teleport to them. Use /tpaccept " + sender.getGameProfile().getName() + " or /tpadeny " + sender.getGameProfile().getName() + ".");
                                                                                                                                                   ^
  symbol:   method getName()
  location: class GameProfile
/tmp/modcompiler-servercore-fabric-1-21-11-9v4k30ii/workspace/src/main/java/com/itamio/servercore/fabric/ServerCoreCommands.java:100: error: cannot find symbol
            MessageUtil.send(target, sender.getGameProfile().getName() + " wants you to teleport to them. Use /tpaccept " + sender.getGameProfile().getName() + " or /tpadeny " + sender.getGameProfile().getName() + ".");
                                                                                                                                                                                                         ^
  symbol:   method getName()
  location: class GameProfile
/tmp/modcompiler-servercore-fabric-1-21-11-9v4k30ii/workspace/src/main/java/com/itamio/servercore/fabric/ServerCoreCommands.java:108: error: cannot find symbol
        TeleportRequest request;
        ^
  symbol:   class TeleportRequest
  location: class ServerCoreCommands
/tmp/modcompiler-servercore-fabric-1-21-11-9v4k30ii/workspace/src/main/java/com/itamio/servercore/fabric/ServerCoreCommands.java:124: error: cannot find symbol
        for (TeleportRequest request : TeleportRequestService.getInstance().popAllIncoming(target.getUUID())) {
             ^
  symbol:   class TeleportRequest
  location: class ServerCoreCommands
/tmp/modcompiler-servercore-fabric-1-21-11-9v4k30ii/workspace/src/main/java/com/itamio/servercore/fabric/ServerCoreCommands.java:136: error: cannot find symbol
        TeleportRequest request;
        ^
  symbol:   class TeleportRequest
  location: class ServerCoreCommands
/tmp/modcompiler-servercore-fabric-1-21-11-9v4k30ii/workspace/src/main/java/com/itamio/servercore/fabric/ServerCoreCommands.java:165: error: cannot find symbol
        MinecraftServer server = target.getServer();
                                       ^
  symbol:   method getServer()
  location: variable target of type ServerPlayer
/tmp/modcompiler-servercore-fabric-1-21-11-9v4k30ii/workspace/src/main/java/com/itamio/servercore/fabric/ServerCoreCommands.java:175: error: cannot find symbol
        if (request.getType() == RequestType.TPA) {
                                 ^
  symbol:   variable RequestType
  location: class ServerCoreCommands
/tmp/modcompiler-servercore-fabric-1-21-11-9v4k30ii/workspace/src/main/java/com/itamio/servercore/fabric/ServerCoreCommands.java:176: error: cannot find symbol
            TeleportUtil.teleport(requester, target.serverLevel(), target.getX(), target.getY(), target.getZ(), target.getYRot(), target.getXRot());
                                                   ^
  symbol:   method serverLevel()
  location: variable target of type ServerPlayer
/tmp/modcompiler-servercore-fabric-1-21-11-9v4k30ii/workspace/src/main/java/com/itamio/servercore/fabric/ServerCoreCommands.java:177: error: cannot find symbol
            MessageUtil.send(requester, "Teleporting to " + target.getGameProfile().getName() + ".");
                                                                                   ^
  symbol:   method getName()
  location: class GameProfile
/tmp/modcompiler-servercore-fabric-1-21-11-9v4k30ii/workspace/src/main/java/com/itamio/servercore/fabric/ServerCoreCommands.java:178: error: cannot find symbol
            MessageUtil.send(target, "Accepted teleport request from " + requester.getGameProfile().getName() + ".");
                                                                                                   ^
  symbol:   method getName()
  location: class GameProfile
/tmp/modcompiler-servercore-fabric-1-21-11-9v4k30ii/workspace/src/main/java/com/itamio/servercore/fabric/ServerCoreCommands.java:180: error: cannot find symbol
            TeleportUtil.teleport(target, requester.serverLevel(), requester.getX(), requester.getY(), requester.getZ(), requester.getYRot(), requester.getXRot());
                                                   ^
  symbol:   method serverLevel()
  location: variable requester of type ServerPlayer
/tmp/modcompiler-servercore-fabric-1-21-11-9v4k30ii/workspace/src/main/java/com/itamio/servercore/fabric/ServerCoreCommands.java:181: error: cannot find symbol
            MessageUtil.send(target, "Teleporting to " + requester.getGameProfile().getName() + ".");
                                                                                   ^
  symbol:   method getName()
  location: class GameProfile
/tmp/modcompiler-servercore-fabric-1-21-11-9v4k30ii/workspace/src/main/java/com/itamio/servercore/fabric/ServerCoreCommands.java:182: error: cannot find symbol
            MessageUtil.send(requester, target.getGameProfile().getName() + " accepted your request.");
                                                               ^
  symbol:   method getName()
  location: class GameProfile
/tmp/modcompiler-servercore-fabric-1-21-11-9v4k30ii/workspace/src/main/java/com/itamio/servercore/fabric/ServerCoreCommands.java:223: error: cannot find symbol
        ServerLevel level = TeleportUtil.resolveLevel(ctx.getSource().getServer(), record.getDimension());
        ^
  symbol:   class ServerLevel
  location: class ServerCoreCommands
/tmp/modcompiler-servercore-fabric-1-21-11-9v4k30ii/workspace/src/main/java/com/itamio/servercore/fabric/RandomTeleportService.java:32: error: cannot find symbol
        if (player == null || player.getServer() == null) {
                                    ^
  symbol:   method getServer()
  location: variable player of type ServerPlayer
/tmp/modcompiler-servercore-fabric-1-21-11-9v4k30ii/workspace/src/main/java/com/itamio/servercore/fabric/RandomTeleportService.java:35: error: cannot find symbol
        MinecraftServer server = player.getServer();
                                       ^
  symbol:   method getServer()
  location: variable player of type ServerPlayer
/tmp/modcompiler-servercore-fabric-1-21-11-9v4k30ii/workspace/src/main/java/com/itamio/servercore/fabric/RandomTeleportService.java:88: error: cannot find symbol
        int maxY = Math.min(top, level.getMaxBuildHeight() - 2);
                                      ^
  symbol:   method getMaxBuildHeight()
  location: variable level of type ServerLevel
/tmp/modcompiler-servercore-fabric-1-21-11-9v4k30ii/workspace/src/main/java/com/itamio/servercore/fabric/RandomTeleportService.java:89: error: cannot find symbol
        int minY = level.getMinBuildHeight() + 1;
                        ^
  symbol:   method getMinBuildHeight()
  location: variable level of type ServerLevel
/tmp/modcompiler-servercore-fabric-1-21-11-9v4k30ii/workspace/src/main/java/com/itamio/servercore/fabric/RandomTeleportService.java:146: error: cannot find symbol
        return level.dimension().location().toString();
                                ^
  symbol:   method location()
  location: class ResourceKey<Level>
Note: Some messages have been simplified; recompile with -Xdiags:verbose to get full output
60 errors

> Task :compileJava FAILED

[Incubating] Problems report is available at: file:///tmp/modcompiler-servercore-fabric-1-21-11-9v4k30ii/workspace/build/reports/problems/problems-report.html

FAILURE: Build failed with an exception.

* What went wrong:
Execution failed for task ':compileJava'.
> Compilation failed; see the compiler output below.
  /tmp/modcompiler-servercore-fabric-1-21-11-9v4k30ii/workspace/src/main/java/com/itamio/servercore/fabric/ServerCoreData.java:23: error: method computeIfAbsent in class DimensionDataStorage cannot be applied to given types;
          return overworld.getDataStorage().computeIfAbsent(ServerCoreData::load, ServerCoreData::new, DATA_NAME);
                                           ^
    required: SavedDataType<T>
    found:    ServerCore[...]:load,ServerCoreData::new,String
    reason: cannot infer type-variable(s) T
      (actual and formal argument lists differ in length)
    where T is a type-variable:
      T extends SavedData declared in method <T>computeIfAbsent(SavedDataType<T>)
  /tmp/modcompiler-servercore-fabric-1-21-11-9v4k30ii/workspace/src/main/java/com/itamio/servercore/fabric/ServerCoreData.java:36: error: method getList in class CompoundTag cannot be applied to given types;
          ListTag players = tag.getList("players", 10);
                               ^
    required: String
    found:    String,int
    reason: actual and formal argument lists differ in length
  /tmp/modcompiler-servercore-fabric-1-21-11-9v4k30ii/workspace/src/main/java/com/itamio/servercore/fabric/ServerCoreData.java:43: error: method getList in class CompoundTag cannot be applied to given types;
              ListTag homesList = playerTag.getList("homes", 10);
                                           ^
    required: String
    found:    String,int
    reason: actual and formal argument lists differ in length
  /tmp/modcompiler-servercore-fabric-1-21-11-9v4k30ii/workspace/src/main/java/com/itamio/servercore/fabric/ServerCoreData.java:68: error: method getList in class CompoundTag cannot be applied to given types;
          ListTag seenList = tag.getList("seen", 8);
                                ^
    required: String
    found:    String,int
    reason: actual and formal argument lists differ in length
  /tmp/modcompiler-servercore-fabric-1-21-11-9v4k30ii/workspace/src/main/java/com/itamio/servercore/fabric/ServerCoreData.java:38: error: incompatible types: Optional<CompoundTag> cannot be converted to CompoundTag
              CompoundTag playerTag = players.getCompound(i);
                                                         ^
  /tmp/modcompiler-servercore-fabric-1-21-11-9v4k30ii/workspace/src/main/java/com/itamio/servercore/fabric/ServerCoreData.java:39: error: incompatible types: Optional<String> cannot be converted to String
              UUID uuid = parseUuid(playerTag.getString("uuid"));
                                                       ^
  /tmp/modcompiler-servercore-fabric-1-21-11-9v4k30ii/workspace/src/main/java/com/itamio/servercore/fabric/ServerCoreData.java:46: error: incompatible types: Optional<CompoundTag> cannot be converted to CompoundTag
                  CompoundTag homeTag = homesList.getCompound(j);
                                                             ^
  /tmp/modcompiler-servercore-fabric-1-21-11-9v4k30ii/workspace/src/main/java/com/itamio/servercore/fabric/ServerCoreData.java:47: error: incompatible types: Optional<String> cannot be converted to String
                  String key = homeTag.getString("key");
                                                ^
  /tmp/modcompiler-servercore-fabric-1-21-11-9v4k30ii/workspace/src/main/java/com/itamio/servercore/fabric/ServerCoreData.java:48: error: incompatible types: Optional<String> cannot be converted to String
                  String name = homeTag.getString("name");
                                                 ^
  /tmp/modcompiler-servercore-fabric-1-21-11-9v4k30ii/workspace/src/main/java/com/itamio/servercore/fabric/ServerCoreData.java:49: error: incompatible types: Optional<String> cannot be converted to String
                  String dimension = homeTag.getString("dimension");
                                                      ^
  /tmp/modcompiler-servercore-fabric-1-21-11-9v4k30ii/workspace/src/main/java/com/itamio/servercore/fabric/ServerCoreData.java:57: error: incompatible types: Optional<Double> cannot be converted to double
                          homeTag.getDouble("x"),
                                           ^
  /tmp/modcompiler-servercore-fabric-1-21-11-9v4k30ii/workspace/src/main/java/com/itamio/servercore/fabric/ServerCoreData.java:70: error: incompatible types: Optional<String> cannot be converted to String
              String uuidText = seenList.getString(i);
                                                  ^
  /tmp/modcompiler-servercore-fabric-1-21-11-9v4k30ii/workspace/src/main/java/com/itamio/servercore/fabric/TeleportUtil.java:7: error: cannot find symbol
  import net.minecraft.resources.ResourceLocation;
                                ^
    symbol:   class ResourceLocation
    location: package net.minecraft.resources
  /tmp/modcompiler-servercore-fabric-1-21-11-9v4k30ii/workspace/src/main/java/com/itamio/servercore/fabric/TeleportUtil.java:83: error: cannot find symbol
      private static ResourceKey<Level> createDimensionKey(ResourceLocation id) throws ReflectiveOperationException {
                                                           ^
    symbol:   class ResourceLocation
    location: class TeleportUtil
  /tmp/modcompiler-servercore-fabric-1-21-11-9v4k30ii/workspace/src/main/java/com/itamio/servercore/fabric/ServerCoreCommands.java:83: error: cannot find symbol
      private static int handleTpa(CommandContext<CommandSourceStack> ctx, ServerPlayer target, RequestType type) {
                                                                                                ^
    symbol:   class RequestType
    location: class ServerCoreCommands
  /tmp/modcompiler-servercore-fabric-1-21-11-9v4k30ii/workspace/src/main/java/com/itamio/servercore/fabric/ServerCoreCommands.java:164: error: cannot find symbol
      private static int completeTeleport(ServerPlayer target, TeleportRequest request) {
                                                               ^
    symbol:   class TeleportRequest
    location: class ServerCoreCommands
  /tmp/modcompiler-servercore-fabric-1-21-11-9v4k30ii/workspace/src/main/java/com/itamio/servercore/fabric/TeleportUtil.java:35: error: cannot find symbol
          ResourceLocation id = ResourceLocation.tryParse(key);
          ^
    symbol:   class ResourceLocation
    location: class TeleportUtil
  /tmp/modcompiler-servercore-fabric-1-21-11-9v4k30ii/workspace/src/main/java/com/itamio/servercore/fabric/TeleportUtil.java:35: error: cannot find symbol
          ResourceLocation id = ResourceLocation.tryParse(key);
                                ^
    symbol:   variable ResourceLocation
    location: class TeleportUtil
  /tmp/modcompiler-servercore-fabric-1-21-11-9v4k30ii/workspace/src/main/java/com/itamio/servercore/fabric/TeleportUtil.java:88: error: cannot find symbol
              Method create = ResourceKey.class.getMethod("create", ResourceKey.class, ResourceLocation.class);
                                                                                       ^
    symbol:   class ResourceLocation
    location: class TeleportUtil
  /tmp/modcompiler-servercore-fabric-1-21-11-9v4k30ii/workspace/src/main/java/com/itamio/servercore/fabric/TeleportUtil.java:93: error: cannot find symbol
              Method create = ResourceKey.class.getMethod("create", ResourceKey.class, ResourceLocation.class);
                                                                                       ^
    symbol:   class ResourceLocation
    location: class TeleportUtil
  /tmp/modcompiler-servercore-fabric-1-21-11-9v4k30ii/workspace/src/main/java/com/itamio/servercore/fabric/ServerCoreCommands.java:24: error: cannot find symbol
                          .executes(ctx -> handleTpa(ctx, EntityArgument.getPlayer(ctx, "player"), RequestType.TPA))));
                                                                                                   ^
    symbol:   variable RequestType
    location: class ServerCoreCommands
  /tmp/modcompiler-servercore-fabric-1-21-11-9v4k30ii/workspace/src/main/java/com/itamio/servercore/fabric/ServerCoreCommands.java:29: error: cannot find symbol
                          .executes(ctx -> handleTpa(ctx, EntityArgument.getPlayer(ctx, "player"), RequestType.TPAHERE))));
                                                                                                   ^
    symbol:   variable RequestType
    location: class ServerCoreCommands
  /tmp/modcompiler-servercore-fabric-1-21-11-9v4k30ii/workspace/src/main/java/com/itamio/servercore/fabric/ServerCoreCommands.java:97: error: cannot find symbol
          if (type == RequestType.TPA) {
                      ^
    symbol:   variable RequestType
    location: class ServerCoreCommands
  /tmp/modcompiler-servercore-fabric-1-21-11-9v4k30ii/workspace/src/main/java/com/itamio/servercore/fabric/ServerCoreCommands.java:108: error: cannot find symbol
          TeleportRequest request;
          ^
    symbol:   class TeleportRequest
    location: class ServerCoreCommands
  /tmp/modcompiler-servercore-fabric-1-21-11-9v4k30ii/workspace/src/main/java/com/itamio/servercore/fabric/ServerCoreCommands.java:124: error: cannot find symbol
          for (TeleportRequest request : TeleportRequestService.getInstance().popAllIncoming(target.getUUID())) {
               ^
    symbol:   class TeleportRequest
    location: class ServerCoreCommands
  /tmp/modcompiler-servercore-fabric-1-21-11-9v4k30ii/workspace/src/main/java/com/itamio/servercore/fabric/ServerCoreCommands.java:136: error: cannot find symbol
          TeleportRequest request;
          ^
    symbol:   class TeleportRequest
    location: class ServerCoreCommands
  /tmp/modcompiler-servercore-fabric-1-21-11-9v4k30ii/workspace/src/main/java/com/itamio/servercore/fabric/ServerCoreCommands.java:175: error: cannot find symbol
          if (request.getType() == RequestType.TPA) {
                                   ^
    symbol:   variable RequestType
    location: class ServerCoreCommands
  /tmp/modcompiler-servercore-fabric-1-21-11-9v4k30ii/workspace/src/main/java/com/itamio/servercore/fabric/ServerCoreCommands.java:223: error: cannot find symbol
          ServerLevel level = TeleportUtil.resolveLevel(ctx.getSource().getServer(), record.getDimension());
          ^
    symbol:   class ServerLevel
    location: class ServerCoreCommands
  /tmp/modcompiler-servercore-fabric-1-21-11-9v4k30ii/workspace/src/main/java/com/itamio/servercore/fabric/ServerCoreData.java:78: error: method does not override or implement a method from a supertype
      @Override
      ^
  Note: Some messages have been simplified; recompile with -Xdiags:verbose to get full output
  /tmp/modcompiler-servercore-fabric-1-21-11-9v4k30ii/workspace/src/main/java/com/itamio/servercore/fabric/TeleportUtil.java:18: error: cannot find symbol
          return level.dimension().location().toString().toLowerCase(Locale.ROOT);
                                  ^
    symbol:   method location()
    location: class ResourceKey<Level>
  /tmp/modcompiler-servercore-fabric-1-21-11-9v4k30ii/workspace/src/main/java/com/itamio/servercore/fabric/TeleportUtil.java:26: error: cannot find symbol
          if (Level.OVERWORLD.location().toString().equals(key)) {
                             ^
    symbol:   method location()
    location: variable OVERWORLD of type ResourceKey<Level>
  /tmp/modcompiler-servercore-fabric-1-21-11-9v4k30ii/workspace/src/main/java/com/itamio/servercore/fabric/TeleportUtil.java:29: error: cannot find symbol
          if (Level.NETHER.location().toString().equals(key)) {
                          ^
    symbol:   method location()
    location: variable NETHER of type ResourceKey<Level>
  /tmp/modcompiler-servercore-fabric-1-21-11-9v4k30ii/workspace/src/main/java/com/itamio/servercore/fabric/TeleportUtil.java:32: error: cannot find symbol
          if (Level.END.location().toString().equals(key)) {
                       ^
    symbol:   method location()
    location: variable END of type ResourceKey<Level>
  /tmp/modcompiler-servercore-fabric-1-21-11-9v4k30ii/workspace/src/main/java/com/itamio/servercore/fabric/HomeService.java:30: error: cannot find symbol
          String dimension = TeleportUtil.dimensionKey(player.serverLevel());
                                                             ^
    symbol:   method serverLevel()
    location: variable player of type ServerPlayer
  /tmp/modcompiler-servercore-fabric-1-21-11-9v4k30ii/workspace/src/main/java/com/itamio/servercore/fabric/ServerCoreCommands.java:76: error: cannot find symbol
                          .executes(ctx -> handleRtp(ctx, Level.OVERWORLD.location().toString())))
                                                                         ^
    symbol:   method location()
    location: variable OVERWORLD of type ResourceKey<Level>
  /tmp/modcompiler-servercore-fabric-1-21-11-9v4k30ii/workspace/src/main/java/com/itamio/servercore/fabric/ServerCoreCommands.java:78: error: cannot find symbol
                          .executes(ctx -> handleRtp(ctx, Level.NETHER.location().toString())))
                                                                      ^
    symbol:   method location()
    location: variable NETHER of type ResourceKey<Level>
  /tmp/modcompiler-servercore-fabric-1-21-11-9v4k30ii/workspace/src/main/java/com/itamio/servercore/fabric/ServerCoreCommands.java:80: error: cannot find symbol
                          .executes(ctx -> handleRtp(ctx, Level.END.location().toString()))));
                                                                   ^
    symbol:   method location()
    location: variable END of type ResourceKey<Level>
  /tmp/modcompiler-servercore-fabric-1-21-11-9v4k30ii/workspace/src/main/java/com/itamio/servercore/fabric/ServerCoreCommands.java:91: error: cannot find symbol
                  sender.getGameProfile().getName(),
                                         ^
    symbol:   method getName()
    location: class GameProfile
  /tmp/modcompiler-servercore-fabric-1-21-11-9v4k30ii/workspace/src/main/java/com/itamio/servercore/fabric/ServerCoreCommands.java:93: error: cannot find symbol
                  target.getGameProfile().getName(),
                                         ^
    symbol:   method getName()
    location: class GameProfile
  /tmp/modcompiler-servercore-fabric-1-21-11-9v4k30ii/workspace/src/main/java/com/itamio/servercore/fabric/ServerCoreCommands.java:96: error: cannot find symbol
          MessageUtil.send(sender, "Teleport request sent to " + target.getGameProfile().getName() + ".");
                                                                                        ^
    symbol:   method getName()
    location: class GameProfile
  /tmp/modcompiler-servercore-fabric-1-21-11-9v4k30ii/workspace/src/main/java/com/itamio/servercore/fabric/ServerCoreCommands.java:98: error: cannot find symbol
              MessageUtil.send(target, sender.getGameProfile().getName() + " wants to teleport to you. Use /tpaccept " + sender.getGameProfile().getName() + " or /tpadeny " + sender.getGameProfile().getName() + ".");
                                                              ^
    symbol:   method getName()
    location: class GameProfile
  /tmp/modcompiler-servercore-fabric-1-21-11-9v4k30ii/workspace/src/main/java/com/itamio/servercore/fabric/ServerCoreCommands.java:98: error: cannot find symbol
              MessageUtil.send(target, sender.getGameProfile().getName() + " wants to teleport to you. Use /tpaccept " + sender.getGameProfile().getName() + " or /tpadeny " + sender.getGameProfile().getName() + ".");
                                                                                                                                                ^
    symbol:   method getName()
    location: class GameProfile
  /tmp/modcompiler-servercore-fabric-1-21-11-9v4k30ii/workspace/src/main/java/com/itamio/servercore/fabric/ServerCoreCommands.java:98: error: cannot find symbol
              MessageUtil.send(target, sender.getGameProfile().getName() + " wants to teleport to you. Use /tpaccept " + sender.getGameProfile().getName() + " or /tpadeny " + sender.getGameProfile().getName() + ".");
                                                                                                                                                                                                      ^
    symbol:   method getName()
    location: class GameProfile
  /tmp/modcompiler-servercore-fabric-1-21-11-9v4k30ii/workspace/src/main/java/com/itamio/servercore/fabric/ServerCoreCommands.java:100: error: cannot find symbol
              MessageUtil.send(target, sender.getGameProfile().getName() + " wants you to teleport to them. Use /tpaccept " + sender.getGameProfile().getName() + " or /tpadeny " + sender.getGameProfile().getName() + ".");
                                                              ^
    symbol:   method getName()
    location: class GameProfile
  /tmp/modcompiler-servercore-fabric-1-21-11-9v4k30ii/workspace/src/main/java/com/itamio/servercore/fabric/ServerCoreCommands.java:100: error: cannot find symbol
              MessageUtil.send(target, sender.getGameProfile().getName() + " wants you to teleport to them. Use /tpaccept " + sender.getGameProfile().getName() + " or /tpadeny " + sender.getGameProfile().getName() + ".");
                                                                                                                                                     ^
    symbol:   method getName()
    location: class GameProfile
  /tmp/modcompiler-servercore-fabric-1-21-11-9v4k30ii/workspace/src/main/java/com/itamio/servercore/fabric/ServerCoreCommands.java:100: error: cannot find symbol
              MessageUtil.send(target, sender.getGameProfile().getName() + " wants you to teleport to them. Use /tpaccept " + sender.getGameProfile().getName() + " or /tpadeny " + sender.getGameProfile().getName() + ".");
                                                                                                                                                                                                           ^
    symbol:   method getName()
    location: class GameProfile
  /tmp/modcompiler-servercore-fabric-1-21-11-9v4k30ii/workspace/src/main/java/com/itamio/servercore/fabric/ServerCoreCommands.java:165: error: cannot find symbol
          MinecraftServer server = target.getServer();
                                         ^
    symbol:   method getServer()
    location: variable target of type ServerPlayer
  /tmp/modcompiler-servercore-fabric-1-21-11-9v4k30ii/workspace/src/main/java/com/itamio/servercore/fabric/ServerCoreCommands.java:176: error: cannot find symbol
              TeleportUtil.teleport(requester, target.serverLevel(), target.getX(), target.getY(), target.getZ(), target.getYRot(), target.getXRot());
                                                     ^
    symbol:   method serverLevel()
    location: variable target of type ServerPlayer
  /tmp/modcompiler-servercore-fabric-1-21-11-9v4k30ii/workspace/src/main/java/com/itamio/servercore/fabric/ServerCoreCommands.java:177: error: cannot find symbol
              MessageUtil.send(requester, "Teleporting to " + target.getGameProfile().getName() + ".");
                                                                                     ^
    symbol:   method getName()
    location: class GameProfile
  /tmp/modcompiler-servercore-fabric-1-21-11-9v4k30ii/workspace/src/main/java/com/itamio/servercore/fabric/ServerCoreCommands.java:178: error: cannot find symbol
              MessageUtil.send(target, "Accepted teleport request from " + requester.getGameProfile().getName() + ".");
                                                                                                     ^
    symbol:   method getName()
    location: class GameProfile
  /tmp/modcompiler-servercore-fabric-1-21-11-9v4k30ii/workspace/src/main/java/com/itamio/servercore/fabric/ServerCoreCommands.java:180: error: cannot find symbol
              TeleportUtil.teleport(target, requester.serverLevel(), requester.getX(), requester.getY(), requester.getZ(), requester.getYRot(), requester.getXRot());
                                                     ^
    symbol:   method serverLevel()
    location: variable requester of type ServerPlayer
  /tmp/modcompiler-servercore-fabric-1-21-11-9v4k30ii/workspace/src/main/java/com/itamio/servercore/fabric/ServerCoreCommands.java:181: error: cannot find symbol
              MessageUtil.send(target, "Teleporting to " + requester.getGameProfile().getName() + ".");
                                                                                     ^
    symbol:   method getName()
    location: class GameProfile
  /tmp/modcompiler-servercore-fabric-1-21-11-9v4k30ii/workspace/src/main/java/com/itamio/servercore/fabric/ServerCoreCommands.java:182: error: cannot find symbol
              MessageUtil.send(requester, target.getGameProfile().getName() + " accepted your request.");
                                                                 ^
    symbol:   method getName()
    location: class GameProfile
  /tmp/modcompiler-servercore-fabric-1-21-11-9v4k30ii/workspace/src/main/java/com/itamio/servercore/fabric/RandomTeleportService.java:32: error: cannot find symbol
          if (player == null || player.getServer() == null) {
                                      ^
    symbol:   method getServer()
    location: variable player of type ServerPlayer
  /tmp/modcompiler-servercore-fabric-1-21-11-9v4k30ii/workspace/src/main/java/com/itamio/servercore/fabric/RandomTeleportService.java:35: error: cannot find symbol
          MinecraftServer server = player.getServer();
                                         ^
    symbol:   method getServer()
    location: variable player of type ServerPlayer
  /tmp/modcompiler-servercore-fabric-1-21-11-9v4k30ii/workspace/src/main/java/com/itamio/servercore/fabric/RandomTeleportService.java:88: error: cannot find symbol
          int maxY = Math.min(top, level.getMaxBuildHeight() - 2);
                                        ^
    symbol:   method getMaxBuildHeight()
    location: variable level of type ServerLevel
  /tmp/modcompiler-servercore-fabric-1-21-11-9v4k30ii/workspace/src/main/java/com/itamio/servercore/fabric/RandomTeleportService.java:89: error: cannot find symbol
          int minY = level.getMinBuildHeight() + 1;
                          ^
    symbol:   method getMinBuildHeight()
    location: variable level of type ServerLevel
  /tmp/modcompiler-servercore-fabric-1-21-11-9v4k30ii/workspace/src/main/java/com/itamio/servercore/fabric/RandomTeleportService.java:146: error: cannot find symbol
          return level.dimension().location().toString();
                                  ^
    symbol:   method location()
    location: class ResourceKey<Level>
  /tmp/modcompiler-servercore-fabric-1-21-11-9v4k30ii/workspace/src/main/java/com/itamio/servercore/fabric/ServerCoreCommands.java:3: error: package com.itamio.servercore.forge.TeleportRequestService does not exist
  import com.itamio.servercore.forge.TeleportRequestService.RequestType;
                                                           ^
  /tmp/modcompiler-servercore-fabric-1-21-11-9v4k30ii/workspace/src/main/java/com/itamio/servercore/fabric/ServerCoreCommands.java:4: error: package com.itamio.servercore.forge.TeleportRequestService does not exist
  import com.itamio.servercore.forge.TeleportRequestService.TeleportRequest;
                                                           ^
  60 errors

* Try:
> Check your code and dependencies to fix the compilation error(s)
> Run with --scan to generate a Build Scan (powered by Develocity).

* Exception is:
org.gradle.api.tasks.TaskExecutionException: Execution failed for task ':compileJava'.
	at org.gradle.api.internal.tasks.execution.ExecuteActionsTaskExecuter.lambda$executeIfValid$1(ExecuteActionsTaskExecuter.java:135)
	at org.gradle.internal.Try$Failure.ifSuccessfulOrElse(Try.java:288)
	at org.gradle.api.internal.tasks.execution.ExecuteActionsTaskExecuter.executeIfValid(ExecuteActionsTaskExecuter.java:133)
	at org.gradle.api.internal.tasks.execution.ExecuteActionsTaskExecuter.execute(ExecuteActionsTaskExecuter.java:121)
	at org.gradle.api.internal.tasks.execution.ProblemsTaskPathTrackingTaskExecuter.execute(ProblemsTaskPathTrackingTaskExecuter.java:41)
	at org.gradle.api.internal.tasks.execution.FinalizePropertiesTaskExecuter.execute(FinalizePropertiesTaskExecuter.java:46)
	at org.gradle.api.internal.tasks.execution.ResolveTaskExecutionModeExecuter.execute(ResolveTaskExecutionModeExecuter.java:51)
	at org.gradle.api.internal.tasks.execution.SkipTaskWithNoActionsExecuter.execute(SkipTaskWithNoActionsExecuter.java:57)
	at org.gradle.api.internal.tasks.execution.SkipOnlyIfTaskExecuter.execute(SkipOnlyIfTaskExecuter.java:74)
	at org.gradle.api.internal.tasks.execution.CatchExceptionTaskExecuter.execute(CatchExceptionTaskExecuter.java:36)
	at org.gradle.api.internal.tasks.execution.EventFiringTaskExecuter$1.executeTask(EventFiringTaskExecuter.java:77)
	at org.gradle.api.internal.tasks.execution.EventFiringTaskExecuter$1.call(EventFiringTaskExecuter.java:55)
	at org.gradle.api.internal.tasks.execution.EventFiringTaskExecuter$1.call(EventFiringTaskExecuter.java:52)
	at org.gradle.internal.operations.DefaultBuildOperationRunner$CallableBuildOperationWorker.execute(DefaultBuildOperationRunner.java:209)
	at org.gradle.internal.operations.DefaultBuildOperationRunner$CallableBuildOperationWorker.execute(DefaultBuildOperationRunner.java:204)
	at org.gradle.internal.operations.DefaultBuildOperationRunner$2.execute(DefaultBuildOperationRunner.java:66)
	at org.gradle.internal.operations.DefaultBuildOperationRunner$2.execute(DefaultBuildOperationRunner.java:59)
	at org.gradle.internal.operations.DefaultBuildOperationRunner.execute(DefaultBuildOperationRunner.java:166)
	at org.gradle.internal.operations.DefaultBuildOperationRunner.execute(DefaultBuildOperationRunner.java:59)
	at org.gradle.internal.operations.DefaultBuildOperationRunner.call(DefaultBuildOperationRunner.java:53)
	at org.gradle.api.internal.tasks.execution.EventFiringTaskExecuter.execute(EventFiringTaskExecuter.java:52)
	at org.gradle.execution.plan.DefaultNodeExecutor.executeLocalTaskNode(DefaultNodeExecutor.java:55)
	at org.gradle.execution.plan.DefaultNodeExecutor.execute(DefaultNodeExecutor.java:34)
	at org.gradle.execution.taskgraph.DefaultTaskExecutionGraph$InvokeNodeExecutorsAction.execute(DefaultTaskExecutionGraph.java:355)
	at org.gradle.execution.taskgraph.DefaultTaskExecutionGraph$InvokeNodeExecutorsAction.execute(DefaultTaskExecutionGraph.java:343)
	at org.gradle.execution.taskgraph.DefaultTaskExecutionGraph$BuildOperationAwareExecutionAction.lambda$execute$0(DefaultTaskExecutionGraph.java:339)
	at org.gradle.internal.operations.CurrentBuildOperationRef.with(CurrentBuildOperationRef.java:84)
	at org.gradle.execution.taskgraph.DefaultTaskExecutionGraph$BuildOperationAwareExecutionAction.execute(DefaultTaskExecutionGraph.java:339)
	at org.gradle.execution.taskgraph.DefaultTaskExecutionGraph$BuildOperationAwareExecutionAction.execute(DefaultTaskExecutionGraph.java:328)
	at org.gradle.execution.plan.DefaultPlanExecutor$ExecutorWorker.execute(DefaultPlanExecutor.java:459)
	at org.gradle.execution.plan.DefaultPlanExecutor$ExecutorWorker.run(DefaultPlanExecutor.java:376)
	at org.gradle.internal.concurrent.ExecutorPolicy$CatchAndRecordFailures.onExecute(ExecutorPolicy.java:64)
	at org.gradle.internal.concurrent.AbstractManagedExecutor$1.run(AbstractManagedExecutor.java:47)
Caused by: org.gradle.api.internal.tasks.compile.CompilationFailedException: Compilation failed; see the compiler output below.
/tmp/modcompiler-servercore-fabric-1-21-11-9v4k30ii/workspace/src/main/java/com/itamio/servercore/fabric/ServerCoreData.java:23: error: method computeIfAbsent in class DimensionDataStorage cannot be applied to given types;
        return overworld.getDataStorage().computeIfAbsent(ServerCoreData::load, ServerCoreData::new, DATA_NAME);
                                         ^
  required: SavedDataType<T>
  found:    ServerCore[...]:load,ServerCoreData::new,String
  reason: cannot infer type-variable(s) T
    (actual and formal argument lists differ in length)
  where T is a type-variable:
    T extends SavedData declared in method <T>computeIfAbsent(SavedDataType<T>)
/tmp/modcompiler-servercore-fabric-1-21-11-9v4k30ii/workspace/src/main/java/com/itamio/servercore/fabric/ServerCoreData.java:36: error: method getList in class CompoundTag cannot be applied to given types;
        ListTag players = tag.getList("players", 10);
                             ^
  required: String
  found:    String,int
  reason: actual and formal argument lists differ in length
/tmp/modcompiler-servercore-fabric-1-21-11-9v4k30ii/workspace/src/main/java/com/itamio/servercore/fabric/ServerCoreData.java:43: error: method getList in class CompoundTag cannot be applied to given types;
            ListTag homesList = playerTag.getList("homes", 10);
                                         ^
  required: String
  found:    String,int
  reason: actual and formal argument lists differ in length
/tmp/modcompiler-servercore-fabric-1-21-11-9v4k30ii/workspace/src/main/java/com/itamio/servercore/fabric/ServerCoreData.java:68: error: method getList in class CompoundTag cannot be applied to given types;
        ListTag seenList = tag.getList("seen", 8);
                              ^
  required: String
  found:    String,int
  reason: actual and formal argument lists differ in length
/tmp/modcompiler-servercore-fabric-1-21-11-9v4k30ii/workspace/src/main/java/com/itamio/servercore/fabric/ServerCoreData.java:38: error: incompatible types: Optional<CompoundTag> cannot be converted to CompoundTag
            CompoundTag playerTag = players.getCompound(i);
                                                       ^
/tmp/modcompiler-servercore-fabric-1-21-11-9v4k30ii/workspace/src/main/java/com/itamio/servercore/fabric/ServerCoreData.java:39: error: incompatible types: Optional<String> cannot be converted to String
            UUID uuid = parseUuid(playerTag.getString("uuid"));
                                                     ^
/tmp/modcompiler-servercore-fabric-1-21-11-9v4k30ii/workspace/src/main/java/com/itamio/servercore/fabric/ServerCoreData.java:46: error: incompatible types: Optional<CompoundTag> cannot be converted to CompoundTag
                CompoundTag homeTag = homesList.getCompound(j);
                                                           ^
/tmp/modcompiler-servercore-fabric-1-21-11-9v4k30ii/workspace/src/main/java/com/itamio/servercore/fabric/ServerCoreData.java:47: error: incompatible types: Optional<String> cannot be converted to String
                String key = homeTag.getString("key");
                                              ^
/tmp/modcompiler-servercore-fabric-1-21-11-9v4k30ii/workspace/src/main/java/com/itamio/servercore/fabric/ServerCoreData.java:48: error: incompatible types: Optional<String> cannot be converted to String
                String name = homeTag.getString("name");
                                               ^
/tmp/modcompiler-servercore-fabric-1-21-11-9v4k30ii/workspace/src/main/java/com/itamio/servercore/fabric/ServerCoreData.java:49: error: incompatible types: Optional<String> cannot be converted to String
                String dimension = homeTag.getString("dimension");
                                                    ^
/tmp/modcompiler-servercore-fabric-1-21-11-9v4k30ii/workspace/src/main/java/com/itamio/servercore/fabric/ServerCoreData.java:57: error: incompatible types: Optional<Double> cannot be converted to double
                        homeTag.getDouble("x"),
                                         ^
/tmp/modcompiler-servercore-fabric-1-21-11-9v4k30ii/workspace/src/main/java/com/itamio/servercore/fabric/ServerCoreData.java:70: error: incompatible types: Optional<String> cannot be converted to String
            String uuidText = seenList.getString(i);
                                                ^
/tmp/modcompiler-servercore-fabric-1-21-11-9v4k30ii/workspace/src/main/java/com/itamio/servercore/fabric/TeleportUtil.java:7: error: cannot find symbol
import net.minecraft.resources.ResourceLocation;
                              ^
  symbol:   class ResourceLocation
  location: package net.minecraft.resources
/tmp/modcompiler-servercore-fabric-1-21-11-9v4k30ii/workspace/src/main/java/com/itamio/servercore/fabric/TeleportUtil.java:83: error: cannot find symbol
    private static ResourceKey<Level> createDimensionKey(ResourceLocation id) throws ReflectiveOperationException {
                                                         ^
  symbol:   class ResourceLocation
  location: class TeleportUtil
/tmp/modcompiler-servercore-fabric-1-21-11-9v4k30ii/workspace/src/main/java/com/itamio/servercore/fabric/ServerCoreCommands.java:83: error: cannot find symbol
    private static int handleTpa(CommandContext<CommandSourceStack> ctx, ServerPlayer target, RequestType type) {
                                                                                              ^
  symbol:   class RequestType
  location: class ServerCoreCommands
/tmp/modcompiler-servercore-fabric-1-21-11-9v4k30ii/workspace/src/main/java/com/itamio/servercore/fabric/ServerCoreCommands.java:164: error: cannot find symbol
    private static int completeTeleport(ServerPlayer target, TeleportRequest request) {
                                                             ^
  symbol:   class TeleportRequest
  location: class ServerCoreCommands
/tmp/modcompiler-servercore-fabric-1-21-11-9v4k30ii/workspace/src/main/java/com/itamio/servercore/fabric/TeleportUtil.java:35: error: cannot find symbol
        ResourceLocation id = ResourceLocation.tryParse(key);
        ^
  symbol:   class ResourceLocation
  location: class TeleportUtil
/tmp/modcompiler-servercore-fabric-1-21-11-9v4k30ii/workspace/src/main/java/com/itamio/servercore/fabric/TeleportUtil.java:35: error: cannot find symbol
        ResourceLocation id = ResourceLocation.tryParse(key);
                              ^
  symbol:   variable ResourceLocation
  location: class TeleportUtil
/tmp/modcompiler-servercore-fabric-1-21-11-9v4k30ii/workspace/src/main/java/com/itamio/servercore/fabric/TeleportUtil.java:88: error: cannot find symbol
            Method create = ResourceKey.class.getMethod("create", ResourceKey.class, ResourceLocation.class);
                                                                                     ^
  symbol:   class ResourceLocation
  location: class TeleportUtil
/tmp/modcompiler-servercore-fabric-1-21-11-9v4k30ii/workspace/src/main/java/com/itamio/servercore/fabric/TeleportUtil.java:93: error: cannot find symbol
            Method create = ResourceKey.class.getMethod("create", ResourceKey.class, ResourceLocation.class);
                                                                                     ^
  symbol:   class ResourceLocation
  location: class TeleportUtil
/tmp/modcompiler-servercore-fabric-1-21-11-9v4k30ii/workspace/src/main/java/com/itamio/servercore/fabric/ServerCoreCommands.java:24: error: cannot find symbol
                        .executes(ctx -> handleTpa(ctx, EntityArgument.getPlayer(ctx, "player"), RequestType.TPA))));
                                                                                                 ^
  symbol:   variable RequestType
  location: class ServerCoreCommands
/tmp/modcompiler-servercore-fabric-1-21-11-9v4k30ii/workspace/src/main/java/com/itamio/servercore/fabric/ServerCoreCommands.java:29: error: cannot find symbol
                        .executes(ctx -> handleTpa(ctx, EntityArgument.getPlayer(ctx, "player"), RequestType.TPAHERE))));
                                                                                                 ^
  symbol:   variable RequestType
  location: class ServerCoreCommands
/tmp/modcompiler-servercore-fabric-1-21-11-9v4k30ii/workspace/src/main/java/com/itamio/servercore/fabric/ServerCoreCommands.java:97: error: cannot find symbol
        if (type == RequestType.TPA) {
                    ^
  symbol:   variable RequestType
  location: class ServerCoreCommands
/tmp/modcompiler-servercore-fabric-1-21-11-9v4k30ii/workspace/src/main/java/com/itamio/servercore/fabric/ServerCoreCommands.java:108: error: cannot find symbol
        TeleportRequest request;
        ^
  symbol:   class TeleportRequest
  location: class ServerCoreCommands
/tmp/modcompiler-servercore-fabric-1-21-11-9v4k30ii/workspace/src/main/java/com/itamio/servercore/fabric/ServerCoreCommands.java:124: error: cannot find symbol
        for (TeleportRequest request : TeleportRequestService.getInstance().popAllIncoming(target.getUUID())) {
             ^
  symbol:   class TeleportRequest
  location: class ServerCoreCommands
/tmp/modcompiler-servercore-fabric-1-21-11-9v4k30ii/workspace/src/main/java/com/itamio/servercore/fabric/ServerCoreCommands.java:136: error: cannot find symbol
        TeleportRequest request;
        ^
  symbol:   class TeleportRequest
  location: class ServerCoreCommands
/tmp/modcompiler-servercore-fabric-1-21-11-9v4k30ii/workspace/src/main/java/com/itamio/servercore/fabric/ServerCoreCommands.java:175: error: cannot find symbol
        if (request.getType() == RequestType.TPA) {
                                 ^
  symbol:   variable RequestType
  location: class ServerCoreCommands
/tmp/modcompiler-servercore-fabric-1-21-11-9v4k30ii/workspace/src/main/java/com/itamio/servercore/fabric/ServerCoreCommands.java:223: error: cannot find symbol
        ServerLevel level = TeleportUtil.resolveLevel(ctx.getSource().getServer(), record.getDimension());
        ^
  symbol:   class ServerLevel
  location: class ServerCoreCommands
/tmp/modcompiler-servercore-fabric-1-21-11-9v4k30ii/workspace/src/main/java/com/itamio/servercore/fabric/ServerCoreData.java:78: error: method does not override or implement a method from a supertype
    @Override
    ^
Note: Some messages have been simplified; recompile with -Xdiags:verbose to get full output
/tmp/modcompiler-servercore-fabric-1-21-11-9v4k30ii/workspace/src/main/java/com/itamio/servercore/fabric/TeleportUtil.java:18: error: cannot find symbol
        return level.dimension().location().toString().toLowerCase(Locale.ROOT);
                                ^
  symbol:   method location()
  location: class ResourceKey<Level>
/tmp/modcompiler-servercore-fabric-1-21-11-9v4k30ii/workspace/src/main/java/com/itamio/servercore/fabric/TeleportUtil.java:26: error: cannot find symbol
        if (Level.OVERWORLD.location().toString().equals(key)) {
                           ^
  symbol:   method location()
  location: variable OVERWORLD of type ResourceKey<Level>
/tmp/modcompiler-servercore-fabric-1-21-11-9v4k30ii/workspace/src/main/java/com/itamio/servercore/fabric/TeleportUtil.java:29: error: cannot find symbol
        if (Level.NETHER.location().toString().equals(key)) {
                        ^
  symbol:   method location()
  location: variable NETHER of type ResourceKey<Level>
/tmp/modcompiler-servercore-fabric-1-21-11-9v4k30ii/workspace/src/main/java/com/itamio/servercore/fabric/TeleportUtil.java:32: error: cannot find symbol
        if (Level.END.location().toString().equals(key)) {
                     ^
  symbol:   method location()
  location: variable END of type ResourceKey<Level>
/tmp/modcompiler-servercore-fabric-1-21-11-9v4k30ii/workspace/src/main/java/com/itamio/servercore/fabric/HomeService.java:30: error: cannot find symbol
        String dimension = TeleportUtil.dimensionKey(player.serverLevel());
                                                           ^
  symbol:   method serverLevel()
  location: variable player of type ServerPlayer
/tmp/modcompiler-servercore-fabric-1-21-11-9v4k30ii/workspace/src/main/java/com/itamio/servercore/fabric/ServerCoreCommands.java:76: error: cannot find symbol
                        .executes(ctx -> handleRtp(ctx, Level.OVERWORLD.location().toString())))
                                                                       ^
  symbol:   method location()
  location: variable OVERWORLD of type ResourceKey<Level>
/tmp/modcompiler-servercore-fabric-1-21-11-9v4k30ii/workspace/src/main/java/com/itamio/servercore/fabric/ServerCoreCommands.java:78: error: cannot find symbol
                        .executes(ctx -> handleRtp(ctx, Level.NETHER.location().toString())))
                                                                    ^
  symbol:   method location()
  location: variable NETHER of type ResourceKey<Level>
/tmp/modcompiler-servercore-fabric-1-21-11-9v4k30ii/workspace/src/main/java/com/itamio/servercore/fabric/ServerCoreCommands.java:80: error: cannot find symbol
                        .executes(ctx -> handleRtp(ctx, Level.END.location().toString()))));
                                                                 ^
  symbol:   method location()
  location: variable END of type ResourceKey<Level>
/tmp/modcompiler-servercore-fabric-1-21-11-9v4k30ii/workspace/src/main/java/com/itamio/servercore/fabric/ServerCoreCommands.java:91: error: cannot find symbol
                sender.getGameProfile().getName(),
                                       ^
  symbol:   method getName()
  location: class GameProfile
/tmp/modcompiler-servercore-fabric-1-21-11-9v4k30ii/workspace/src/main/java/com/itamio/servercore/fabric/ServerCoreCommands.java:93: error: cannot find symbol
                target.getGameProfile().getName(),
                                       ^
  symbol:   method getName()
  location: class GameProfile
/tmp/modcompiler-servercore-fabric-1-21-11-9v4k30ii/workspace/src/main/java/com/itamio/servercore/fabric/ServerCoreCommands.java:96: error: cannot find symbol
        MessageUtil.send(sender, "Teleport request sent to " + target.getGameProfile().getName() + ".");
                                                                                      ^
  symbol:   method getName()
  location: class GameProfile
/tmp/modcompiler-servercore-fabric-1-21-11-9v4k30ii/workspace/src/main/java/com/itamio/servercore/fabric/ServerCoreCommands.java:98: error: cannot find symbol
            MessageUtil.send(target, sender.getGameProfile().getName() + " wants to teleport to you. Use /tpaccept " + sender.getGameProfile().getName() + " or /tpadeny " + sender.getGameProfile().getName() + ".");
                                                            ^
  symbol:   method getName()
  location: class GameProfile
/tmp/modcompiler-servercore-fabric-1-21-11-9v4k30ii/workspace/src/main/java/com/itamio/servercore/fabric/ServerCoreCommands.java:98: error: cannot find symbol
            MessageUtil.send(target, sender.getGameProfile().getName() + " wants to teleport to you. Use /tpaccept " + sender.getGameProfile().getName() + " or /tpadeny " + sender.getGameProfile().getName() + ".");
                                                                                                                                              ^
  symbol:   method getName()
  location: class GameProfile
/tmp/modcompiler-servercore-fabric-1-21-11-9v4k30ii/workspace/src/main/java/com/itamio/servercore/fabric/ServerCoreCommands.java:98: error: cannot find symbol
            MessageUtil.send(target, sender.getGameProfile().getName() + " wants to teleport to you. Use /tpaccept " + sender.getGameProfile().getName() + " or /tpadeny " + sender.getGameProfile().getName() + ".");
                                                                                                                                                                                                    ^
  symbol:   method getName()
  location: class GameProfile
/tmp/modcompiler-servercore-fabric-1-21-11-9v4k30ii/workspace/src/main/java/com/itamio/servercore/fabric/ServerCoreCommands.java:100: error: cannot find symbol
            MessageUtil.send(target, sender.getGameProfile().getName() + " wants you to teleport to them. Use /tpaccept " + sender.getGameProfile().getName() + " or /tpadeny " + sender.getGameProfile().getName() + ".");
                                                            ^
  symbol:   method getName()
  location: class GameProfile
/tmp/modcompiler-servercore-fabric-1-21-11-9v4k30ii/workspace/src/main/java/com/itamio/servercore/fabric/ServerCoreCommands.java:100: error: cannot find symbol
            MessageUtil.send(target, sender.getGameProfile().getName() + " wants you to teleport to them. Use /tpaccept " + sender.getGameProfile().getName() + " or /tpadeny " + sender.getGameProfile().getName() + ".");
                                                                                                                                                   ^
  symbol:   method getName()
  location: class GameProfile
/tmp/modcompiler-servercore-fabric-1-21-11-9v4k30ii/workspace/src/main/java/com/itamio/servercore/fabric/ServerCoreCommands.java:100: error: cannot find symbol
            MessageUtil.send(target, sender.getGameProfile().getName() + " wants you to teleport to them. Use /tpaccept " + sender.getGameProfile().getName() + " or /tpadeny " + sender.getGameProfile().getName() + ".");
                                                                                                                                                                                                         ^
  symbol:   method getName()
  location: class GameProfile
/tmp/modcompiler-servercore-fabric-1-21-11-9v4k30ii/workspace/src/main/java/com/itamio/servercore/fabric/ServerCoreCommands.java:165: error: cannot find symbol
        MinecraftServer server = target.getServer();
                                       ^
  symbol:   method getServer()
  location: variable target of type ServerPlayer
/tmp/modcompiler-servercore-fabric-1-21-11-9v4k30ii/workspace/src/main/java/com/itamio/servercore/fabric/ServerCoreCommands.java:176: error: cannot find symbol
            TeleportUtil.teleport(requester, target.serverLevel(), target.getX(), target.getY(), target.getZ(), target.getYRot(), target.getXRot());
                                                   ^
  symbol:   method serverLevel()
  location: variable target of type ServerPlayer
/tmp/modcompiler-servercore-fabric-1-21-11-9v4k30ii/workspace/src/main/java/com/itamio/servercore/fabric/ServerCoreCommands.java:177: error: cannot find symbol
            MessageUtil.send(requester, "Teleporting to " + target.getGameProfile().getName() + ".");
                                                                                   ^
  symbol:   method getName()
  location: class GameProfile
/tmp/modcompiler-servercore-fabric-1-21-11-9v4k30ii/workspace/src/main/java/com/itamio/servercore/fabric/ServerCoreCommands.java:178: error: cannot find symbol
            MessageUtil.send(target, "Accepted teleport request from " + requester.getGameProfile().getName() + ".");
                                                                                                   ^
  symbol:   method getName()
  location: class GameProfile
/tmp/modcompiler-servercore-fabric-1-21-11-9v4k30ii/workspace/src/main/java/com/itamio/servercore/fabric/ServerCoreCommands.java:180: error: cannot find symbol
            TeleportUtil.teleport(target, requester.serverLevel(), requester.getX(), requester.getY(), requester.getZ(), requester.getYRot(), requester.getXRot());
                                                   ^
  symbol:   method serverLevel()
  location: variable requester of type ServerPlayer
/tmp/modcompiler-servercore-fabric-1-21-11-9v4k30ii/workspace/src/main/java/com/itamio/servercore/fabric/ServerCoreCommands.java:181: error: cannot find symbol
            MessageUtil.send(target, "Teleporting to " + requester.getGameProfile().getName() + ".");
                                                                                   ^
  symbol:   method getName()
  location: class GameProfile
/tmp/modcompiler-servercore-fabric-1-21-11-9v4k30ii/workspace/src/main/java/com/itamio/servercore/fabric/ServerCoreCommands.java:182: error: cannot find symbol
            MessageUtil.send(requester, target.getGameProfile().getName() + " accepted your request.");
                                                               ^
  symbol:   method getName()
  location: class GameProfile
/tmp/modcompiler-servercore-fabric-1-21-11-9v4k30ii/workspace/src/main/java/com/itamio/servercore/fabric/RandomTeleportService.java:32: error: cannot find symbol
        if (player == null || player.getServer() == null) {
                                    ^
  symbol:   method getServer()
  location: variable player of type ServerPlayer
/tmp/modcompiler-servercore-fabric-1-21-11-9v4k30ii/workspace/src/main/java/com/itamio/servercore/fabric/RandomTeleportService.java:35: error: cannot find symbol
        MinecraftServer server = player.getServer();
                                       ^
  symbol:   method getServer()
  location: variable player of type ServerPlayer
/tmp/modcompiler-servercore-fabric-1-21-11-9v4k30ii/workspace/src/main/java/com/itamio/servercore/fabric/RandomTeleportService.java:88: error: cannot find symbol
        int maxY = Math.min(top, level.getMaxBuildHeight() - 2);
                                      ^
  symbol:   method getMaxBuildHeight()
  location: variable level of type ServerLevel
/tmp/modcompiler-servercore-fabric-1-21-11-9v4k30ii/workspace/src/main/java/com/itamio/servercore/fabric/RandomTeleportService.java:89: error: cannot find symbol
        int minY = level.getMinBuildHeight() + 1;
                        ^
  symbol:   method getMinBuildHeight()
  location: variable level of type ServerLevel
/tmp/modcompiler-servercore-fabric-1-21-11-9v4k30ii/workspace/src/main/java/com/itamio/servercore/fabric/RandomTeleportService.java:146: error: cannot find symbol
        return level.dimension().location().toString();
                                ^
  symbol:   method location()
  location: class ResourceKey<Level>
/tmp/modcompiler-servercore-fabric-1-21-11-9v4k30ii/workspace/src/main/java/com/itamio/servercore/fabric/ServerCoreCommands.java:3: error: package com.itamio.servercore.forge.TeleportRequestService does not exist
import com.itamio.servercore.forge.TeleportRequestService.RequestType;
                                                         ^
/tmp/modcompiler-servercore-fabric-1-21-11-9v4k30ii/workspace/src/main/java/com/itamio/servercore/fabric/ServerCoreCommands.java:4: error: package com.itamio.servercore.forge.TeleportRequestService does not exist
import com.itamio.servercore.forge.TeleportRequestService.TeleportRequest;
                                                         ^
60 errors
	at org.gradle.api.internal.tasks.compile.JdkJavaCompiler.execute(JdkJavaCompiler.java:89)
	at org.gradle.api.internal.tasks.compile.JdkJavaCompiler.execute(JdkJavaCompiler.java:50)
	at org.gradle.api.internal.tasks.compile.NormalizingJavaCompiler.delegateAndHandleErrors(NormalizingJavaCompiler.java:98)
	at org.gradle.api.internal.tasks.compile.NormalizingJavaCompiler.execute(NormalizingJavaCompiler.java:52)
	at org.gradle.api.internal.tasks.compile.NormalizingJavaCompiler.execute(NormalizingJavaCompiler.java:38)
	at org.gradle.api.internal.tasks.compile.AnnotationProcessorDiscoveringCompiler.execute(AnnotationProcessorDiscoveringCompiler.java:52)
	at org.gradle.api.internal.tasks.compile.AnnotationProcessorDiscoveringCompiler.execute(AnnotationProcessorDiscoveringCompiler.java:38)
	at org.gradle.api.internal.tasks.compile.ModuleApplicationNameWritingCompiler.execute(ModuleApplicationNameWritingCompiler.java:46)
	at org.gradle.api.internal.tasks.compile.ModuleApplicationNameWritingCompiler.execute(ModuleApplicationNameWritingCompiler.java:36)
	at org.gradle.jvm.toolchain.internal.DefaultToolchainJavaCompiler.execute(DefaultToolchainJavaCompiler.java:57)
	at org.gradle.api.tasks.compile.JavaCompile.lambda$createToolchainCompiler$3(JavaCompile.java:206)
	at org.gradle.api.internal.tasks.compile.CleaningJavaCompiler.execute(CleaningJavaCompiler.java:53)
	at org.gradle.api.internal.tasks.compile.incremental.IncrementalCompilerFactory.lambda$createRebuildAllCompiler$0(IncrementalCompilerFactory.java:55)
	at org.gradle.api.internal.tasks.compile.incremental.SelectiveCompiler.execute(SelectiveCompiler.java:70)
	at org.gradle.api.internal.tasks.compile.incremental.SelectiveCompiler.execute(SelectiveCompiler.java:44)
	at org.gradle.api.internal.tasks.compile.incremental.IncrementalResultStoringCompiler.execute(IncrementalResultStoringCompiler.java:66)
	at org.gradle.api.internal.tasks.compile.incremental.IncrementalResultStoringCompiler.execute(IncrementalResultStoringCompiler.java:52)
	at org.gradle.api.internal.tasks.compile.CompileJavaBuildOperationReportingCompiler$1.call(CompileJavaBuildOperationReportingCompiler.java:64)
	at org.gradle.api.internal.tasks.compile.CompileJavaBuildOperationReportingCompiler$1.call(CompileJavaBuildOperationReportingCompiler.java:48)
	at org.gradle.internal.operations.DefaultBuildOperationRunner$CallableBuildOperationWorker.execute(DefaultBuildOperationRunner.java:209)
	at org.gradle.internal.operations.DefaultBuildOperationRunner$CallableBuildOperationWorker.execute(DefaultBuildOperationRunner.java:204)
	at org.gradle.internal.operations.DefaultBuildOperationRunner$2.execute(DefaultBuildOperationRunner.java:66)
	at org.gradle.internal.operations.DefaultBuildOperationRunner$2.execute(DefaultBuildOperationRunner.java:59)
	at org.gradle.internal.operations.DefaultBuildOperationRunner.execute(DefaultBuildOperationRunner.java:166)
	at org.gradle.internal.operations.DefaultBuildOperationRunner.execute(DefaultBuildOperationRunner.java:59)
	at org.gradle.internal.operations.DefaultBuildOperationRunner.call(DefaultBuildOperationRunner.java:53)
	at org.gradle.api.internal.tasks.compile.CompileJavaBuildOperationReportingCompiler.execute(CompileJavaBuildOperationReportingCompiler.java:48)
	at org.gradle.api.tasks.compile.JavaCompile.performCompilation(JavaCompile.java:224)
	at org.gradle.api.tasks.compile.JavaCompile.performIncrementalCompilation(JavaCompile.java:165)
	at org.gradle.api.tasks.compile.JavaCompile.compile(JavaCompile.java:150)
	at org.gradle.internal.reflect.JavaMethod.invoke(JavaMethod.java:125)
	at org.gradle.api.internal.project.taskfactory.IncrementalTaskAction.doExecute(IncrementalTaskAction.java:45)
	at org.gradle.api.internal.project.taskfactory.StandardTaskAction.execute(StandardTaskAction.java:51)
	at org.gradle.api.internal.project.taskfactory.IncrementalTaskAction.execute(IncrementalTaskAction.java:26)
	at org.gradle.api.internal.project.taskfactory.StandardTaskAction.execute(StandardTaskAction.java:29)
	at org.gradle.api.internal.tasks.execution.TaskExecution$3.run(TaskExecution.java:252)
	at org.gradle.internal.operations.DefaultBuildOperationRunner$1.execute(DefaultBuildOperationRunner.java:29)
	at org.gradle.internal.operations.DefaultBuildOperationRunner$1.execute(DefaultBuildOperationRunner.java:26)
	at org.gradle.internal.operations.DefaultBuildOperationRunner$2.execute(DefaultBuildOperationRunner.java:66)
	at org.gradle.internal.operations.DefaultBuildOperationRunner$2.execute(DefaultBuildOperationRunner.java:59)
	at org.gradle.internal.operations.DefaultBuildOperationRunner.execute(DefaultBuildOperationRunner.java:166)
	at org.gradle.internal.operations.DefaultBuildOperationRunner.execute(DefaultBuildOperationRunner.java:59)
	at org.gradle.internal.operations.DefaultBuildOperationRunner.run(DefaultBuildOperationRunner.java:47)
	at org.gradle.api.internal.tasks.execution.TaskExecution.executeAction(TaskExecution.java:237)
	at org.gradle.api.internal.tasks.execution.TaskExecution.executeActions(TaskExecution.java:220)
	at org.gradle.api.internal.tasks.execution.TaskExecution.executeWithPreviousOutputFiles(TaskExecution.java:203)
	at org.gradle.api.internal.tasks.execution.TaskExecution.execute(TaskExecution.java:170)
	at org.gradle.internal.execution.steps.ExecuteStep.executeInternal(ExecuteStep.java:105)
	at org.gradle.internal.execution.steps.ExecuteStep.access$000(ExecuteStep.java:44)
	at org.gradle.internal.execution.steps.ExecuteStep$1.call(ExecuteStep.java:59)
	at org.gradle.internal.execution.steps.ExecuteStep$1.call(ExecuteStep.java:56)
	at org.gradle.internal.operations.DefaultBuildOperationRunner$CallableBuildOperationWorker.execute(DefaultBuildOperationRunner.java:209)
	at org.gradle.internal.operations.DefaultBuildOperationRunner$CallableBuildOperationWorker.execute(DefaultBuildOperationRunner.java:204)
	at org.gradle.internal.operations.DefaultBuildOperationRunner$2.execute(DefaultBuildOperationRunner.java:66)
	at org.gradle.internal.operations.DefaultBuildOperationRunner$2.execute(DefaultBuildOperationRunner.java:59)
	at org.gradle.internal.operations.DefaultBuildOperationRunner.execute(DefaultBuildOperationRunner.java:166)
	at org.gradle.internal.operations.DefaultBuildOperationRunner.execute(DefaultBuildOperationRunner.java:59)
	at org.gradle.internal.operations.DefaultBuildOperationRunner.call(DefaultBuildOperationRunner.java:53)
	at org.gradle.internal.execution.steps.ExecuteStep.execute(ExecuteStep.java:56)
	at org.gradle.internal.execution.steps.ExecuteStep.execute(ExecuteStep.java:44)
	at org.gradle.internal.execution.steps.CancelExecutionStep.execute(CancelExecutionStep.java:42)
	at org.gradle.internal.execution.steps.TimeoutStep.executeWithoutTimeout(TimeoutStep.java:75)
	at org.gradle.internal.execution.steps.TimeoutStep.execute(TimeoutStep.java:55)
	at org.gradle.internal.execution.steps.PreCreateOutputParentsStep.execute(PreCreateOutputParentsStep.java:50)
	at org.gradle.internal.execution.steps.PreCreateOutputParentsStep.execute(PreCreateOutputParentsStep.java:28)
	at org.gradle.internal.execution.steps.RemovePreviousOutputsStep.execute(RemovePreviousOutputsStep.java:68)
	at org.gradle.internal.execution.steps.RemovePreviousOutputsStep.execute(RemovePreviousOutputsStep.java:38)
	at org.gradle.internal.execution.steps.BroadcastChangingOutputsStep.execute(BroadcastChangingOutputsStep.java:61)
	at org.gradle.internal.execution.steps.BroadcastChangingOutputsStep.execute(BroadcastChangingOutputsStep.java:26)
	at org.gradle.internal.execution.steps.CaptureOutputsAfterExecutionStep.execute(CaptureOutputsAfterExecutionStep.java:69)
	at org.gradle.internal.execution.steps.CaptureOutputsAfterExecutionStep.execute(CaptureOutputsAfterExecutionStep.java:46)
	at org.gradle.internal.execution.steps.ResolveInputChangesStep.execute(ResolveInputChangesStep.java:39)
	at org.gradle.internal.execution.steps.ResolveInputChangesStep.execute(ResolveInputChangesStep.java:28)
	at org.gradle.internal.execution.steps.BuildCacheStep.executeWithoutCache(BuildCacheStep.java:189)
	at org.gradle.internal.execution.steps.BuildCacheStep.lambda$execute$1(BuildCacheStep.java:75)
	at org.gradle.internal.Either$Right.fold(Either.java:176)
	at org.gradle.internal.execution.caching.CachingState.fold(CachingState.java:62)
	at org.gradle.internal.execution.steps.BuildCacheStep.execute(BuildCacheStep.java:73)
	at org.gradle.internal.execution.steps.BuildCacheStep.execute(BuildCacheStep.java:48)
	at org.gradle.internal.execution.steps.StoreExecutionStateStep.execute(StoreExecutionStateStep.java:46)
	at org.gradle.internal.execution.steps.StoreExecutionStateStep.execute(StoreExecutionStateStep.java:35)
	at org.gradle.internal.execution.steps.SkipUpToDateStep.executeBecause(SkipUpToDateStep.java:75)
	at org.gradle.internal.execution.steps.SkipUpToDateStep.lambda$execute$2(SkipUpToDateStep.java:53)
	at org.gradle.internal.execution.steps.SkipUpToDateStep.execute(SkipUpToDateStep.java:53)
	at org.gradle.internal.execution.steps.SkipUpToDateStep.execute(SkipUpToDateStep.java:35)
	at org.gradle.internal.execution.steps.legacy.MarkSnapshottingInputsFinishedStep.execute(MarkSnapshottingInputsFinishedStep.java:37)
	at org.gradle.internal.execution.steps.legacy.MarkSnapshottingInputsFinishedStep.execute(MarkSnapshottingInputsFinishedStep.java:27)
	at org.gradle.internal.execution.steps.ResolveIncrementalCachingStateStep.executeDelegate(ResolveIncrementalCachingStateStep.java:49)
	at org.gradle.internal.execution.steps.ResolveIncrementalCachingStateStep.executeDelegate(ResolveIncrementalCachingStateStep.java:27)
	at org.gradle.internal.execution.steps.AbstractResolveCachingStateStep.execute(AbstractResolveCachingStateStep.java:71)
	at org.gradle.internal.execution.steps.AbstractResolveCachingStateStep.execute(AbstractResolveCachingStateStep.java:39)
	at org.gradle.internal.execution.steps.ResolveChangesStep.execute(ResolveChangesStep.java:64)
	at org.gradle.internal.execution.steps.ResolveChangesStep.execute(ResolveChangesStep.java:35)
	at org.gradle.internal.execution.steps.ValidateStep.execute(ValidateStep.java:62)
	at org.gradle.internal.execution.steps.ValidateStep.execute(ValidateStep.java:40)
	at org.gradle.internal.execution.steps.AbstractCaptureStateBeforeExecutionStep.execute(AbstractCaptureStateBeforeExecutionStep.java:76)
	at org.gradle.internal.execution.steps.AbstractCaptureStateBeforeExecutionStep.execute(AbstractCaptureStateBeforeExecutionStep.java:45)
	at org.gradle.internal.execution.steps.AbstractSkipEmptyWorkStep.executeWithNonEmptySources(AbstractSkipEmptyWorkStep.java:136)
	at org.gradle.internal.execution.steps.AbstractSkipEmptyWorkStep.execute(AbstractSkipEmptyWorkStep.java:66)
	at org.gradle.internal.execution.steps.AbstractSkipEmptyWorkStep.execute(AbstractSkipEmptyWorkStep.java:38)
	at org.gradle.internal.execution.steps.legacy.MarkSnapshottingInputsStartedStep.execute(MarkSnapshottingInputsStartedStep.java:38)
	at org.gradle.internal.execution.steps.LoadPreviousExecutionStateStep.execute(LoadPreviousExecutionStateStep.java:36)
	at org.gradle.internal.execution.steps.LoadPreviousExecutionStateStep.execute(LoadPreviousExecutionStateStep.java:23)
	at org.gradle.internal.execution.steps.HandleStaleOutputsStep.execute(HandleStaleOutputsStep.java:75)
	at org.gradle.internal.execution.steps.HandleStaleOutputsStep.execute(HandleStaleOutputsStep.java:41)
	at org.gradle.internal.execution.steps.AssignMutableWorkspaceStep.lambda$execute$0(AssignMutableWorkspaceStep.java:35)
	at org.gradle.api.internal.tasks.execution.TaskExecution$4.withWorkspace(TaskExecution.java:297)
	at org.gradle.internal.execution.steps.AssignMutableWorkspaceStep.execute(AssignMutableWorkspaceStep.java:31)
	at org.gradle.internal.execution.steps.AssignMutableWorkspaceStep.execute(AssignMutableWorkspaceStep.java:22)
	at org.gradle.internal.execution.steps.ChoosePipelineStep.execute(ChoosePipelineStep.java:40)
	at org.gradle.internal.execution.steps.ChoosePipelineStep.execute(ChoosePipelineStep.java:23)
	at org.gradle.internal.execution.steps.ExecuteWorkBuildOperationFiringStep.lambda$execute$2(ExecuteWorkBuildOperationFiringStep.java:67)
	at org.gradle.internal.execution.steps.ExecuteWorkBuildOperationFiringStep.execute(ExecuteWorkBuildOperationFiringStep.java:67)
	at org.gradle.internal.execution.steps.ExecuteWorkBuildOperationFiringStep.execute(ExecuteWorkBuildOperationFiringStep.java:39)
	at org.gradle.internal.execution.steps.IdentityCacheStep.execute(IdentityCacheStep.java:46)
	at org.gradle.internal.execution.steps.IdentityCacheStep.execute(IdentityCacheStep.java:34)
	at org.gradle.internal.execution.steps.IdentifyStep.execute(IdentifyStep.java:44)
	at org.gradle.internal.execution.steps.IdentifyStep.execute(IdentifyStep.java:31)
	at org.gradle.internal.execution.impl.DefaultExecutionEngine$1.execute(DefaultExecutionEngine.java:64)
	at org.gradle.api.internal.tasks.execution.ExecuteActionsTaskExecuter.executeIfValid(ExecuteActionsTaskExecuter.java:132)
	... 30 more


BUILD FAILED in 50s
1 actionable task: 1 executed
$ /opt/hostedtoolcache/Python/3.12.12/x64/bin/python 1.21.9-1.21.11/build_adapter.py --loader fabric --metadata-json /tmp/modcompiler-servercore-fabric-1-21-11-9v4k30ii/metadata.json --source-dir .workflow_state/prepared/mods/servercore-fabric-1-21-11/src --template-workspace /tmp/modcompiler-servercore-fabric-1-21-11-9v4k30ii/workspace --minecraft-version 1.21.11 --manifest /home/runner/work/ModCompiler/ModCompiler/version-manifest.json


$ ./gradlew build --stacktrace --no-daemon

