INFO:  Loaded 3 plugins
INFO:  JVM info: Eclipse Adoptium - 21.0.10 - 21.0.10+7-LTS
INFO:  Scanning classes from Java runtime current
INFO:  Scanning classes from module java.base@21.0.10
INFO:  Scanning classes from module java.compiler@21.0.10
INFO:  Scanning classes from module java.datatransfer@21.0.10
INFO:  Scanning classes from module java.desktop@21.0.10
INFO:  Scanning classes from module java.instrument@21.0.10
INFO:  Scanning classes from module java.logging@21.0.10
INFO:  Scanning classes from module java.management@21.0.10
INFO:  Scanning classes from module java.management.rmi@21.0.10
INFO:  Scanning classes from module java.naming@21.0.10
INFO:  Scanning classes from module java.net.http@21.0.10
INFO:  Scanning classes from module java.prefs@21.0.10
INFO:  Scanning classes from module java.rmi@21.0.10
INFO:  Scanning classes from module java.scripting@21.0.10
INFO:  Scanning classes from module java.se@21.0.10
INFO:  Scanning classes from module java.security.jgss@21.0.10
INFO:  Scanning classes from module java.security.sasl@21.0.10
INFO:  Scanning classes from module java.smartcardio@21.0.10
INFO:  Scanning classes from module java.sql@21.0.10
INFO:  Scanning classes from module java.sql.rowset@21.0.10
INFO:  Scanning classes from module java.transaction.xa@21.0.10
INFO:  Scanning classes from module java.xml@21.0.10
INFO:  Scanning classes from module java.xml.crypto@21.0.10
INFO:  Scanning classes from module jdk.accessibility@21.0.10
INFO:  Scanning classes from module jdk.attach@21.0.10
INFO:  Scanning classes from module jdk.charsets@21.0.10
INFO:  Scanning classes from module jdk.compiler@21.0.10
INFO:  Scanning classes from module jdk.crypto.cryptoki@21.0.10
INFO:  Scanning classes from module jdk.crypto.ec@21.0.10
INFO:  Scanning classes from module jdk.dynalink@21.0.10
INFO:  Scanning classes from module jdk.editpad@21.0.10
INFO:  Scanning classes from module jdk.hotspot.agent@21.0.10
INFO:  Scanning classes from module jdk.httpserver@21.0.10
INFO:  Scanning classes from module jdk.incubator.vector@21.0.10
INFO:  Scanning classes from module jdk.internal.ed@21.0.10
INFO:  Scanning classes from module jdk.internal.jvmstat@21.0.10
INFO:  Scanning classes from module jdk.internal.le@21.0.10
INFO:  Scanning classes from module jdk.internal.opt@21.0.10
INFO:  Scanning classes from module jdk.internal.vm.ci@21.0.10
INFO:  Scanning classes from module jdk.internal.vm.compiler@21.0.10
INFO:  Scanning classes from module jdk.internal.vm.compiler.management@21.0.10
INFO:  Scanning classes from module jdk.jartool@21.0.10
INFO:  Scanning classes from module jdk.javadoc@21.0.10
INFO:  Scanning classes from module jdk.jcmd@21.0.10
INFO:  Scanning classes from module jdk.jconsole@21.0.10
INFO:  Scanning classes from module jdk.jdeps@21.0.10
INFO:  Scanning classes from module jdk.jdi@21.0.10
INFO:  Scanning classes from module jdk.jdwp.agent@21.0.10
INFO:  Scanning classes from module jdk.jfr@21.0.10
INFO:  Scanning classes from module jdk.jlink@21.0.10
INFO:  Scanning classes from module jdk.jpackage@21.0.10
INFO:  Scanning classes from module jdk.jshell@21.0.10
INFO:  Scanning classes from module jdk.jsobject@21.0.10
INFO:  Scanning classes from module jdk.jstatd@21.0.10
INFO:  Scanning classes from module jdk.localedata@21.0.10
INFO:  Scanning classes from module jdk.management@21.0.10
INFO:  Scanning classes from module jdk.management.agent@21.0.10
INFO:  Scanning classes from module jdk.management.jfr@21.0.10
INFO:  Scanning classes from module jdk.naming.dns@21.0.10
INFO:  Scanning classes from module jdk.naming.rmi@21.0.10
INFO:  Scanning classes from module jdk.net@21.0.10
INFO:  Scanning classes from module jdk.nio.mapmode@21.0.10
INFO:  Scanning classes from module jdk.random@21.0.10
INFO:  Scanning classes from module jdk.sctp@21.0.10
INFO:  Scanning classes from module jdk.security.auth@21.0.10
INFO:  Scanning classes from module jdk.security.jgss@21.0.10
INFO:  Scanning classes from module jdk.unsupported@21.0.10
INFO:  Scanning classes from module jdk.unsupported.desktop@21.0.10
INFO:  Scanning classes from module jdk.xml.dom@21.0.10
INFO:  Scanning classes from module jdk.zipfs@21.0.10
INFO:  Scanning classes from directory /tmp/modcompiler-decompile-createliquidfuel-forge-decompiled-t77etjr0/expanded-jar
INFO:  Loading Class: com/forsteri/createliquidfuel/mixin/MixinBlazeBurnerTileEntity$1 from directory /tmp/modcompiler-decompile-createliquidfuel-forge-decompiled-t77etjr0/expanded-jar
INFO:  Loading Class: com/forsteri/createliquidfuel/mixin/BlazeBurnerAccessor from directory /tmp/modcompiler-decompile-createliquidfuel-forge-decompiled-t77etjr0/expanded-jar
INFO:  Loading Class: com/forsteri/createliquidfuel/mixin/MixinBlazeBurnerTileEntity from directory /tmp/modcompiler-decompile-createliquidfuel-forge-decompiled-t77etjr0/expanded-jar
INFO:  Loading Class: com/forsteri/createliquidfuel/CreateLiquidFuel from directory /tmp/modcompiler-decompile-createliquidfuel-forge-decompiled-t77etjr0/expanded-jar
INFO:  Loading Class: com/forsteri/createliquidfuel/core/BurnerStomachHandler from directory /tmp/modcompiler-decompile-createliquidfuel-forge-decompiled-t77etjr0/expanded-jar
INFO:  Loading Class: com/forsteri/createliquidfuel/core/DrainableFuelLoader from directory /tmp/modcompiler-decompile-createliquidfuel-forge-decompiled-t77etjr0/expanded-jar
INFO:  Loading Class: com/forsteri/createliquidfuel/core/LiquidBurnerFuelJsonLoader from directory /tmp/modcompiler-decompile-createliquidfuel-forge-decompiled-t77etjr0/expanded-jar
INFO:  Loading Class: com/forsteri/createliquidfuel/util/MathUtil from directory /tmp/modcompiler-decompile-createliquidfuel-forge-decompiled-t77etjr0/expanded-jar
INFO:  Loading Class: com/forsteri/createliquidfuel/util/Triplet from directory /tmp/modcompiler-decompile-createliquidfuel-forge-decompiled-t77etjr0/expanded-jar
INFO:  Loading Class: com/forsteri/createliquidfuel/eventhandlers/ForgeEventsHandler from directory /tmp/modcompiler-decompile-createliquidfuel-forge-decompiled-t77etjr0/expanded-jar
INFO:  Loading Class: com/forsteri/createliquidfuel/eventhandlers/ModEventHandler from directory /tmp/modcompiler-decompile-createliquidfuel-forge-decompiled-t77etjr0/expanded-jar
INFO:  Loading Class: java/lang/invoke/MethodHandles$Lookup from module java.base@21.0.10
INFO:  Loading Class: java/lang/invoke/MethodHandles from module java.base@21.0.10
INFO:  Loading Class: java/util/Map$Entry from module java.base@21.0.10
INFO:  Loading Class: java/util/Map from module java.base@21.0.10
INFO:  Preprocessing class com/forsteri/createliquidfuel/mixin/BlazeBurnerAccessor
INFO:  Preprocessing class com/forsteri/createliquidfuel/mixin/MixinBlazeBurnerTileEntity
INFO:     Loading Class: java/lang/Object from module java.base@21.0.10
INFO:  ... done
INFO:  Preprocessing class com/forsteri/createliquidfuel/CreateLiquidFuel
INFO:  ... done
INFO:  Preprocessing class com/forsteri/createliquidfuel/core/BurnerStomachHandler
INFO:  ... done
INFO:  Preprocessing class com/forsteri/createliquidfuel/core/DrainableFuelLoader
INFO:  ... done
INFO:  Preprocessing class com/forsteri/createliquidfuel/core/LiquidBurnerFuelJsonLoader
INFO:  ... done
INFO:  Preprocessing class com/forsteri/createliquidfuel/util/MathUtil
INFO:  ... done
INFO:  Preprocessing class com/forsteri/createliquidfuel/util/Triplet
INFO:     Loading Class: java/lang/Record from module java.base@21.0.10
INFO:  ... done
INFO:  Preprocessing class com/forsteri/createliquidfuel/eventhandlers/ForgeEventsHandler
INFO:  ... done
INFO:  Preprocessing class com/forsteri/createliquidfuel/eventhandlers/ModEventHandler
INFO:  ... done
INFO:  ... done
INFO:  Decompiling class com/forsteri/createliquidfuel/mixin/BlazeBurnerAccessor
INFO:  Decompiling class com/forsteri/createliquidfuel/mixin/MixinBlazeBurnerTileEntity
INFO:        Loading Class: java/util/function/Consumer from module java.base@21.0.10
INFO:  ... done
INFO:  Decompiling class com/forsteri/createliquidfuel/CreateLiquidFuel
INFO:  ... done
INFO:  Decompiling class com/forsteri/createliquidfuel/core/BurnerStomachHandler
INFO:  ... done
INFO:  Decompiling class com/forsteri/createliquidfuel/core/DrainableFuelLoader
INFO:        Loading Class: java/util/HashMap from module java.base@21.0.10
INFO:        Loading Class: java/lang/Cloneable from module java.base@21.0.10
INFO:              Loading Class: java/lang/Integer from module java.base@21.0.10
INFO:              Loading Class: java/lang/Number from module java.base@21.0.10
INFO:        Loading Class: java/io/Serializable from module java.base@21.0.10
INFO:        Loading Class: java/util/AbstractMap from module java.base@21.0.10
INFO:              Loading Class: java/lang/Boolean from module java.base@21.0.10
INFO:  ... done
INFO:  Decompiling class com/forsteri/createliquidfuel/core/LiquidBurnerFuelJsonLoader
INFO:        Loading Class: java/lang/RuntimeException from module java.base@21.0.10
INFO:  ... done
INFO:  Decompiling class com/forsteri/createliquidfuel/util/MathUtil
INFO:  ... done
INFO:  Decompiling class com/forsteri/createliquidfuel/util/Triplet
INFO:  ... done
INFO:  Decompiling class com/forsteri/createliquidfuel/eventhandlers/ForgeEventsHandler
INFO:  ... done
INFO:  Decompiling class com/forsteri/createliquidfuel/eventhandlers/ModEventHandler
INFO:        Loading Class: java/lang/Runnable from module java.base@21.0.10
INFO:  ... done
INFO:  ... done
$ java -jar /home/runner/work/ModCompiler/ModCompiler/.workflow_tools/vineflower.jar /tmp/modcompiler-decompile-createliquidfuel-forge-decompiled-t77etjr0/expanded-jar /tmp/modcompiler-decompile-createliquidfuel-forge-decompiled-t77etjr0/java-output

