
Welcome to Gradle 8.7!

Here are the highlights of this release:
 - Compiling and testing with Java 22
 - Cacheable Groovy script compilation
 - New methods in lazy collection properties

For more details see https://docs.gradle.org/8.7/release-notes.html

To honour the JVM settings for this build a single-use Daemon process will be forked. For more on this, please refer to https://docs.gradle.org/8.7/userguide/gradle_daemon.html#sec:disabling_the_daemon in the Gradle documentation.
Daemon will be stopped at the end of the build 

> Configure project :
Fabric Loom: 1.6.12
Previous process has disowned the lock due to abrupt termination.
Found existing cache lock file (ACQUIRED_PREVIOUS_OWNER_DISOWNED), rebuilding loom cache. This may have been caused by a failed or canceled build.
:remapping 50 mods from modImplementation (java-api)
:remapping 50 mods from modImplementation (java-runtime)

> Task :validateAccessWidener NO-SOURCE

> Task :genCommonSourcesWithCfr
Decompile cache stats: 0 hits, 4029 misses

> Task :genCommonSources

> Task :genClientOnlySourcesWithCfr
Decompile cache stats: 0 hits, 1300 misses

> Task :genClientOnlySources
> Task :genSources

BUILD SUCCESSFUL in 2m 28s
2 actionable tasks: 2 executed
