Downloading https://services.gradle.org/distributions/gradle-9.2.1-bin.zip
............10%.............20%.............30%.............40%.............50%.............60%.............70%.............80%.............90%.............100%

Welcome to Gradle 9.2.1!

Here are the highlights of this release:
 - Windows ARM support
 - Improved publishing APIs
 - Better guidance for dependency verification failures

For more details see https://docs.gradle.org/9.2.1/release-notes.html

To honour the JVM settings for this build a single-use Daemon process will be forked. For more on this, please refer to https://docs.gradle.org/9.2.1/userguide/gradle_daemon.html#sec:disabling_the_daemon in the Gradle documentation.
Daemon will be stopped at the end of the build 

> Configure project :
Fabric Loom: 1.14.10
~~~~~~~~~~~~~~~~~~~~~~~~~~~~~~~~~~~~~~~~~~~~~~~~~~~~~~~~~~~~~~
Using of the official minecraft mappings is at your own risk!
Please make sure to read and understand the following license:
~~~~~~~~~~~~~~~~~~~~~~~~~~~~~~~~~~~~~~~~~~~~~~~~~~~~~~~~~~~~~~
# (c) 2020 Microsoft Corporation. These mappings are provided "as-is" and you bear the risk of using them. You may copy and use the mappings for development purposes, but you may not redistribute the mappings complete and unmodified. Microsoft makes no warranties, express or implied, with respect to the mappings provided here.  Use and modification of this document or the source code (in any form) of Minecraft: Java Edition is governed by the Minecraft End User License Agreement available at https://account.mojang.com/documents/minecraft_eula.
~~~~~~~~~~~~~~~~~~~~~~~~~~~~~~~~~~~~~~~~~~~~~~~~~~~~~~~~~~~~~~
Cannot remap method_60903 because it does not exists in any of the targets [net/minecraft/class_9810] or their parents.
Cannot remap field_59980 because it does not exists in any of the targets [net/minecraft/class_10430] or their parents.
Cannot remap field_60921 because it does not exists in any of the targets [net/minecraft/class_4696] or their parents.

Cannot remap method_10764 because it does not exists in any of the targets [net/minecraft/class_2535]
Cannot remap method_10764 because it does not exists in any of the targets [net/minecraft/class_2535]
Cannot remap method_71927 because it does not exists in any of the targets [net/minecraft/class_634]
Cannot remap method_23067 because it does not exists in any of the targets [net/minecraft/class_4603]
Cannot remap presentTexture because it does not exists in any of the targets [net/minecraft/class_10860]
Cannot remap method_71138 because it does not exists in any of the targets [net/minecraft/class_918] or their parents.
Cannot remap method_5651 because it does not exists in any of the targets [net/minecraft/class_1297]
Cannot remap method_5647 because it does not exists in any of the targets [net/minecraft/class_1297]
Cannot remap method_48472 because it does not exists in any of the targets [net/minecraft/class_490]
Cannot remap method_39969 because it does not exists in any of the targets [net/minecraft/class_6850]
Cannot remap method_39969 because it does not exists in any of the targets [net/minecraft/class_6850]
Cannot remap method_22710 because it does not exists in any of the targets [net/minecraft/class_761]
Cannot remap method_62214 because it does not exists in any of the targets [net/minecraft/class_761]
Cannot remap method_4854 because it does not exists in any of the targets [net/minecraft/class_1140]
Cannot remap method_62214 because it does not exists in any of the targets [net/minecraft/class_761]
Cannot remap method_62214 because it does not exists in any of the targets [net/minecraft/class_761]
Cannot remap method_62214 because it does not exists in any of the targets [net/minecraft/class_761]
Cannot remap method_62214 because it does not exists in any of the targets [net/minecraft/class_761]
Cannot remap method_22710 because it does not exists in any of the targets [net/minecraft/class_761]
Cannot remap method_62214 because it does not exists in any of the targets [net/minecraft/class_761]
Cannot remap method_22710 because it does not exists in any of the targets [net/minecraft/class_761]
Cannot remap method_62203 because it does not exists in any of the targets [net/minecraft/class_761]
Cannot remap method_62200 because it does not exists in any of the targets [net/minecraft/class_761]
Cannot remap method_58690 because it does not exists in any of the targets [net/minecraft/class_2586]
Cannot remap method_71400 because it does not exists in any of the targets [net/minecraft/class_2586]

> Task :compileJava
> Task :processResources
> Task :classes
> Task :compileClientJava NO-SOURCE
> Task :processClientResources NO-SOURCE
> Task :jar
> Task :processIncludeJars
> Task :sourcesJar
> Task :clientClasses UP-TO-DATE
> Task :compileTestJava NO-SOURCE
> Task :processTestResources NO-SOURCE
> Task :testClasses UP-TO-DATE
> Task :test NO-SOURCE
> Task :validateAccessWidener NO-SOURCE
> Task :check UP-TO-DATE
> Task :remapJar
> Task :remapSourcesJar
> Task :assemble
> Task :build

BUILD SUCCESSFUL in 1m 47s
7 actionable tasks: 7 executed
$ /opt/hostedtoolcache/Python/3.12.12/x64/bin/python 1.21.2-1.21.8/build_adapter.py --loader fabric --metadata-json /tmp/modcompiler-servercore-fabric-1-21-5-e35hj_ys/metadata.json --source-dir .workflow_state/prepared/mods/servercore-fabric-1-21-5/src --template-workspace /tmp/modcompiler-servercore-fabric-1-21-5-e35hj_ys/workspace --minecraft-version 1.21.5 --manifest /home/runner/work/ModCompiler/ModCompiler/version-manifest.json


$ ./gradlew build --stacktrace --no-daemon

