Downloading https://services.gradle.org/distributions/gradle-8.13-bin.zip
.............10%.............20%.............30%.............40%.............50%.............60%.............70%.............80%.............90%.............100%

Welcome to Gradle 8.13!

Here are the highlights of this release:
 - Daemon JVM auto-provisioning
 - Enhancements for Scala plugin and JUnit testing
 - Improvements for build authors and plugin developers

For more details see https://docs.gradle.org/8.13/release-notes.html

To honour the JVM settings for this build a single-use Daemon process will be forked. For more on this, please refer to https://docs.gradle.org/8.13/userguide/gradle_daemon.html#sec:disabling_the_daemon in the Gradle documentation.
Daemon will be stopped at the end of the build 
> Task :cacheVersionManifest1.21
> Task :cacheVersionExecutableClient1.21
> Task :cacheVersionExecutableServer1.21
> Task :cacheVersionMappingsClient1.21
> Task :cacheVersionMappingsServer1.21
> Task :neoFormListLibraries
> Task :neoFormStripClient
> Task :neoFormExtractServer
> Task :neoFormStripServer
> Task :neoFormMerge
> Task :neoFormMergeMappings
> Task :neoFormRename
> Task :neoFormDecompile
> Task :neoFormApplyForgesAccessTransformer
> Task :neoFormInject
> Task :neoFormPatch
> Task :neoFormPatchUserDev
> Task :neoFormApplyOfficialMappings
> Task :neoFormUnzipAdditionalSources
> Task :neoFormUnzipSources
> Task :create1.21ClientExtraJar
> Task :selectRawArtifactNg_dummy_ng.net.minecraft_client_1.21_client-extra
> Task :neoFormRecompile
Note: Some input files use or override a deprecated API.
Note: Recompile with -Xlint:deprecation for details.
Note: Some input files use or override a deprecated API that is marked for removal.
Note: Recompile with -Xlint:removal for details.
Note: Some input files use unchecked or unsafe operations.
Note: Recompile with -Xlint:unchecked for details.

> Task :neoFormPackRecomp
> Task :supplyRawJarForneoFormJoined1.21-20240613.152323
> Task :selectRawArtifactNg_dummy_ng.net.neoforged_neoforge_21.0.167
> Task :compileJava
> Task :processResources
> Task :classes
> Task :jar
> Task :jarJar SKIPPED
> Task :assemble
> Task :compileTestJava NO-SOURCE
> Task :processTestResources NO-SOURCE
> Task :testClasses UP-TO-DATE
> Task :test NO-SOURCE
> Task :neoFormJoined1.21-20240613.152323DownloadAssets
> Task :neoFormJoined1.21-20240613.152323ExtractNatives
> Task :writeMinecraftClasspathJunit
> Task :testJunit NO-SOURCE
> Task :check UP-TO-DATE
> Task :build

[Incubating] Problems report is available at: file:///tmp/modcompiler-fpsdisplay-neoforge-1-21-rdrp064e/workspace/build/reports/problems/problems-report.html

BUILD SUCCESSFUL in 3m 54s
32 actionable tasks: 32 executed
$ /opt/hostedtoolcache/Python/3.12.12/x64/bin/python 1.21-1.21.1/build_adapter.py --loader neoforge --metadata-json /tmp/modcompiler-fpsdisplay-neoforge-1-21-rdrp064e/metadata.json --source-dir .workflow_state/prepared/mods/fpsdisplay-neoforge-1-21/src --template-workspace /tmp/modcompiler-fpsdisplay-neoforge-1-21-rdrp064e/workspace --minecraft-version 1.21 --manifest /home/runner/work/ModCompiler/ModCompiler/version-manifest.json


$ ./gradlew build --stacktrace --no-daemon

