To honour the JVM settings for this build a single-use Daemon process will be forked. For more on this, please refer to https://docs.gradle.org/8.13/userguide/gradle_daemon.html#sec:disabling_the_daemon in the Gradle documentation.
Daemon will be stopped at the end of the build 

> Task :dependencies

------------------------------------------------------------
Root project 'examplemod'
------------------------------------------------------------

InterfaceInjection
No dependencies

InterfaceInjectionApi (n)
No dependencies

InterfaceInjectionElements (n)
No dependencies

accessTransformer
No dependencies

accessTransformerApi (n)
No dependencies

accessTransformerElements (n)
No dependencies

annotationProcessor - Annotation processors and their dependencies for source set 'main'.
No dependencies

compileClasspath - Compile classpath for source set 'main'.
\--- ng_dummy_ng.net.neoforged:neoforge:21.11.42
     +--- at.yawk.lz4:lz4-java:1.8.1
     +--- com.microsoft.azure:msal4j:1.23.1
     +--- com.azure:azure-json:1.4.0
     +--- com.github.oshi:oshi-core:6.9.0
     +--- com.mojang:authlib:7.0.61
     +--- com.mojang:datafixerupper:9.0.19
     +--- net.neoforged.fancymodloader:earlydisplay:10.0.36
     +--- net.neoforged.fancymodloader:loader:10.0.36
     +--- net.neoforged:JarJarSelector:0.5.0
     +--- net.neoforged:JarJarMetadata:0.5.0
     +--- net.fabricmc:sponge-mixin:0.16.5+mixin.0.8.7
     +--- com.google.code.gson:gson:2.13.2
     +--- com.mojang:patchy:2.2.10
     +--- com.mojang:text2speech:1.18.11
     +--- com.google.guava:guava:33.5.0-jre
     +--- com.google.guava:failureaccess:1.0.3
     +--- com.ibm.icu:icu4j:77.1
     +--- com.mojang:blocklist:1.0.10
     +--- com.mojang:brigadier:1.3.10
     +--- com.mojang:jtracy:1.0.37
     +--- com.mojang:logging:1.6.11
     +--- org.apache.commons:commons-compress:1.28.0
     +--- commons-codec:commons-codec:1.19.0
     +--- commons-io:commons-io:2.20.0
     +--- io.netty:netty-codec-http:4.2.7.Final
     +--- io.netty:netty-codec-compression:4.2.7.Final
     +--- io.netty:netty-handler:4.2.7.Final
     +--- io.netty:netty-codec-base:4.2.7.Final
     +--- io.netty:netty-transport-native-epoll:4.2.7.Final
     +--- io.netty:netty-transport-classes-epoll:4.2.7.Final
     +--- io.netty:netty-transport-classes-kqueue:4.2.7.Final
     +--- io.netty:netty-transport-native-unix-common:4.2.7.Final
     +--- io.netty:netty-transport:4.2.7.Final
     +--- io.netty:netty-buffer:4.2.7.Final
     +--- io.netty:netty-resolver:4.2.7.Final
     +--- io.netty:netty-common:4.2.7.Final
     +--- it.unimi.dsi:fastutil:8.5.18
     +--- net.java.dev.jna:jna-platform:5.17.0
     +--- ca.weblite:java-objc-bridge:1.1
     +--- net.java.dev.jna:jna:5.17.0
     +--- net.neoforged:mergetool:2.0.7
     +--- net.sf.jopt-simple:jopt-simple:5.0.4
     +--- org.apache.commons:commons-lang3:3.19.0
     +--- org.apache.logging.log4j:log4j-slf4j2-impl:2.25.2
     +--- net.minecrell:terminalconsoleappender:1.3.0
     +--- org.apache.logging.log4j:log4j-core:2.25.2
     +--- net.neoforged:bus:8.0.5
     +--- org.apache.logging.log4j:log4j-api:2.25.2
     +--- org.jcraft:jorbis:0.0.17
     +--- org.joml:joml:1.10.8
     +--- org.jspecify:jspecify:1.0.0
     +--- org.lwjgl:lwjgl-freetype:3.3.3
     +--- org.lwjgl:lwjgl-glfw:3.3.3
     +--- org.lwjgl:lwjgl-jemalloc:3.3.3
     +--- org.lwjgl:lwjgl-openal:3.3.3
     +--- org.lwjgl:lwjgl-opengl:3.3.3
     +--- org.lwjgl:lwjgl-stb:3.3.3
     +--- org.lwjgl:lwjgl-tinyfd:3.3.3
     +--- org.lwjgl:lwjgl:3.3.3
     +--- net.neoforged:accesstransformers:11.0.2
     +--- net.neoforged.accesstransformers:at-parser:11.0.2
     +--- org.slf4j:slf4j-api:2.0.17
     +--- com.google.code.findbugs:jsr305:3.0.2
     +--- org.jetbrains:annotations:26.0.2-1
     +--- org.ow2.asm:asm-commons:9.8
     +--- org.ow2.asm:asm-util:9.8
     +--- org.ow2.asm:asm-analysis:9.8
     +--- org.ow2.asm:asm-tree:9.8
     +--- org.ow2.asm:asm:9.8
     +--- com.electronwill.night-config:toml:3.8.3
     +--- com.electronwill.night-config:core:3.8.3
     +--- org.apache.maven:maven-artifact:3.9.9
     +--- net.jodah:typetools:0.6.3
     +--- io.github.llamalad7:mixinextras-neoforge:0.5.3
     +--- org.jline:jline-reader:3.20.0
     +--- org.jline:jline-terminal:3.20.0
     +--- net.minecraftforge:srgutils:0.4.15
     +--- com.google.guava:listenablefuture:9999.0-empty-to-avoid-conflict-with-guava
     +--- com.google.errorprone:error_prone_annotations:2.41.0
     +--- com.google.j2objc:j2objc-annotations:3.1
     +--- org.codehaus.plexus:plexus-utils:3.5.1
     +--- ng_dummy_ng.net.minecraft:client:1.21.11
     \--- net.neoforged:srgutils:1.0.10

compileOnly - Compile-only dependencies for the 'main' feature. (n)
No dependencies

default - Configuration for default artifacts. (n)
No dependencies

implementation - Implementation dependencies for the 'main' feature. (n)
\--- net.neoforged:neoforge:21.11.+ (n)

jarJar
No dependencies

localRunRuntime
No dependencies

localRuntime
No dependencies

mainSourceElements - List of source directories contained in the Main SourceSet. (n)
No dependencies

neoGradleDependencyReplacementTargetMain
No dependencies

runs
No dependencies

runtimeClasspath - Runtime classpath of source set 'main'.
\--- ng_dummy_ng.net.neoforged:neoforge:21.11.42
     +--- at.yawk.lz4:lz4-java:1.8.1
     +--- com.microsoft.azure:msal4j:1.23.1
     +--- com.azure:azure-json:1.4.0
     +--- com.github.oshi:oshi-core:6.9.0
     +--- com.mojang:authlib:7.0.61
     +--- com.mojang:datafixerupper:9.0.19
     +--- net.neoforged.fancymodloader:earlydisplay:10.0.36
     +--- net.neoforged.fancymodloader:loader:10.0.36
     +--- net.neoforged:JarJarSelector:0.5.0
     +--- net.neoforged:JarJarMetadata:0.5.0
     +--- net.fabricmc:sponge-mixin:0.16.5+mixin.0.8.7
     +--- com.google.code.gson:gson:2.13.2
     +--- com.mojang:patchy:2.2.10
     +--- com.mojang:text2speech:1.18.11
     +--- com.google.guava:guava:33.5.0-jre
     +--- com.google.guava:failureaccess:1.0.3
     +--- com.ibm.icu:icu4j:77.1
     +--- com.mojang:blocklist:1.0.10
     +--- com.mojang:brigadier:1.3.10
     +--- com.mojang:jtracy:1.0.37
     +--- com.mojang:logging:1.6.11
     +--- org.apache.commons:commons-compress:1.28.0
     +--- commons-codec:commons-codec:1.19.0
     +--- commons-io:commons-io:2.20.0
     +--- io.netty:netty-codec-http:4.2.7.Final
     +--- io.netty:netty-codec-compression:4.2.7.Final
     +--- io.netty:netty-handler:4.2.7.Final
     +--- io.netty:netty-codec-base:4.2.7.Final
     +--- io.netty:netty-transport-native-epoll:4.2.7.Final
     +--- io.netty:netty-transport-classes-epoll:4.2.7.Final
     +--- io.netty:netty-transport-classes-kqueue:4.2.7.Final
     +--- io.netty:netty-transport-native-unix-common:4.2.7.Final
     +--- io.netty:netty-transport:4.2.7.Final
     +--- io.netty:netty-buffer:4.2.7.Final
     +--- io.netty:netty-resolver:4.2.7.Final
     +--- io.netty:netty-common:4.2.7.Final
     +--- it.unimi.dsi:fastutil:8.5.18
     +--- net.java.dev.jna:jna-platform:5.17.0
     +--- ca.weblite:java-objc-bridge:1.1
     +--- net.java.dev.jna:jna:5.17.0
     +--- net.neoforged:mergetool:2.0.7
     +--- net.sf.jopt-simple:jopt-simple:5.0.4
     +--- org.apache.commons:commons-lang3:3.19.0
     +--- org.apache.logging.log4j:log4j-slf4j2-impl:2.25.2
     +--- net.minecrell:terminalconsoleappender:1.3.0
     +--- org.apache.logging.log4j:log4j-core:2.25.2
     +--- net.neoforged:bus:8.0.5
     +--- org.apache.logging.log4j:log4j-api:2.25.2
     +--- org.jcraft:jorbis:0.0.17
     +--- org.joml:joml:1.10.8
     +--- org.jspecify:jspecify:1.0.0
     +--- org.lwjgl:lwjgl-freetype:3.3.3
     +--- org.lwjgl:lwjgl-glfw:3.3.3
     +--- org.lwjgl:lwjgl-jemalloc:3.3.3
     +--- org.lwjgl:lwjgl-openal:3.3.3
     +--- org.lwjgl:lwjgl-opengl:3.3.3
     +--- org.lwjgl:lwjgl-stb:3.3.3
     +--- org.lwjgl:lwjgl-tinyfd:3.3.3
     +--- org.lwjgl:lwjgl:3.3.3
     +--- net.neoforged:accesstransformers:11.0.2
     +--- net.neoforged.accesstransformers:at-parser:11.0.2
     +--- org.slf4j:slf4j-api:2.0.17
     +--- com.google.code.findbugs:jsr305:3.0.2
     +--- org.jetbrains:annotations:26.0.2-1
     +--- org.ow2.asm:asm-commons:9.8
     +--- org.ow2.asm:asm-util:9.8
     +--- org.ow2.asm:asm-analysis:9.8
     +--- org.ow2.asm:asm-tree:9.8
     +--- org.ow2.asm:asm:9.8
     +--- com.electronwill.night-config:toml:3.8.3
     +--- com.electronwill.night-config:core:3.8.3
     +--- org.apache.maven:maven-artifact:3.9.9
     +--- net.jodah:typetools:0.6.3
     +--- io.github.llamalad7:mixinextras-neoforge:0.5.3
     +--- org.jline:jline-reader:3.20.0
     +--- org.jline:jline-terminal:3.20.0
     +--- net.minecraftforge:srgutils:0.4.15
     +--- com.google.guava:listenablefuture:9999.0-empty-to-avoid-conflict-with-guava
     +--- com.google.errorprone:error_prone_annotations:2.41.0
     +--- com.google.j2objc:j2objc-annotations:3.1
     +--- org.codehaus.plexus:plexus-utils:3.5.1
     +--- ng_dummy_ng.net.minecraft:client:1.21.11
     \--- net.neoforged:srgutils:1.0.10

runtimeElements - Runtime elements for the 'main' feature. (n)
No dependencies

runtimeOnly - Runtime-only dependencies for the 'main' feature. (n)
No dependencies

sdk
\--- net.neoforged:neoforge:21.11.42

testAnnotationProcessor - Annotation processors and their dependencies for source set 'test'.
No dependencies

testCompileClasspath - Compile classpath for source set 'test'.
\--- ng_dummy_ng.net.neoforged:neoforge:21.11.42
     +--- at.yawk.lz4:lz4-java:1.8.1
     +--- com.microsoft.azure:msal4j:1.23.1
     +--- com.azure:azure-json:1.4.0
     +--- com.github.oshi:oshi-core:6.9.0
     +--- com.mojang:authlib:7.0.61
     +--- com.mojang:datafixerupper:9.0.19
     +--- net.neoforged.fancymodloader:earlydisplay:10.0.36
     +--- net.neoforged.fancymodloader:loader:10.0.36
     +--- net.neoforged:JarJarSelector:0.5.0
     +--- net.neoforged:JarJarMetadata:0.5.0
     +--- net.fabricmc:sponge-mixin:0.16.5+mixin.0.8.7
     +--- com.google.code.gson:gson:2.13.2
     +--- com.mojang:patchy:2.2.10
     +--- com.mojang:text2speech:1.18.11
     +--- com.google.guava:guava:33.5.0-jre
     +--- com.google.guava:failureaccess:1.0.3
     +--- com.ibm.icu:icu4j:77.1
     +--- com.mojang:blocklist:1.0.10
     +--- com.mojang:brigadier:1.3.10
     +--- com.mojang:jtracy:1.0.37
     +--- com.mojang:logging:1.6.11
     +--- org.apache.commons:commons-compress:1.28.0
     +--- commons-codec:commons-codec:1.19.0
     +--- commons-io:commons-io:2.20.0
     +--- io.netty:netty-codec-http:4.2.7.Final
     +--- io.netty:netty-codec-compression:4.2.7.Final
     +--- io.netty:netty-handler:4.2.7.Final
     +--- io.netty:netty-codec-base:4.2.7.Final
     +--- io.netty:netty-transport-native-epoll:4.2.7.Final
     +--- io.netty:netty-transport-classes-epoll:4.2.7.Final
     +--- io.netty:netty-transport-classes-kqueue:4.2.7.Final
     +--- io.netty:netty-transport-native-unix-common:4.2.7.Final
     +--- io.netty:netty-transport:4.2.7.Final
     +--- io.netty:netty-buffer:4.2.7.Final
     +--- io.netty:netty-resolver:4.2.7.Final
     +--- io.netty:netty-common:4.2.7.Final
     +--- it.unimi.dsi:fastutil:8.5.18
     +--- net.java.dev.jna:jna-platform:5.17.0
     +--- ca.weblite:java-objc-bridge:1.1
     +--- net.java.dev.jna:jna:5.17.0
     +--- net.neoforged:mergetool:2.0.7
     +--- net.sf.jopt-simple:jopt-simple:5.0.4
     +--- org.apache.commons:commons-lang3:3.19.0
     +--- org.apache.logging.log4j:log4j-slf4j2-impl:2.25.2
     +--- net.minecrell:terminalconsoleappender:1.3.0
     +--- org.apache.logging.log4j:log4j-core:2.25.2
     +--- net.neoforged:bus:8.0.5
     +--- org.apache.logging.log4j:log4j-api:2.25.2
     +--- org.jcraft:jorbis:0.0.17
     +--- org.joml:joml:1.10.8
     +--- org.jspecify:jspecify:1.0.0
     +--- org.lwjgl:lwjgl-freetype:3.3.3
     +--- org.lwjgl:lwjgl-glfw:3.3.3
     +--- org.lwjgl:lwjgl-jemalloc:3.3.3
     +--- org.lwjgl:lwjgl-openal:3.3.3
     +--- org.lwjgl:lwjgl-opengl:3.3.3
     +--- org.lwjgl:lwjgl-stb:3.3.3
     +--- org.lwjgl:lwjgl-tinyfd:3.3.3
     +--- org.lwjgl:lwjgl:3.3.3
     +--- net.neoforged:accesstransformers:11.0.2
     +--- net.neoforged.accesstransformers:at-parser:11.0.2
     +--- org.slf4j:slf4j-api:2.0.17
     +--- com.google.code.findbugs:jsr305:3.0.2
     +--- org.jetbrains:annotations:26.0.2-1
     +--- org.ow2.asm:asm-commons:9.8
     +--- org.ow2.asm:asm-util:9.8
     +--- org.ow2.asm:asm-analysis:9.8
     +--- org.ow2.asm:asm-tree:9.8
     +--- org.ow2.asm:asm:9.8
     +--- com.electronwill.night-config:toml:3.8.3
     +--- com.electronwill.night-config:core:3.8.3
     +--- org.apache.maven:maven-artifact:3.9.9
     +--- net.jodah:typetools:0.6.3
     +--- io.github.llamalad7:mixinextras-neoforge:0.5.3
     +--- org.jline:jline-reader:3.20.0
     +--- org.jline:jline-terminal:3.20.0
     +--- net.minecraftforge:srgutils:0.4.15
     +--- com.google.guava:listenablefuture:9999.0-empty-to-avoid-conflict-with-guava
     +--- com.google.errorprone:error_prone_annotations:2.41.0
     +--- com.google.j2objc:j2objc-annotations:3.1
     +--- org.codehaus.plexus:plexus-utils:3.5.1
     +--- ng_dummy_ng.net.minecraft:client:1.21.11
     \--- net.neoforged:srgutils:1.0.10

testCompileOnly - Compile only dependencies for source set 'test'. (n)
No dependencies

testImplementation - Implementation only dependencies for source set 'test'. (n)
No dependencies

testLocalRunRuntime
No dependencies

testLocalRuntime
No dependencies

testNeoGradleDependencyReplacementTargetTest
No dependencies

testRuntimeClasspath - Runtime classpath of source set 'test'.
\--- ng_dummy_ng.net.neoforged:neoforge:21.11.42
     +--- at.yawk.lz4:lz4-java:1.8.1
     +--- com.microsoft.azure:msal4j:1.23.1
     +--- com.azure:azure-json:1.4.0
     +--- com.github.oshi:oshi-core:6.9.0
     +--- com.mojang:authlib:7.0.61
     +--- com.mojang:datafixerupper:9.0.19
     +--- net.neoforged.fancymodloader:earlydisplay:10.0.36
     +--- net.neoforged.fancymodloader:loader:10.0.36
     +--- net.neoforged:JarJarSelector:0.5.0
     +--- net.neoforged:JarJarMetadata:0.5.0
     +--- net.fabricmc:sponge-mixin:0.16.5+mixin.0.8.7
     +--- com.google.code.gson:gson:2.13.2
     +--- com.mojang:patchy:2.2.10
     +--- com.mojang:text2speech:1.18.11
     +--- com.google.guava:guava:33.5.0-jre
     +--- com.google.guava:failureaccess:1.0.3
     +--- com.ibm.icu:icu4j:77.1
     +--- com.mojang:blocklist:1.0.10
     +--- com.mojang:brigadier:1.3.10
     +--- com.mojang:jtracy:1.0.37
     +--- com.mojang:logging:1.6.11
     +--- org.apache.commons:commons-compress:1.28.0
     +--- commons-codec:commons-codec:1.19.0
     +--- commons-io:commons-io:2.20.0
     +--- io.netty:netty-codec-http:4.2.7.Final
     +--- io.netty:netty-codec-compression:4.2.7.Final
     +--- io.netty:netty-handler:4.2.7.Final
     +--- io.netty:netty-codec-base:4.2.7.Final
     +--- io.netty:netty-transport-native-epoll:4.2.7.Final
     +--- io.netty:netty-transport-classes-epoll:4.2.7.Final
     +--- io.netty:netty-transport-classes-kqueue:4.2.7.Final
     +--- io.netty:netty-transport-native-unix-common:4.2.7.Final
     +--- io.netty:netty-transport:4.2.7.Final
     +--- io.netty:netty-buffer:4.2.7.Final
     +--- io.netty:netty-resolver:4.2.7.Final
     +--- io.netty:netty-common:4.2.7.Final
     +--- it.unimi.dsi:fastutil:8.5.18
     +--- net.java.dev.jna:jna-platform:5.17.0
     +--- ca.weblite:java-objc-bridge:1.1
     +--- net.java.dev.jna:jna:5.17.0
     +--- net.neoforged:mergetool:2.0.7
     +--- net.sf.jopt-simple:jopt-simple:5.0.4
     +--- org.apache.commons:commons-lang3:3.19.0
     +--- org.apache.logging.log4j:log4j-slf4j2-impl:2.25.2
     +--- net.minecrell:terminalconsoleappender:1.3.0
     +--- org.apache.logging.log4j:log4j-core:2.25.2
     +--- net.neoforged:bus:8.0.5
     +--- org.apache.logging.log4j:log4j-api:2.25.2
     +--- org.jcraft:jorbis:0.0.17
     +--- org.joml:joml:1.10.8
     +--- org.jspecify:jspecify:1.0.0
     +--- org.lwjgl:lwjgl-freetype:3.3.3
     +--- org.lwjgl:lwjgl-glfw:3.3.3
     +--- org.lwjgl:lwjgl-jemalloc:3.3.3
     +--- org.lwjgl:lwjgl-openal:3.3.3
     +--- org.lwjgl:lwjgl-opengl:3.3.3
     +--- org.lwjgl:lwjgl-stb:3.3.3
     +--- org.lwjgl:lwjgl-tinyfd:3.3.3
     +--- org.lwjgl:lwjgl:3.3.3
     +--- net.neoforged:accesstransformers:11.0.2
     +--- net.neoforged.accesstransformers:at-parser:11.0.2
     +--- org.slf4j:slf4j-api:2.0.17
     +--- com.google.code.findbugs:jsr305:3.0.2
     +--- org.jetbrains:annotations:26.0.2-1
     +--- org.ow2.asm:asm-commons:9.8
     +--- org.ow2.asm:asm-util:9.8
     +--- org.ow2.asm:asm-analysis:9.8
     +--- org.ow2.asm:asm-tree:9.8
     +--- org.ow2.asm:asm:9.8
     +--- com.electronwill.night-config:toml:3.8.3
     +--- com.electronwill.night-config:core:3.8.3
     +--- org.apache.maven:maven-artifact:3.9.9
     +--- net.jodah:typetools:0.6.3
     +--- io.github.llamalad7:mixinextras-neoforge:0.5.3
     +--- org.jline:jline-reader:3.20.0
     +--- org.jline:jline-terminal:3.20.0
     +--- net.minecraftforge:srgutils:0.4.15
     +--- com.google.guava:listenablefuture:9999.0-empty-to-avoid-conflict-with-guava
     +--- com.google.errorprone:error_prone_annotations:2.41.0
     +--- com.google.j2objc:j2objc-annotations:3.1
     +--- org.codehaus.plexus:plexus-utils:3.5.1
     +--- ng_dummy_ng.net.minecraft:client:1.21.11
     \--- net.neoforged:srgutils:1.0.10

testRuntimeOnly - Runtime only dependencies for source set 'test'. (n)
No dependencies

testSdk
\--- net.neoforged:neoforge:21.11.42

(n) - A dependency or dependency configuration that cannot be resolved.

A web-based, searchable dependency report is available by adding the --scan option.

BUILD SUCCESSFUL in 13s
1 actionable task: 1 executed
