
Welcome to Gradle 8.13!

Here are the highlights of this release:
 - Daemon JVM auto-provisioning
 - Enhancements for Scala plugin and JUnit testing
 - Improvements for build authors and plugin developers

For more details see https://docs.gradle.org/8.13/release-notes.html

To honour the JVM settings for this build a single-use Daemon process will be forked. For more on this, please refer to https://docs.gradle.org/8.13/userguide/gradle_daemon.html#sec:disabling_the_daemon in the Gradle documentation.
Daemon will be stopped at the end of the build 
> Task :cacheVersionManifest1.21.1 FROM-CACHE
> Task :cacheVersionExecutableClient1.21.1 FROM-CACHE
> Task :cacheVersionExecutableServer1.21.1 FROM-CACHE
> Task :cacheVersionMappingsClient1.21.1 FROM-CACHE
> Task :cacheVersionMappingsServer1.21.1 FROM-CACHE
> Task :neoFormListLibraries UP-TO-DATE
> Task :neoFormStripClient UP-TO-DATE
> Task :neoFormExtractServer FROM-CACHE
> Task :neoFormStripServer UP-TO-DATE
> Task :neoFormMerge FROM-CACHE
> Task :neoFormMergeMappings FROM-CACHE
> Task :neoFormRename FROM-CACHE
> Task :neoFormDecompile FROM-CACHE
> Task :neoFormApplyForgesAccessTransformer FROM-CACHE
> Task :neoFormInject UP-TO-DATE
> Task :neoFormPatch UP-TO-DATE
> Task :neoFormPatchUserDev UP-TO-DATE
> Task :neoFormApplyOfficialMappings UP-TO-DATE
> Task :neoFormUnzipAdditionalSources UP-TO-DATE
> Task :neoFormUnzipSources UP-TO-DATE
> Task :create1.21.1ClientExtraJar FROM-CACHE
> Task :selectRawArtifactNg_dummy_ng.net.minecraft_client_1.21.1_client-extra
> Task :neoFormRecompile FROM-CACHE
> Task :neoFormPackRecomp
> Task :supplyRawJarForneoFormJoined1.21.1-20240808.144430 FROM-CACHE
> Task :selectRawArtifactNg_dummy_ng.net.neoforged_neoforge_21.1.227
> Task :compileJava FROM-CACHE
> Task :processResources
> Task :classes
> Task :jar
> Task :jarJar SKIPPED
> Task :assemble
> Task :build

BUILD SUCCESSFUL in 32s
29 actionable tasks: 5 executed, 15 from cache, 9 up-to-date
$ /opt/hostedtoolcache/Python/3.12.13/x64/bin/python 1.21-1.21.1/build_adapter.py --loader neoforge --metadata-json /tmp/modcompiler-sethome-neoforge-1-21-1-bpv7spp5/metadata.json --source-dir .workflow_state/prepared/mods/sethome-neoforge-1-21-1/src --template-workspace /tmp/modcompiler-sethome-neoforge-1-21-1-bpv7spp5/workspace --minecraft-version 1.21.1 --manifest /home/runner/work/ModCompiler/ModCompiler/version-manifest.json


$ ./modcompiler-build.sh

