Port versions to CurseForge	Set up job	﻿2026-05-01T05:32:58.5755248Z Current runner version: '2.334.0'
Port versions to CurseForge	Set up job	2026-05-01T05:32:58.5791835Z ##[group]Runner Image Provisioner
Port versions to CurseForge	Set up job	2026-05-01T05:32:58.5793051Z Hosted Compute Agent
Port versions to CurseForge	Set up job	2026-05-01T05:32:58.5794060Z Version: 20260213.493
Port versions to CurseForge	Set up job	2026-05-01T05:32:58.5795111Z Commit: 5c115507f6dd24b8de37d8bbe0bb4509d0cc0fa3
Port versions to CurseForge	Set up job	2026-05-01T05:32:58.5796342Z Build Date: 2026-02-13T00:28:41Z
Port versions to CurseForge	Set up job	2026-05-01T05:32:58.5797601Z Worker ID: {25b6b69a-05a6-4705-9ff9-521da9747c25}
Port versions to CurseForge	Set up job	2026-05-01T05:32:58.5799221Z Azure Region: eastus2
Port versions to CurseForge	Set up job	2026-05-01T05:32:58.5800125Z ##[endgroup]
Port versions to CurseForge	Set up job	2026-05-01T05:32:58.5802275Z ##[group]Operating System
Port versions to CurseForge	Set up job	2026-05-01T05:32:58.5803267Z Ubuntu
Port versions to CurseForge	Set up job	2026-05-01T05:32:58.5804023Z 24.04.4
Port versions to CurseForge	Set up job	2026-05-01T05:32:58.5804871Z LTS
Port versions to CurseForge	Set up job	2026-05-01T05:32:58.5805697Z ##[endgroup]
Port versions to CurseForge	Set up job	2026-05-01T05:32:58.5806504Z ##[group]Runner Image
Port versions to CurseForge	Set up job	2026-05-01T05:32:58.5807496Z Image: ubuntu-24.04
Port versions to CurseForge	Set up job	2026-05-01T05:32:58.5808521Z Version: 20260413.86.1
Port versions to CurseForge	Set up job	2026-05-01T05:32:58.5810211Z Included Software: https://github.com/actions/runner-images/blob/ubuntu24/20260413.86/images/ubuntu/Ubuntu2404-Readme.md
Port versions to CurseForge	Set up job	2026-05-01T05:32:58.5813044Z Image Release: https://github.com/actions/runner-images/releases/tag/ubuntu24%2F20260413.86
Port versions to CurseForge	Set up job	2026-05-01T05:32:58.5814705Z ##[endgroup]
Port versions to CurseForge	Set up job	2026-05-01T05:32:58.5816358Z ##[group]GITHUB_TOKEN Permissions
Port versions to CurseForge	Set up job	2026-05-01T05:32:58.5819513Z Contents: read
Port versions to CurseForge	Set up job	2026-05-01T05:32:58.5820645Z Metadata: read
Port versions to CurseForge	Set up job	2026-05-01T05:32:58.5821463Z ##[endgroup]
Port versions to CurseForge	Set up job	2026-05-01T05:32:58.5825015Z Secret source: Actions
Port versions to CurseForge	Set up job	2026-05-01T05:32:58.5826777Z Prepare workflow directory
Port versions to CurseForge	Set up job	2026-05-01T05:32:58.6297963Z Prepare all required actions
Port versions to CurseForge	Set up job	2026-05-01T05:32:58.6352970Z Getting action download info
Port versions to CurseForge	Set up job	2026-05-01T05:32:58.9604698Z Download action repository 'actions/checkout@v4' (SHA:34e114876b0b11c390a56381ad16ebd13914f8d5)
Port versions to CurseForge	Set up job	2026-05-01T05:32:59.1409210Z Download action repository 'actions/setup-python@v5' (SHA:a26af69be951a213d495a4c3e4e4022e16d87065)
Port versions to CurseForge	Set up job	2026-05-01T05:32:59.4193160Z Complete job name: Port versions to CurseForge
Port versions to CurseForge	Run actions/checkout@v4	﻿2026-05-01T05:32:59.4915741Z ##[group]Run actions/checkout@v4
Port versions to CurseForge	Run actions/checkout@v4	2026-05-01T05:32:59.4916637Z with:
Port versions to CurseForge	Run actions/checkout@v4	2026-05-01T05:32:59.4917110Z   repository: Sekai0NI0itamio/ModCompiler
Port versions to CurseForge	Run actions/checkout@v4	2026-05-01T05:32:59.4917850Z   token: ***
Port versions to CurseForge	Run actions/checkout@v4	2026-05-01T05:32:59.4918468Z   ssh-strict: true
Port versions to CurseForge	Run actions/checkout@v4	2026-05-01T05:32:59.4918879Z   ssh-user: git
Port versions to CurseForge	Run actions/checkout@v4	2026-05-01T05:32:59.4919297Z   persist-credentials: true
Port versions to CurseForge	Run actions/checkout@v4	2026-05-01T05:32:59.4919742Z   clean: true
Port versions to CurseForge	Run actions/checkout@v4	2026-05-01T05:32:59.4920144Z   sparse-checkout-cone-mode: true
Port versions to CurseForge	Run actions/checkout@v4	2026-05-01T05:32:59.4920630Z   fetch-depth: 1
Port versions to CurseForge	Run actions/checkout@v4	2026-05-01T05:32:59.4921030Z   fetch-tags: false
Port versions to CurseForge	Run actions/checkout@v4	2026-05-01T05:32:59.4921432Z   show-progress: true
Port versions to CurseForge	Run actions/checkout@v4	2026-05-01T05:32:59.4921872Z   lfs: false
Port versions to CurseForge	Run actions/checkout@v4	2026-05-01T05:32:59.4922244Z   submodules: false
Port versions to CurseForge	Run actions/checkout@v4	2026-05-01T05:32:59.4922659Z   set-safe-directory: true
Port versions to CurseForge	Run actions/checkout@v4	2026-05-01T05:32:59.4923383Z ##[endgroup]
Port versions to CurseForge	Run actions/checkout@v4	2026-05-01T05:32:59.6115584Z Syncing repository: Sekai0NI0itamio/ModCompiler
Port versions to CurseForge	Run actions/checkout@v4	2026-05-01T05:32:59.6118607Z ##[group]Getting Git version info
Port versions to CurseForge	Run actions/checkout@v4	2026-05-01T05:32:59.6119855Z Working directory is '/home/runner/work/ModCompiler/ModCompiler'
Port versions to CurseForge	Run actions/checkout@v4	2026-05-01T05:32:59.6121772Z [command]/usr/bin/git version
Port versions to CurseForge	Run actions/checkout@v4	2026-05-01T05:32:59.6137185Z git version 2.53.0
Port versions to CurseForge	Run actions/checkout@v4	2026-05-01T05:32:59.6177539Z ##[endgroup]
Port versions to CurseForge	Run actions/checkout@v4	2026-05-01T05:32:59.6211672Z Temporarily overriding HOME='/home/runner/work/_temp/710ec160-3d3a-4afb-8f36-56badacb8258' before making global git config changes
Port versions to CurseForge	Run actions/checkout@v4	2026-05-01T05:32:59.6214414Z Adding repository directory to the temporary git global config as a safe directory
Port versions to CurseForge	Run actions/checkout@v4	2026-05-01T05:32:59.6220988Z [command]/usr/bin/git config --global --add safe.directory /home/runner/work/ModCompiler/ModCompiler
Port versions to CurseForge	Run actions/checkout@v4	2026-05-01T05:32:59.6255453Z Deleting the contents of '/home/runner/work/ModCompiler/ModCompiler'
Port versions to CurseForge	Run actions/checkout@v4	2026-05-01T05:32:59.6259161Z ##[group]Initializing the repository
Port versions to CurseForge	Run actions/checkout@v4	2026-05-01T05:32:59.6264220Z [command]/usr/bin/git init /home/runner/work/ModCompiler/ModCompiler
Port versions to CurseForge	Run actions/checkout@v4	2026-05-01T05:32:59.6370988Z hint: Using 'master' as the name for the initial branch. This default branch name
Port versions to CurseForge	Run actions/checkout@v4	2026-05-01T05:32:59.6372769Z hint: will change to "main" in Git 3.0. To configure the initial branch name
Port versions to CurseForge	Run actions/checkout@v4	2026-05-01T05:32:59.6374490Z hint: to use in all of your new repositories, which will suppress this warning,
Port versions to CurseForge	Run actions/checkout@v4	2026-05-01T05:32:59.6376207Z hint: call:
Port versions to CurseForge	Run actions/checkout@v4	2026-05-01T05:32:59.6376882Z hint:
Port versions to CurseForge	Run actions/checkout@v4	2026-05-01T05:32:59.6377743Z hint: 	git config --global init.defaultBranch <name>
Port versions to CurseForge	Run actions/checkout@v4	2026-05-01T05:32:59.6379145Z hint:
Port versions to CurseForge	Run actions/checkout@v4	2026-05-01T05:32:59.6380132Z hint: Names commonly chosen instead of 'master' are 'main', 'trunk' and
Port versions to CurseForge	Run actions/checkout@v4	2026-05-01T05:32:59.6381671Z hint: 'development'. The just-created branch can be renamed via this command:
Port versions to CurseForge	Run actions/checkout@v4	2026-05-01T05:32:59.6382945Z hint:
Port versions to CurseForge	Run actions/checkout@v4	2026-05-01T05:32:59.6383706Z hint: 	git branch -m <name>
Port versions to CurseForge	Run actions/checkout@v4	2026-05-01T05:32:59.6384505Z hint:
Port versions to CurseForge	Run actions/checkout@v4	2026-05-01T05:32:59.6385626Z hint: Disable this message with "git config set advice.defaultBranchName false"
Port versions to CurseForge	Run actions/checkout@v4	2026-05-01T05:32:59.6387453Z Initialized empty Git repository in /home/runner/work/ModCompiler/ModCompiler/.git/
Port versions to CurseForge	Run actions/checkout@v4	2026-05-01T05:32:59.6390510Z [command]/usr/bin/git remote add origin https://github.com/Sekai0NI0itamio/ModCompiler
Port versions to CurseForge	Run actions/checkout@v4	2026-05-01T05:32:59.6418456Z ##[endgroup]
Port versions to CurseForge	Run actions/checkout@v4	2026-05-01T05:32:59.6419254Z ##[group]Disabling automatic garbage collection
Port versions to CurseForge	Run actions/checkout@v4	2026-05-01T05:32:59.6424832Z [command]/usr/bin/git config --local gc.auto 0
Port versions to CurseForge	Run actions/checkout@v4	2026-05-01T05:32:59.6457082Z ##[endgroup]
Port versions to CurseForge	Run actions/checkout@v4	2026-05-01T05:32:59.6457835Z ##[group]Setting up auth
Port versions to CurseForge	Run actions/checkout@v4	2026-05-01T05:32:59.6467953Z [command]/usr/bin/git config --local --name-only --get-regexp core\.sshCommand
Port versions to CurseForge	Run actions/checkout@v4	2026-05-01T05:32:59.6503401Z [command]/usr/bin/git submodule foreach --recursive sh -c "git config --local --name-only --get-regexp 'core\.sshCommand' && git config --local --unset-all 'core.sshCommand' || :"
Port versions to CurseForge	Run actions/checkout@v4	2026-05-01T05:32:59.6795461Z [command]/usr/bin/git config --local --name-only --get-regexp http\.https\:\/\/github\.com\/\.extraheader
Port versions to CurseForge	Run actions/checkout@v4	2026-05-01T05:32:59.6824921Z [command]/usr/bin/git submodule foreach --recursive sh -c "git config --local --name-only --get-regexp 'http\.https\:\/\/github\.com\/\.extraheader' && git config --local --unset-all 'http.https://github.com/.extraheader' || :"
Port versions to CurseForge	Run actions/checkout@v4	2026-05-01T05:32:59.7041728Z [command]/usr/bin/git config --local --name-only --get-regexp ^includeIf\.gitdir:
Port versions to CurseForge	Run actions/checkout@v4	2026-05-01T05:32:59.7076444Z [command]/usr/bin/git submodule foreach --recursive git config --local --show-origin --name-only --get-regexp remote.origin.url
Port versions to CurseForge	Run actions/checkout@v4	2026-05-01T05:32:59.7308315Z [command]/usr/bin/git config --local http.https://github.com/.extraheader AUTHORIZATION: basic ***
Port versions to CurseForge	Run actions/checkout@v4	2026-05-01T05:32:59.7343415Z ##[endgroup]
Port versions to CurseForge	Run actions/checkout@v4	2026-05-01T05:32:59.7344812Z ##[group]Fetching the repository
Port versions to CurseForge	Run actions/checkout@v4	2026-05-01T05:32:59.7353667Z [command]/usr/bin/git -c protocol.version=2 fetch --no-tags --prune --no-recurse-submodules --depth=1 origin +c85c2bad151f190f71bc5f413f90840a4dc691eb:refs/remotes/origin/main
Port versions to CurseForge	Run actions/checkout@v4	2026-05-01T05:33:05.5925081Z From https://github.com/Sekai0NI0itamio/ModCompiler
Port versions to CurseForge	Run actions/checkout@v4	2026-05-01T05:33:05.5927494Z  * [new ref]             c85c2bad151f190f71bc5f413f90840a4dc691eb -> origin/main
Port versions to CurseForge	Run actions/checkout@v4	2026-05-01T05:33:05.5961994Z ##[endgroup]
Port versions to CurseForge	Run actions/checkout@v4	2026-05-01T05:33:05.5963618Z ##[group]Determining the checkout info
Port versions to CurseForge	Run actions/checkout@v4	2026-05-01T05:33:05.5965423Z ##[endgroup]
Port versions to CurseForge	Run actions/checkout@v4	2026-05-01T05:33:05.5968586Z [command]/usr/bin/git sparse-checkout disable
Port versions to CurseForge	Run actions/checkout@v4	2026-05-01T05:33:05.6005696Z [command]/usr/bin/git config --local --unset-all extensions.worktreeConfig
Port versions to CurseForge	Run actions/checkout@v4	2026-05-01T05:33:05.6031388Z ##[group]Checking out the ref
Port versions to CurseForge	Run actions/checkout@v4	2026-05-01T05:33:05.6034136Z [command]/usr/bin/git checkout --progress --force -B main refs/remotes/origin/main
Port versions to CurseForge	Run actions/checkout@v4	2026-05-01T05:33:06.8489057Z Updating files:   1% (6160/318907)
Port versions to CurseForge	Run actions/checkout@v4	2026-05-01T05:33:07.0061779Z Updating files:   2% (6379/318907)
Port versions to CurseForge	Run actions/checkout@v4	2026-05-01T05:33:07.1399111Z Updating files:   3% (9568/318907)
Port versions to CurseForge	Run actions/checkout@v4	2026-05-01T05:33:07.2783684Z Updating files:   4% (12757/318907)
Port versions to CurseForge	Run actions/checkout@v4	2026-05-01T05:33:07.4169562Z Updating files:   5% (15946/318907)
Port versions to CurseForge	Run actions/checkout@v4	2026-05-01T05:33:07.5449415Z Updating files:   6% (19135/318907)
Port versions to CurseForge	Run actions/checkout@v4	2026-05-01T05:33:07.6793283Z Updating files:   7% (22324/318907)
Port versions to CurseForge	Run actions/checkout@v4	2026-05-01T05:33:07.8024549Z Updating files:   8% (25513/318907)
Port versions to CurseForge	Run actions/checkout@v4	2026-05-01T05:33:07.8371829Z Updating files:   9% (28702/318907)
Port versions to CurseForge	Run actions/checkout@v4	2026-05-01T05:33:07.9276084Z Updating files:   9% (29540/318907)
Port versions to CurseForge	Run actions/checkout@v4	2026-05-01T05:33:08.0671844Z Updating files:  10% (31891/318907)
Port versions to CurseForge	Run actions/checkout@v4	2026-05-01T05:33:08.1885717Z Updating files:  11% (35080/318907)
Port versions to CurseForge	Run actions/checkout@v4	2026-05-01T05:33:08.3165474Z Updating files:  12% (38269/318907)
Port versions to CurseForge	Run actions/checkout@v4	2026-05-01T05:33:08.4369530Z Updating files:  13% (41458/318907)
Port versions to CurseForge	Run actions/checkout@v4	2026-05-01T05:33:08.5703366Z Updating files:  14% (44647/318907)
Port versions to CurseForge	Run actions/checkout@v4	2026-05-01T05:33:08.7040791Z Updating files:  15% (47837/318907)
Port versions to CurseForge	Run actions/checkout@v4	2026-05-01T05:33:08.8335255Z Updating files:  16% (51026/318907)
Port versions to CurseForge	Run actions/checkout@v4	2026-05-01T05:33:08.8371685Z Updating files:  17% (54215/318907)
Port versions to CurseForge	Run actions/checkout@v4	2026-05-01T05:33:08.9619876Z Updating files:  17% (54303/318907)
Port versions to CurseForge	Run actions/checkout@v4	2026-05-01T05:33:09.1035095Z Updating files:  18% (57404/318907)
Port versions to CurseForge	Run actions/checkout@v4	2026-05-01T05:33:09.2279974Z Updating files:  19% (60593/318907)
Port versions to CurseForge	Run actions/checkout@v4	2026-05-01T05:33:09.3554073Z Updating files:  20% (63782/318907)
Port versions to CurseForge	Run actions/checkout@v4	2026-05-01T05:33:09.4835905Z Updating files:  21% (66971/318907)
Port versions to CurseForge	Run actions/checkout@v4	2026-05-01T05:33:09.6232248Z Updating files:  22% (70160/318907)
Port versions to CurseForge	Run actions/checkout@v4	2026-05-01T05:33:09.7526767Z Updating files:  23% (73349/318907)
Port versions to CurseForge	Run actions/checkout@v4	2026-05-01T05:33:09.8372994Z Updating files:  24% (76538/318907)
Port versions to CurseForge	Run actions/checkout@v4	2026-05-01T05:33:09.8808544Z Updating files:  24% (78657/318907)
Port versions to CurseForge	Run actions/checkout@v4	2026-05-01T05:33:10.0064822Z Updating files:  25% (79727/318907)
Port versions to CurseForge	Run actions/checkout@v4	2026-05-01T05:33:10.1358021Z Updating files:  26% (82916/318907)
Port versions to CurseForge	Run actions/checkout@v4	2026-05-01T05:33:10.2628637Z Updating files:  27% (86105/318907)
Port versions to CurseForge	Run actions/checkout@v4	2026-05-01T05:33:10.3982599Z Updating files:  28% (89294/318907)
Port versions to CurseForge	Run actions/checkout@v4	2026-05-01T05:33:10.5939319Z Updating files:  29% (92484/318907)
Port versions to CurseForge	Run actions/checkout@v4	2026-05-01T05:33:10.7742659Z Updating files:  30% (95673/318907)
Port versions to CurseForge	Run actions/checkout@v4	2026-05-01T05:33:10.8373085Z Updating files:  31% (98862/318907)
Port versions to CurseForge	Run actions/checkout@v4	2026-05-01T05:33:10.9159370Z Updating files:  31% (100223/318907)
Port versions to CurseForge	Run actions/checkout@v4	2026-05-01T05:33:11.0663810Z Updating files:  32% (102051/318907)
Port versions to CurseForge	Run actions/checkout@v4	2026-05-01T05:33:11.2521693Z Updating files:  33% (105240/318907)
Port versions to CurseForge	Run actions/checkout@v4	2026-05-01T05:33:11.5721579Z Updating files:  34% (108429/318907)
Port versions to CurseForge	Run actions/checkout@v4	2026-05-01T05:33:11.7023249Z Updating files:  35% (111618/318907)
Port versions to CurseForge	Run actions/checkout@v4	2026-05-01T05:33:11.8458379Z Updating files:  36% (114807/318907)
Port versions to CurseForge	Run actions/checkout@v4	2026-05-01T05:33:11.8519710Z Updating files:  36% (117865/318907)
Port versions to CurseForge	Run actions/checkout@v4	2026-05-01T05:33:11.9888687Z Updating files:  37% (117996/318907)
Port versions to CurseForge	Run actions/checkout@v4	2026-05-01T05:33:12.1390741Z Updating files:  38% (121185/318907)
Port versions to CurseForge	Run actions/checkout@v4	2026-05-01T05:33:12.2809123Z Updating files:  39% (124374/318907)
Port versions to CurseForge	Run actions/checkout@v4	2026-05-01T05:33:12.4225341Z Updating files:  40% (127563/318907)
Port versions to CurseForge	Run actions/checkout@v4	2026-05-01T05:33:12.5516271Z Updating files:  41% (130752/318907)
Port versions to CurseForge	Run actions/checkout@v4	2026-05-01T05:33:12.6887752Z Updating files:  42% (133941/318907)
Port versions to CurseForge	Run actions/checkout@v4	2026-05-01T05:33:12.8326227Z Updating files:  43% (137131/318907)
Port versions to CurseForge	Run actions/checkout@v4	2026-05-01T05:33:12.8371789Z Updating files:  44% (140320/318907)
Port versions to CurseForge	Run actions/checkout@v4	2026-05-01T05:33:12.9612144Z Updating files:  44% (140429/318907)
Port versions to CurseForge	Run actions/checkout@v4	2026-05-01T05:33:13.2723307Z Updating files:  45% (143509/318907)
Port versions to CurseForge	Run actions/checkout@v4	2026-05-01T05:33:13.4072201Z Updating files:  46% (146698/318907)
Port versions to CurseForge	Run actions/checkout@v4	2026-05-01T05:33:13.5317178Z Updating files:  47% (149887/318907)
Port versions to CurseForge	Run actions/checkout@v4	2026-05-01T05:33:13.6623446Z Updating files:  48% (153076/318907)
Port versions to CurseForge	Run actions/checkout@v4	2026-05-01T05:33:13.7834355Z Updating files:  49% (156265/318907)
Port versions to CurseForge	Run actions/checkout@v4	2026-05-01T05:33:13.8372460Z Updating files:  50% (159454/318907)
Port versions to CurseForge	Run actions/checkout@v4	2026-05-01T05:33:13.9112964Z Updating files:  50% (160834/318907)
Port versions to CurseForge	Run actions/checkout@v4	2026-05-01T05:33:14.0292082Z Updating files:  51% (162643/318907)
Port versions to CurseForge	Run actions/checkout@v4	2026-05-01T05:33:14.2615562Z Updating files:  52% (165832/318907)
Port versions to CurseForge	Run actions/checkout@v4	2026-05-01T05:33:14.3912463Z Updating files:  53% (169021/318907)
Port versions to CurseForge	Run actions/checkout@v4	2026-05-01T05:33:14.5300935Z Updating files:  54% (172210/318907)
Port versions to CurseForge	Run actions/checkout@v4	2026-05-01T05:33:14.6509494Z Updating files:  55% (175399/318907)
Port versions to CurseForge	Run actions/checkout@v4	2026-05-01T05:33:14.7695572Z Updating files:  56% (178588/318907)
Port versions to CurseForge	Run actions/checkout@v4	2026-05-01T05:33:14.8372796Z Updating files:  57% (181777/318907)
Port versions to CurseForge	Run actions/checkout@v4	2026-05-01T05:33:14.8916221Z Updating files:  57% (183478/318907)
Port versions to CurseForge	Run actions/checkout@v4	2026-05-01T05:33:15.0108773Z Updating files:  58% (184967/318907)
Port versions to CurseForge	Run actions/checkout@v4	2026-05-01T05:33:15.1343020Z Updating files:  59% (188156/318907)
Port versions to CurseForge	Run actions/checkout@v4	2026-05-01T05:33:15.2526338Z Updating files:  60% (191345/318907)
Port versions to CurseForge	Run actions/checkout@v4	2026-05-01T05:33:15.5474868Z Updating files:  61% (194534/318907)
Port versions to CurseForge	Run actions/checkout@v4	2026-05-01T05:33:15.6733383Z Updating files:  62% (197723/318907)
Port versions to CurseForge	Run actions/checkout@v4	2026-05-01T05:33:15.8095386Z Updating files:  63% (200912/318907)
Port versions to CurseForge	Run actions/checkout@v4	2026-05-01T05:33:15.8371800Z Updating files:  64% (204101/318907)
Port versions to CurseForge	Run actions/checkout@v4	2026-05-01T05:33:16.0204623Z Updating files:  64% (204749/318907)
Port versions to CurseForge	Run actions/checkout@v4	2026-05-01T05:33:16.1426237Z Updating files:  65% (207290/318907)
Port versions to CurseForge	Run actions/checkout@v4	2026-05-01T05:33:16.2599178Z Updating files:  66% (210479/318907)
Port versions to CurseForge	Run actions/checkout@v4	2026-05-01T05:33:16.3824944Z Updating files:  67% (213668/318907)
Port versions to CurseForge	Run actions/checkout@v4	2026-05-01T05:33:16.5274950Z Updating files:  68% (216857/318907)
Port versions to CurseForge	Run actions/checkout@v4	2026-05-01T05:33:16.6505363Z Updating files:  69% (220046/318907)
Port versions to CurseForge	Run actions/checkout@v4	2026-05-01T05:33:16.7703522Z Updating files:  70% (223235/318907)
Port versions to CurseForge	Run actions/checkout@v4	2026-05-01T05:33:16.8372054Z Updating files:  71% (226424/318907)
Port versions to CurseForge	Run actions/checkout@v4	2026-05-01T05:33:16.9094356Z Updating files:  71% (228222/318907)
Port versions to CurseForge	Run actions/checkout@v4	2026-05-01T05:33:17.2431096Z Updating files:  72% (229614/318907)
Port versions to CurseForge	Run actions/checkout@v4	2026-05-01T05:33:17.3694262Z Updating files:  73% (232803/318907)
Port versions to CurseForge	Run actions/checkout@v4	2026-05-01T05:33:17.5014967Z Updating files:  74% (235992/318907)
Port versions to CurseForge	Run actions/checkout@v4	2026-05-01T05:33:17.6481526Z Updating files:  75% (239181/318907)
Port versions to CurseForge	Run actions/checkout@v4	2026-05-01T05:33:17.7925201Z Updating files:  76% (242370/318907)
Port versions to CurseForge	Run actions/checkout@v4	2026-05-01T05:33:17.8372847Z Updating files:  77% (245559/318907)
Port versions to CurseForge	Run actions/checkout@v4	2026-05-01T05:33:18.0212526Z Updating files:  77% (246603/318907)
Port versions to CurseForge	Run actions/checkout@v4	2026-05-01T05:33:18.1617514Z Updating files:  78% (248748/318907)
Port versions to CurseForge	Run actions/checkout@v4	2026-05-01T05:33:18.2876256Z Updating files:  79% (251937/318907)
Port versions to CurseForge	Run actions/checkout@v4	2026-05-01T05:33:18.4177682Z Updating files:  80% (255126/318907)
Port versions to CurseForge	Run actions/checkout@v4	2026-05-01T05:33:18.5475198Z Updating files:  81% (258315/318907)
Port versions to CurseForge	Run actions/checkout@v4	2026-05-01T05:33:18.6989257Z Updating files:  82% (261504/318907)
Port versions to CurseForge	Run actions/checkout@v4	2026-05-01T05:33:18.8372871Z Updating files:  83% (264693/318907)
Port versions to CurseForge	Run actions/checkout@v4	2026-05-01T05:33:18.8602902Z Updating files:  83% (267316/318907)
Port versions to CurseForge	Run actions/checkout@v4	2026-05-01T05:33:19.0090423Z Updating files:  84% (267882/318907)
Port versions to CurseForge	Run actions/checkout@v4	2026-05-01T05:33:19.1445136Z Updating files:  85% (271071/318907)
Port versions to CurseForge	Run actions/checkout@v4	2026-05-01T05:33:19.4769247Z Updating files:  86% (274261/318907)
Port versions to CurseForge	Run actions/checkout@v4	2026-05-01T05:33:19.6091745Z Updating files:  87% (277450/318907)
Port versions to CurseForge	Run actions/checkout@v4	2026-05-01T05:33:19.7512344Z Updating files:  88% (280639/318907)
Port versions to CurseForge	Run actions/checkout@v4	2026-05-01T05:33:19.8372247Z Updating files:  89% (283828/318907)
Port versions to CurseForge	Run actions/checkout@v4	2026-05-01T05:33:19.8768938Z Updating files:  89% (285967/318907)
Port versions to CurseForge	Run actions/checkout@v4	2026-05-01T05:33:20.0100057Z Updating files:  90% (287017/318907)
Port versions to CurseForge	Run actions/checkout@v4	2026-05-01T05:33:20.1435560Z Updating files:  91% (290206/318907)
Port versions to CurseForge	Run actions/checkout@v4	2026-05-01T05:33:20.2811657Z Updating files:  92% (293395/318907)
Port versions to CurseForge	Run actions/checkout@v4	2026-05-01T05:33:20.4124193Z Updating files:  93% (296584/318907)
Port versions to CurseForge	Run actions/checkout@v4	2026-05-01T05:33:20.5485203Z Updating files:  94% (299773/318907)
Port versions to CurseForge	Run actions/checkout@v4	2026-05-01T05:33:20.6802633Z Updating files:  95% (302962/318907)
Port versions to CurseForge	Run actions/checkout@v4	2026-05-01T05:33:20.8943014Z Updating files:  96% (306151/318907)
Port versions to CurseForge	Run actions/checkout@v4	2026-05-01T05:33:20.9714587Z Updating files:  96% (307540/318907)
Port versions to CurseForge	Run actions/checkout@v4	2026-05-01T05:33:21.2215284Z Updating files:  97% (309340/318907)
Port versions to CurseForge	Run actions/checkout@v4	2026-05-01T05:33:21.6223423Z Updating files:  98% (312529/318907)
Port versions to CurseForge	Run actions/checkout@v4	2026-05-01T05:33:21.8372454Z Updating files:  99% (315718/318907)
Port versions to CurseForge	Run actions/checkout@v4	2026-05-01T05:33:22.2423887Z Updating files:  99% (318383/318907)
Port versions to CurseForge	Run actions/checkout@v4	2026-05-01T05:33:22.2424751Z Updating files: 100% (318907/318907)
Port versions to CurseForge	Run actions/checkout@v4	2026-05-01T05:33:22.2425425Z Updating files: 100% (318907/318907), done.
Port versions to CurseForge	Run actions/checkout@v4	2026-05-01T05:33:22.7811644Z Switched to a new branch 'main'
Port versions to CurseForge	Run actions/checkout@v4	2026-05-01T05:33:22.7814157Z branch 'main' set up to track 'origin/main'.
Port versions to CurseForge	Run actions/checkout@v4	2026-05-01T05:33:22.8051860Z ##[endgroup]
Port versions to CurseForge	Run actions/checkout@v4	2026-05-01T05:33:22.8095940Z [command]/usr/bin/git log -1 --format=%H
Port versions to CurseForge	Run actions/checkout@v4	2026-05-01T05:33:22.8118475Z c85c2bad151f190f71bc5f413f90840a4dc691eb
Port versions to CurseForge	Run actions/setup-python@v5	﻿2026-05-01T05:33:22.8381804Z ##[group]Run actions/setup-python@v5
Port versions to CurseForge	Run actions/setup-python@v5	2026-05-01T05:33:22.8382115Z with:
Port versions to CurseForge	Run actions/setup-python@v5	2026-05-01T05:33:22.8382307Z   python-version: 3.12
Port versions to CurseForge	Run actions/setup-python@v5	2026-05-01T05:33:22.8382530Z   check-latest: false
Port versions to CurseForge	Run actions/setup-python@v5	2026-05-01T05:33:22.8382863Z   token: ***
Port versions to CurseForge	Run actions/setup-python@v5	2026-05-01T05:33:22.8383064Z   update-environment: true
Port versions to CurseForge	Run actions/setup-python@v5	2026-05-01T05:33:22.8383295Z   allow-prereleases: false
Port versions to CurseForge	Run actions/setup-python@v5	2026-05-01T05:33:22.8383642Z   freethreaded: false
Port versions to CurseForge	Run actions/setup-python@v5	2026-05-01T05:33:22.8383859Z ##[endgroup]
Port versions to CurseForge	Run actions/setup-python@v5	2026-05-01T05:33:23.0740635Z ##[group]Installed versions
Port versions to CurseForge	Run actions/setup-python@v5	2026-05-01T05:33:23.1280337Z Successfully set up CPython (3.12.13)
Port versions to CurseForge	Run actions/setup-python@v5	2026-05-01T05:33:23.1281436Z ##[endgroup]
Port versions to CurseForge	Mask secrets	﻿2026-05-01T05:33:23.1475070Z ##[group]Run if [ -n "$MODRINTH_TOKEN" ];   then echo "::add-mask::$MODRINTH_TOKEN";   fi
Port versions to CurseForge	Mask secrets	2026-05-01T05:33:23.1475737Z [36;1mif [ -n "$MODRINTH_TOKEN" ];   then echo "::add-mask::$MODRINTH_TOKEN";   fi[0m
Port versions to CurseForge	Mask secrets	2026-05-01T05:33:23.1476271Z [36;1mif [ -n "$CURSEFORGE_TOKEN" ]; then echo "::add-mask::$CURSEFORGE_TOKEN"; fi[0m
Port versions to CurseForge	Mask secrets	2026-05-01T05:33:23.1603642Z shell: /usr/bin/bash --noprofile --norc -e -o pipefail {0}
Port versions to CurseForge	Mask secrets	2026-05-01T05:33:23.1604221Z env:
Port versions to CurseForge	Mask secrets	2026-05-01T05:33:23.1604490Z   pythonLocation: /opt/hostedtoolcache/Python/3.12.13/x64
Port versions to CurseForge	Mask secrets	2026-05-01T05:33:23.1604929Z   PKG_CONFIG_PATH: /opt/hostedtoolcache/Python/3.12.13/x64/lib/pkgconfig
Port versions to CurseForge	Mask secrets	2026-05-01T05:33:23.1605365Z   Python_ROOT_DIR: /opt/hostedtoolcache/Python/3.12.13/x64
Port versions to CurseForge	Mask secrets	2026-05-01T05:33:23.1605761Z   Python2_ROOT_DIR: /opt/hostedtoolcache/Python/3.12.13/x64
Port versions to CurseForge	Mask secrets	2026-05-01T05:33:23.1606138Z   Python3_ROOT_DIR: /opt/hostedtoolcache/Python/3.12.13/x64
Port versions to CurseForge	Mask secrets	2026-05-01T05:33:23.1606522Z   LD_LIBRARY_PATH: /opt/hostedtoolcache/Python/3.12.13/x64/lib
Port versions to CurseForge	Mask secrets	2026-05-01T05:33:23.1607122Z   MODRINTH_TOKEN: ***
Port versions to CurseForge	Mask secrets	2026-05-01T05:33:23.1607521Z   CURSEFORGE_TOKEN: ***
Port versions to CurseForge	Mask secrets	2026-05-01T05:33:23.1607732Z ##[endgroup]
Port versions to CurseForge	Diff and upload	﻿2026-05-01T05:33:23.1727256Z ##[group]Run python3 - <<'PY'
Port versions to CurseForge	Diff and upload	2026-05-01T05:33:23.1728648Z [36;1mpython3 - <<'PY'[0m
Port versions to CurseForge	Diff and upload	2026-05-01T05:33:23.1729370Z [36;1mimport json, os, re, sys, tempfile, time, urllib.error, urllib.parse, urllib.request, uuid[0m
Port versions to CurseForge	Diff and upload	2026-05-01T05:33:23.1730165Z [36;1mfrom pathlib import Path[0m
Port versions to CurseForge	Diff and upload	2026-05-01T05:33:23.1730582Z [36;1m[0m
Port versions to CurseForge	Diff and upload	2026-05-01T05:33:23.1731005Z [36;1m# ----------------------------------------------------------------[0m
Port versions to CurseForge	Diff and upload	2026-05-01T05:33:23.1731560Z [36;1m# Config[0m
Port versions to CurseForge	Diff and upload	2026-05-01T05:33:23.1731992Z [36;1m# ----------------------------------------------------------------[0m
Port versions to CurseForge	Diff and upload	2026-05-01T05:33:23.1732661Z [36;1mMODRINTH_API      = "https://api.modrinth.com/v2"[0m
Port versions to CurseForge	Diff and upload	2026-05-01T05:33:23.1733451Z [36;1mCURSEFORGE_API    = "https://minecraft.curseforge.com"   # upload endpoint[0m
Port versions to CurseForge	Diff and upload	2026-05-01T05:33:23.1734351Z [36;1mUSER_AGENT        = "ModCompilerPortScript/1.0 (github.com/modcompiler)"[0m
Port versions to CurseForge	Diff and upload	2026-05-01T05:33:23.1734781Z [36;1m[0m
Port versions to CurseForge	Diff and upload	2026-05-01T05:33:23.1735065Z [36;1mMODRINTH_TOKEN   = os.environ.get("MODRINTH_TOKEN", "").strip()[0m
Port versions to CurseForge	Diff and upload	2026-05-01T05:33:23.1735554Z [36;1mCURSEFORGE_TOKEN = os.environ.get("CURSEFORGE_TOKEN", "").strip()[0m
Port versions to CurseForge	Diff and upload	2026-05-01T05:33:23.1736065Z [36;1mDRY_RUN          = os.environ.get("DRY_RUN", "false").strip().lower() in {"true", "1", "yes"}[0m
Port versions to CurseForge	Diff and upload	2026-05-01T05:33:23.1736466Z [36;1m[0m
Port versions to CurseForge	Diff and upload	2026-05-01T05:33:23.1736657Z [36;1mif not CURSEFORGE_TOKEN:[0m
Port versions to CurseForge	Diff and upload	2026-05-01T05:33:23.1737032Z [36;1m    sys.exit("[ERROR] CURSEFORGE_TOKEN secret is not set on this repository.")[0m
Port versions to CurseForge	Diff and upload	2026-05-01T05:33:23.1737417Z [36;1m[0m
Port versions to CurseForge	Diff and upload	2026-05-01T05:33:23.1737712Z [36;1m# Loader name mapping: Modrinth (lowercase) -> CurseForge display name[0m
Port versions to CurseForge	Diff and upload	2026-05-01T05:33:23.1738582Z [36;1mLOADER_MAP = {"forge": "Forge", "fabric": "Fabric", "neoforge": "NeoForge", "quilt": "Quilt"}[0m
Port versions to CurseForge	Diff and upload	2026-05-01T05:33:23.1739141Z [36;1mKNOWN_LOADERS = set(LOADER_MAP.values()) | {"liteloader", "rift"}[0m
Port versions to CurseForge	Diff and upload	2026-05-01T05:33:23.1739492Z [36;1m[0m
Port versions to CurseForge	Diff and upload	2026-05-01T05:33:23.1739787Z [36;1mRELEASE_TYPE_MAP = {"release": "release", "beta": "beta", "alpha": "alpha"}[0m
Port versions to CurseForge	Diff and upload	2026-05-01T05:33:23.1740161Z [36;1m[0m
Port versions to CurseForge	Diff and upload	2026-05-01T05:33:23.1740402Z [36;1m# ----------------------------------------------------------------[0m
Port versions to CurseForge	Diff and upload	2026-05-01T05:33:23.1740739Z [36;1m# Helpers: URL normalisation[0m
Port versions to CurseForge	Diff and upload	2026-05-01T05:33:23.1741054Z [36;1m# ----------------------------------------------------------------[0m
Port versions to CurseForge	Diff and upload	2026-05-01T05:33:23.1741397Z [36;1mdef modrinth_ref(url: str) -> str:[0m
Port versions to CurseForge	Diff and upload	2026-05-01T05:33:23.1741678Z [36;1m    url = url.strip().rstrip("/")[0m
Port versions to CurseForge	Diff and upload	2026-05-01T05:33:23.1742161Z [36;1m    m = re.search(r"modrinth\.com/(?:mod|plugin|resourcepack|shader|datapack|modpack)/([^/?#]+)", url)[0m
Port versions to CurseForge	Diff and upload	2026-05-01T05:33:23.1742644Z [36;1m    return m.group(1) if m else url[0m
Port versions to CurseForge	Diff and upload	2026-05-01T05:33:23.1742900Z [36;1m[0m
Port versions to CurseForge	Diff and upload	2026-05-01T05:33:23.1743115Z [36;1mdef curseforge_project_id(url: str) -> str:[0m
Port versions to CurseForge	Diff and upload	2026-05-01T05:33:23.1743431Z [36;1m    url = url.strip().rstrip("/")[0m
Port versions to CurseForge	Diff and upload	2026-05-01T05:33:23.1743785Z [36;1m    m = re.search(r"curseforge\.com/minecraft/mc-mods/([^/?#]+)", url)[0m
Port versions to CurseForge	Diff and upload	2026-05-01T05:33:23.1744165Z [36;1m    return m.group(1) if m else url[0m
Port versions to CurseForge	Diff and upload	2026-05-01T05:33:23.1744416Z [36;1m[0m
Port versions to CurseForge	Diff and upload	2026-05-01T05:33:23.1744647Z [36;1m# ----------------------------------------------------------------[0m
Port versions to CurseForge	Diff and upload	2026-05-01T05:33:23.1744966Z [36;1m# Helpers: HTTP[0m
Port versions to CurseForge	Diff and upload	2026-05-01T05:33:23.1745441Z [36;1m# ----------------------------------------------------------------[0m
Port versions to CurseForge	Diff and upload	2026-05-01T05:33:23.1745940Z [36;1mdef _get(base: str, path: str, token: str | None, extra_headers: dict | None = None) -> object:[0m
Port versions to CurseForge	Diff and upload	2026-05-01T05:33:23.1746372Z [36;1m    url = base + path[0m
Port versions to CurseForge	Diff and upload	2026-05-01T05:33:23.1746719Z [36;1m    headers = {"User-Agent": USER_AGENT, "Accept": "application/json"}[0m
Port versions to CurseForge	Diff and upload	2026-05-01T05:33:23.1747086Z [36;1m    if token:[0m
Port versions to CurseForge	Diff and upload	2026-05-01T05:33:23.1747399Z [36;1m        key = "Authorization" if base == MODRINTH_API else "X-Api-Token"[0m
Port versions to CurseForge	Diff and upload	2026-05-01T05:33:23.1747769Z [36;1m        headers[key] = token[0m
Port versions to CurseForge	Diff and upload	2026-05-01T05:33:23.1748024Z [36;1m    if extra_headers:[0m
Port versions to CurseForge	Diff and upload	2026-05-01T05:33:23.1748538Z [36;1m        headers.update(extra_headers)[0m
Port versions to CurseForge	Diff and upload	2026-05-01T05:33:23.1749102Z [36;1m    req = urllib.request.Request(url, headers=headers)[0m
Port versions to CurseForge	Diff and upload	2026-05-01T05:33:23.1749432Z [36;1m    for attempt in range(1, 6):[0m
Port versions to CurseForge	Diff and upload	2026-05-01T05:33:23.1749684Z [36;1m        try:[0m
Port versions to CurseForge	Diff and upload	2026-05-01T05:33:23.1749970Z [36;1m            with urllib.request.urlopen(req, timeout=30) as r:[0m
Port versions to CurseForge	Diff and upload	2026-05-01T05:33:23.1750402Z [36;1m                return json.loads(r.read().decode("utf-8", errors="replace"))[0m
Port versions to CurseForge	Diff and upload	2026-05-01T05:33:23.1750812Z [36;1m        except urllib.error.HTTPError as e:[0m
Port versions to CurseForge	Diff and upload	2026-05-01T05:33:23.1751171Z [36;1m            body = e.read().decode("utf-8", errors="replace")[:300][0m
Port versions to CurseForge	Diff and upload	2026-05-01T05:33:23.1751507Z [36;1m            if e.code == 404:[0m
Port versions to CurseForge	Diff and upload	2026-05-01T05:33:23.1751809Z [36;1m                sys.exit(f"[ERROR] Not found (HTTP 404): {url}")[0m
Port versions to CurseForge	Diff and upload	2026-05-01T05:33:23.1752190Z [36;1m            if e.code in {429, 500, 502, 503, 504} and attempt < 5:[0m
Port versions to CurseForge	Diff and upload	2026-05-01T05:33:23.1752535Z [36;1m                time.sleep(2 ** attempt)[0m
Port versions to CurseForge	Diff and upload	2026-05-01T05:33:23.1752815Z [36;1m                continue[0m
Port versions to CurseForge	Diff and upload	2026-05-01T05:33:23.1753114Z [36;1m            sys.exit(f"[ERROR] HTTP {e.code}: {url}\n{body}")[0m
Port versions to CurseForge	Diff and upload	2026-05-01T05:33:23.1753483Z [36;1m        except urllib.error.URLError as e:[0m
Port versions to CurseForge	Diff and upload	2026-05-01T05:33:23.1753791Z [36;1m            if attempt < 5:[0m
Port versions to CurseForge	Diff and upload	2026-05-01T05:33:23.1754050Z [36;1m                time.sleep(2 ** attempt)[0m
Port versions to CurseForge	Diff and upload	2026-05-01T05:33:23.1754321Z [36;1m                continue[0m
Port versions to CurseForge	Diff and upload	2026-05-01T05:33:23.1754618Z [36;1m            sys.exit(f"[ERROR] Network error: {e.reason}")[0m
Port versions to CurseForge	Diff and upload	2026-05-01T05:33:23.1754996Z [36;1m    sys.exit("[ERROR] API request failed after retries.")[0m
Port versions to CurseForge	Diff and upload	2026-05-01T05:33:23.1755322Z [36;1m[0m
Port versions to CurseForge	Diff and upload	2026-05-01T05:33:23.1755527Z [36;1mdef modrinth_get(path: str) -> object:[0m
Port versions to CurseForge	Diff and upload	2026-05-01T05:33:23.1755886Z [36;1m    return _get(MODRINTH_API, path, MODRINTH_TOKEN or None)[0m
Port versions to CurseForge	Diff and upload	2026-05-01T05:33:23.1756208Z [36;1m[0m
Port versions to CurseForge	Diff and upload	2026-05-01T05:33:23.1756420Z [36;1mdef curseforge_get(path: str) -> object:[0m
Port versions to CurseForge	Diff and upload	2026-05-01T05:33:23.1756801Z [36;1m    return _get(CURSEFORGE_API, path, CURSEFORGE_TOKEN)[0m
Port versions to CurseForge	Diff and upload	2026-05-01T05:33:23.1757112Z [36;1m[0m
Port versions to CurseForge	Diff and upload	2026-05-01T05:33:23.1757350Z [36;1mdef resolve_cf_numeric_id(slug_or_id: str) -> str:[0m
Port versions to CurseForge	Diff and upload	2026-05-01T05:33:23.1757647Z [36;1m    """[0m
Port versions to CurseForge	Diff and upload	2026-05-01T05:33:23.1757895Z [36;1m    Validate that we have a numeric project ID.[0m
Port versions to CurseForge	Diff and upload	2026-05-01T05:33:23.1758748Z [36;1m    The upload API on minecraft.curseforge.com only accepts numeric IDs.[0m
Port versions to CurseForge	Diff and upload	2026-05-01T05:33:23.1759270Z [36;1m    The v1 search API (api.curseforge.com) requires a separate console API key[0m
Port versions to CurseForge	Diff and upload	2026-05-01T05:33:23.1760094Z [36;1m    that is different from the upload token, so we cannot resolve slugs here.[0m
Port versions to CurseForge	Diff and upload	2026-05-01T05:33:23.1760758Z [36;1m[0m
Port versions to CurseForge	Diff and upload	2026-05-01T05:33:23.1761098Z [36;1m    To find your numeric project ID:[0m
Port versions to CurseForge	Diff and upload	2026-05-01T05:33:23.1761617Z [36;1m      1. Go to your CurseForge project page[0m
Port versions to CurseForge	Diff and upload	2026-05-01T05:33:23.1762285Z [36;1m      2. Look at the right-hand sidebar — it shows "Project ID: XXXXXXX"[0m
Port versions to CurseForge	Diff and upload	2026-05-01T05:33:23.1762909Z [36;1m         OR[0m
Port versions to CurseForge	Diff and upload	2026-05-01T05:33:23.1763511Z [36;1m      3. Click "Upload a File" — the URL will contain /api/projects/XXXXXXX/upload-file[0m
Port versions to CurseForge	Diff and upload	2026-05-01T05:33:23.1764232Z [36;1m    """[0m
Port versions to CurseForge	Diff and upload	2026-05-01T05:33:23.1764567Z [36;1m    if slug_or_id.isdigit():[0m
Port versions to CurseForge	Diff and upload	2026-05-01T05:33:23.1765171Z [36;1m        return slug_or_id[0m
Port versions to CurseForge	Diff and upload	2026-05-01T05:33:23.1765569Z [36;1m    sys.exit([0m
Port versions to CurseForge	Diff and upload	2026-05-01T05:33:23.1766196Z [36;1m        f"[ERROR] CurseForge input '{slug_or_id}' is a slug, not a numeric project ID.\n"[0m
Port versions to CurseForge	Diff and upload	2026-05-01T05:33:23.1766913Z [36;1m        f"\n"[0m
Port versions to CurseForge	Diff and upload	2026-05-01T05:33:23.1767444Z [36;1m        f"The upload API requires the numeric project ID, not the slug.\n"[0m
Port versions to CurseForge	Diff and upload	2026-05-01T05:33:23.1768329Z [36;1m        f"To find it:\n"[0m
Port versions to CurseForge	Diff and upload	2026-05-01T05:33:23.1768983Z [36;1m        f"  1. Go to https://www.curseforge.com/minecraft/mc-mods/{slug_or_id}\n"[0m
Port versions to CurseForge	Diff and upload	2026-05-01T05:33:23.1769665Z [36;1m        f"  2. Look in the right sidebar for 'Project ID: XXXXXXX'\n"[0m
Port versions to CurseForge	Diff and upload	2026-05-01T05:33:23.1770147Z [36;1m        f"\n"[0m
Port versions to CurseForge	Diff and upload	2026-05-01T05:33:23.1770418Z [36;1m        f"Then re-run with the numeric ID instead:\n"[0m
Port versions to CurseForge	Diff and upload	2026-05-01T05:33:23.1770748Z [36;1m        f"  --curseforge XXXXXXX\n"[0m
Port versions to CurseForge	Diff and upload	2026-05-01T05:33:23.1771013Z [36;1m        f"  or\n"[0m
Port versions to CurseForge	Diff and upload	2026-05-01T05:33:23.1771418Z [36;1m        f"  --curseforge https://www.curseforge.com/minecraft/mc-mods/{slug_or_id}#XXXXXXX\n"[0m
Port versions to CurseForge	Diff and upload	2026-05-01T05:33:23.1771854Z [36;1m    )[0m
Port versions to CurseForge	Diff and upload	2026-05-01T05:33:23.1772037Z [36;1m[0m
Port versions to CurseForge	Diff and upload	2026-05-01T05:33:23.1772268Z [36;1mdef download_file(url: str, dest: Path) -> None:[0m
Port versions to CurseForge	Diff and upload	2026-05-01T05:33:23.1772701Z [36;1m    req = urllib.request.Request(url, headers={"User-Agent": USER_AGENT})[0m
Port versions to CurseForge	Diff and upload	2026-05-01T05:33:23.1773094Z [36;1m    for attempt in range(1, 4):[0m
Port versions to CurseForge	Diff and upload	2026-05-01T05:33:23.1773348Z [36;1m        try:[0m
Port versions to CurseForge	Diff and upload	2026-05-01T05:33:23.1773617Z [36;1m            with urllib.request.urlopen(req, timeout=120) as r:[0m
Port versions to CurseForge	Diff and upload	2026-05-01T05:33:23.1773974Z [36;1m                dest.write_bytes(r.read())[0m
Port versions to CurseForge	Diff and upload	2026-05-01T05:33:23.1774255Z [36;1m            return[0m
Port versions to CurseForge	Diff and upload	2026-05-01T05:33:23.1774501Z [36;1m        except urllib.error.URLError as e:[0m
Port versions to CurseForge	Diff and upload	2026-05-01T05:33:23.1774790Z [36;1m            if attempt < 3:[0m
Port versions to CurseForge	Diff and upload	2026-05-01T05:33:23.1775037Z [36;1m                time.sleep(3)[0m
Port versions to CurseForge	Diff and upload	2026-05-01T05:33:23.1775296Z [36;1m                continue[0m
Port versions to CurseForge	Diff and upload	2026-05-01T05:33:23.1775604Z [36;1m            sys.exit(f"[ERROR] Download failed {url}: {e.reason}")[0m
Port versions to CurseForge	Diff and upload	2026-05-01T05:33:23.1775927Z [36;1m[0m
Port versions to CurseForge	Diff and upload	2026-05-01T05:33:23.1776253Z [36;1mdef curseforge_upload(project_id: str, metadata: dict, jar_path: Path) -> int:[0m
Port versions to CurseForge	Diff and upload	2026-05-01T05:33:23.1776701Z [36;1m    boundary = f"cfport-{uuid.uuid4().hex}"[0m
Port versions to CurseForge	Diff and upload	2026-05-01T05:33:23.1776992Z [36;1m    body = bytearray()[0m
Port versions to CurseForge	Diff and upload	2026-05-01T05:33:23.1777215Z [36;1m[0m
Port versions to CurseForge	Diff and upload	2026-05-01T05:33:23.1777451Z [36;1m    meta_bytes = json.dumps(metadata).encode("utf-8")[0m
Port versions to CurseForge	Diff and upload	2026-05-01T05:33:23.1777789Z [36;1m    body += f"--{boundary}\r\n".encode()[0m
Port versions to CurseForge	Diff and upload	2026-05-01T05:33:23.1778449Z [36;1m    body += b'Content-Disposition: form-data; name="metadata"\r\n'[0m
Port versions to CurseForge	Diff and upload	2026-05-01T05:33:23.1778878Z [36;1m    body += b"Content-Type: application/json\r\n\r\n"[0m
Port versions to CurseForge	Diff and upload	2026-05-01T05:33:23.1779192Z [36;1m    body += meta_bytes + b"\r\n"[0m
Port versions to CurseForge	Diff and upload	2026-05-01T05:33:23.1779438Z [36;1m[0m
Port versions to CurseForge	Diff and upload	2026-05-01T05:33:23.1779633Z [36;1m    jar_bytes = jar_path.read_bytes()[0m
Port versions to CurseForge	Diff and upload	2026-05-01T05:33:23.1779924Z [36;1m    body += f"--{boundary}\r\n".encode()[0m
Port versions to CurseForge	Diff and upload	2026-05-01T05:33:23.1780391Z [36;1m    body += f'Content-Disposition: form-data; name="file"; filename="{jar_path.name}"\r\n'.encode()[0m
Port versions to CurseForge	Diff and upload	2026-05-01T05:33:23.1780930Z [36;1m    body += b"Content-Type: application/java-archive\r\n\r\n"[0m
Port versions to CurseForge	Diff and upload	2026-05-01T05:33:23.1781275Z [36;1m    body += jar_bytes + b"\r\n"[0m
Port versions to CurseForge	Diff and upload	2026-05-01T05:33:23.1781547Z [36;1m    body += f"--{boundary}--\r\n".encode()[0m
Port versions to CurseForge	Diff and upload	2026-05-01T05:33:23.1781863Z [36;1m[0m
Port versions to CurseForge	Diff and upload	2026-05-01T05:33:23.1782317Z [36;1m    url = f"{CURSEFORGE_API}/api/projects/{project_id}/upload-file"[0m
Port versions to CurseForge	Diff and upload	2026-05-01T05:33:23.1782744Z [36;1m    headers = {[0m
Port versions to CurseForge	Diff and upload	2026-05-01T05:33:23.1783134Z [36;1m        "User-Agent": USER_AGENT,[0m
Port versions to CurseForge	Diff and upload	2026-05-01T05:33:23.1783511Z [36;1m        "X-Api-Token": CURSEFORGE_TOKEN,[0m
Port versions to CurseForge	Diff and upload	2026-05-01T05:33:23.1784159Z [36;1m        "Content-Type": f"multipart/form-data; boundary={boundary}",[0m
Port versions to CurseForge	Diff and upload	2026-05-01T05:33:23.1784750Z [36;1m    }[0m
Port versions to CurseForge	Diff and upload	2026-05-01T05:33:23.1785312Z [36;1m    req = urllib.request.Request(url, data=bytes(body), method="POST", headers=headers)[0m
Port versions to CurseForge	Diff and upload	2026-05-01T05:33:23.1785754Z [36;1m    for attempt in range(1, 4):[0m
Port versions to CurseForge	Diff and upload	2026-05-01T05:33:23.1786004Z [36;1m        try:[0m
Port versions to CurseForge	Diff and upload	2026-05-01T05:33:23.1786272Z [36;1m            with urllib.request.urlopen(req, timeout=120) as r:[0m
Port versions to CurseForge	Diff and upload	2026-05-01T05:33:23.1787083Z [36;1m                return int(json.loads(r.read().decode("utf-8", errors="replace"))["id"])[0m
Port versions to CurseForge	Diff and upload	2026-05-01T05:33:23.1787837Z [36;1m        except urllib.error.HTTPError as e:[0m
Port versions to CurseForge	Diff and upload	2026-05-01T05:33:23.1788691Z [36;1m            body_text = e.read().decode("utf-8", errors="replace")[:500][0m
Port versions to CurseForge	Diff and upload	2026-05-01T05:33:23.1789406Z [36;1m            if e.code in {429, 500, 502, 503, 504} and attempt < 3:[0m
Port versions to CurseForge	Diff and upload	2026-05-01T05:33:23.1790157Z [36;1m                time.sleep(5 * attempt)[0m
Port versions to CurseForge	Diff and upload	2026-05-01T05:33:23.1790443Z [36;1m                continue[0m
Port versions to CurseForge	Diff and upload	2026-05-01T05:33:23.1790790Z [36;1m            sys.exit(f"[ERROR] CurseForge upload HTTP {e.code}: {body_text}")[0m
Port versions to CurseForge	Diff and upload	2026-05-01T05:33:23.1791201Z [36;1m        except urllib.error.URLError as e:[0m
Port versions to CurseForge	Diff and upload	2026-05-01T05:33:23.1791491Z [36;1m            if attempt < 3:[0m
Port versions to CurseForge	Diff and upload	2026-05-01T05:33:23.1791865Z [36;1m                time.sleep(5)[0m
Port versions to CurseForge	Diff and upload	2026-05-01T05:33:23.1792283Z [36;1m                continue[0m
Port versions to CurseForge	Diff and upload	2026-05-01T05:33:23.1792806Z [36;1m            sys.exit(f"[ERROR] Upload network error: {e.reason}")[0m
Port versions to CurseForge	Diff and upload	2026-05-01T05:33:23.1793468Z [36;1m    sys.exit("[ERROR] Upload failed after retries.")[0m
Port versions to CurseForge	Diff and upload	2026-05-01T05:33:23.1793970Z [36;1m[0m
Port versions to CurseForge	Diff and upload	2026-05-01T05:33:23.1794380Z [36;1m# ----------------------------------------------------------------[0m
Port versions to CurseForge	Diff and upload	2026-05-01T05:33:23.1794941Z [36;1m# Helpers: version logic[0m
Port versions to CurseForge	Diff and upload	2026-05-01T05:33:23.1795455Z [36;1m# ----------------------------------------------------------------[0m
Port versions to CurseForge	Diff and upload	2026-05-01T05:33:23.1796092Z [36;1mdef primary_file(version: dict) -> dict | None:[0m
Port versions to CurseForge	Diff and upload	2026-05-01T05:33:23.1796652Z [36;1m    files = version.get("files", [])[0m
Port versions to CurseForge	Diff and upload	2026-05-01T05:33:23.1797039Z [36;1m    if not files:[0m
Port versions to CurseForge	Diff and upload	2026-05-01T05:33:23.1797261Z [36;1m        return None[0m
Port versions to CurseForge	Diff and upload	2026-05-01T05:33:23.1797538Z [36;1m    primary = [f for f in files if f.get("primary")][0m
Port versions to CurseForge	Diff and upload	2026-05-01T05:33:23.1797890Z [36;1m    return (primary or files)[0][0m
Port versions to CurseForge	Diff and upload	2026-05-01T05:33:23.1798399Z [36;1m[0m
Port versions to CurseForge	Diff and upload	2026-05-01T05:33:23.1798625Z [36;1mdef latest_per_combo(versions: list) -> dict:[0m
Port versions to CurseForge	Diff and upload	2026-05-01T05:33:23.1799065Z [36;1m    """Keep the most recently published version per (mc_version, loader) pair."""[0m
Port versions to CurseForge	Diff and upload	2026-05-01T05:33:23.1799497Z [36;1m    best: dict[tuple, dict] = {}[0m
Port versions to CurseForge	Diff and upload	2026-05-01T05:33:23.1799756Z [36;1m    for v in versions:[0m
Port versions to CurseForge	Diff and upload	2026-05-01T05:33:23.1800022Z [36;1m        pub = v.get("date_published", "")[0m
Port versions to CurseForge	Diff and upload	2026-05-01T05:33:23.1800357Z [36;1m        for mc in v.get("game_versions", []):[0m
Port versions to CurseForge	Diff and upload	2026-05-01T05:33:23.1800665Z [36;1m            for loader in v.get("loaders", []):[0m
Port versions to CurseForge	Diff and upload	2026-05-01T05:33:23.1800974Z [36;1m                key = (mc, loader.lower())[0m
Port versions to CurseForge	Diff and upload	2026-05-01T05:33:23.1801361Z [36;1m                if key not in best or pub > best[key].get("date_published", ""):[0m
Port versions to CurseForge	Diff and upload	2026-05-01T05:33:23.1801743Z [36;1m                    best[key] = v[0m
Port versions to CurseForge	Diff and upload	2026-05-01T05:33:23.1801997Z [36;1m    return best[0m
Port versions to CurseForge	Diff and upload	2026-05-01T05:33:23.1802205Z [36;1m[0m
Port versions to CurseForge	Diff and upload	2026-05-01T05:33:23.1802389Z [36;1mdef is_loader(name: str) -> bool:[0m
Port versions to CurseForge	Diff and upload	2026-05-01T05:33:23.1802734Z [36;1m    return name.lower() in {l.lower() for l in KNOWN_LOADERS}[0m
Port versions to CurseForge	Diff and upload	2026-05-01T05:33:23.1803061Z [36;1m[0m
Port versions to CurseForge	Diff and upload	2026-05-01T05:33:23.1803272Z [36;1mdef cf_combos_present(cf_files: list) -> set:[0m
Port versions to CurseForge	Diff and upload	2026-05-01T05:33:23.1803682Z [36;1m    """Build (mc_version, loader_lowercase) set from CurseForge file list."""[0m
Port versions to CurseForge	Diff and upload	2026-05-01T05:33:23.1804068Z [36;1m    combos = set()[0m
Port versions to CurseForge	Diff and upload	2026-05-01T05:33:23.1804293Z [36;1m    for f in cf_files:[0m
Port versions to CurseForge	Diff and upload	2026-05-01T05:33:23.1804555Z [36;1m        gvs: list = f.get("gameVersions", [])[0m
Port versions to CurseForge	Diff and upload	2026-05-01T05:33:23.1804898Z [36;1m        mc_versions = [g for g in gvs if not is_loader(g)][0m
Port versions to CurseForge	Diff and upload	2026-05-01T05:33:23.1805279Z [36;1m        loaders     = [g.lower() for g in gvs if is_loader(g)][0m
Port versions to CurseForge	Diff and upload	2026-05-01T05:33:23.1805751Z [36;1m        if not loaders:[0m
Port versions to CurseForge	Diff and upload	2026-05-01T05:33:23.1806015Z [36;1m            loaders = ["unknown"][0m
Port versions to CurseForge	Diff and upload	2026-05-01T05:33:23.1806284Z [36;1m        for mc in mc_versions:[0m
Port versions to CurseForge	Diff and upload	2026-05-01T05:33:23.1806543Z [36;1m            for loader in loaders:[0m
Port versions to CurseForge	Diff and upload	2026-05-01T05:33:23.1806822Z [36;1m                combos.add((mc, loader))[0m
Port versions to CurseForge	Diff and upload	2026-05-01T05:33:23.1807244Z [36;1m    return combos[0m
Port versions to CurseForge	Diff and upload	2026-05-01T05:33:23.1807603Z [36;1m[0m
Port versions to CurseForge	Diff and upload	2026-05-01T05:33:23.1808394Z [36;1mdef resolve_cf_version_ids(mc_version: str, loader: str, cf_lookup: dict) -> list:[0m
Port versions to CurseForge	Diff and upload	2026-05-01T05:33:23.1809365Z [36;1m    """Return the list of CurseForge version IDs for a mc_version + loader pair."""[0m
Port versions to CurseForge	Diff and upload	2026-05-01T05:33:23.1810210Z [36;1m    ids = [][0m
Port versions to CurseForge	Diff and upload	2026-05-01T05:33:23.1810666Z [36;1m    # MC version — exact, then strip patch (1.20.1 -> 1.20)[0m
Port versions to CurseForge	Diff and upload	2026-05-01T05:33:23.1811249Z [36;1m    if mc_version in cf_lookup:[0m
Port versions to CurseForge	Diff and upload	2026-05-01T05:33:23.1811751Z [36;1m        ids.append(cf_lookup[mc_version])[0m
Port versions to CurseForge	Diff and upload	2026-05-01T05:33:23.1812214Z [36;1m    else:[0m
Port versions to CurseForge	Diff and upload	2026-05-01T05:33:23.1812576Z [36;1m        parts = mc_version.split(".")[0m
Port versions to CurseForge	Diff and upload	2026-05-01T05:33:23.1813045Z [36;1m        if len(parts) == 3:[0m
Port versions to CurseForge	Diff and upload	2026-05-01T05:33:23.1813503Z [36;1m            short = f"{parts[0]}.{parts[1]}"[0m
Port versions to CurseForge	Diff and upload	2026-05-01T05:33:23.1813998Z [36;1m            if short in cf_lookup:[0m
Port versions to CurseForge	Diff and upload	2026-05-01T05:33:23.1814496Z [36;1m                ids.append(cf_lookup[short])[0m
Port versions to CurseForge	Diff and upload	2026-05-01T05:33:23.1814963Z [36;1m    if not ids:[0m
Port versions to CurseForge	Diff and upload	2026-05-01T05:33:23.1815529Z [36;1m        print(f"  [WARN] No CurseForge version ID found for MC {mc_version!r}")[0m
Port versions to CurseForge	Diff and upload	2026-05-01T05:33:23.1816163Z [36;1m[0m
Port versions to CurseForge	Diff and upload	2026-05-01T05:33:23.1816464Z [36;1m    # Loader[0m
Port versions to CurseForge	Diff and upload	2026-05-01T05:33:23.1817002Z [36;1m    loader_name = LOADER_MAP.get(loader.lower(), loader.capitalize())[0m
Port versions to CurseForge	Diff and upload	2026-05-01T05:33:23.1817607Z [36;1m    matched = cf_lookup.get(loader_name)[0m
Port versions to CurseForge	Diff and upload	2026-05-01T05:33:23.1817892Z [36;1m    if matched is None:[0m
Port versions to CurseForge	Diff and upload	2026-05-01T05:33:23.1818406Z [36;1m        # case-insensitive fallback[0m
Port versions to CurseForge	Diff and upload	2026-05-01T05:33:23.1818697Z [36;1m        for k, v in cf_lookup.items():[0m
Port versions to CurseForge	Diff and upload	2026-05-01T05:33:23.1819006Z [36;1m            if k.lower() == loader_name.lower():[0m
Port versions to CurseForge	Diff and upload	2026-05-01T05:33:23.1819308Z [36;1m                matched = v[0m
Port versions to CurseForge	Diff and upload	2026-05-01T05:33:23.1819552Z [36;1m                break[0m
Port versions to CurseForge	Diff and upload	2026-05-01T05:33:23.1819776Z [36;1m    if matched is not None:[0m
Port versions to CurseForge	Diff and upload	2026-05-01T05:33:23.1820025Z [36;1m        ids.append(matched)[0m
Port versions to CurseForge	Diff and upload	2026-05-01T05:33:23.1820258Z [36;1m    else:[0m
Port versions to CurseForge	Diff and upload	2026-05-01T05:33:23.1820566Z [36;1m        print(f"  [WARN] No CurseForge version ID found for loader {loader!r}")[0m
Port versions to CurseForge	Diff and upload	2026-05-01T05:33:23.1820943Z [36;1m    return ids[0m
Port versions to CurseForge	Diff and upload	2026-05-01T05:33:23.1821150Z [36;1m[0m
Port versions to CurseForge	Diff and upload	2026-05-01T05:33:23.1821389Z [36;1m# ----------------------------------------------------------------[0m
Port versions to CurseForge	Diff and upload	2026-05-01T05:33:23.1821712Z [36;1m# Step 1: Fetch Modrinth[0m
Port versions to CurseForge	Diff and upload	2026-05-01T05:33:23.1822013Z [36;1m# ----------------------------------------------------------------[0m
Port versions to CurseForge	Diff and upload	2026-05-01T05:33:23.1822396Z [36;1mmr_ref = modrinth_ref(os.environ["MODRINTH_URL"])[0m
Port versions to CurseForge	Diff and upload	2026-05-01T05:33:23.1822781Z [36;1mcf_id  = curseforge_project_id(os.environ["CURSEFORGE_URL"])[0m
Port versions to CurseForge	Diff and upload	2026-05-01T05:33:23.1823113Z [36;1m[0m
Port versions to CurseForge	Diff and upload	2026-05-01T05:33:23.1823289Z [36;1mprint(f"\n{'='*70}")[0m
Port versions to CurseForge	Diff and upload	2026-05-01T05:33:23.1823526Z [36;1mprint(f"  Modrinth  : {mr_ref}")[0m
Port versions to CurseForge	Diff and upload	2026-05-01T05:33:23.1823794Z [36;1mprint(f"  CurseForge: {cf_id}")[0m
Port versions to CurseForge	Diff and upload	2026-05-01T05:33:23.1824062Z [36;1mprint(f"  Dry run   : {DRY_RUN}")[0m
Port versions to CurseForge	Diff and upload	2026-05-01T05:33:23.1824317Z [36;1mprint(f"{'='*70}\n")[0m
Port versions to CurseForge	Diff and upload	2026-05-01T05:33:23.1824523Z [36;1m[0m
Port versions to CurseForge	Diff and upload	2026-05-01T05:33:23.1824775Z [36;1mprint("[1/4] Fetching Modrinth project and versions...")[0m
Port versions to CurseForge	Diff and upload	2026-05-01T05:33:23.1825242Z [36;1mmr_project = modrinth_get(f"/project/{urllib.parse.quote(mr_ref, safe='')}")[0m
Port versions to CurseForge	Diff and upload	2026-05-01T05:33:23.1825640Z [36;1mmr_id      = mr_project["id"][0m
Port versions to CurseForge	Diff and upload	2026-05-01T05:33:23.1825961Z [36;1mprint(f"  Title: {mr_project.get('title')}  ID: {mr_id}")[0m
Port versions to CurseForge	Diff and upload	2026-05-01T05:33:23.1826413Z [36;1m[0m
Port versions to CurseForge	Diff and upload	2026-05-01T05:33:23.1826761Z [36;1mall_versions = modrinth_get(f"/project/{urllib.parse.quote(mr_id, safe='')}/version")[0m
Port versions to CurseForge	Diff and upload	2026-05-01T05:33:23.1827216Z [36;1mif not isinstance(all_versions, list):[0m
Port versions to CurseForge	Diff and upload	2026-05-01T05:33:23.1827500Z [36;1m    all_versions = [][0m
Port versions to CurseForge	Diff and upload	2026-05-01T05:33:23.1827797Z [36;1mprint(f"  Total version entries: {len(all_versions)}")[0m
Port versions to CurseForge	Diff and upload	2026-05-01T05:33:23.1828328Z [36;1m[0m
Port versions to CurseForge	Diff and upload	2026-05-01T05:33:23.1828550Z [36;1mmr_latest = latest_per_combo(all_versions)[0m
Port versions to CurseForge	Diff and upload	2026-05-01T05:33:23.1828929Z [36;1mprint(f"  Unique (mc_version, loader) combos: {len(mr_latest)}")[0m
Port versions to CurseForge	Diff and upload	2026-05-01T05:33:23.1829268Z [36;1m[0m
Port versions to CurseForge	Diff and upload	2026-05-01T05:33:23.1829498Z [36;1m# ----------------------------------------------------------------[0m
Port versions to CurseForge	Diff and upload	2026-05-01T05:33:23.1829966Z [36;1m# Step 2: Fetch CurseForge[0m
Port versions to CurseForge	Diff and upload	2026-05-01T05:33:23.1830273Z [36;1m# ----------------------------------------------------------------[0m
Port versions to CurseForge	Diff and upload	2026-05-01T05:33:23.1830705Z [36;1mprint("\n[2/4] Fetching CurseForge game versions and existing files...")[0m
Port versions to CurseForge	Diff and upload	2026-05-01T05:33:23.1831171Z [36;1mcf_game_versions = curseforge_get("/api/game/versions")[0m
Port versions to CurseForge	Diff and upload	2026-05-01T05:33:23.1831581Z [36;1mif not isinstance(cf_game_versions, list):[0m
Port versions to CurseForge	Diff and upload	2026-05-01T05:33:23.1832093Z [36;1m    cf_game_versions = [][0m
Port versions to CurseForge	Diff and upload	2026-05-01T05:33:23.1832673Z [36;1mcf_lookup = {v["name"]: v["id"] for v in cf_game_versions}[0m
Port versions to CurseForge	Diff and upload	2026-05-01T05:33:23.1833383Z [36;1mprint(f"  CurseForge game version entries: {len(cf_lookup)}")[0m
Port versions to CurseForge	Diff and upload	2026-05-01T05:33:23.1833963Z [36;1m[0m
Port versions to CurseForge	Diff and upload	2026-05-01T05:33:23.1834461Z [36;1m# Resolve slug -> numeric ID (required by the upload and files endpoints)[0m
Port versions to CurseForge	Diff and upload	2026-05-01T05:33:23.1835184Z [36;1mcf_numeric_id = resolve_cf_numeric_id(cf_id)[0m
Port versions to CurseForge	Diff and upload	2026-05-01T05:33:23.1835672Z [36;1m[0m
Port versions to CurseForge	Diff and upload	2026-05-01T05:33:23.1836137Z [36;1mcf_files = curseforge_get(f"/api/projects/{cf_numeric_id}/files")[0m
Port versions to CurseForge	Diff and upload	2026-05-01T05:33:23.1836789Z [36;1mif not isinstance(cf_files, list):[0m
Port versions to CurseForge	Diff and upload	2026-05-01T05:33:23.1837239Z [36;1m    cf_files = [][0m
Port versions to CurseForge	Diff and upload	2026-05-01T05:33:23.1837670Z [36;1mcf_present = cf_combos_present(cf_files)[0m
Port versions to CurseForge	Diff and upload	2026-05-01T05:33:23.1838458Z [36;1mprint(f"  Existing CurseForge files: {len(cf_files)}")[0m
Port versions to CurseForge	Diff and upload	2026-05-01T05:33:23.1839254Z [36;1mprint(f"  Unique (mc_version, loader) combos on CurseForge: {len(cf_present)}")[0m
Port versions to CurseForge	Diff and upload	2026-05-01T05:33:23.1839930Z [36;1m[0m
Port versions to CurseForge	Diff and upload	2026-05-01T05:33:23.1840274Z [36;1m# ----------------------------------------------------------------[0m
Port versions to CurseForge	Diff and upload	2026-05-01T05:33:23.1840594Z [36;1m# Step 3: Diff[0m
Port versions to CurseForge	Diff and upload	2026-05-01T05:33:23.1840864Z [36;1m# ----------------------------------------------------------------[0m
Port versions to CurseForge	Diff and upload	2026-05-01T05:33:23.1841203Z [36;1mprint("\n[3/4] Computing diff...")[0m
Port versions to CurseForge	Diff and upload	2026-05-01T05:33:23.1841462Z [36;1mmissing = [][0m
Port versions to CurseForge	Diff and upload	2026-05-01T05:33:23.1841749Z [36;1mfor (mc, loader), version in sorted(mr_latest.items()):[0m
Port versions to CurseForge	Diff and upload	2026-05-01T05:33:23.1842172Z [36;1m    cf_loader = LOADER_MAP.get(loader, loader.capitalize()).lower()[0m
Port versions to CurseForge	Diff and upload	2026-05-01T05:33:23.1842632Z [36;1m    if (mc, cf_loader) not in cf_present and (mc, loader) not in cf_present:[0m
Port versions to CurseForge	Diff and upload	2026-05-01T05:33:23.1843047Z [36;1m        missing.append(((mc, loader), version))[0m
Port versions to CurseForge	Diff and upload	2026-05-01T05:33:23.1843327Z [36;1m[0m
Port versions to CurseForge	Diff and upload	2026-05-01T05:33:23.1843547Z [36;1mmissing.sort(key=lambda x: (x[0][0], x[0][1]))[0m
Port versions to CurseForge	Diff and upload	2026-05-01T05:33:23.1843824Z [36;1m[0m
Port versions to CurseForge	Diff and upload	2026-05-01T05:33:23.1843997Z [36;1mif not missing:[0m
Port versions to CurseForge	Diff and upload	2026-05-01T05:33:23.1844379Z [36;1m    print("\n  All Modrinth versions are already present on CurseForge. Nothing to do!")[0m
Port versions to CurseForge	Diff and upload	2026-05-01T05:33:23.1845095Z [36;1m    sys.exit(0)[0m
Port versions to CurseForge	Diff and upload	2026-05-01T05:33:23.1845435Z [36;1m[0m
Port versions to CurseForge	Diff and upload	2026-05-01T05:33:23.1845733Z [36;1m# Print table[0m
Port versions to CurseForge	Diff and upload	2026-05-01T05:33:23.1846095Z [36;1mprint(f"\n  {'='*68}")[0m
Port versions to CurseForge	Diff and upload	2026-05-01T05:33:23.1846689Z [36;1mprint(f"  Versions on Modrinth missing from CurseForge: {len(missing)}")[0m
Port versions to CurseForge	Diff and upload	2026-05-01T05:33:23.1847357Z [36;1mprint(f"  {'-'*68}")[0m
Port versions to CurseForge	Diff and upload	2026-05-01T05:33:23.1848002Z [36;1mprint(f"  {'#':<4} {'MC Version':<14} {'Loader':<12} {'Version #':<20} {'Type':<10} {'Published'}")[0m
Port versions to CurseForge	Diff and upload	2026-05-01T05:33:23.1848916Z [36;1mprint(f"  {'-'*68}")[0m
Port versions to CurseForge	Diff and upload	2026-05-01T05:33:23.1849550Z [36;1mfor i, ((mc, loader), v) in enumerate(missing, 1):[0m
Port versions to CurseForge	Diff and upload	2026-05-01T05:33:23.1850043Z [36;1m    vnum  = v.get("version_number", "?")[0m
Port versions to CurseForge	Diff and upload	2026-05-01T05:33:23.1850357Z [36;1m    vtype = v.get("version_type", "release")[0m
Port versions to CurseForge	Diff and upload	2026-05-01T05:33:23.1850706Z [36;1m    pub   = v.get("date_published", "")[:19].replace("T", " ")[0m
Port versions to CurseForge	Diff and upload	2026-05-01T05:33:23.1851047Z [36;1m    pf    = primary_file(v)[0m
Port versions to CurseForge	Diff and upload	2026-05-01T05:33:23.1851344Z [36;1m    fname = pf["filename"] if pf else "(no file)"[0m
Port versions to CurseForge	Diff and upload	2026-05-01T05:33:23.1851742Z [36;1m    print(f"  {i:<4} {mc:<14} {loader:<12} {vnum:<20} {vtype:<10} {pub}  {fname}")[0m
Port versions to CurseForge	Diff and upload	2026-05-01T05:33:23.1852108Z [36;1mprint(f"  {'='*68}\n")[0m
Port versions to CurseForge	Diff and upload	2026-05-01T05:33:23.1852444Z [36;1m[0m
Port versions to CurseForge	Diff and upload	2026-05-01T05:33:23.1852618Z [36;1mif DRY_RUN:[0m
Port versions to CurseForge	Diff and upload	2026-05-01T05:33:23.1852851Z [36;1m    print("  [DRY RUN] No files uploaded.")[0m
Port versions to CurseForge	Diff and upload	2026-05-01T05:33:23.1853139Z [36;1m    sys.exit(0)[0m
Port versions to CurseForge	Diff and upload	2026-05-01T05:33:23.1853341Z [36;1m[0m
Port versions to CurseForge	Diff and upload	2026-05-01T05:33:23.1853580Z [36;1m# ----------------------------------------------------------------[0m
Port versions to CurseForge	Diff and upload	2026-05-01T05:33:23.1853904Z [36;1m# Step 4: Upload[0m
Port versions to CurseForge	Diff and upload	2026-05-01T05:33:23.1854182Z [36;1m# ----------------------------------------------------------------[0m
Port versions to CurseForge	Diff and upload	2026-05-01T05:33:23.1854615Z [36;1mprint(f"[4/4] Uploading {len(missing)} version(s) to CurseForge...\n")[0m
Port versions to CurseForge	Diff and upload	2026-05-01T05:33:23.1854981Z [36;1msuccess = 0[0m
Port versions to CurseForge	Diff and upload	2026-05-01T05:33:23.1855177Z [36;1mfailed  = 0[0m
Port versions to CurseForge	Diff and upload	2026-05-01T05:33:23.1855365Z [36;1m[0m
Port versions to CurseForge	Diff and upload	2026-05-01T05:33:23.1855642Z [36;1mwith tempfile.TemporaryDirectory(prefix="cf_port_") as tmpdir:[0m
Port versions to CurseForge	Diff and upload	2026-05-01T05:33:23.1856016Z [36;1m    tmp = Path(tmpdir)[0m
Port versions to CurseForge	Diff and upload	2026-05-01T05:33:23.1856327Z [36;1m    for i, ((mc, loader), version) in enumerate(missing, 1):[0m
Port versions to CurseForge	Diff and upload	2026-05-01T05:33:23.1856705Z [36;1m        vnum      = version.get("version_number", "?")[0m
Port versions to CurseForge	Diff and upload	2026-05-01T05:33:23.1857120Z [36;1m        vname     = version.get("name") or f"{mr_project.get('title', '')} {vnum}"[0m
Port versions to CurseForge	Diff and upload	2026-05-01T05:33:23.1857661Z [36;1m        vtype     = RELEASE_TYPE_MAP.get(version.get("version_type", "release"), "release")[0m
Port versions to CurseForge	Diff and upload	2026-05-01T05:33:23.1858537Z [36;1m        changelog = version.get("changelog") or f"Ported from Modrinth. Version {vnum} for {mc} ({loader})."[0m
Port versions to CurseForge	Diff and upload	2026-05-01T05:33:23.1859016Z [36;1m[0m
Port versions to CurseForge	Diff and upload	2026-05-01T05:33:23.1859207Z [36;1m        pf = primary_file(version)[0m
Port versions to CurseForge	Diff and upload	2026-05-01T05:33:23.1859640Z [36;1m        if not pf:[0m
Port versions to CurseForge	Diff and upload	2026-05-01T05:33:23.1860270Z [36;1m            print(f"  [{i}/{len(missing)}] SKIP {mc}/{loader} {vnum} — no file on Modrinth.")[0m
Port versions to CurseForge	Diff and upload	2026-05-01T05:33:23.1860956Z [36;1m            failed += 1[0m
Port versions to CurseForge	Diff and upload	2026-05-01T05:33:23.1861349Z [36;1m            continue[0m
Port versions to CurseForge	Diff and upload	2026-05-01T05:33:23.1861710Z [36;1m[0m
Port versions to CurseForge	Diff and upload	2026-05-01T05:33:23.1862125Z [36;1m        filename     = pf.get("filename", f"mod-{vnum}.jar")[0m
Port versions to CurseForge	Diff and upload	2026-05-01T05:33:23.1862704Z [36;1m        download_url = pf.get("url", "")[0m
Port versions to CurseForge	Diff and upload	2026-05-01T05:33:23.1863152Z [36;1m[0m
Port versions to CurseForge	Diff and upload	2026-05-01T05:33:23.1863599Z [36;1m        print(f"  [{i}/{len(missing)}] {mc} / {loader} — {vnum} ({vtype})")[0m
Port versions to CurseForge	Diff and upload	2026-05-01T05:33:23.1864244Z [36;1m        print(f"    File     : {filename}")[0m
Port versions to CurseForge	Diff and upload	2026-05-01T05:33:23.1865006Z [36;1m        print(f"    Changelog: {changelog[:100].strip()!r}{'...' if len(changelog) > 100 else ''}")[0m
Port versions to CurseForge	Diff and upload	2026-05-01T05:33:23.1865733Z [36;1m[0m
Port versions to CurseForge	Diff and upload	2026-05-01T05:33:23.1866193Z [36;1m        cf_version_ids = resolve_cf_version_ids(mc, loader, cf_lookup)[0m
Port versions to CurseForge	Diff and upload	2026-05-01T05:33:23.1866818Z [36;1m        if not cf_version_ids:[0m
Port versions to CurseForge	Diff and upload	2026-05-01T05:33:23.1867490Z [36;1m            print(f"    [SKIP] Could not resolve CurseForge version IDs for {mc}/{loader}.")[0m
Port versions to CurseForge	Diff and upload	2026-05-01T05:33:23.1867914Z [36;1m            failed += 1[0m
Port versions to CurseForge	Diff and upload	2026-05-01T05:33:23.1868370Z [36;1m            continue[0m
Port versions to CurseForge	Diff and upload	2026-05-01T05:33:23.1868654Z [36;1m        print(f"    CF IDs   : {cf_version_ids}")[0m
Port versions to CurseForge	Diff and upload	2026-05-01T05:33:23.1868938Z [36;1m[0m
Port versions to CurseForge	Diff and upload	2026-05-01T05:33:23.1869134Z [36;1m        jar_path = tmp / filename[0m
Port versions to CurseForge	Diff and upload	2026-05-01T05:33:23.1869443Z [36;1m        print(f"    Downloading from Modrinth CDN...")[0m
Port versions to CurseForge	Diff and upload	2026-05-01T05:33:23.1869929Z [36;1m        download_file(download_url, jar_path)[0m
Port versions to CurseForge	Diff and upload	2026-05-01T05:33:23.1870297Z [36;1m        print(f"    Downloaded {jar_path.stat().st_size:,} bytes.")[0m
Port versions to CurseForge	Diff and upload	2026-05-01T05:33:23.1870620Z [36;1m[0m
Port versions to CurseForge	Diff and upload	2026-05-01T05:33:23.1870795Z [36;1m        cf_metadata = {[0m
Port versions to CurseForge	Diff and upload	2026-05-01T05:33:23.1871052Z [36;1m            "changelog":     changelog,[0m
Port versions to CurseForge	Diff and upload	2026-05-01T05:33:23.1871349Z [36;1m            "changelogType": "markdown",[0m
Port versions to CurseForge	Diff and upload	2026-05-01T05:33:23.1871638Z [36;1m            "displayName":   vname,[0m
Port versions to CurseForge	Diff and upload	2026-05-01T05:33:23.1871927Z [36;1m            "gameVersions":  cf_version_ids,[0m
Port versions to CurseForge	Diff and upload	2026-05-01T05:33:23.1872218Z [36;1m            "releaseType":   vtype,[0m
Port versions to CurseForge	Diff and upload	2026-05-01T05:33:23.1872572Z [36;1m        }[0m
Port versions to CurseForge	Diff and upload	2026-05-01T05:33:23.1872761Z [36;1m[0m
Port versions to CurseForge	Diff and upload	2026-05-01T05:33:23.1872980Z [36;1m        print(f"    Uploading to CurseForge...")[0m
Port versions to CurseForge	Diff and upload	2026-05-01T05:33:23.1873369Z [36;1m        new_id = curseforge_upload(cf_numeric_id, cf_metadata, jar_path)[0m
Port versions to CurseForge	Diff and upload	2026-05-01T05:33:23.1873818Z [36;1m        print(f"    ✓ Uploaded — CurseForge file ID: {new_id}")[0m
Port versions to CurseForge	Diff and upload	2026-05-01T05:33:23.1874159Z [36;1m        success += 1[0m
Port versions to CurseForge	Diff and upload	2026-05-01T05:33:23.1874377Z [36;1m[0m
Port versions to CurseForge	Diff and upload	2026-05-01T05:33:23.1874549Z [36;1m        if i < len(missing):[0m
Port versions to CurseForge	Diff and upload	2026-05-01T05:33:23.1874798Z [36;1m            time.sleep(1)[0m
Port versions to CurseForge	Diff and upload	2026-05-01T05:33:23.1875027Z [36;1m[0m
Port versions to CurseForge	Diff and upload	2026-05-01T05:33:23.1875194Z [36;1mprint(f"\n{'='*70}")[0m
Port versions to CurseForge	Diff and upload	2026-05-01T05:33:23.1875515Z [36;1mprint(f"  Done.  {success} uploaded,  {failed} failed/skipped.")[0m
Port versions to CurseForge	Diff and upload	2026-05-01T05:33:23.1875867Z [36;1mprint(f"{'='*70}\n")[0m
Port versions to CurseForge	Diff and upload	2026-05-01T05:33:23.1876073Z [36;1m[0m
Port versions to CurseForge	Diff and upload	2026-05-01T05:33:23.1876239Z [36;1mif failed:[0m
Port versions to CurseForge	Diff and upload	2026-05-01T05:33:23.1876441Z [36;1m    sys.exit(1)[0m
Port versions to CurseForge	Diff and upload	2026-05-01T05:33:23.1876803Z [36;1mPY[0m
Port versions to CurseForge	Diff and upload	2026-05-01T05:33:23.1904358Z shell: /usr/bin/bash --noprofile --norc -e -o pipefail {0}
Port versions to CurseForge	Diff and upload	2026-05-01T05:33:23.1904920Z env:
Port versions to CurseForge	Diff and upload	2026-05-01T05:33:23.1905355Z   pythonLocation: /opt/hostedtoolcache/Python/3.12.13/x64
Port versions to CurseForge	Diff and upload	2026-05-01T05:33:23.1906056Z   PKG_CONFIG_PATH: /opt/hostedtoolcache/Python/3.12.13/x64/lib/pkgconfig
Port versions to CurseForge	Diff and upload	2026-05-01T05:33:23.1906501Z   Python_ROOT_DIR: /opt/hostedtoolcache/Python/3.12.13/x64
Port versions to CurseForge	Diff and upload	2026-05-01T05:33:23.1906873Z   Python2_ROOT_DIR: /opt/hostedtoolcache/Python/3.12.13/x64
Port versions to CurseForge	Diff and upload	2026-05-01T05:33:23.1907252Z   Python3_ROOT_DIR: /opt/hostedtoolcache/Python/3.12.13/x64
Port versions to CurseForge	Diff and upload	2026-05-01T05:33:23.1907632Z   LD_LIBRARY_PATH: /opt/hostedtoolcache/Python/3.12.13/x64/lib
Port versions to CurseForge	Diff and upload	2026-05-01T05:33:23.1908576Z   MODRINTH_TOKEN: ***
Port versions to CurseForge	Diff and upload	2026-05-01T05:33:23.1908938Z   CURSEFORGE_TOKEN: ***
Port versions to CurseForge	Diff and upload	2026-05-01T05:33:23.1909214Z   MODRINTH_URL: https://modrinth.com/mod/pingfix
Port versions to CurseForge	Diff and upload	2026-05-01T05:33:23.1909520Z   CURSEFORGE_URL: 1526309
Port versions to CurseForge	Diff and upload	2026-05-01T05:33:23.1909731Z   DRY_RUN: false
Port versions to CurseForge	Diff and upload	2026-05-01T05:33:23.1909922Z ##[endgroup]
Port versions to CurseForge	Diff and upload	2026-05-01T05:33:24.8769215Z 
Port versions to CurseForge	Diff and upload	2026-05-01T05:33:24.8769699Z ======================================================================
Port versions to CurseForge	Diff and upload	2026-05-01T05:33:24.8770270Z   Modrinth  : pingfix
Port versions to CurseForge	Diff and upload	2026-05-01T05:33:24.8770682Z   CurseForge: 1526309
Port versions to CurseForge	Diff and upload	2026-05-01T05:33:24.8771016Z   Dry run   : False
Port versions to CurseForge	Diff and upload	2026-05-01T05:33:24.8771501Z ======================================================================
Port versions to CurseForge	Diff and upload	2026-05-01T05:33:24.8771865Z 
Port versions to CurseForge	Diff and upload	2026-05-01T05:33:24.8772085Z [1/4] Fetching Modrinth project and versions...
Port versions to CurseForge	Diff and upload	2026-05-01T05:33:24.8772595Z   Title: FIX MY PINGGGGG  ID: 9GikcByI
Port versions to CurseForge	Diff and upload	2026-05-01T05:33:24.8773093Z   Total version entries: 77
Port versions to CurseForge	Diff and upload	2026-05-01T05:33:24.8773534Z   Unique (mc_version, loader) combos: 81
Port versions to CurseForge	Diff and upload	2026-05-01T05:33:24.8773841Z 
Port versions to CurseForge	Diff and upload	2026-05-01T05:33:24.8774124Z [2/4] Fetching CurseForge game versions and existing files...
Port versions to CurseForge	Diff and upload	2026-05-01T05:33:24.8775218Z [ERROR] HTTP 400: https://minecraft.curseforge.com/api/game/versions
Port versions to CurseForge	Diff and upload	2026-05-01T05:33:24.8777218Z {"errorCode":3,"errorMessage":"API token is malformed. Token provided: ***."}
Port versions to CurseForge	Diff and upload	2026-05-01T05:33:24.8907417Z ##[error]Process completed with exit code 1.
Port versions to CurseForge	Write step summary	﻿2026-05-01T05:33:24.8975241Z ##[group]Run {
Port versions to CurseForge	Write step summary	2026-05-01T05:33:24.8975774Z [36;1m{[0m
Port versions to CurseForge	Write step summary	2026-05-01T05:33:24.8976129Z [36;1m  echo "## CurseForge Port"[0m
Port versions to CurseForge	Write step summary	2026-05-01T05:33:24.8976468Z [36;1m  echo ""[0m
Port versions to CurseForge	Write step summary	2026-05-01T05:33:24.8976878Z [36;1m  echo "| | |"[0m
Port versions to CurseForge	Write step summary	2026-05-01T05:33:24.8977100Z [36;1m  echo "|---|---|"[0m
Port versions to CurseForge	Write step summary	2026-05-01T05:33:24.8977356Z [36;1m  echo "| Modrinth | \`$MODRINTH_URL\` |"[0m
Port versions to CurseForge	Write step summary	2026-05-01T05:33:24.8977682Z [36;1m  echo "| CurseForge | \`$CURSEFORGE_URL\` |"[0m
Port versions to CurseForge	Write step summary	2026-05-01T05:33:24.8977989Z [36;1m  echo "| Dry run | \`$DRY_RUN\` |"[0m
Port versions to CurseForge	Write step summary	2026-05-01T05:33:24.8979300Z [36;1m} >> "$GITHUB_STEP_SUMMARY"[0m
Port versions to CurseForge	Write step summary	2026-05-01T05:33:24.9008913Z shell: /usr/bin/bash --noprofile --norc -e -o pipefail {0}
Port versions to CurseForge	Write step summary	2026-05-01T05:33:24.9009483Z env:
Port versions to CurseForge	Write step summary	2026-05-01T05:33:24.9009907Z   pythonLocation: /opt/hostedtoolcache/Python/3.12.13/x64
Port versions to CurseForge	Write step summary	2026-05-01T05:33:24.9010663Z   PKG_CONFIG_PATH: /opt/hostedtoolcache/Python/3.12.13/x64/lib/pkgconfig
Port versions to CurseForge	Write step summary	2026-05-01T05:33:24.9011384Z   Python_ROOT_DIR: /opt/hostedtoolcache/Python/3.12.13/x64
Port versions to CurseForge	Write step summary	2026-05-01T05:33:24.9012070Z   Python2_ROOT_DIR: /opt/hostedtoolcache/Python/3.12.13/x64
Port versions to CurseForge	Write step summary	2026-05-01T05:33:24.9012715Z   Python3_ROOT_DIR: /opt/hostedtoolcache/Python/3.12.13/x64
Port versions to CurseForge	Write step summary	2026-05-01T05:33:24.9013386Z   LD_LIBRARY_PATH: /opt/hostedtoolcache/Python/3.12.13/x64/lib
Port versions to CurseForge	Write step summary	2026-05-01T05:33:24.9014014Z   MODRINTH_URL: https://modrinth.com/mod/pingfix
Port versions to CurseForge	Write step summary	2026-05-01T05:33:24.9014526Z   CURSEFORGE_URL: 1526309
Port versions to CurseForge	Write step summary	2026-05-01T05:33:24.9014897Z   DRY_RUN: false
Port versions to CurseForge	Write step summary	2026-05-01T05:33:24.9015229Z ##[endgroup]
Port versions to CurseForge	Post Run actions/checkout@v4	﻿2026-05-01T05:33:24.9182253Z Post job cleanup.
Port versions to CurseForge	Post Run actions/checkout@v4	2026-05-01T05:33:25.0284462Z [command]/usr/bin/git version
Port versions to CurseForge	Post Run actions/checkout@v4	2026-05-01T05:33:25.0321269Z git version 2.53.0
Port versions to CurseForge	Post Run actions/checkout@v4	2026-05-01T05:33:25.0368378Z Temporarily overriding HOME='/home/runner/work/_temp/5a23417a-0542-4038-9064-c49397e07312' before making global git config changes
Port versions to CurseForge	Post Run actions/checkout@v4	2026-05-01T05:33:25.0369929Z Adding repository directory to the temporary git global config as a safe directory
Port versions to CurseForge	Post Run actions/checkout@v4	2026-05-01T05:33:25.0383237Z [command]/usr/bin/git config --global --add safe.directory /home/runner/work/ModCompiler/ModCompiler
Port versions to CurseForge	Post Run actions/checkout@v4	2026-05-01T05:33:25.0423333Z [command]/usr/bin/git config --local --name-only --get-regexp core\.sshCommand
Port versions to CurseForge	Post Run actions/checkout@v4	2026-05-01T05:33:25.0460406Z [command]/usr/bin/git submodule foreach --recursive sh -c "git config --local --name-only --get-regexp 'core\.sshCommand' && git config --local --unset-all 'core.sshCommand' || :"
Port versions to CurseForge	Post Run actions/checkout@v4	2026-05-01T05:33:25.0900039Z fatal: No url found for submodule path 'LibraryMods/3arthh4ck' in .gitmodules
Port versions to CurseForge	Post Run actions/checkout@v4	2026-05-01T05:33:25.0949986Z ##[warning]The process '/usr/bin/git' failed with exit code 128
Port versions to CurseForge	Complete job	﻿2026-05-01T05:33:25.1026767Z Cleaning up orphan processes
Port versions to CurseForge	Complete job	2026-05-01T05:33:25.1386949Z ##[warning]Node.js 20 actions are deprecated. The following actions are running on Node.js 20 and may not work as expected: actions/checkout@v4, actions/setup-python@v5. Actions will be forced to run with Node.js 24 by default starting June 2nd, 2026. Node.js 20 will be removed from the runner on September 16th, 2026. Please check if updated versions of these actions are available that support Node.js 24. To opt into Node.js 24 now, set the FORCE_JAVASCRIPT_ACTIONS_TO_NODE24=true environment variable on the runner or in your workflow file. Once Node.js 24 becomes the default, you can temporarily opt out by setting ACTIONS_ALLOW_USE_UNSECURE_NODE_VERSION=true. For more information see: https://github.blog/changelog/2025-09-19-deprecation-of-node-20-on-github-actions-runners/
