[21Jun2026 02:46:15.490] [main/INFO] [net.neoforged.fml.startup.Entrypoint/]: JVM Uptime at startup: 117ms
[21Jun2026 02:46:15.500] [main/INFO] [net.neoforged.fml.loading.FMLLoader/]: Starting FancyModLoader version 10.0.32 (CLIENT in PROD)
[21Jun2026 02:46:15.500] [main/INFO] [net.neoforged.fml.loading.FMLLoader/]: Game directory: /home/runner/work/ModCompiler/ModCompiler/run
[21Jun2026 02:46:15.562] [main/INFO] [net.neoforged.fml.loading.EarlyServiceDiscovery/]: Found 2 early service jars (out of 101) in 34ms
[21Jun2026 02:46:15.563] [main/INFO] [net.neoforged.fml.loading.FMLLoader/]: Loading FML Early Services:
[21Jun2026 02:46:15.564] [main/INFO] [net.neoforged.fml.loading.FMLLoader/]:  - /home/runner/.minecraft/libraries/net/neoforged/fancymodloader/earlydisplay/10.0.32/earlydisplay-10.0.32.jar
[21Jun2026 02:46:15.564] [main/INFO] [net.neoforged.fml.loading.FMLLoader/]:  - /home/runner/.minecraft/libraries/net/neoforged/fancymodloader/loader/10.0.32/loader-10.0.32.jar
[21Jun2026 02:46:15.570] [main/INFO] [net.neoforged.fml.loading.ImmediateWindowHandler/]: Loading ImmediateWindowProvider fmlearlywindow
[21Jun2026 02:46:18.297] [ForkJoinPool.commonPool-worker-2/INFO] [net.neoforged.fml.loading.moddiscovery.locators.GameLocator/]: Marking obfuscated client jar as claimed to prevent loading: /home/runner/.minecraft/versions/neoforge-21.10.64/neoforge-21.10.64.jar
[21Jun2026 02:46:18.305] [ForkJoinPool.commonPool-worker-2/INFO] [net.neoforged.fml.loading.moddiscovery.locators.GameLocator/]: Failed to find common Minecraft classes and resources on the classpath. Assuming we're launching production.
[21Jun2026 02:46:18.435] [fml-loadingscreen/INFO] [net.neoforged.fml.earlydisplay.render.LoadingScreenRenderer/]: GL info: llvmpipe (LLVM 20.1.2, 256 bits) GL version 4.5 (Core Profile) Mesa 25.2.8-0ubuntu0.24.04.2, Mesa
[21Jun2026 02:46:18.586] [ForkJoinPool.commonPool-worker-2/INFO] [net.neoforged.fml.loading.moddiscovery.locators.JarInJarDependencyLocator/]: Found 2 dependencies adding them to mods collection
[21Jun2026 02:46:18.588] [ForkJoinPool.commonPool-worker-2/INFO] [net.neoforged.fml.loading.moddiscovery.ModDiscoverer/]: 
     Mod List:
		Name Version (Mod Id)

		FIX MY PINGGGGG 1.0.0 (pingfix)
		MC-Runtime-Test 1.21.10-4.4.0 (mc_runtime_test)
		Minecraft 1.21.10 (minecraft)
		NeoForge 21.10.64 (neoforge)
[21Jun2026 02:46:19.038] [main/INFO] [mixin/]: SpongePowered MIXIN Subsystem Version=0.8.7 Source=file:/home/runner/.minecraft/libraries/net/fabricmc/sponge-mixin/0.16.5+mixin.0.8.7/sponge-mixin-0.16.5+mixin.0.8.7.jar Service=FML Env=CLIENT
[21Jun2026 02:46:19.086] [main/INFO] [net.neoforged.fml.loading.FMLLoader/]: Loading FML Plugins:
[21Jun2026 02:46:19.090] [main/INFO] [net.neoforged.fml.loading.FMLLoader/]:  - ~libraries/net/neoforged/neoforge/21.10.64/neoforge-21.10.64-universal.jar > net.neoforged.neoforge-coremods-21.10.64.jar
[21Jun2026 02:46:19.262] [main/INFO] [net.neoforged.fml.loading.FMLLoader/]: Building game content classloader:
 - mc_runtime_test (jar(mods/mc-runtime-test-1.21.10-4.4.0-neoforge-release.jar))
 - minecraft (jar(~libraries/net/neoforged/minecraft-client-patched/21.10.64/minecraft-client-patched-21.10.64.jar))
 - mixinextras.neoforge (jar(~libraries/net/neoforged/neoforge/21.10.64/neoforge-21.10.64-universal.jar > mixinextras-neoforge-0.5.0.jar))
 - neoforge (jar(~libraries/net/neoforged/neoforge/21.10.64/neoforge-21.10.64-universal.jar))
 - net.neoforged.fml.generated (empty(VirtualJar/net.neoforged.fml.generated))
 - pingfix (jar(mods/pingfix-1.0.0.jar))
[21Jun2026 02:46:19.297] [main/INFO] [net.neoforged.fml.loading.FMLLoader/]: Built game content classloader in 56ms
[21Jun2026 02:46:20.939] [Datafixer Bootstrap/INFO] [com.mojang.datafixers.DataFixerBuilder/]: 281 Datafixer optimizations took 479 milliseconds
[21Jun2026 02:46:21.323] [pool-6-thread-1/INFO] [MixinExtras|Service/]: Initializing MixinExtras via com.llamalad7.mixinextras.service.MixinExtrasServiceImpl(version=0.5.0).
[21Jun2026 02:46:26.500] [modloading-worker-0/INFO] [net.neoforged.neoforge.common.NeoForgeMod/NEOFORGE-MOD]: NeoForge mod loading, version 21.10.64, for MC 1.21.10
[21Jun2026 02:46:27.204] [Render thread/INFO] [com.mojang.authlib.yggdrasil.YggdrasilAuthenticationService/]: Environment: Environment[sessionHost=https://sessionserver.mojang.com, servicesHost=https://api.minecraftservices.com, profilesHost=https://api.mojang.com, name=PROD]
[21Jun2026 02:46:27.230] [Render thread/INFO] [net.minecraft.client.Minecraft/]: Setting user: Offline
[21Jun2026 02:46:27.431] [Render thread/INFO] [net.minecraft.client.Minecraft/]: Backend library: LWJGL version 3.3.3+5
[21Jun2026 02:46:27.809] [Download-2/ERROR] [net.minecraft.client.Minecraft/]: Failed to fetch user properties
com.mojang.authlib.exceptions.InvalidCredentialsException: Status: 401
	at com.mojang.authlib.exceptions.MinecraftClientHttpException.toAuthenticationException(MinecraftClientHttpException.java:59) ~[authlib-7.0.61.jar:?]
	at com.mojang.authlib.yggdrasil.YggdrasilUserApiService.fetchProperties(YggdrasilUserApiService.java:150) ~[authlib-7.0.61.jar:?]
	at TRANSFORMER/minecraft@1.21.10/net.minecraft.client.Minecraft.lambda$new$1(Minecraft.java:437) ~[minecraft-client-patched-21.10.64.jar:?]
	at java.base/java.util.concurrent.CompletableFuture$AsyncSupply.run(CompletableFuture.java:1768) ~[?:?]
	at java.base/java.util.concurrent.ThreadPoolExecutor.runWorker(ThreadPoolExecutor.java:1144) ~[?:?]
	at java.base/java.util.concurrent.ThreadPoolExecutor$Worker.run(ThreadPoolExecutor.java:642) ~[?:?]
	at java.base/java.lang.Thread.run(Thread.java:1583) [?:?]
Caused by: com.mojang.authlib.exceptions.MinecraftClientHttpException: Status: 401
	at com.mojang.authlib.minecraft.client.MinecraftClient.readInputStream(MinecraftClient.java:103) ~[authlib-7.0.61.jar:?]
	at com.mojang.authlib.minecraft.client.MinecraftClient.get(MinecraftClient.java:56) ~[authlib-7.0.61.jar:?]
	at com.mojang.authlib.yggdrasil.YggdrasilUserApiService.fetchProperties(YggdrasilUserApiService.java:121) ~[authlib-7.0.61.jar:?]
	... 5 more
[21Jun2026 02:46:27.826] [Render thread/INFO] [net.minecraft.client.Minecraft/]: Using optional rendering extensions: GL_ARB_buffer_storage, GL_KHR_debug, GL_ARB_vertex_attrib_binding, GL_ARB_direct_state_access
[21Jun2026 02:46:28.410] [Download-2/INFO] [com.mojang.realmsclient.client.RealmsClient/]: Could not authorize you against Realms server: javax.ws.rs.BadRequestException: Invalid session
[21Jun2026 02:46:28.410] [Download-2/ERROR] [com.mojang.realmsclient.client.RealmsClient/]: Failed to fetch Realms feature flags
com.mojang.realmsclient.exception.RealmsServiceException: Realms authentication error with message 'javax.ws.rs.BadRequestException: Invalid session'
	at TRANSFORMER/minecraft@1.21.10/com.mojang.realmsclient.client.RealmsClient.execute(RealmsClient.java:522) ~[minecraft-client-patched-21.10.64.jar:?]
	at TRANSFORMER/minecraft@1.21.10/com.mojang.realmsclient.client.RealmsClient.fetchFeatureFlags(RealmsClient.java:163) ~[minecraft-client-patched-21.10.64.jar:?]
	at java.base/java.util.concurrent.CompletableFuture$AsyncSupply.run(CompletableFuture.java:1768) ~[?:?]
	at java.base/java.util.concurrent.ThreadPoolExecutor.runWorker(ThreadPoolExecutor.java:1144) ~[?:?]
	at java.base/java.util.concurrent.ThreadPoolExecutor$Worker.run(ThreadPoolExecutor.java:642) ~[?:?]
	at java.base/java.lang.Thread.run(Thread.java:1583) [?:?]
[21Jun2026 02:46:28.478] [Render thread/ERROR] [com.mojang.text2speech.Narrator/]: Error while loading the narrator
com.mojang.text2speech.Narrator$InitializeException: Failed to load library flite
	at com.mojang.text2speech.NarratorLinux$FliteLibrary.loadNative(NarratorLinux.java:81) ~[text2speech-1.18.11.jar:?]
	at com.mojang.text2speech.NarratorLinux.<init>(NarratorLinux.java:18) ~[text2speech-1.18.11.jar:?]
	at com.mojang.text2speech.Narrator.getNarrator(Narrator.java:41) [text2speech-1.18.11.jar:?]
	at TRANSFORMER/minecraft@1.21.10/net.minecraft.client.GameNarrator.<init>(GameNarrator.java:22) [minecraft-client-patched-21.10.64.jar:?]
	at TRANSFORMER/minecraft@1.21.10/net.minecraft.client.Minecraft.<init>(Minecraft.java:676) [minecraft-client-patched-21.10.64.jar:?]
	at TRANSFORMER/minecraft@1.21.10/net.minecraft.client.main.Main.main(Main.java:214) [minecraft-client-patched-21.10.64.jar:?]
	at net.neoforged.fml.startup.Client.main(Client.java:19) [loader-10.0.32.jar:10.0]
Caused by: java.lang.UnsatisfiedLinkError: Unable to load library 'flite':
libflite.so: cannot open shared object file: No such file or directory
libflite.so: cannot open shared object file: No such file or directory
Native library (linux-x86-64/libflite.so) not found in resource path (/home/runner/.minecraft/libraries/com/fasterxml/jackson/core/jackson-annotations/2.13.4/jackson-annotations-2.13.4.jar:/home/runner/.minecraft/libraries/com/fasterxml/jackson/core/jackson-core/2.13.4/jackson-core-2.13.4.jar:/home/runner/.minecraft/libraries/com/fasterxml/jackson/core/jackson-databind/2.13.4.2/jackson-databind-2.13.4.2.jar:/home/runner/.minecraft/libraries/com/github/oshi/oshi-core/6.6.5/oshi-core-6.6.5.jar:/home/runner/.minecraft/libraries/com/github/stephenc/jcip/jcip-annotations/1.0-1/jcip-annotations-1.0-1.jar:/home/runner/.minecraft/libraries/com/google/code/gson/gson/2.11.0/gson-2.11.0.jar:/home/runner/.minecraft/libraries/com/google/guava/failureaccess/1.0.2/failureaccess-1.0.2.jar:/home/runner/.minecraft/libraries/com/google/guava/guava/33.3.1-jre/guava-33.3.1-jre.jar:/home/runner/.minecraft/libraries/com/ibm/icu/icu4j/76.1/icu4j-76.1.jar:/home/runner/.minecraft/libraries/com/microsoft/azure/msal4j/1.17.2/msal4j-1.17.2.jar:/home/runner/.minecraft/libraries/com/mojang/authlib/7.0.61/authlib-7.0.61.jar:/home/runner/.minecraft/libraries/com/mojang/blocklist/1.0.10/blocklist-1.0.10.jar:/home/runner/.minecraft/libraries/com/mojang/brigadier/1.3.10/brigadier-1.3.10.jar:/home/runner/.minecraft/libraries/com/mojang/datafixerupper/8.0.16/datafixerupper-8.0.16.jar:/home/runner/.minecraft/libraries/com/mojang/jtracy/1.0.36/jtracy-1.0.36.jar:/home/runner/.minecraft/libraries/com/mojang/jtracy/1.0.36/jtracy-1.0.36-natives-linux.jar:/home/runner/.minecraft/libraries/com/mojang/logging/1.5.10/logging-1.5.10.jar:/home/runner/.minecraft/libraries/com/mojang/patchy/2.2.10/patchy-2.2.10.jar:/home/runner/.minecraft/libraries/com/mojang/text2speech/1.18.11/text2speech-1.18.11.jar:/home/runner/.minecraft/libraries/com/nimbusds/content-type/2.3/content-type-2.3.jar:/home/runner/.minecraft/libraries/com/nimbusds/lang-tag/1.7/lang-tag-1.7.jar:/home/runner/.minecraft/libraries/com/nimbusds/nimbus-jose-jwt/9.40/nimbus-jose-jwt-9.40.jar:/home/runner/.minecraft/libraries/com/nimbusds/oauth2-oidc-sdk/11.18/oauth2-oidc-sdk-11.18.jar:/home/runner/.minecraft/libraries/commons-codec/commons-codec/1.17.1/commons-codec-1.17.1.jar:/home/runner/.minecraft/libraries/commons-io/commons-io/2.17.0/commons-io-2.17.0.jar:/home/runner/.minecraft/libraries/commons-logging/commons-logging/1.3.4/commons-logging-1.3.4.jar:/home/runner/.minecraft/libraries/io/netty/netty-buffer/4.1.118.Final/netty-buffer-4.1.118.Final.jar:/home/runner/.minecraft/libraries/io/netty/netty-codec-http/4.1.118.Final/netty-codec-http-4.1.118.Final.jar:/home/runner/.minecraft/libraries/io/netty/netty-codec/4.1.118.Final/netty-codec-4.1.118.Final.jar:/home/runner/.minecraft/libraries/io/netty/netty-common/4.1.118.Final/netty-common-4.1.118.Final.jar:/home/runner/.minecraft/libraries/io/netty/netty-handler/4.1.118.Final/netty-handler-4.1.118.Final.jar:/home/runner/.minecraft/libraries/io/netty/netty-resolver/4.1.118.Final/netty-resolver-4.1.118.Final.jar:/home/runner/.minecraft/libraries/io/netty/netty-transport-classes-epoll/4.1.118.Final/netty-transport-classes-epoll-4.1.118.Final.jar:/home/runner/.minecraft/libraries/io/netty/netty-transport-native-epoll/4.1.118.Final/netty-transport-native-epoll-4.1.118.Final-linux-aarch_64.jar:/home/runner/.minecraft/libraries/io/netty/netty-transport-native-epoll/4.1.118.Final/netty-transport-native-epoll-4.1.118.Final-linux-x86_64.jar:/home/runner/.minecraft/libraries/io/netty/netty-transport-native-unix-common/4.1.118.Final/netty-transport-native-unix-common-4.1.118.Final.jar:/home/runner/.minecraft/libraries/io/netty/netty-transport/4.1.118.Final/netty-transport-4.1.118.Final.jar:/home/runner/.minecraft/libraries/it/unimi/dsi/fastutil/8.5.15/fastutil-8.5.15.jar:/home/runner/.minecraft/libraries/net/java/dev/jna/jna-platform/5.15.0/jna-platform-5.15.0.jar:/home/runner/.minecraft/libraries/net/java/dev/jna/jna/5.15.0/jna-5.15.0.jar:/home/runner/.minecraft/libraries/net/minidev/accessors-smart/2.5.1/accessors-smart-2.5.1.jar:/home/runner/.minecraft/libraries/net/minidev/json-smart/2.5.1/json-smart-2.5.1.jar:/home/runner/.minecraft/libraries/net/sf/jopt-simple/jopt-simple/5.0.4/jopt-simple-5.0.4.jar:/home/runner/.minecraft/libraries/org/apache/commons/commons-compress/1.27.1/commons-compress-1.27.1.jar:/home/runner/.minecraft/libraries/org/apache/commons/commons-lang3/3.17.0/commons-lang3-3.17.0.jar:/home/runner/.minecraft/libraries/org/apache/httpcomponents/httpclient/4.5.14/httpclient-4.5.14.jar:/home/runner/.minecraft/libraries/org/apache/httpcomponents/httpcore/4.4.16/httpcore-4.4.16.jar:/home/runner/work/ModCompiler/ModCompiler/HeadlessMC/2f4d8a73-63dd-4a1f-9c0c-5da7966294b4/log4j-api-2.24.1.jar:/home/runner/work/ModCompiler/ModCompiler/HeadlessMC/2f4d8a73-63dd-4a1f-9c0c-5da7966294b4/log4j-core-2.24.1.jar:/home/runner/work/ModCompiler/ModCompiler/HeadlessMC/2f4d8a73-63dd-4a1f-9c0c-5da7966294b4/log4j-slf4j2-impl-2.24.1.jar:/home/runner/.minecraft/libraries/org/jcraft/jorbis/0.0.17/jorbis-0.0.17.jar:/home/runner/.minecraft/libraries/org/joml/joml/1.10.8/joml-1.10.8.jar:/home/runner/.minecraft/libraries/org/lwjgl/lwjgl-freetype/3.3.3/lwjgl-freetype-3.3.3.jar:/home/runner/.minecraft/libraries/org/lwjgl/lwjgl-freetype/3.3.3/lwjgl-freetype-3.3.3-natives-linux.jar:/home/runner/.minecraft/libraries/org/lwjgl/lwjgl-glfw/3.3.3/lwjgl-glfw-3.3.3.jar:/home/runner/.minecraft/libraries/org/lwjgl/lwjgl-glfw/3.3.3/lwjgl-glfw-3.3.3-natives-linux.jar:/home/runner/.minecraft/libraries/org/lwjgl/lwjgl-jemalloc/3.3.3/lwjgl-jemalloc-3.3.3.jar:/home/runner/.minecraft/libraries/org/lwjgl/lwjgl-jemalloc/3.3.3/lwjgl-jemalloc-3.3.3-natives-linux.jar:/home/runner/.minecraft/libraries/org/lwjgl/lwjgl-openal/3.3.3/lwjgl-openal-3.3.3.jar:/home/runner/.minecraft/libraries/org/lwjgl/lwjgl-openal/3.3.3/lwjgl-openal-3.3.3-natives-linux.jar:/home/runner/.minecraft/libraries/org/lwjgl/lwjgl-opengl/3.3.3/lwjgl-opengl-3.3.3.jar:/home/runner/.minecraft/libraries/org/lwjgl/lwjgl-opengl/3.3.3/lwjgl-opengl-3.3.3-natives-linux.jar:/home/runner/.minecraft/libraries/org/lwjgl/lwjgl-stb/3.3.3/lwjgl-stb-3.3.3.jar:/home/runner/.minecraft/libraries/org/lwjgl/lwjgl-stb/3.3.3/lwjgl-stb-3.3.3-natives-linux.jar:/home/runner/.minecraft/libraries/org/lwjgl/lwjgl-tinyfd/3.3.3/lwjgl-tinyfd-3.3.3.jar:/home/runner/.minecraft/libraries/org/lwjgl/lwjgl-tinyfd/3.3.3/lwjgl-tinyfd-3.3.3-natives-linux.jar:/home/runner/.minecraft/libraries/org/lwjgl/lwjgl/3.3.3/lwjgl-3.3.3.jar:/home/runner/.minecraft/libraries/org/lwjgl/lwjgl/3.3.3/lwjgl-3.3.3-natives-linux.jar:/home/runner/.minecraft/libraries/org/lz4/lz4-java/1.8.0/lz4-java-1.8.0.jar:/home/runner/.minecraft/libraries/org/slf4j/slf4j-api/2.0.16/slf4j-api-2.0.16.jar:/home/runner/.minecraft/libraries/net/neoforged/fancymodloader/earlydisplay/10.0.32/earlydisplay-10.0.32.jar:/home/runner/.minecraft/libraries/net/neoforged/fancymodloader/loader/10.0.32/loader-10.0.32.jar:/home/runner/.minecraft/libraries/net/neoforged/accesstransformers/11.0.2/accesstransformers-11.0.2.jar:/home/runner/.minecraft/libraries/org/ow2/asm/asm-commons/9.8/asm-commons-9.8.jar:/home/runner/.minecraft/libraries/net/neoforged/mergetool/2.0.0/mergetool-2.0.0-api.jar:/home/runner/.minecraft/libraries/org/ow2/asm/asm-util/9.8/asm-util-9.8.jar:/home/runner/.minecraft/libraries/org/ow2/asm/asm-analysis/9.8/asm-analysis-9.8.jar:/home/runner/.minecraft/libraries/org/ow2/asm/asm-tree/9.8/asm-tree-9.8.jar:/home/runner/.minecraft/libraries/net/neoforged/bus/8.0.5/bus-8.0.5.jar:/home/runner/.minecraft/libraries/org/ow2/asm/asm/9.8/asm-9.8.jar:/home/runner/.minecraft/libraries/com/electronwill/night-config/toml/3.8.3/toml-3.8.3.jar:/home/runner/.minecraft/libraries/com/electronwill/night-config/core/3.8.3/core-3.8.3.jar:/home/runner/.minecraft/libraries/net/neoforged/JarJarSelector/0.5.0/JarJarSelector-0.5.0.jar:/home/runner/.minecraft/libraries/net/neoforged/JarJarMetadata/0.5.0/JarJarMetadata-0.5.0.jar:/home/runner/.minecraft/libraries/org/apache/maven/maven-artifact/3.9.9/maven-artifact-3.9.9.jar:/home/runner/.minecraft/libraries/net/jodah/typetools/0.6.3/typetools-0.6.3.jar:/home/runner/.minecraft/libraries/net/minecrell/terminalconsoleappender/1.3.0/terminalconsoleappender-1.3.0.jar:/home/runner/.minecraft/libraries/net/fabricmc/sponge-mixin/0.16.5+mixin.0.8.7/sponge-mixin-0.16.5+mixin.0.8.7.jar:/home/runner/.minecraft/libraries/net/neoforged/accesstransformers/at-parser/11.0.2/at-parser-11.0.2.jar:/home/runner/.minecraft/libraries/org/jline/jline-reader/3.20.0/jline-reader-3.20.0.jar:/home/runner/.minecraft/libraries/org/jline/jline-terminal/3.20.0/jline-terminal-3.20.0.jar:/home/runner/.minecraft/libraries/net/minecraftforge/srgutils/0.4.15/srgutils-0.4.15.jar:/home/runner/.minecraft/libraries/com/google/guava/listenablefuture/9999.0-empty-to-avoid-conflict-with-guava/listenablefuture-9999.0-empty-to-avoid-conflict-with-guava.jar:/home/runner/.minecraft/libraries/com/google/code/findbugs/jsr305/3.0.2/jsr305-3.0.2.jar:/home/runner/.minecraft/libraries/org/checkerframework/checker-qual/3.43.0/checker-qual-3.43.0.jar:/home/runner/.minecraft/libraries/com/google/errorprone/error_prone_annotations/2.28.0/error_prone_annotations-2.28.0.jar:/home/runner/.minecraft/libraries/com/google/j2objc/j2objc-annotations/3.0.0/j2objc-annotations-3.0.0.jar:/home/runner/.minecraft/libraries/org/codehaus/plexus/plexus-utils/3.5.1/plexus-utils-3.5.1.jar:/home/runner/.minecraft/versions/neoforge-21.10.64/neoforge-21.10.64.jar)
	at com.sun.jna.NativeLibrary.loadLibrary(NativeLibrary.java:325) ~[jna-5.15.0.jar:5.15.0 (b0)]
	at com.sun.jna.NativeLibrary.getInstance(NativeLibrary.java:481) ~[jna-5.15.0.jar:5.15.0 (b0)]
	at com.sun.jna.NativeLibrary.getInstance(NativeLibrary.java:423) ~[jna-5.15.0.jar:5.15.0 (b0)]
	at com.mojang.text2speech.NarratorLinux$FliteLibrary.loadNative(NarratorLinux.java:79) ~[text2speech-1.18.11.jar:?]
	... 6 more
	Suppressed: java.lang.UnsatisfiedLinkError: libflite.so: cannot open shared object file: No such file or directory
		at com.sun.jna.Native.open(Native Method) ~[jna-5.15.0.jar:5.15.0 (b0)]
		at com.sun.jna.NativeLibrary.loadLibrary(NativeLibrary.java:213) ~[jna-5.15.0.jar:5.15.0 (b0)]
		at com.sun.jna.NativeLibrary.getInstance(NativeLibrary.java:481) ~[jna-5.15.0.jar:5.15.0 (b0)]
		at com.sun.jna.NativeLibrary.getInstance(NativeLibrary.java:423) ~[jna-5.15.0.jar:5.15.0 (b0)]
		at com.mojang.text2speech.NarratorLinux$FliteLibrary.loadNative(NarratorLinux.java:79) ~[text2speech-1.18.11.jar:?]
		at com.mojang.text2speech.NarratorLinux.<init>(NarratorLinux.java:18) ~[text2speech-1.18.11.jar:?]
		at com.mojang.text2speech.Narrator.getNarrator(Narrator.java:41) [text2speech-1.18.11.jar:?]
		at TRANSFORMER/minecraft@1.21.10/net.minecraft.client.GameNarrator.<init>(GameNarrator.java:22) [minecraft-client-patched-21.10.64.jar:?]
		at TRANSFORMER/minecraft@1.21.10/net.minecraft.client.Minecraft.<init>(Minecraft.java:676) [minecraft-client-patched-21.10.64.jar:?]
		at TRANSFORMER/minecraft@1.21.10/net.minecraft.client.main.Main.main(Main.java:214) [minecraft-client-patched-21.10.64.jar:?]
		at net.neoforged.fml.startup.Client.main(Client.java:19) [loader-10.0.32.jar:10.0]
	Suppressed: java.lang.UnsatisfiedLinkError: libflite.so: cannot open shared object file: No such file or directory
		at com.sun.jna.Native.open(Native Method) ~[jna-5.15.0.jar:5.15.0 (b0)]
		at com.sun.jna.NativeLibrary.loadLibrary(NativeLibrary.java:226) ~[jna-5.15.0.jar:5.15.0 (b0)]
		at com.sun.jna.NativeLibrary.getInstance(NativeLibrary.java:481) ~[jna-5.15.0.jar:5.15.0 (b0)]
		at com.sun.jna.NativeLibrary.getInstance(NativeLibrary.java:423) ~[jna-5.15.0.jar:5.15.0 (b0)]
		at com.mojang.text2speech.NarratorLinux$FliteLibrary.loadNative(NarratorLinux.java:79) ~[text2speech-1.18.11.jar:?]
		at com.mojang.text2speech.NarratorLinux.<init>(NarratorLinux.java:18) ~[text2speech-1.18.11.jar:?]
		at com.mojang.text2speech.Narrator.getNarrator(Narrator.java:41) [text2speech-1.18.11.jar:?]
		at TRANSFORMER/minecraft@1.21.10/net.minecraft.client.GameNarrator.<init>(GameNarrator.java:22) [minecraft-client-patched-21.10.64.jar:?]
		at TRANSFORMER/minecraft@1.21.10/net.minecraft.client.Minecraft.<init>(Minecraft.java:676) [minecraft-client-patched-21.10.64.jar:?]
		at TRANSFORMER/minecraft@1.21.10/net.minecraft.client.main.Main.main(Main.java:214) [minecraft-client-patched-21.10.64.jar:?]
		at net.neoforged.fml.startup.Client.main(Client.java:19) [loader-10.0.32.jar:10.0]
	Suppressed: java.io.IOException: Native library (linux-x86-64/libflite.so) not found in resource path (/home/runner/.minecraft/libraries/com/fasterxml/jackson/core/jackson-annotations/2.13.4/jackson-annotations-2.13.4.jar:/home/runner/.minecraft/libraries/com/fasterxml/jackson/core/jackson-core/2.13.4/jackson-core-2.13.4.jar:/home/runner/.minecraft/libraries/com/fasterxml/jackson/core/jackson-databind/2.13.4.2/jackson-databind-2.13.4.2.jar:/home/runner/.minecraft/libraries/com/github/oshi/oshi-core/6.6.5/oshi-core-6.6.5.jar:/home/runner/.minecraft/libraries/com/github/stephenc/jcip/jcip-annotations/1.0-1/jcip-annotations-1.0-1.jar:/home/runner/.minecraft/libraries/com/google/code/gson/gson/2.11.0/gson-2.11.0.jar:/home/runner/.minecraft/libraries/com/google/guava/failureaccess/1.0.2/failureaccess-1.0.2.jar:/home/runner/.minecraft/libraries/com/google/guava/guava/33.3.1-jre/guava-33.3.1-jre.jar:/home/runner/.minecraft/libraries/com/ibm/icu/icu4j/76.1/icu4j-76.1.jar:/home/runner/.minecraft/libraries/com/microsoft/azure/msal4j/1.17.2/msal4j-1.17.2.jar:/home/runner/.minecraft/libraries/com/mojang/authlib/7.0.61/authlib-7.0.61.jar:/home/runner/.minecraft/libraries/com/mojang/blocklist/1.0.10/blocklist-1.0.10.jar:/home/runner/.minecraft/libraries/com/mojang/brigadier/1.3.10/brigadier-1.3.10.jar:/home/runner/.minecraft/libraries/com/mojang/datafixerupper/8.0.16/datafixerupper-8.0.16.jar:/home/runner/.minecraft/libraries/com/mojang/jtracy/1.0.36/jtracy-1.0.36.jar:/home/runner/.minecraft/libraries/com/mojang/jtracy/1.0.36/jtracy-1.0.36-natives-linux.jar:/home/runner/.minecraft/libraries/com/mojang/logging/1.5.10/logging-1.5.10.jar:/home/runner/.minecraft/libraries/com/mojang/patchy/2.2.10/patchy-2.2.10.jar:/home/runner/.minecraft/libraries/com/mojang/text2speech/1.18.11/text2speech-1.18.11.jar:/home/runner/.minecraft/libraries/com/nimbusds/content-type/2.3/content-type-2.3.jar:/home/runner/.minecraft/libraries/com/nimbusds/lang-tag/1.7/lang-tag-1.7.jar:/home/runner/.minecraft/libraries/com/nimbusds/nimbus-jose-jwt/9.40/nimbus-jose-jwt-9.40.jar:/home/runner/.minecraft/libraries/com/nimbusds/oauth2-oidc-sdk/11.18/oauth2-oidc-sdk-11.18.jar:/home/runner/.minecraft/libraries/commons-codec/commons-codec/1.17.1/commons-codec-1.17.1.jar:/home/runner/.minecraft/libraries/commons-io/commons-io/2.17.0/commons-io-2.17.0.jar:/home/runner/.minecraft/libraries/commons-logging/commons-logging/1.3.4/commons-logging-1.3.4.jar:/home/runner/.minecraft/libraries/io/netty/netty-buffer/4.1.118.Final/netty-buffer-4.1.118.Final.jar:/home/runner/.minecraft/libraries/io/netty/netty-codec-http/4.1.118.Final/netty-codec-http-4.1.118.Final.jar:/home/runner/.minecraft/libraries/io/netty/netty-codec/4.1.118.Final/netty-codec-4.1.118.Final.jar:/home/runner/.minecraft/libraries/io/netty/netty-common/4.1.118.Final/netty-common-4.1.118.Final.jar:/home/runner/.minecraft/libraries/io/netty/netty-handler/4.1.118.Final/netty-handler-4.1.118.Final.jar:/home/runner/.minecraft/libraries/io/netty/netty-resolver/4.1.118.Final/netty-resolver-4.1.118.Final.jar:/home/runner/.minecraft/libraries/io/netty/netty-transport-classes-epoll/4.1.118.Final/netty-transport-classes-epoll-4.1.118.Final.jar:/home/runner/.minecraft/libraries/io/netty/netty-transport-native-epoll/4.1.118.Final/netty-transport-native-epoll-4.1.118.Final-linux-aarch_64.jar:/home/runner/.minecraft/libraries/io/netty/netty-transport-native-epoll/4.1.118.Final/netty-transport-native-epoll-4.1.118.Final-linux-x86_64.jar:/home/runner/.minecraft/libraries/io/netty/netty-transport-native-unix-common/4.1.118.Final/netty-transport-native-unix-common-4.1.118.Final.jar:/home/runner/.minecraft/libraries/io/netty/netty-transport/4.1.118.Final/netty-transport-4.1.118.Final.jar:/home/runner/.minecraft/libraries/it/unimi/dsi/fastutil/8.5.15/fastutil-8.5.15.jar:/home/runner/.minecraft/libraries/net/java/dev/jna/jna-platform/5.15.0/jna-platform-5.15.0.jar:/home/runner/.minecraft/libraries/net/java/dev/jna/jna/5.15.0/jna-5.15.0.jar:/home/runner/.minecraft/libraries/net/minidev/accessors-smart/2.5.1/accessors-smart-2.5.1.jar:/home/runner/.minecraft/libraries/net/minidev/json-smart/2.5.1/json-smart-2.5.1.jar:/home/runner/.minecraft/libraries/net/sf/jopt-simple/jopt-simple/5.0.4/jopt-simple-5.0.4.jar:/home/runner/.minecraft/libraries/org/apache/commons/commons-compress/1.27.1/commons-compress-1.27.1.jar:/home/runner/.minecraft/libraries/org/apache/commons/commons-lang3/3.17.0/commons-lang3-3.17.0.jar:/home/runner/.minecraft/libraries/org/apache/httpcomponents/httpclient/4.5.14/httpclient-4.5.14.jar:/home/runner/.minecraft/libraries/org/apache/httpcomponents/httpcore/4.4.16/httpcore-4.4.16.jar:/home/runner/work/ModCompiler/ModCompiler/HeadlessMC/2f4d8a73-63dd-4a1f-9c0c-5da7966294b4/log4j-api-2.24.1.jar:/home/runner/work/ModCompiler/ModCompiler/HeadlessMC/2f4d8a73-63dd-4a1f-9c0c-5da7966294b4/log4j-core-2.24.1.jar:/home/runner/work/ModCompiler/ModCompiler/HeadlessMC/2f4d8a73-63dd-4a1f-9c0c-5da7966294b4/log4j-slf4j2-impl-2.24.1.jar:/home/runner/.minecraft/libraries/org/jcraft/jorbis/0.0.17/jorbis-0.0.17.jar:/home/runner/.minecraft/libraries/org/joml/joml/1.10.8/joml-1.10.8.jar:/home/runner/.minecraft/libraries/org/lwjgl/lwjgl-freetype/3.3.3/lwjgl-freetype-3.3.3.jar:/home/runner/.minecraft/libraries/org/lwjgl/lwjgl-freetype/3.3.3/lwjgl-freetype-3.3.3-natives-linux.jar:/home/runner/.minecraft/libraries/org/lwjgl/lwjgl-glfw/3.3.3/lwjgl-glfw-3.3.3.jar:/home/runner/.minecraft/libraries/org/lwjgl/lwjgl-glfw/3.3.3/lwjgl-glfw-3.3.3-natives-linux.jar:/home/runner/.minecraft/libraries/org/lwjgl/lwjgl-jemalloc/3.3.3/lwjgl-jemalloc-3.3.3.jar:/home/runner/.minecraft/libraries/org/lwjgl/lwjgl-jemalloc/3.3.3/lwjgl-jemalloc-3.3.3-natives-linux.jar:/home/runner/.minecraft/libraries/org/lwjgl/lwjgl-openal/3.3.3/lwjgl-openal-3.3.3.jar:/home/runner/.minecraft/libraries/org/lwjgl/lwjgl-openal/3.3.3/lwjgl-openal-3.3.3-natives-linux.jar:/home/runner/.minecraft/libraries/org/lwjgl/lwjgl-opengl/3.3.3/lwjgl-opengl-3.3.3.jar:/home/runner/.minecraft/libraries/org/lwjgl/lwjgl-opengl/3.3.3/lwjgl-opengl-3.3.3-natives-linux.jar:/home/runner/.minecraft/libraries/org/lwjgl/lwjgl-stb/3.3.3/lwjgl-stb-3.3.3.jar:/home/runner/.minecraft/libraries/org/lwjgl/lwjgl-stb/3.3.3/lwjgl-stb-3.3.3-natives-linux.jar:/home/runner/.minecraft/libraries/org/lwjgl/lwjgl-tinyfd/3.3.3/lwjgl-tinyfd-3.3.3.jar:/home/runner/.minecraft/libraries/org/lwjgl/lwjgl-tinyfd/3.3.3/lwjgl-tinyfd-3.3.3-natives-linux.jar:/home/runner/.minecraft/libraries/org/lwjgl/lwjgl/3.3.3/lwjgl-3.3.3.jar:/home/runner/.minecraft/libraries/org/lwjgl/lwjgl/3.3.3/lwjgl-3.3.3-natives-linux.jar:/home/runner/.minecraft/libraries/org/lz4/lz4-java/1.8.0/lz4-java-1.8.0.jar:/home/runner/.minecraft/libraries/org/slf4j/slf4j-api/2.0.16/slf4j-api-2.0.16.jar:/home/runner/.minecraft/libraries/net/neoforged/fancymodloader/earlydisplay/10.0.32/earlydisplay-10.0.32.jar:/home/runner/.minecraft/libraries/net/neoforged/fancymodloader/loader/10.0.32/loader-10.0.32.jar:/home/runner/.minecraft/libraries/net/neoforged/accesstransformers/11.0.2/accesstransformers-11.0.2.jar:/home/runner/.minecraft/libraries/org/ow2/asm/asm-commons/9.8/asm-commons-9.8.jar:/home/runner/.minecraft/libraries/net/neoforged/mergetool/2.0.0/mergetool-2.0.0-api.jar:/home/runner/.minecraft/libraries/org/ow2/asm/asm-util/9.8/asm-util-9.8.jar:/home/runner/.minecraft/libraries/org/ow2/asm/asm-analysis/9.8/asm-analysis-9.8.jar:/home/runner/.minecraft/libraries/org/ow2/asm/asm-tree/9.8/asm-tree-9.8.jar:/home/runner/.minecraft/libraries/net/neoforged/bus/8.0.5/bus-8.0.5.jar:/home/runner/.minecraft/libraries/org/ow2/asm/asm/9.8/asm-9.8.jar:/home/runner/.minecraft/libraries/com/electronwill/night-config/toml/3.8.3/toml-3.8.3.jar:/home/runner/.minecraft/libraries/com/electronwill/night-config/core/3.8.3/core-3.8.3.jar:/home/runner/.minecraft/libraries/net/neoforged/JarJarSelector/0.5.0/JarJarSelector-0.5.0.jar:/home/runner/.minecraft/libraries/net/neoforged/JarJarMetadata/0.5.0/JarJarMetadata-0.5.0.jar:/home/runner/.minecraft/libraries/org/apache/maven/maven-artifact/3.9.9/maven-artifact-3.9.9.jar:/home/runner/.minecraft/libraries/net/jodah/typetools/0.6.3/typetools-0.6.3.jar:/home/runner/.minecraft/libraries/net/minecrell/terminalconsoleappender/1.3.0/terminalconsoleappender-1.3.0.jar:/home/runner/.minecraft/libraries/net/fabricmc/sponge-mixin/0.16.5+mixin.0.8.7/sponge-mixin-0.16.5+mixin.0.8.7.jar:/home/runner/.minecraft/libraries/net/neoforged/accesstransformers/at-parser/11.0.2/at-parser-11.0.2.jar:/home/runner/.minecraft/libraries/org/jline/jline-reader/3.20.0/jline-reader-3.20.0.jar:/home/runner/.minecraft/libraries/org/jline/jline-terminal/3.20.0/jline-terminal-3.20.0.jar:/home/runner/.minecraft/libraries/net/minecraftforge/srgutils/0.4.15/srgutils-0.4.15.jar:/home/runner/.minecraft/libraries/com/google/guava/listenablefuture/9999.0-empty-to-avoid-conflict-with-guava/listenablefuture-9999.0-empty-to-avoid-conflict-with-guava.jar:/home/runner/.minecraft/libraries/com/google/code/findbugs/jsr305/3.0.2/jsr305-3.0.2.jar:/home/runner/.minecraft/libraries/org/checkerframework/checker-qual/3.43.0/checker-qual-3.43.0.jar:/home/runner/.minecraft/libraries/com/google/errorprone/error_prone_annotations/2.28.0/error_prone_annotations-2.28.0.jar:/home/runner/.minecraft/libraries/com/google/j2objc/j2objc-annotations/3.0.0/j2objc-annotations-3.0.0.jar:/home/runner/.minecraft/libraries/org/codehaus/plexus/plexus-utils/3.5.1/plexus-utils-3.5.1.jar:/home/runner/.minecraft/versions/neoforge-21.10.64/neoforge-21.10.64.jar)
		at com.sun.jna.Native.extractFromResourcePath(Native.java:1141) ~[jna-5.15.0.jar:5.15.0 (b0)]
		at com.sun.jna.NativeLibrary.loadLibrary(NativeLibrary.java:297) ~[jna-5.15.0.jar:5.15.0 (b0)]
		at com.sun.jna.NativeLibrary.getInstance(NativeLibrary.java:481) ~[jna-5.15.0.jar:5.15.0 (b0)]
		at com.sun.jna.NativeLibrary.getInstance(NativeLibrary.java:423) ~[jna-5.15.0.jar:5.15.0 (b0)]
		at com.mojang.text2speech.NarratorLinux$FliteLibrary.loadNative(NarratorLinux.java:79) ~[text2speech-1.18.11.jar:?]
		at com.mojang.text2speech.NarratorLinux.<init>(NarratorLinux.java:18) ~[text2speech-1.18.11.jar:?]
		at com.mojang.text2speech.Narrator.getNarrator(Narrator.java:41) [text2speech-1.18.11.jar:?]
		at TRANSFORMER/minecraft@1.21.10/net.minecraft.client.GameNarrator.<init>(GameNarrator.java:22) [minecraft-client-patched-21.10.64.jar:?]
		at TRANSFORMER/minecraft@1.21.10/net.minecraft.client.Minecraft.<init>(Minecraft.java:676) [minecraft-client-patched-21.10.64.jar:?]
		at TRANSFORMER/minecraft@1.21.10/net.minecraft.client.main.Main.main(Main.java:214) [minecraft-client-patched-21.10.64.jar:?]
		at net.neoforged.fml.startup.Client.main(Client.java:19) [loader-10.0.32.jar:10.0]
[21Jun2026 02:46:28.511] [Render thread/INFO] [net.minecraft.server.packs.resources.ReloadableResourceManager/]: Reloading ResourceManager: vanilla, mod_resources, mod/pingfix, mod/mc_runtime_test, mod/neoforge
[21Jun2026 02:46:28.662] [Render thread/INFO] [net.minecraft.client.Minecraft/]: Waiting for overlay to disappear...
[21Jun2026 02:46:28.663] [Render thread/INFO] [net.minecraft.client.Minecraft/]: Waiting for player to load...
[21Jun2026 02:46:28.676] [Render thread/INFO] [net.minecraft.client.Minecraft/]: Waiting for overlay to disappear...
[21Jun2026 02:46:28.677] [Render thread/INFO] [net.minecraft.client.Minecraft/]: Waiting for player to load...
[21Jun2026 02:46:28.677] [Render thread/INFO] [net.minecraft.client.Minecraft/]: Waiting for overlay to disappear...
[21Jun2026 02:46:28.677] [Render thread/INFO] [net.minecraft.client.Minecraft/]: Waiting for player to load...
[21Jun2026 02:46:28.677] [Render thread/INFO] [net.minecraft.client.Minecraft/]: Waiting for overlay to disappear...
[21Jun2026 02:46:28.677] [Render thread/INFO] [net.minecraft.client.Minecraft/]: Waiting for player to load...
[21Jun2026 02:46:28.677] [Render thread/INFO] [net.minecraft.client.Minecraft/]: Waiting for overlay to disappear...
[21Jun2026 02:46:28.677] [Render thread/INFO] [net.minecraft.client.Minecraft/]: Waiting for player to load...
[21Jun2026 02:46:28.678] [Render thread/INFO] [net.minecraft.client.Minecraft/]: Waiting for overlay to disappear...
[21Jun2026 02:46:28.678] [Render thread/INFO] [net.minecraft.client.Minecraft/]: Waiting for player to load...
[21Jun2026 02:46:28.681] [Render thread/INFO] [net.minecraft.client.Minecraft/]: Waiting for overlay to disappear...
[21Jun2026 02:46:28.681] [Render thread/INFO] [net.minecraft.client.Minecraft/]: Waiting for player to load...
[21Jun2026 02:46:28.681] [Render thread/INFO] [net.minecraft.client.Minecraft/]: Waiting for overlay to disappear...
[21Jun2026 02:46:28.681] [Render thread/INFO] [net.minecraft.client.Minecraft/]: Waiting for player to load...
[21Jun2026 02:46:28.681] [Render thread/INFO] [net.minecraft.client.Minecraft/]: Waiting for overlay to disappear...
[21Jun2026 02:46:28.681] [Render thread/INFO] [net.minecraft.client.Minecraft/]: Waiting for player to load...
[21Jun2026 02:46:28.682] [Render thread/INFO] [net.minecraft.client.Minecraft/]: Waiting for overlay to disappear...
[21Jun2026 02:46:28.682] [Render thread/INFO] [net.minecraft.client.Minecraft/]: Waiting for player to load...
[21Jun2026 02:46:28.984] [Worker-Main-1/WARN] [net.minecraft.client.gui.font.FontManager/]: Unable to load font 'minecraft:include/unifont_pua' in fonts.json in resourcepack: 'vanilla'
com.google.gson.JsonParseException: No key providers in MapLike[{}]
	at com.mojang.serialization.DataResult$Error.getOrThrow(DataResult.java:287) ~[datafixerupper-8.0.16.jar:?]
	at TRANSFORMER/minecraft@1.21.10/net.minecraft.client.gui.font.FontManager.loadResourceStack(FontManager.java:252) ~[minecraft-client-patched-21.10.64.jar:?]
	at TRANSFORMER/minecraft@1.21.10/net.minecraft.client.gui.font.FontManager.lambda$prepare$3(FontManager.java:108) ~[minecraft-client-patched-21.10.64.jar:?]
	at java.base/java.util.concurrent.CompletableFuture$AsyncSupply.run(CompletableFuture.java:1768) ~[?:?]
	at TRANSFORMER/minecraft@1.21.10/net.minecraft.server.packs.resources.SimpleReloadInstance.lambda$prepareTasks$0(SimpleReloadInstance.java:65) ~[minecraft-client-patched-21.10.64.jar:?]
	at java.base/java.util.concurrent.ForkJoinTask$RunnableExecuteAction.exec(ForkJoinTask.java:1423) [?:?]
	at java.base/java.util.concurrent.ForkJoinTask.doExec(ForkJoinTask.java:387) [?:?]
	at java.base/java.util.concurrent.ForkJoinPool$WorkQueue.topLevelExec(ForkJoinPool.java:1312) [?:?]
	at java.base/java.util.concurrent.ForkJoinPool.scan(ForkJoinPool.java:1843) [?:?]
	at java.base/java.util.concurrent.ForkJoinPool.runWorker(ForkJoinPool.java:1808) [?:?]
	at java.base/java.util.concurrent.ForkJoinWorkerThread.run(ForkJoinWorkerThread.java:188) [?:?]
[21Jun2026 02:46:28.985] [Worker-Main-3/WARN] [net.minecraft.client.gui.font.FontManager/]: Unable to load font 'minecraft:include/unifont' in fonts.json in resourcepack: 'vanilla'
com.google.gson.JsonParseException: No key providers in MapLike[{}]
	at com.mojang.serialization.DataResult$Error.getOrThrow(DataResult.java:287) ~[datafixerupper-8.0.16.jar:?]
	at TRANSFORMER/minecraft@1.21.10/net.minecraft.client.gui.font.FontManager.loadResourceStack(FontManager.java:252) ~[minecraft-client-patched-21.10.64.jar:?]
	at TRANSFORMER/minecraft@1.21.10/net.minecraft.client.gui.font.FontManager.lambda$prepare$3(FontManager.java:108) ~[minecraft-client-patched-21.10.64.jar:?]
	at java.base/java.util.concurrent.CompletableFuture$AsyncSupply.run(CompletableFuture.java:1768) ~[?:?]
	at TRANSFORMER/minecraft@1.21.10/net.minecraft.server.packs.resources.SimpleReloadInstance.lambda$prepareTasks$0(SimpleReloadInstance.java:65) ~[minecraft-client-patched-21.10.64.jar:?]
	at java.base/java.util.concurrent.ForkJoinTask$RunnableExecuteAction.exec(ForkJoinTask.java:1423) [?:?]
	at java.base/java.util.concurrent.ForkJoinTask.doExec(ForkJoinTask.java:387) [?:?]
	at java.base/java.util.concurrent.ForkJoinPool$WorkQueue.topLevelExec(ForkJoinPool.java:1312) [?:?]
	at java.base/java.util.concurrent.ForkJoinPool.scan(ForkJoinPool.java:1843) [?:?]
	at java.base/java.util.concurrent.ForkJoinPool.runWorker(ForkJoinPool.java:1808) [?:?]
	at java.base/java.util.concurrent.ForkJoinWorkerThread.run(ForkJoinWorkerThread.java:188) [?:?]
[21Jun2026 02:46:29.042] [Render thread/INFO] [net.minecraft.client.Minecraft/]: Waiting for overlay to disappear...
[21Jun2026 02:46:29.042] [Render thread/INFO] [net.minecraft.client.Minecraft/]: Waiting for player to load...
[21Jun2026 02:46:29.042] [Render thread/INFO] [net.minecraft.client.Minecraft/]: Waiting for overlay to disappear...
[21Jun2026 02:46:29.042] [Render thread/INFO] [net.minecraft.client.Minecraft/]: Waiting for player to load...
[21Jun2026 02:46:29.043] [Render thread/INFO] [net.minecraft.client.Minecraft/]: Waiting for overlay to disappear...
[21Jun2026 02:46:29.043] [Render thread/INFO] [net.minecraft.client.Minecraft/]: Waiting for player to load...
[21Jun2026 02:46:29.043] [Render thread/INFO] [net.minecraft.client.Minecraft/]: Waiting for overlay to disappear...
[21Jun2026 02:46:29.043] [Render thread/INFO] [net.minecraft.client.Minecraft/]: Waiting for player to load...
[21Jun2026 02:46:29.043] [Render thread/INFO] [net.minecraft.client.Minecraft/]: Waiting for overlay to disappear...
[21Jun2026 02:46:29.043] [Render thread/INFO] [net.minecraft.client.Minecraft/]: Waiting for player to load...
[21Jun2026 02:46:29.043] [Render thread/INFO] [net.minecraft.client.Minecraft/]: Waiting for overlay to disappear...
[21Jun2026 02:46:29.044] [Render thread/INFO] [net.minecraft.client.Minecraft/]: Waiting for player to load...
[21Jun2026 02:46:29.044] [Render thread/INFO] [net.minecraft.client.Minecraft/]: Waiting for overlay to disappear...
[21Jun2026 02:46:29.044] [Render thread/INFO] [net.minecraft.client.Minecraft/]: Waiting for player to load...
[21Jun2026 02:46:29.044] [Render thread/INFO] [net.minecraft.client.Minecraft/]: Waiting for overlay to disappear...
[21Jun2026 02:46:29.044] [Render thread/INFO] [net.minecraft.client.Minecraft/]: Waiting for player to load...
[21Jun2026 02:46:29.100] [Render thread/INFO] [net.minecraft.client.Minecraft/]: Waiting for overlay to disappear...
[21Jun2026 02:46:29.100] [Render thread/INFO] [net.minecraft.client.Minecraft/]: Waiting for player to load...
[21Jun2026 02:46:29.119] [Render thread/INFO] [net.minecraft.client.Minecraft/]: Waiting for overlay to disappear...
[21Jun2026 02:46:29.119] [Render thread/INFO] [net.minecraft.client.Minecraft/]: Waiting for player to load...
[21Jun2026 02:46:29.173] [Render thread/INFO] [net.minecraft.client.Minecraft/]: Waiting for overlay to disappear...
[21Jun2026 02:46:29.173] [Render thread/INFO] [net.minecraft.client.Minecraft/]: Waiting for player to load...
[21Jun2026 02:46:29.211] [Render thread/INFO] [net.minecraft.client.Minecraft/]: Waiting for overlay to disappear...
[21Jun2026 02:46:29.211] [Render thread/INFO] [net.minecraft.client.Minecraft/]: Waiting for player to load...
[21Jun2026 02:46:29.263] [Render thread/INFO] [net.minecraft.client.Minecraft/]: Waiting for overlay to disappear...
[21Jun2026 02:46:29.264] [Render thread/INFO] [net.minecraft.client.Minecraft/]: Waiting for player to load...
[21Jun2026 02:46:29.315] [Render thread/INFO] [net.minecraft.client.Minecraft/]: Waiting for overlay to disappear...
[21Jun2026 02:46:29.315] [Render thread/INFO] [net.minecraft.client.Minecraft/]: Waiting for player to load...
[21Jun2026 02:46:29.367] [Render thread/INFO] [net.minecraft.client.Minecraft/]: Waiting for overlay to disappear...
[21Jun2026 02:46:29.367] [Render thread/INFO] [net.minecraft.client.Minecraft/]: Waiting for player to load...
[21Jun2026 02:46:29.421] [Render thread/INFO] [net.minecraft.client.Minecraft/]: Waiting for overlay to disappear...
[21Jun2026 02:46:29.421] [Render thread/INFO] [net.minecraft.client.Minecraft/]: Waiting for player to load...
[21Jun2026 02:46:29.468] [Render thread/INFO] [net.minecraft.client.Minecraft/]: Waiting for overlay to disappear...
[21Jun2026 02:46:29.468] [Render thread/INFO] [net.minecraft.client.Minecraft/]: Waiting for player to load...
[21Jun2026 02:46:29.530] [Render thread/INFO] [net.minecraft.client.Minecraft/]: Waiting for overlay to disappear...
[21Jun2026 02:46:29.530] [Render thread/INFO] [net.minecraft.client.Minecraft/]: Waiting for player to load...
[21Jun2026 02:46:29.571] [Render thread/INFO] [net.minecraft.client.Minecraft/]: Waiting for overlay to disappear...
[21Jun2026 02:46:29.571] [Render thread/INFO] [net.minecraft.client.Minecraft/]: Waiting for player to load...
[21Jun2026 02:46:29.625] [Render thread/INFO] [net.minecraft.client.Minecraft/]: Waiting for overlay to disappear...
[21Jun2026 02:46:29.625] [Render thread/INFO] [net.minecraft.client.Minecraft/]: Waiting for player to load...
[21Jun2026 02:46:29.677] [Render thread/INFO] [net.minecraft.client.Minecraft/]: Waiting for overlay to disappear...
[21Jun2026 02:46:29.677] [Render thread/INFO] [net.minecraft.client.Minecraft/]: Waiting for player to load...
[21Jun2026 02:46:29.713] [Render thread/INFO] [net.minecraft.client.Minecraft/]: Waiting for overlay to disappear...
[21Jun2026 02:46:29.713] [Render thread/INFO] [net.minecraft.client.Minecraft/]: Waiting for player to load...
[21Jun2026 02:46:29.777] [Render thread/INFO] [net.minecraft.client.Minecraft/]: Waiting for overlay to disappear...
[21Jun2026 02:46:29.777] [Render thread/INFO] [net.minecraft.client.Minecraft/]: Waiting for player to load...
[21Jun2026 02:46:29.822] [Render thread/INFO] [net.minecraft.client.Minecraft/]: Waiting for overlay to disappear...
[21Jun2026 02:46:29.822] [Render thread/INFO] [net.minecraft.client.Minecraft/]: Waiting for player to load...
[21Jun2026 02:46:29.862] [Render thread/INFO] [net.minecraft.client.Minecraft/]: Waiting for overlay to disappear...
[21Jun2026 02:46:29.862] [Render thread/INFO] [net.minecraft.client.Minecraft/]: Waiting for player to load...
[21Jun2026 02:46:29.917] [Render thread/INFO] [net.minecraft.client.Minecraft/]: Waiting for overlay to disappear...
[21Jun2026 02:46:29.917] [Render thread/INFO] [net.minecraft.client.Minecraft/]: Waiting for player to load...
[21Jun2026 02:46:29.972] [Render thread/INFO] [net.minecraft.client.Minecraft/]: Waiting for overlay to disappear...
[21Jun2026 02:46:29.972] [Render thread/INFO] [net.minecraft.client.Minecraft/]: Waiting for player to load...
[21Jun2026 02:46:30.010] [Render thread/INFO] [net.minecraft.client.Minecraft/]: Waiting for overlay to disappear...
[21Jun2026 02:46:30.010] [Render thread/INFO] [net.minecraft.client.Minecraft/]: Waiting for player to load...
[21Jun2026 02:46:30.061] [Render thread/INFO] [net.minecraft.client.Minecraft/]: Waiting for overlay to disappear...
[21Jun2026 02:46:30.061] [Render thread/INFO] [net.minecraft.client.Minecraft/]: Waiting for player to load...
[21Jun2026 02:46:30.116] [Render thread/INFO] [net.minecraft.client.Minecraft/]: Waiting for overlay to disappear...
[21Jun2026 02:46:30.117] [Render thread/INFO] [net.minecraft.client.Minecraft/]: Waiting for player to load...
[21Jun2026 02:46:30.166] [Render thread/INFO] [net.minecraft.client.Minecraft/]: Waiting for overlay to disappear...
[21Jun2026 02:46:30.166] [Render thread/INFO] [net.minecraft.client.Minecraft/]: Waiting for player to load...
[21Jun2026 02:46:30.210] [Render thread/INFO] [net.minecraft.client.Minecraft/]: Waiting for overlay to disappear...
[21Jun2026 02:46:30.210] [Render thread/INFO] [net.minecraft.client.Minecraft/]: Waiting for player to load...
[21Jun2026 02:46:30.260] [Render thread/INFO] [net.minecraft.client.Minecraft/]: Waiting for overlay to disappear...
[21Jun2026 02:46:30.260] [Render thread/INFO] [net.minecraft.client.Minecraft/]: Waiting for player to load...
[21Jun2026 02:46:30.314] [Render thread/INFO] [net.minecraft.client.Minecraft/]: Waiting for overlay to disappear...
[21Jun2026 02:46:30.314] [Render thread/INFO] [net.minecraft.client.Minecraft/]: Waiting for player to load...
[21Jun2026 02:46:30.369] [Render thread/INFO] [net.minecraft.client.Minecraft/]: Waiting for overlay to disappear...
[21Jun2026 02:46:30.369] [Render thread/INFO] [net.minecraft.client.Minecraft/]: Waiting for player to load...
[21Jun2026 02:46:30.421] [Render thread/INFO] [net.minecraft.client.Minecraft/]: Waiting for overlay to disappear...
[21Jun2026 02:46:30.421] [Render thread/INFO] [net.minecraft.client.Minecraft/]: Waiting for player to load...
[21Jun2026 02:46:30.461] [Render thread/INFO] [net.minecraft.client.Minecraft/]: Waiting for overlay to disappear...
[21Jun2026 02:46:30.461] [Render thread/INFO] [net.minecraft.client.Minecraft/]: Waiting for player to load...
[21Jun2026 02:46:30.516] [Render thread/INFO] [net.minecraft.client.Minecraft/]: Waiting for overlay to disappear...
