Downloading https://services.gradle.org/distributions/gradle-7.4-bin.zip
...........10%...........20%...........30%...........40%...........50%...........60%...........70%...........80%...........90%...........100%

Welcome to Gradle 7.4!

Here are the highlights of this release:
 - Aggregated test and JaCoCo reports
 - Marking additional test source directories as tests in IntelliJ
 - Support for Adoptium JDKs in Java toolchains

For more details see https://docs.gradle.org/7.4/release-notes.html

To honour the JVM settings for this build a single-use Daemon process will be forked. See https://docs.gradle.org/7.4/userguide/gradle_daemon.html#sec:disabling_the_daemon.
Daemon will be stopped at the end of the build 

> Configure project :
Fabric Loom: 0.12.42
Processing file: minecraft-project-@-merged-named.jar
Processing file: minecraft-project-@-merged-named.jar
:remapping 46 mods (TinyRemapper, intermediary -> named)

> Task :unpickJar
> Task :validateAccessWidener NO-SOURCE
> Task :genSourcesWithCfr
> Task :genSources

BUILD SUCCESSFUL in 2m 6s
2 actionable tasks: 2 executed
