[21Jun2026 02:47:51.416] [main/INFO] [cpw.mods.modlauncher.Launcher/MODLAUNCHER]: ModLauncher running: args [--username, Offline, --version, neoforge-21.3.96, --gameDir, /home/runner/work/ModCompiler/ModCompiler/run, --assetsDir, /home/runner/.minecraft/assets, --assetIndex, 18, --uuid, 22689332a7fd41919600b0fe1135ee34, --accessToken, ❄❄❄❄❄❄❄❄, --clientId, , --xuid, , --userType, msa, --versionType, release, --fml.neoForgeVersion, 21.3.96, --fml.fmlVersion, 5.0.8, --fml.mcVersion, 1.21.3, --fml.neoFormVersion, 20241023.131943, --launchTarget, forgeclient]
[21Jun2026 02:47:51.420] [main/INFO] [cpw.mods.modlauncher.Launcher/MODLAUNCHER]: JVM identified as Eclipse Adoptium OpenJDK 64-Bit Server VM 21.0.11+10-LTS
[21Jun2026 02:47:51.422] [main/INFO] [cpw.mods.modlauncher.Launcher/MODLAUNCHER]: ModLauncher 11.0.4+main.d2e20e43 starting: java version 21.0.11 by Eclipse Adoptium; OS Linux arch amd64 version 6.17.0-1018-azure
[21Jun2026 02:47:51.541] [main/INFO] [net.neoforged.fml.loading.ImmediateWindowHandler/]: Loading ImmediateWindowProvider fmlearlywindow
[21Jun2026 02:47:51.790] [main/INFO] [EARLYDISPLAY/]: Trying GL version 4.6
[21Jun2026 02:47:54.527] [main/INFO] [EARLYDISPLAY/]: Trying GL version 4.5
[21Jun2026 02:47:55.777] [main/INFO] [EARLYDISPLAY/]: Requested GL version 4.5 got version 4.5
[21Jun2026 02:47:55.875] [main/INFO] [mixin/]: SpongePowered MIXIN Subsystem Version=0.8.7 Source=union:/home/runner/.minecraft/libraries/net/fabricmc/sponge-mixin/0.15.2+mixin.0.8.7/sponge-mixin-0.15.2+mixin.0.8.7.jar%23177!/ Service=ModLauncher Env=CLIENT
[21Jun2026 02:47:55.987] [pool-2-thread-1/INFO] [EARLYDISPLAY/]: GL info: llvmpipe (LLVM 20.1.2, 256 bits) GL version 4.5 (Core Profile) Mesa 25.2.8-0ubuntu0.24.04.2, Mesa
[21Jun2026 02:47:56.364] [main/INFO] [net.neoforged.fml.loading.moddiscovery.ModDiscoverer/SCAN]: Found mod file "client-1.21.3-20241023.131943-srg.jar" [locator: production client provider +net.neoforged:neoforge:21.3.96:client]
[21Jun2026 02:47:56.387] [main/INFO] [net.neoforged.fml.loading.moddiscovery.ModDiscoverer/SCAN]: Found mod file "neoforge-21.3.96-universal.jar" [locator: PathBasedLocator[name=neoforge, paths=[/home/runner/.minecraft/libraries/net/neoforged/neoforge/21.3.96/neoforge-21.3.96-universal.jar]], reader: mod manifest]
[21Jun2026 02:47:56.396] [main/INFO] [net.neoforged.fml.loading.moddiscovery.ModDiscoverer/SCAN]: Found mod file "mc-runtime-test-1.21.3-4.4.0-neoforge-release.jar" [locator: {mods folder locator at /home/runner/work/ModCompiler/ModCompiler/run/mods}, reader: mod manifest]
[21Jun2026 02:47:56.399] [main/INFO] [net.neoforged.fml.loading.moddiscovery.ModDiscoverer/SCAN]: Found mod file "pingfix-1.0.0.jar" [locator: {mods folder locator at /home/runner/work/ModCompiler/ModCompiler/run/mods}, reader: mod manifest]
[21Jun2026 02:47:56.514] [main/INFO] [net.neoforged.fml.loading.moddiscovery.locators.JarInJarDependencyLocator/]: Found 2 dependencies adding them to mods collection
[21Jun2026 02:47:56.514] [main/INFO] [net.neoforged.fml.loading.moddiscovery.ModDiscoverer/SCAN]: Found gamelibrary file "mixinextras-neoforge-0.5.3.jar" [parent: neoforge-21.3.96-universal.jar, locator: jarinjar, reader: mod manifest]
[21Jun2026 02:47:56.514] [main/INFO] [net.neoforged.fml.loading.moddiscovery.ModDiscoverer/SCAN]: Found library file "net.neoforged.neoforge-coremods-21.3.96.jar" [parent: neoforge-21.3.96-universal.jar, locator: jarinjar, reader: mod manifest]
[21Jun2026 02:47:56.516] [main/INFO] [net.neoforged.fml.loading.moddiscovery.ModDiscoverer/]: 
     Mod List:
		Name Version (Mod Id)

		FIX MY PINGGGGG 1.0.0 (pingfix)
		MC-Runtime-Test 1.21.3-4.4.0 (mc_runtime_test)
		Minecraft 1.21.3 (minecraft)
		NeoForge 21.3.96 (neoforge)
[21Jun2026 02:47:57.007] [main/INFO] [cpw.mods.modlauncher.LaunchServiceHandler/MODLAUNCHER]: Launching target 'forgeclient' with arguments [--version, neoforge-21.3.96, --gameDir, /home/runner/work/ModCompiler/ModCompiler/run, --assetsDir, /home/runner/.minecraft/assets, --uuid, 22689332a7fd41919600b0fe1135ee34, --username, Offline, --assetIndex, 18, --accessToken, ❄❄❄❄❄❄❄❄, --clientId, , --xuid, , --userType, msa, --versionType, release]
[21Jun2026 02:47:57.432] [main/INFO] [MixinExtras|Service/]: Initializing MixinExtras via com.llamalad7.mixinextras.service.MixinExtrasServiceImpl(version=0.5.3).
[21Jun2026 02:47:59.361] [Datafixer Bootstrap/INFO] [com.mojang.datafixers.DataFixerBuilder/]: 240 Datafixer optimizations took 405 milliseconds
[21Jun2026 02:48:04.198] [Render thread/WARN] [net.minecraft.server.packs.VanillaPackResourcesBuilder/]: Assets URL 'union:/home/runner/.minecraft/libraries/net/minecraft/client/1.21.3-20241023.131943/client-1.21.3-20241023.131943-srg.jar%23203!/assets/.mcassetsroot' uses unexpected schema
[21Jun2026 02:48:04.199] [Render thread/WARN] [net.minecraft.server.packs.VanillaPackResourcesBuilder/]: Assets URL 'union:/home/runner/.minecraft/libraries/net/minecraft/client/1.21.3-20241023.131943/client-1.21.3-20241023.131943-srg.jar%23203!/data/.mcassetsroot' uses unexpected schema
[21Jun2026 02:48:04.222] [Render thread/INFO] [com.mojang.authlib.yggdrasil.YggdrasilAuthenticationService/]: Environment: Environment[sessionHost=https://sessionserver.mojang.com, servicesHost=https://api.minecraftservices.com, name=PROD]
[21Jun2026 02:48:04.235] [Render thread/INFO] [net.minecraft.client.Minecraft/]: Setting user: Offline
[21Jun2026 02:48:04.387] [Render thread/INFO] [net.minecraft.client.Minecraft/]: Backend library: LWJGL version 3.3.3+5
[21Jun2026 02:48:04.770] [Download-2/ERROR] [net.minecraft.client.Minecraft/]: Failed to fetch user properties
com.mojang.authlib.exceptions.InvalidCredentialsException: Status: 401
	at MC-BOOTSTRAP/authlib@6.0.55/com.mojang.authlib.exceptions.MinecraftClientHttpException.toAuthenticationException(MinecraftClientHttpException.java:59) ~[authlib-6.0.55.jar%23112!/:?]
	at MC-BOOTSTRAP/authlib@6.0.55/com.mojang.authlib.yggdrasil.YggdrasilUserApiService.fetchProperties(YggdrasilUserApiService.java:150) ~[authlib-6.0.55.jar%23112!/:?]
	at TRANSFORMER/minecraft@1.21.3/net.minecraft.client.Minecraft.lambda$new$2(Minecraft.java:433) ~[client-1.21.3-20241023.131943-srg.jar%23203!/:?]
	at java.base/java.util.concurrent.CompletableFuture$AsyncSupply.run(CompletableFuture.java:1768) ~[?:?]
	at java.base/java.util.concurrent.ThreadPoolExecutor.runWorker(ThreadPoolExecutor.java:1144) ~[?:?]
	at java.base/java.util.concurrent.ThreadPoolExecutor$Worker.run(ThreadPoolExecutor.java:642) ~[?:?]
	at java.base/java.lang.Thread.run(Thread.java:1583) [?:?]
Caused by: com.mojang.authlib.exceptions.MinecraftClientHttpException: Status: 401
	at MC-BOOTSTRAP/authlib@6.0.55/com.mojang.authlib.minecraft.client.MinecraftClient.readInputStream(MinecraftClient.java:100) ~[authlib-6.0.55.jar%23112!/:?]
	at MC-BOOTSTRAP/authlib@6.0.55/com.mojang.authlib.minecraft.client.MinecraftClient.get(MinecraftClient.java:57) ~[authlib-6.0.55.jar%23112!/:?]
	at MC-BOOTSTRAP/authlib@6.0.55/com.mojang.authlib.yggdrasil.YggdrasilUserApiService.fetchProperties(YggdrasilUserApiService.java:121) ~[authlib-6.0.55.jar%23112!/:?]
	... 5 more
[21Jun2026 02:48:04.894] [modloading-worker-0/INFO] [net.neoforged.neoforge.common.NeoForgeMod/NEOFORGE-MOD]: NeoForge mod loading, version 21.3.96, for MC 1.21.3
[21Jun2026 02:48:05.812] [Render thread/ERROR] [com.mojang.text2speech.Narrator/]: Error while loading the narrator
com.mojang.text2speech.Narrator$InitializeException: Failed to load library flite
	at MC-BOOTSTRAP/text2speech@1.17.9/com.mojang.text2speech.NarratorLinux$FliteLibrary.loadNative(NarratorLinux.java:69) ~[text2speech-1.17.9.jar%23118!/:?]
	at MC-BOOTSTRAP/text2speech@1.17.9/com.mojang.text2speech.NarratorLinux.<init>(NarratorLinux.java:18) ~[text2speech-1.17.9.jar%23118!/:?]
	at MC-BOOTSTRAP/text2speech@1.17.9/com.mojang.text2speech.Narrator.getNarrator(Narrator.java:41) ~[text2speech-1.17.9.jar%23118!/:?]
	at TRANSFORMER/minecraft@1.21.3/net.minecraft.client.GameNarrator.<init>(GameNarrator.java:21) ~[client-1.21.3-20241023.131943-srg.jar%23203!/:?]
	at TRANSFORMER/minecraft@1.21.3/net.minecraft.client.Minecraft.<init>(Minecraft.java:635) ~[client-1.21.3-20241023.131943-srg.jar%23203!/:?]
	at TRANSFORMER/minecraft@1.21.3/net.minecraft.client.main.Main.main(Main.java:224) ~[client-1.21.3-20241023.131943-srg.jar%23203!/:?]
	at java.base/jdk.internal.reflect.DirectMethodHandleAccessor.invoke(DirectMethodHandleAccessor.java:103) ~[?:?]
	at java.base/java.lang.reflect.Method.invoke(Method.java:580) ~[?:?]
	at MC-BOOTSTRAP/fml_loader@5.0.8/net.neoforged.fml.loading.targets.CommonLaunchHandler.runTarget(CommonLaunchHandler.java:136) ~[loader-5.0.8.jar%23163!/:5.0]
	at MC-BOOTSTRAP/fml_loader@5.0.8/net.neoforged.fml.loading.targets.CommonLaunchHandler.clientService(CommonLaunchHandler.java:124) ~[loader-5.0.8.jar%23163!/:5.0]
	at MC-BOOTSTRAP/fml_loader@5.0.8/net.neoforged.fml.loading.targets.CommonClientLaunchHandler.runService(CommonClientLaunchHandler.java:32) ~[loader-5.0.8.jar%23163!/:5.0]
	at MC-BOOTSTRAP/fml_loader@5.0.8/net.neoforged.fml.loading.targets.CommonLaunchHandler.lambda$launchService$4(CommonLaunchHandler.java:118) ~[loader-5.0.8.jar%23163!/:5.0]
	at MC-BOOTSTRAP/cpw.mods.modlauncher@11.0.4/cpw.mods.modlauncher.LaunchServiceHandlerDecorator.launch(LaunchServiceHandlerDecorator.java:30) [modlauncher-11.0.4.jar%23168!/:?]
	at MC-BOOTSTRAP/cpw.mods.modlauncher@11.0.4/cpw.mods.modlauncher.LaunchServiceHandler.launch(LaunchServiceHandler.java:53) [modlauncher-11.0.4.jar%23168!/:?]
	at MC-BOOTSTRAP/cpw.mods.modlauncher@11.0.4/cpw.mods.modlauncher.LaunchServiceHandler.launch(LaunchServiceHandler.java:71) [modlauncher-11.0.4.jar%23168!/:?]
	at MC-BOOTSTRAP/cpw.mods.modlauncher@11.0.4/cpw.mods.modlauncher.Launcher.run(Launcher.java:103) [modlauncher-11.0.4.jar%23168!/:?]
	at MC-BOOTSTRAP/cpw.mods.modlauncher@11.0.4/cpw.mods.modlauncher.Launcher.main(Launcher.java:74) [modlauncher-11.0.4.jar%23168!/:?]
	at MC-BOOTSTRAP/cpw.mods.modlauncher@11.0.4/cpw.mods.modlauncher.BootstrapLaunchConsumer.accept(BootstrapLaunchConsumer.java:26) [modlauncher-11.0.4.jar%23168!/:?]
	at MC-BOOTSTRAP/cpw.mods.modlauncher@11.0.4/cpw.mods.modlauncher.BootstrapLaunchConsumer.accept(BootstrapLaunchConsumer.java:23) [modlauncher-11.0.4.jar%23168!/:?]
	at cpw.mods.bootstraplauncher@2.0.2/cpw.mods.bootstraplauncher.BootstrapLauncher.run(BootstrapLauncher.java:210) [bootstraplauncher-2.0.2.jar:?]
	at cpw.mods.bootstraplauncher@2.0.2/cpw.mods.bootstraplauncher.BootstrapLauncher.main(BootstrapLauncher.java:69) [bootstraplauncher-2.0.2.jar:?]
Caused by: java.lang.UnsatisfiedLinkError: Unable to load library 'flite':
libflite.so: cannot open shared object file: No such file or directory
libflite.so: cannot open shared object file: No such file or directory
Native library (linux-x86-64/libflite.so) not found in resource path (/home/runner/.minecraft/libraries/com/fasterxml/jackson/core/jackson-annotations/2.13.4/jackson-annotations-2.13.4.jar:/home/runner/.minecraft/libraries/com/fasterxml/jackson/core/jackson-core/2.13.4/jackson-core-2.13.4.jar:/home/runner/.minecraft/libraries/com/fasterxml/jackson/core/jackson-databind/2.13.4.2/jackson-databind-2.13.4.2.jar:/home/runner/.minecraft/libraries/com/github/oshi/oshi-core/6.4.10/oshi-core-6.4.10.jar:/home/runner/.minecraft/libraries/com/github/stephenc/jcip/jcip-annotations/1.0-1/jcip-annotations-1.0-1.jar:/home/runner/.minecraft/libraries/com/ibm/icu/icu4j/73.2/icu4j-73.2.jar:/home/runner/.minecraft/libraries/com/microsoft/azure/msal4j/1.15.0/msal4j-1.15.0.jar:/home/runner/.minecraft/libraries/com/mojang/authlib/6.0.55/authlib-6.0.55.jar:/home/runner/.minecraft/libraries/com/mojang/blocklist/1.0.10/blocklist-1.0.10.jar:/home/runner/.minecraft/libraries/com/mojang/brigadier/1.3.10/brigadier-1.3.10.jar:/home/runner/.minecraft/libraries/com/mojang/datafixerupper/8.0.16/datafixerupper-8.0.16.jar:/home/runner/.minecraft/libraries/com/mojang/jtracy/1.0.29/jtracy-1.0.29.jar:/home/runner/.minecraft/libraries/com/mojang/jtracy/1.0.29/jtracy-1.0.29-natives-linux.jar:/home/runner/.minecraft/libraries/com/mojang/patchy/2.2.10/patchy-2.2.10.jar:/home/runner/.minecraft/libraries/com/mojang/text2speech/1.17.9/text2speech-1.17.9.jar:/home/runner/.minecraft/libraries/com/nimbusds/content-type/2.3/content-type-2.3.jar:/home/runner/.minecraft/libraries/com/nimbusds/lang-tag/1.7/lang-tag-1.7.jar:/home/runner/.minecraft/libraries/com/nimbusds/nimbus-jose-jwt/9.37.3/nimbus-jose-jwt-9.37.3.jar:/home/runner/.minecraft/libraries/com/nimbusds/oauth2-oidc-sdk/11.9.1/oauth2-oidc-sdk-11.9.1.jar:/home/runner/.minecraft/libraries/commons-codec/commons-codec/1.16.0/commons-codec-1.16.0.jar:/home/runner/.minecraft/libraries/commons-logging/commons-logging/1.2/commons-logging-1.2.jar:/home/runner/.minecraft/libraries/io/netty/netty-buffer/4.1.97.Final/netty-buffer-4.1.97.Final.jar:/home/runner/.minecraft/libraries/io/netty/netty-codec/4.1.97.Final/netty-codec-4.1.97.Final.jar:/home/runner/.minecraft/libraries/io/netty/netty-common/4.1.97.Final/netty-common-4.1.97.Final.jar:/home/runner/.minecraft/libraries/io/netty/netty-handler/4.1.97.Final/netty-handler-4.1.97.Final.jar:/home/runner/.minecraft/libraries/io/netty/netty-resolver/4.1.97.Final/netty-resolver-4.1.97.Final.jar:/home/runner/.minecraft/libraries/io/netty/netty-transport-classes-epoll/4.1.97.Final/netty-transport-classes-epoll-4.1.97.Final.jar:/home/runner/.minecraft/libraries/io/netty/netty-transport-native-epoll/4.1.97.Final/netty-transport-native-epoll-4.1.97.Final-linux-aarch_64.jar:/home/runner/.minecraft/libraries/io/netty/netty-transport-native-epoll/4.1.97.Final/netty-transport-native-epoll-4.1.97.Final-linux-x86_64.jar:/home/runner/.minecraft/libraries/io/netty/netty-transport-native-unix-common/4.1.97.Final/netty-transport-native-unix-common-4.1.97.Final.jar:/home/runner/.minecraft/libraries/io/netty/netty-transport/4.1.97.Final/netty-transport-4.1.97.Final.jar:/home/runner/.minecraft/libraries/it/unimi/dsi/fastutil/8.5.12/fastutil-8.5.12.jar:/home/runner/.minecraft/libraries/net/java/dev/jna/jna-platform/5.14.0/jna-platform-5.14.0.jar:/home/runner/.minecraft/libraries/net/java/dev/jna/jna/5.14.0/jna-5.14.0.jar:/home/runner/.minecraft/libraries/net/minidev/accessors-smart/2.5.0/accessors-smart-2.5.0.jar:/home/runner/.minecraft/libraries/net/minidev/json-smart/2.5.0/json-smart-2.5.0.jar:/home/runner/.minecraft/libraries/org/apache/commons/commons-compress/1.26.0/commons-compress-1.26.0.jar:/home/runner/.minecraft/libraries/org/apache/httpcomponents/httpclient/4.5.13/httpclient-4.5.13.jar:/home/runner/.minecraft/libraries/org/apache/httpcomponents/httpcore/4.4.16/httpcore-4.4.16.jar:/home/runner/.minecraft/libraries/org/jcraft/jorbis/0.0.17/jorbis-0.0.17.jar:/home/runner/.minecraft/libraries/org/joml/joml/1.10.5/joml-1.10.5.jar:/home/runner/.minecraft/libraries/org/lwjgl/lwjgl-freetype/3.3.3/lwjgl-freetype-3.3.3.jar:/home/runner/.minecraft/libraries/org/lwjgl/lwjgl-freetype/3.3.3/lwjgl-freetype-3.3.3-natives-linux.jar:/home/runner/.minecraft/libraries/org/lwjgl/lwjgl-glfw/3.3.3/lwjgl-glfw-3.3.3.jar:/home/runner/.minecraft/libraries/org/lwjgl/lwjgl-glfw/3.3.3/lwjgl-glfw-3.3.3-natives-linux.jar:/home/runner/.minecraft/libraries/org/lwjgl/lwjgl-jemalloc/3.3.3/lwjgl-jemalloc-3.3.3.jar:/home/runner/.minecraft/libraries/org/lwjgl/lwjgl-jemalloc/3.3.3/lwjgl-jemalloc-3.3.3-natives-linux.jar:/home/runner/.minecraft/libraries/org/lwjgl/lwjgl-openal/3.3.3/lwjgl-openal-3.3.3.jar:/home/runner/.minecraft/libraries/org/lwjgl/lwjgl-openal/3.3.3/lwjgl-openal-3.3.3-natives-linux.jar:/home/runner/.minecraft/libraries/org/lwjgl/lwjgl-opengl/3.3.3/lwjgl-opengl-3.3.3.jar:/home/runner/.minecraft/libraries/org/lwjgl/lwjgl-opengl/3.3.3/lwjgl-opengl-3.3.3-natives-linux.jar:/home/runner/.minecraft/libraries/org/lwjgl/lwjgl-stb/3.3.3/lwjgl-stb-3.3.3.jar:/home/runner/.minecraft/libraries/org/lwjgl/lwjgl-stb/3.3.3/lwjgl-stb-3.3.3-natives-linux.jar:/home/runner/.minecraft/libraries/org/lwjgl/lwjgl-tinyfd/3.3.3/lwjgl-tinyfd-3.3.3.jar:/home/runner/.minecraft/libraries/org/lwjgl/lwjgl-tinyfd/3.3.3/lwjgl-tinyfd-3.3.3-natives-linux.jar:/home/runner/.minecraft/libraries/org/lwjgl/lwjgl/3.3.3/lwjgl-3.3.3.jar:/home/runner/.minecraft/libraries/org/lwjgl/lwjgl/3.3.3/lwjgl-3.3.3-natives-linux.jar:/home/runner/.minecraft/libraries/org/lz4/lz4-java/1.8.0/lz4-java-1.8.0.jar:/home/runner/.minecraft/libraries/net/neoforged/fancymodloader/earlydisplay/5.0.8/earlydisplay-5.0.8.jar:/home/runner/.minecraft/libraries/net/neoforged/fancymodloader/loader/5.0.8/loader-5.0.8.jar:/home/runner/.minecraft/libraries/net/neoforged/accesstransformers/at-modlauncher/11.0.1/at-modlauncher-11.0.1.jar:/home/runner/.minecraft/libraries/net/neoforged/accesstransformers/11.0.1/accesstransformers-11.0.1.jar:/home/runner/.minecraft/libraries/net/neoforged/bus/8.0.5/bus-8.0.5.jar:/home/runner/.minecraft/libraries/net/neoforged/coremods/7.0.3/coremods-7.0.3.jar:/home/runner/.minecraft/libraries/cpw/mods/modlauncher/11.0.4/modlauncher-11.0.4.jar:/home/runner/.minecraft/libraries/net/neoforged/mergetool/2.0.0/mergetool-2.0.0-api.jar:/home/runner/.minecraft/libraries/com/electronwill/night-config/toml/3.8.0/toml-3.8.0.jar:/home/runner/.minecraft/libraries/com/electronwill/night-config/core/3.8.0/core-3.8.0.jar:/home/runner/.minecraft/libraries/net/neoforged/JarJarSelector/0.4.1/JarJarSelector-0.4.1.jar:/home/runner/.minecraft/libraries/net/neoforged/JarJarMetadata/0.4.1/JarJarMetadata-0.4.1.jar:/home/runner/.minecraft/libraries/org/apache/maven/maven-artifact/3.8.5/maven-artifact-3.8.5.jar:/home/runner/.minecraft/libraries/net/jodah/typetools/0.6.3/typetools-0.6.3.jar:/home/runner/.minecraft/libraries/net/minecrell/terminalconsoleappender/1.3.0/terminalconsoleappender-1.3.0.jar:/home/runner/.minecraft/libraries/net/fabricmc/sponge-mixin/0.15.2+mixin.0.8.7/sponge-mixin-0.15.2+mixin.0.8.7.jar:/home/runner/.minecraft/libraries/org/openjdk/nashorn/nashorn-core/15.4/nashorn-core-15.4.jar:/home/runner/.minecraft/libraries/org/apache/commons/commons-lang3/3.14.0/commons-lang3-3.14.0.jar:/home/runner/.minecraft/libraries/cpw/mods/bootstraplauncher/2.0.2/bootstraplauncher-2.0.2.jar:/home/runner/.minecraft/libraries/cpw/mods/securejarhandler/3.0.8/securejarhandler-3.0.8.jar:/home/runner/.minecraft/libraries/org/ow2/asm/asm-commons/9.8/asm-commons-9.8.jar:/home/runner/.minecraft/libraries/org/ow2/asm/asm-util/9.8/asm-util-9.8.jar:/home/runner/.minecraft/libraries/org/ow2/asm/asm-analysis/9.8/asm-analysis-9.8.jar:/home/runner/.minecraft/libraries/org/ow2/asm/asm-tree/9.8/asm-tree-9.8.jar:/home/runner/.minecraft/libraries/org/ow2/asm/asm/9.8/asm-9.8.jar:/home/runner/.minecraft/libraries/net/neoforged/JarJarFileSystems/0.4.1/JarJarFileSystems-0.4.1.jar:/home/runner/.minecraft/libraries/net/sf/jopt-simple/jopt-simple/5.0.4/jopt-simple-5.0.4.jar:/home/runner/.minecraft/libraries/net/neoforged/accesstransformers/at-parser/11.0.1/at-parser-11.0.1.jar:/home/runner/.minecraft/libraries/org/slf4j/slf4j-api/2.0.9/slf4j-api-2.0.9.jar:/home/runner/.minecraft/libraries/com/mojang/logging/1.4.9/logging-1.4.9.jar:/home/runner/work/ModCompiler/ModCompiler/HeadlessMC/28fc6e5d-0e49-45a2-b732-81bf53d8f801/log4j-slf4j2-impl-2.22.1.jar:/home/runner/work/ModCompiler/ModCompiler/HeadlessMC/28fc6e5d-0e49-45a2-b732-81bf53d8f801/log4j-core-2.22.1.jar:/home/runner/work/ModCompiler/ModCompiler/HeadlessMC/28fc6e5d-0e49-45a2-b732-81bf53d8f801/log4j-api-2.22.1.jar:/home/runner/.minecraft/libraries/org/jline/jline-reader/3.20.0/jline-reader-3.20.0.jar:/home/runner/.minecraft/libraries/org/jline/jline-terminal/3.20.0/jline-terminal-3.20.0.jar:/home/runner/.minecraft/libraries/commons-io/commons-io/2.15.1/commons-io-2.15.1.jar:/home/runner/.minecraft/libraries/net/minecraftforge/srgutils/0.4.15/srgutils-0.4.15.jar:/home/runner/.minecraft/libraries/com/google/guava/guava/32.1.2-jre/guava-32.1.2-jre.jar:/home/runner/.minecraft/libraries/com/google/guava/failureaccess/1.0.1/failureaccess-1.0.1.jar:/home/runner/.minecraft/libraries/com/google/guava/listenablefuture/9999.0-empty-to-avoid-conflict-with-guava/listenablefuture-9999.0-empty-to-avoid-conflict-with-guava.jar:/home/runner/.minecraft/libraries/com/google/code/findbugs/jsr305/3.0.2/jsr305-3.0.2.jar:/home/runner/.minecraft/libraries/org/checkerframework/checker-qual/3.33.0/checker-qual-3.33.0.jar:/home/runner/.minecraft/libraries/com/google/errorprone/error_prone_annotations/2.18.0/error_prone_annotations-2.18.0.jar:/home/runner/.minecraft/libraries/com/google/j2objc/j2objc-annotations/2.8/j2objc-annotations-2.8.jar:/home/runner/.minecraft/libraries/com/google/code/gson/gson/2.10.1/gson-2.10.1.jar:/home/runner/.minecraft/libraries/org/codehaus/plexus/plexus-utils/3.3.0/plexus-utils-3.3.0.jar:/home/runner/.minecraft/libraries/com/machinezoo/noexception/noexception/1.7.1/noexception-1.7.1.jar:/home/runner/.minecraft/versions/neoforge-21.3.96/neoforge-21.3.96.jar)
	at MC-BOOTSTRAP/com.sun.jna@5.14.0/com.sun.jna.NativeLibrary.loadLibrary(NativeLibrary.java:325) ~[jna-5.14.0.jar%23137!/:5.14.0 (b0)]
	at MC-BOOTSTRAP/com.sun.jna@5.14.0/com.sun.jna.NativeLibrary.getInstance(NativeLibrary.java:481) ~[jna-5.14.0.jar%23137!/:5.14.0 (b0)]
	at MC-BOOTSTRAP/com.sun.jna@5.14.0/com.sun.jna.NativeLibrary.getInstance(NativeLibrary.java:423) ~[jna-5.14.0.jar%23137!/:5.14.0 (b0)]
	at MC-BOOTSTRAP/text2speech@1.17.9/com.mojang.text2speech.NarratorLinux$FliteLibrary.loadNative(NarratorLinux.java:67) ~[text2speech-1.17.9.jar%23118!/:?]
	... 20 more
	Suppressed: java.lang.UnsatisfiedLinkError: libflite.so: cannot open shared object file: No such file or directory
		at MC-BOOTSTRAP/com.sun.jna@5.14.0/com.sun.jna.Native.open(Native Method) ~[jna-5.14.0.jar%23137!/:5.14.0 (b0)]
		at MC-BOOTSTRAP/com.sun.jna@5.14.0/com.sun.jna.NativeLibrary.loadLibrary(NativeLibrary.java:213) ~[jna-5.14.0.jar%23137!/:5.14.0 (b0)]
		at MC-BOOTSTRAP/com.sun.jna@5.14.0/com.sun.jna.NativeLibrary.getInstance(NativeLibrary.java:481) ~[jna-5.14.0.jar%23137!/:5.14.0 (b0)]
		at MC-BOOTSTRAP/com.sun.jna@5.14.0/com.sun.jna.NativeLibrary.getInstance(NativeLibrary.java:423) ~[jna-5.14.0.jar%23137!/:5.14.0 (b0)]
		at MC-BOOTSTRAP/text2speech@1.17.9/com.mojang.text2speech.NarratorLinux$FliteLibrary.loadNative(NarratorLinux.java:67) ~[text2speech-1.17.9.jar%23118!/:?]
		at MC-BOOTSTRAP/text2speech@1.17.9/com.mojang.text2speech.NarratorLinux.<init>(NarratorLinux.java:18) ~[text2speech-1.17.9.jar%23118!/:?]
		at MC-BOOTSTRAP/text2speech@1.17.9/com.mojang.text2speech.Narrator.getNarrator(Narrator.java:41) ~[text2speech-1.17.9.jar%23118!/:?]
		at TRANSFORMER/minecraft@1.21.3/net.minecraft.client.GameNarrator.<init>(GameNarrator.java:21) ~[client-1.21.3-20241023.131943-srg.jar%23203!/:?]
		at TRANSFORMER/minecraft@1.21.3/net.minecraft.client.Minecraft.<init>(Minecraft.java:635) ~[client-1.21.3-20241023.131943-srg.jar%23203!/:?]
		at TRANSFORMER/minecraft@1.21.3/net.minecraft.client.main.Main.main(Main.java:224) ~[client-1.21.3-20241023.131943-srg.jar%23203!/:?]
		at java.base/jdk.internal.reflect.DirectMethodHandleAccessor.invoke(DirectMethodHandleAccessor.java:103) ~[?:?]
		at java.base/java.lang.reflect.Method.invoke(Method.java:580) ~[?:?]
		at MC-BOOTSTRAP/fml_loader@5.0.8/net.neoforged.fml.loading.targets.CommonLaunchHandler.runTarget(CommonLaunchHandler.java:136) ~[loader-5.0.8.jar%23163!/:5.0]
		at MC-BOOTSTRAP/fml_loader@5.0.8/net.neoforged.fml.loading.targets.CommonLaunchHandler.clientService(CommonLaunchHandler.java:124) ~[loader-5.0.8.jar%23163!/:5.0]
		at MC-BOOTSTRAP/fml_loader@5.0.8/net.neoforged.fml.loading.targets.CommonClientLaunchHandler.runService(CommonClientLaunchHandler.java:32) ~[loader-5.0.8.jar%23163!/:5.0]
		at MC-BOOTSTRAP/fml_loader@5.0.8/net.neoforged.fml.loading.targets.CommonLaunchHandler.lambda$launchService$4(CommonLaunchHandler.java:118) ~[loader-5.0.8.jar%23163!/:5.0]
		at MC-BOOTSTRAP/cpw.mods.modlauncher@11.0.4/cpw.mods.modlauncher.LaunchServiceHandlerDecorator.launch(LaunchServiceHandlerDecorator.java:30) [modlauncher-11.0.4.jar%23168!/:?]
		at MC-BOOTSTRAP/cpw.mods.modlauncher@11.0.4/cpw.mods.modlauncher.LaunchServiceHandler.launch(LaunchServiceHandler.java:53) [modlauncher-11.0.4.jar%23168!/:?]
		at MC-BOOTSTRAP/cpw.mods.modlauncher@11.0.4/cpw.mods.modlauncher.LaunchServiceHandler.launch(LaunchServiceHandler.java:71) [modlauncher-11.0.4.jar%23168!/:?]
		at MC-BOOTSTRAP/cpw.mods.modlauncher@11.0.4/cpw.mods.modlauncher.Launcher.run(Launcher.java:103) [modlauncher-11.0.4.jar%23168!/:?]
		at MC-BOOTSTRAP/cpw.mods.modlauncher@11.0.4/cpw.mods.modlauncher.Launcher.main(Launcher.java:74) [modlauncher-11.0.4.jar%23168!/:?]
		at MC-BOOTSTRAP/cpw.mods.modlauncher@11.0.4/cpw.mods.modlauncher.BootstrapLaunchConsumer.accept(BootstrapLaunchConsumer.java:26) [modlauncher-11.0.4.jar%23168!/:?]
		at MC-BOOTSTRAP/cpw.mods.modlauncher@11.0.4/cpw.mods.modlauncher.BootstrapLaunchConsumer.accept(BootstrapLaunchConsumer.java:23) [modlauncher-11.0.4.jar%23168!/:?]
		at cpw.mods.bootstraplauncher@2.0.2/cpw.mods.bootstraplauncher.BootstrapLauncher.run(BootstrapLauncher.java:210) [bootstraplauncher-2.0.2.jar:?]
		at cpw.mods.bootstraplauncher@2.0.2/cpw.mods.bootstraplauncher.BootstrapLauncher.main(BootstrapLauncher.java:69) [bootstraplauncher-2.0.2.jar:?]
	Suppressed: java.lang.UnsatisfiedLinkError: libflite.so: cannot open shared object file: No such file or directory
		at MC-BOOTSTRAP/com.sun.jna@5.14.0/com.sun.jna.Native.open(Native Method) ~[jna-5.14.0.jar%23137!/:5.14.0 (b0)]
		at MC-BOOTSTRAP/com.sun.jna@5.14.0/com.sun.jna.NativeLibrary.loadLibrary(NativeLibrary.java:226) ~[jna-5.14.0.jar%23137!/:5.14.0 (b0)]
		at MC-BOOTSTRAP/com.sun.jna@5.14.0/com.sun.jna.NativeLibrary.getInstance(NativeLibrary.java:481) ~[jna-5.14.0.jar%23137!/:5.14.0 (b0)]
		at MC-BOOTSTRAP/com.sun.jna@5.14.0/com.sun.jna.NativeLibrary.getInstance(NativeLibrary.java:423) ~[jna-5.14.0.jar%23137!/:5.14.0 (b0)]
		at MC-BOOTSTRAP/text2speech@1.17.9/com.mojang.text2speech.NarratorLinux$FliteLibrary.loadNative(NarratorLinux.java:67) ~[text2speech-1.17.9.jar%23118!/:?]
		at MC-BOOTSTRAP/text2speech@1.17.9/com.mojang.text2speech.NarratorLinux.<init>(NarratorLinux.java:18) ~[text2speech-1.17.9.jar%23118!/:?]
		at MC-BOOTSTRAP/text2speech@1.17.9/com.mojang.text2speech.Narrator.getNarrator(Narrator.java:41) ~[text2speech-1.17.9.jar%23118!/:?]
		at TRANSFORMER/minecraft@1.21.3/net.minecraft.client.GameNarrator.<init>(GameNarrator.java:21) ~[client-1.21.3-20241023.131943-srg.jar%23203!/:?]
		at TRANSFORMER/minecraft@1.21.3/net.minecraft.client.Minecraft.<init>(Minecraft.java:635) ~[client-1.21.3-20241023.131943-srg.jar%23203!/:?]
		at TRANSFORMER/minecraft@1.21.3/net.minecraft.client.main.Main.main(Main.java:224) ~[client-1.21.3-20241023.131943-srg.jar%23203!/:?]
		at java.base/jdk.internal.reflect.DirectMethodHandleAccessor.invoke(DirectMethodHandleAccessor.java:103) ~[?:?]
		at java.base/java.lang.reflect.Method.invoke(Method.java:580) ~[?:?]
		at MC-BOOTSTRAP/fml_loader@5.0.8/net.neoforged.fml.loading.targets.CommonLaunchHandler.runTarget(CommonLaunchHandler.java:136) ~[loader-5.0.8.jar%23163!/:5.0]
		at MC-BOOTSTRAP/fml_loader@5.0.8/net.neoforged.fml.loading.targets.CommonLaunchHandler.clientService(CommonLaunchHandler.java:124) ~[loader-5.0.8.jar%23163!/:5.0]
		at MC-BOOTSTRAP/fml_loader@5.0.8/net.neoforged.fml.loading.targets.CommonClientLaunchHandler.runService(CommonClientLaunchHandler.java:32) ~[loader-5.0.8.jar%23163!/:5.0]
		at MC-BOOTSTRAP/fml_loader@5.0.8/net.neoforged.fml.loading.targets.CommonLaunchHandler.lambda$launchService$4(CommonLaunchHandler.java:118) ~[loader-5.0.8.jar%23163!/:5.0]
		at MC-BOOTSTRAP/cpw.mods.modlauncher@11.0.4/cpw.mods.modlauncher.LaunchServiceHandlerDecorator.launch(LaunchServiceHandlerDecorator.java:30) [modlauncher-11.0.4.jar%23168!/:?]
		at MC-BOOTSTRAP/cpw.mods.modlauncher@11.0.4/cpw.mods.modlauncher.LaunchServiceHandler.launch(LaunchServiceHandler.java:53) [modlauncher-11.0.4.jar%23168!/:?]
		at MC-BOOTSTRAP/cpw.mods.modlauncher@11.0.4/cpw.mods.modlauncher.LaunchServiceHandler.launch(LaunchServiceHandler.java:71) [modlauncher-11.0.4.jar%23168!/:?]
		at MC-BOOTSTRAP/cpw.mods.modlauncher@11.0.4/cpw.mods.modlauncher.Launcher.run(Launcher.java:103) [modlauncher-11.0.4.jar%23168!/:?]
		at MC-BOOTSTRAP/cpw.mods.modlauncher@11.0.4/cpw.mods.modlauncher.Launcher.main(Launcher.java:74) [modlauncher-11.0.4.jar%23168!/:?]
		at MC-BOOTSTRAP/cpw.mods.modlauncher@11.0.4/cpw.mods.modlauncher.BootstrapLaunchConsumer.accept(BootstrapLaunchConsumer.java:26) [modlauncher-11.0.4.jar%23168!/:?]
		at MC-BOOTSTRAP/cpw.mods.modlauncher@11.0.4/cpw.mods.modlauncher.BootstrapLaunchConsumer.accept(BootstrapLaunchConsumer.java:23) [modlauncher-11.0.4.jar%23168!/:?]
		at cpw.mods.bootstraplauncher@2.0.2/cpw.mods.bootstraplauncher.BootstrapLauncher.run(BootstrapLauncher.java:210) [bootstraplauncher-2.0.2.jar:?]
		at cpw.mods.bootstraplauncher@2.0.2/cpw.mods.bootstraplauncher.BootstrapLauncher.main(BootstrapLauncher.java:69) [bootstraplauncher-2.0.2.jar:?]
	Suppressed: java.io.IOException: Native library (linux-x86-64/libflite.so) not found in resource path (/home/runner/.minecraft/libraries/com/fasterxml/jackson/core/jackson-annotations/2.13.4/jackson-annotations-2.13.4.jar:/home/runner/.minecraft/libraries/com/fasterxml/jackson/core/jackson-core/2.13.4/jackson-core-2.13.4.jar:/home/runner/.minecraft/libraries/com/fasterxml/jackson/core/jackson-databind/2.13.4.2/jackson-databind-2.13.4.2.jar:/home/runner/.minecraft/libraries/com/github/oshi/oshi-core/6.4.10/oshi-core-6.4.10.jar:/home/runner/.minecraft/libraries/com/github/stephenc/jcip/jcip-annotations/1.0-1/jcip-annotations-1.0-1.jar:/home/runner/.minecraft/libraries/com/ibm/icu/icu4j/73.2/icu4j-73.2.jar:/home/runner/.minecraft/libraries/com/microsoft/azure/msal4j/1.15.0/msal4j-1.15.0.jar:/home/runner/.minecraft/libraries/com/mojang/authlib/6.0.55/authlib-6.0.55.jar:/home/runner/.minecraft/libraries/com/mojang/blocklist/1.0.10/blocklist-1.0.10.jar:/home/runner/.minecraft/libraries/com/mojang/brigadier/1.3.10/brigadier-1.3.10.jar:/home/runner/.minecraft/libraries/com/mojang/datafixerupper/8.0.16/datafixerupper-8.0.16.jar:/home/runner/.minecraft/libraries/com/mojang/jtracy/1.0.29/jtracy-1.0.29.jar:/home/runner/.minecraft/libraries/com/mojang/jtracy/1.0.29/jtracy-1.0.29-natives-linux.jar:/home/runner/.minecraft/libraries/com/mojang/patchy/2.2.10/patchy-2.2.10.jar:/home/runner/.minecraft/libraries/com/mojang/text2speech/1.17.9/text2speech-1.17.9.jar:/home/runner/.minecraft/libraries/com/nimbusds/content-type/2.3/content-type-2.3.jar:/home/runner/.minecraft/libraries/com/nimbusds/lang-tag/1.7/lang-tag-1.7.jar:/home/runner/.minecraft/libraries/com/nimbusds/nimbus-jose-jwt/9.37.3/nimbus-jose-jwt-9.37.3.jar:/home/runner/.minecraft/libraries/com/nimbusds/oauth2-oidc-sdk/11.9.1/oauth2-oidc-sdk-11.9.1.jar:/home/runner/.minecraft/libraries/commons-codec/commons-codec/1.16.0/commons-codec-1.16.0.jar:/home/runner/.minecraft/libraries/commons-logging/commons-logging/1.2/commons-logging-1.2.jar:/home/runner/.minecraft/libraries/io/netty/netty-buffer/4.1.97.Final/netty-buffer-4.1.97.Final.jar:/home/runner/.minecraft/libraries/io/netty/netty-codec/4.1.97.Final/netty-codec-4.1.97.Final.jar:/home/runner/.minecraft/libraries/io/netty/netty-common/4.1.97.Final/netty-common-4.1.97.Final.jar:/home/runner/.minecraft/libraries/io/netty/netty-handler/4.1.97.Final/netty-handler-4.1.97.Final.jar:/home/runner/.minecraft/libraries/io/netty/netty-resolver/4.1.97.Final/netty-resolver-4.1.97.Final.jar:/home/runner/.minecraft/libraries/io/netty/netty-transport-classes-epoll/4.1.97.Final/netty-transport-classes-epoll-4.1.97.Final.jar:/home/runner/.minecraft/libraries/io/netty/netty-transport-native-epoll/4.1.97.Final/netty-transport-native-epoll-4.1.97.Final-linux-aarch_64.jar:/home/runner/.minecraft/libraries/io/netty/netty-transport-native-epoll/4.1.97.Final/netty-transport-native-epoll-4.1.97.Final-linux-x86_64.jar:/home/runner/.minecraft/libraries/io/netty/netty-transport-native-unix-common/4.1.97.Final/netty-transport-native-unix-common-4.1.97.Final.jar:/home/runner/.minecraft/libraries/io/netty/netty-transport/4.1.97.Final/netty-transport-4.1.97.Final.jar:/home/runner/.minecraft/libraries/it/unimi/dsi/fastutil/8.5.12/fastutil-8.5.12.jar:/home/runner/.minecraft/libraries/net/java/dev/jna/jna-platform/5.14.0/jna-platform-5.14.0.jar:/home/runner/.minecraft/libraries/net/java/dev/jna/jna/5.14.0/jna-5.14.0.jar:/home/runner/.minecraft/libraries/net/minidev/accessors-smart/2.5.0/accessors-smart-2.5.0.jar:/home/runner/.minecraft/libraries/net/minidev/json-smart/2.5.0/json-smart-2.5.0.jar:/home/runner/.minecraft/libraries/org/apache/commons/commons-compress/1.26.0/commons-compress-1.26.0.jar:/home/runner/.minecraft/libraries/org/apache/httpcomponents/httpclient/4.5.13/httpclient-4.5.13.jar:/home/runner/.minecraft/libraries/org/apache/httpcomponents/httpcore/4.4.16/httpcore-4.4.16.jar:/home/runner/.minecraft/libraries/org/jcraft/jorbis/0.0.17/jorbis-0.0.17.jar:/home/runner/.minecraft/libraries/org/joml/joml/1.10.5/joml-1.10.5.jar:/home/runner/.minecraft/libraries/org/lwjgl/lwjgl-freetype/3.3.3/lwjgl-freetype-3.3.3.jar:/home/runner/.minecraft/libraries/org/lwjgl/lwjgl-freetype/3.3.3/lwjgl-freetype-3.3.3-natives-linux.jar:/home/runner/.minecraft/libraries/org/lwjgl/lwjgl-glfw/3.3.3/lwjgl-glfw-3.3.3.jar:/home/runner/.minecraft/libraries/org/lwjgl/lwjgl-glfw/3.3.3/lwjgl-glfw-3.3.3-natives-linux.jar:/home/runner/.minecraft/libraries/org/lwjgl/lwjgl-jemalloc/3.3.3/lwjgl-jemalloc-3.3.3.jar:/home/runner/.minecraft/libraries/org/lwjgl/lwjgl-jemalloc/3.3.3/lwjgl-jemalloc-3.3.3-natives-linux.jar:/home/runner/.minecraft/libraries/org/lwjgl/lwjgl-openal/3.3.3/lwjgl-openal-3.3.3.jar:/home/runner/.minecraft/libraries/org/lwjgl/lwjgl-openal/3.3.3/lwjgl-openal-3.3.3-natives-linux.jar:/home/runner/.minecraft/libraries/org/lwjgl/lwjgl-opengl/3.3.3/lwjgl-opengl-3.3.3.jar:/home/runner/.minecraft/libraries/org/lwjgl/lwjgl-opengl/3.3.3/lwjgl-opengl-3.3.3-natives-linux.jar:/home/runner/.minecraft/libraries/org/lwjgl/lwjgl-stb/3.3.3/lwjgl-stb-3.3.3.jar:/home/runner/.minecraft/libraries/org/lwjgl/lwjgl-stb/3.3.3/lwjgl-stb-3.3.3-natives-linux.jar:/home/runner/.minecraft/libraries/org/lwjgl/lwjgl-tinyfd/3.3.3/lwjgl-tinyfd-3.3.3.jar:/home/runner/.minecraft/libraries/org/lwjgl/lwjgl-tinyfd/3.3.3/lwjgl-tinyfd-3.3.3-natives-linux.jar:/home/runner/.minecraft/libraries/org/lwjgl/lwjgl/3.3.3/lwjgl-3.3.3.jar:/home/runner/.minecraft/libraries/org/lwjgl/lwjgl/3.3.3/lwjgl-3.3.3-natives-linux.jar:/home/runner/.minecraft/libraries/org/lz4/lz4-java/1.8.0/lz4-java-1.8.0.jar:/home/runner/.minecraft/libraries/net/neoforged/fancymodloader/earlydisplay/5.0.8/earlydisplay-5.0.8.jar:/home/runner/.minecraft/libraries/net/neoforged/fancymodloader/loader/5.0.8/loader-5.0.8.jar:/home/runner/.minecraft/libraries/net/neoforged/accesstransformers/at-modlauncher/11.0.1/at-modlauncher-11.0.1.jar:/home/runner/.minecraft/libraries/net/neoforged/accesstransformers/11.0.1/accesstransformers-11.0.1.jar:/home/runner/.minecraft/libraries/net/neoforged/bus/8.0.5/bus-8.0.5.jar:/home/runner/.minecraft/libraries/net/neoforged/coremods/7.0.3/coremods-7.0.3.jar:/home/runner/.minecraft/libraries/cpw/mods/modlauncher/11.0.4/modlauncher-11.0.4.jar:/home/runner/.minecraft/libraries/net/neoforged/mergetool/2.0.0/mergetool-2.0.0-api.jar:/home/runner/.minecraft/libraries/com/electronwill/night-config/toml/3.8.0/toml-3.8.0.jar:/home/runner/.minecraft/libraries/com/electronwill/night-config/core/3.8.0/core-3.8.0.jar:/home/runner/.minecraft/libraries/net/neoforged/JarJarSelector/0.4.1/JarJarSelector-0.4.1.jar:/home/runner/.minecraft/libraries/net/neoforged/JarJarMetadata/0.4.1/JarJarMetadata-0.4.1.jar:/home/runner/.minecraft/libraries/org/apache/maven/maven-artifact/3.8.5/maven-artifact-3.8.5.jar:/home/runner/.minecraft/libraries/net/jodah/typetools/0.6.3/typetools-0.6.3.jar:/home/runner/.minecraft/libraries/net/minecrell/terminalconsoleappender/1.3.0/terminalconsoleappender-1.3.0.jar:/home/runner/.minecraft/libraries/net/fabricmc/sponge-mixin/0.15.2+mixin.0.8.7/sponge-mixin-0.15.2+mixin.0.8.7.jar:/home/runner/.minecraft/libraries/org/openjdk/nashorn/nashorn-core/15.4/nashorn-core-15.4.jar:/home/runner/.minecraft/libraries/org/apache/commons/commons-lang3/3.14.0/commons-lang3-3.14.0.jar:/home/runner/.minecraft/libraries/cpw/mods/bootstraplauncher/2.0.2/bootstraplauncher-2.0.2.jar:/home/runner/.minecraft/libraries/cpw/mods/securejarhandler/3.0.8/securejarhandler-3.0.8.jar:/home/runner/.minecraft/libraries/org/ow2/asm/asm-commons/9.8/asm-commons-9.8.jar:/home/runner/.minecraft/libraries/org/ow2/asm/asm-util/9.8/asm-util-9.8.jar:/home/runner/.minecraft/libraries/org/ow2/asm/asm-analysis/9.8/asm-analysis-9.8.jar:/home/runner/.minecraft/libraries/org/ow2/asm/asm-tree/9.8/asm-tree-9.8.jar:/home/runner/.minecraft/libraries/org/ow2/asm/asm/9.8/asm-9.8.jar:/home/runner/.minecraft/libraries/net/neoforged/JarJarFileSystems/0.4.1/JarJarFileSystems-0.4.1.jar:/home/runner/.minecraft/libraries/net/sf/jopt-simple/jopt-simple/5.0.4/jopt-simple-5.0.4.jar:/home/runner/.minecraft/libraries/net/neoforged/accesstransformers/at-parser/11.0.1/at-parser-11.0.1.jar:/home/runner/.minecraft/libraries/org/slf4j/slf4j-api/2.0.9/slf4j-api-2.0.9.jar:/home/runner/.minecraft/libraries/com/mojang/logging/1.4.9/logging-1.4.9.jar:/home/runner/work/ModCompiler/ModCompiler/HeadlessMC/28fc6e5d-0e49-45a2-b732-81bf53d8f801/log4j-slf4j2-impl-2.22.1.jar:/home/runner/work/ModCompiler/ModCompiler/HeadlessMC/28fc6e5d-0e49-45a2-b732-81bf53d8f801/log4j-core-2.22.1.jar:/home/runner/work/ModCompiler/ModCompiler/HeadlessMC/28fc6e5d-0e49-45a2-b732-81bf53d8f801/log4j-api-2.22.1.jar:/home/runner/.minecraft/libraries/org/jline/jline-reader/3.20.0/jline-reader-3.20.0.jar:/home/runner/.minecraft/libraries/org/jline/jline-terminal/3.20.0/jline-terminal-3.20.0.jar:/home/runner/.minecraft/libraries/commons-io/commons-io/2.15.1/commons-io-2.15.1.jar:/home/runner/.minecraft/libraries/net/minecraftforge/srgutils/0.4.15/srgutils-0.4.15.jar:/home/runner/.minecraft/libraries/com/google/guava/guava/32.1.2-jre/guava-32.1.2-jre.jar:/home/runner/.minecraft/libraries/com/google/guava/failureaccess/1.0.1/failureaccess-1.0.1.jar:/home/runner/.minecraft/libraries/com/google/guava/listenablefuture/9999.0-empty-to-avoid-conflict-with-guava/listenablefuture-9999.0-empty-to-avoid-conflict-with-guava.jar:/home/runner/.minecraft/libraries/com/google/code/findbugs/jsr305/3.0.2/jsr305-3.0.2.jar:/home/runner/.minecraft/libraries/org/checkerframework/checker-qual/3.33.0/checker-qual-3.33.0.jar:/home/runner/.minecraft/libraries/com/google/errorprone/error_prone_annotations/2.18.0/error_prone_annotations-2.18.0.jar:/home/runner/.minecraft/libraries/com/google/j2objc/j2objc-annotations/2.8/j2objc-annotations-2.8.jar:/home/runner/.minecraft/libraries/com/google/code/gson/gson/2.10.1/gson-2.10.1.jar:/home/runner/.minecraft/libraries/org/codehaus/plexus/plexus-utils/3.3.0/plexus-utils-3.3.0.jar:/home/runner/.minecraft/libraries/com/machinezoo/noexception/noexception/1.7.1/noexception-1.7.1.jar:/home/runner/.minecraft/versions/neoforge-21.3.96/neoforge-21.3.96.jar)
		at MC-BOOTSTRAP/com.sun.jna@5.14.0/com.sun.jna.Native.extractFromResourcePath(Native.java:1141) ~[jna-5.14.0.jar%23137!/:5.14.0 (b0)]
		at MC-BOOTSTRAP/com.sun.jna@5.14.0/com.sun.jna.NativeLibrary.loadLibrary(NativeLibrary.java:297) ~[jna-5.14.0.jar%23137!/:5.14.0 (b0)]
		at MC-BOOTSTRAP/com.sun.jna@5.14.0/com.sun.jna.NativeLibrary.getInstance(NativeLibrary.java:481) ~[jna-5.14.0.jar%23137!/:5.14.0 (b0)]
		at MC-BOOTSTRAP/com.sun.jna@5.14.0/com.sun.jna.NativeLibrary.getInstance(NativeLibrary.java:423) ~[jna-5.14.0.jar%23137!/:5.14.0 (b0)]
		at MC-BOOTSTRAP/text2speech@1.17.9/com.mojang.text2speech.NarratorLinux$FliteLibrary.loadNative(NarratorLinux.java:67) ~[text2speech-1.17.9.jar%23118!/:?]
		at MC-BOOTSTRAP/text2speech@1.17.9/com.mojang.text2speech.NarratorLinux.<init>(NarratorLinux.java:18) ~[text2speech-1.17.9.jar%23118!/:?]
		at MC-BOOTSTRAP/text2speech@1.17.9/com.mojang.text2speech.Narrator.getNarrator(Narrator.java:41) ~[text2speech-1.17.9.jar%23118!/:?]
		at TRANSFORMER/minecraft@1.21.3/net.minecraft.client.GameNarrator.<init>(GameNarrator.java:21) ~[client-1.21.3-20241023.131943-srg.jar%23203!/:?]
		at TRANSFORMER/minecraft@1.21.3/net.minecraft.client.Minecraft.<init>(Minecraft.java:635) ~[client-1.21.3-20241023.131943-srg.jar%23203!/:?]
		at TRANSFORMER/minecraft@1.21.3/net.minecraft.client.main.Main.main(Main.java:224) ~[client-1.21.3-20241023.131943-srg.jar%23203!/:?]
		at java.base/jdk.internal.reflect.DirectMethodHandleAccessor.invoke(DirectMethodHandleAccessor.java:103) ~[?:?]
		at java.base/java.lang.reflect.Method.invoke(Method.java:580) ~[?:?]
		at MC-BOOTSTRAP/fml_loader@5.0.8/net.neoforged.fml.loading.targets.CommonLaunchHandler.runTarget(CommonLaunchHandler.java:136) ~[loader-5.0.8.jar%23163!/:5.0]
		at MC-BOOTSTRAP/fml_loader@5.0.8/net.neoforged.fml.loading.targets.CommonLaunchHandler.clientService(CommonLaunchHandler.java:124) ~[loader-5.0.8.jar%23163!/:5.0]
		at MC-BOOTSTRAP/fml_loader@5.0.8/net.neoforged.fml.loading.targets.CommonClientLaunchHandler.runService(CommonClientLaunchHandler.java:32) ~[loader-5.0.8.jar%23163!/:5.0]
		at MC-BOOTSTRAP/fml_loader@5.0.8/net.neoforged.fml.loading.targets.CommonLaunchHandler.lambda$launchService$4(CommonLaunchHandler.java:118) ~[loader-5.0.8.jar%23163!/:5.0]
		at MC-BOOTSTRAP/cpw.mods.modlauncher@11.0.4/cpw.mods.modlauncher.LaunchServiceHandlerDecorator.launch(LaunchServiceHandlerDecorator.java:30) [modlauncher-11.0.4.jar%23168!/:?]
		at MC-BOOTSTRAP/cpw.mods.modlauncher@11.0.4/cpw.mods.modlauncher.LaunchServiceHandler.launch(LaunchServiceHandler.java:53) [modlauncher-11.0.4.jar%23168!/:?]
		at MC-BOOTSTRAP/cpw.mods.modlauncher@11.0.4/cpw.mods.modlauncher.LaunchServiceHandler.launch(LaunchServiceHandler.java:71) [modlauncher-11.0.4.jar%23168!/:?]
		at MC-BOOTSTRAP/cpw.mods.modlauncher@11.0.4/cpw.mods.modlauncher.Launcher.run(Launcher.java:103) [modlauncher-11.0.4.jar%23168!/:?]
		at MC-BOOTSTRAP/cpw.mods.modlauncher@11.0.4/cpw.mods.modlauncher.Launcher.main(Launcher.java:74) [modlauncher-11.0.4.jar%23168!/:?]
		at MC-BOOTSTRAP/cpw.mods.modlauncher@11.0.4/cpw.mods.modlauncher.BootstrapLaunchConsumer.accept(BootstrapLaunchConsumer.java:26) [modlauncher-11.0.4.jar%23168!/:?]
		at MC-BOOTSTRAP/cpw.mods.modlauncher@11.0.4/cpw.mods.modlauncher.BootstrapLaunchConsumer.accept(BootstrapLaunchConsumer.java:23) [modlauncher-11.0.4.jar%23168!/:?]
		at cpw.mods.bootstraplauncher@2.0.2/cpw.mods.bootstraplauncher.BootstrapLauncher.run(BootstrapLauncher.java:210) [bootstraplauncher-2.0.2.jar:?]
		at cpw.mods.bootstraplauncher@2.0.2/cpw.mods.bootstraplauncher.BootstrapLauncher.main(BootstrapLauncher.java:69) [bootstraplauncher-2.0.2.jar:?]
[21Jun2026 02:48:05.837] [Render thread/INFO] [net.minecraft.server.packs.resources.ReloadableResourceManager/]: Reloading ResourceManager: vanilla, mod_resources, mod/pingfix, mod/mc_runtime_test, mod/neoforge
[21Jun2026 02:48:05.975] [Render thread/INFO] [net.minecraft.client.Minecraft/]: Waiting for overlay to disappear...
[21Jun2026 02:48:05.976] [Render thread/INFO] [net.minecraft.client.Minecraft/]: Waiting for player to load...
[21Jun2026 02:48:05.980] [Render thread/INFO] [net.minecraft.client.Minecraft/]: Waiting for overlay to disappear...
[21Jun2026 02:48:05.981] [Render thread/INFO] [net.minecraft.client.Minecraft/]: Waiting for player to load...
[21Jun2026 02:48:05.981] [Render thread/INFO] [net.minecraft.client.Minecraft/]: Waiting for overlay to disappear...
[21Jun2026 02:48:05.981] [Render thread/INFO] [net.minecraft.client.Minecraft/]: Waiting for player to load...
[21Jun2026 02:48:05.981] [Render thread/INFO] [net.minecraft.client.Minecraft/]: Waiting for overlay to disappear...
[21Jun2026 02:48:05.981] [Render thread/INFO] [net.minecraft.client.Minecraft/]: Waiting for player to load...
[21Jun2026 02:48:05.981] [Render thread/INFO] [net.minecraft.client.Minecraft/]: Waiting for overlay to disappear...
[21Jun2026 02:48:05.981] [Render thread/INFO] [net.minecraft.client.Minecraft/]: Waiting for player to load...
[21Jun2026 02:48:05.981] [Render thread/INFO] [net.minecraft.client.Minecraft/]: Waiting for overlay to disappear...
[21Jun2026 02:48:05.981] [Render thread/INFO] [net.minecraft.client.Minecraft/]: Waiting for player to load...
[21Jun2026 02:48:05.981] [Render thread/INFO] [net.minecraft.client.Minecraft/]: Waiting for overlay to disappear...
[21Jun2026 02:48:05.985] [Render thread/INFO] [net.minecraft.client.Minecraft/]: Waiting for player to load...
[21Jun2026 02:48:05.985] [Render thread/INFO] [net.minecraft.client.Minecraft/]: Waiting for overlay to disappear...
[21Jun2026 02:48:05.985] [Render thread/INFO] [net.minecraft.client.Minecraft/]: Waiting for player to load...
[21Jun2026 02:48:05.985] [Render thread/INFO] [net.minecraft.client.Minecraft/]: Waiting for overlay to disappear...
[21Jun2026 02:48:05.985] [Render thread/INFO] [net.minecraft.client.Minecraft/]: Waiting for player to load...
[21Jun2026 02:48:05.985] [Render thread/INFO] [net.minecraft.client.Minecraft/]: Waiting for overlay to disappear...
[21Jun2026 02:48:05.985] [Render thread/INFO] [net.minecraft.client.Minecraft/]: Waiting for player to load...
[21Jun2026 02:48:05.995] [Worker-Main-1/WARN] [net.minecraft.client.gui.font.FontManager/]: Unable to load font 'minecraft:include/unifont' in fonts.json in resourcepack: 'vanilla'
com.google.gson.JsonParseException: No key providers in MapLike[{}]
	at MC-BOOTSTRAP/datafixerupper@8.0.16/com.mojang.serialization.DataResult$Error.getOrThrow(DataResult.java:287) ~[datafixerupper-8.0.16.jar%23115!/:?]
	at TRANSFORMER/minecraft@1.21.3/net.minecraft.client.gui.font.FontManager.loadResourceStack(FontManager.java:304) ~[client-1.21.3-20241023.131943-srg.jar%23203!/:?]
	at TRANSFORMER/minecraft@1.21.3/net.minecraft.client.gui.font.FontManager.lambda$prepare$4(FontManager.java:170) ~[client-1.21.3-20241023.131943-srg.jar%23203!/:?]
	at java.base/java.util.concurrent.CompletableFuture$AsyncSupply.run(CompletableFuture.java:1768) [?:?]
	at java.base/java.util.concurrent.CompletableFuture$AsyncSupply.exec(CompletableFuture.java:1760) [?:?]
	at java.base/java.util.concurrent.ForkJoinTask.doExec(ForkJoinTask.java:387) [?:?]
	at java.base/java.util.concurrent.ForkJoinPool$WorkQueue.topLevelExec(ForkJoinPool.java:1312) [?:?]
	at java.base/java.util.concurrent.ForkJoinPool.scan(ForkJoinPool.java:1843) [?:?]
	at java.base/java.util.concurrent.ForkJoinPool.runWorker(ForkJoinPool.java:1808) [?:?]
	at java.base/java.util.concurrent.ForkJoinWorkerThread.run(ForkJoinWorkerThread.java:188) [?:?]
[21Jun2026 02:48:06.429] [Render thread/INFO] [net.minecraft.client.Minecraft/]: Waiting for overlay to disappear...
[21Jun2026 02:48:06.429] [Render thread/INFO] [net.minecraft.client.Minecraft/]: Waiting for player to load...
[21Jun2026 02:48:06.429] [Render thread/INFO] [net.minecraft.client.Minecraft/]: Waiting for overlay to disappear...
[21Jun2026 02:48:06.429] [Render thread/INFO] [net.minecraft.client.Minecraft/]: Waiting for player to load...
[21Jun2026 02:48:06.430] [Render thread/INFO] [net.minecraft.client.Minecraft/]: Waiting for overlay to disappear...
[21Jun2026 02:48:06.430] [Render thread/INFO] [net.minecraft.client.Minecraft/]: Waiting for player to load...
[21Jun2026 02:48:06.430] [Render thread/INFO] [net.minecraft.client.Minecraft/]: Waiting for overlay to disappear...
[21Jun2026 02:48:06.430] [Render thread/INFO] [net.minecraft.client.Minecraft/]: Waiting for player to load...
[21Jun2026 02:48:06.430] [Render thread/INFO] [net.minecraft.client.Minecraft/]: Waiting for overlay to disappear...
[21Jun2026 02:48:06.430] [Render thread/INFO] [net.minecraft.client.Minecraft/]: Waiting for player to load...
[21Jun2026 02:48:06.430] [Render thread/INFO] [net.minecraft.client.Minecraft/]: Waiting for overlay to disappear...
[21Jun2026 02:48:06.430] [Render thread/INFO] [net.minecraft.client.Minecraft/]: Waiting for player to load...
[21Jun2026 02:48:06.430] [Render thread/INFO] [net.minecraft.client.Minecraft/]: Waiting for overlay to disappear...
[21Jun2026 02:48:06.430] [Render thread/INFO] [net.minecraft.client.Minecraft/]: Waiting for player to load...
[21Jun2026 02:48:06.430] [Render thread/INFO] [net.minecraft.client.Minecraft/]: Waiting for overlay to disappear...
[21Jun2026 02:48:06.430] [Render thread/INFO] [net.minecraft.client.Minecraft/]: Waiting for player to load...
[21Jun2026 02:48:06.431] [Render thread/INFO] [net.minecraft.client.Minecraft/]: Waiting for overlay to disappear...
[21Jun2026 02:48:06.431] [Render thread/INFO] [net.minecraft.client.Minecraft/]: Waiting for player to load...
[21Jun2026 02:48:06.459] [Render thread/INFO] [net.minecraft.client.Minecraft/]: Waiting for overlay to disappear...
[21Jun2026 02:48:06.459] [Render thread/INFO] [net.minecraft.client.Minecraft/]: Waiting for player to load...
[21Jun2026 02:48:06.494] [Render thread/INFO] [net.minecraft.client.Minecraft/]: Waiting for overlay to disappear...
[21Jun2026 02:48:06.494] [Render thread/INFO] [net.minecraft.client.Minecraft/]: Waiting for player to load...
[21Jun2026 02:48:06.549] [Render thread/INFO] [net.minecraft.client.Minecraft/]: Waiting for overlay to disappear...
[21Jun2026 02:48:06.549] [Render thread/INFO] [net.minecraft.client.Minecraft/]: Waiting for player to load...
[21Jun2026 02:48:06.587] [Render thread/INFO] [net.minecraft.client.Minecraft/]: Waiting for overlay to disappear...
[21Jun2026 02:48:06.587] [Render thread/INFO] [net.minecraft.client.Minecraft/]: Waiting for player to load...
[21Jun2026 02:48:06.643] [Render thread/INFO] [net.minecraft.client.Minecraft/]: Waiting for overlay to disappear...
[21Jun2026 02:48:06.643] [Render thread/INFO] [net.minecraft.client.Minecraft/]: Waiting for player to load...
[21Jun2026 02:48:06.693] [Render thread/INFO] [net.minecraft.client.Minecraft/]: Waiting for overlay to disappear...
[21Jun2026 02:48:06.693] [Render thread/INFO] [net.minecraft.client.Minecraft/]: Waiting for player to load...
[21Jun2026 02:48:06.755] [Render thread/INFO] [net.minecraft.client.Minecraft/]: Waiting for overlay to disappear...
[21Jun2026 02:48:06.755] [Render thread/INFO] [net.minecraft.client.Minecraft/]: Waiting for player to load...
[21Jun2026 02:48:06.797] [Render thread/INFO] [net.minecraft.client.Minecraft/]: Waiting for overlay to disappear...
[21Jun2026 02:48:06.797] [Render thread/INFO] [net.minecraft.client.Minecraft/]: Waiting for player to load...
[21Jun2026 02:48:06.849] [Render thread/INFO] [net.minecraft.client.Minecraft/]: Waiting for overlay to disappear...
[21Jun2026 02:48:06.849] [Render thread/INFO] [net.minecraft.client.Minecraft/]: Waiting for player to load...
[21Jun2026 02:48:06.887] [Render thread/INFO] [net.minecraft.client.Minecraft/]: Waiting for overlay to disappear...
[21Jun2026 02:48:06.887] [Render thread/INFO] [net.minecraft.client.Minecraft/]: Waiting for player to load...
[21Jun2026 02:48:06.954] [Render thread/INFO] [net.minecraft.client.Minecraft/]: Waiting for overlay to disappear...
[21Jun2026 02:48:06.954] [Render thread/INFO] [net.minecraft.client.Minecraft/]: Waiting for player to load...
[21Jun2026 02:48:06.985] [Render thread/INFO] [net.minecraft.client.Minecraft/]: Waiting for overlay to disappear...
[21Jun2026 02:48:06.985] [Render thread/INFO] [net.minecraft.client.Minecraft/]: Waiting for player to load...
[21Jun2026 02:48:07.093] [Render thread/INFO] [net.minecraft.client.Minecraft/]: Waiting for overlay to disappear...
[21Jun2026 02:48:07.093] [Render thread/INFO] [net.minecraft.client.Minecraft/]: Waiting for player to load...
[21Jun2026 02:48:07.097] [Render thread/INFO] [net.minecraft.client.Minecraft/]: Waiting for overlay to disappear...
[21Jun2026 02:48:07.097] [Render thread/INFO] [net.minecraft.client.Minecraft/]: Waiting for player to load...
[21Jun2026 02:48:07.150] [Render thread/INFO] [net.minecraft.client.Minecraft/]: Waiting for overlay to disappear...
[21Jun2026 02:48:07.150] [Render thread/INFO] [net.minecraft.client.Minecraft/]: Waiting for player to load...
[21Jun2026 02:48:07.185] [Render thread/INFO] [net.minecraft.client.Minecraft/]: Waiting for overlay to disappear...
[21Jun2026 02:48:07.185] [Render thread/INFO] [net.minecraft.client.Minecraft/]: Waiting for player to load...
[21Jun2026 02:48:07.235] [Render thread/INFO] [net.minecraft.client.Minecraft/]: Waiting for overlay to disappear...
[21Jun2026 02:48:07.235] [Render thread/INFO] [net.minecraft.client.Minecraft/]: Waiting for player to load...
[21Jun2026 02:48:07.287] [Render thread/INFO] [net.minecraft.client.Minecraft/]: Waiting for overlay to disappear...
[21Jun2026 02:48:07.287] [Render thread/INFO] [net.minecraft.client.Minecraft/]: Waiting for player to load...
[21Jun2026 02:48:07.339] [Render thread/INFO] [net.minecraft.client.Minecraft/]: Waiting for overlay to disappear...
[21Jun2026 02:48:07.339] [Render thread/INFO] [net.minecraft.client.Minecraft/]: Waiting for player to load...
[21Jun2026 02:48:07.390] [Render thread/INFO] [net.minecraft.client.Minecraft/]: Waiting for overlay to disappear...
[21Jun2026 02:48:07.391] [Render thread/INFO] [net.minecraft.client.Minecraft/]: Waiting for player to load...
[21Jun2026 02:48:07.441] [Render thread/INFO] [net.minecraft.client.Minecraft/]: Waiting for overlay to disappear...
[21Jun2026 02:48:07.441] [Render thread/INFO] [net.minecraft.client.Minecraft/]: Waiting for player to load...
[21Jun2026 02:48:07.491] [Render thread/INFO] [net.minecraft.client.Minecraft/]: Waiting for overlay to disappear...
[21Jun2026 02:48:07.491] [Render thread/INFO] [net.minecraft.client.Minecraft/]: Waiting for player to load...
[21Jun2026 02:48:07.549] [Render thread/INFO] [net.minecraft.client.Minecraft/]: Waiting for overlay to disappear...
[21Jun2026 02:48:07.549] [Render thread/INFO] [net.minecraft.client.Minecraft/]: Waiting for player to load...
[21Jun2026 02:48:07.599] [Render thread/INFO] [net.minecraft.client.Minecraft/]: Waiting for overlay to disappear...
[21Jun2026 02:48:07.600] [Render thread/INFO] [net.minecraft.client.Minecraft/]: Waiting for player to load...
[21Jun2026 02:48:07.651] [Render thread/INFO] [net.minecraft.client.Minecraft/]: Waiting for overlay to disappear...
[21Jun2026 02:48:07.651] [Render thread/INFO] [net.minecraft.client.Minecraft/]: Waiting for player to load...
[21Jun2026 02:48:07.689] [Render thread/INFO] [net.minecraft.client.Minecraft/]: Waiting for overlay to disappear...
[21Jun2026 02:48:07.689] [Render thread/INFO] [net.minecraft.client.Minecraft/]: Waiting for player to load...
[21Jun2026 02:48:07.743] [Render thread/INFO] [net.minecraft.client.Minecraft/]: Waiting for overlay to disappear...
[21Jun2026 02:48:07.743] [Render thread/INFO] [net.minecraft.client.Minecraft/]: Waiting for player to load...
[21Jun2026 02:48:07.795] [Render thread/INFO] [net.minecraft.client.Minecraft/]: Waiting for overlay to disappear...
[21Jun2026 02:48:07.795] [Render thread/INFO] [net.minecraft.client.Minecraft/]: Waiting for player to load...
[21Jun2026 02:48:07.850] [Render thread/INFO] [net.minecraft.client.Minecraft/]: Waiting for overlay to disappear...
[21Jun2026 02:48:07.850] [Render thread/INFO] [net.minecraft.client.Minecraft/]: Waiting for player to load...
[21Jun2026 02:48:07.878] [Worker-Main-3/WARN] [net.minecraft.client.resources.model.ModelManager/]: Missing textures in model neoforge:bucket_milk#inventory:
    minecraft:textures/atlas/blocks.png:neoforge:items/bucket_base
    minecraft:textures/atlas/blocks.png:neoforge:items/bucket_cover
    minecraft:textures/atlas/blocks.png:neoforge:items/bucket_fluid
[21Jun2026 02:48:07.886] [Render thread/INFO] [net.minecraft.client.Minecraft/]: Waiting for overlay to disappear...
[21Jun2026 02:48:07.886] [Render thread/INFO] [net.minecraft.client.Minecraft/]: Waiting for player to load...
[21Jun2026 02:48:07.951] [Render thread/INFO] [net.minecraft.client.Minecraft/]: Waiting for overlay to disappear...
[21Jun2026 02:48:07.951] [Render thread/INFO] [net.minecraft.client.Minecraft/]: Waiting for player to load...
[21Jun2026 02:48:07.984] [Render thread/INFO] [net.minecraft.client.Minecraft/]: Waiting for overlay to disappear...
[21Jun2026 02:48:07.985] [Render thread/INFO] [net.minecraft.client.Minecraft/]: Waiting for player to load...
[21Jun2026 02:48:08.093] [Render thread/INFO] [net.minecraft.client.Minecraft/]: Waiting for overlay to disappear...
[21Jun2026 02:48:08.094] [Render thread/INFO] [net.minecraft.client.Minecraft/]: Waiting for player to load...
[21Jun2026 02:48:08.308] [Render thread/WARN] [net.minecraft.client.sounds.SoundEngine/]: Missing sound for event: minecraft:entity.allay.ambient_with_item
[21Jun2026 02:48:08.309] [Render thread/WARN] [net.minecraft.client.sounds.SoundEngine/]: Missing sound for event: minecraft:entity.allay.ambient_without_item
[21Jun2026 02:48:08.309] [Render thread/WARN] [net.minecraft.client.sounds.SoundEngine/]: Missing sound for event: minecraft:entity.allay.death
[21Jun2026 02:48:08.309] [Render thread/WARN] [net.minecraft.client.sounds.SoundEngine/]: Missing sound for event: minecraft:entity.allay.hurt
[21Jun2026 02:48:08.309] [Render thread/WARN] [net.minecraft.client.sounds.SoundEngine/]: Missing sound for event: minecraft:entity.allay.item_given
[21Jun2026 02:48:08.309] [Render thread/WARN] [net.minecraft.client.sounds.SoundEngine/]: Missing sound for event: minecraft:entity.allay.item_taken
[21Jun2026 02:48:08.309] [Render thread/WARN] [net.minecraft.client.sounds.SoundEngine/]: Missing sound for event: minecraft:entity.allay.item_thrown
[21Jun2026 02:48:08.309] [Render thread/WARN] [net.minecraft.client.sounds.SoundEngine/]: Missing sound for event: minecraft:ambient.cave
[21Jun2026 02:48:08.309] [Render thread/WARN] [net.minecraft.client.sounds.SoundEngine/]: Missing sound for event: minecraft:ambient.basalt_deltas.additions
[21Jun2026 02:48:08.309] [Render thread/WARN] [net.minecraft.client.sounds.SoundEngine/]: Missing sound for event: minecraft:ambient.basalt_deltas.loop
[21Jun2026 02:48:08.309] [Render thread/WARN] [net.minecraft.client.sounds.SoundEngine/]: Missing sound for event: minecraft:ambient.basalt_deltas.mood
[21Jun2026 02:48:08.309] [Render thread/WARN] [net.minecraft.client.sounds.SoundEngine/]: Missing sound for event: minecraft:ambient.crimson_forest.additions
[21Jun2026 02:48:08.309] [Render thread/WARN] [net.minecraft.client.sounds.SoundEngine/]: Missing sound for event: minecraft:ambient.crimson_forest.loop
