[03:19:11] [main/WARNING] [Main]: Not running from the headlessmc-launcher-wrapper. No plugin support and in-memory launching.
Launching version 1.12.2-forge-14.23.5.2864, 38ac0ba3-0658-4d02-95b0-d7142877a57e
[03:19:11] [main/INFO] [XvfbService]: Running with xvfb
[03:19:11] [main/INFO] [LaunchOptions]: You are offline but running with xvfb, not using headless mode.
[03:19:11] [main/INFO] [Log4jPatcher]: Patching lookup in org/apache/logging/log4j/core/lookup/Interpolator
[03:19:11] [main/INFO] [Log4jPatcher]: Patching lookup in org/apache/logging/log4j/core/lookup/JndiLookup
[03:19:12] [ForkJoinPool.commonPool-worker-1/INFO] [AssetsDownloader]: 68% (889/1305) Downloading: minecraft/lang/io_en.lang from https://resources.download.minecraft.net/67/67bd1c14d71f119b89a915fd30e2dfafb17f2c26 to /home/runner/.minecraft/assets/objects/67/67bd1c14d71f119b89a915fd30e2dfafb17f2c26
[03:19:13] [ForkJoinPool.commonPool-worker-1/INFO] [AssetsDownloader]: 98% (1284/1305) Downloading: minecraft/lang/is_is.lang from https://resources.download.minecraft.net/86/864a87efc88e3ba42dcca648b27e84cea78d5a44 to /home/runner/.minecraft/assets/objects/86/864a87efc88e3ba42dcca648b27e84cea78d5a44
[03:19:13] [ForkJoinPool.commonPool-worker-1/INFO] [AssetsDownloader]: 98% (1285/1305) Downloading: minecraft/lang/it_it.lang from https://resources.download.minecraft.net/66/666bd703b6739d96922767d7073d4a618008b901 to /home/runner/.minecraft/assets/objects/66/666bd703b6739d96922767d7073d4a618008b901
[03:19:13] [ForkJoinPool.commonPool-worker-1/INFO] [AssetsDownloader]: 98% (1286/1305) Downloading: minecraft/lang/ja_jp.lang from https://resources.download.minecraft.net/8e/8eedb38dbb5220be3d5aafc2135beb105548f5e1 to /home/runner/.minecraft/assets/objects/8e/8eedb38dbb5220be3d5aafc2135beb105548f5e1
[03:19:14] [ForkJoinPool.commonPool-worker-1/INFO] [AssetsDownloader]: 98% (1287/1305) Downloading: minecraft/lang/jbo_en.lang from https://resources.download.minecraft.net/9c/9c5fa31f5eec13fdf1a51b4085875d3596df911f to /home/runner/.minecraft/assets/objects/9c/9c5fa31f5eec13fdf1a51b4085875d3596df911f
[03:19:14] [ForkJoinPool.commonPool-worker-1/INFO] [AssetsDownloader]: 98% (1288/1305) Downloading: minecraft/lang/ka_ge.lang from https://resources.download.minecraft.net/12/12e3eded2c142a44d6657ed70d7b14f7d7acfa30 to /home/runner/.minecraft/assets/objects/12/12e3eded2c142a44d6657ed70d7b14f7d7acfa30
[03:19:15] [ForkJoinPool.commonPool-worker-1/INFO] [AssetsDownloader]: 98% (1289/1305) Downloading: minecraft/lang/kab_kab.lang from https://resources.download.minecraft.net/c2/c2ce34c3f0f3b600b58f61b4a3641a4808a74b02 to /home/runner/.minecraft/assets/objects/c2/c2ce34c3f0f3b600b58f61b4a3641a4808a74b02
[03:19:15] [ForkJoinPool.commonPool-worker-1/INFO] [AssetsDownloader]: 98% (1290/1305) Downloading: minecraft/lang/kn_in.lang from https://resources.download.minecraft.net/23/23fbe0fd1884f45271ed69ad88049497efb35d6c to /home/runner/.minecraft/assets/objects/23/23fbe0fd1884f45271ed69ad88049497efb35d6c
[03:19:15] [ForkJoinPool.commonPool-worker-1/INFO] [AssetsDownloader]: 98% (1291/1305) Downloading: minecraft/lang/ko_kr.lang from https://resources.download.minecraft.net/50/502813d62264297168b2fb6cf732fc3ee337d42f to /home/runner/.minecraft/assets/objects/50/502813d62264297168b2fb6cf732fc3ee337d42f
[03:19:15] [ForkJoinPool.commonPool-worker-1/INFO] [AssetsDownloader]: 99% (1292/1305) Downloading: minecraft/lang/ksh_de.lang from https://resources.download.minecraft.net/dd/dd6cb1cfd80e94c7383d775dcf40be246730f258 to /home/runner/.minecraft/assets/objects/dd/dd6cb1cfd80e94c7383d775dcf40be246730f258
[03:19:15] [ForkJoinPool.commonPool-worker-1/INFO] [AssetsDownloader]: 99% (1293/1305) Downloading: minecraft/lang/kw_gb.lang from https://resources.download.minecraft.net/e3/e30b26c2c6b0831d4ab27c1c9a3cbb101480059f to /home/runner/.minecraft/assets/objects/e3/e30b26c2c6b0831d4ab27c1c9a3cbb101480059f
[03:19:15] [ForkJoinPool.commonPool-worker-1/INFO] [AssetsDownloader]: 99% (1294/1305) Downloading: minecraft/lang/la_la.lang from https://resources.download.minecraft.net/f7/f7c1e2aeaf4c2206b3358a05ed965f90d64d30c5 to /home/runner/.minecraft/assets/objects/f7/f7c1e2aeaf4c2206b3358a05ed965f90d64d30c5
[03:19:15] [ForkJoinPool.commonPool-worker-1/INFO] [AssetsDownloader]: 99% (1295/1305) Downloading: minecraft/lang/lb_lu.lang from https://resources.download.minecraft.net/cb/cb4ff2f90514c03df1785ed9f2e2d7dfaf72ab19 to /home/runner/.minecraft/assets/objects/cb/cb4ff2f90514c03df1785ed9f2e2d7dfaf72ab19
[03:19:15] [ForkJoinPool.commonPool-worker-1/INFO] [AssetsDownloader]: 99% (1296/1305) Downloading: minecraft/lang/li_li.lang from https://resources.download.minecraft.net/c7/c70e1d2ceb4d5df200df4d316057bb02ce3f2e69 to /home/runner/.minecraft/assets/objects/c7/c70e1d2ceb4d5df200df4d316057bb02ce3f2e69
[03:19:15] [ForkJoinPool.commonPool-worker-1/INFO] [AssetsDownloader]: 99% (1297/1305) Downloading: minecraft/lang/lol_us.lang from https://resources.download.minecraft.net/4f/4fc6d871740918708b2d691ac61ed9ad54fb4594 to /home/runner/.minecraft/assets/objects/4f/4fc6d871740918708b2d691ac61ed9ad54fb4594
[03:19:15] [ForkJoinPool.commonPool-worker-1/INFO] [AssetsDownloader]: 99% (1298/1305) Downloading: minecraft/lang/lt_lt.lang from https://resources.download.minecraft.net/18/1835472180d3631899d2f48870f6ff2e10debd72 to /home/runner/.minecraft/assets/objects/18/1835472180d3631899d2f48870f6ff2e10debd72
[03:19:15] [ForkJoinPool.commonPool-worker-1/INFO] [AssetsDownloader]: 99% (1299/1305) Downloading: minecraft/lang/lv_lv.lang from https://resources.download.minecraft.net/50/50fc15219b14bddb21e57afcb3e7ea718ed1f274 to /home/runner/.minecraft/assets/objects/50/50fc15219b14bddb21e57afcb3e7ea718ed1f274
[03:19:15] [ForkJoinPool.commonPool-worker-1/INFO] [AssetsDownloader]: 99% (1300/1305) Downloading: minecraft/lang/mi_nz.lang from https://resources.download.minecraft.net/9e/9e5788c3cc56c9958fbfd5fc31ef753635126b5f to /home/runner/.minecraft/assets/objects/9e/9e5788c3cc56c9958fbfd5fc31ef753635126b5f
[03:19:15] [ForkJoinPool.commonPool-worker-1/INFO] [AssetsDownloader]: 99% (1301/1305) Downloading: minecraft/lang/mk_mk.lang from https://resources.download.minecraft.net/48/48961b764db1758df0c02d5f7bd89f9442de8658 to /home/runner/.minecraft/assets/objects/48/48961b764db1758df0c02d5f7bd89f9442de8658
[03:19:15] [ForkJoinPool.commonPool-worker-1/INFO] [AssetsDownloader]: 99% (1302/1305) Downloading: minecraft/lang/mn_mn.lang from https://resources.download.minecraft.net/9e/9ec684ed23c1a9bcceed3c147a5887d21a7f0b39 to /home/runner/.minecraft/assets/objects/9e/9ec684ed23c1a9bcceed3c147a5887d21a7f0b39
[03:19:15] [ForkJoinPool.commonPool-worker-1/INFO] [AssetsDownloader]: 99% (1303/1305) Downloading: minecraft/lang/ms_my.lang from https://resources.download.minecraft.net/6c/6ce35b73496ada1b92ff4ca3f569ca0d211ec22d to /home/runner/.minecraft/assets/objects/6c/6ce35b73496ada1b92ff4ca3f569ca0d211ec22d
[03:19:15] [ForkJoinPool.commonPool-worker-1/INFO] [AssetsDownloader]: 99% (1304/1305) Downloading: minecraft/lang/mt_mt.lang from https://resources.download.minecraft.net/a3/a3149cbd9a6b5315d626feaf24ffb067c220a793 to /home/runner/.minecraft/assets/objects/a3/a3149cbd9a6b5315d626feaf24ffb067c220a793
[03:19:15] [ForkJoinPool.commonPool-worker-1/INFO] [AssetsDownloader]: 100% (1305/1305) Downloading: minecraft/lang/nds_de.lang from https://resources.download.minecraft.net/bd/bd74bad2f8bfeee6cf3181aa932971fd8b1ed41c to /home/runner/.minecraft/assets/objects/bd/bd74bad2f8bfeee6cf3181aa932971fd8b1ed41c
[03:19:15] [main/INFO] [ParallelIOService]: Download took 3384.769952ms, parallel: true
[03:19:15] [main/INFO] [ProcessFactory]: Game will run in /home/runner/work/ModCompiler/ModCompiler/run
2026-06-21 03:19:16,558 main WARN Error while converting string [HeadlessMc prevented Log4j lookup!] to type [class org.apache.logging.log4j.Level]. Using default value [null]. java.lang.IllegalArgumentException: Unknown level constant [HEADLESSMC PREVENTED LOG4J LOOKUP!].
	at org.apache.logging.log4j.Level.valueOf(Level.java:320)
	at org.apache.logging.log4j.core.config.plugins.convert.TypeConverters$LevelConverter.convert(TypeConverters.java:289)
	at org.apache.logging.log4j.core.config.plugins.convert.TypeConverters$LevelConverter.convert(TypeConverters.java:285)
	at org.apache.logging.log4j.core.config.plugins.convert.TypeConverters.convert(TypeConverters.java:420)
	at org.apache.logging.log4j.core.config.plugins.visitors.AbstractPluginVisitor.convert(AbstractPluginVisitor.java:149)
	at org.apache.logging.log4j.core.config.plugins.visitors.PluginAttributeVisitor.visit(PluginAttributeVisitor.java:44)
	at org.apache.logging.log4j.core.config.plugins.util.PluginBuilder.generateParameters(PluginBuilder.java:258)
	at org.apache.logging.log4j.core.config.plugins.util.PluginBuilder.build(PluginBuilder.java:135)
	at org.apache.logging.log4j.core.config.AbstractConfiguration.createPluginObject(AbstractConfiguration.java:1107)
	at org.apache.logging.log4j.core.config.AbstractConfiguration.createConfiguration(AbstractConfiguration.java:1032)
	at org.apache.logging.log4j.core.config.AbstractConfiguration.createConfiguration(AbstractConfiguration.java:1024)
	at org.apache.logging.log4j.core.config.AbstractConfiguration.doConfigure(AbstractConfiguration.java:643)
	at org.apache.logging.log4j.core.config.AbstractConfiguration.initialize(AbstractConfiguration.java:243)
	at org.apache.logging.log4j.core.config.AbstractConfiguration.start(AbstractConfiguration.java:289)
	at org.apache.logging.log4j.core.LoggerContext.setConfiguration(LoggerContext.java:626)
	at org.apache.logging.log4j.core.LoggerContext.reconfigure(LoggerContext.java:699)
	at org.apache.logging.log4j.core.LoggerContext.reconfigure(LoggerContext.java:716)
	at org.apache.logging.log4j.core.LoggerContext.start(LoggerContext.java:270)
	at org.apache.logging.log4j.core.impl.Log4jContextFactory.getContext(Log4jContextFactory.java:245)
	at org.apache.logging.log4j.core.impl.Log4jContext