[02:48:07] [Client thread/INFO]: Setting user: Offline
[02:48:09] [Client thread/INFO]: LWJGL Version: 2.9.4
[02:48:14] [Client thread/INFO]: Reloading ResourceManager: Default, FMLFileResourcePack:Forge Mod Loader, FMLFileResourcePack:Minecraft Forge, FMLFileResourcePack:PingFix
[02:48:15] [Client thread/ERROR]: Couldn't initialize twitch stream
[02:48:15] [Sound Library Loader/INFO]: Starting up SoundSystem...
[02:48:15] [Thread-7/INFO]: Initializing LWJGL OpenAL
[02:48:15] [Thread-7/INFO]: (The LWJGL binding of OpenAL.  For more information, see http://www.lwjgl.org)
[02:48:15] [Thread-7/ERROR]: Error in class 'LibraryLWJGLOpenAL'
[02:48:15] [Thread-7/ERROR]: Unable to initialize OpenAL.  Probable cause: OpenAL not supported.
[02:48:15] [Thread-7/WARN]: ERROR MESSAGE:
[02:48:15] [Thread-7/INFO]: Could not locate OpenAL library.
[02:48:15] [Thread-7/WARN]: STACK TRACE:
[02:48:15] [Thread-7/INFO]: org.lwjgl.openal.AL.create(AL.java:156)
[02:48:15] [Thread-7/INFO]: org.lwjgl.openal.AL.create(AL.java:102)
[02:48:15] [Thread-7/INFO]: org.lwjgl.openal.AL.create(AL.java:206)
[02:48:15] [Thread-7/INFO]: paulscode.sound.libraries.LibraryLWJGLOpenAL.init(LibraryLWJGLOpenAL.java:164)
[02:48:15] [Thread-7/INFO]: paulscode.sound.SoundSystem.CommandNewLibrary(SoundSystem.java:1576)
[02:48:15] [Thread-7/INFO]: paulscode.sound.SoundSystem.CommandQueue(SoundSystem.java:2572)
[02:48:15] [Thread-7/INFO]: paulscode.sound.CommandThread.run(CommandThread.java:121)
[02:48:15] [Sound Library Loader/WARN]: ERROR MESSAGE:
[02:48:15] [Sound Library Loader/INFO]: Could not locate OpenAL library.
[02:48:15] [Sound Library Loader/INFO]: Starting up SoundSystem...
[02:48:16] [Thread-9/INFO]: Switching to No Sound
[02:48:16] [Thread-9/INFO]: (Silent Mode)
[02:48:16] [Sound Library Loader/INFO]: Sound engine started
[02:48:16] [Client thread/INFO]: Created: 16x16 textures-atlas
[02:48:17] [Client thread/INFO]: Reloading ResourceManager: Default, FMLFileResourcePack:Forge Mod Loader, FMLFileResourcePack:Minecraft Forge, FMLFileResourcePack:PingFix
[02:48:17] [Client thread/INFO]: SoundSystem shutting down...
[02:48:17] [Client thread/WARN]: Author: Paul Lamb, www.paulscode.com
[02:48:17] [Sound Library Loader/INFO]: Starting up SoundSystem...
[02:48:18] [Thread-11/INFO]: Initializing LWJGL OpenAL
[02:48:18] [Thread-11/INFO]: (The LWJGL binding of OpenAL.  For more information, see http://www.lwjgl.org)
