Downloading https://services.gradle.org/distributions/gradle-9.3.1-bin.zip
.............10%.............20%.............30%.............40%.............50%.............60%.............70%.............80%.............90%.............100%

Welcome to Gradle 9.3.1!

Here are the highlights of this release:
 - Test reporting improvements
 - Error and warning improvements
 - Build authoring improvements

For more details see https://docs.gradle.org/9.3.1/release-notes.html

To honour the JVM settings for this build a single-use Daemon process will be forked. For more on this, please refer to https://docs.gradle.org/9.3.1/userguide/gradle_daemon.html#sec:disabling_the_daemon in the Gradle documentation.
Daemon will be stopped at the end of the build 
Parallel Configuration Cache is an incubating feature.
Configuration on demand is an incubating feature.
Calculating task graph as no cached configuration is available for tasks: build

> Configure project :
Minecraft Mavenizer 0.4.25 by Forge Development LLC
  Output:             /tmp/modcompiler-sethome-forge-1-21-5-ow0cuhx1/workspace/.gradle/mavenizer/repo
  Output JSON:        /tmp/modcompiler-sethome-forge-1-21-5-ow0cuhx1/workspace/.gradle/mavenizer/dependencies/default.json
  Dependencies Only:  false
  Cache:              /home/runner/.gradle/caches/minecraftforge/forgegradle/mavenizer/caches
  JDK Cache:          /home/runner/.gradle/caches/minecraftforge/forgegradle/mavenizer/caches
  Offline:            false
  Cache Only:         false
  Mappings:           official
  Foreign Repos:      [https://repo.maven.apache.org/maven2/, https://maven.minecraftforge.net/, https://libraries.minecraft.net/]
  GradleVariantHack:  true
  Disable Gradle:     false
  Stub Jars:          false

Processing Minecraft dependency: net.minecraftforge:forge:1.21.5-55.1.7
Processing Minecraft Forge (userdev): 1.21.5-55.1.7
Mappings Zip
  extract[mappings]
  downloadLauncherManifest
  downloadVersionJson[1.21.5]
  download[1.21.5][client_mappings]
  mergeMappings
  download[1.21.5][server_mappings]
  srg2names[official-1.21.5]
Mappings POM
  pom[mappings_official]
Mappings map2obf
  mapped2obf[official-1.21.5]
Mappings map2srg
  mapped2srg[official-1.21.5]
Client Extra
  download[1.21.5][client]
  extract[mappings]
  mergeMappings
  extra[client]
Client Maven POM
  pom[client-extra]
Sources
  listLibraries
  download[1.21.5][server]
  extractServer
  stripServer
  stripClient
  merge
  rename
  modifyAccess
  stripSides
  decompile
  extract[inject]
  inject
  extract[patches]
  patch
  patch[forge]
  downloadSources
  injectSources[forge]
  remap[forge][official-1.21.5][javadoc]
  remap[forge][official-1.21.5][javadoc][variants]
Classes
  recompile[forge][official-1.21.5]
  injectData[forge][official-1.21.5]
  injectData[forge][official-1.21.5][variants]
Maven POM
  pom[forge]
Metadata
  metadata[forge]
  metadata[forge][variants]
Minecraft Maven has finished, took 3:30.791

> Task :processResources

> Task :compileJava
/tmp/modcompiler-sethome-forge-1-21-5-ow0cuhx1/workspace/src/main/java/net/itamio/sethome/SetHomeMod.java:34: warning: [removal] get() in ModLoadingContext has been deprecated and marked for removal
        net.minecraftforge.fml.ModLoadingContext.get().registerConfig(ModConfig.Type.COMMON, SPEC);
                                                ^
/tmp/modcompiler-sethome-forge-1-21-5-ow0cuhx1/workspace/src/main/java/net/itamio/sethome/SetHomeMod.java:74: error: incompatible types: MutableComponent cannot be converted to Supplier<Component>
        src.sendSuccess(Component.literal("Teleported to home '" + name + "'."), false); return 1;
                                         ^
/tmp/modcompiler-sethome-forge-1-21-5-ow0cuhx1/workspace/src/main/java/net/itamio/sethome/SetHomeMod.java:91: error: method computeIfAbsent in class DimensionDataStorage cannot be applied to given types;
            return storage.computeIfAbsent(HomeData::load, HomeData::new, NAME);
                          ^
  required: SavedDataType<T>
  found:    HomeData::load,HomeData::new,String
  reason: cannot infer type-variable(s) T
    (actual and formal argument lists differ in length)
  where T is a type-variable:
    T extends SavedData declared in method <T>computeIfAbsent(SavedDataType<T>)
/tmp/modcompiler-sethome-forge-1-21-5-ow0cuhx1/workspace/src/main/java/net/itamio/sethome/SetHomeMod.java:95: error: method getList in class CompoundTag cannot be applied to given types;
            ListTag players = tag.getList("players", 10);
                                 ^
  required: String
  found:    String,int
  reason: actual and formal argument lists differ in length
/tmp/modcompiler-sethome-forge-1-21-5-ow0cuhx1/workspace/src/main/java/net/itamio/sethome/SetHomeMod.java:97: error: incompatible types: Optional<CompoundTag> cannot be converted to CompoundTag
                CompoundTag pc = players.getCompound(i);
                                                    ^
/tmp/modcompiler-sethome-forge-1-21-5-ow0cuhx1/workspace/src/main/java/net/itamio/sethome/SetHomeMod.java:99: error: method getList in class CompoundTag cannot be applied to given types;
                ListTag hl = pc.getList("homes", 10);
                               ^
  required: String
  found:    String,int
  reason: actual and formal argument lists differ in length
/tmp/modcompiler-sethome-forge-1-21-5-ow0cuhx1/workspace/src/main/java/net/itamio/sethome/SetHomeMod.java:101: error: incompatible types: Optional<CompoundTag> cannot be converted to CompoundTag
                    CompoundTag hc = hl.getCompound(j);
                                                   ^
/tmp/modcompiler-sethome-forge-1-21-5-ow0cuhx1/workspace/src/main/java/net/itamio/sethome/SetHomeMod.java:103: error: incompatible types: Optional<Double> cannot be converted to double
                        hc.getDouble("x"),hc.getDouble("y"),hc.getDouble("z"),
                                    ^
/tmp/modcompiler-sethome-forge-1-21-5-ow0cuhx1/workspace/src/main/java/net/itamio/sethome/SetHomeMod.java:103: error: incompatible types: Optional<Double> cannot be converted to double
                        hc.getDouble("x"),hc.getDouble("y"),hc.getDouble("z"),
                                                      ^
/tmp/modcompiler-sethome-forge-1-21-5-ow0cuhx1/workspace/src/main/java/net/itamio/sethome/SetHomeMod.java:103: error: incompatible types: Optional<Double> cannot be converted to double
                        hc.getDouble("x"),hc.getDouble("y"),hc.getDouble("z"),
                                                                        ^
/tmp/modcompiler-sethome-forge-1-21-5-ow0cuhx1/workspace/src/main/java/net/itamio/sethome/SetHomeMod.java:104: error: incompatible types: Optional<Float> cannot be converted to double
                        hc.getFloat("yaw"),hc.getFloat("pitch")});
                                   ^
/tmp/modcompiler-sethome-forge-1-21-5-ow0cuhx1/workspace/src/main/java/net/itamio/sethome/SetHomeMod.java:104: error: incompatible types: Optional<Float> cannot be converted to double
                        hc.getFloat("yaw"),hc.getFloat("pitch")});
                                                      ^
/tmp/modcompiler-sethome-forge-1-21-5-ow0cuhx1/workspace/src/main/java/net/itamio/sethome/SetHomeMod.java:102: error: incompatible types: Optional<String> cannot be converted to String
                    homes.put(hc.getString("name"), new double[]{
                                          ^
/tmp/modcompiler-sethome-forge-1-21-5-ow0cuhx1/workspace/src/main/java/net/itamio/sethome/SetHomeMod.java:106: error: incompatible types: Optional<String> cannot be converted to String
                d.data.put(pc.getString("uuid"), homes);
                                       ^
/tmp/modcompiler-sethome-forge-1-21-5-ow0cuhx1/workspace/src/main/java/net/itamio/sethome/SetHomeMod.java:110: error: method does not override or implement a method from a supertype
        @Override
        ^
Note: Some messages have been simplified; recompile with -Xdiags:verbose to get full output
14 errors
1 warning

> Task :compileJava FAILED

[Incubating] Problems report is available at: file:///tmp/modcompiler-sethome-forge-1-21-5-ow0cuhx1/workspace/build/reports/problems/problems-report.html

FAILURE: Build failed with an exception.

* What went wrong:
Execution failed for task ':compileJava'.
> Compilation failed; see the compiler output below.
  /tmp/modcompiler-sethome-forge-1-21-5-ow0cuhx1/workspace/src/main/java/net/itamio/sethome/SetHomeMod.java:91: error: method computeIfAbsent in class DimensionDataStorage cannot be applied to given types;
              return storage.computeIfAbsent(HomeData::load, HomeData::new, NAME);
                            ^
    required: SavedDataType<T>
    found:    HomeData::load,HomeData::new,String
    reason: cannot infer type-variable(s) T
      (actual and formal argument lists differ in length)
    where T is a type-variable:
      T extends SavedData declared in method <T>computeIfAbsent(SavedDataType<T>)
  /tmp/modcompiler-sethome-forge-1-21-5-ow0cuhx1/workspace/src/main/java/net/itamio/sethome/SetHomeMod.java:95: error: method getList in class CompoundTag cannot be applied to given types;
              ListTag players = tag.getList("players", 10);
                                   ^
    required: String
    found:    String,int
    reason: actual and formal argument lists differ in length
  /tmp/modcompiler-sethome-forge-1-21-5-ow0cuhx1/workspace/src/main/java/net/itamio/sethome/SetHomeMod.java:99: error: method getList in class CompoundTag cannot be applied to given types;
                  ListTag hl = pc.getList("homes", 10);
                                 ^
    required: String
    found:    String,int
    reason: actual and formal argument lists differ in length
  /tmp/modcompiler-sethome-forge-1-21-5-ow0cuhx1/workspace/src/main/java/net/itamio/sethome/SetHomeMod.java:74: error: incompatible types: MutableComponent cannot be converted to Supplier<Component>
          src.sendSuccess(Component.literal("Teleported to home '" + name + "'."), false); return 1;
                                           ^
  /tmp/modcompiler-sethome-forge-1-21-5-ow0cuhx1/workspace/src/main/java/net/itamio/sethome/SetHomeMod.java:97: error: incompatible types: Optional<CompoundTag> cannot be converted to CompoundTag
                  CompoundTag pc = players.getCompound(i);
                                                      ^
  /tmp/modcompiler-sethome-forge-1-21-5-ow0cuhx1/workspace/src/main/java/net/itamio/sethome/SetHomeMod.java:101: error: incompatible types: Optional<CompoundTag> cannot be converted to CompoundTag
                      CompoundTag hc = hl.getCompound(j);
                                                     ^
  /tmp/modcompiler-sethome-forge-1-21-5-ow0cuhx1/workspace/src/main/java/net/itamio/sethome/SetHomeMod.java:103: error: incompatible types: Optional<Double> cannot be converted to double
                          hc.getDouble("x"),hc.getDouble("y"),hc.getDouble("z"),
                                      ^
  /tmp/modcompiler-sethome-forge-1-21-5-ow0cuhx1/workspace/src/main/java/net/itamio/sethome/SetHomeMod.java:103: error: incompatible types: Optional<Double> cannot be converted to double
                          hc.getDouble("x"),hc.getDouble("y"),hc.getDouble("z"),
                                                        ^
  /tmp/modcompiler-sethome-forge-1-21-5-ow0cuhx1/workspace/src/main/java/net/itamio/sethome/SetHomeMod.java:103: error: incompatible types: Optional<Double> cannot be converted to double
                          hc.getDouble("x"),hc.getDouble("y"),hc.getDouble("z"),
                                                                          ^
  /tmp/modcompiler-sethome-forge-1-21-5-ow0cuhx1/workspace/src/main/java/net/itamio/sethome/SetHomeMod.java:104: error: incompatible types: Optional<Float> cannot be converted to double
                          hc.getFloat("yaw"),hc.getFloat("pitch")});
                                     ^
  /tmp/modcompiler-sethome-forge-1-21-5-ow0cuhx1/workspace/src/main/java/net/itamio/sethome/SetHomeMod.java:104: error: incompatible types: Optional<Float> cannot be converted to double
                          hc.getFloat("yaw"),hc.getFloat("pitch")});
                                                        ^
  /tmp/modcompiler-sethome-forge-1-21-5-ow0cuhx1/workspace/src/main/java/net/itamio/sethome/SetHomeMod.java:102: error: incompatible types: Optional<String> cannot be converted to String
                      homes.put(hc.getString("name"), new double[]{
                                            ^
  /tmp/modcompiler-sethome-forge-1-21-5-ow0cuhx1/workspace/src/main/java/net/itamio/sethome/SetHomeMod.java:106: error: incompatible types: Optional<String> cannot be converted to String
                  d.data.put(pc.getString("uuid"), homes);
                                         ^
  /tmp/modcompiler-sethome-forge-1-21-5-ow0cuhx1/workspace/src/main/java/net/itamio/sethome/SetHomeMod.java:110: error: method does not override or implement a method from a supertype
          @Override
          ^
  /tmp/modcompiler-sethome-forge-1-21-5-ow0cuhx1/workspace/src/main/java/net/itamio/sethome/SetHomeMod.java:34: warning: [removal] get() in ModLoadingContext has been deprecated and marked for removal
          net.minecraftforge.fml.ModLoadingContext.get().registerConfig(ModConfig.Type.COMMON, SPEC);
                                                  ^
  Note: Some messages have been simplified; recompile with -Xdiags:verbose to get full output
  14 errors
  1 warning

* Try:
> Check your code and dependencies to fix the compilation error(s)
> Run with --scan to get full insights from a Build Scan (powered by Develocity).

* Exception is:
org.gradle.api.tasks.TaskExecutionException: Execution failed for task ':compileJava'.
	at org.gradle.api.internal.tasks.execution.ExecuteActionsTaskExecuter.lambda$executeIfValid$1(ExecuteActionsTaskExecuter.java:135)
	at org.gradle.internal.Try$Failure.ifSuccessfulOrElse(Try.java:288)
	at org.gradle.api.internal.tasks.execution.ExecuteActionsTaskExecuter.executeIfValid(ExecuteActionsTaskExecuter.java:133)
	at org.gradle.api.internal.tasks.execution.ExecuteActionsTaskExecuter.execute(ExecuteActionsTaskExecuter.java:121)
	at org.gradle.api.internal.tasks.execution.ProblemsTaskPathTrackingTaskExecuter.execute(ProblemsTaskPathTrackingTaskExecuter.java:41)
	at org.gradle.api.internal.tasks.execution.FinalizePropertiesTaskExecuter.execute(FinalizePropertiesTaskExecuter.java:46)
	at org.gradle.api.internal.tasks.execution.ResolveTaskExecutionModeExecuter.execute(ResolveTaskExecutionModeExecuter.java:51)
	at org.gradle.api.internal.tasks.execution.SkipTaskWithNoActionsExecuter.execute(SkipTaskWithNoActionsExecuter.java:57)
	at org.gradle.api.internal.tasks.execution.SkipOnlyIfTaskExecuter.execute(SkipOnlyIfTaskExecuter.java:74)
	at org.gradle.api.internal.tasks.execution.CatchExceptionTaskExecuter.execute(CatchExceptionTaskExecuter.java:36)
	at org.gradle.api.internal.tasks.execution.EventFiringTaskExecuter$1.executeTask(EventFiringTaskExecuter.java:77)
	at org.gradle.api.internal.tasks.execution.EventFiringTaskExecuter$1.call(EventFiringTaskExecuter.java:55)
	at org.gradle.api.internal.tasks.execution.EventFiringTaskExecuter$1.call(EventFiringTaskExecuter.java:52)
	at org.gradle.internal.operations.DefaultBuildOperationRunner$CallableBuildOperationWorker.execute(DefaultBuildOperationRunner.java:209)
	at org.gradle.internal.operations.DefaultBuildOperationRunner$CallableBuildOperationWorker.execute(DefaultBuildOperationRunner.java:204)
	at org.gradle.internal.operations.DefaultBuildOperationRunner$2.execute(DefaultBuildOperationRunner.java:66)
	at org.gradle.internal.operations.DefaultBuildOperationRunner$2.execute(DefaultBuildOperationRunner.java:59)
	at org.gradle.internal.operations.DefaultBuildOperationRunner.execute(DefaultBuildOperationRunner.java:166)
	at org.gradle.internal.operations.DefaultBuildOperationRunner.execute(DefaultBuildOperationRunner.java:59)
	at org.gradle.internal.operations.DefaultBuildOperationRunner.call(DefaultBuildOperationRunner.java:53)
	at org.gradle.api.internal.tasks.execution.EventFiringTaskExecuter.execute(EventFiringTaskExecuter.java:52)
	at org.gradle.execution.plan.DefaultNodeExecutor.executeLocalTaskNode(DefaultNodeExecutor.java:55)
	at org.gradle.execution.plan.DefaultNodeExecutor.execute(DefaultNodeExecutor.java:34)
	at org.gradle.execution.taskgraph.DefaultTaskExecutionGraph$InvokeNodeExecutorsAction.execute(DefaultTaskExecutionGraph.java:355)
	at org.gradle.execution.taskgraph.DefaultTaskExecutionGraph$InvokeNodeExecutorsAction.execute(DefaultTaskExecutionGraph.java:343)
	at org.gradle.execution.taskgraph.DefaultTaskExecutionGraph$BuildOperationAwareExecutionAction.lambda$execute$0(DefaultTaskExecutionGraph.java:339)
	at org.gradle.internal.operations.CurrentBuildOperationRef.with(CurrentBuildOperationRef.java:84)
	at org.gradle.execution.taskgraph.DefaultTaskExecutionGraph$BuildOperationAwareExecutionAction.execute(DefaultTaskExecutionGraph.java:339)
	at org.gradle.execution.taskgraph.DefaultTaskExecutionGraph$BuildOperationAwareExecutionAction.execute(DefaultTaskExecutionGraph.java:328)
	at org.gradle.execution.plan.DefaultPlanExecutor$ExecutorWorker.execute(DefaultPlanExecutor.java:459)
	at org.gradle.execution.plan.DefaultPlanExecutor$ExecutorWorker.run(DefaultPlanExecutor.java:376)
	at org.gradle.internal.concurrent.ExecutorPolicy$CatchAndRecordFailures.onExecute(ExecutorPolicy.java:64)
	at org.gradle.internal.concurrent.AbstractManagedExecutor$1.run(AbstractManagedExecutor.java:47)
Caused by: org.gradle.api.internal.tasks.compile.CompilationFailedException: Compilation failed; see the compiler output below.
/tmp/modcompiler-sethome-forge-1-21-5-ow0cuhx1/workspace/src/main/java/net/itamio/sethome/SetHomeMod.java:34: warning: [removal] get() in ModLoadingContext has been deprecated and marked for removal
        net.minecraftforge.fml.ModLoadingContext.get().registerConfig(ModConfig.Type.COMMON, SPEC);
                                                ^
/tmp/modcompiler-sethome-forge-1-21-5-ow0cuhx1/workspace/src/main/java/net/itamio/sethome/SetHomeMod.java:74: error: incompatible types: MutableComponent cannot be converted to Supplier<Component>
        src.sendSuccess(Component.literal("Teleported to home '" + name + "'."), false); return 1;
                                         ^
/tmp/modcompiler-sethome-forge-1-21-5-ow0cuhx1/workspace/src/main/java/net/itamio/sethome/SetHomeMod.java:91: error: method computeIfAbsent in class DimensionDataStorage cannot be applied to given types;
            return storage.computeIfAbsent(HomeData::load, HomeData::new, NAME);
                          ^
  required: SavedDataType<T>
  found:    HomeData::load,HomeData::new,String
  reason: cannot infer type-variable(s) T
    (actual and formal argument lists differ in length)
  where T is a type-variable:
    T extends SavedData declared in method <T>computeIfAbsent(SavedDataType<T>)
/tmp/modcompiler-sethome-forge-1-21-5-ow0cuhx1/workspace/src/main/java/net/itamio/sethome/SetHomeMod.java:95: error: method getList in class CompoundTag cannot be applied to given types;
            ListTag players = tag.getList("players", 10);
                                 ^
  required: String
  found:    String,int
  reason: actual and formal argument lists differ in length
/tmp/modcompiler-sethome-forge-1-21-5-ow0cuhx1/workspace/src/main/java/net/itamio/sethome/SetHomeMod.java:97: error: incompatible types: Optional<CompoundTag> cannot be converted to CompoundTag
                CompoundTag pc = players.getCompound(i);
                                                    ^
/tmp/modcompiler-sethome-forge-1-21-5-ow0cuhx1/workspace/src/main/java/net/itamio/sethome/SetHomeMod.java:99: error: method getList in class CompoundTag cannot be applied to given types;
                ListTag hl = pc.getList("homes", 10);
                               ^
  required: String
  found:    String,int
  reason: actual and formal argument lists differ in length
/tmp/modcompiler-sethome-forge-1-21-5-ow0cuhx1/workspace/src/main/java/net/itamio/sethome/SetHomeMod.java:101: error: incompatible types: Optional<CompoundTag> cannot be converted to CompoundTag
                    CompoundTag hc = hl.getCompound(j);
                                                   ^
/tmp/modcompiler-sethome-forge-1-21-5-ow0cuhx1/workspace/src/main/java/net/itamio/sethome/SetHomeMod.java:103: error: incompatible types: Optional<Double> cannot be converted to double
                        hc.getDouble("x"),hc.getDouble("y"),hc.getDouble("z"),
                                    ^
/tmp/modcompiler-sethome-forge-1-21-5-ow0cuhx1/workspace/src/main/java/net/itamio/sethome/SetHomeMod.java:103: error: incompatible types: Optional<Double> cannot be converted to double
                        hc.getDouble("x"),hc.getDouble("y"),hc.getDouble("z"),
                                                      ^
/tmp/modcompiler-sethome-forge-1-21-5-ow0cuhx1/workspace/src/main/java/net/itamio/sethome/SetHomeMod.java:103: error: incompatible types: Optional<Double> cannot be converted to double
                        hc.getDouble("x"),hc.getDouble("y"),hc.getDouble("z"),
                                                                        ^
/tmp/modcompiler-sethome-forge-1-21-5-ow0cuhx1/workspace/src/main/java/net/itamio/sethome/SetHomeMod.java:104: error: incompatible types: Optional<Float> cannot be converted to double
                        hc.getFloat("yaw"),hc.getFloat("pitch")});
                                   ^
/tmp/modcompiler-sethome-forge-1-21-5-ow0cuhx1/workspace/src/main/java/net/itamio/sethome/SetHomeMod.java:104: error: incompatible types: Optional<Float> cannot be converted to double
                        hc.getFloat("yaw"),hc.getFloat("pitch")});
                                                      ^
/tmp/modcompiler-sethome-forge-1-21-5-ow0cuhx1/workspace/src/main/java/net/itamio/sethome/SetHomeMod.java:102: error: incompatible types: Optional<String> cannot be converted to String
                    homes.put(hc.getString("name"), new double[]{
                                          ^
/tmp/modcompiler-sethome-forge-1-21-5-ow0cuhx1/workspace/src/main/java/net/itamio/sethome/SetHomeMod.java:106: error: incompatible types: Optional<String> cannot be converted to String
                d.data.put(pc.getString("uuid"), homes);
                                       ^
/tmp/modcompiler-sethome-forge-1-21-5-ow0cuhx1/workspace/src/main/java/net/itamio/sethome/SetHomeMod.java:110: error: method does not override or implement a method from a supertype
        @Override
        ^
Note: Some messages have been simplified; recompile with -Xdiags:verbose to get full output
14 errors
1 warning
	at org.gradle.api.internal.tasks.compile.JdkJavaCompiler.execute(JdkJavaCompiler.java:89)
	at org.gradle.api.internal.tasks.compile.JdkJavaCompiler.execute(JdkJavaCompiler.java:50)
	at org.gradle.api.internal.tasks.compile.NormalizingJavaCompiler.delegateAndHandleErrors(NormalizingJavaCompiler.java:98)
	at org.gradle.api.internal.tasks.compile.NormalizingJavaCompiler.execute(NormalizingJavaCompiler.java:52)
	at org.gradle.api.internal.tasks.compile.NormalizingJavaCompiler.execute(NormalizingJavaCompiler.java:38)
	at org.gradle.api.internal.tasks.compile.AnnotationProcessorDiscoveringCompiler.execute(AnnotationProcessorDiscoveringCompiler.java:52)
	at org.gradle.api.internal.tasks.compile.AnnotationProcessorDiscoveringCompiler.execute(AnnotationProcessorDiscoveringCompiler.java:38)
	at org.gradle.api.internal.tasks.compile.ModuleApplicationNameWritingCompiler.execute(ModuleApplicationNameWritingCompiler.java:46)
	at org.gradle.api.internal.tasks.compile.ModuleApplicationNameWritingCompiler.execute(ModuleApplicationNameWritingCompiler.java:36)
	at org.gradle.jvm.toolchain.internal.DefaultToolchainJavaCompiler.execute(DefaultToolchainJavaCompiler.java:57)
	at org.gradle.api.tasks.compile.JavaCompile.lambda$createToolchainCompiler$3(JavaCompile.java:206)
	at org.gradle.api.internal.tasks.compile.CleaningJavaCompiler.execute(CleaningJavaCompiler.java:53)
	at org.gradle.api.internal.tasks.compile.incremental.IncrementalCompilerFactory.lambda$createRebuildAllCompiler$0(IncrementalCompilerFactory.java:55)
	at org.gradle.api.internal.tasks.compile.incremental.SelectiveCompiler.execute(SelectiveCompiler.java:70)
	at org.gradle.api.internal.tasks.compile.incremental.SelectiveCompiler.execute(SelectiveCompiler.java:44)
	at org.gradle.api.internal.tasks.compile.incremental.IncrementalResultStoringCompiler.execute(IncrementalResultStoringCompiler.java:66)
	at org.gradle.api.internal.tasks.compile.incremental.IncrementalResultStoringCompiler.execute(IncrementalResultStoringCompiler.java:52)
	at org.gradle.api.internal.tasks.compile.CompileJavaBuildOperationReportingCompiler$1.call(CompileJavaBuildOperationReportingCompiler.java:64)
	at org.gradle.api.internal.tasks.compile.CompileJavaBuildOperationReportingCompiler$1.call(CompileJavaBuildOperationReportingCompiler.java:48)
	at org.gradle.internal.operations.DefaultBuildOperationRunner$CallableBuildOperationWorker.execute(DefaultBuildOperationRunner.java:209)
	at org.gradle.internal.operations.DefaultBuildOperationRunner$CallableBuildOperationWorker.execute(DefaultBuildOperationRunner.java:204)
	at org.gradle.internal.operations.DefaultBuildOperationRunner$2.execute(DefaultBuildOperationRunner.java:66)
	at org.gradle.internal.operations.DefaultBuildOperationRunner$2.execute(DefaultBuildOperationRunner.java:59)
	at org.gradle.internal.operations.DefaultBuildOperationRunner.execute(DefaultBuildOperationRunner.java:166)
	at org.gradle.internal.operations.DefaultBuildOperationRunner.execute(DefaultBuildOperationRunner.java:59)
	at org.gradle.internal.operations.DefaultBuildOperationRunner.call(DefaultBuildOperationRunner.java:53)
	at org.gradle.api.internal.tasks.compile.CompileJavaBuildOperationReportingCompiler.execute(CompileJavaBuildOperationReportingCompiler.java:48)
	at org.gradle.api.tasks.compile.JavaCompile.performCompilation(JavaCompile.java:224)
	at org.gradle.api.tasks.compile.JavaCompile.performIncrementalCompilation(JavaCompile.java:165)
	at org.gradle.api.tasks.compile.JavaCompile.compile(JavaCompile.java:150)
	at org.gradle.internal.reflect.JavaMethod.invoke(JavaMethod.java:125)
	at org.gradle.api.internal.project.taskfactory.IncrementalTaskAction.doExecute(IncrementalTaskAction.java:45)
	at org.gradle.api.internal.project.taskfactory.StandardTaskAction.execute(StandardTaskAction.java:51)
	at org.gradle.api.internal.project.taskfactory.IncrementalTaskAction.execute(IncrementalTaskAction.java:26)
	at org.gradle.api.internal.project.taskfactory.StandardTaskAction.execute(StandardTaskAction.java:29)
	at org.gradle.api.internal.tasks.execution.TaskExecution$3.run(TaskExecution.java:259)
	at org.gradle.internal.operations.DefaultBuildOperationRunner$1.execute(DefaultBuildOperationRunner.java:29)
	at org.gradle.internal.operations.DefaultBuildOperationRunner$1.execute(DefaultBuildOperationRunner.java:26)
	at org.gradle.internal.operations.DefaultBuildOperationRunner$2.execute(DefaultBuildOperationRunner.java:66)
	at org.gradle.internal.operations.DefaultBuildOperationRunner$2.execute(DefaultBuildOperationRunner.java:59)
	at org.gradle.internal.operations.DefaultBuildOperationRunner.execute(DefaultBuildOperationRunner.java:166)
	at org.gradle.internal.operations.DefaultBuildOperationRunner.execute(DefaultBuildOperationRunner.java:59)
	at org.gradle.internal.operations.DefaultBuildOperationRunner.run(DefaultBuildOperationRunner.java:47)
	at org.gradle.api.internal.tasks.execution.TaskExecution.executeAction(TaskExecution.java:244)
	at org.gradle.api.internal.tasks.execution.TaskExecution.executeActions(TaskExecution.java:227)
	at org.gradle.api.internal.tasks.execution.TaskExecution.executeWithPreviousOutputFiles(TaskExecution.java:210)
	at org.gradle.api.internal.tasks.execution.TaskExecution.execute(TaskExecution.java:176)
	at org.gradle.internal.execution.steps.ExecuteStep.executeInternal(ExecuteStep.java:110)
	at org.gradle.internal.execution.steps.ExecuteStep.access$000(ExecuteStep.java:47)
	at org.gradle.internal.execution.steps.ExecuteStep$1.call(ExecuteStep.java:64)
	at org.gradle.internal.execution.steps.ExecuteStep$1.call(ExecuteStep.java:61)
	at org.gradle.internal.operations.DefaultBuildOperationRunner$CallableBuildOperationWorker.execute(DefaultBuildOperationRunner.java:209)
	at org.gradle.internal.operations.DefaultBuildOperationRunner$CallableBuildOperationWorker.execute(DefaultBuildOperationRunner.java:204)
	at org.gradle.internal.operations.DefaultBuildOperationRunner$2.execute(DefaultBuildOperationRunner.java:66)
	at org.gradle.internal.operations.DefaultBuildOperationRunner$2.execute(DefaultBuildOperationRunner.java:59)
	at org.gradle.internal.operations.DefaultBuildOperationRunner.execute(DefaultBuildOperationRunner.java:166)
	at org.gradle.internal.operations.DefaultBuildOperationRunner.execute(DefaultBuildOperationRunner.java:59)
	at org.gradle.internal.operations.DefaultBuildOperationRunner.call(DefaultBuildOperationRunner.java:53)
	at org.gradle.internal.execution.steps.ExecuteStep.execute(ExecuteStep.java:61)
	at org.gradle.internal.execution.steps.ExecuteStep.execute(ExecuteStep.java:47)
	at org.gradle.internal.execution.steps.CancelExecutionStep.execute(CancelExecutionStep.java:42)
	at org.gradle.internal.execution.steps.TimeoutStep.executeWithoutTimeout(TimeoutStep.java:75)
	at org.gradle.internal.execution.steps.TimeoutStep.execute(TimeoutStep.java:55)
	at org.gradle.internal.execution.steps.PreCreateOutputParentsStep.execute(PreCreateOutputParentsStep.java:51)
	at org.gradle.internal.execution.steps.PreCreateOutputParentsStep.execute(PreCreateOutputParentsStep.java:29)
	at org.gradle.internal.execution.steps.RemovePreviousOutputsStep.executeMutable(RemovePreviousOutputsStep.java:70)
	at org.gradle.internal.execution.steps.RemovePreviousOutputsStep.executeMutable(RemovePreviousOutputsStep.java:40)
	at org.gradle.internal.execution.steps.MutableStep.execute(MutableStep.java:25)
	at org.gradle.internal.execution.steps.BroadcastChangingOutputsStep.execute(BroadcastChangingOutputsStep.java:62)
	at org.gradle.internal.execution.steps.BroadcastChangingOutputsStep.execute(BroadcastChangingOutputsStep.java:27)
	at org.gradle.internal.execution.steps.CaptureOutputsAfterExecutionStep.execute(CaptureOutputsAfterExecutionStep.java:69)
	at org.gradle.internal.execution.steps.CaptureOutputsAfterExecutionStep.execute(CaptureOutputsAfterExecutionStep.java:46)
	at org.gradle.internal.execution.steps.ResolveInputChangesStep.executeMutable(ResolveInputChangesStep.java:39)
	at org.gradle.internal.execution.steps.ResolveInputChangesStep.executeMutable(ResolveInputChangesStep.java:28)
	at org.gradle.internal.execution.steps.MutableStep.execute(MutableStep.java:25)
	at org.gradle.internal.execution.steps.BuildCacheStep.executeWithoutCache(BuildCacheStep.java:192)
	at org.gradle.internal.execution.steps.BuildCacheStep.lambda$execute$1(BuildCacheStep.java:76)
	at org.gradle.internal.Either$Right.fold(Either.java:176)
	at org.gradle.internal.execution.caching.CachingState.fold(CachingState.java:62)
	at org.gradle.internal.execution.steps.BuildCacheStep.execute(BuildCacheStep.java:74)
	at org.gradle.internal.execution.steps.BuildCacheStep.execute(BuildCacheStep.java:49)
	at org.gradle.internal.execution.steps.StoreExecutionStateStep.execute(StoreExecutionStateStep.java:46)
	at org.gradle.internal.execution.steps.StoreExecutionStateStep.execute(StoreExecutionStateStep.java:35)
	at org.gradle.internal.execution.steps.SkipUpToDateStep.executeBecause(SkipUpToDateStep.java:75)
	at org.gradle.internal.execution.steps.SkipUpToDateStep.lambda$execute$2(SkipUpToDateStep.java:53)
	at org.gradle.internal.execution.steps.SkipUpToDateStep.execute(SkipUpToDateStep.java:53)
	at org.gradle.internal.execution.steps.SkipUpToDateStep.execute(SkipUpToDateStep.java:35)
	at org.gradle.internal.execution.steps.legacy.MarkSnapshottingInputsFinishedStep.execute(MarkSnapshottingInputsFinishedStep.java:37)
	at org.gradle.internal.execution.steps.legacy.MarkSnapshottingInputsFinishedStep.execute(MarkSnapshottingInputsFinishedStep.java:27)
	at org.gradle.internal.execution.steps.ResolveIncrementalCachingStateStep.executeDelegate(ResolveIncrementalCachingStateStep.java:49)
	at org.gradle.internal.execution.steps.ResolveIncrementalCachingStateStep.executeDelegate(ResolveIncrementalCachingStateStep.java:27)
	at org.gradle.internal.execution.steps.AbstractResolveCachingStateStep.execute(AbstractResolveCachingStateStep.java:71)
	at org.gradle.internal.execution.steps.AbstractResolveCachingStateStep.execute(AbstractResolveCachingStateStep.java:39)
	at org.gradle.internal.execution.steps.ResolveChangesStep.executeMutable(ResolveChangesStep.java:63)
	at org.gradle.internal.execution.steps.ResolveChangesStep.executeMutable(ResolveChangesStep.java:34)
	at org.gradle.internal.execution.steps.MutableStep.execute(MutableStep.java:25)
	at org.gradle.internal.execution.steps.ValidateStep.execute(ValidateStep.java:64)
	at org.gradle.internal.execution.steps.ValidateStep.execute(ValidateStep.java:42)
	at org.gradle.internal.execution.steps.AbstractCaptureStateBeforeExecutionStep.execute(AbstractCaptureStateBeforeExecutionStep.java:77)
	at org.gradle.internal.execution.steps.AbstractCaptureStateBeforeExecutionStep.execute(AbstractCaptureStateBeforeExecutionStep.java:46)
	at org.gradle.internal.execution.steps.AbstractSkipEmptyWorkStep.executeWithNonEmptySources(AbstractSkipEmptyWorkStep.java:133)
	at org.gradle.internal.execution.steps.AbstractSkipEmptyWorkStep.execute(AbstractSkipEmptyWorkStep.java:64)
	at org.gradle.internal.execution.steps.AbstractSkipEmptyWorkStep.execute(AbstractSkipEmptyWorkStep.java:36)
	at org.gradle.internal.execution.steps.legacy.MarkSnapshottingInputsStartedStep.execute(MarkSnapshottingInputsStartedStep.java:38)
	at org.gradle.internal.execution.steps.LoadPreviousExecutionStateStep.execute(LoadPreviousExecutionStateStep.java:36)
	at org.gradle.internal.execution.steps.LoadPreviousExecutionStateStep.execute(LoadPreviousExecutionStateStep.java:23)
	at org.gradle.internal.execution.steps.HandleStaleOutputsStep.executeMutable(HandleStaleOutputsStep.java:77)
	at org.gradle.internal.execution.steps.HandleStaleOutputsStep.executeMutable(HandleStaleOutputsStep.java:43)
	at org.gradle.internal.execution.steps.MutableStep.execute(MutableStep.java:25)
	at org.gradle.internal.execution.steps.AssignMutableWorkspaceStep.lambda$execute$0(AssignMutableWorkspaceStep.java:35)
	at org.gradle.api.internal.tasks.execution.TaskExecution$4.withWorkspace(TaskExecution.java:305)
	at org.gradle.internal.execution.steps.AssignMutableWorkspaceStep.execute(AssignMutableWorkspaceStep.java:31)
	at org.gradle.internal.execution.steps.AssignMutableWorkspaceStep.execute(AssignMutableWorkspaceStep.java:22)
	at org.gradle.internal.execution.steps.ChoosePipelineStep.execute(ChoosePipelineStep.java:40)
	at org.gradle.internal.execution.steps.ChoosePipelineStep.execute(ChoosePipelineStep.java:23)
	at org.gradle.internal.execution.steps.ExecuteWorkBuildOperationFiringStep.lambda$execute$2(ExecuteWorkBuildOperationFiringStep.java:67)
	at org.gradle.internal.execution.steps.ExecuteWorkBuildOperationFiringStep.execute(ExecuteWorkBuildOperationFiringStep.java:67)
	at org.gradle.internal.execution.steps.ExecuteWorkBuildOperationFiringStep.execute(ExecuteWorkBuildOperationFiringStep.java:39)
	at org.gradle.internal.execution.steps.IdentityCacheStep.execute(IdentityCacheStep.java:46)
	at org.gradle.internal.execution.steps.IdentityCacheStep.execute(IdentityCacheStep.java:34)
	at org.gradle.internal.execution.steps.IdentifyStep.execute(IdentifyStep.java:44)
	at org.gradle.internal.execution.steps.IdentifyStep.execute(IdentifyStep.java:31)
	at org.gradle.internal.execution.impl.DefaultExecutionEngine$1.execute(DefaultExecutionEngine.java:68)
	at org.gradle.api.internal.tasks.execution.ExecuteActionsTaskExecuter.executeIfValid(ExecuteActionsTaskExecuter.java:132)
	... 30 more


BUILD FAILED in 4m
2 actionable tasks: 2 executed
Configuration cache entry stored.
$ /opt/hostedtoolcache/Python/3.12.13/x64/bin/python 1.21.2-1.21.8/build_adapter.py --loader forge --metadata-json /tmp/modcompiler-sethome-forge-1-21-5-ow0cuhx1/metadata.json --source-dir .workflow_state/prepared/mods/sethome-forge-1-21-5/src --template-workspace /tmp/modcompiler-sethome-forge-1-21-5-ow0cuhx1/workspace --minecraft-version 1.21.5 --manifest /home/runner/work/ModCompiler/ModCompiler/version-manifest.json


$ ./modcompiler-build.sh

