
Welcome to Gradle 7.3!

Here are the highlights of this release:
 - Easily declare new test suites in Java projects
 - Support for Java 17
 - Support for Scala 3

For more details see https://docs.gradle.org/7.3/release-notes.html

To honour the JVM settings for this build a single-use Daemon process will be forked. See https://docs.gradle.org/7.3/userguide/gradle_daemon.html#sec:disabling_the_daemon.
Daemon will be stopped at the end of the build 

> Configure project :
Fabric Loom: 0.10.66
:remapping 46 mods (TinyRemapper, intermediary -> named)

> Task :compileJava
> Task :processResources
> Task :classes
> Task :jar
> Task :remapJar
> Task :sourcesJar
> Task :assemble

> Task :remapSourcesJar
:remapping sources

> Task :build

BUILD SUCCESSFUL in 23s
6 actionable tasks: 6 executed
$ ./modcompiler-build.sh

