[03:20:17] [main/WARNING] [Main]: Not running from the headlessmc-launcher-wrapper. No plugin support and in-memory launching.
Launching version neoforge-21.5.97, 6abafd25-4c83-4782-a302-e83733174b75
[03:20:18] [main/INFO] [XvfbService]: Running with xvfb
[03:20:18] [main/INFO] [LaunchOptions]: You are offline but running with xvfb, not using headless mode.
[03:20:18] [main/INFO] [Log4jPatcher]: Patching lookup in org/apache/logging/log4j/core/lookup/Interpolator
[03:20:18] [main/INFO] [Log4jPatcher]: Patching lookup in org/apache/logging/log4j/core/lookup/JndiLookup
[03:20:21] [main/INFO] [ParallelIOService]: Download took 2416.635705ms, parallel: true
[03:20:21] [main/INFO] [ProcessFactory]: Game will run in /home/runner/work/ModCompiler/ModCompiler/run
[32m[03:20:22.870] [main/INFO] [Launcher/MODLAUNCHER]: ModLauncher running: args [--username, Offline, --version, neoforge-21.5.97, --gameDir, /home/runner/work/ModCompiler/ModCompiler/run, --assetsDir, /home/runner/.minecraft/assets, --assetIndex, 24, --uuid, 22689332a7fd41919600b0fe1135ee34, --accessToken, ❄❄❄❄❄❄❄❄, --clientId, , --xuid, , --userType, msa, --versionType, release, --fml.neoForgeVersion, 21.5.97, --fml.fmlVersion, 7.0.13, --fml.mcVersion, 1.21.5, --fml.neoFormVersion, 20250325.162830, --launchTarget, neoforgeclient] 
[m[32m[03:20:22.874] [main/INFO] [Launcher/MODLAUNCHER]: JVM identified as Eclipse Adoptium OpenJDK 64-Bit Server VM 21.0.11+10-LTS 
[m[32m[03:20:22.876] [main/INFO] [Launcher/MODLAUNCHER]: ModLauncher 11.0.4+main.d2e20e43 starting: java version 21.0.11 by Eclipse Adoptium; OS Linux arch amd64 version 6.17.0-1018-azure 
[m[32m[03:20:23.027] [main/INFO] [loading.ImmediateWindowHandler/]: Loading ImmediateWindowProvider fmlearlywindow 
[m[32m[03:20:27.303] [main/INFO] [mixin/]: SpongePowered MIXIN Subsystem Version=0.8.7 Source=union:/home/runner/.minecraft/libraries/net/fabricmc/sponge-mixin/0.15.2+mixin.0.8.7/sponge-mixin-0.15.2+mixin.0.8.7.jar%23177!/ Service=ModLauncher Env=CLIENT 
[m[32m[03:20:27.397] [pool-2-thread-1/INFO] [EARLYDISPLAY/]: GL info: llvmpipe (LLVM 20.1.2, 256 bits) GL version 4.5 (Core Profile) Mesa 25.2.8-0ubuntu0.24.04.2, Mesa 
[m[32m[03:20:27.807] [main/INFO] [loading.moddiscovery.ModDiscoverer/SCAN]: Found mod file "client-1.21.5-20250325.162830-srg.jar" [locator: production client provider +net.neoforged:neoforge:21.5.97:client] 
[m[32m[03:20:27.829] [main/INFO] [loading.moddiscovery.ModDiscoverer/SCAN]: Found mod file "neoforge-21.5.97-universal.jar" [locator: PathBasedLocator[name=neoforge, paths=[/home/runner/.minecraft/libraries/net/neoforged/neoforge/21.5.97/neoforge-21.5.97-universal.jar]], reader: mod manifest] 
[m[32m[03:20:27.841] [main/INFO] [loading.moddiscovery.ModDiscoverer/SCAN]: Found mod file "mc-runtime-test-1.21.5-4.4.0-neoforge-release.jar" [locator: {mods folder locator at /home/runner/work/ModCompiler/ModCompiler/run/mods}, reader: mod manifest] 
[m[32m[03:20:27.844] [main/INFO] [loading.moddiscovery.ModDiscoverer/SCAN]: Found mod file "pingfix-1.0.0.jar" [locator: {mods folder locator at /home/runner/work/ModCompiler/ModCompiler/run/mods}, reader: mod manifest] 
[m[32m[03:20:28.013] [main/INFO] [loading.moddiscovery.locators.JarInJarDependencyLocator/]: Found 2 dependencies adding them to mods collection 
[m[32m[03:20:28.013] [main/INFO] [loading.moddiscovery.ModDiscoverer/SCAN]: Found gamelibrary file "mixinextras-neoforge-0.5.3.jar" [parent: neoforge-21.5.97-universal.jar, locator: jarinjar, reader: mod manifest] 
[m[32m[03:20:28.013] [main/INFO] [loading.moddiscovery.ModDiscoverer/SCAN]: Found library file "net.neoforged.neoforge-coremods-21.5.97.jar" [parent: neoforge-21.5.97-universal.jar, locator: jarinjar, reader: mod manifest] 
[m[32m[03:20:28.015] [main/INFO] [loading.moddiscovery.ModDiscoverer/]: 
     Mod List:
		Name Version (Mod Id)

		FIX MY PINGGGGG 1.0.0 (pingfix)
		MC-Runtime-Test 1.21.5-4.4.0 (mc_runtime_test)
		Minecraft 1.21.5 (minecraft)
		NeoForge 21.5.97 (neoforge) 
[m[32m[03:20:28.503] [main/INFO] [LaunchServiceHandler/MODLAUNCHER]: Launching target 'neoforgeclient' with arguments [--version, neoforge-21.5.97, --gameDir, /home/runner/work/ModCompiler/ModCompiler/run, --assetsDir, /home/runner/.minecraft/assets, --uuid, 22689332a7fd41919600b0fe1135ee34, --username, Offline, --assetIndex, 24, --accessToken, ❄❄❄❄❄❄❄❄, --clientId, , --xuid, , --userType, msa, --versionType, release] 
[m2026-06-21T03:20:28.613755399Z main WARN Advanced terminal features are not available in this environment
[03:20:30] [pool-7-thread-1/INFO] [MixinExtras|Service/]: Initializing MixinExtras via com.llamalad7.mixinextras.service.MixinExtrasServiceImpl(version=0.5.3).
[03:20:32] [Datafixer Bootstrap/INFO] [mojang/DataFixerBuilder]: 266 Datafixer optimizations took 2014 milliseconds
[03:20:36] [modloading-worker-0/INFO] [ne.ne.ne.co.NeoForgeMod/NEOFORGE-MOD]: NeoForge mod loading, version 21.5.97, for MC 1.21.5
[03:20:37] [Render thread/WARN] [minecraft/VanillaPackResourcesBuilder]: Assets URL 'union:/home/runner/.minecraft/libraries/net/minecraft/client/1.21.5-20250325.162830/client-1.21.5-20250325.162830-srg.jar%23203!/assets/.mcassetsroot' uses unexpected schema
[03:20:37] [Render thread/WARN] [minecraft/VanillaPackResourcesBuilder]: Assets URL 'union:/home/runner/.minecraft/libraries/net/minecraft/client/1.21.5-20250325.162830/client-1.21.5-20250325.162830-srg.jar%23203!/data/.mcassetsroot' uses unexpected schema
[03:20:37] [Render thread/INFO] [mojang/YggdrasilAuthenticationService]: Environment: Environment[sessionHost=https://sessionserver.mojang.com, servicesHost=https://api.minecraftservices.com, name=PROD]
[03:20:37] [Render thread/INFO] [minecraft/Minecraft]: Setting user: Offline
[03:20:37] [Render thread/INFO] [minecraft/Minecraft]: Backend library: LWJGL version 3.3.3+5
[03:20:37] [Render thread/INFO] [minecraft/Minecraft]: Using optional rendering extensions: GL_KHR_debug, GL_ARB_vertex_attrib_binding, GL_ARB_direct_state_access
[03:20:37] [Download-2/ERROR] [minecraft/Minecraft]: Failed to fetch user properties
com.mojang.authlib.exceptions.InvalidCredentialsException: Status: 401
	at MC-BOOTSTRAP/authlib@6.0.58/com.mojang.authlib.exceptions.MinecraftClientHttpException.toAuthenticationException(MinecraftClientHttpException.java:59) ~[authlib-6.0.58.jar%23112!/:?] {}
	at MC-BOOTSTRAP/authlib@6.0.58/com.mojang.authlib.yggdrasil.YggdrasilUserApiService.fetchProperties(YggdrasilUserApiService.java:150) ~[authlib-6.0.58.jar%23112!/:?] {}
	at TRANSFORMER/minecraft@1.21.5/net.minecraft.client.Minecraft.lambda$new$1(Minecraft.java:426) ~[client-1.21.5-20250325.162830-srg.jar%23203!/:?] {re:mixin,pl:runtimedistcleaner:A,re:classloading,pl:mixin:A,pl:runtimedistcleaner:A}
	at java.base/java.util.concurrent.CompletableFuture$AsyncSupply.run(CompletableFuture.java:1768) ~[?:?] {}
	at java.base/java.util.concurrent.ThreadPoolExecutor.runWorker(ThreadPoolExecutor.java:1144) ~[?:?] {}
	at java.base/java.util.concurrent.ThreadPoolExecutor$Worker.run(ThreadPoolExecutor.java:642) ~[?:?] {}
	at java.base/java.lang.Thread.run(Thread.java:1583) [?:?] {}
Caused by: com.mojang.authlib.exceptions.MinecraftClientHttpException: Status: 401
	at MC-BOOTSTRAP/authlib@6.0.58/com.mojang.authlib.minecraft.client.MinecraftClient.readInputStream(MinecraftClient.java:103) ~[authlib-6.0.58.jar%23112!/:?] {}
	at MC-BOOTSTRAP/authlib@6.0.58/com.mojang.authlib.minecraft.client.MinecraftClient.get(MinecraftClient.java:56) ~[authlib-6.0.58.jar%23112!/:?] {}
	at MC-BOOTSTRAP/authlib@6.0.58/com.mojang.authlib.yggdrasil.YggdrasilUserApiService.fetchProperties(YggdrasilUserApiService.java:121) ~[authlib-6.0.58.jar%23112!/:?] {}
	... 5 more
[03:20:38] [Download-2/INFO] [mojang/RealmsClient]: Could not authorize you against Realms server: javax.ws.rs.BadRequestException: Invalid session
[03:20:38] [Download-2/ERROR] [mojang/RealmsClient]: Failed to fetch Realms feature flags
com.mojang.realmsclient.exception.RealmsServiceException: Realms authentication error with message 'javax.ws.rs.BadRequestException: Invalid session'
	at TRANSFORMER/minecraft@1.21.5/com.mojang.realmsclient.client.RealmsClient.execute(RealmsClient.java:495) ~[client-1.21.5-20250325.162830-srg.jar%23203!/:?] {re:classloading}
	at TRANSFORMER/minecraft@1.21.5/com.mojang.realmsclient.client.RealmsClient.fetchFeatureFlags(RealmsClient.java:177) ~[client-1.21.5-20250325.162830-srg.jar%23203!/:?] {re:classloading}
	at java.base/java.util.concurrent.CompletableFuture$AsyncSupply.run(CompletableFuture.java:1768) ~[?:?] {}
	at java.base/java.util.concurrent.ThreadPoolExecutor.runWorker(ThreadPoolExecutor.java:1144) ~[?:?] {}
	at java.base/java.util.concurrent.ThreadPoolExecutor$Worker.run(ThreadPoolExecutor.java:642) ~[?:?] {}
	at java.base/java.lang.Thread.run(Thread.java:1583) [?:?] {}
[03:20:38] [Render thread/ERROR] [mojang/Narrator]: Error while loading the narrator
com.mojang.text2speech.Narrator$InitializeException: Failed to load library flite
	at MC-BOOTSTRAP/text2speech@1.18.11/com.mojang.text2speech.NarratorLinux$FliteLibrary.loadNative(NarratorLinux.java:81) ~[text2speech-1.18.11.jar%23118!/:?] {}
	at MC-BOOTSTRAP/text2speech@1.18.11/com.mojang.text2speech.NarratorLinux.<init>(NarratorLinux.java:18) ~[text2speech-1.18.11.jar%23118!/:?] {}
	at MC-BOOTSTRAP/text2speech@1.18.11/com.mojang.text2speech.Narrator.getNarrator(Narrator.java:41) ~[text2speech-1.18.11.jar%23118!/:?] {}
	at TRANSFORMER/minecraft@1.21.5/net.minecraft.client.GameNarrator.<init>(GameNarrator.java:22) ~[client-1.21.5-20250325.162830-srg.jar%23203!/:?] {re:classloading,pl:runtimedistcleaner:A}
	at TRANSFORMER/minecraft@1.21.5/net.minecraft.client.Minecraft.<init>(Minecraft.java:644) ~[client-1.21.5-20250325.162830-srg.jar%23203!/:?] {re:mixin,pl:runtimedistcleaner:A,re:classloading,pl:mixin:A,pl:runtimedistcleaner:A}
	at TRANSFORMER/minecraft@1.21.5/net.minecraft.client.main.Main.main(Main.java:228) ~[client-1.21.5-20250325.162830-srg.jar%23203!