To honour the JVM settings for this build a single-use Daemon process will be forked. For more on this, please refer to https://docs.gradle.org/8.13/userguide/gradle_daemon.html#sec:disabling_the_daemon in the Gradle documentation.
Daemon will be stopped at the end of the build 

> Task :dependencies

------------------------------------------------------------
Root project 'examplemod'
------------------------------------------------------------

InterfaceInjection
No dependencies

InterfaceInjectionApi (n)
No dependencies

InterfaceInjectionElements (n)
No dependencies

accessTransformer
No dependencies

accessTransformerApi (n)
No dependencies

accessTransformerElements (n)
No dependencies

annotationProcessor - Annotation processors and their dependencies for source set 'main'.
No dependencies

compileClasspath - Compile classpath for source set 'main'.
\--- ng_dummy_ng.net.neoforged:neoforge:21.8.53
     +--- com.microsoft.azure:msal4j:1.17.2
     +--- com.fasterxml.jackson.core:jackson-databind:2.13.4.2
     +--- com.fasterxml.jackson.core:jackson-annotations:2.13.4
     +--- com.fasterxml.jackson.core:jackson-core:2.13.4
     +--- com.github.oshi:oshi-core:6.6.5
     +--- com.nimbusds:oauth2-oidc-sdk:11.18
     +--- com.github.stephenc.jcip:jcip-annotations:1.0-1
     +--- com.mojang:authlib:6.0.58
     +--- com.mojang:datafixerupper:8.0.16
     +--- net.neoforged.fancymodloader:earlydisplay:9.0.18
     +--- net.neoforged.fancymodloader:loader:9.0.18
     +--- net.neoforged:JarJarSelector:0.4.1
     +--- net.neoforged:JarJarMetadata:0.4.1
     +--- net.fabricmc:sponge-mixin:0.15.2+mixin.0.8.7
     +--- com.google.code.gson:gson:2.11.0
     +--- com.mojang:patchy:2.2.10
     +--- com.mojang:text2speech:1.18.11
     +--- com.google.guava:guava:33.3.1-jre
     +--- com.google.guava:failureaccess:1.0.2
     +--- com.ibm.icu:icu4j:76.1
     +--- com.mojang:blocklist:1.0.10
     +--- com.mojang:brigadier:1.3.10
     +--- com.mojang:jtracy:1.0.29
     +--- com.mojang:logging:1.5.10
     +--- com.nimbusds:content-type:2.3
     +--- com.nimbusds:lang-tag:1.7
     +--- com.nimbusds:nimbus-jose-jwt:9.40
     +--- org.apache.commons:commons-compress:1.27.1
     +--- org.apache.httpcomponents:httpclient:4.5.14
     +--- commons-codec:commons-codec:1.17.1
     +--- commons-io:commons-io:2.17.0
     +--- commons-logging:commons-logging:1.3.4
     +--- io.netty:netty-handler:4.1.118.Final
     +--- io.netty:netty-codec:4.1.118.Final
     +--- io.netty:netty-transport-native-epoll:4.1.118.Final
     +--- io.netty:netty-transport-classes-epoll:4.1.118.Final
     +--- io.netty:netty-transport-native-unix-common:4.1.118.Final
     +--- io.netty:netty-transport:4.1.118.Final
     +--- io.netty:netty-buffer:4.1.118.Final
     +--- io.netty:netty-resolver:4.1.118.Final
     +--- io.netty:netty-common:4.1.118.Final
     +--- it.unimi.dsi:fastutil:8.5.15
     +--- net.java.dev.jna:jna-platform:5.15.0
     +--- ca.weblite:java-objc-bridge:1.1
     +--- net.java.dev.jna:jna:5.15.0
     +--- net.minidev:json-smart:2.5.1
     +--- net.minidev:accessors-smart:2.5.1
     +--- net.neoforged:mergetool:2.0.7
     +--- net.sf.jopt-simple:jopt-simple:5.0.4
     +--- org.apache.commons:commons-lang3:3.17.0
     +--- org.apache.httpcomponents:httpcore:4.4.16
     +--- org.apache.logging.log4j:log4j-slf4j2-impl:2.24.1
     +--- net.minecrell:terminalconsoleappender:1.3.0
     +--- org.apache.logging.log4j:log4j-core:2.24.1
     +--- net.neoforged:bus:8.0.5
     +--- org.apache.logging.log4j:log4j-api:2.24.1
     +--- org.jcraft:jorbis:0.0.17
     +--- org.joml:joml:1.10.8
     +--- org.lwjgl:lwjgl-freetype:3.3.3
     +--- org.lwjgl:lwjgl-glfw:3.3.3
     +--- org.lwjgl:lwjgl-jemalloc:3.3.3
     +--- org.lwjgl:lwjgl-openal:3.3.3
     +--- org.lwjgl:lwjgl-opengl:3.3.3
     +--- org.lwjgl:lwjgl-stb:3.3.3
     +--- org.lwjgl:lwjgl-tinyfd:3.3.3
     +--- org.lwjgl:lwjgl:3.3.3
     +--- org.lz4:lz4-java:1.8.0
     +--- net.neoforged:accesstransformers:11.0.2
     +--- org.ow2.asm:asm-commons:9.8
     +--- org.ow2.asm:asm-util:9.8
     +--- org.ow2.asm:asm-analysis:9.8
     +--- org.ow2.asm:asm-tree:9.8
     +--- org.ow2.asm:asm:9.8
     +--- net.neoforged.accesstransformers:at-parser:11.0.2
     +--- com.machinezoo.noexception:noexception:1.7.1
     +--- org.slf4j:slf4j-api:2.0.16
     +--- com.google.code.findbugs:jsr305:3.0.2
     +--- org.jetbrains:annotations:26.0.2
     +--- org.checkerframework:checker-qual:3.49.0
     +--- com.electronwill.night-config:toml:3.8.3
     +--- com.electronwill.night-config:core:3.8.3
     +--- org.apache.maven:maven-artifact:3.9.9
     +--- net.jodah:typetools:0.6.3
     +--- net.neoforged.fancymodloader:bootstraplauncher:9.0.18
     +--- net.neoforged.fancymodloader:securejarhandler:9.0.18
     +--- net.neoforged:JarJarFileSystems:0.4.1
     +--- io.github.llamalad7:mixinextras-neoforge:0.5.3
     +--- org.jline:jline-reader:3.20.0
     +--- org.jline:jline-terminal:3.20.0
     +--- net.minecraftforge:srgutils:0.4.15
     +--- com.google.guava:listenablefuture:9999.0-empty-to-avoid-conflict-with-guava
     +--- com.google.errorprone:error_prone_annotations:2.28.0
     +--- com.google.j2objc:j2objc-annotations:3.0.0
     +--- org.codehaus.plexus:plexus-utils:3.5.1
     +--- ng_dummy_ng.net.minecraft:client:1.21.8
     \--- net.neoforged:srgutils:1.0.10

compileOnly - Compile-only dependencies for the 'main' feature. (n)
No dependencies

default - Configuration for default artifacts. (n)
No dependencies

implementation - Implementation dependencies for the 'main' feature. (n)
\--- net.neoforged:neoforge:21.8.+ (n)

jarJar
No dependencies

localRunRuntime
No dependencies

localRuntime
No dependencies

mainSourceElements - List of source directories contained in the Main SourceSet. (n)
No dependencies

neoGradleDependencyReplacementTargetMain
No dependencies

runs
No dependencies

runtimeClasspath - Runtime classpath of source set 'main'.
\--- ng_dummy_ng.net.neoforged:neoforge:21.8.53
     +--- com.microsoft.azure:msal4j:1.17.2
     +--- com.fasterxml.jackson.core:jackson-databind:2.13.4.2
     +--- com.fasterxml.jackson.core:jackson-annotations:2.13.4
     +--- com.fasterxml.jackson.core:jackson-core:2.13.4
     +--- com.github.oshi:oshi-core:6.6.5
     +--- com.nimbusds:oauth2-oidc-sdk:11.18
     +--- com.github.stephenc.jcip:jcip-annotations:1.0-1
     +--- com.mojang:authlib:6.0.58
     +--- com.mojang:datafixerupper:8.0.16
     +--- net.neoforged.fancymodloader:earlydisplay:9.0.18
     +--- net.neoforged.fancymodloader:loader:9.0.18
     +--- net.neoforged:JarJarSelector:0.4.1
     +--- net.neoforged:JarJarMetadata:0.4.1
     +--- net.fabricmc:sponge-mixin:0.15.2+mixin.0.8.7
     +--- com.google.code.gson:gson:2.11.0
     +--- com.mojang:patchy:2.2.10
     +--- com.mojang:text2speech:1.18.11
     +--- com.google.guava:guava:33.3.1-jre
     +--- com.google.guava:failureaccess:1.0.2
     +--- com.ibm.icu:icu4j:76.1
     +--- com.mojang:blocklist:1.0.10
     +--- com.mojang:brigadier:1.3.10
     +--- com.mojang:jtracy:1.0.29
     +--- com.mojang:logging:1.5.10
     +--- com.nimbusds:content-type:2.3
     +--- com.nimbusds:lang-tag:1.7
     +--- com.nimbusds:nimbus-jose-jwt:9.40
     +--- org.apache.commons:commons-compress:1.27.1
     +--- org.apache.httpcomponents:httpclient:4.5.14
     +--- commons-codec:commons-codec:1.17.1
     +--- commons-io:commons-io:2.17.0
     +--- commons-logging:commons-logging:1.3.4
     +--- io.netty:netty-handler:4.1.118.Final
     +--- io.netty:netty-codec:4.1.118.Final
     +--- io.netty:netty-transport-native-epoll:4.1.118.Final
     +--- io.netty:netty-transport-classes-epoll:4.1.118.Final
     +--- io.netty:netty-transport-native-unix-common:4.1.118.Final
     +--- io.netty:netty-transport:4.1.118.Final
     +--- io.netty:netty-buffer:4.1.118.Final
     +--- io.netty:netty-resolver:4.1.118.Final
     +--- io.netty:netty-common:4.1.118.Final
     +--- it.unimi.dsi:fastutil:8.5.15
     +--- net.java.dev.jna:jna-platform:5.15.0
     +--- ca.weblite:java-objc-bridge:1.1
     +--- net.java.dev.jna:jna:5.15.0
     +--- net.minidev:json-smart:2.5.1
     +--- net.minidev:accessors-smart:2.5.1
     +--- net.neoforged:mergetool:2.0.7
     +--- net.sf.jopt-simple:jopt-simple:5.0.4
     +--- org.apache.commons:commons-lang3:3.17.0
     +--- org.apache.httpcomponents:httpcore:4.4.16
     +--- org.apache.logging.log4j:log4j-slf4j2-impl:2.24.1
     +--- net.minecrell:terminalconsoleappender:1.3.0
     +--- org.apache.logging.log4j:log4j-core:2.24.1
     +--- net.neoforged:bus:8.0.5
     +--- org.apache.logging.log4j:log4j-api:2.24.1
     +--- org.jcraft:jorbis:0.0.17
     +--- org.joml:joml:1.10.8
     +--- org.lwjgl:lwjgl-freetype:3.3.3
     +--- org.lwjgl:lwjgl-glfw:3.3.3
     +--- org.lwjgl:lwjgl-jemalloc:3.3.3
     +--- org.lwjgl:lwjgl-openal:3.3.3
     +--- org.lwjgl:lwjgl-opengl:3.3.3
     +--- org.lwjgl:lwjgl-stb:3.3.3
     +--- org.lwjgl:lwjgl-tinyfd:3.3.3
     +--- org.lwjgl:lwjgl:3.3.3
     +--- org.lz4:lz4-java:1.8.0
     +--- net.neoforged:accesstransformers:11.0.2
     +--- org.ow2.asm:asm-commons:9.8
     +--- org.ow2.asm:asm-util:9.8
     +--- org.ow2.asm:asm-analysis:9.8
     +--- org.ow2.asm:asm-tree:9.8
     +--- org.ow2.asm:asm:9.8
     +--- net.neoforged.accesstransformers:at-parser:11.0.2
     +--- com.machinezoo.noexception:noexception:1.7.1
     +--- org.slf4j:slf4j-api:2.0.16
     +--- com.google.code.findbugs:jsr305:3.0.2
     +--- org.jetbrains:annotations:26.0.2
     +--- org.checkerframework:checker-qual:3.49.0
     +--- com.electronwill.night-config:toml:3.8.3
     +--- com.electronwill.night-config:core:3.8.3
     +--- org.apache.maven:maven-artifact:3.9.9
     +--- net.jodah:typetools:0.6.3
     +--- net.neoforged.fancymodloader:bootstraplauncher:9.0.18
     +--- net.neoforged.fancymodloader:securejarhandler:9.0.18
     +--- net.neoforged:JarJarFileSystems:0.4.1
     +--- io.github.llamalad7:mixinextras-neoforge:0.5.3
     +--- org.jline:jline-reader:3.20.0
     +--- org.jline:jline-terminal:3.20.0
     +--- net.minecraftforge:srgutils:0.4.15
     +--- com.google.guava:listenablefuture:9999.0-empty-to-avoid-conflict-with-guava
     +--- com.google.errorprone:error_prone_annotations:2.28.0
     +--- com.google.j2objc:j2objc-annotations:3.0.0
     +--- org.codehaus.plexus:plexus-utils:3.5.1
     +--- ng_dummy_ng.net.minecraft:client:1.21.8
     \--- net.neoforged:srgutils:1.0.10

runtimeElements - Runtime elements for the 'main' feature. (n)
No dependencies

runtimeOnly - Runtime-only dependencies for the 'main' feature. (n)
No dependencies

sdk
\--- net.neoforged:neoforge:21.8.53

testAnnotationProcessor - Annotation processors and their dependencies for source set 'test'.
No dependencies

testCompileClasspath - Compile classpath for source set 'test'.
\--- ng_dummy_ng.net.neoforged:neoforge:21.8.53
     +--- com.microsoft.azure:msal4j:1.17.2
     +--- com.fasterxml.jackson.core:jackson-databind:2.13.4.2
     +--- com.fasterxml.jackson.core:jackson-annotations:2.13.4
     +--- com.fasterxml.jackson.core:jackson-core:2.13.4
     +--- com.github.oshi:oshi-core:6.6.5
     +--- com.nimbusds:oauth2-oidc-sdk:11.18
     +--- com.github.stephenc.jcip:jcip-annotations:1.0-1
     +--- com.mojang:authlib:6.0.58
     +--- com.mojang:datafixerupper:8.0.16
     +--- net.neoforged.fancymodloader:earlydisplay:9.0.18
     +--- net.neoforged.fancymodloader:loader:9.0.18
     +--- net.neoforged:JarJarSelector:0.4.1
     +--- net.neoforged:JarJarMetadata:0.4.1
     +--- net.fabricmc:sponge-mixin:0.15.2+mixin.0.8.7
     +--- com.google.code.gson:gson:2.11.0
     +--- com.mojang:patchy:2.2.10
     +--- com.mojang:text2speech:1.18.11
     +--- com.google.guava:guava:33.3.1-jre
     +--- com.google.guava:failureaccess:1.0.2
     +--- com.ibm.icu:icu4j:76.1
     +--- com.mojang:blocklist:1.0.10
     +--- com.mojang:brigadier:1.3.10
     +--- com.mojang:jtracy:1.0.29
     +--- com.mojang:logging:1.5.10
     +--- com.nimbusds:content-type:2.3
     +--- com.nimbusds:lang-tag:1.7
     +--- com.nimbusds:nimbus-jose-jwt:9.40
     +--- org.apache.commons:commons-compress:1.27.1
     +--- org.apache.httpcomponents:httpclient:4.5.14
     +--- commons-codec:commons-codec:1.17.1
     +--- commons-io:commons-io:2.17.0
     +--- commons-logging:commons-logging:1.3.4
     +--- io.netty:netty-handler:4.1.118.Final
     +--- io.netty:netty-codec:4.1.118.Final
     +--- io.netty:netty-transport-native-epoll:4.1.118.Final
     +--- io.netty:netty-transport-classes-epoll:4.1.118.Final
     +--- io.netty:netty-transport-native-unix-common:4.1.118.Final
     +--- io.netty:netty-transport:4.1.118.Final
     +--- io.netty:netty-buffer:4.1.118.Final
     +--- io.netty:netty-resolver:4.1.118.Final
     +--- io.netty:netty-common:4.1.118.Final
     +--- it.unimi.dsi:fastutil:8.5.15
     +--- net.java.dev.jna:jna-platform:5.15.0
     +--- ca.weblite:java-objc-bridge:1.1
     +--- net.java.dev.jna:jna:5.15.0
     +--- net.minidev:json-smart:2.5.1
     +--- net.minidev:accessors-smart:2.5.1
     +--- net.neoforged:mergetool:2.0.7
     +--- net.sf.jopt-simple:jopt-simple:5.0.4
     +--- org.apache.commons:commons-lang3:3.17.0
     +--- org.apache.httpcomponents:httpcore:4.4.16
     +--- org.apache.logging.log4j:log4j-slf4j2-impl:2.24.1
     +--- net.minecrell:terminalconsoleappender:1.3.0
     +--- org.apache.logging.log4j:log4j-core:2.24.1
     +--- net.neoforged:bus:8.0.5
     +--- org.apache.logging.log4j:log4j-api:2.24.1
     +--- org.jcraft:jorbis:0.0.17
     +--- org.joml:joml:1.10.8
     +--- org.lwjgl:lwjgl-freetype:3.3.3
     +--- org.lwjgl:lwjgl-glfw:3.3.3
     +--- org.lwjgl:lwjgl-jemalloc:3.3.3
     +--- org.lwjgl:lwjgl-openal:3.3.3
     +--- org.lwjgl:lwjgl-opengl:3.3.3
     +--- org.lwjgl:lwjgl-stb:3.3.3
     +--- org.lwjgl:lwjgl-tinyfd:3.3.3
     +--- org.lwjgl:lwjgl:3.3.3
     +--- org.lz4:lz4-java:1.8.0
     +--- net.neoforged:accesstransformers:11.0.2
     +--- org.ow2.asm:asm-commons:9.8
     +--- org.ow2.asm:asm-util:9.8
     +--- org.ow2.asm:asm-analysis:9.8
     +--- org.ow2.asm:asm-tree:9.8
     +--- org.ow2.asm:asm:9.8
     +--- net.neoforged.accesstransformers:at-parser:11.0.2
     +--- com.machinezoo.noexception:noexception:1.7.1
     +--- org.slf4j:slf4j-api:2.0.16
     +--- com.google.code.findbugs:jsr305:3.0.2
     +--- org.jetbrains:annotations:26.0.2
     +--- org.checkerframework:checker-qual:3.49.0
     +--- com.electronwill.night-config:toml:3.8.3
     +--- com.electronwill.night-config:core:3.8.3
     +--- org.apache.maven:maven-artifact:3.9.9
     +--- net.jodah:typetools:0.6.3
     +--- net.neoforged.fancymodloader:bootstraplauncher:9.0.18
     +--- net.neoforged.fancymodloader:securejarhandler:9.0.18
     +--- net.neoforged:JarJarFileSystems:0.4.1
     +--- io.github.llamalad7:mixinextras-neoforge:0.5.3
     +--- org.jline:jline-reader:3.20.0
     +--- org.jline:jline-terminal:3.20.0
     +--- net.minecraftforge:srgutils:0.4.15
     +--- com.google.guava:listenablefuture:9999.0-empty-to-avoid-conflict-with-guava
     +--- com.google.errorprone:error_prone_annotations:2.28.0
     +--- com.google.j2objc:j2objc-annotations:3.0.0
     +--- org.codehaus.plexus:plexus-utils:3.5.1
     +--- ng_dummy_ng.net.minecraft:client:1.21.8
     \--- net.neoforged:srgutils:1.0.10

testCompileOnly - Compile only dependencies for source set 'test'. (n)
No dependencies

testImplementation - Implementation only dependencies for source set 'test'. (n)
No dependencies

testLocalRunRuntime
No dependencies

testLocalRuntime
No dependencies

testNeoGradleDependencyReplacementTargetTest
No dependencies

testRuntimeClasspath - Runtime classpath of source set 'test'.
\--- ng_dummy_ng.net.neoforged:neoforge:21.8.53
     +--- com.microsoft.azure:msal4j:1.17.2
     +--- com.fasterxml.jackson.core:jackson-databind:2.13.4.2
     +--- com.fasterxml.jackson.core:jackson-annotations:2.13.4
     +--- com.fasterxml.jackson.core:jackson-core:2.13.4
     +--- com.github.oshi:oshi-core:6.6.5
     +--- com.nimbusds:oauth2-oidc-sdk:11.18
     +--- com.github.stephenc.jcip:jcip-annotations:1.0-1
     +--- com.mojang:authlib:6.0.58
     +--- com.mojang:datafixerupper:8.0.16
     +--- net.neoforged.fancymodloader:earlydisplay:9.0.18
     +--- net.neoforged.fancymodloader:loader:9.0.18
     +--- net.neoforged:JarJarSelector:0.4.1
     +--- net.neoforged:JarJarMetadata:0.4.1
     +--- net.fabricmc:sponge-mixin:0.15.2+mixin.0.8.7
     +--- com.google.code.gson:gson:2.11.0
     +--- com.mojang:patchy:2.2.10
     +--- com.mojang:text2speech:1.18.11
     +--- com.google.guava:guava:33.3.1-jre
     +--- com.google.guava:failureaccess:1.0.2
     +--- com.ibm.icu:icu4j:76.1
     +--- com.mojang:blocklist:1.0.10
     +--- com.mojang:brigadier:1.3.10
     +--- com.mojang:jtracy:1.0.29
     +--- com.mojang:logging:1.5.10
     +--- com.nimbusds:content-type:2.3
     +--- com.nimbusds:lang-tag:1.7
     +--- com.nimbusds:nimbus-jose-jwt:9.40
     +--- org.apache.commons:commons-compress:1.27.1
     +--- org.apache.httpcomponents:httpclient:4.5.14
     +--- commons-codec:commons-codec:1.17.1
     +--- commons-io:commons-io:2.17.0
     +--- commons-logging:commons-logging:1.3.4
     +--- io.netty:netty-handler:4.1.118.Final
     +--- io.netty:netty-codec:4.1.118.Final
     +--- io.netty:netty-transport-native-epoll:4.1.118.Final
     +--- io.netty:netty-transport-classes-epoll:4.1.118.Final
     +--- io.netty:netty-transport-native-unix-common:4.1.118.Final
     +--- io.netty:netty-transport:4.1.118.Final
     +--- io.netty:netty-buffer:4.1.118.Final
     +--- io.netty:netty-resolver:4.1.118.Final
     +--- io.netty:netty-common:4.1.118.Final
     +--- it.unimi.dsi:fastutil:8.5.15
     +--- net.java.dev.jna:jna-platform:5.15.0
     +--- ca.weblite:java-objc-bridge:1.1
     +--- net.java.dev.jna:jna:5.15.0
     +--- net.minidev:json-smart:2.5.1
     +--- net.minidev:accessors-smart:2.5.1
     +--- net.neoforged:mergetool:2.0.7
     +--- net.sf.jopt-simple:jopt-simple:5.0.4
     +--- org.apache.commons:commons-lang3:3.17.0
     +--- org.apache.httpcomponents:httpcore:4.4.16
     +--- org.apache.logging.log4j:log4j-slf4j2-impl:2.24.1
     +--- net.minecrell:terminalconsoleappender:1.3.0
     +--- org.apache.logging.log4j:log4j-core:2.24.1
     +--- net.neoforged:bus:8.0.5
     +--- org.apache.logging.log4j:log4j-api:2.24.1
     +--- org.jcraft:jorbis:0.0.17
     +--- org.joml:joml:1.10.8
     +--- org.lwjgl:lwjgl-freetype:3.3.3
     +--- org.lwjgl:lwjgl-glfw:3.3.3
     +--- org.lwjgl:lwjgl-jemalloc:3.3.3
     +--- org.lwjgl:lwjgl-openal:3.3.3
     +--- org.lwjgl:lwjgl-opengl:3.3.3
     +--- org.lwjgl:lwjgl-stb:3.3.3
     +--- org.lwjgl:lwjgl-tinyfd:3.3.3
     +--- org.lwjgl:lwjgl:3.3.3
     +--- org.lz4:lz4-java:1.8.0
     +--- net.neoforged:accesstransformers:11.0.2
     +--- org.ow2.asm:asm-commons:9.8
     +--- org.ow2.asm:asm-util:9.8
     +--- org.ow2.asm:asm-analysis:9.8
     +--- org.ow2.asm:asm-tree:9.8
     +--- org.ow2.asm:asm:9.8
     +--- net.neoforged.accesstransformers:at-parser:11.0.2
     +--- com.machinezoo.noexception:noexception:1.7.1
     +--- org.slf4j:slf4j-api:2.0.16
     +--- com.google.code.findbugs:jsr305:3.0.2
     +--- org.jetbrains:annotations:26.0.2
     +--- org.checkerframework:checker-qual:3.49.0
     +--- com.electronwill.night-config:toml:3.8.3
     +--- com.electronwill.night-config:core:3.8.3
     +--- org.apache.maven:maven-artifact:3.9.9
     +--- net.jodah:typetools:0.6.3
     +--- net.neoforged.fancymodloader:bootstraplauncher:9.0.18
     +--- net.neoforged.fancymodloader:securejarhandler:9.0.18
     +--- net.neoforged:JarJarFileSystems:0.4.1
     +--- io.github.llamalad7:mixinextras-neoforge:0.5.3
     +--- org.jline:jline-reader:3.20.0
     +--- org.jline:jline-terminal:3.20.0
     +--- net.minecraftforge:srgutils:0.4.15
     +--- com.google.guava:listenablefuture:9999.0-empty-to-avoid-conflict-with-guava
     +--- com.google.errorprone:error_prone_annotations:2.28.0
     +--- com.google.j2objc:j2objc-annotations:3.0.0
     +--- org.codehaus.plexus:plexus-utils:3.5.1
     +--- ng_dummy_ng.net.minecraft:client:1.21.8
     \--- net.neoforged:srgutils:1.0.10

testRuntimeOnly - Runtime only dependencies for source set 'test'. (n)
No dependencies

testSdk
\--- net.neoforged:neoforge:21.8.53

(n) - A dependency or dependency configuration that cannot be resolved.

A web-based, searchable dependency report is available by adding the --scan option.

BUILD SUCCESSFUL in 8s
1 actionable task: 1 executed
