Downloading https://services.gradle.org/distributions/gradle-7.4-bin.zip
...........10%...........20%...........30%...........40%...........50%...........60%...........70%...........80%...........90%...........100%

Welcome to Gradle 7.4!

Here are the highlights of this release:
 - Aggregated test and JaCoCo reports
 - Marking additional test source directories as tests in IntelliJ
 - Support for Adoptium JDKs in Java toolchains

For more details see https://docs.gradle.org/7.4/release-notes.html

To honour the JVM settings for this build a single-use Daemon process will be forked. See https://docs.gradle.org/7.4/userguide/gradle_daemon.html#sec:disabling_the_daemon.
Daemon will be stopped at the end of the build 

> Configure project :
Fabric Loom: 0.12.42
Processing file: minecraft-project-@-merged-named.jar
Processing file: minecraft-project-@-merged-named.jar
:remapping 46 mods (TinyRemapper, intermediary -> named)

> Task :compileJava
> Task :processResources
> Task :classes
> Task :jar
> Task :prepareRemapJar
> Task :sourcesJar
> Task :remapSourcesJar
> Task :remapJar
> Task :assemble
> Task :build

BUILD SUCCESSFUL in 1m 21s
7 actionable tasks: 7 executed
$ /opt/hostedtoolcache/Python/3.12.13/x64/bin/python 1.18-1.18.2/build_adapter.py --loader fabric --metadata-json /tmp/modcompiler-sortchest-fabric-1-18-2-02z3ub4c/metadata.json --source-dir .workflow_state/prepared/mods/sortchest-fabric-1-18-2/src --template-workspace /tmp/modcompiler-sortchest-fabric-1-18-2-02z3ub4c/workspace --minecraft-version 1.18.2 --manifest /home/runner/work/ModCompiler/ModCompiler/version-manifest.json


$ ./modcompiler-build.sh

