[03:20:52] [main/WARNING] [Main]: Not running from the headlessmc-launcher-wrapper. No plugin support and in-memory launching.
Launching version fabric-loader-0.19.3-1.21.11, 9ef31730-a00b-46f4-a2a8-5651cf527b6a
[03:20:53] [main/INFO] [XvfbService]: Running with xvfb
[03:20:53] [main/INFO] [LaunchOptions]: You are offline but running with xvfb, not using headless mode.
[03:20:53] [main/INFO] [Log4jPatcher]: Patching lookup in org/apache/logging/log4j/core/lookup/Interpolator
[03:20:53] [main/INFO] [Log4jPatcher]: Patching lookup in org/apache/logging/log4j/core/lookup/JndiLookup
[03:20:56] [main/INFO] [ParallelIOService]: Download took 2678.914772ms, parallel: true
[03:20:56] [main/INFO] [ProcessFactory]: Game will run in /home/runner/work/ModCompiler/ModCompiler/run
[03:21:05] [main/INFO]: Loading Minecraft 1.21.11 with Fabric Loader 0.19.3
[03:21:05] [main/INFO]: Fabric is preparing JARs on first launch, this may take a few seconds...
[03:21:05] [main/WARN]: Mod resolution failed
[03:21:05] [main/INFO]: Immediate reason: [HARD_DEP_INCOMPATIBLE_PRESELECTED pingfix 1.0.0 {depends minecraft @ [1.21.9]}, ROOT_FORCELOAD_SINGLE pingfix 1.0.0]
[03:21:05] [main/INFO]: Reason: [HARD_DEP pingfix 1.0.0 {depends minecraft @ [1.21.9]}, HARD_DEP pingfix 1.0.0 {depends fabric-api @ [*]}]
[03:21:05] [main/INFO]: Fix: add [add:fabric-api 1 ([(-∞,∞)])], remove [], replace [[minecraft 1.21.11] -> add:minecraft 1.21.9 ([[1.21.9,1.21.9]])]
[03:21:05] [main/ERROR]: Incompatible mods found!
net.fabricmc.loader.impl.FormattedException: Some of your mods are incompatible with the game or each other!
A potential solution has been determined, this may resolve your problem:
	 - Install fabric-api, any version.
	 - Replace 'Minecraft' (minecraft) 1.21.11 with version 1.21.9.
More details:
	 - Mod 'FIX MY PINGGGGG' (pingfix) 1.0.0 requires version 1.21.9 of 'Minecraft' (minecraft), but only the wrong version is present: 1.21.11!
	 - Mod 'FIX MY PINGGGGG' (pingfix) 1.0.0 requires any version of fabric-api, which is missing!
	at net.fabricmc.loader.impl.FormattedException.ofLocalized(FormattedException.java:51)
	at net.fabricmc.loader.impl.FabricLoaderImpl.load(FabricLoaderImpl.java:202)
	at net.fabricmc.loader.impl.launch.knot.Knot.init(Knot.java:142)
	at net.fabricmc.loader.impl.launch.knot.Knot.launch(Knot.java:66)
	at net.fabricmc.loader.impl.launch.knot.KnotClient.main(KnotClient.java:23)
Minecraft exited with code: 1
[03:21:05] [main/INFO] [AbstractLaunchProcessLifecycle]: Deleting 9ef31730-a00b-46f4-a2a8-5651cf527b6a
