To honour the JVM settings for this build a single-use Daemon process will be forked. For more on this, please refer to https://docs.gradle.org/8.13/userguide/gradle_daemon.html#sec:disabling_the_daemon in the Gradle documentation.
Daemon will be stopped at the end of the build 

> Task :dependencies

------------------------------------------------------------
Root project 'examplemod'
------------------------------------------------------------

InterfaceInjection
No dependencies

InterfaceInjectionApi (n)
No dependencies

InterfaceInjectionElements (n)
No dependencies

accessTransformer
No dependencies

accessTransformerApi (n)
No dependencies

accessTransformerElements (n)
No dependencies

annotationProcessor - Annotation processors and their dependencies for source set 'main'.
No dependencies

compileClasspath - Compile classpath for source set 'main'.
\--- ng_dummy_ng.net.neoforged:neoforge:20.6.139
     +--- com.github.oshi:oshi-core:6.4.10
     +--- com.mojang:authlib:6.0.54
     +--- com.mojang:datafixerupper:7.0.14
     +--- com.google.code.gson:gson:2.10.1
     +--- com.mojang:patchy:2.2.10
     +--- com.mojang:text2speech:1.17.9
     +--- com.google.guava:guava:32.1.2-jre
     +--- com.google.guava:failureaccess:1.0.1
     +--- com.ibm.icu:icu4j:73.2
     +--- com.mojang:blocklist:1.0.10
     +--- com.mojang:brigadier:1.2.9
     +--- com.mojang:logging:1.2.7
     +--- org.apache.httpcomponents:httpclient:4.5.13
     +--- commons-codec:commons-codec:1.16.0
     +--- org.apache.commons:commons-compress:1.26.0
     +--- commons-io:commons-io:2.15.1
     +--- commons-logging:commons-logging:1.2
     +--- io.netty:netty-handler:4.1.97.Final
     +--- io.netty:netty-codec:4.1.97.Final
     +--- io.netty:netty-transport-native-epoll:4.1.97.Final
     +--- io.netty:netty-transport-classes-epoll:4.1.97.Final
     +--- io.netty:netty-transport-native-unix-common:4.1.97.Final
     +--- io.netty:netty-transport:4.1.97.Final
     +--- io.netty:netty-buffer:4.1.97.Final
     +--- io.netty:netty-resolver:4.1.97.Final
     +--- io.netty:netty-common:4.1.97.Final
     +--- it.unimi.dsi:fastutil:8.5.12
     +--- net.java.dev.jna:jna-platform:5.14.0
     +--- ca.weblite:java-objc-bridge:1.1
     +--- net.java.dev.jna:jna:5.14.0
     +--- net.neoforged:mergetool:2.0.3
     +--- net.sf.jopt-simple:jopt-simple:5.0.4
     +--- org.apache.commons:commons-lang3:3.14.0
     +--- org.apache.httpcomponents:httpcore:4.4.16
     +--- org.apache.logging.log4j:log4j-slf4j2-impl:2.22.1
     +--- org.apache.logging.log4j:log4j-core:2.22.1
     +--- org.apache.logging.log4j:log4j-api:2.22.1
     +--- org.jcraft:jorbis:0.0.17
     +--- org.joml:joml:1.10.5
     +--- org.lwjgl:lwjgl-freetype:3.3.3
     +--- org.lwjgl:lwjgl-glfw:3.3.3
     +--- org.lwjgl:lwjgl-jemalloc:3.3.3
     +--- org.lwjgl:lwjgl-openal:3.3.3
     +--- org.lwjgl:lwjgl-opengl:3.3.3
     +--- org.lwjgl:lwjgl-stb:3.3.3
     +--- org.lwjgl:lwjgl-tinyfd:3.3.3
     +--- org.lwjgl:lwjgl:3.3.3
     +--- org.lz4:lz4-java:1.8.0
     +--- org.slf4j:slf4j-api:2.0.9
     +--- com.google.code.findbugs:jsr305:3.0.2
     +--- org.jetbrains:annotations:24.1.0
     +--- net.neoforged.fancymodloader:earlydisplay:3.0.45
     +--- net.neoforged.fancymodloader:loader:3.0.45
     +--- net.neoforged:coremods:7.0.3
     +--- cpw.mods:modlauncher:11.0.2
     +--- cpw.mods:bootstraplauncher:2.0.2
     +--- cpw.mods:securejarhandler:3.0.8
     +--- net.neoforged.accesstransformers:at-modlauncher:10.0.1
     +--- net.neoforged:accesstransformers:10.0.1
     +--- org.openjdk.nashorn:nashorn-core:15.4
     +--- org.ow2.asm:asm-commons:9.8
     +--- org.ow2.asm:asm-util:9.8
     +--- org.ow2.asm:asm-analysis:9.8
     +--- org.ow2.asm:asm-tree:9.8
     +--- net.neoforged:bus:8.0.1
     +--- org.ow2.asm:asm:9.8
     +--- net.minecraftforge:unsafe:0.2.0
     +--- com.electronwill.night-config:toml:3.6.4
     +--- com.electronwill.night-config:core:3.6.4
     +--- net.neoforged:JarJarSelector:0.4.1
     +--- net.neoforged:JarJarMetadata:0.4.1
     +--- org.apache.maven:maven-artifact:3.8.5
     +--- net.jodah:typetools:0.6.3
     +--- net.minecrell:terminalconsoleappender:1.2.0
     +--- net.fabricmc:sponge-mixin:0.13.4+mixin.0.8.5
     +--- net.neoforged:neoform:1.20.6-20240627.102356
     +--- net.neoforged:JarJarFileSystems:0.4.1
     +--- io.github.llamalad7:mixinextras-neoforge:0.4.1
     +--- com.google.guava:listenablefuture:9999.0-empty-to-avoid-conflict-with-guava
     +--- org.checkerframework:checker-qual:3.33.0
     +--- com.google.errorprone:error_prone_annotations:2.18.0
     +--- com.google.j2objc:j2objc-annotations:2.8
     +--- net.minecraftforge:srgutils:0.4.15
     +--- org.antlr:antlr4-runtime:4.13.1
     +--- org.jline:jline-reader:3.12.1
     +--- org.jline:jline-terminal:3.12.1
     +--- org.codehaus.plexus:plexus-utils:3.3.0
     +--- com.machinezoo.noexception:noexception:1.7.1
     \--- ng_dummy_ng.net.minecraft:client:1.20.6

compileOnly - Compile-only dependencies for the 'main' feature. (n)
No dependencies

default - Configuration for default artifacts. (n)
No dependencies

implementation - Implementation dependencies for the 'main' feature. (n)
\--- net.neoforged:neoforge:20.6.+ (n)

jarJar
No dependencies

localRunRuntime
No dependencies

localRuntime
No dependencies

mainSourceElements - List of source directories contained in the Main SourceSet. (n)
No dependencies

neoGradleDependencyReplacementTargetMain
No dependencies

runs
No dependencies

runtimeClasspath - Runtime classpath of source set 'main'.
\--- ng_dummy_ng.net.neoforged:neoforge:20.6.139
     +--- com.github.oshi:oshi-core:6.4.10
     +--- com.mojang:authlib:6.0.54
     +--- com.mojang:datafixerupper:7.0.14
     +--- com.google.code.gson:gson:2.10.1
     +--- com.mojang:patchy:2.2.10
     +--- com.mojang:text2speech:1.17.9
     +--- com.google.guava:guava:32.1.2-jre
     +--- com.google.guava:failureaccess:1.0.1
     +--- com.ibm.icu:icu4j:73.2
     +--- com.mojang:blocklist:1.0.10
     +--- com.mojang:brigadier:1.2.9
     +--- com.mojang:logging:1.2.7
     +--- org.apache.httpcomponents:httpclient:4.5.13
     +--- commons-codec:commons-codec:1.16.0
     +--- org.apache.commons:commons-compress:1.26.0
     +--- commons-io:commons-io:2.15.1
     +--- commons-logging:commons-logging:1.2
     +--- io.netty:netty-handler:4.1.97.Final
     +--- io.netty:netty-codec:4.1.97.Final
     +--- io.netty:netty-transport-native-epoll:4.1.97.Final
     +--- io.netty:netty-transport-classes-epoll:4.1.97.Final
     +--- io.netty:netty-transport-native-unix-common:4.1.97.Final
     +--- io.netty:netty-transport:4.1.97.Final
     +--- io.netty:netty-buffer:4.1.97.Final
     +--- io.netty:netty-resolver:4.1.97.Final
     +--- io.netty:netty-common:4.1.97.Final
     +--- it.unimi.dsi:fastutil:8.5.12
     +--- net.java.dev.jna:jna-platform:5.14.0
     +--- ca.weblite:java-objc-bridge:1.1
     +--- net.java.dev.jna:jna:5.14.0
     +--- net.neoforged:mergetool:2.0.3
     +--- net.sf.jopt-simple:jopt-simple:5.0.4
     +--- org.apache.commons:commons-lang3:3.14.0
     +--- org.apache.httpcomponents:httpcore:4.4.16
     +--- org.apache.logging.log4j:log4j-slf4j2-impl:2.22.1
     +--- org.apache.logging.log4j:log4j-core:2.22.1
     +--- org.apache.logging.log4j:log4j-api:2.22.1
     +--- org.jcraft:jorbis:0.0.17
     +--- org.joml:joml:1.10.5
     +--- org.lwjgl:lwjgl-freetype:3.3.3
     +--- org.lwjgl:lwjgl-glfw:3.3.3
     +--- org.lwjgl:lwjgl-jemalloc:3.3.3
     +--- org.lwjgl:lwjgl-openal:3.3.3
     +--- org.lwjgl:lwjgl-opengl:3.3.3
     +--- org.lwjgl:lwjgl-stb:3.3.3
     +--- org.lwjgl:lwjgl-tinyfd:3.3.3
     +--- org.lwjgl:lwjgl:3.3.3
     +--- org.lz4:lz4-java:1.8.0
     +--- org.slf4j:slf4j-api:2.0.9
     +--- com.google.code.findbugs:jsr305:3.0.2
     +--- org.jetbrains:annotations:24.1.0
     +--- net.neoforged.fancymodloader:earlydisplay:3.0.45
     +--- net.neoforged.fancymodloader:loader:3.0.45
     +--- net.neoforged:coremods:7.0.3
     +--- cpw.mods:modlauncher:11.0.2
     +--- cpw.mods:bootstraplauncher:2.0.2
     +--- cpw.mods:securejarhandler:3.0.8
     +--- net.neoforged.accesstransformers:at-modlauncher:10.0.1
     +--- net.neoforged:accesstransformers:10.0.1
     +--- org.openjdk.nashorn:nashorn-core:15.4
     +--- org.ow2.asm:asm-commons:9.8
     +--- org.ow2.asm:asm-util:9.8
     +--- org.ow2.asm:asm-analysis:9.8
     +--- org.ow2.asm:asm-tree:9.8
     +--- net.neoforged:bus:8.0.1
     +--- org.ow2.asm:asm:9.8
     +--- net.minecraftforge:unsafe:0.2.0
     +--- com.electronwill.night-config:toml:3.6.4
     +--- com.electronwill.night-config:core:3.6.4
     +--- net.neoforged:JarJarSelector:0.4.1
     +--- net.neoforged:JarJarMetadata:0.4.1
     +--- org.apache.maven:maven-artifact:3.8.5
     +--- net.jodah:typetools:0.6.3
     +--- net.minecrell:terminalconsoleappender:1.2.0
     +--- net.fabricmc:sponge-mixin:0.13.4+mixin.0.8.5
     +--- net.neoforged:neoform:1.20.6-20240627.102356
     +--- net.neoforged:JarJarFileSystems:0.4.1
     +--- io.github.llamalad7:mixinextras-neoforge:0.4.1
     +--- com.google.guava:listenablefuture:9999.0-empty-to-avoid-conflict-with-guava
     +--- org.checkerframework:checker-qual:3.33.0
     +--- com.google.errorprone:error_prone_annotations:2.18.0
     +--- com.google.j2objc:j2objc-annotations:2.8
     +--- net.minecraftforge:srgutils:0.4.15
     +--- org.antlr:antlr4-runtime:4.13.1
     +--- org.jline:jline-reader:3.12.1
     +--- org.jline:jline-terminal:3.12.1
     +--- org.codehaus.plexus:plexus-utils:3.3.0
     +--- com.machinezoo.noexception:noexception:1.7.1
     \--- ng_dummy_ng.net.minecraft:client:1.20.6

runtimeElements - Runtime elements for the 'main' feature. (n)
No dependencies

runtimeOnly - Runtime-only dependencies for the 'main' feature. (n)
No dependencies

sdk
\--- net.neoforged:neoforge:20.6.139

testAnnotationProcessor - Annotation processors and their dependencies for source set 'test'.
No dependencies

testCompileClasspath - Compile classpath for source set 'test'.
\--- ng_dummy_ng.net.neoforged:neoforge:20.6.139
     +--- com.github.oshi:oshi-core:6.4.10
     +--- com.mojang:authlib:6.0.54
     +--- com.mojang:datafixerupper:7.0.14
     +--- com.google.code.gson:gson:2.10.1
     +--- com.mojang:patchy:2.2.10
     +--- com.mojang:text2speech:1.17.9
     +--- com.google.guava:guava:32.1.2-jre
     +--- com.google.guava:failureaccess:1.0.1
     +--- com.ibm.icu:icu4j:73.2
     +--- com.mojang:blocklist:1.0.10
     +--- com.mojang:brigadier:1.2.9
     +--- com.mojang:logging:1.2.7
     +--- org.apache.httpcomponents:httpclient:4.5.13
     +--- commons-codec:commons-codec:1.16.0
     +--- org.apache.commons:commons-compress:1.26.0
     +--- commons-io:commons-io:2.15.1
     +--- commons-logging:commons-logging:1.2
     +--- io.netty:netty-handler:4.1.97.Final
     +--- io.netty:netty-codec:4.1.97.Final
     +--- io.netty:netty-transport-native-epoll:4.1.97.Final
     +--- io.netty:netty-transport-classes-epoll:4.1.97.Final
     +--- io.netty:netty-transport-native-unix-common:4.1.97.Final
     +--- io.netty:netty-transport:4.1.97.Final
     +--- io.netty:netty-buffer:4.1.97.Final
     +--- io.netty:netty-resolver:4.1.97.Final
     +--- io.netty:netty-common:4.1.97.Final
     +--- it.unimi.dsi:fastutil:8.5.12
     +--- net.java.dev.jna:jna-platform:5.14.0
     +--- ca.weblite:java-objc-bridge:1.1
     +--- net.java.dev.jna:jna:5.14.0
     +--- net.neoforged:mergetool:2.0.3
     +--- net.sf.jopt-simple:jopt-simple:5.0.4
     +--- org.apache.commons:commons-lang3:3.14.0
     +--- org.apache.httpcomponents:httpcore:4.4.16
     +--- org.apache.logging.log4j:log4j-slf4j2-impl:2.22.1
     +--- org.apache.logging.log4j:log4j-core:2.22.1
     +--- org.apache.logging.log4j:log4j-api:2.22.1
     +--- org.jcraft:jorbis:0.0.17
     +--- org.joml:joml:1.10.5
     +--- org.lwjgl:lwjgl-freetype:3.3.3
     +--- org.lwjgl:lwjgl-glfw:3.3.3
     +--- org.lwjgl:lwjgl-jemalloc:3.3.3
     +--- org.lwjgl:lwjgl-openal:3.3.3
     +--- org.lwjgl:lwjgl-opengl:3.3.3
     +--- org.lwjgl:lwjgl-stb:3.3.3
     +--- org.lwjgl:lwjgl-tinyfd:3.3.3
     +--- org.lwjgl:lwjgl:3.3.3
     +--- org.lz4:lz4-java:1.8.0
     +--- org.slf4j:slf4j-api:2.0.9
     +--- com.google.code.findbugs:jsr305:3.0.2
     +--- org.jetbrains:annotations:24.1.0
     +--- net.neoforged.fancymodloader:earlydisplay:3.0.45
     +--- net.neoforged.fancymodloader:loader:3.0.45
     +--- net.neoforged:coremods:7.0.3
     +--- cpw.mods:modlauncher:11.0.2
     +--- cpw.mods:bootstraplauncher:2.0.2
     +--- cpw.mods:securejarhandler:3.0.8
     +--- net.neoforged.accesstransformers:at-modlauncher:10.0.1
     +--- net.neoforged:accesstransformers:10.0.1
     +--- org.openjdk.nashorn:nashorn-core:15.4
     +--- org.ow2.asm:asm-commons:9.8
     +--- org.ow2.asm:asm-util:9.8
     +--- org.ow2.asm:asm-analysis:9.8
     +--- org.ow2.asm:asm-tree:9.8
     +--- net.neoforged:bus:8.0.1
     +--- org.ow2.asm:asm:9.8
     +--- net.minecraftforge:unsafe:0.2.0
     +--- com.electronwill.night-config:toml:3.6.4
     +--- com.electronwill.night-config:core:3.6.4
     +--- net.neoforged:JarJarSelector:0.4.1
     +--- net.neoforged:JarJarMetadata:0.4.1
     +--- org.apache.maven:maven-artifact:3.8.5
     +--- net.jodah:typetools:0.6.3
     +--- net.minecrell:terminalconsoleappender:1.2.0
     +--- net.fabricmc:sponge-mixin:0.13.4+mixin.0.8.5
     +--- net.neoforged:neoform:1.20.6-20240627.102356
     +--- net.neoforged:JarJarFileSystems:0.4.1
     +--- io.github.llamalad7:mixinextras-neoforge:0.4.1
     +--- com.google.guava:listenablefuture:9999.0-empty-to-avoid-conflict-with-guava
     +--- org.checkerframework:checker-qual:3.33.0
     +--- com.google.errorprone:error_prone_annotations:2.18.0
     +--- com.google.j2objc:j2objc-annotations:2.8
     +--- net.minecraftforge:srgutils:0.4.15
     +--- org.antlr:antlr4-runtime:4.13.1
     +--- org.jline:jline-reader:3.12.1
     +--- org.jline:jline-terminal:3.12.1
     +--- org.codehaus.plexus:plexus-utils:3.3.0
     +--- com.machinezoo.noexception:noexception:1.7.1
     \--- ng_dummy_ng.net.minecraft:client:1.20.6

testCompileOnly - Compile only dependencies for source set 'test'. (n)
No dependencies

testImplementation - Implementation only dependencies for source set 'test'. (n)
No dependencies

testLocalRunRuntime
No dependencies

testLocalRuntime
No dependencies

testNeoGradleDependencyReplacementTargetTest
No dependencies

testRuntimeClasspath - Runtime classpath of source set 'test'.
\--- ng_dummy_ng.net.neoforged:neoforge:20.6.139
     +--- com.github.oshi:oshi-core:6.4.10
     +--- com.mojang:authlib:6.0.54
     +--- com.mojang:datafixerupper:7.0.14
     +--- com.google.code.gson:gson:2.10.1
     +--- com.mojang:patchy:2.2.10
     +--- com.mojang:text2speech:1.17.9
     +--- com.google.guava:guava:32.1.2-jre
     +--- com.google.guava:failureaccess:1.0.1
     +--- com.ibm.icu:icu4j:73.2
     +--- com.mojang:blocklist:1.0.10
     +--- com.mojang:brigadier:1.2.9
     +--- com.mojang:logging:1.2.7
     +--- org.apache.httpcomponents:httpclient:4.5.13
     +--- commons-codec:commons-codec:1.16.0
     +--- org.apache.commons:commons-compress:1.26.0
     +--- commons-io:commons-io:2.15.1
     +--- commons-logging:commons-logging:1.2
     +--- io.netty:netty-handler:4.1.97.Final
     +--- io.netty:netty-codec:4.1.97.Final
     +--- io.netty:netty-transport-native-epoll:4.1.97.Final
     +--- io.netty:netty-transport-classes-epoll:4.1.97.Final
     +--- io.netty:netty-transport-native-unix-common:4.1.97.Final
     +--- io.netty:netty-transport:4.1.97.Final
     +--- io.netty:netty-buffer:4.1.97.Final
     +--- io.netty:netty-resolver:4.1.97.Final
     +--- io.netty:netty-common:4.1.97.Final
     +--- it.unimi.dsi:fastutil:8.5.12
     +--- net.java.dev.jna:jna-platform:5.14.0
     +--- ca.weblite:java-objc-bridge:1.1
     +--- net.java.dev.jna:jna:5.14.0
     +--- net.neoforged:mergetool:2.0.3
     +--- net.sf.jopt-simple:jopt-simple:5.0.4
     +--- org.apache.commons:commons-lang3:3.14.0
     +--- org.apache.httpcomponents:httpcore:4.4.16
     +--- org.apache.logging.log4j:log4j-slf4j2-impl:2.22.1
     +--- org.apache.logging.log4j:log4j-core:2.22.1
     +--- org.apache.logging.log4j:log4j-api:2.22.1
     +--- org.jcraft:jorbis:0.0.17
     +--- org.joml:joml:1.10.5
     +--- org.lwjgl:lwjgl-freetype:3.3.3
     +--- org.lwjgl:lwjgl-glfw:3.3.3
     +--- org.lwjgl:lwjgl-jemalloc:3.3.3
     +--- org.lwjgl:lwjgl-openal:3.3.3
     +--- org.lwjgl:lwjgl-opengl:3.3.3
     +--- org.lwjgl:lwjgl-stb:3.3.3
     +--- org.lwjgl:lwjgl-tinyfd:3.3.3
     +--- org.lwjgl:lwjgl:3.3.3
     +--- org.lz4:lz4-java:1.8.0
     +--- org.slf4j:slf4j-api:2.0.9
     +--- com.google.code.findbugs:jsr305:3.0.2
     +--- org.jetbrains:annotations:24.1.0
     +--- net.neoforged.fancymodloader:earlydisplay:3.0.45
     +--- net.neoforged.fancymodloader:loader:3.0.45
     +--- net.neoforged:coremods:7.0.3
     +--- cpw.mods:modlauncher:11.0.2
     +--- cpw.mods:bootstraplauncher:2.0.2
     +--- cpw.mods:securejarhandler:3.0.8
     +--- net.neoforged.accesstransformers:at-modlauncher:10.0.1
     +--- net.neoforged:accesstransformers:10.0.1
     +--- org.openjdk.nashorn:nashorn-core:15.4
     +--- org.ow2.asm:asm-commons:9.8
     +--- org.ow2.asm:asm-util:9.8
     +--- org.ow2.asm:asm-analysis:9.8
     +--- org.ow2.asm:asm-tree:9.8
     +--- net.neoforged:bus:8.0.1
     +--- org.ow2.asm:asm:9.8
     +--- net.minecraftforge:unsafe:0.2.0
     +--- com.electronwill.night-config:toml:3.6.4
     +--- com.electronwill.night-config:core:3.6.4
     +--- net.neoforged:JarJarSelector:0.4.1
     +--- net.neoforged:JarJarMetadata:0.4.1
     +--- org.apache.maven:maven-artifact:3.8.5
     +--- net.jodah:typetools:0.6.3
     +--- net.minecrell:terminalconsoleappender:1.2.0
     +--- net.fabricmc:sponge-mixin:0.13.4+mixin.0.8.5
     +--- net.neoforged:neoform:1.20.6-20240627.102356
     +--- net.neoforged:JarJarFileSystems:0.4.1
     +--- io.github.llamalad7:mixinextras-neoforge:0.4.1
     +--- com.google.guava:listenablefuture:9999.0-empty-to-avoid-conflict-with-guava
     +--- org.checkerframework:checker-qual:3.33.0
     +--- com.google.errorprone:error_prone_annotations:2.18.0
     +--- com.google.j2objc:j2objc-annotations:2.8
     +--- net.minecraftforge:srgutils:0.4.15
     +--- org.antlr:antlr4-runtime:4.13.1
     +--- org.jline:jline-reader:3.12.1
     +--- org.jline:jline-terminal:3.12.1
     +--- org.codehaus.plexus:plexus-utils:3.3.0
     +--- com.machinezoo.noexception:noexception:1.7.1
     \--- ng_dummy_ng.net.minecraft:client:1.20.6

testRuntimeOnly - Runtime only dependencies for source set 'test'. (n)
No dependencies

testSdk
\--- net.neoforged:neoforge:20.6.139

(n) - A dependency or dependency configuration that cannot be resolved.

A web-based, searchable dependency report is available by adding the --scan option.

BUILD SUCCESSFUL in 11s
1 actionable task: 1 executed
