Downloading https://services.gradle.org/distributions/gradle-8.1.1-bin.zip
...........10%............20%............30%............40%............50%............60%............70%............80%...........90%............100%

Welcome to Gradle 8.1.1!

Here are the highlights of this release:
 - Stable configuration cache
 - Experimental Kotlin DSL assignment syntax
 - Building with Java 20

For more details see https://docs.gradle.org/8.1.1/release-notes.html

To honour the JVM settings for this build a single-use Daemon process will be forked. See https://docs.gradle.org/8.1.1/userguide/gradle_daemon.html#sec:disabling_the_daemon.
Daemon will be stopped at the end of the build 

> Configure project :
Fabric Loom: 1.2.8
:remapping 42 mods from modImplementation (java-api)

> Task :compileJava NO-SOURCE
> Task :processResources
> Task :classes
> Task :jar
> Task :sourcesJar
> Task :remapSourcesJar
> Task :remapJar
> Task :assemble
> Task :build

BUILD SUCCESSFUL in 1m 16s
5 actionable tasks: 5 executed
$ /opt/hostedtoolcache/Python/3.12.13/x64/bin/python 1.19-1.19.4/build_adapter.py --loader fabric --metadata-json /tmp/modcompiler-sortchest-fabric-1-19-2-etcs_d3r/metadata.json --source-dir .workflow_state/prepared/mods/sortchest-fabric-1-19-2/src --template-workspace /tmp/modcompiler-sortchest-fabric-1-19-2-etcs_d3r/workspace --minecraft-version 1.19.2 --manifest /home/runner/work/ModCompiler/ModCompiler/version-manifest.json


$ ./modcompiler-build.sh


Build produced jars without .class files. Check source layout (expected under src/main/java).
