[03:21:15] [Client thread/INFO]: Setting user: Offline
[03:21:17] [Client thread/INFO]: LWJGL Version: 2.9.4
[03:21:22] [Client thread/INFO]: Reloading ResourceManager: Default, FMLFileResourcePack:Forge Mod Loader, FMLFileResourcePack:Minecraft Forge, FMLFileResourcePack:PingFix
[03:21:22] [Client thread/ERROR]: Couldn't initialize twitch stream
[03:21:22] [Sound Library Loader/INFO]: Starting up SoundSystem...
[03:21:23] [Thread-7/INFO]: Initializing LWJGL OpenAL
[03:21:23] [Thread-7/INFO]: (The LWJGL binding of OpenAL.  For more information, see http://www.lwjgl.org)
[03:21:23] [Thread-7/ERROR]: Error in class 'LibraryLWJGLOpenAL'
[03:21:23] [Thread-7/ERROR]: Unable to initialize OpenAL.  Probable cause: OpenAL not supported.
[03:21:23] [Thread-7/WARN]: ERROR MESSAGE:
[03:21:23] [Thread-7/INFO]: Could not locate OpenAL library.
[03:21:23] [Thread-7/WARN]: STACK TRACE:
[03:21:23] [Thread-7/INFO]: org.lwjgl.openal.AL.create(AL.java:156)
[03:21:23] [Thread-7/INFO]: org.lwjgl.openal.AL.create(AL.java:102)
[03:21:23] [Thread-7/INFO]: org.lwjgl.openal.AL.create(AL.java:206)
[03:21:23] [Thread-7/INFO]: paulscode.sound.libraries.LibraryLWJGLOpenAL.init(LibraryLWJGLOpenAL.java:164)
[03:21:23] [Thread-7/INFO]: paulscode.sound.SoundSystem.CommandNewLibrary(SoundSystem.java:1576)
[03:21:23] [Thread-7/INFO]: paulscode.sound.SoundSystem.CommandQueue(SoundSystem.java:2572)
[03:21:23] [Thread-7/INFO]: paulscode.sound.CommandThread.run(CommandThread.java:121)
[03:21:23] [Sound Library Loader/WARN]: ERROR MESSAGE:
[03:21:23] [Sound Library Loader/INFO]: Could not locate OpenAL library.
[03:21:23] [Sound Library Loader/INFO]: Starting up SoundSystem...
[03:21:23] [Thread-9/INFO]: Switching to No Sound
[03:21:23] [Thread-9/INFO]: (Silent Mode)
[03:21:24] [Sound Library Loader/INFO]: Sound engine started
[03:21:24] [Client thread/INFO]: Created: 16x16 textures-atlas
[03:21:25] [Client thread/INFO]: Reloading ResourceManager: Default, FMLFileResourcePack:Forge Mod Loader, FMLFileResourcePack:Minecraft Forge, FMLFileResourcePack:PingFix
[03:21:25] [Client thread/INFO]: SoundSystem shutting down...
[03:21:25] [Client thread/WARN]: Author: Paul Lamb, www.paulscode.com
[03:21:25] [Sound Library Loader/INFO]: Starting up SoundSystem...
[03:21:25] [Thread-11/INFO]: Initializing LWJGL OpenAL
[03:21:25] [Thread-11/INFO]: (The LWJGL binding of OpenAL.  For more information, see http://www.lwjgl.org)
[03:21:25] [Thread-11/ERROR]: Error in class 'LibraryLWJGLOpenAL'
[03:21:25] [Thread-11/ERROR]: Unable to initialize OpenAL.  Probable cause: OpenAL not supported.
[03:21:25] [Thread-11/WARN]: ERROR MESSAGE:
[03:21:25] [Thread-11/INFO]: Could not locate OpenAL library.
[03:21:25] [Thread-11/WARN]: STACK TRACE:
[03:21:25] [Thread-11/INFO]: org.lwjgl.openal.AL.create(AL.java:156)
[03:21:25] [Thread-11/INFO]: org.lwjgl.openal.AL.create(AL.java:102)
[03:21:25] [Thread-11/INFO]: org.lwjgl.openal.AL.create(AL.java:206)
[03:21:25] [Thread-11/INFO]: paulscode.sound.libraries.LibraryLWJGLOpenAL.init(LibraryLWJGLOpenAL.java:164)
[03:21:25] [Thread-11/INFO]: paulscode.sound.SoundSystem.CommandNewLibrary(SoundSystem.java:1576)
[03:21:25] [Thread-11/INFO]: paulscode.sound.SoundSystem.CommandQueue(SoundSystem.java:2572)
[03:21:25] [Thread-11/INFO]: paulscode.sound.CommandThread.run(CommandThread.java:121)
[03:21:26] [Sound Library Loader/WARN]: ERROR MESSAGE:
[03:21:26] [Sound Library Loader/INFO]: Could not locate OpenAL library.
[03:21:26] [Sound Library Loader/INFO]: Starting up SoundSystem...
[03:21:26] [Thread-13/INFO]: Switching to No Sound
[03:21:26] [Thread-13/INFO]: (Silent Mode)
[03:21:26] [Sound Library Loader/INFO]: Sound engine started
[03:21:27] [Client thread/INFO]: Created: 512x512 textures-atlas
[03:21:28] [Server thread/INFO]: Starting integrated minecraft server version 1.8.9
[03:21:28] [Server thread/INFO]: Generating keypair
[03:21:28] [Server thread/INFO]: Converting map!
[03:21:28] [Server thread/INFO]: Scanning folders...
[03:21:28] [Server thread/INFO]: Total conversion count is 0
[03:21:28] [Server thread/INFO]: Preparing start region for level 0
[03:21:29] [Realms Notification Availability checker #1/ERROR]: Could not parse RealmsError: com.google.gson.stream.MalformedJsonException: Use JsonReader.setLenient(true) to accept malformed JSON at line 1 column 12
[03:21:29] [Realms Notification Availability checker #1/ERROR]: Realms http code: 404 -  error code: 0 -  message: null
[03:21:29] [Server thread/INFO]: Preparing spawn area: 6%
[03:21:30] [Server thread/INFO]: Preparing spawn area: 23%
[03:21:31] [Server thread/INFO]: Preparing spawn area: 43%
[03:21:32] [Server thread/INFO]: Preparing spawn area: 62%
[03:21:33] [Server thread/INFO]: Preparing spawn area: 84%
[03:21:34] [Server thread/INFO]: Changing view distance to 12, from 10
[03:21:34] [Client thread/INFO]: Waiting for player to load...
[03:21:34] [Client thread/INFO]: Waiting for player to load...
[03:21:34] [Client thread/INFO]: Waiting for player to load...
[03:21:34] [Client thread/INFO]: Waiting for player to load...
[03:21:34] [Client thread/INFO]: Waiting for player to load...
[03:21:34] [Client thread/INFO]: Waiting for player to load...
[03:21:34] [Client thread/INFO]: Waiting for player to load...
[03:21:35] [Server thread/INFO]: Offline[local:E:70feeccc] logged in with entity id 151 at (34.5, 69.0, -104.5)
[03:21:35] [Server thread/INFO]: Offline joined the game
[03:21:35] [Realms Notification Availability checker #1/ERROR]: Could not parse RealmsError: com.google.gson.stream.MalformedJsonException: Use JsonReader.setLenient(true) to accept malformed JSON at line 1 column 12
[03:21:35] [Realms Notification Availability checker #1/ERROR]: Realms http code: 404 -  error code: 0 -  message: null
[03:21:36] [Client thread/INFO]: Waiting for overlay to disappear...
[03:21:36] [Client thread/INFO]: Players chunk not yet loaded, EntityPlayerSP['Offline'/151, l='MpServer', x=34.50, y=69.00, z=-104.50]: cores: 4, server running: true
[03:21:36] [Client thread/INFO]: Waiting for overlay to disappear...
[03:21:36] [Client thread/INFO]: Players chunk not yet loaded, EntityPlayerSP['Offline'/151, l='MpServer', x=34.50, y=69.00, z=-104.50]: cores: 4, server running: true
[03:21:36] [Client thread/INFO]: Waiting for overlay to disappear...
[03:21:36] [Client thread/INFO]: Players chunk not yet loaded, EntityPlayerSP['Offline'/151, l='MpServer', x=34.50, y=69.00, z=-104.50]: cores: 4, server running: true
[03:21:36] [Client thread/INFO]: Waiting for overlay to disappear...
[03:21:36] [Client thread/INFO]: Waiting 98 ticks before testing...
[03:21:36] [Client thread/WARN]: Unable to play unknown soundEvent: minecraft:mob.bat.takeoff
[03:21:37] [Client thread/INFO]: Waiting for overlay to disappear...
[03:21:37] [Client thread/INFO]: Waiting 97 ticks before testing...
[03:21:37] [Client thread/INFO]: Waiting for overlay to disappear...
[03:21:37] [Client thread/INFO]: Waiting 96 ticks before testing...
[03:21:37] [Client thread/INFO]: Waiting for overlay to disappear...
[03:21:37] [Client thread/INFO]: Waiting 95 ticks before testing...
[03:21:37] [Client thread/INFO]: Waiting for overlay to disappear...
[03:21:37] [Client thread/INFO]: Waiting 94 ticks before testing...
[03:21:37] [Client thread/INFO]: Waiting for overlay to disappear...
[03:21:37] [Client thread/INFO]: Waiting 93 ticks before testing...
[03:21:37] [Client thread/INFO]: Waiting for overlay to disappear...
[03:21:37] [Client thread/INFO]: Waiting 92 ticks before testing...
[03:21:37] [Client thread/INFO]: Waiting for overlay to disappear...
[03:21:37] [Client thread/INFO]: Waiting 91 ticks before testing...
[03:21:37] [Client thread/INFO]: Waiting for overlay to disappear...
[03:21:37] [Client thread/INFO]: Waiting 90 ticks before testing...
[03:21:37] [Client thread/INFO]: Waiting for overlay to disappear...
[03:21:37] [Client thread/INFO]: Waiting 89 ticks before testing...
[03:21:37] [Client thread/INFO]: Waiting for overlay to disappear...
[03:21:37] [Client thread/INFO]: Waiting 88 ticks before testing...
[03:21:37] [Client thread/INFO]: Waiting for overlay to disappear...
[03:21:37] [Client thread/INFO]: Waiting 87 ticks before testing...
[03:21:37] [Client thread/INFO]: Waiting for overlay to disappear...
[03:21:37] [Client thread/INFO]: Waiting 86 ticks before testing...
[03:21:37] [Client thread/INFO]: Waiting for overlay to disappear...
[03:21:37] [Client thread/INFO]: Waiting 85 ticks before testing...
[03:21:37] [Client thread/INFO]: Waiting for overlay to disappear...
[03:21:37] [Client thread/INFO]: Waiting 84 ticks before testing...
[03:21:37] [Client thread/INFO]: Waiting for overlay to disappear...
[03:21:37] [Client thread/INFO]: Waiting 83 ticks before testing...
[03:21:37] [Client thread/INFO]: Waiting for overlay to disappear...
[03:21:37] [Client thread/INFO]: Waiting 82 ticks before testing...
[03:21:37] [Client thread/INFO]: Waiting for overlay to disappear...
[03:21:37] [Client thread/INFO]: Waiting 81 ticks before testing...
[03:21:37] [Client thread/INFO]: Waiting for overlay to disappear...
[03:21:37] [Client thread/INFO]: Waiting 80 ticks before testing...
[03:21:37] [Client thread/INFO]: Waiting for overlay to disappear...
[03:21:37] [Client thread/INFO]: Waiting 79 ticks before testing...
[03:21:37] [Client thread/INFO]: Waiting for overlay to disappear...
[03:21:37] [Client thread/INFO]: Waiting 78 ticks before testing...
[03:21:37] [Client thread/INFO]: Waiting for overlay to disappear...
[03:21:37] [Client thread/INFO]: Waiting 77 ticks before testing...
[03:21:37] [Client thread/INFO]: Waiting for overlay to disappear...
[03:21:37] [Client thread/INFO]: Waiting 76 ticks before testing...
[03:21:37] [Client thread/INFO]: Waiting for overlay to disappear...
[03:21:37] [Client thread/INFO]: Waiting 75 ticks before testing...
[03:21:37] [Client thread/INFO]: Waiting for overlay to disappear...
[03:21:37] [Client thread/INFO]: Waiting 74 ticks before testing...
[03:21:38] [Client thread/INFO]: Waiting for overlay to disappear...
[03:21:38] [Client thread/INFO]: Waiting 73 ticks before testing...
[03:21:38] [Client thread/INFO]: Waiting for overlay to disappear...
[03:21:38] [Client thread/INFO]: Waiting 72 ticks before testing...
[03:21:38] [Client thread/INFO]: Waiting for overlay to disappear...
[03:21:38] [Client thread/INFO]: Waiting 71 ticks before testing...
[03:21:38] [Client thread/INFO]: Waiting for overlay to disappear...
[03:21:38] [Client thread/INFO]: Waiting 70 ticks before testing...
[03:21:38] [Client thread/INFO]: Waiting for overlay to disappear...
[03:21:38] [Client thread/INFO]: Waiting 69 ticks before testing...
[03:21:38] [Client thread/INFO]: Waiting for overlay to disappear...
[03:21:38] [Client thread/INFO]: Waiting 68 ticks before testing...
[03:21:38] [Client thread/INFO]: Waiting for overlay to disappear...
[03:21:38] [Client thread/INFO]: Waiting 67 ticks before testing...
[03:21:38] [Client thread/INFO]: Waiting for overlay to disappear...
[03:21:38] [Client thread/INFO]: Waiting 66 ticks before testing...
[03:21:38] [Client thread/INFO]: Waiting for overlay to disappear...
[03:21:38] [Client thread/INFO]: Waiting 65 ticks before testing...
[03:21:38] [Client thread/INFO]: Waiting for overlay to disappear...
[03:21:38] [Client thread/INFO]: Waiting 64 ticks before testing...
[03:21:38] [Client thread/INFO]: Waiting for overlay to disappear...
[03:21:38] [Client thread/INFO]: Waiting 63 ticks before testing...
[03:21:38] [Client thread/INFO]: Waiting for overlay to disappear...
[03:21:38] [Client thread/INFO]: Waiting 62 ticks before testing...
[03:21:38] [Client thread/INFO]: Waiting for overlay to disappear...
[03:21:38] [Client thread/INFO]: Waiting 61 ticks before testing...
[03:21:38] [Client thread/INFO]: Waiting for overlay to disappear...
[03:21:38] [Client thread/INFO]: Waiting 60 ticks before testing...
[03:21:38] [Client thread/INFO]: Waiting for overlay to disappear...
[03:21:38] [Client thread/INFO]: Waiting 59 ticks before testing...
[03:21:38] [Client thread/INFO]: Waiting for overlay to disappear...
[03:21:38] [Client thread/INFO]: Waiting 58 ticks before testing...
[03:21:38] [Client thread/INFO]: Waiting for overlay to disappear...
[03:21:38] [Client thread/INFO]: Waiting 57 ticks before testing...
[03:21:38] [Client thread/INFO]: Waiting for overlay to disappear...
[03:21:38] [Client thread/INFO]: Waiting 56 ticks before testing...
[03:21:39] [Client thread/INFO]: Waiting for overlay to disappear...
[03:21:39] [Client thread/INFO]: Waiting 55 ticks before testing...
[03:21:39] [Client thread/INFO]: Waiting for overlay to disappear...
[03:21:39] [Client thread/INFO]: Waiting 54 ticks before testing...
[03:21:39] [Client thread/INFO]: Waiting for overlay to disappear...
[03:21:39] [Client thread/INFO]: Waiting 53 ticks before testing...
[03:21:39] [Client thread/INFO]: Waiting for overlay to disappear...
[03:21:39] [Client thread/INFO]: Waiting 52 ticks before testing...
[03:21:39] [Client thread/INFO]: Waiting for overlay to disappear...
[03:21:39] [Client thread/INFO]: Waiting 51 ticks before testing...
[03:21:39] [Client thread/INFO]: Waiting for overlay to disappear...
[03:21:39] [Client thread/INFO]: Waiting 50 ticks before testing...
[03:21:39] [Client thread/INFO]: Waiting for overlay to disappear...
[03:21:39] [Client thread/INFO]: Waiting 49 ticks before testing...
[03:21:39] [Client thread/INFO]: Waiting for overlay to disappear...
[03:21:39] [Client thread/INFO]: Waiting 48 ticks before testing...
[03:21:39] [Client thread/INFO]: Waiting for overlay to disappear...
[03:21:39] [Client thread/INFO]: Waiting 47 ticks before testing...
[03:21:39] [Client thread/INFO]: Waiting for overlay to disappear...
[03:21:39] [Client thread/INFO]: Waiting 46 ticks before testing...
[03:21:39] [Client thread/INFO]: Waiting for overlay to disappear...
[03:21:39] [Client thread/INFO]: Waiting 45 ticks before testing...
[03:21:39] [Client thread/INFO]: Waiting for overlay to disappear...
[03:21:39] [Client thread/INFO]: Waiting 44 ticks before testing...
[03:21:39] [Client thread/INFO]: Waiting for overlay to disappear...
[03:21:39] [Client thread/INFO]: Waiting 43 ticks before testing...
[03:21:39] [Client thread/INFO]: Waiting for overlay to disappear...
[03:21:39] [Client thread/INFO]: Waiting 42 ticks before testing...
[03:21:39] [Client thread/INFO]: Waiting for overlay to disappear...
[03:21:39] [Client thread/INFO]: Waiting 41 ticks before testing...
[03:21:39] [Client thread/INFO]: Waiting for overlay to disappear...
[03:21:39] [Client thread/INFO]: Waiting 40 ticks before testing...
[03:21:39] [Client thread/INFO]: Waiting for overlay to disappear...
[03:21:39] [Client thread/INFO]: Waiting 39 ticks before testing...
[03:21:40] [Client thread/INFO]: Waiting for overlay to disappear...
[03:21:40] [Client thread/INFO]: Waiting 38 ticks before testing...
[03:21:40] [Client thread/INFO]: Waiting for overlay to disappear...
[03:21:40] [Client thread/INFO]: Waiting 37 ticks before testing...
[03:21:40] [Client thread/INFO]: Waiting for overlay to disappear...
[03:21:40] [Client thread/INFO]: Waiting 36 ticks before testing...
[03:21:40] [Client thread/INFO]: Waiting for overlay to disappear...
[03:21:40] [Client thread/INFO]: Waiting 35 ticks before testing...
[03:21:40] [Client thread/INFO]: Waiting for overlay to disappear...
[03:21:40] [Client thread/INFO]: Waiting 34 ticks before testing...
[03:21:40] [Client thread/INFO]: Waiting for overlay to disappear...
[03:21:40] [Client thread/INFO]: Waiting 33 ticks before testing...
[03:21:40] [Client thread/INFO]: Waiting for overlay to disappear...
[03:21:40] [Client thread/INFO]: Waiting 32 ticks before testing...
[03:21:40] [Client thread/INFO]: Waiting for overlay to disappear...
[03:21:40] [Client thread/INFO]: Waiting 31 ticks before testing...
[03:21:40] [Client thread/INFO]: Waiting for overlay to disappear...
[03:21:40] [Client thread/INFO]: Waiting 30 ticks before testing...
[03:21:40] [Client thread/INFO]: Waiting for overlay to disappear...
[03:21:40] [Client thread/INFO]: Waiting 29 ticks before testing...
[03:21:40] [Client thread/INFO]: Waiting for overlay to disappear...
[03:21:40] [Client thread/INFO]: Waiting 28 ticks before testing...
[03:21:40] [Client thread/INFO]: Waiting for overlay to disappear...
[03:21:40] [Client thread/INFO]: Waiting 27 ticks before testing...
[03:21:40] [Client thread/INFO]: Waiting for overlay to disappear...
[03:21:40] [Client thread/INFO]: Waiting 26 ticks before testing...
[03:21:40] [Client thread/INFO]: Waiting for overlay to disappear...
[03:21:40] [Client thread/INFO]: Waiting 25 ticks before testing...
[03:21:40] [Client thread/INFO]: Waiting for overlay to disappear...
[03:21:40] [Client thread/INFO]: Waiting 24 ticks before testing...
[03:21:40] [Client thread/INFO]: Waiting for overlay to disappear...
[03:21:40] [Client thread/INFO]: Waiting 23 ticks before testing...
[03:21:40] [Client thread/INFO]: Waiting for overlay to disappear...
[03:21:40] [Client thread/INFO]: Waiting 22 ticks before testing...
[03:21:40] [Client thread/INFO]: Waiting for overlay to disappear...
[03:21:40] [Client thread/INFO]: Waiting 21 ticks before testing...
[03:21:41] [Client thread/INFO]: Waiting for overlay to disappear...
[03:21:41] [Client thread/INFO]: Waiting 20 ticks before testing...
[03:21:41] [Client thread/INFO]: Waiting for overlay to disappear...
[03:21:41] [Client thread/INFO]: Waiting 19 ticks before testing...
[03:21:41] [Client thread/INFO]: Waiting for overlay to disappear...
[03:21:41] [Client thread/INFO]: Waiting 18 ticks before testing...
[03:21:41] [Client thread/INFO]: Waiting for overlay to disappear...
[03:21:41] [Client thread/INFO]: Waiting 17 ticks before testing...
[03:21:41] [Client thread/INFO]: Waiting for overlay to disappear...
[03:21:41] [Client thread/INFO]: Waiting 16 ticks before testing...
[03:21:41] [Client thread/INFO]: Waiting for overlay to disappear...
[03:21:41] [Client thread/INFO]: Waiting 15 ticks before testing...
[03:21:41] [Client thread/INFO]: Waiting for overlay to disappear...
[03:21:41] [Client thread/INFO]: Waiting 14 ticks before testing...
[03:21:41] [Client thread/INFO]: Waiting for overlay to disappear...
[03:21:41] [Client thread/INFO]: Waiting 13 ticks before testing...
[03:21:41] [Client thread/INFO]: Waiting for overlay to disappear...
[03:21:41] [Client thread/INFO]: Waiting 12 ticks before testing...
[03:21:41] [Client thread/INFO]: Waiting for overlay to disappear...
[03:21:41] [Client thread/INFO]: Waiting 11 ticks before testing...
[03:21:41] [Client thread/INFO]: Waiting for overlay to disappear...
[03:21:41] [Client thread/INFO]: Waiting 10 ticks before testing...
[03:21:41] [Client thread/INFO]: Waiting for overlay to disappear...
[03:21:41] [Client thread/INFO]: Waiting 9 ticks before testing...
[03:21:41] [Client thread/INFO]: Waiting for overlay to disappear...
[03:21:41] [Client thread/INFO]: Waiting 8 ticks before testing...
[03:21:41] [Client thread/WARN]: Unable to play unknown soundEvent: minecraft:music.game
[03:21:41] [Client thread/INFO]: Waiting for overlay to disappear...
[03:21:41] [Client thread/INFO]: Waiting 7 ticks before testing...
[03:21:41] [Client thread/INFO]: Waiting for overlay to disappear...
[03:21:41] [Client thread/INFO]: Waiting 6 ticks before testing...
[03:21:41] [Client thread/INFO]: Waiting for overlay to disappear...
[03:21:41] [Client thread/INFO]: Waiting 5 ticks before testing...
[03:21:41] [Client thread/INFO]: Waiting for overlay to disappear...
[03:21:41] [Client thread/INFO]: Waiting 4 ticks before testing...
[03:21:41] [Client thread/INFO]: Waiting for overlay to disappear...
[03:21:41] [Client thread/INFO]: Waiting 3 ticks before testing...
[03:21:41] [Client thread/INFO]: Waiting for overlay to disappear...
[03:21:41] [Client thread/INFO]: Waiting 2 ticks before testing...
[03:21:42] [Client thread/INFO]: Waiting for overlay to disappear...
[03:21:42] [Client thread/INFO]: Waiting 1 ticks before testing...
[03:21:42] [Client thread/INFO]: Waiting for overlay to disappear...
[03:21:42] [Client thread/INFO]: Test successful!
[03:21:42] [Client thread/INFO]: Stopping!
[03:21:42] [Client thread/INFO]: SoundSystem shutting down...
[03:21:42] [Server thread/INFO]: Stopping server
[03:21:42] [Server thread/INFO]: Saving players
[03:21:42] [Server thread/INFO]: Saving worlds
[03:21:42] [Server thread/INFO]: Saving chunks for level 'New World'/Overworld
[03:21:42] [Client thread/WARN]: Author: Paul Lamb, www.paulscode.com
[03:21:42] [Client Shutdown Thread/INFO]: Stopping server
