[03:20:04] [main/WARNING] [Main]: Not running from the headlessmc-launcher-wrapper. No plugin support and in-memory launching.
Launching version fabric-loader-0.19.3-1.19, abc9b2b3-3e48-4061-bf94-089b084e0467
[03:20:04] [main/INFO] [XvfbService]: Running with xvfb
[03:20:04] [main/INFO] [LaunchOptions]: You are offline but running with xvfb, not using headless mode.
[03:20:04] [main/INFO] [LibraryDownloader]: com/mojang/logging/1.0.0/logging-1.0.0.jar is missing, downloading from https://libraries.minecraft.net/com/mojang/logging/1.0.0/logging-1.0.0.jar
[03:20:05] [main/INFO] [LibraryDownloader]: com/github/oshi/oshi-core/5.8.5/oshi-core-5.8.5.jar is missing, downloading from https://libraries.minecraft.net/com/github/oshi/oshi-core/5.8.5/oshi-core-5.8.5.jar
[03:20:05] [main/INFO] [LibraryDownloader]: net/java/dev/jna/jna/5.10.0/jna-5.10.0.jar is missing, downloading from https://libraries.minecraft.net/net/java/dev/jna/jna/5.10.0/jna-5.10.0.jar
[03:20:05] [main/INFO] [LibraryDownloader]: net/java/dev/jna/jna-platform/5.10.0/jna-platform-5.10.0.jar is missing, downloading from https://libraries.minecraft.net/net/java/dev/jna/jna-platform/5.10.0/jna-platform-5.10.0.jar
[03:20:05] [main/INFO] [LibraryDownloader]: org/slf4j/slf4j-api/1.8.0-beta4/slf4j-api-1.8.0-beta4.jar is missing, downloading from https://libraries.minecraft.net/org/slf4j/slf4j-api/1.8.0-beta4/slf4j-api-1.8.0-beta4.jar
[03:20:05] [main/INFO] [LibraryDownloader]: org/apache/logging/log4j/log4j-slf4j18-impl/2.17.0/log4j-slf4j18-impl-2.17.0.jar is missing, downloading from https://libraries.minecraft.net/org/apache/logging/log4j/log4j-slf4j18-impl/2.17.0/log4j-slf4j18-impl-2.17.0.jar
[03:20:05] [main/INFO] [LibraryDownloader]: com/ibm/icu/icu4j/70.1/icu4j-70.1.jar is missing, downloading from https://libraries.minecraft.net/com/ibm/icu/icu4j/70.1/icu4j-70.1.jar
[03:20:06] [main/INFO] [LibraryDownloader]: com/mojang/javabridge/1.2.24/javabridge-1.2.24.jar is missing, downloading from https://libraries.minecraft.net/com/mojang/javabridge/1.2.24/javabridge-1.2.24.jar
[03:20:06] [main/INFO] [LibraryDownloader]: io/netty/netty-common/4.1.77.Final/netty-common-4.1.77.Final.jar is missing, downloading from https://libraries.minecraft.net/io/netty/netty-common/4.1.77.Final/netty-common-4.1.77.Final.jar
[03:20:06] [main/INFO] [LibraryDownloader]: io/netty/netty-buffer/4.1.77.Final/netty-buffer-4.1.77.Final.jar is missing, downloading from https://libraries.minecraft.net/io/netty/netty-buffer/4.1.77.Final/netty-buffer-4.1.77.Final.jar
[03:20:06] [main/INFO] [LibraryDownloader]: io/netty/netty-codec/4.1.77.Final/netty-codec-4.1.77.Final.jar is missing, downloading from https://libraries.minecraft.net/io/netty/netty-codec/4.1.77.Final/netty-codec-4.1.77.Final.jar
[03:20:06] [main/INFO] [LibraryDownloader]: io/netty/netty-handler/4.1.77.Final/netty-handler-4.1.77.Final.jar is missing, downloading from https://libraries.minecraft.net/io/netty/netty-handler/4.1.77.Final/netty-handler-4.1.77.Final.jar
[03:20:06] [main/INFO] [LibraryDownloader]: io/netty/netty-resolver/4.1.77.Final/netty-resolver-4.1.77.Final.jar is missing, downloading from https://libraries.minecraft.net/io/netty/netty-resolver/4.1.77.Final/netty-resolver-4.1.77.Final.jar
[03:20:06] [main/INFO] [LibraryDownloader]: io/netty/netty-transport/4.1.77.Final/netty-transport-4.1.77.Final.jar is missing, downloading from https://libraries.minecraft.net/io/netty/netty-transport/4.1.77.Final/netty-transport-4.1.77.Final.jar
[03:20:06] [main/INFO] [LibraryDownloader]: io/netty/netty-transport-native-unix-common/4.1.77.Final/netty-transport-native-unix-common-4.1.77.Final.jar is missing, downloading from https://libraries.minecraft.net/io/netty/netty-transport-native-unix-common/4.1.77.Final/netty-transport-native-unix-common-4.1.77.Final.jar
[03:20:06] [main/INFO] [LibraryDownloader]: io/netty/netty-transport-classes-epoll/4.1.77.Final/netty-transport-classes-epoll-4.1.77.Final.jar is missing, downloading from https://libraries.minecraft.net/io/netty/netty-transport-classes-epoll/4.1.77.Final/netty-transport-classes-epoll-4.1.77.Final.jar
[03:20:06] [main/INFO] [LibraryDownloader]: io/netty/netty-transport-native-epoll/4.1.77.Final/netty-transport-native-epoll-4.1.77.Final-linux-x86_64.jar is missing, downloading from https://libraries.minecraft.net/io/netty/netty-transport-native-epoll/4.1.77.Final/netty-transport-native-epoll-4.1.77.Final-linux-x86_64.jar
[03:20:06] [main/INFO] [LibraryDownloader]: io/netty/netty-transport-native-epoll/4.1.77.Final/netty-transport-native-epoll-4.1.77.Final-linux-aarch_64.jar is missing, downloading from https://libraries.minecraft.net/io/netty/netty-transport-native-epoll/4.1.77.Final/netty-transport-native-epoll-4.1.77.Final-linux-aarch_64.jar
[03:20:06] [main/INFO] [LibraryDownloader]: com/google/guava/guava/31.0.1-jre/guava-31.0.1-jre.jar is missing, downloading from https://libraries.minecraft.net/com/google/guava/guava/31.0.1-jre/guava-31.0.1-jre.jar
[03:20:06] [main/INFO] [LibraryDownloader]: org/apache/commons/commons-lang3/3.12.0/commons-lang3-3.12.0.jar is missing, downloading from https://libraries.minecraft.net/org/apache/commons/commons-lang3/3.12.0/commons-lang3-3.12.0.jar
[03:20:06] [main/INFO] [LibraryDownloader]: commons-io/commons-io/2.11.0/commons-io-2.11.0.jar is missing, downloading from https://libraries.minecraft.net/commons-io/commons-io/2.11.0/commons-io-2.11.0.jar
[03:20:06] [main/INFO] [LibraryDownloader]: commons-codec/commons-codec/1.15/commons-codec-1.15.jar is missing, downloading from https://libraries.minecraft.net/commons-codec/commons-codec/1.15/commons-codec-1.15.jar
[03:20:06] [main/INFO] [LibraryDownloader]: com/mojang/brigadier/1.0.18/brigadier-1.0.18.jar is missing, downloading from https://libraries.minecraft.net/com/mojang/brigadier/1.0.18/brigadier-1.0.18.jar
[03:20:06] [main/INFO] [LibraryDownloader]: com/mojang/datafixerupper/5.0.28/datafixerupper-5.0.28.jar is missing, downloading from https://libraries.minecraft.net/com/mojang/datafixerupper/5.0.28/datafixerupper-5.0.28.jar
[03:20:06] [main/INFO] [LibraryDownloader]: com/google/code/gson/gson/2.8.9/gson-2.8.9.jar is missing, downloading from https://libraries.minecraft.net/com/google/code/gson/gson/2.8.9/gson-2.8.9.jar
[03:20:06] [main/INFO] [LibraryDownloader]: com/mojang/authlib/3.5.41/authlib-3.5.41.jar is missing, downloading from https://libraries.minecraft.net/com/mojang/authlib/3.5.41/authlib-3.5.41.jar
[03:20:06] [main/INFO] [LibraryDownloader]: org/apache/commons/commons-compress/1.21/commons-compress-1.21.jar is missing, downloading from https://libraries.minecraft.net/org/apache/commons/commons-compress/1.21/commons-compress-1.21.jar
[03:20:06] [main/INFO] [LibraryDownloader]: org/apache/httpcomponents/httpcore/4.4.14/httpcore-4.4.14.jar is missing, downloading from https://libraries.minecraft.net/org/apache/httpcomponents/httpcore/4.4.14/httpcore-4.4.14.jar
[03:20:06] [main/INFO] [LibraryDownloader]: it/unimi/dsi/fastutil/8.5.6/fastutil-8.5.6.jar is missing, downloading from https://libraries.minecraft.net/it/unimi/dsi/fastutil/8.5.6/fastutil-8.5.6.jar
[03:20:06] [main/INFO] [LibraryDownloader]: org/apache/logging/log4j/log4j-api/2.17.0/log4j-api-2.17.0.jar is missing, downloading from https://libraries.minecraft.net/org/apache/logging/log4j/log4j-api/2.17.0/log4j-api-2.17.0.jar
[03:20:06] [main/INFO] [LibraryDownloader]: org/apache/logging/log4j/log4j-core/2.17.0/log4j-core-2.17.0.jar is missing, downloading from https://libraries.minecraft.net/org/apache/logging/log4j/log4j-core/2.17.0/log4j-core-2.17.0.jar
[03:20:06] [main/INFO] [LibraryDownloader]: org/lwjgl/lwjgl/3.3.1/lwjgl-3.3.1.jar is missing, downloading from https://libraries.minecraft.net/org/lwjgl/lwjgl/3.3.1/lwjgl-3.3.1.jar
[03:20:06] [main/INFO] [LibraryDownloader]: org/lwjgl/lwjgl/3.3.1/lwjgl-3.3.1-natives-linux.jar is missing, downloading from https://libraries.minecraft.net/org/lwjgl/lwjgl/3.3.1/lwjgl-3.3.1-natives-linux.jar
[03:20:06] [main/INFO] [LibraryDownloader]: org/lwjgl/lwjgl-jemalloc/3.3.1/lwjgl-jemalloc-3.3.1.jar is missing, downloading from https://libraries.minecraft.net/org/lwjgl/lwjgl-jemalloc/3.3.1/lwjgl-jemalloc-3.3.1.jar
[03:20:07] [main/INFO] [LibraryDownloader]: org/lwjgl/lwjgl-jemalloc/3.3.1/lwjgl-jemalloc-3.3.1-natives-linux.jar is missing, downloading from https://libraries.minecraft.net/org/lwjgl/lwjgl-jemalloc/3.3.1/lwjgl-jemalloc-3.3.1-natives-linux.jar
[03:20:07] [main/INFO] [LibraryDownloader]: org/lwjgl/lwjgl-openal/3.3.1/lwjgl-openal-3.3.1.jar is missing, downloading from https://libraries.minecraft.net/org/lwjgl/lwjgl-openal/3.3.1/lwjgl-openal-3.3.1.jar
[03:20:07] [main/INFO] [LibraryDownloader]: org/lwjgl/lwjgl-openal/3.3.1/lwjgl-openal-3.3.1-natives-linux.jar is missing, downloading from https://libraries.minecraft.net/org/lwjgl/lwjgl-openal/3.3.1/lwjgl-openal-3.3.1-natives-linux.jar
[03:20:07] [main/INFO] [LibraryDownloader]: org/lwjgl/lwjgl-opengl/3.3.1/lwjgl-opengl-3.3.1.jar is missing, downloading from https://libraries.minecraft.net/org/lwjgl/lwjgl-opengl/3.3.1/lwjgl-opengl-3.3.1.jar
[03:20:07] [main/INFO] [LibraryDownloader]: org/lwjgl/lwjgl-opengl/3.3.1/lwjgl-opengl-3.3.1-natives-linux.jar is missing, downloading from https://libraries.minecraft.net/org/lwjgl/lwjgl-opengl/3.3.1/lwjgl-opengl-3.3.1-natives-linux.jar
[03:20:07] [main/INFO] [LibraryDownloader]: org/lwjgl/lwjgl-glfw/3.3.1/lwjgl-glfw-3.3.1.jar is missing, downloading from https://libraries.minecraft.net/org/lwjgl/lwjgl-glfw/3.3.1/lwjgl-glfw-3.3.1.jar
[03:20:07] [main/INFO] [LibraryDownloader]: org/lwjgl/lwjgl-glfw/3.3.1/lwjgl-glfw-3.3.1-natives-linux.jar is missing, downloading from https://libraries.minecraft.net/org/lwjgl/lwjgl-glfw/3.3.1/lwjgl-glfw-3.3.1-natives-linux.jar
[03:20:07] [main/INFO] [LibraryDownloader]: org/lwjgl/lwjgl-stb/3.3.1/lwjgl-stb-3.3.1.jar is missing, downloading from https://libraries.minecraft.net/org/lwjgl/lwjgl-stb/3.3.1/lwjgl-stb-3.3.1.jar
[03:20:07] [main/INFO] [Libra