[03:20:12] [main/WARNING] [Main]: Not running from the headlessmc-launcher-wrapper. No plugin support and in-memory launching.
Launching version 1.19.2-forge-43.5.2, 40f3f5e6-cce8-4d9c-bd23-0df3652831a5
[03:20:12] [main/INFO] [XvfbService]: Running with xvfb
[03:20:12] [main/INFO] [LaunchOptions]: You are offline but running with xvfb, not using headless mode.
[03:20:12] [main/INFO] [LibraryDownloader]: com/mojang/logging/1.0.0/logging-1.0.0.jar is missing, downloading from https://libraries.minecraft.net/com/mojang/logging/1.0.0/logging-1.0.0.jar
[03:20:12] [main/INFO] [LibraryDownloader]: com/github/oshi/oshi-core/5.8.5/oshi-core-5.8.5.jar is missing, downloading from https://libraries.minecraft.net/com/github/oshi/oshi-core/5.8.5/oshi-core-5.8.5.jar
[03:20:12] [main/INFO] [LibraryDownloader]: org/slf4j/slf4j-api/1.8.0-beta4/slf4j-api-1.8.0-beta4.jar is missing, downloading from https://libraries.minecraft.net/org/slf4j/slf4j-api/1.8.0-beta4/slf4j-api-1.8.0-beta4.jar
[03:20:12] [main/INFO] [LibraryDownloader]: org/apache/logging/log4j/log4j-slf4j18-impl/2.17.0/log4j-slf4j18-impl-2.17.0.jar is missing, downloading from https://libraries.minecraft.net/org/apache/logging/log4j/log4j-slf4j18-impl/2.17.0/log4j-slf4j18-impl-2.17.0.jar
[03:20:12] [main/INFO] [LibraryDownloader]: com/ibm/icu/icu4j/70.1/icu4j-70.1.jar is missing, downloading from https://libraries.minecraft.net/com/ibm/icu/icu4j/70.1/icu4j-70.1.jar
[03:20:13] [main/INFO] [LibraryDownloader]: com/mojang/javabridge/1.2.24/javabridge-1.2.24.jar is missing, downloading from https://libraries.minecraft.net/com/mojang/javabridge/1.2.24/javabridge-1.2.24.jar
[03:20:13] [main/INFO] [LibraryDownloader]: io/netty/netty-common/4.1.77.Final/netty-common-4.1.77.Final.jar is missing, downloading from https://libraries.minecraft.net/io/netty/netty-common/4.1.77.Final/netty-common-4.1.77.Final.jar
[03:20:13] [main/INFO] [LibraryDownloader]: io/netty/netty-buffer/4.1.77.Final/netty-buffer-4.1.77.Final.jar is missing, downloading from https://libraries.minecraft.net/io/netty/netty-buffer/4.1.77.Final/netty-buffer-4.1.77.Final.jar
[03:20:13] [main/INFO] [LibraryDownloader]: io/netty/netty-codec/4.1.77.Final/netty-codec-4.1.77.Final.jar is missing, downloading from https://libraries.minecraft.net/io/netty/netty-codec/4.1.77.Final/netty-codec-4.1.77.Final.jar
[03:20:13] [main/INFO] [LibraryDownloader]: io/netty/netty-handler/4.1.77.Final/netty-handler-4.1.77.Final.jar is missing, downloading from https://libraries.minecraft.net/io/netty/netty-handler/4.1.77.Final/netty-handler-4.1.77.Final.jar
[03:20:13] [main/INFO] [LibraryDownloader]: io/netty/netty-resolver/4.1.77.Final/netty-resolver-4.1.77.Final.jar is missing, downloading from https://libraries.minecraft.net/io/netty/netty-resolver/4.1.77.Final/netty-resolver-4.1.77.Final.jar
[03:20:13] [main/INFO] [LibraryDownloader]: io/netty/netty-transport/4.1.77.Final/netty-transport-4.1.77.Final.jar is missing, downloading from https://libraries.minecraft.net/io/netty/netty-transport/4.1.77.Final/netty-transport-4.1.77.Final.jar
[03:20:13] [main/INFO] [LibraryDownloader]: io/netty/netty-transport-native-unix-common/4.1.77.Final/netty-transport-native-unix-common-4.1.77.Final.jar is missing, downloading from https://libraries.minecraft.net/io/netty/netty-transport-native-unix-common/4.1.77.Final/netty-transport-native-unix-common-4.1.77.Final.jar
[03:20:13] [main/INFO] [LibraryDownloader]: io/netty/netty-transport-classes-epoll/4.1.77.Final/netty-transport-classes-epoll-4.1.77.Final.jar is missing, downloading from https://libraries.minecraft.net/io/netty/netty-transport-classes-epoll/4.1.77.Final/netty-transport-classes-epoll-4.1.77.Final.jar
[03:20:13] [main/INFO] [LibraryDownloader]: io/netty/netty-transport-native-epoll/4.1.77.Final/netty-transport-native-epoll-4.1.77.Final-linux-x86_64.jar is missing, downloading from https://libraries.minecraft.net/io/netty/netty-transport-native-epoll/4.1.77.Final/netty-transport-native-epoll-4.1.77.Final-linux-x86_64.jar
[03:20:13] [main/INFO] [LibraryDownloader]: io/netty/netty-transport-native-epoll/4.1.77.Final/netty-transport-native-epoll-4.1.77.Final-linux-aarch_64.jar is missing, downloading from https://libraries.minecraft.net/io/netty/netty-transport-native-epoll/4.1.77.Final/netty-transport-native-epoll-4.1.77.Final-linux-aarch_64.jar
[03:20:13] [main/INFO] [LibraryDownloader]: com/google/guava/guava/31.0.1-jre/guava-31.0.1-jre.jar is missing, downloading from https://libraries.minecraft.net/com/google/guava/guava/31.0.1-jre/guava-31.0.1-jre.jar
[03:20:13] [main/INFO] [LibraryDownloader]: com/mojang/brigadier/1.0.18/brigadier-1.0.18.jar is missing, downloading from https://libraries.minecraft.net/com/mojang/brigadier/1.0.18/brigadier-1.0.18.jar
[03:20:13] [main/INFO] [LibraryDownloader]: com/mojang/datafixerupper/5.0.28/datafixerupper-5.0.28.jar is missing, downloading from https://libraries.minecraft.net/com/mojang/datafixerupper/5.0.28/datafixerupper-5.0.28.jar
[03:20:13] [main/INFO] [LibraryDownloader]: com/google/code/gson/gson/2.8.9/gson-2.8.9.jar is missing, downloading from https://libraries.minecraft.net/com/google/code/gson/gson/2.8.9/gson-2.8.9.jar
[03:20:13] [main/INFO] [LibraryDownloader]: com/mojang/authlib/3.11.49/authlib-3.11.49.jar is missing, downloading from https://libraries.minecraft.net/com/mojang/authlib/3.11.49/authlib-3.11.49.jar
[03:20:13] [main/INFO] [LibraryDownloader]: org/apache/httpcomponents/httpcore/4.4.14/httpcore-4.4.14.jar is missing, downloading from https://libraries.minecraft.net/org/apache/httpcomponents/httpcore/4.4.14/httpcore-4.4.14.jar
[03:20:13] [main/INFO] [LibraryDownloader]: it/unimi/dsi/fastutil/8.5.6/fastutil-8.5.6.jar is missing, downloading from https://libraries.minecraft.net/it/unimi/dsi/fastutil/8.5.6/fastutil-8.5.6.jar
[03:20:14] [main/INFO] [LibraryDownloader]: com/mojang/text2speech/1.16.7/text2speech-1.16.7.jar is missing, downloading from https://libraries.minecraft.net/com/mojang/text2speech/1.16.7/text2speech-1.16.7.jar
[03:20:14] [main/INFO] [ProcessFactory]: Downloading 1.19.2-forge-43.5.2 from https://piston-data.mojang.com/v1/objects/055b30d860ead928cba3849ba920c88b6950b654/client.jar
[03:20:14] [main/INFO] [Log4jPatcher]: Patching lookup in org/apache/logging/log4j/core/lookup/Interpolator
[03:20:14] [main/INFO] [Log4jPatcher]: Patching lookup in org/apache/logging/log4j/core/lookup/JndiLookup
[03:20:14] [main/INFO] [AssetsDownloader]: Downloading assets from https://piston-meta.mojang.com/v1/packages/a9c8b05a8082a65678beda6dfa2b8f21fa627bce/1.19.json
[03:20:15] [ForkJoinPool.commonPool-worker-1/INFO] [AssetsDownloader]: 33% (1147/3390) Downloading: pack.mcmeta from https://resources.download.minecraft.net/0a/0a884f3786db5a9600e3df34c453849da4f8a798 to /home/runner/.minecraft/assets/objects/0a/0a884f3786db5a9600e3df34c453849da4f8a798
[03:20:16] [ForkJoinPool.commonPool-worker-1/INFO] [AssetsDownloader]: 95% (3252/3390) Downloading: minecraft/resourcepacks/programmer_art.zip from https://resources.download.minecraft.net/d3/d35ff3803e264365262935f5c6d384fd3ae58b08 to /home/runner/.minecraft/assets/objects/d3/d35ff3803e264365262935f5c6d384fd3ae58b08
[03:20:17] [main/INFO] [ParallelIOService]: Download took 2207.282325ms, parallel: true
[03:20:17] [main/INFO] [ProcessFactory]: Game will run in /home/runner/work/ModCompiler/ModCompiler/run
2026-06-21 03:20:19,701 main WARN Advanced terminal features are not available in this environment
[03:20:19] [main/INFO] [cp.mo.mo.Launcher/MODLAUNCHER]: ModLauncher running: args [--username, Offline, --version, 1.19.2-forge-43.5.2, --gameDir, /home/runner/work/ModCompiler/ModCompiler/run, --assetsDir, /home/runner/.minecraft/assets, --assetIndex, 1.19, --uuid, 22689332a7fd41919600b0fe1135ee34, --accessToken, ❄❄❄❄❄❄❄❄, --clientId, , --xuid, , --userType, msa, --versionType, release, --launchTarget, forgeclient, --fml.forgeVersion, 43.5.2, --fml.mcVersion, 1.19.2, --fml.forgeGroup, net.minecraftforge, --fml.mcpVersion, 20220805.130853]
[03:20:19] [main/INFO] [cp.mo.mo.Launcher/MODLAUNCHER]: ModLauncher 10.0.8+10.0.8+main.0ef7e830 starting: java version 17.0.19 by Eclipse Adoptium; OS Linux arch amd64 version 6.17.0-1018-azure
[03:20:20] [main/INFO] [mixin/]: SpongePowered MIXIN Subsystem Version=0.8.5 Source=union:/home/runner/.minecraft/libraries/org/spongepowered/mixin/0.8.5/mixin-0.8.5.jar%23134!/ Service=ModLauncher Env=CLIENT
[03:20:20] [main/WARN] [ne.mi.fm.lo.FMLConfig/CORE]: Configuration file /home/runner/work/ModCompiler/ModCompiler/run/config/fml.toml is not correct. Correcting
[03:20:20] [main/WARN] [ne.mi.fm.lo.FMLConfig/CORE]: Incorrect key [defaultConfigPath] was corrected from null to defaultconfigs
com.electronwill.nightconfig.core.io.ParsingException: Invalid TOML data: entry "[maxThreads]" defined twice in its table.
	at MC-BOOTSTRAP/com.electronwill.nightconfig.toml@3.6.4/com.electronwill.nightconfig.toml.TableParser.checkDuplicateKey(TableParser.java:88)
	at MC-BOOTSTRAP/com.electronwill.nightconfig.toml@3.6.4/com.electronwill.nightconfig.toml.TableParser.parseNormal(TableParser.java:59)
	at MC-BOOTSTRAP/com.electronwill.nightconfig.toml@3.6.4/com.electronwill.nightconfig.toml.TomlParser.parse(TomlParser.java:44)
	at MC-BOOTSTRAP/com.electronwill.nightconfig.toml@3.6.4/com.electronwill.nightconfig.toml.TomlParser.parse(TomlParser.java:37)
	at MC-BOOTSTRAP/com.electronwill.nightconfig.core@3.6.4/com.electronwill.nightconfig.core.io.ConfigParser.parse(ConfigParser.java:113)
	at MC-BOOTSTRAP/com.electronwill.nightconfig.core@3.6.4/com.electronwill.nightconfig.core.io.ConfigParser.parse(ConfigParser.java:219)
	at MC-BOOTSTRAP/com.electronwill.nightconfig.core@3.6.4/com.electronwill.nightconfig.core.io.ConfigParser.parse(ConfigParser.java:202)
	at MC-BOOTSTRAP/com.electronwill.nightconfig.core@3.6.4/com.electronwill.nightconfig.core.file.WriteSyncFileConfig.load(WriteSyncFileConfig.java:73)
	at MC-BOOTSTRAP/com.electronwill.nightconfig.core@3.6.4/com.electronwill.