[03:19:11] [main/WARNING] [Main]: Not running from the headlessmc-launcher-wrapper. No plugin support and in-memory launching.
Launching version fabric-loader-0.19.3-1.18.2, bb359eb7-c165-4e7a-9637-196c27537425
[03:19:12] [main/INFO] [XvfbService]: Running with xvfb
[03:19:12] [main/INFO] [LaunchOptions]: You are offline but running with xvfb, not using headless mode.
[03:19:12] [main/INFO] [LibraryDownloader]: com/mojang/logging/1.0.0/logging-1.0.0.jar is missing, downloading from https://libraries.minecraft.net/com/mojang/logging/1.0.0/logging-1.0.0.jar
[03:19:13] [main/INFO] [LibraryDownloader]: com/mojang/blocklist/1.0.10/blocklist-1.0.10.jar is missing, downloading from https://libraries.minecraft.net/com/mojang/blocklist/1.0.10/blocklist-1.0.10.jar
[03:19:13] [main/INFO] [LibraryDownloader]: com/mojang/patchy/2.2.10/patchy-2.2.10.jar is missing, downloading from https://libraries.minecraft.net/com/mojang/patchy/2.2.10/patchy-2.2.10.jar
[03:19:13] [main/INFO] [LibraryDownloader]: com/github/oshi/oshi-core/5.8.5/oshi-core-5.8.5.jar is missing, downloading from https://libraries.minecraft.net/com/github/oshi/oshi-core/5.8.5/oshi-core-5.8.5.jar
[03:19:14] [main/INFO] [LibraryDownloader]: net/java/dev/jna/jna/5.10.0/jna-5.10.0.jar is missing, downloading from https://libraries.minecraft.net/net/java/dev/jna/jna/5.10.0/jna-5.10.0.jar
[03:19:14] [main/INFO] [LibraryDownloader]: net/java/dev/jna/jna-platform/5.10.0/jna-platform-5.10.0.jar is missing, downloading from https://libraries.minecraft.net/net/java/dev/jna/jna-platform/5.10.0/jna-platform-5.10.0.jar
[03:19:14] [main/INFO] [LibraryDownloader]: org/slf4j/slf4j-api/1.8.0-beta4/slf4j-api-1.8.0-beta4.jar is missing, downloading from https://libraries.minecraft.net/org/slf4j/slf4j-api/1.8.0-beta4/slf4j-api-1.8.0-beta4.jar
[03:19:14] [main/INFO] [LibraryDownloader]: org/apache/logging/log4j/log4j-slf4j18-impl/2.17.0/log4j-slf4j18-impl-2.17.0.jar is missing, downloading from https://libraries.minecraft.net/org/apache/logging/log4j/log4j-slf4j18-impl/2.17.0/log4j-slf4j18-impl-2.17.0.jar
[03:19:14] [main/INFO] [LibraryDownloader]: com/ibm/icu/icu4j/70.1/icu4j-70.1.jar is missing, downloading from https://libraries.minecraft.net/com/ibm/icu/icu4j/70.1/icu4j-70.1.jar
[03:19:15] [main/INFO] [LibraryDownloader]: com/mojang/javabridge/1.2.24/javabridge-1.2.24.jar is missing, downloading from https://libraries.minecraft.net/com/mojang/javabridge/1.2.24/javabridge-1.2.24.jar
[03:19:15] [main/INFO] [LibraryDownloader]: net/sf/jopt-simple/jopt-simple/5.0.4/jopt-simple-5.0.4.jar is missing, downloading from https://libraries.minecraft.net/net/sf/jopt-simple/jopt-simple/5.0.4/jopt-simple-5.0.4.jar
[03:19:15] [main/INFO] [LibraryDownloader]: io/netty/netty-all/4.1.68.Final/netty-all-4.1.68.Final.jar is missing, downloading from https://libraries.minecraft.net/io/netty/netty-all/4.1.68.Final/netty-all-4.1.68.Final.jar
[03:19:15] [main/INFO] [LibraryDownloader]: com/google/guava/failureaccess/1.0.1/failureaccess-1.0.1.jar is missing, downloading from https://libraries.minecraft.net/com/google/guava/failureaccess/1.0.1/failureaccess-1.0.1.jar
[03:19:15] [main/INFO] [LibraryDownloader]: com/google/guava/guava/31.0.1-jre/guava-31.0.1-jre.jar is missing, downloading from https://libraries.minecraft.net/com/google/guava/guava/31.0.1-jre/guava-31.0.1-jre.jar
[03:19:15] [main/INFO] [LibraryDownloader]: org/apache/commons/commons-lang3/3.12.0/commons-lang3-3.12.0.jar is missing, downloading from https://libraries.minecraft.net/org/apache/commons/commons-lang3/3.12.0/commons-lang3-3.12.0.jar
[03:19:16] [main/INFO] [LibraryDownloader]: commons-io/commons-io/2.11.0/commons-io-2.11.0.jar is missing, downloading from https://libraries.minecraft.net/commons-io/commons-io/2.11.0/commons-io-2.11.0.jar
[03:19:16] [main/INFO] [LibraryDownloader]: commons-codec/commons-codec/1.15/commons-codec-1.15.jar is missing, downloading from https://libraries.minecraft.net/commons-codec/commons-codec/1.15/commons-codec-1.15.jar
[03:19:16] [main/INFO] [LibraryDownloader]: com/mojang/brigadier/1.0.18/brigadier-1.0.18.jar is missing, downloading from https://libraries.minecraft.net/com/mojang/brigadier/1.0.18/brigadier-1.0.18.jar
[03:19:16] [main/INFO] [LibraryDownloader]: com/mojang/datafixerupper/4.1.27/datafixerupper-4.1.27.jar is missing, downloading from https://libraries.minecraft.net/com/mojang/datafixerupper/4.1.27/datafixerupper-4.1.27.jar
[03:19:16] [main/INFO] [LibraryDownloader]: com/google/code/gson/gson/2.8.9/gson-2.8.9.jar is missing, downloading from https://libraries.minecraft.net/com/google/code/gson/gson/2.8.9/gson-2.8.9.jar
[03:19:16] [main/INFO] [LibraryDownloader]: com/mojang/authlib/3.3.39/authlib-3.3.39.jar is missing, downloading from https://libraries.minecraft.net/com/mojang/authlib/3.3.39/authlib-3.3.39.jar
[03:19:17] [main/INFO] [LibraryDownloader]: org/apache/commons/commons-compress/1.21/commons-compress-1.21.jar is missing, downloading from https://libraries.minecraft.net/org/apache/commons/commons-compress/1.21/commons-compress-1.21.jar
[03:19:17] [main/INFO] [LibraryDownloader]: org/apache/httpcomponents/httpclient/4.5.13/httpclient-4.5.13.jar is missing, downloading from https://libraries.minecraft.net/org/apache/httpcomponents/httpclient/4.5.13/httpclient-4.5.13.jar
[03:19:17] [main/INFO] [LibraryDownloader]: commons-logging/commons-logging/1.2/commons-logging-1.2.jar is missing, downloading from https://libraries.minecraft.net/commons-logging/commons-logging/1.2/commons-logging-1.2.jar
[03:19:17] [main/INFO] [LibraryDownloader]: org/apache/httpcomponents/httpcore/4.4.14/httpcore-4.4.14.jar is missing, downloading from https://libraries.minecraft.net/org/apache/httpcomponents/httpcore/4.4.14/httpcore-4.4.14.jar
[03:19:17] [main/INFO] [LibraryDownloader]: it/unimi/dsi/fastutil/8.5.6/fastutil-8.5.6.jar is missing, downloading from https://libraries.minecraft.net/it/unimi/dsi/fastutil/8.5.6/fastutil-8.5.6.jar
[03:19:18] [main/INFO] [LibraryDownloader]: org/apache/logging/log4j/log4j-api/2.17.0/log4j-api-2.17.0.jar is missing, downloading from https://libraries.minecraft.net/org/apache/logging/log4j/log4j-api/2.17.0/log4j-api-2.17.0.jar
[03:19:18] [main/INFO] [LibraryDownloader]: org/apache/logging/log4j/log4j-core/2.17.0/log4j-core-2.17.0.jar is missing, downloading from https://libraries.minecraft.net/org/apache/logging/log4j/log4j-core/2.17.0/log4j-core-2.17.0.jar
[03:19:18] [main/INFO] [LibraryDownloader]: org/lwjgl/lwjgl/3.2.2/lwjgl-3.2.2.jar is missing, downloading from https://libraries.minecraft.net/org/lwjgl/lwjgl/3.2.2/lwjgl-3.2.2.jar
[03:19:18] [main/INFO] [LibraryDownloader]: org/lwjgl/lwjgl-jemalloc/3.2.2/lwjgl-jemalloc-3.2.2.jar is missing, downloading from https://libraries.minecraft.net/org/lwjgl/lwjgl-jemalloc/3.2.2/lwjgl-jemalloc-3.2.2.jar
[03:19:18] [main/INFO] [LibraryDownloader]: org/lwjgl/lwjgl-openal/3.2.2/lwjgl-openal-3.2.2.jar is missing, downloading from https://libraries.minecraft.net/org/lwjgl/lwjgl-openal/3.2.2/lwjgl-openal-3.2.2.jar
[03:19:18] [main/INFO] [LibraryDownloader]: org/lwjgl/lwjgl-opengl/3.2.2/lwjgl-opengl-3.2.2.jar is missing, downloading from https://libraries.minecraft.net/org/lwjgl/lwjgl-opengl/3.2.2/lwjgl-opengl-3.2.2.jar
[03:19:19] [main/INFO] [LibraryDownloader]: org/lwjgl/lwjgl-glfw/3.2.2/lwjgl-glfw-3.2.2.jar is missing, downloading from https://libraries.minecraft.net/org/lwjgl/lwjgl-glfw/3.2.2/lwjgl-glfw-3.2.2.jar
[03:19:19] [main/INFO] [LibraryDownloader]: org/lwjgl/lwjgl-stb/3.2.2/lwjgl-stb-3.2.2.jar is missing, downloading from https://libraries.minecraft.net/org/lwjgl/lwjgl-stb/3.2.2/lwjgl-stb-3.2.2.jar
[03:19:19] [main/INFO] [LibraryDownloader]: org/lwjgl/lwjgl-tinyfd/3.2.2/lwjgl-tinyfd-3.2.2.jar is missing, downloading from https://libraries.minecraft.net/org/lwjgl/lwjgl-tinyfd/3.2.2/lwjgl-tinyfd-3.2.2.jar
[03:19:19] [main/INFO] [LibraryDownloader]: org/lwjgl/lwjgl/3.2.2/lwjgl-3.2.2-natives-linux.jar is missing, downloading from https://libraries.minecraft.net/org/lwjgl/lwjgl/3.2.2/lwjgl-3.2.2-natives-linux.jar
[03:19:19] [main/INFO] [LibraryDownloader]: org/lwjgl/lwjgl-jemalloc/3.2.2/lwjgl-jemalloc-3.2.2-natives-linux.jar is missing, downloading from https://libraries.minecraft.net/org/lwjgl/lwjgl-jemalloc/3.2.2/lwjgl-jemalloc-3.2.2-natives-linux.jar
[03:19:19] [main/INFO] [LibraryDownloader]: org/lwjgl/lwjgl-openal/3.2.2/lwjgl-openal-3.2.2-natives-linux.jar is missing, downloading from https://libraries.minecraft.net/org/lwjgl/lwjgl-openal/3.2.2/lwjgl-openal-3.2.2-natives-linux.jar
[03:19:19] [main/INFO] [LibraryDownloader]: org/lwjgl/lwjgl-opengl/3.2.2/lwjgl-opengl-3.2.2-natives-linux.jar is missing, downloading from https://libraries.minecraft.net/org/lwjgl/lwjgl-opengl/3.2.2/lwjgl-opengl-3.2.2-natives-linux.jar
[03:19:20] [main/INFO] [LibraryDownloader]: org/lwjgl/lwjgl-glfw/3.2.2/lwjgl-glfw-3.2.2-natives-linux.jar is missing, downloading from https://libraries.minecraft.net/org/lwjgl/lwjgl-glfw/3.2.2/lwjgl-glfw-3.2.2-natives-linux.jar
[03:19:20] [main/INFO] [LibraryDownloader]: org/lwjgl/lwjgl-tinyfd/3.2.2/lwjgl-tinyfd-3.2.2-natives-linux.jar is missing, downloading from https://libraries.minecraft.net/org/lwjgl/lwjgl-tinyfd/3.2.2/lwjgl-tinyfd-3.2.2-natives-linux.jar
[03:19:20] [main/INFO] [LibraryDownloader]: org/lwjgl/lwjgl-stb/3.2.2/lwjgl-stb-3.2.2-natives-linux.jar is missing, downloading from https://libraries.minecraft.net/org/lwjgl/lwjgl-stb/3.2.2/lwjgl-stb-3.2.2-natives-linux.jar
[03:19:20] [main/INFO] [LibraryDownloader]: com/mojang/text2speech/1.12.4/text2speech-1.12.4.jar is missing, downloading from https://libraries.minecraft.net/com/mojang/text2speech/1.12.4/text2speech-1.12.4.jar
[03:19:20] [main/INFO] [LibraryDownloader]: com/mojang/text2speech/1.12.4/text2speech-1.12.4-natives-linux.jar is missing, downloading from https://libraries.minecraft.net/com/mojang/text2speech/1.12.4/text2speech-1.12.4-natives-linux.jar
[03:19:20] [main/INFO] [ProcessFactory]: Downloading fabric-loader-0.19.3-1.18.2 from h