Port versions to CurseForge	Set up job	﻿2026-05-01T04:27:33.9052490Z Current runner version: '2.334.0'
Port versions to CurseForge	Set up job	2026-05-01T04:27:33.9090617Z ##[group]Runner Image Provisioner
Port versions to CurseForge	Set up job	2026-05-01T04:27:33.9091896Z Hosted Compute Agent
Port versions to CurseForge	Set up job	2026-05-01T04:27:33.9092894Z Version: 20260213.493
Port versions to CurseForge	Set up job	2026-05-01T04:27:33.9093857Z Commit: 5c115507f6dd24b8de37d8bbe0bb4509d0cc0fa3
Port versions to CurseForge	Set up job	2026-05-01T04:27:33.9094988Z Build Date: 2026-02-13T00:28:41Z
Port versions to CurseForge	Set up job	2026-05-01T04:27:33.9096242Z Worker ID: {762b770e-7faa-4535-b818-62a73fd68477}
Port versions to CurseForge	Set up job	2026-05-01T04:27:33.9097645Z Azure Region: eastus
Port versions to CurseForge	Set up job	2026-05-01T04:27:33.9098607Z ##[endgroup]
Port versions to CurseForge	Set up job	2026-05-01T04:27:33.9101096Z ##[group]Operating System
Port versions to CurseForge	Set up job	2026-05-01T04:27:33.9102051Z Ubuntu
Port versions to CurseForge	Set up job	2026-05-01T04:27:33.9103572Z 24.04.4
Port versions to CurseForge	Set up job	2026-05-01T04:27:33.9104418Z LTS
Port versions to CurseForge	Set up job	2026-05-01T04:27:33.9105160Z ##[endgroup]
Port versions to CurseForge	Set up job	2026-05-01T04:27:33.9106134Z ##[group]Runner Image
Port versions to CurseForge	Set up job	2026-05-01T04:27:33.9107434Z Image: ubuntu-24.04
Port versions to CurseForge	Set up job	2026-05-01T04:27:33.9108454Z Version: 20260413.86.1
Port versions to CurseForge	Set up job	2026-05-01T04:27:33.9110241Z Included Software: https://github.com/actions/runner-images/blob/ubuntu24/20260413.86/images/ubuntu/Ubuntu2404-Readme.md
Port versions to CurseForge	Set up job	2026-05-01T04:27:33.9113074Z Image Release: https://github.com/actions/runner-images/releases/tag/ubuntu24%2F20260413.86
Port versions to CurseForge	Set up job	2026-05-01T04:27:33.9114627Z ##[endgroup]
Port versions to CurseForge	Set up job	2026-05-01T04:27:33.9116298Z ##[group]GITHUB_TOKEN Permissions
Port versions to CurseForge	Set up job	2026-05-01T04:27:33.9119395Z Contents: read
Port versions to CurseForge	Set up job	2026-05-01T04:27:33.9120257Z Metadata: read
Port versions to CurseForge	Set up job	2026-05-01T04:27:33.9121182Z ##[endgroup]
Port versions to CurseForge	Set up job	2026-05-01T04:27:33.9124059Z Secret source: Actions
Port versions to CurseForge	Set up job	2026-05-01T04:27:33.9125308Z Prepare workflow directory
Port versions to CurseForge	Set up job	2026-05-01T04:27:33.9631537Z Prepare all required actions
Port versions to CurseForge	Set up job	2026-05-01T04:27:33.9691823Z Getting action download info
Port versions to CurseForge	Set up job	2026-05-01T04:27:34.2486935Z Download action repository 'actions/checkout@v4' (SHA:34e114876b0b11c390a56381ad16ebd13914f8d5)
Port versions to CurseForge	Set up job	2026-05-01T04:27:34.3697672Z Download action repository 'actions/setup-python@v5' (SHA:a26af69be951a213d495a4c3e4e4022e16d87065)
Port versions to CurseForge	Set up job	2026-05-01T04:27:34.5589198Z Complete job name: Port versions to CurseForge
Port versions to CurseForge	Run actions/checkout@v4	﻿2026-05-01T04:27:34.6321907Z ##[group]Run actions/checkout@v4
Port versions to CurseForge	Run actions/checkout@v4	2026-05-01T04:27:34.6322778Z with:
Port versions to CurseForge	Run actions/checkout@v4	2026-05-01T04:27:34.6323249Z   repository: Sekai0NI0itamio/ModCompiler
Port versions to CurseForge	Run actions/checkout@v4	2026-05-01T04:27:34.6323986Z   token: ***
Port versions to CurseForge	Run actions/checkout@v4	2026-05-01T04:27:34.6324397Z   ssh-strict: true
Port versions to CurseForge	Run actions/checkout@v4	2026-05-01T04:27:34.6324824Z   ssh-user: git
Port versions to CurseForge	Run actions/checkout@v4	2026-05-01T04:27:34.6325220Z   persist-credentials: true
Port versions to CurseForge	Run actions/checkout@v4	2026-05-01T04:27:34.6325673Z   clean: true
Port versions to CurseForge	Run actions/checkout@v4	2026-05-01T04:27:34.6326089Z   sparse-checkout-cone-mode: true
Port versions to CurseForge	Run actions/checkout@v4	2026-05-01T04:27:34.6326565Z   fetch-depth: 1
Port versions to CurseForge	Run actions/checkout@v4	2026-05-01T04:27:34.6327170Z   fetch-tags: false
Port versions to CurseForge	Run actions/checkout@v4	2026-05-01T04:27:34.6327603Z   show-progress: true
Port versions to CurseForge	Run actions/checkout@v4	2026-05-01T04:27:34.6328013Z   lfs: false
Port versions to CurseForge	Run actions/checkout@v4	2026-05-01T04:27:34.6328386Z   submodules: false
Port versions to CurseForge	Run actions/checkout@v4	2026-05-01T04:27:34.6328807Z   set-safe-directory: true
Port versions to CurseForge	Run actions/checkout@v4	2026-05-01T04:27:34.6329732Z ##[endgroup]
Port versions to CurseForge	Run actions/checkout@v4	2026-05-01T04:27:34.7450463Z Syncing repository: Sekai0NI0itamio/ModCompiler
Port versions to CurseForge	Run actions/checkout@v4	2026-05-01T04:27:34.7452363Z ##[group]Getting Git version info
Port versions to CurseForge	Run actions/checkout@v4	2026-05-01T04:27:34.7453113Z Working directory is '/home/runner/work/ModCompiler/ModCompiler'
Port versions to CurseForge	Run actions/checkout@v4	2026-05-01T04:27:34.7454182Z [command]/usr/bin/git version
Port versions to CurseForge	Run actions/checkout@v4	2026-05-01T04:27:34.7499372Z git version 2.53.0
Port versions to CurseForge	Run actions/checkout@v4	2026-05-01T04:27:34.7526038Z ##[endgroup]
Port versions to CurseForge	Run actions/checkout@v4	2026-05-01T04:27:34.7541213Z Temporarily overriding HOME='/home/runner/work/_temp/0ced7b37-ef2e-4d17-9f58-22cb4b01bd5e' before making global git config changes
Port versions to CurseForge	Run actions/checkout@v4	2026-05-01T04:27:34.7543449Z Adding repository directory to the temporary git global config as a safe directory
Port versions to CurseForge	Run actions/checkout@v4	2026-05-01T04:27:34.7546601Z [command]/usr/bin/git config --global --add safe.directory /home/runner/work/ModCompiler/ModCompiler
Port versions to CurseForge	Run actions/checkout@v4	2026-05-01T04:27:34.7582190Z Deleting the contents of '/home/runner/work/ModCompiler/ModCompiler'
Port versions to CurseForge	Run actions/checkout@v4	2026-05-01T04:27:34.7586000Z ##[group]Initializing the repository
Port versions to CurseForge	Run actions/checkout@v4	2026-05-01T04:27:34.7590365Z [command]/usr/bin/git init /home/runner/work/ModCompiler/ModCompiler
Port versions to CurseForge	Run actions/checkout@v4	2026-05-01T04:27:34.7706189Z hint: Using 'master' as the name for the initial branch. This default branch name
Port versions to CurseForge	Run actions/checkout@v4	2026-05-01T04:27:34.7708047Z hint: will change to "main" in Git 3.0. To configure the initial branch name
Port versions to CurseForge	Run actions/checkout@v4	2026-05-01T04:27:34.7709083Z hint: to use in all of your new repositories, which will suppress this warning,
Port versions to CurseForge	Run actions/checkout@v4	2026-05-01T04:27:34.7710146Z hint: call:
Port versions to CurseForge	Run actions/checkout@v4	2026-05-01T04:27:34.7710544Z hint:
Port versions to CurseForge	Run actions/checkout@v4	2026-05-01T04:27:34.7711482Z hint: 	git config --global init.defaultBranch <name>
Port versions to CurseForge	Run actions/checkout@v4	2026-05-01T04:27:34.7712442Z hint:
Port versions to CurseForge	Run actions/checkout@v4	2026-05-01T04:27:34.7713267Z hint: Names commonly chosen instead of 'master' are 'main', 'trunk' and
Port versions to CurseForge	Run actions/checkout@v4	2026-05-01T04:27:34.7714437Z hint: 'development'. The just-created branch can be renamed via this command:
Port versions to CurseForge	Run actions/checkout@v4	2026-05-01T04:27:34.7715193Z hint:
Port versions to CurseForge	Run actions/checkout@v4	2026-05-01T04:27:34.7715586Z hint: 	git branch -m <name>
Port versions to CurseForge	Run actions/checkout@v4	2026-05-01T04:27:34.7716058Z hint:
Port versions to CurseForge	Run actions/checkout@v4	2026-05-01T04:27:34.7716650Z hint: Disable this message with "git config set advice.defaultBranchName false"
Port versions to CurseForge	Run actions/checkout@v4	2026-05-01T04:27:34.7718037Z Initialized empty Git repository in /home/runner/work/ModCompiler/ModCompiler/.git/
Port versions to CurseForge	Run actions/checkout@v4	2026-05-01T04:27:34.7720275Z [command]/usr/bin/git remote add origin https://github.com/Sekai0NI0itamio/ModCompiler
Port versions to CurseForge	Run actions/checkout@v4	2026-05-01T04:27:34.7750745Z ##[endgroup]
Port versions to CurseForge	Run actions/checkout@v4	2026-05-01T04:27:34.7751528Z ##[group]Disabling automatic garbage collection
Port versions to CurseForge	Run actions/checkout@v4	2026-05-01T04:27:34.7754810Z [command]/usr/bin/git config --local gc.auto 0
Port versions to CurseForge	Run actions/checkout@v4	2026-05-01T04:27:34.7783593Z ##[endgroup]
Port versions to CurseForge	Run actions/checkout@v4	2026-05-01T04:27:34.7784650Z ##[group]Setting up auth
Port versions to CurseForge	Run actions/checkout@v4	2026-05-01T04:27:34.7790621Z [command]/usr/bin/git config --local --name-only --get-regexp core\.sshCommand
Port versions to CurseForge	Run actions/checkout@v4	2026-05-01T04:27:34.7821651Z [command]/usr/bin/git submodule foreach --recursive sh -c "git config --local --name-only --get-regexp 'core\.sshCommand' && git config --local --unset-all 'core.sshCommand' || :"
Port versions to CurseForge	Run actions/checkout@v4	2026-05-01T04:27:34.8118472Z [command]/usr/bin/git config --local --name-only --get-regexp http\.https\:\/\/github\.com\/\.extraheader
Port versions to CurseForge	Run actions/checkout@v4	2026-05-01T04:27:34.8151820Z [command]/usr/bin/git submodule foreach --recursive sh -c "git config --local --name-only --get-regexp 'http\.https\:\/\/github\.com\/\.extraheader' && git config --local --unset-all 'http.https://github.com/.extraheader' || :"
Port versions to CurseForge	Run actions/checkout@v4	2026-05-01T04:27:34.8371081Z [command]/usr/bin/git config --local --name-only --get-regexp ^includeIf\.gitdir:
Port versions to CurseForge	Run actions/checkout@v4	2026-05-01T04:27:34.8402929Z [command]/usr/bin/git submodule foreach --recursive git config --local --show-origin --name-only --get-regexp remote.origin.url
Port versions to CurseForge	Run actions/checkout@v4	2026-05-01T04:27:34.8629538Z [command]/usr/bin/git config --local http.https://github.com/.extraheader AUTHORIZATION: basic ***
Port versions to CurseForge	Run actions/checkout@v4	2026-05-01T04:27:34.8669120Z ##[endgroup]
Port versions to CurseForge	Run actions/checkout@v4	2026-05-01T04:27:34.8670421Z ##[group]Fetching the repository
Port versions to CurseForge	Run actions/checkout@v4	2026-05-01T04:27:34.8678233Z [command]/usr/bin/git -c protocol.version=2 fetch --no-tags --prune --no-recurse-submodules --depth=1 origin +c85c2bad151f190f71bc5f413f90840a4dc691eb:refs/remotes/origin/main
Port versions to CurseForge	Run actions/checkout@v4	2026-05-01T04:27:40.9629621Z From https://github.com/Sekai0NI0itamio/ModCompiler
Port versions to CurseForge	Run actions/checkout@v4	2026-05-01T04:27:40.9630851Z  * [new ref]             c85c2bad151f190f71bc5f413f90840a4dc691eb -> origin/main
Port versions to CurseForge	Run actions/checkout@v4	2026-05-01T04:27:40.9665699Z ##[endgroup]
Port versions to CurseForge	Run actions/checkout@v4	2026-05-01T04:27:40.9667567Z ##[group]Determining the checkout info
Port versions to CurseForge	Run actions/checkout@v4	2026-05-01T04:27:40.9669388Z ##[endgroup]
Port versions to CurseForge	Run actions/checkout@v4	2026-05-01T04:27:40.9672856Z [command]/usr/bin/git sparse-checkout disable
Port versions to CurseForge	Run actions/checkout@v4	2026-05-01T04:27:40.9712113Z [command]/usr/bin/git config --local --unset-all extensions.worktreeConfig
Port versions to CurseForge	Run actions/checkout@v4	2026-05-01T04:27:40.9741123Z ##[group]Checking out the ref
Port versions to CurseForge	Run actions/checkout@v4	2026-05-01T04:27:40.9744043Z [command]/usr/bin/git checkout --progress --force -B main refs/remotes/origin/main
Port versions to CurseForge	Run actions/checkout@v4	2026-05-01T04:27:42.3293277Z Updating files:   2% (6955/318907)
Port versions to CurseForge	Run actions/checkout@v4	2026-05-01T04:27:42.4632751Z Updating files:   3% (9568/318907)
Port versions to CurseForge	Run actions/checkout@v4	2026-05-01T04:27:42.6006351Z Updating files:   4% (12757/318907)
Port versions to CurseForge	Run actions/checkout@v4	2026-05-01T04:27:42.7399961Z Updating files:   5% (15946/318907)
Port versions to CurseForge	Run actions/checkout@v4	2026-05-01T04:27:42.8924577Z Updating files:   6% (19135/318907)
Port versions to CurseForge	Run actions/checkout@v4	2026-05-01T04:27:43.0602383Z Updating files:   7% (22324/318907)
Port versions to CurseForge	Run actions/checkout@v4	2026-05-01T04:27:43.1917975Z Updating files:   8% (25513/318907)
Port versions to CurseForge	Run actions/checkout@v4	2026-05-01T04:27:43.2121952Z Updating files:   9% (28702/318907)
Port versions to CurseForge	Run actions/checkout@v4	2026-05-01T04:27:43.3422850Z Updating files:   9% (29132/318907)
Port versions to CurseForge	Run actions/checkout@v4	2026-05-01T04:27:43.4777763Z Updating files:  10% (31891/318907)
Port versions to CurseForge	Run actions/checkout@v4	2026-05-01T04:27:43.5987578Z Updating files:  11% (35080/318907)
Port versions to CurseForge	Run actions/checkout@v4	2026-05-01T04:27:43.7265254Z Updating files:  12% (38269/318907)
Port versions to CurseForge	Run actions/checkout@v4	2026-05-01T04:27:43.8499121Z Updating files:  13% (41458/318907)
Port versions to CurseForge	Run actions/checkout@v4	2026-05-01T04:27:44.0134237Z Updating files:  14% (44647/318907)
Port versions to CurseForge	Run actions/checkout@v4	2026-05-01T04:27:44.1545881Z Updating files:  15% (47837/318907)
Port versions to CurseForge	Run actions/checkout@v4	2026-05-01T04:27:44.2122334Z Updating files:  16% (51026/318907)
Port versions to CurseForge	Run actions/checkout@v4	2026-05-01T04:27:44.2860493Z Updating files:  16% (52345/318907)
Port versions to CurseForge	Run actions/checkout@v4	2026-05-01T04:27:44.4155156Z Updating files:  17% (54215/318907)
Port versions to CurseForge	Run actions/checkout@v4	2026-05-01T04:27:44.5548957Z Updating files:  18% (57404/318907)
Port versions to CurseForge	Run actions/checkout@v4	2026-05-01T04:27:44.6898777Z Updating files:  19% (60593/318907)
Port versions to CurseForge	Run actions/checkout@v4	2026-05-01T04:27:44.8262832Z Updating files:  20% (63782/318907)
Port versions to CurseForge	Run actions/checkout@v4	2026-05-01T04:27:44.9632847Z Updating files:  21% (66971/318907)
Port versions to CurseForge	Run actions/checkout@v4	2026-05-01T04:27:45.0895891Z Updating files:  22% (70160/318907)
Port versions to CurseForge	Run actions/checkout@v4	2026-05-01T04:27:45.2122673Z Updating files:  23% (73349/318907)
Port versions to CurseForge	Run actions/checkout@v4	2026-05-01T04:27:45.2601375Z Updating files:  23% (75395/318907)
Port versions to CurseForge	Run actions/checkout@v4	2026-05-01T04:27:45.3970168Z Updating files:  24% (76538/318907)
Port versions to CurseForge	Run actions/checkout@v4	2026-05-01T04:27:45.5255336Z Updating files:  25% (79727/318907)
Port versions to CurseForge	Run actions/checkout@v4	2026-05-01T04:27:45.7689199Z Updating files:  26% (82916/318907)
Port versions to CurseForge	Run actions/checkout@v4	2026-05-01T04:27:45.8977422Z Updating files:  27% (86105/318907)
Port versions to CurseForge	Run actions/checkout@v4	2026-05-01T04:27:46.0245404Z Updating files:  28% (89294/318907)
Port versions to CurseForge	Run actions/checkout@v4	2026-05-01T04:27:46.2123084Z Updating files:  29% (92484/318907)
Port versions to CurseForge	Run actions/checkout@v4	2026-05-01T04:27:46.2165305Z Updating files:  29% (95579/318907)
Port versions to CurseForge	Run actions/checkout@v4	2026-05-01T04:27:46.4000664Z Updating files:  30% (95673/318907)
Port versions to CurseForge	Run actions/checkout@v4	2026-05-01T04:27:46.5474563Z Updating files:  31% (98862/318907)
Port versions to CurseForge	Run actions/checkout@v4	2026-05-01T04:27:46.7434379Z Updating files:  32% (102051/318907)
Port versions to CurseForge	Run actions/checkout@v4	2026-05-01T04:27:46.9338864Z Updating files:  33% (105240/318907)
Port versions to CurseForge	Run actions/checkout@v4	2026-05-01T04:27:47.0771303Z Updating files:  34% (108429/318907)
Port versions to CurseForge	Run actions/checkout@v4	2026-05-01T04:27:47.2102753Z Updating files:  35% (111618/318907)
Port versions to CurseForge	Run actions/checkout@v4	2026-05-01T04:27:47.2120460Z Updating files:  36% (114807/318907)
Port versions to CurseForge	Run actions/checkout@v4	2026-05-01T04:27:47.3513696Z Updating files:  36% (114849/318907)
Port versions to CurseForge	Run actions/checkout@v4	2026-05-01T04:27:47.4864321Z Updating files:  37% (117996/318907)
Port versions to CurseForge	Run actions/checkout@v4	2026-05-01T04:27:47.6354302Z Updating files:  38% (121185/318907)
Port versions to CurseForge	Run actions/checkout@v4	2026-05-01T04:27:47.7780675Z Updating files:  39% (124374/318907)
Port versions to CurseForge	Run actions/checkout@v4	2026-05-01T04:27:47.9204640Z Updating files:  40% (127563/318907)
Port versions to CurseForge	Run actions/checkout@v4	2026-05-01T04:27:48.0545830Z Updating files:  41% (130752/318907)
Port versions to CurseForge	Run actions/checkout@v4	2026-05-01T04:27:48.1942396Z Updating files:  42% (133941/318907)
Port versions to CurseForge	Run actions/checkout@v4	2026-05-01T04:27:48.2122745Z Updating files:  43% (137131/318907)
Port versions to CurseForge	Run actions/checkout@v4	2026-05-01T04:27:48.5292176Z Updating files:  43% (137502/318907)
Port versions to CurseForge	Run actions/checkout@v4	2026-05-01T04:27:48.6622088Z Updating files:  44% (140320/318907)
Port versions to CurseForge	Run actions/checkout@v4	2026-05-01T04:27:48.7909167Z Updating files:  45% (143509/318907)
Port versions to CurseForge	Run actions/checkout@v4	2026-05-01T04:27:48.9257166Z Updating files:  46% (146698/318907)
Port versions to CurseForge	Run actions/checkout@v4	2026-05-01T04:27:49.0538985Z Updating files:  47% (149887/318907)
Port versions to CurseForge	Run actions/checkout@v4	2026-05-01T04:27:49.1887310Z Updating files:  48% (153076/318907)
Port versions to CurseForge	Run actions/checkout@v4	2026-05-01T04:27:49.2122694Z Updating files:  49% (156265/318907)
Port versions to CurseForge	Run actions/checkout@v4	2026-05-01T04:27:49.3138848Z Updating files:  49% (156863/318907)
Port versions to CurseForge	Run actions/checkout@v4	2026-05-01T04:27:49.4459100Z Updating files:  50% (159454/318907)
Port versions to CurseForge	Run actions/checkout@v4	2026-05-01T04:27:49.5681049Z Updating files:  51% (162643/318907)
Port versions to CurseForge	Run actions/checkout@v4	2026-05-01T04:27:49.6948575Z Updating files:  52% (165832/318907)
Port versions to CurseForge	Run actions/checkout@v4	2026-05-01T04:27:49.8176087Z Updating files:  53% (169021/318907)
Port versions to CurseForge	Run actions/checkout@v4	2026-05-01T04:27:49.9499325Z Updating files:  54% (172210/318907)
Port versions to CurseForge	Run actions/checkout@v4	2026-05-01T04:27:50.0734630Z Updating files:  55% (175399/318907)
Port versions to CurseForge	Run actions/checkout@v4	2026-05-01T04:27:50.1950287Z Updating files:  56% (178588/318907)
Port versions to CurseForge	Run actions/checkout@v4	2026-05-01T04:27:50.2120663Z Updating files:  57% (181777/318907)
Port versions to CurseForge	Run actions/checkout@v4	2026-05-01T04:27:50.3187905Z Updating files:  57% (182204/318907)
Port versions to CurseForge	Run actions/checkout@v4	2026-05-01T04:27:50.4408226Z Updating files:  58% (184967/318907)
Port versions to CurseForge	Run actions/checkout@v4	2026-05-01T04:27:50.5666228Z Updating files:  59% (188156/318907)
Port versions to CurseForge	Run actions/checkout@v4	2026-05-01T04:27:50.8824169Z Updating files:  60% (191345/318907)
Port versions to CurseForge	Run actions/checkout@v4	2026-05-01T04:27:51.0130920Z Updating files:  61% (194534/318907)
Port versions to CurseForge	Run actions/checkout@v4	2026-05-01T04:27:51.1688034Z Updating files:  62% (197723/318907)
Port versions to CurseForge	Run actions/checkout@v4	2026-05-01T04:27:51.2121900Z Updating files:  63% (200912/318907)
Port versions to CurseForge	Run actions/checkout@v4	2026-05-01T04:27:51.3209748Z Updating files:  63% (201801/318907)
Port versions to CurseForge	Run actions/checkout@v4	2026-05-01T04:27:51.6712005Z Updating files:  64% (204101/318907)
Port versions to CurseForge	Run actions/checkout@v4	2026-05-01T04:27:51.8020985Z Updating files:  65% (207290/318907)
Port versions to CurseForge	Run actions/checkout@v4	2026-05-01T04:27:51.9233997Z Updating files:  66% (210479/318907)
Port versions to CurseForge	Run actions/checkout@v4	2026-05-01T04:27:52.0483059Z Updating files:  67% (213668/318907)
Port versions to CurseForge	Run actions/checkout@v4	2026-05-01T04:27:52.1720362Z Updating files:  68% (216857/318907)
Port versions to CurseForge	Run actions/checkout@v4	2026-05-01T04:27:52.2122813Z Updating files:  69% (220046/318907)
Port versions to CurseForge	Run actions/checkout@v4	2026-05-01T04:27:52.2958701Z Updating files:  69% (221081/318907)
Port versions to CurseForge	Run actions/checkout@v4	2026-05-01T04:27:52.4189980Z Updating files:  70% (223235/318907)
Port versions to CurseForge	Run actions/checkout@v4	2026-05-01T04:27:52.5404458Z Updating files:  71% (226424/318907)
Port versions to CurseForge	Run actions/checkout@v4	2026-05-01T04:27:52.6653309Z Updating files:  72% (229614/318907)
Port versions to CurseForge	Run actions/checkout@v4	2026-05-01T04:27:52.9048085Z Updating files:  73% (232803/318907)
Port versions to CurseForge	Run actions/checkout@v4	2026-05-01T04:27:53.0372366Z Updating files:  74% (235992/318907)
Port versions to CurseForge	Run actions/checkout@v4	2026-05-01T04:27:53.1750876Z Updating files:  75% (239181/318907)
Port versions to CurseForge	Run actions/checkout@v4	2026-05-01T04:27:53.2662554Z Updating files:  76% (242370/318907)
Port versions to CurseForge	Run actions/checkout@v4	2026-05-01T04:27:53.3847828Z Updating files:  76% (242462/318907)
Port versions to CurseForge	Run actions/checkout@v4	2026-05-01T04:27:53.5118089Z Updating files:  77% (245559/318907)
Port versions to CurseForge	Run actions/checkout@v4	2026-05-01T04:27:53.6475559Z Updating files:  78% (248748/318907)
Port versions to CurseForge	Run actions/checkout@v4	2026-05-01T04:27:53.7833672Z Updating files:  79% (251937/318907)
Port versions to CurseForge	Run actions/checkout@v4	2026-05-01T04:27:53.9188405Z Updating files:  80% (255126/318907)
Port versions to CurseForge	Run actions/checkout@v4	2026-05-01T04:27:54.1384812Z Updating files:  81% (258315/318907)
Port versions to CurseForge	Run actions/checkout@v4	2026-05-01T04:27:54.2121934Z Updating files:  82% (261504/318907)
Port versions to CurseForge	Run actions/checkout@v4	2026-05-01T04:27:54.3039098Z Updating files:  82% (263168/318907)
Port versions to CurseForge	Run actions/checkout@v4	2026-05-01T04:27:54.4637487Z Updating files:  83% (264693/318907)
Port versions to CurseForge	Run actions/checkout@v4	2026-05-01T04:27:54.6130653Z Updating files:  84% (267882/318907)
Port versions to CurseForge	Run actions/checkout@v4	2026-05-01T04:27:54.7504136Z Updating files:  85% (271071/318907)
Port versions to CurseForge	Run actions/checkout@v4	2026-05-01T04:27:54.8920281Z Updating files:  86% (274261/318907)
Port versions to CurseForge	Run actions/checkout@v4	2026-05-01T04:27:55.0276216Z Updating files:  87% (277450/318907)
Port versions to CurseForge	Run actions/checkout@v4	2026-05-01T04:27:55.2596839Z Updating files:  88% (280639/318907)
Port versions to CurseForge	Run actions/checkout@v4	2026-05-01T04:27:55.3277679Z Updating files:  88% (282523/318907)
Port versions to CurseForge	Run actions/checkout@v4	2026-05-01T04:27:55.4610063Z Updating files:  89% (283828/318907)
Port versions to CurseForge	Run actions/checkout@v4	2026-05-01T04:27:55.5975806Z Updating files:  90% (287017/318907)
Port versions to CurseForge	Run actions/checkout@v4	2026-05-01T04:27:55.7342319Z Updating files:  91% (290206/318907)
Port versions to CurseForge	Run actions/checkout@v4	2026-05-01T04:27:55.9607707Z Updating files:  92% (293395/318907)
Port versions to CurseForge	Run actions/checkout@v4	2026-05-01T04:27:56.1121666Z Updating files:  93% (296584/318907)
Port versions to CurseForge	Run actions/checkout@v4	2026-05-01T04:27:56.2124257Z Updating files:  94% (299773/318907)
Port versions to CurseForge	Run actions/checkout@v4	2026-05-01T04:27:56.3545990Z Updating files:  94% (300206/318907)
Port versions to CurseForge	Run actions/checkout@v4	2026-05-01T04:27:56.5166110Z Updating files:  95% (302962/318907)
Port versions to CurseForge	Run actions/checkout@v4	2026-05-01T04:27:56.8467319Z Updating files:  96% (306151/318907)
Port versions to CurseForge	Run actions/checkout@v4	2026-05-01T04:27:57.1198091Z Updating files:  97% (309340/318907)
Port versions to CurseForge	Run actions/checkout@v4	2026-05-01T04:27:57.2122637Z Updating files:  98% (312529/318907)
Port versions to CurseForge	Run actions/checkout@v4	2026-05-01T04:27:57.6783069Z Updating files:  98% (314083/318907)
Port versions to CurseForge	Run actions/checkout@v4	2026-05-01T04:27:58.1447341Z Updating files:  99% (315718/318907)
Port versions to CurseForge	Run actions/checkout@v4	2026-05-01T04:27:58.1448210Z Updating files: 100% (318907/318907)
Port versions to CurseForge	Run actions/checkout@v4	2026-05-01T04:27:58.1448598Z Updating files: 100% (318907/318907), done.
Port versions to CurseForge	Run actions/checkout@v4	2026-05-01T04:27:58.4917615Z Switched to a new branch 'main'
Port versions to CurseForge	Run actions/checkout@v4	2026-05-01T04:27:58.4918506Z branch 'main' set up to track 'origin/main'.
Port versions to CurseForge	Run actions/checkout@v4	2026-05-01T04:27:58.5109136Z ##[endgroup]
Port versions to CurseForge	Run actions/checkout@v4	2026-05-01T04:27:58.5155379Z [command]/usr/bin/git log -1 --format=%H
Port versions to CurseForge	Run actions/checkout@v4	2026-05-01T04:27:58.5177767Z c85c2bad151f190f71bc5f413f90840a4dc691eb
Port versions to CurseForge	Run actions/setup-python@v5	﻿2026-05-01T04:27:58.5412508Z ##[group]Run actions/setup-python@v5
Port versions to CurseForge	Run actions/setup-python@v5	2026-05-01T04:27:58.5412829Z with:
Port versions to CurseForge	Run actions/setup-python@v5	2026-05-01T04:27:58.5413052Z   python-version: 3.12
Port versions to CurseForge	Run actions/setup-python@v5	2026-05-01T04:27:58.5413286Z   check-latest: false
Port versions to CurseForge	Run actions/setup-python@v5	2026-05-01T04:27:58.5413682Z   token: ***
Port versions to CurseForge	Run actions/setup-python@v5	2026-05-01T04:27:58.5413888Z   update-environment: true
Port versions to CurseForge	Run actions/setup-python@v5	2026-05-01T04:27:58.5414127Z   allow-prereleases: false
Port versions to CurseForge	Run actions/setup-python@v5	2026-05-01T04:27:58.5414346Z   freethreaded: false
Port versions to CurseForge	Run actions/setup-python@v5	2026-05-01T04:27:58.5414545Z ##[endgroup]
Port versions to CurseForge	Run actions/setup-python@v5	2026-05-01T04:27:58.7178719Z ##[group]Installed versions
Port versions to CurseForge	Run actions/setup-python@v5	2026-05-01T04:27:58.7308555Z Successfully set up CPython (3.12.13)
Port versions to CurseForge	Run actions/setup-python@v5	2026-05-01T04:27:58.7309703Z ##[endgroup]
Port versions to CurseForge	Mask secrets	﻿2026-05-01T04:27:58.7523988Z ##[group]Run if [ -n "$MODRINTH_TOKEN" ];   then echo "::add-mask::$MODRINTH_TOKEN";   fi
Port versions to CurseForge	Mask secrets	2026-05-01T04:27:58.7524690Z [36;1mif [ -n "$MODRINTH_TOKEN" ];   then echo "::add-mask::$MODRINTH_TOKEN";   fi[0m
Port versions to CurseForge	Mask secrets	2026-05-01T04:27:58.7525221Z [36;1mif [ -n "$CURSEFORGE_TOKEN" ]; then echo "::add-mask::$CURSEFORGE_TOKEN"; fi[0m
Port versions to CurseForge	Mask secrets	2026-05-01T04:27:58.7566880Z shell: /usr/bin/bash --noprofile --norc -e -o pipefail {0}
Port versions to CurseForge	Mask secrets	2026-05-01T04:27:58.7567575Z env:
Port versions to CurseForge	Mask secrets	2026-05-01T04:27:58.7567833Z   pythonLocation: /opt/hostedtoolcache/Python/3.12.13/x64
Port versions to CurseForge	Mask secrets	2026-05-01T04:27:58.7568500Z   PKG_CONFIG_PATH: /opt/hostedtoolcache/Python/3.12.13/x64/lib/pkgconfig
Port versions to CurseForge	Mask secrets	2026-05-01T04:27:58.7568913Z   Python_ROOT_DIR: /opt/hostedtoolcache/Python/3.12.13/x64
Port versions to CurseForge	Mask secrets	2026-05-01T04:27:58.7569280Z   Python2_ROOT_DIR: /opt/hostedtoolcache/Python/3.12.13/x64
Port versions to CurseForge	Mask secrets	2026-05-01T04:27:58.7569669Z   Python3_ROOT_DIR: /opt/hostedtoolcache/Python/3.12.13/x64
Port versions to CurseForge	Mask secrets	2026-05-01T04:27:58.7570050Z   LD_LIBRARY_PATH: /opt/hostedtoolcache/Python/3.12.13/x64/lib
Port versions to CurseForge	Mask secrets	2026-05-01T04:27:58.7570666Z   MODRINTH_TOKEN: ***
Port versions to CurseForge	Mask secrets	2026-05-01T04:27:58.7570987Z   CURSEFORGE_TOKEN: ***
Port versions to CurseForge	Mask secrets	2026-05-01T04:27:58.7571185Z ##[endgroup]
Port versions to CurseForge	Diff and upload	﻿2026-05-01T04:27:58.7682126Z ##[group]Run python3 - <<'PY'
Port versions to CurseForge	Diff and upload	2026-05-01T04:27:58.7683008Z [36;1mpython3 - <<'PY'[0m
Port versions to CurseForge	Diff and upload	2026-05-01T04:27:58.7683445Z [36;1mimport json, os, re, sys, tempfile, time, urllib.error, urllib.parse, urllib.request, uuid[0m
Port versions to CurseForge	Diff and upload	2026-05-01T04:27:58.7683895Z [36;1mfrom pathlib import Path[0m
Port versions to CurseForge	Diff and upload	2026-05-01T04:27:58.7684130Z [36;1m[0m
Port versions to CurseForge	Diff and upload	2026-05-01T04:27:58.7684379Z [36;1m# ----------------------------------------------------------------[0m
Port versions to CurseForge	Diff and upload	2026-05-01T04:27:58.7684731Z [36;1m# Config[0m
Port versions to CurseForge	Diff and upload	2026-05-01T04:27:58.7684984Z [36;1m# ----------------------------------------------------------------[0m
Port versions to CurseForge	Diff and upload	2026-05-01T04:27:58.7685396Z [36;1mMODRINTH_API      = "https://api.modrinth.com/v2"[0m
Port versions to CurseForge	Diff and upload	2026-05-01T04:27:58.7685863Z [36;1mCURSEFORGE_API    = "https://minecraft.curseforge.com"   # upload endpoint[0m
Port versions to CurseForge	Diff and upload	2026-05-01T04:27:58.7686364Z [36;1mUSER_AGENT        = "ModCompilerPortScript/1.0 (github.com/modcompiler)"[0m
Port versions to CurseForge	Diff and upload	2026-05-01T04:27:58.7686725Z [36;1m[0m
Port versions to CurseForge	Diff and upload	2026-05-01T04:27:58.7687277Z [36;1mMODRINTH_TOKEN   = os.environ.get("MODRINTH_TOKEN", "").strip()[0m
Port versions to CurseForge	Diff and upload	2026-05-01T04:27:58.7687778Z [36;1mCURSEFORGE_TOKEN = os.environ.get("CURSEFORGE_TOKEN", "").strip()[0m
Port versions to CurseForge	Diff and upload	2026-05-01T04:27:58.7688283Z [36;1mDRY_RUN          = os.environ.get("DRY_RUN", "false").strip().lower() in {"true", "1", "yes"}[0m
Port versions to CurseForge	Diff and upload	2026-05-01T04:27:58.7688689Z [36;1m[0m
Port versions to CurseForge	Diff and upload	2026-05-01T04:27:58.7688862Z [36;1mif not CURSEFORGE_TOKEN:[0m
Port versions to CurseForge	Diff and upload	2026-05-01T04:27:58.7689237Z [36;1m    sys.exit("[ERROR] CURSEFORGE_TOKEN secret is not set on this repository.")[0m
Port versions to CurseForge	Diff and upload	2026-05-01T04:27:58.7689615Z [36;1m[0m
Port versions to CurseForge	Diff and upload	2026-05-01T04:27:58.7689892Z [36;1m# Loader name mapping: Modrinth (lowercase) -> CurseForge display name[0m
Port versions to CurseForge	Diff and upload	2026-05-01T04:27:58.7690420Z [36;1mLOADER_MAP = {"forge": "Forge", "fabric": "Fabric", "neoforge": "NeoForge", "quilt": "Quilt"}[0m
Port versions to CurseForge	Diff and upload	2026-05-01T04:27:58.7690935Z [36;1mKNOWN_LOADERS = set(LOADER_MAP.values()) | {"liteloader", "rift"}[0m
Port versions to CurseForge	Diff and upload	2026-05-01T04:27:58.7691273Z [36;1m[0m
Port versions to CurseForge	Diff and upload	2026-05-01T04:27:58.7691554Z [36;1mRELEASE_TYPE_MAP = {"release": "release", "beta": "beta", "alpha": "alpha"}[0m
Port versions to CurseForge	Diff and upload	2026-05-01T04:27:58.7691917Z [36;1m[0m
Port versions to CurseForge	Diff and upload	2026-05-01T04:27:58.7692143Z [36;1m# ----------------------------------------------------------------[0m
Port versions to CurseForge	Diff and upload	2026-05-01T04:27:58.7692459Z [36;1m# Helpers: URL normalisation[0m
Port versions to CurseForge	Diff and upload	2026-05-01T04:27:58.7692764Z [36;1m# ----------------------------------------------------------------[0m
Port versions to CurseForge	Diff and upload	2026-05-01T04:27:58.7693097Z [36;1mdef modrinth_ref(url: str) -> str:[0m
Port versions to CurseForge	Diff and upload	2026-05-01T04:27:58.7693368Z [36;1m    url = url.strip().rstrip("/")[0m
Port versions to CurseForge	Diff and upload	2026-05-01T04:27:58.7693816Z [36;1m    m = re.search(r"modrinth\.com/(?:mod|plugin|resourcepack|shader|datapack|modpack)/([^/?#]+)", url)[0m
Port versions to CurseForge	Diff and upload	2026-05-01T04:27:58.7694283Z [36;1m    return m.group(1) if m else url[0m
Port versions to CurseForge	Diff and upload	2026-05-01T04:27:58.7694530Z [36;1m[0m
Port versions to CurseForge	Diff and upload	2026-05-01T04:27:58.7694734Z [36;1mdef curseforge_project_id(url: str) -> str:[0m
Port versions to CurseForge	Diff and upload	2026-05-01T04:27:58.7695031Z [36;1m    url = url.strip().rstrip("/")[0m
Port versions to CurseForge	Diff and upload	2026-05-01T04:27:58.7695374Z [36;1m    m = re.search(r"curseforge\.com/minecraft/mc-mods/([^/?#]+)", url)[0m
Port versions to CurseForge	Diff and upload	2026-05-01T04:27:58.7695732Z [36;1m    return m.group(1) if m else url[0m
Port versions to CurseForge	Diff and upload	2026-05-01T04:27:58.7695979Z [36;1m[0m
Port versions to CurseForge	Diff and upload	2026-05-01T04:27:58.7696208Z [36;1m# ----------------------------------------------------------------[0m
Port versions to CurseForge	Diff and upload	2026-05-01T04:27:58.7696514Z [36;1m# Helpers: HTTP[0m
Port versions to CurseForge	Diff and upload	2026-05-01T04:27:58.7696788Z [36;1m# ----------------------------------------------------------------[0m
Port versions to CurseForge	Diff and upload	2026-05-01T04:27:58.7697830Z [36;1mdef _get(base: str, path: str, token: str | None, extra_headers: dict | None = None) -> object:[0m
Port versions to CurseForge	Diff and upload	2026-05-01T04:27:58.7698281Z [36;1m    url = base + path[0m
Port versions to CurseForge	Diff and upload	2026-05-01T04:27:58.7698612Z [36;1m    headers = {"User-Agent": USER_AGENT, "Accept": "application/json"}[0m
Port versions to CurseForge	Diff and upload	2026-05-01T04:27:58.7698975Z [36;1m    if token:[0m
Port versions to CurseForge	Diff and upload	2026-05-01T04:27:58.7699290Z [36;1m        key = "Authorization" if base == MODRINTH_API else "X-Api-Token"[0m
Port versions to CurseForge	Diff and upload	2026-05-01T04:27:58.7699644Z [36;1m        headers[key] = token[0m
Port versions to CurseForge	Diff and upload	2026-05-01T04:27:58.7699895Z [36;1m    if extra_headers:[0m
Port versions to CurseForge	Diff and upload	2026-05-01T04:27:58.7700170Z [36;1m        headers.update(extra_headers)[0m
Port versions to CurseForge	Diff and upload	2026-05-01T04:27:58.7700726Z [36;1m    req = urllib.request.Request(url, headers=headers)[0m
Port versions to CurseForge	Diff and upload	2026-05-01T04:27:58.7701045Z [36;1m    for attempt in range(1, 6):[0m
Port versions to CurseForge	Diff and upload	2026-05-01T04:27:58.7701291Z [36;1m        try:[0m
Port versions to CurseForge	Diff and upload	2026-05-01T04:27:58.7701558Z [36;1m            with urllib.request.urlopen(req, timeout=30) as r:[0m
Port versions to CurseForge	Diff and upload	2026-05-01T04:27:58.7701986Z [36;1m                return json.loads(r.read().decode("utf-8", errors="replace"))[0m
Port versions to CurseForge	Diff and upload	2026-05-01T04:27:58.7702378Z [36;1m        except urllib.error.HTTPError as e:[0m
Port versions to CurseForge	Diff and upload	2026-05-01T04:27:58.7702727Z [36;1m            body = e.read().decode("utf-8", errors="replace")[:300][0m
Port versions to CurseForge	Diff and upload	2026-05-01T04:27:58.7703054Z [36;1m            if e.code == 404:[0m
Port versions to CurseForge	Diff and upload	2026-05-01T04:27:58.7703346Z [36;1m                sys.exit(f"[ERROR] Not found (HTTP 404): {url}")[0m
Port versions to CurseForge	Diff and upload	2026-05-01T04:27:58.7703719Z [36;1m            if e.code in {429, 500, 502, 503, 504} and attempt < 5:[0m
Port versions to CurseForge	Diff and upload	2026-05-01T04:27:58.7704056Z [36;1m                time.sleep(2 ** attempt)[0m
Port versions to CurseForge	Diff and upload	2026-05-01T04:27:58.7704327Z [36;1m                continue[0m
Port versions to CurseForge	Diff and upload	2026-05-01T04:27:58.7704611Z [36;1m            sys.exit(f"[ERROR] HTTP {e.code}: {url}\n{body}")[0m
Port versions to CurseForge	Diff and upload	2026-05-01T04:27:58.7704960Z [36;1m        except urllib.error.URLError as e:[0m
Port versions to CurseForge	Diff and upload	2026-05-01T04:27:58.7705262Z [36;1m            if attempt < 5:[0m
Port versions to CurseForge	Diff and upload	2026-05-01T04:27:58.7705518Z [36;1m                time.sleep(2 ** attempt)[0m
Port versions to CurseForge	Diff and upload	2026-05-01T04:27:58.7705778Z [36;1m                continue[0m
Port versions to CurseForge	Diff and upload	2026-05-01T04:27:58.7706056Z [36;1m            sys.exit(f"[ERROR] Network error: {e.reason}")[0m
Port versions to CurseForge	Diff and upload	2026-05-01T04:27:58.7706421Z [36;1m    sys.exit("[ERROR] API request failed after retries.")[0m
Port versions to CurseForge	Diff and upload	2026-05-01T04:27:58.7706730Z [36;1m[0m
Port versions to CurseForge	Diff and upload	2026-05-01T04:27:58.7707141Z [36;1mdef modrinth_get(path: str) -> object:[0m
Port versions to CurseForge	Diff and upload	2026-05-01T04:27:58.7707533Z [36;1m    return _get(MODRINTH_API, path, MODRINTH_TOKEN or None)[0m
Port versions to CurseForge	Diff and upload	2026-05-01T04:27:58.7707839Z [36;1m[0m
Port versions to CurseForge	Diff and upload	2026-05-01T04:27:58.7708043Z [36;1mdef curseforge_get(path: str) -> object:[0m
Port versions to CurseForge	Diff and upload	2026-05-01T04:27:58.7708388Z [36;1m    return _get(CURSEFORGE_API, path, CURSEFORGE_TOKEN)[0m
Port versions to CurseForge	Diff and upload	2026-05-01T04:27:58.7708682Z [36;1m[0m
Port versions to CurseForge	Diff and upload	2026-05-01T04:27:58.7708915Z [36;1mdef resolve_cf_numeric_id(slug_or_id: str) -> str:[0m
Port versions to CurseForge	Diff and upload	2026-05-01T04:27:58.7709230Z [36;1m    """[0m
Port versions to CurseForge	Diff and upload	2026-05-01T04:27:58.7709462Z [36;1m    Validate that we have a numeric project ID.[0m
Port versions to CurseForge	Diff and upload	2026-05-01T04:27:58.7709889Z [36;1m    The upload API on minecraft.curseforge.com only accepts numeric IDs.[0m
Port versions to CurseForge	Diff and upload	2026-05-01T04:27:58.7710398Z [36;1m    The v1 search API (api.curseforge.com) requires a separate console API key[0m
Port versions to CurseForge	Diff and upload	2026-05-01T04:27:58.7710909Z [36;1m    that is different from the upload token, so we cannot resolve slugs here.[0m
Port versions to CurseForge	Diff and upload	2026-05-01T04:27:58.7711275Z [36;1m[0m
Port versions to CurseForge	Diff and upload	2026-05-01T04:27:58.7711462Z [36;1m    To find your numeric project ID:[0m
Port versions to CurseForge	Diff and upload	2026-05-01T04:27:58.7711760Z [36;1m      1. Go to your CurseForge project page[0m
Port versions to CurseForge	Diff and upload	2026-05-01T04:27:58.7712143Z [36;1m      2. Look at the right-hand sidebar — it shows "Project ID: XXXXXXX"[0m
Port versions to CurseForge	Diff and upload	2026-05-01T04:27:58.7712494Z [36;1m         OR[0m
Port versions to CurseForge	Diff and upload	2026-05-01T04:27:58.7712842Z [36;1m      3. Click "Upload a File" — the URL will contain /api/projects/XXXXXXX/upload-file[0m
Port versions to CurseForge	Diff and upload	2026-05-01T04:27:58.7713247Z [36;1m    """[0m
Port versions to CurseForge	Diff and upload	2026-05-01T04:27:58.7713441Z [36;1m    if slug_or_id.isdigit():[0m
Port versions to CurseForge	Diff and upload	2026-05-01T04:27:58.7713687Z [36;1m        return slug_or_id[0m
Port versions to CurseForge	Diff and upload	2026-05-01T04:27:58.7714063Z [36;1m    sys.exit([0m
Port versions to CurseForge	Diff and upload	2026-05-01T04:27:58.7714420Z [36;1m        f"[ERROR] CurseForge input '{slug_or_id}' is a slug, not a numeric project ID.\n"[0m
Port versions to CurseForge	Diff and upload	2026-05-01T04:27:58.7714815Z [36;1m        f"\n"[0m
Port versions to CurseForge	Diff and upload	2026-05-01T04:27:58.7715118Z [36;1m        f"The upload API requires the numeric project ID, not the slug.\n"[0m
Port versions to CurseForge	Diff and upload	2026-05-01T04:27:58.7715480Z [36;1m        f"To find it:\n"[0m
Port versions to CurseForge	Diff and upload	2026-05-01T04:27:58.7715839Z [36;1m        f"  1. Go to https://www.curseforge.com/minecraft/mc-mods/{slug_or_id}\n"[0m
Port versions to CurseForge	Diff and upload	2026-05-01T04:27:58.7716325Z [36;1m        f"  2. Look in the right sidebar for 'Project ID: XXXXXXX'\n"[0m
Port versions to CurseForge	Diff and upload	2026-05-01T04:27:58.7716777Z [36;1m        f"\n"[0m
Port versions to CurseForge	Diff and upload	2026-05-01T04:27:58.7717262Z [36;1m        f"Then re-run with the numeric ID instead:\n"[0m
Port versions to CurseForge	Diff and upload	2026-05-01T04:27:58.7717585Z [36;1m        f"  --curseforge XXXXXXX\n"[0m
Port versions to CurseForge	Diff and upload	2026-05-01T04:27:58.7717840Z [36;1m        f"  or\n"[0m
Port versions to CurseForge	Diff and upload	2026-05-01T04:27:58.7718241Z [36;1m        f"  --curseforge https://www.curseforge.com/minecraft/mc-mods/{slug_or_id}#XXXXXXX\n"[0m
Port versions to CurseForge	Diff and upload	2026-05-01T04:27:58.7718665Z [36;1m    )[0m
Port versions to CurseForge	Diff and upload	2026-05-01T04:27:58.7718836Z [36;1m[0m
Port versions to CurseForge	Diff and upload	2026-05-01T04:27:58.7719063Z [36;1mdef download_file(url: str, dest: Path) -> None:[0m
Port versions to CurseForge	Diff and upload	2026-05-01T04:27:58.7719476Z [36;1m    req = urllib.request.Request(url, headers={"User-Agent": USER_AGENT})[0m
Port versions to CurseForge	Diff and upload	2026-05-01T04:27:58.7719861Z [36;1m    for attempt in range(1, 4):[0m
Port versions to CurseForge	Diff and upload	2026-05-01T04:27:58.7720111Z [36;1m        try:[0m
Port versions to CurseForge	Diff and upload	2026-05-01T04:27:58.7720376Z [36;1m            with urllib.request.urlopen(req, timeout=120) as r:[0m
Port versions to CurseForge	Diff and upload	2026-05-01T04:27:58.7720729Z [36;1m                dest.write_bytes(r.read())[0m
Port versions to CurseForge	Diff and upload	2026-05-01T04:27:58.7721001Z [36;1m            return[0m
Port versions to CurseForge	Diff and upload	2026-05-01T04:27:58.7721248Z [36;1m        except urllib.error.URLError as e:[0m
Port versions to CurseForge	Diff and upload	2026-05-01T04:27:58.7721521Z [36;1m            if attempt < 3:[0m
Port versions to CurseForge	Diff and upload	2026-05-01T04:27:58.7721765Z [36;1m                time.sleep(3)[0m
Port versions to CurseForge	Diff and upload	2026-05-01T04:27:58.7722008Z [36;1m                continue[0m
Port versions to CurseForge	Diff and upload	2026-05-01T04:27:58.7722312Z [36;1m            sys.exit(f"[ERROR] Download failed {url}: {e.reason}")[0m
Port versions to CurseForge	Diff and upload	2026-05-01T04:27:58.7722636Z [36;1m[0m
Port versions to CurseForge	Diff and upload	2026-05-01T04:27:58.7722951Z [36;1mdef curseforge_upload(project_id: str, metadata: dict, jar_path: Path) -> int:[0m
Port versions to CurseForge	Diff and upload	2026-05-01T04:27:58.7723377Z [36;1m    boundary = f"cfport-{uuid.uuid4().hex}"[0m
Port versions to CurseForge	Diff and upload	2026-05-01T04:27:58.7723661Z [36;1m    body = bytearray()[0m
Port versions to CurseForge	Diff and upload	2026-05-01T04:27:58.7723880Z [36;1m[0m
Port versions to CurseForge	Diff and upload	2026-05-01T04:27:58.7724102Z [36;1m    meta_bytes = json.dumps(metadata).encode("utf-8")[0m
Port versions to CurseForge	Diff and upload	2026-05-01T04:27:58.7724432Z [36;1m    body += f"--{boundary}\r\n".encode()[0m
Port versions to CurseForge	Diff and upload	2026-05-01T04:27:58.7724800Z [36;1m    body += b'Content-Disposition: form-data; name="metadata"\r\n'[0m
Port versions to CurseForge	Diff and upload	2026-05-01T04:27:58.7725212Z [36;1m    body += b"Content-Type: application/json\r\n\r\n"[0m
Port versions to CurseForge	Diff and upload	2026-05-01T04:27:58.7725520Z [36;1m    body += meta_bytes + b"\r\n"[0m
Port versions to CurseForge	Diff and upload	2026-05-01T04:27:58.7725764Z [36;1m[0m
Port versions to CurseForge	Diff and upload	2026-05-01T04:27:58.7725961Z [36;1m    jar_bytes = jar_path.read_bytes()[0m
Port versions to CurseForge	Diff and upload	2026-05-01T04:27:58.7726246Z [36;1m    body += f"--{boundary}\r\n".encode()[0m
Port versions to CurseForge	Diff and upload	2026-05-01T04:27:58.7726714Z [36;1m    body += f'Content-Disposition: form-data; name="file"; filename="{jar_path.name}"\r\n'.encode()[0m
Port versions to CurseForge	Diff and upload	2026-05-01T04:27:58.7727484Z [36;1m    body += b"Content-Type: application/java-archive\r\n\r\n"[0m
Port versions to CurseForge	Diff and upload	2026-05-01T04:27:58.7727827Z [36;1m    body += jar_bytes + b"\r\n"[0m
Port versions to CurseForge	Diff and upload	2026-05-01T04:27:58.7728095Z [36;1m    body += f"--{boundary}--\r\n".encode()[0m
Port versions to CurseForge	Diff and upload	2026-05-01T04:27:58.7728357Z [36;1m[0m
Port versions to CurseForge	Diff and upload	2026-05-01T04:27:58.7728626Z [36;1m    url = f"{CURSEFORGE_API}/api/projects/{project_id}/upload-file"[0m
Port versions to CurseForge	Diff and upload	2026-05-01T04:27:58.7728961Z [36;1m    headers = {[0m
Port versions to CurseForge	Diff and upload	2026-05-01T04:27:58.7729192Z [36;1m        "User-Agent": USER_AGENT,[0m
Port versions to CurseForge	Diff and upload	2026-05-01T04:27:58.7729467Z [36;1m        "X-Api-Token": CURSEFORGE_TOKEN,[0m
Port versions to CurseForge	Diff and upload	2026-05-01T04:27:58.7729823Z [36;1m        "Content-Type": f"multipart/form-data; boundary={boundary}",[0m
Port versions to CurseForge	Diff and upload	2026-05-01T04:27:58.7730166Z [36;1m    }[0m
Port versions to CurseForge	Diff and upload	2026-05-01T04:27:58.7730512Z [36;1m    req = urllib.request.Request(url, data=bytes(body), method="POST", headers=headers)[0m
Port versions to CurseForge	Diff and upload	2026-05-01T04:27:58.7731065Z [36;1m    for attempt in range(1, 4):[0m
Port versions to CurseForge	Diff and upload	2026-05-01T04:27:58.7731298Z [36;1m        try:[0m
Port versions to CurseForge	Diff and upload	2026-05-01T04:27:58.7731562Z [36;1m            with urllib.request.urlopen(req, timeout=120) as r:[0m
Port versions to CurseForge	Diff and upload	2026-05-01T04:27:58.7732022Z [36;1m                return int(json.loads(r.read().decode("utf-8", errors="replace"))["id"])[0m
Port versions to CurseForge	Diff and upload	2026-05-01T04:27:58.7732441Z [36;1m        except urllib.error.HTTPError as e:[0m
Port versions to CurseForge	Diff and upload	2026-05-01T04:27:58.7732804Z [36;1m            body_text = e.read().decode("utf-8", errors="replace")[:500][0m
Port versions to CurseForge	Diff and upload	2026-05-01T04:27:58.7733208Z [36;1m            if e.code in {429, 500, 502, 503, 504} and attempt < 3:[0m
Port versions to CurseForge	Diff and upload	2026-05-01T04:27:58.7733635Z [36;1m                time.sleep(5 * attempt)[0m
Port versions to CurseForge	Diff and upload	2026-05-01T04:27:58.7733898Z [36;1m                continue[0m
Port versions to CurseForge	Diff and upload	2026-05-01T04:27:58.7734231Z [36;1m            sys.exit(f"[ERROR] CurseForge upload HTTP {e.code}: {body_text}")[0m
Port versions to CurseForge	Diff and upload	2026-05-01T04:27:58.7734623Z [36;1m        except urllib.error.URLError as e:[0m
Port versions to CurseForge	Diff and upload	2026-05-01T04:27:58.7734898Z [36;1m            if attempt < 3:[0m
Port versions to CurseForge	Diff and upload	2026-05-01T04:27:58.7735142Z [36;1m                time.sleep(5)[0m
Port versions to CurseForge	Diff and upload	2026-05-01T04:27:58.7735381Z [36;1m                continue[0m
Port versions to CurseForge	Diff and upload	2026-05-01T04:27:58.7735672Z [36;1m            sys.exit(f"[ERROR] Upload network error: {e.reason}")[0m
Port versions to CurseForge	Diff and upload	2026-05-01T04:27:58.7736053Z [36;1m    sys.exit("[ERROR] Upload failed after retries.")[0m
Port versions to CurseForge	Diff and upload	2026-05-01T04:27:58.7736344Z [36;1m[0m
Port versions to CurseForge	Diff and upload	2026-05-01T04:27:58.7736573Z [36;1m# ----------------------------------------------------------------[0m
Port versions to CurseForge	Diff and upload	2026-05-01T04:27:58.7736889Z [36;1m# Helpers: version logic[0m
Port versions to CurseForge	Diff and upload	2026-05-01T04:27:58.7737467Z [36;1m# ----------------------------------------------------------------[0m
Port versions to CurseForge	Diff and upload	2026-05-01T04:27:58.7737841Z [36;1mdef primary_file(version: dict) -> dict | None:[0m
Port versions to CurseForge	Diff and upload	2026-05-01T04:27:58.7738159Z [36;1m    files = version.get("files", [])[0m
Port versions to CurseForge	Diff and upload	2026-05-01T04:27:58.7738422Z [36;1m    if not files:[0m
Port versions to CurseForge	Diff and upload	2026-05-01T04:27:58.7738646Z [36;1m        return None[0m
Port versions to CurseForge	Diff and upload	2026-05-01T04:27:58.7738910Z [36;1m    primary = [f for f in files if f.get("primary")][0m
Port versions to CurseForge	Diff and upload	2026-05-01T04:27:58.7739222Z [36;1m    return (primary or files)[0][0m
Port versions to CurseForge	Diff and upload	2026-05-01T04:27:58.7739464Z [36;1m[0m
Port versions to CurseForge	Diff and upload	2026-05-01T04:27:58.7739677Z [36;1mdef latest_per_combo(versions: list) -> dict:[0m
Port versions to CurseForge	Diff and upload	2026-05-01T04:27:58.7740103Z [36;1m    """Keep the most recently published version per (mc_version, loader) pair."""[0m
Port versions to CurseForge	Diff and upload	2026-05-01T04:27:58.7740508Z [36;1m    best: dict[tuple, dict] = {}[0m
Port versions to CurseForge	Diff and upload	2026-05-01T04:27:58.7740765Z [36;1m    for v in versions:[0m
Port versions to CurseForge	Diff and upload	2026-05-01T04:27:58.7741013Z [36;1m        pub = v.get("date_published", "")[0m
Port versions to CurseForge	Diff and upload	2026-05-01T04:27:58.7741316Z [36;1m        for mc in v.get("game_versions", []):[0m
Port versions to CurseForge	Diff and upload	2026-05-01T04:27:58.7741620Z [36;1m            for loader in v.get("loaders", []):[0m
Port versions to CurseForge	Diff and upload	2026-05-01T04:27:58.7741914Z [36;1m                key = (mc, loader.lower())[0m
Port versions to CurseForge	Diff and upload	2026-05-01T04:27:58.7742304Z [36;1m                if key not in best or pub > best[key].get("date_published", ""):[0m
Port versions to CurseForge	Diff and upload	2026-05-01T04:27:58.7742670Z [36;1m                    best[key] = v[0m
Port versions to CurseForge	Diff and upload	2026-05-01T04:27:58.7742916Z [36;1m    return best[0m
Port versions to CurseForge	Diff and upload	2026-05-01T04:27:58.7743117Z [36;1m[0m
Port versions to CurseForge	Diff and upload	2026-05-01T04:27:58.7743296Z [36;1mdef is_loader(name: str) -> bool:[0m
Port versions to CurseForge	Diff and upload	2026-05-01T04:27:58.7743626Z [36;1m    return name.lower() in {l.lower() for l in KNOWN_LOADERS}[0m
Port versions to CurseForge	Diff and upload	2026-05-01T04:27:58.7743939Z [36;1m[0m
Port versions to CurseForge	Diff and upload	2026-05-01T04:27:58.7744141Z [36;1mdef cf_combos_present(cf_files: list) -> set:[0m
Port versions to CurseForge	Diff and upload	2026-05-01T04:27:58.7744536Z [36;1m    """Build (mc_version, loader_lowercase) set from CurseForge file list."""[0m
Port versions to CurseForge	Diff and upload	2026-05-01T04:27:58.7744909Z [36;1m    combos = set()[0m
Port versions to CurseForge	Diff and upload	2026-05-01T04:27:58.7745126Z [36;1m    for f in cf_files:[0m
Port versions to CurseForge	Diff and upload	2026-05-01T04:27:58.7745380Z [36;1m        gvs: list = f.get("gameVersions", [])[0m
Port versions to CurseForge	Diff and upload	2026-05-01T04:27:58.7745712Z [36;1m        mc_versions = [g for g in gvs if not is_loader(g)][0m
Port versions to CurseForge	Diff and upload	2026-05-01T04:27:58.7746081Z [36;1m        loaders     = [g.lower() for g in gvs if is_loader(g)][0m
Port versions to CurseForge	Diff and upload	2026-05-01T04:27:58.7746521Z [36;1m        if not loaders:[0m
Port versions to CurseForge	Diff and upload	2026-05-01T04:27:58.7746766Z [36;1m            loaders = ["unknown"][0m
Port versions to CurseForge	Diff and upload	2026-05-01T04:27:58.7747298Z [36;1m        for mc in mc_versions:[0m
Port versions to CurseForge	Diff and upload	2026-05-01T04:27:58.7747567Z [36;1m            for loader in loaders:[0m
Port versions to CurseForge	Diff and upload	2026-05-01T04:27:58.7747845Z [36;1m                combos.add((mc, loader))[0m
Port versions to CurseForge	Diff and upload	2026-05-01T04:27:58.7748115Z [36;1m    return combos[0m
Port versions to CurseForge	Diff and upload	2026-05-01T04:27:58.7748316Z [36;1m[0m
Port versions to CurseForge	Diff and upload	2026-05-01T04:27:58.7748643Z [36;1mdef resolve_cf_version_ids(mc_version: str, loader: str, cf_lookup: dict) -> list:[0m
Port versions to CurseForge	Diff and upload	2026-05-01T04:27:58.7749200Z [36;1m    """Return the list of CurseForge version IDs for a mc_version + loader pair."""[0m
Port versions to CurseForge	Diff and upload	2026-05-01T04:27:58.7749718Z [36;1m    ids = [][0m
Port versions to CurseForge	Diff and upload	2026-05-01T04:27:58.7749983Z [36;1m    # MC version — exact, then strip patch (1.20.1 -> 1.20)[0m
Port versions to CurseForge	Diff and upload	2026-05-01T04:27:58.7750317Z [36;1m    if mc_version in cf_lookup:[0m
Port versions to CurseForge	Diff and upload	2026-05-01T04:27:58.7750603Z [36;1m        ids.append(cf_lookup[mc_version])[0m
Port versions to CurseForge	Diff and upload	2026-05-01T04:27:58.7750869Z [36;1m    else:[0m
Port versions to CurseForge	Diff and upload	2026-05-01T04:27:58.7751088Z [36;1m        parts = mc_version.split(".")[0m
Port versions to CurseForge	Diff and upload	2026-05-01T04:27:58.7751358Z [36;1m        if len(parts) == 3:[0m
Port versions to CurseForge	Diff and upload	2026-05-01T04:27:58.7751619Z [36;1m            short = f"{parts[0]}.{parts[1]}"[0m
Port versions to CurseForge	Diff and upload	2026-05-01T04:27:58.7751903Z [36;1m            if short in cf_lookup:[0m
Port versions to CurseForge	Diff and upload	2026-05-01T04:27:58.7752187Z [36;1m                ids.append(cf_lookup[short])[0m
Port versions to CurseForge	Diff and upload	2026-05-01T04:27:58.7752449Z [36;1m    if not ids:[0m
Port versions to CurseForge	Diff and upload	2026-05-01T04:27:58.7752777Z [36;1m        print(f"  [WARN] No CurseForge version ID found for MC {mc_version!r}")[0m
Port versions to CurseForge	Diff and upload	2026-05-01T04:27:58.7753142Z [36;1m[0m
Port versions to CurseForge	Diff and upload	2026-05-01T04:27:58.7753315Z [36;1m    # Loader[0m
Port versions to CurseForge	Diff and upload	2026-05-01T04:27:58.7753614Z [36;1m    loader_name = LOADER_MAP.get(loader.lower(), loader.capitalize())[0m
Port versions to CurseForge	Diff and upload	2026-05-01T04:27:58.7754007Z [36;1m    matched = cf_lookup.get(loader_name)[0m
Port versions to CurseForge	Diff and upload	2026-05-01T04:27:58.7754284Z [36;1m    if matched is None:[0m
Port versions to CurseForge	Diff and upload	2026-05-01T04:27:58.7754533Z [36;1m        # case-insensitive fallback[0m
Port versions to CurseForge	Diff and upload	2026-05-01T04:27:58.7754825Z [36;1m        for k, v in cf_lookup.items():[0m
Port versions to CurseForge	Diff and upload	2026-05-01T04:27:58.7755124Z [36;1m            if k.lower() == loader_name.lower():[0m
Port versions to CurseForge	Diff and upload	2026-05-01T04:27:58.7755401Z [36;1m                matched = v[0m
Port versions to CurseForge	Diff and upload	2026-05-01T04:27:58.7755634Z [36;1m                break[0m
Port versions to CurseForge	Diff and upload	2026-05-01T04:27:58.7755861Z [36;1m    if matched is not None:[0m
Port versions to CurseForge	Diff and upload	2026-05-01T04:27:58.7756099Z [36;1m        ids.append(matched)[0m
Port versions to CurseForge	Diff and upload	2026-05-01T04:27:58.7756327Z [36;1m    else:[0m
Port versions to CurseForge	Diff and upload	2026-05-01T04:27:58.7756633Z [36;1m        print(f"  [WARN] No CurseForge version ID found for loader {loader!r}")[0m
Port versions to CurseForge	Diff and upload	2026-05-01T04:27:58.7757229Z [36;1m    return ids[0m
Port versions to CurseForge	Diff and upload	2026-05-01T04:27:58.7757436Z [36;1m[0m
Port versions to CurseForge	Diff and upload	2026-05-01T04:27:58.7757682Z [36;1m# ----------------------------------------------------------------[0m
Port versions to CurseForge	Diff and upload	2026-05-01T04:27:58.7758009Z [36;1m# Step 1: Fetch Modrinth[0m
Port versions to CurseForge	Diff and upload	2026-05-01T04:27:58.7758299Z [36;1m# ----------------------------------------------------------------[0m
Port versions to CurseForge	Diff and upload	2026-05-01T04:27:58.7758669Z [36;1mmr_ref = modrinth_ref(os.environ["MODRINTH_URL"])[0m
Port versions to CurseForge	Diff and upload	2026-05-01T04:27:58.7759062Z [36;1mcf_id  = curseforge_project_id(os.environ["CURSEFORGE_URL"])[0m
Port versions to CurseForge	Diff and upload	2026-05-01T04:27:58.7759379Z [36;1m[0m
Port versions to CurseForge	Diff and upload	2026-05-01T04:27:58.7759550Z [36;1mprint(f"\n{'='*70}")[0m
Port versions to CurseForge	Diff and upload	2026-05-01T04:27:58.7759786Z [36;1mprint(f"  Modrinth  : {mr_ref}")[0m
Port versions to CurseForge	Diff and upload	2026-05-01T04:27:58.7760045Z [36;1mprint(f"  CurseForge: {cf_id}")[0m
Port versions to CurseForge	Diff and upload	2026-05-01T04:27:58.7760313Z [36;1mprint(f"  Dry run   : {DRY_RUN}")[0m
Port versions to CurseForge	Diff and upload	2026-05-01T04:27:58.7760562Z [36;1mprint(f"{'='*70}\n")[0m
Port versions to CurseForge	Diff and upload	2026-05-01T04:27:58.7760760Z [36;1m[0m
Port versions to CurseForge	Diff and upload	2026-05-01T04:27:58.7761009Z [36;1mprint("[1/4] Fetching Modrinth project and versions...")[0m
Port versions to CurseForge	Diff and upload	2026-05-01T04:27:58.7761470Z [36;1mmr_project = modrinth_get(f"/project/{urllib.parse.quote(mr_ref, safe='')}")[0m
Port versions to CurseForge	Diff and upload	2026-05-01T04:27:58.7761868Z [36;1mmr_id      = mr_project["id"][0m
Port versions to CurseForge	Diff and upload	2026-05-01T04:27:58.7762175Z [36;1mprint(f"  Title: {mr_project.get('title')}  ID: {mr_id}")[0m
Port versions to CurseForge	Diff and upload	2026-05-01T04:27:58.7762480Z [36;1m[0m
Port versions to CurseForge	Diff and upload	2026-05-01T04:27:58.7762941Z [36;1mall_versions = modrinth_get(f"/project/{urllib.parse.quote(mr_id, safe='')}/version")[0m
Port versions to CurseForge	Diff and upload	2026-05-01T04:27:58.7763386Z [36;1mif not isinstance(all_versions, list):[0m
Port versions to CurseForge	Diff and upload	2026-05-01T04:27:58.7763660Z [36;1m    all_versions = [][0m
Port versions to CurseForge	Diff and upload	2026-05-01T04:27:58.7763995Z [36;1mprint(f"  Total version entries: {len(all_versions)}")[0m
Port versions to CurseForge	Diff and upload	2026-05-01T04:27:58.7764291Z [36;1m[0m
Port versions to CurseForge	Diff and upload	2026-05-01T04:27:58.7764503Z [36;1mmr_latest = latest_per_combo(all_versions)[0m
Port versions to CurseForge	Diff and upload	2026-05-01T04:27:58.7764877Z [36;1mprint(f"  Unique (mc_version, loader) combos: {len(mr_latest)}")[0m
Port versions to CurseForge	Diff and upload	2026-05-01T04:27:58.7765208Z [36;1m[0m
Port versions to CurseForge	Diff and upload	2026-05-01T04:27:58.7765434Z [36;1m# ----------------------------------------------------------------[0m
Port versions to CurseForge	Diff and upload	2026-05-01T04:27:58.7765868Z [36;1m# Step 2: Fetch CurseForge[0m
Port versions to CurseForge	Diff and upload	2026-05-01T04:27:58.7766171Z [36;1m# ----------------------------------------------------------------[0m
Port versions to CurseForge	Diff and upload	2026-05-01T04:27:58.7766595Z [36;1mprint("\n[2/4] Fetching CurseForge game versions and existing files...")[0m
Port versions to CurseForge	Diff and upload	2026-05-01T04:27:58.7767257Z [36;1mcf_game_versions = curseforge_get("/api/game/versions")[0m
Port versions to CurseForge	Diff and upload	2026-05-01T04:27:58.7767630Z [36;1mif not isinstance(cf_game_versions, list):[0m
Port versions to CurseForge	Diff and upload	2026-05-01T04:27:58.7767913Z [36;1m    cf_game_versions = [][0m
Port versions to CurseForge	Diff and upload	2026-05-01T04:27:58.7768224Z [36;1mcf_lookup = {v["name"]: v["id"] for v in cf_game_versions}[0m
Port versions to CurseForge	Diff and upload	2026-05-01T04:27:58.7768642Z [36;1mprint(f"  CurseForge game version entries: {len(cf_lookup)}")[0m
Port versions to CurseForge	Diff and upload	2026-05-01T04:27:58.7768975Z [36;1m[0m
Port versions to CurseForge	Diff and upload	2026-05-01T04:27:58.7769264Z [36;1m# Resolve slug -> numeric ID (required by the upload and files endpoints)[0m
Port versions to CurseForge	Diff and upload	2026-05-01T04:27:58.7769682Z [36;1mcf_numeric_id = resolve_cf_numeric_id(cf_id)[0m
Port versions to CurseForge	Diff and upload	2026-05-01T04:27:58.7769957Z [36;1m[0m
Port versions to CurseForge	Diff and upload	2026-05-01T04:27:58.7770232Z [36;1mcf_files = curseforge_get(f"/api/projects/{cf_numeric_id}/files")[0m
Port versions to CurseForge	Diff and upload	2026-05-01T04:27:58.7770607Z [36;1mif not isinstance(cf_files, list):[0m
Port versions to CurseForge	Diff and upload	2026-05-01T04:27:58.7770870Z [36;1m    cf_files = [][0m
Port versions to CurseForge	Diff and upload	2026-05-01T04:27:58.7771114Z [36;1mcf_present = cf_combos_present(cf_files)[0m
Port versions to CurseForge	Diff and upload	2026-05-01T04:27:58.7771465Z [36;1mprint(f"  Existing CurseForge files: {len(cf_files)}")[0m
Port versions to CurseForge	Diff and upload	2026-05-01T04:27:58.7771922Z [36;1mprint(f"  Unique (mc_version, loader) combos on CurseForge: {len(cf_present)}")[0m
Port versions to CurseForge	Diff and upload	2026-05-01T04:27:58.7772304Z [36;1m[0m
Port versions to CurseForge	Diff and upload	2026-05-01T04:27:58.7772533Z [36;1m# ----------------------------------------------------------------[0m
Port versions to CurseForge	Diff and upload	2026-05-01T04:27:58.7772849Z [36;1m# Step 3: Diff[0m
Port versions to CurseForge	Diff and upload	2026-05-01T04:27:58.7773115Z [36;1m# ----------------------------------------------------------------[0m
Port versions to CurseForge	Diff and upload	2026-05-01T04:27:58.7773444Z [36;1mprint("\n[3/4] Computing diff...")[0m
Port versions to CurseForge	Diff and upload	2026-05-01T04:27:58.7773698Z [36;1mmissing = [][0m
Port versions to CurseForge	Diff and upload	2026-05-01T04:27:58.7773973Z [36;1mfor (mc, loader), version in sorted(mr_latest.items()):[0m
Port versions to CurseForge	Diff and upload	2026-05-01T04:27:58.7774374Z [36;1m    cf_loader = LOADER_MAP.get(loader, loader.capitalize()).lower()[0m
Port versions to CurseForge	Diff and upload	2026-05-01T04:27:58.7774836Z [36;1m    if (mc, cf_loader) not in cf_present and (mc, loader) not in cf_present:[0m
Port versions to CurseForge	Diff and upload	2026-05-01T04:27:58.7775241Z [36;1m        missing.append(((mc, loader), version))[0m
Port versions to CurseForge	Diff and upload	2026-05-01T04:27:58.7775518Z [36;1m[0m
Port versions to CurseForge	Diff and upload	2026-05-01T04:27:58.7775728Z [36;1mmissing.sort(key=lambda x: (x[0][0], x[0][1]))[0m
Port versions to CurseForge	Diff and upload	2026-05-01T04:27:58.7776003Z [36;1m[0m
Port versions to CurseForge	Diff and upload	2026-05-01T04:27:58.7776173Z [36;1mif not missing:[0m
Port versions to CurseForge	Diff and upload	2026-05-01T04:27:58.7776538Z [36;1m    print("\n  All Modrinth versions are already present on CurseForge. Nothing to do!")[0m
Port versions to CurseForge	Diff and upload	2026-05-01T04:27:58.7777185Z [36;1m    sys.exit(0)[0m
Port versions to CurseForge	Diff and upload	2026-05-01T04:27:58.7777411Z [36;1m[0m
Port versions to CurseForge	Diff and upload	2026-05-01T04:27:58.7777578Z [36;1m# Print table[0m
Port versions to CurseForge	Diff and upload	2026-05-01T04:27:58.7777785Z [36;1mprint(f"\n  {'='*68}")[0m
Port versions to CurseForge	Diff and upload	2026-05-01T04:27:58.7778130Z [36;1mprint(f"  Versions on Modrinth missing from CurseForge: {len(missing)}")[0m
Port versions to CurseForge	Diff and upload	2026-05-01T04:27:58.7778505Z [36;1mprint(f"  {'-'*68}")[0m
Port versions to CurseForge	Diff and upload	2026-05-01T04:27:58.7778889Z [36;1mprint(f"  {'#':<4} {'MC Version':<14} {'Loader':<12} {'Version #':<20} {'Type':<10} {'Published'}")[0m
Port versions to CurseForge	Diff and upload	2026-05-01T04:27:58.7779296Z [36;1mprint(f"  {'-'*68}")[0m
Port versions to CurseForge	Diff and upload	2026-05-01T04:27:58.7779567Z [36;1mfor i, ((mc, loader), v) in enumerate(missing, 1):[0m
Port versions to CurseForge	Diff and upload	2026-05-01T04:27:58.7780027Z [36;1m    vnum  = v.get("version_number", "?")[0m
Port versions to CurseForge	Diff and upload	2026-05-01T04:27:58.7780332Z [36;1m    vtype = v.get("version_type", "release")[0m
Port versions to CurseForge	Diff and upload	2026-05-01T04:27:58.7780681Z [36;1m    pub   = v.get("date_published", "")[:19].replace("T", " ")[0m
Port versions to CurseForge	Diff and upload	2026-05-01T04:27:58.7781006Z [36;1m    pf    = primary_file(v)[0m
Port versions to CurseForge	Diff and upload	2026-05-01T04:27:58.7781303Z [36;1m    fname = pf["filename"] if pf else "(no file)"[0m
Port versions to CurseForge	Diff and upload	2026-05-01T04:27:58.7781696Z [36;1m    print(f"  {i:<4} {mc:<14} {loader:<12} {vnum:<20} {vtype:<10} {pub}  {fname}")[0m
Port versions to CurseForge	Diff and upload	2026-05-01T04:27:58.7782061Z [36;1mprint(f"  {'='*68}\n")[0m
Port versions to CurseForge	Diff and upload	2026-05-01T04:27:58.7782383Z [36;1m[0m
Port versions to CurseForge	Diff and upload	2026-05-01T04:27:58.7782548Z [36;1mif DRY_RUN:[0m
Port versions to CurseForge	Diff and upload	2026-05-01T04:27:58.7782781Z [36;1m    print("  [DRY RUN] No files uploaded.")[0m
Port versions to CurseForge	Diff and upload	2026-05-01T04:27:58.7783056Z [36;1m    sys.exit(0)[0m
Port versions to CurseForge	Diff and upload	2026-05-01T04:27:58.7783253Z [36;1m[0m
Port versions to CurseForge	Diff and upload	2026-05-01T04:27:58.7783491Z [36;1m# ----------------------------------------------------------------[0m
Port versions to CurseForge	Diff and upload	2026-05-01T04:27:58.7783806Z [36;1m# Step 4: Upload[0m
Port versions to CurseForge	Diff and upload	2026-05-01T04:27:58.7784084Z [36;1m# ----------------------------------------------------------------[0m
Port versions to CurseForge	Diff and upload	2026-05-01T04:27:58.7784511Z [36;1mprint(f"[4/4] Uploading {len(missing)} version(s) to CurseForge...\n")[0m
Port versions to CurseForge	Diff and upload	2026-05-01T04:27:58.7784864Z [36;1msuccess = 0[0m
Port versions to CurseForge	Diff and upload	2026-05-01T04:27:58.7785060Z [36;1mfailed  = 0[0m
Port versions to CurseForge	Diff and upload	2026-05-01T04:27:58.7785244Z [36;1m[0m
Port versions to CurseForge	Diff and upload	2026-05-01T04:27:58.7785517Z [36;1mwith tempfile.TemporaryDirectory(prefix="cf_port_") as tmpdir:[0m
Port versions to CurseForge	Diff and upload	2026-05-01T04:27:58.7785885Z [36;1m    tmp = Path(tmpdir)[0m
Port versions to CurseForge	Diff and upload	2026-05-01T04:27:58.7786190Z [36;1m    for i, ((mc, loader), version) in enumerate(missing, 1):[0m
Port versions to CurseForge	Diff and upload	2026-05-01T04:27:58.7786562Z [36;1m        vnum      = version.get("version_number", "?")[0m
Port versions to CurseForge	Diff and upload	2026-05-01T04:27:58.7787197Z [36;1m        vname     = version.get("name") or f"{mr_project.get('title', '')} {vnum}"[0m
Port versions to CurseForge	Diff and upload	2026-05-01T04:27:58.7787758Z [36;1m        vtype     = RELEASE_TYPE_MAP.get(version.get("version_type", "release"), "release")[0m
Port versions to CurseForge	Diff and upload	2026-05-01T04:27:58.7788395Z [36;1m        changelog = version.get("changelog") or f"Ported from Modrinth. Version {vnum} for {mc} ({loader})."[0m
Port versions to CurseForge	Diff and upload	2026-05-01T04:27:58.7788855Z [36;1m[0m
Port versions to CurseForge	Diff and upload	2026-05-01T04:27:58.7789055Z [36;1m        pf = primary_file(version)[0m
Port versions to CurseForge	Diff and upload	2026-05-01T04:27:58.7789312Z [36;1m        if not pf:[0m
Port versions to CurseForge	Diff and upload	2026-05-01T04:27:58.7789671Z [36;1m            print(f"  [{i}/{len(missing)}] SKIP {mc}/{loader} {vnum} — no file on Modrinth.")[0m
Port versions to CurseForge	Diff and upload	2026-05-01T04:27:58.7790061Z [36;1m            failed += 1[0m
Port versions to CurseForge	Diff and upload	2026-05-01T04:27:58.7790285Z [36;1m            continue[0m
Port versions to CurseForge	Diff and upload	2026-05-01T04:27:58.7790490Z [36;1m[0m
Port versions to CurseForge	Diff and upload	2026-05-01T04:27:58.7790726Z [36;1m        filename     = pf.get("filename", f"mod-{vnum}.jar")[0m
Port versions to CurseForge	Diff and upload	2026-05-01T04:27:58.7791064Z [36;1m        download_url = pf.get("url", "")[0m
Port versions to CurseForge	Diff and upload	2026-05-01T04:27:58.7791318Z [36;1m[0m
Port versions to CurseForge	Diff and upload	2026-05-01T04:27:58.7791568Z [36;1m        print(f"  [{i}/{len(missing)}] {mc} / {loader} — {vnum} ({vtype})")[0m
Port versions to CurseForge	Diff and upload	2026-05-01T04:27:58.7791940Z [36;1m        print(f"    File     : {filename}")[0m
Port versions to CurseForge	Diff and upload	2026-05-01T04:27:58.7792382Z [36;1m        print(f"    Changelog: {changelog[:100].strip()!r}{'...' if len(changelog) > 100 else ''}")[0m
Port versions to CurseForge	Diff and upload	2026-05-01T04:27:58.7792793Z [36;1m[0m
Port versions to CurseForge	Diff and upload	2026-05-01T04:27:58.7793055Z [36;1m        cf_version_ids = resolve_cf_version_ids(mc, loader, cf_lookup)[0m
Port versions to CurseForge	Diff and upload	2026-05-01T04:27:58.7793410Z [36;1m        if not cf_version_ids:[0m
Port versions to CurseForge	Diff and upload	2026-05-01T04:27:58.7793805Z [36;1m            print(f"    [SKIP] Could not resolve CurseForge version IDs for {mc}/{loader}.")[0m
Port versions to CurseForge	Diff and upload	2026-05-01T04:27:58.7794202Z [36;1m            failed += 1[0m
Port versions to CurseForge	Diff and upload	2026-05-01T04:27:58.7794430Z [36;1m            continue[0m
Port versions to CurseForge	Diff and upload	2026-05-01T04:27:58.7794694Z [36;1m        print(f"    CF IDs   : {cf_version_ids}")[0m
Port versions to CurseForge	Diff and upload	2026-05-01T04:27:58.7794960Z [36;1m[0m
Port versions to CurseForge	Diff and upload	2026-05-01T04:27:58.7795144Z [36;1m        jar_path = tmp / filename[0m
Port versions to CurseForge	Diff and upload	2026-05-01T04:27:58.7795444Z [36;1m        print(f"    Downloading from Modrinth CDN...")[0m
Port versions to CurseForge	Diff and upload	2026-05-01T04:27:58.7795768Z [36;1m        download_file(download_url, jar_path)[0m
Port versions to CurseForge	Diff and upload	2026-05-01T04:27:58.7796261Z [36;1m        print(f"    Downloaded {jar_path.stat().st_size:,} bytes.")[0m
Port versions to CurseForge	Diff and upload	2026-05-01T04:27:58.7796585Z [36;1m[0m
Port versions to CurseForge	Diff and upload	2026-05-01T04:27:58.7796754Z [36;1m        cf_metadata = {[0m
Port versions to CurseForge	Diff and upload	2026-05-01T04:27:58.7797232Z [36;1m            "changelog":     changelog,[0m
Port versions to CurseForge	Diff and upload	2026-05-01T04:27:58.7797703Z [36;1m            "changelogType": "markdown",[0m
Port versions to CurseForge	Diff and upload	2026-05-01T04:27:58.7798038Z [36;1m            "displayName":   vname,[0m
Port versions to CurseForge	Diff and upload	2026-05-01T04:27:58.7798318Z [36;1m            "gameVersions":  cf_version_ids,[0m
Port versions to CurseForge	Diff and upload	2026-05-01T04:27:58.7798601Z [36;1m            "releaseType":   vtype,[0m
Port versions to CurseForge	Diff and upload	2026-05-01T04:27:58.7798998Z [36;1m        }[0m
Port versions to CurseForge	Diff and upload	2026-05-01T04:27:58.7799173Z [36;1m[0m
Port versions to CurseForge	Diff and upload	2026-05-01T04:27:58.7799386Z [36;1m        print(f"    Uploading to CurseForge...")[0m
Port versions to CurseForge	Diff and upload	2026-05-01T04:27:58.7799777Z [36;1m        new_id = curseforge_upload(cf_numeric_id, cf_metadata, jar_path)[0m
Port versions to CurseForge	Diff and upload	2026-05-01T04:27:58.7800213Z [36;1m        print(f"    ✓ Uploaded — CurseForge file ID: {new_id}")[0m
Port versions to CurseForge	Diff and upload	2026-05-01T04:27:58.7800537Z [36;1m        success += 1[0m
Port versions to CurseForge	Diff and upload	2026-05-01T04:27:58.7800748Z [36;1m[0m
Port versions to CurseForge	Diff and upload	2026-05-01T04:27:58.7800922Z [36;1m        if i < len(missing):[0m
Port versions to CurseForge	Diff and upload	2026-05-01T04:27:58.7801160Z [36;1m            time.sleep(1)[0m
Port versions to CurseForge	Diff and upload	2026-05-01T04:27:58.7801386Z [36;1m[0m
Port versions to CurseForge	Diff and upload	2026-05-01T04:27:58.7801558Z [36;1mprint(f"\n{'='*70}")[0m
Port versions to CurseForge	Diff and upload	2026-05-01T04:27:58.7801866Z [36;1mprint(f"  Done.  {success} uploaded,  {failed} failed/skipped.")[0m
Port versions to CurseForge	Diff and upload	2026-05-01T04:27:58.7802212Z [36;1mprint(f"{'='*70}\n")[0m
Port versions to CurseForge	Diff and upload	2026-05-01T04:27:58.7802417Z [36;1m[0m
Port versions to CurseForge	Diff and upload	2026-05-01T04:27:58.7802573Z [36;1mif failed:[0m
Port versions to CurseForge	Diff and upload	2026-05-01T04:27:58.7802773Z [36;1m    sys.exit(1)[0m
Port versions to CurseForge	Diff and upload	2026-05-01T04:27:58.7802982Z [36;1mPY[0m
Port versions to CurseForge	Diff and upload	2026-05-01T04:27:58.7826245Z shell: /usr/bin/bash --noprofile --norc -e -o pipefail {0}
Port versions to CurseForge	Diff and upload	2026-05-01T04:27:58.7826582Z env:
Port versions to CurseForge	Diff and upload	2026-05-01T04:27:58.7826841Z   pythonLocation: /opt/hostedtoolcache/Python/3.12.13/x64
Port versions to CurseForge	Diff and upload	2026-05-01T04:27:58.7827572Z   PKG_CONFIG_PATH: /opt/hostedtoolcache/Python/3.12.13/x64/lib/pkgconfig
Port versions to CurseForge	Diff and upload	2026-05-01T04:27:58.7828012Z   Python_ROOT_DIR: /opt/hostedtoolcache/Python/3.12.13/x64
Port versions to CurseForge	Diff and upload	2026-05-01T04:27:58.7828382Z   Python2_ROOT_DIR: /opt/hostedtoolcache/Python/3.12.13/x64
Port versions to CurseForge	Diff and upload	2026-05-01T04:27:58.7828757Z   Python3_ROOT_DIR: /opt/hostedtoolcache/Python/3.12.13/x64
Port versions to CurseForge	Diff and upload	2026-05-01T04:27:58.7829124Z   LD_LIBRARY_PATH: /opt/hostedtoolcache/Python/3.12.13/x64/lib
Port versions to CurseForge	Diff and upload	2026-05-01T04:27:58.7829773Z   MODRINTH_TOKEN: ***
Port versions to CurseForge	Diff and upload	2026-05-01T04:27:58.7830038Z   CURSEFORGE_TOKEN: ***
Port versions to CurseForge	Diff and upload	2026-05-01T04:27:58.7830299Z   MODRINTH_URL: https://modrinth.com/mod/pingfix
Port versions to CurseForge	Diff and upload	2026-05-01T04:27:58.7830589Z   CURSEFORGE_URL: 1526309
Port versions to CurseForge	Diff and upload	2026-05-01T04:27:58.7830786Z   DRY_RUN: false
Port versions to CurseForge	Diff and upload	2026-05-01T04:27:58.7830969Z ##[endgroup]
Port versions to CurseForge	Diff and upload	2026-05-01T04:27:59.4847817Z [ERROR] HTTP 403: https://minecraft.curseforge.com/api/projects/1526309/files
Port versions to CurseForge	Diff and upload	2026-05-01T04:27:59.4848936Z {"errorCode":5100,"errorMessage":"You do not have permission to access this method."}
Port versions to CurseForge	Diff and upload	2026-05-01T04:27:59.4849594Z 
Port versions to CurseForge	Diff and upload	2026-05-01T04:27:59.4850253Z ======================================================================
Port versions to CurseForge	Diff and upload	2026-05-01T04:27:59.4851105Z   Modrinth  : pingfix
Port versions to CurseForge	Diff and upload	2026-05-01T04:27:59.4851460Z   CurseForge: 1526309
Port versions to CurseForge	Diff and upload	2026-05-01T04:27:59.4851769Z   Dry run   : False
Port versions to CurseForge	Diff and upload	2026-05-01T04:27:59.4852146Z ======================================================================
Port versions to CurseForge	Diff and upload	2026-05-01T04:27:59.4852638Z 
Port versions to CurseForge	Diff and upload	2026-05-01T04:27:59.4852848Z [1/4] Fetching Modrinth project and versions...
Port versions to CurseForge	Diff and upload	2026-05-01T04:27:59.4853424Z   Title: FIX MY PINGGGGG  ID: 9GikcByI
Port versions to CurseForge	Diff and upload	2026-05-01T04:27:59.4853893Z   Total version entries: 77
Port versions to CurseForge	Diff and upload	2026-05-01T04:27:59.4854316Z   Unique (mc_version, loader) combos: 81
Port versions to CurseForge	Diff and upload	2026-05-01T04:27:59.4854638Z 
Port versions to CurseForge	Diff and upload	2026-05-01T04:27:59.4854889Z [2/4] Fetching CurseForge game versions and existing files...
Port versions to CurseForge	Diff and upload	2026-05-01T04:27:59.4855508Z   CurseForge game version entries: 7045
Port versions to CurseForge	Diff and upload	2026-05-01T04:27:59.4979426Z ##[error]Process completed with exit code 1.
Port versions to CurseForge	Write step summary	﻿2026-05-01T04:27:59.5032614Z ##[group]Run {
Port versions to CurseForge	Write step summary	2026-05-01T04:27:59.5032873Z [36;1m{[0m
Port versions to CurseForge	Write step summary	2026-05-01T04:27:59.5033061Z [36;1m  echo "## CurseForge Port"[0m
Port versions to CurseForge	Write step summary	2026-05-01T04:27:59.5033313Z [36;1m  echo ""[0m
Port versions to CurseForge	Write step summary	2026-05-01T04:27:59.5033700Z [36;1m  echo "| | |"[0m
Port versions to CurseForge	Write step summary	2026-05-01T04:27:59.5033915Z [36;1m  echo "|---|---|"[0m
Port versions to CurseForge	Write step summary	2026-05-01T04:27:59.5034162Z [36;1m  echo "| Modrinth | \`$MODRINTH_URL\` |"[0m
Port versions to CurseForge	Write step summary	2026-05-01T04:27:59.5034489Z [36;1m  echo "| CurseForge | \`$CURSEFORGE_URL\` |"[0m
Port versions to CurseForge	Write step summary	2026-05-01T04:27:59.5034792Z [36;1m  echo "| Dry run | \`$DRY_RUN\` |"[0m
Port versions to CurseForge	Write step summary	2026-05-01T04:27:59.5035053Z [36;1m} >> "$GITHUB_STEP_SUMMARY"[0m
Port versions to CurseForge	Write step summary	2026-05-01T04:27:59.5058517Z shell: /usr/bin/bash --noprofile --norc -e -o pipefail {0}
Port versions to CurseForge	Write step summary	2026-05-01T04:27:59.5058860Z env:
Port versions to CurseForge	Write step summary	2026-05-01T04:27:59.5059113Z   pythonLocation: /opt/hostedtoolcache/Python/3.12.13/x64
Port versions to CurseForge	Write step summary	2026-05-01T04:27:59.5059568Z   PKG_CONFIG_PATH: /opt/hostedtoolcache/Python/3.12.13/x64/lib/pkgconfig
Port versions to CurseForge	Write step summary	2026-05-01T04:27:59.5060007Z   Python_ROOT_DIR: /opt/hostedtoolcache/Python/3.12.13/x64
Port versions to CurseForge	Write step summary	2026-05-01T04:27:59.5060445Z   Python2_ROOT_DIR: /opt/hostedtoolcache/Python/3.12.13/x64
Port versions to CurseForge	Write step summary	2026-05-01T04:27:59.5060832Z   Python3_ROOT_DIR: /opt/hostedtoolcache/Python/3.12.13/x64
Port versions to CurseForge	Write step summary	2026-05-01T04:27:59.5061231Z   LD_LIBRARY_PATH: /opt/hostedtoolcache/Python/3.12.13/x64/lib
Port versions to CurseForge	Write step summary	2026-05-01T04:27:59.5061617Z   MODRINTH_URL: https://modrinth.com/mod/pingfix
Port versions to CurseForge	Write step summary	2026-05-01T04:27:59.5061917Z   CURSEFORGE_URL: 1526309
Port versions to CurseForge	Write step summary	2026-05-01T04:27:59.5062148Z   DRY_RUN: false
Port versions to CurseForge	Write step summary	2026-05-01T04:27:59.5062335Z ##[endgroup]
Port versions to CurseForge	Post Run actions/checkout@v4	﻿2026-05-01T04:27:59.5230873Z Post job cleanup.
Port versions to CurseForge	Post Run actions/checkout@v4	2026-05-01T04:27:59.6276404Z [command]/usr/bin/git version
Port versions to CurseForge	Post Run actions/checkout@v4	2026-05-01T04:27:59.6319927Z git version 2.53.0
Port versions to CurseForge	Post Run actions/checkout@v4	2026-05-01T04:27:59.6368434Z Temporarily overriding HOME='/home/runner/work/_temp/c40000d0-3dc9-4042-9d28-0dc8d7526cf2' before making global git config changes
Port versions to CurseForge	Post Run actions/checkout@v4	2026-05-01T04:27:59.6369904Z Adding repository directory to the temporary git global config as a safe directory
Port versions to CurseForge	Post Run actions/checkout@v4	2026-05-01T04:27:59.6385158Z [command]/usr/bin/git config --global --add safe.directory /home/runner/work/ModCompiler/ModCompiler
Port versions to CurseForge	Post Run actions/checkout@v4	2026-05-01T04:27:59.6423722Z [command]/usr/bin/git config --local --name-only --get-regexp core\.sshCommand
Port versions to CurseForge	Post Run actions/checkout@v4	2026-05-01T04:27:59.6457386Z [command]/usr/bin/git submodule foreach --recursive sh -c "git config --local --name-only --get-regexp 'core\.sshCommand' && git config --local --unset-all 'core.sshCommand' || :"
Port versions to CurseForge	Post Run actions/checkout@v4	2026-05-01T04:27:59.6913367Z fatal: No url found for submodule path 'LibraryMods/3arthh4ck' in .gitmodules
Port versions to CurseForge	Post Run actions/checkout@v4	2026-05-01T04:27:59.6966119Z ##[warning]The process '/usr/bin/git' failed with exit code 128
Port versions to CurseForge	Complete job	﻿2026-05-01T04:27:59.7050361Z Cleaning up orphan processes
Port versions to CurseForge	Complete job	2026-05-01T04:27:59.7465611Z ##[warning]Node.js 20 actions are deprecated. The following actions are running on Node.js 20 and may not work as expected: actions/checkout@v4, actions/setup-python@v5. Actions will be forced to run with Node.js 24 by default starting June 2nd, 2026. Node.js 20 will be removed from the runner on September 16th, 2026. Please check if updated versions of these actions are available that support Node.js 24. To opt into Node.js 24 now, set the FORCE_JAVASCRIPT_ACTIONS_TO_NODE24=true environment variable on the runner or in your workflow file. Once Node.js 24 becomes the default, you can temporarily opt out by setting ACTIONS_ALLOW_USE_UNSECURE_NODE_VERSION=true. For more information see: https://github.blog/changelog/2025-09-19-deprecation-of-node-20-on-github-actions-runners/
