[03:20:46] [main/WARNING] [Main]: Not running from the headlessmc-launcher-wrapper. No plugin support and in-memory launching.
Launching version neoforge-21.8.53, 74547bcf-4c8a-4976-8e93-e8ffab47c9cd
[03:20:47] [main/INFO] [XvfbService]: Running with xvfb
[03:20:47] [main/INFO] [LaunchOptions]: You are offline but running with xvfb, not using headless mode.
[03:20:47] [main/INFO] [Log4jPatcher]: Patching lookup in org/apache/logging/log4j/core/lookup/Interpolator
[03:20:47] [main/INFO] [Log4jPatcher]: Patching lookup in org/apache/logging/log4j/core/lookup/JndiLookup
[03:20:50] [main/INFO] [ParallelIOService]: Download took 2453.940606ms, parallel: true
[03:20:50] [main/INFO] [ProcessFactory]: Game will run in /home/runner/work/ModCompiler/ModCompiler/run
[03:20:53] [main/INFO]: ModLauncher running: args [--username, Offline, --version, neoforge-21.8.53, --gameDir, /home/runner/work/ModCompiler/ModCompiler/run, --assetsDir, /home/runner/.minecraft/assets, --assetIndex, 26, --uuid, 22689332a7fd41919600b0fe1135ee34, --accessToken, ❄❄❄❄❄❄❄❄, --clientId, , --xuid, , --userType, msa, --versionType, release, --fml.neoForgeVersion, 21.8.53, --fml.fmlVersion, 9.0.18, --fml.mcVersion, 1.21.8, --fml.neoFormVersion, 20250717.133445, --launchTarget, neoforgeclient]
[03:20:53] [main/INFO]: JVM identified as Eclipse Adoptium OpenJDK 64-Bit Server VM 21.0.11+10-LTS
[03:20:53] [main/INFO]: ModLauncher 9.0 starting: java version 21.0.11 by Eclipse Adoptium; OS Linux arch amd64 version 6.17.0-1018-azure
[03:20:53] [main/INFO]: Loading ImmediateWindowProvider fmlearlywindow
[03:20:58] [main/INFO]: SpongePowered MIXIN Subsystem Version=0.8.7 Source=union:/home/runner/.minecraft/libraries/net/fabricmc/sponge-mixin/0.15.2+mixin.0.8.7/sponge-mixin-0.15.2+mixin.0.8.7.jar%23175!/ Service=ModLauncher Env=CLIENT
[03:20:59] [fml-loadingscreen/INFO]: GL info: llvmpipe (LLVM 20.1.2, 256 bits) GL version 4.5 (Core Profile) Mesa 25.2.8-0ubuntu0.24.04.2, Mesa
[03:20:59] [main/INFO]: Found mod file "client-1.21.8-20250717.133445-srg.jar" [locator: production client provider +net.neoforged:neoforge:21.8.53:client]
[03:20:59] [main/INFO]: Found mod file "neoforge-21.8.53-universal.jar" [locator: PathBasedLocator[name=neoforge, paths=[/home/runner/.minecraft/libraries/net/neoforged/neoforge/21.8.53/neoforge-21.8.53-universal.jar]], reader: mod manifest]
[03:20:59] [main/INFO]: Found mod file "mc-runtime-test-1.21.8-4.4.0-neoforge-release.jar" [locator: {mods folder locator at /home/runner/work/ModCompiler/ModCompiler/run/mods}, reader: mod manifest]
[03:20:59] [main/INFO]: Found mod file "pingfix-1.0.0.jar" [locator: {mods folder locator at /home/runner/work/ModCompiler/ModCompiler/run/mods}, reader: mod manifest]
[03:20:59] [main/INFO]: Found 2 dependencies adding them to mods collection
[03:20:59] [main/INFO]: Found gamelibrary file "mixinextras-neoforge-0.5.3.jar" [parent: neoforge-21.8.53-universal.jar, locator: jarinjar, reader: mod manifest]
[03:20:59] [main/INFO]: Found library file "net.neoforged.neoforge-coremods-21.8.53.jar" [parent: neoforge-21.8.53-universal.jar, locator: jarinjar, reader: mod manifest]
[03:20:59] [main/INFO]: 
     Mod List:
		Name Version (Mod Id)

		FIX MY PINGGGGG 1.0.0 (pingfix)
		MC-Runtime-Test 1.21.8-4.4.0 (mc_runtime_test)
		Minecraft 1.21.8 (minecraft)
		NeoForge 21.8.53 (neoforge)
[03:21:00] [main/INFO]: Launching target 'neoforgeclient' with arguments [--version, neoforge-21.8.53, --gameDir, /home/runner/work/ModCompiler/ModCompiler/run, --assetsDir, /home/runner/.minecraft/assets, --uuid, 22689332a7fd41919600b0fe1135ee34, --username, Offline, --assetIndex, 26, --accessToken, ❄❄❄❄❄❄❄❄, --clientId, , --xuid, , --userType, msa, --versionType, release]
2026-06-21T03:21:00.273933011Z main WARN Advanced terminal features are not available in this environment
[03:21:02] [Datafixer Bootstrap/INFO] [mojang/DataFixerBuilder]: 272 Datafixer optimizations took 510 milliseconds
[03:21:02] [pool-6-thread-1/INFO] [MixinExtras|Service/]: Initializing MixinExtras via com.llamalad7.mixinextras.service.MixinExtrasServiceImpl(version=0.5.3).
[03:21:07] [modloading-worker-0/INFO] [ne.ne.ne.co.NeoForgeMod/NEOFORGE-MOD]: NeoForge mod loading, version 21.8.53, for MC 1.21.8
[03:21:08] [Render thread/WARN] [minecraft/VanillaPackResourcesBuilder]: Assets URL 'union:/home/runner/.minecraft/libraries/net/minecraft/client/1.21.8-20250717.133445/client-1.21.8-20250717.133445-srg.jar%23200!/assets/.mcassetsroot' uses unexpected schema
[03:21:08] [Render thread/WARN] [minecraft/VanillaPackResourcesBuilder]: Assets URL 'union:/home/runner/.minecraft/libraries/net/minecraft/client/1.21.8-20250717.133445/client-1.21.8-20250717.133445-srg.jar%23200!/data/.mcassetsroot' uses unexpected schema
[03:21:08] [Render thread/INFO] [mojang/YggdrasilAuthenticationService]: Environment: Environment[sessionHost=https://sessionserver.mojang.com, servicesHost=https://api.minecraftservices.com, name=PROD]
[03:21:08] [Render thread/INFO] [minecraft/Minecraft]: Setting user: Offline
[03:21:08] [Render thread/INFO] [minecraft/Minecraft]: Backend library: LWJGL version 3.3.3+5
[03:21:08] [Render thread/INFO] [minecraft/Minecraft]: Using optional rendering extensions: GL_ARB_buffer_storage, GL_KHR_debug, GL_ARB_vertex_attrib_binding, GL_ARB_direct_state_access
[03:21:09] [Download-3/INFO] [mojang/RealmsClient]: Could not authorize you against Realms server: javax.ws.rs.BadRequestException: Invalid session
[03:21:09] [Download-3/ERROR] [mojang/RealmsClient]: Failed to fetch Realms feature flags
com.mojang.realmsclient.exception.RealmsServiceException: Realms authentication error with message 'javax.ws.rs.BadRequestException: Invalid session'
	at TRANSFORMER/minecraft@1.21.8/com.mojang.realmsclient.client.RealmsClient.execute(RealmsClient.java:524) ~[client-1.21.8-20250717.133445-srg.jar%23200!/:?] {re:classloading}
	at TRANSFORMER/minecraft@1.21.8/com.mojang.realmsclient.client.RealmsClient.fetchFeatureFlags(RealmsClient.java:165) ~[client-1.21.8-20250717.133445-srg.jar%23200!/:?] {re:classloading}
	at java.base/java.util.concurrent.CompletableFuture$AsyncSupply.run(CompletableFuture.java:1768) ~[?:?] {}
	at java.base/java.util.concurrent.ThreadPoolExecutor.runWorker(ThreadPoolExecutor.java:1144) ~[?:?] {}
	at java.base/java.util.concurrent.ThreadPoolExecutor$Worker.run(ThreadPoolExecutor.java:642) ~[?:?] {}
	at java.base/java.lang.Thread.run(Thread.java:1583) [?:?] {}
[03:21:09] [Download-2/ERROR] [minecraft/Minecraft]: Failed to fetch user properties
com.mojang.authlib.exceptions.InvalidCredentialsException: Status: 401
	at MC-BOOTSTRAP/authlib@6.0.58/com.mojang.authlib.exceptions.MinecraftClientHttpException.toAuthenticationException(MinecraftClientHttpException.java:59) ~[authlib-6.0.58.jar%23108!/:?] {}
	at MC-BOOTSTRAP/authlib@6.0.58/com.mojang.authlib.yggdrasil.YggdrasilUserApiService.fetchProperties(YggdrasilUserApiService.java:150) ~[authlib-6.0.58.jar%23108!/:?] {}
	at TRANSFORMER/minecraft@1.21.8/net.minecraft.client.Minecraft.lambda$new$1(Minecraft.java:435) ~[client-1.21.8-20250717.133445-srg.jar%23200!/:?] {re:classloading,pl:mixin:A}
	at java.base/java.util.concurrent.CompletableFuture$AsyncSupply.run(CompletableFuture.java:1768) ~[?:?] {}
	at java.base/java.util.concurrent.ThreadPoolExecutor.runWorker(ThreadPoolExecutor.java:1144) ~[?:?] {}
	at java.base/java.util.concurrent.ThreadPoolExecutor$Worker.run(ThreadPoolExecutor.java:642) ~[?:?] {}
	at java.base/java.lang.Thread.run(Thread.java:1583) [?:?] {}
Caused by: com.mojang.authlib.exceptions.MinecraftClientHttpException: Status: 401
	at MC-BOOTSTRAP/authlib@6.0.58/com.mojang.authlib.minecraft.client.MinecraftClient.readInputStream(MinecraftClient.java:103) ~[authlib-6.0.58.jar%23108!/:?] {}
	at MC-BOOTSTRAP/authlib@6.0.58/com.mojang.authlib.minecraft.client.MinecraftClient.get(MinecraftClient.java:56) ~[authlib-6.0.58.jar%23108!/:?] {}
	at MC-BOOTSTRAP/authlib@6.0.58/com.mojang.authlib.yggdrasil.YggdrasilUserApiService.fetchProperties(YggdrasilUserApiService.java:121) ~[authlib-6.0.58.jar%23108!/:?] {}
	... 5 more
[03:21:09] [Render thread/ERROR] [mojang/Narrator]: Error while loading the narrator
com.mojang.text2speech.Narrator$InitializeException: Failed to load library flite
	at MC-BOOTSTRAP/text2speech@1.18.11/com.mojang.text2speech.NarratorLinux$FliteLibrary.loadNative(NarratorLinux.java:81) ~[text2speech-1.18.11.jar%23114!/:?] {}
	at MC-BOOTSTRAP/text2speech@1.18.11/com.mojang.text2speech.NarratorLinux.<init>(NarratorLinux.java:18) ~[text2speech-1.18.11.jar%23114!/:?] {}
	at MC-BOOTSTRAP/text2speech@1.18.11/com.mojang.text2speech.Narrator.getNarrator(Narrator.java:41) ~[text2speech-1.18.11.jar%23114!/:?] {}
	at TRANSFORMER/minecraft@1.21.8/net.minecraft.client.GameNarrator.<init>(GameNarrator.java:22) ~[client-1.21.8-20250717.133445-srg.jar%23200!/:?] {re:classloading}
	at TRANSFORMER/minecraft@1.21.8/net.minecraft.client.Minecraft.<init>(Minecraft.java:651) ~[client-1.21.8-20250717.133445-srg.jar%23200!/:?] {re:classloading,pl:mixin:A}
	at TRANSFORMER/minecraft@1.21.8/net.minecraft.client.main.Main.main(Main.java:228) ~[client-1.21.8-20250717.133445-srg.jar%23200!/:?] {re:classloading}
	at java.base/jdk.internal.reflect.DirectMethodHandleAccessor.invoke(DirectMethodHandleAccessor.java:103) ~[?:?] {}
	at java.base/java.lang.reflect.Method.invoke(Method.java:580) ~[?:?] {}
	at MC-BOOTSTRAP/fml_loader@9.0.18/net.neoforged.fml.loading.targets.CommonLaunchHandler.runTarget(CommonLaunchHandler.java:132) ~[loader-9.0.18.jar%23159!/:9.0] {}
	at MC-BOOTSTRAP/fml_loader@9.0.18/net.neoforged.fml.loading.targets.CommonLaunchHandler.clientService(CommonLaunchHandler.java:120) ~[loader-9.0.18.jar%23159!/:9.0] {}
	at MC-BOOTSTRAP/fml_loader@9.0.18/net.neoforged.fml.loading.targets.NeoForgeClientLaunchHandler.runService(NeoForgeClientLaunchHandler.java:41) ~[loader-9.0.18.jar%23159!/:9.0] {}
	at MC-BOOTSTRAP/fml_loader@9.0.18/net.neoforged.fml.loading.targets.CommonLaunchHandler.lambda$launchService$4