To honour the JVM settings for this build a new JVM will be forked. Please consider using the daemon: https://docs.gradle.org/5.6.4/userguide/gradle_daemon.html.
Daemon will be stopped at the end of the build stopping after processing

> Configure project :
New Dep: net.minecraftforge:forge:1.12.2-14.23.5.2864_mapped_snapshot_20171003-1.12

> Task :compileJava FROM-CACHE
> Task :processResources
> Task :classes
> Task :jar
> Task :downloadMcpConfig
> Task :extractSrg
> Task :createMcpToSrg
> Task :reobfJar
> Task :assemble
> Task :build

Deprecated Gradle features were used in this build, making it incompatible with Gradle 6.0.
Use '--warning-mode all' to show the individual deprecation warnings.
See https://docs.gradle.org/5.6.4/userguide/command_line_interface.html#sec:command_line_warnings

BUILD SUCCESSFUL in 29s
7 actionable tasks: 6 executed, 1 from cache
$ /opt/homebrew/opt/python@3.14/bin/python3.14 1.12-1.12.2/build_adapter.py --loader forge --metadata-json /var/folders/gw/6rxqffkd4p78ysxx9v18dy8c0000gn/T/modcompiler-botfriend-forge-1-12-2-b785gxiu/metadata.json --source-dir tmp/botfriend-prepare/mods/botfriend-forge-1-12-2/src --template-workspace /var/folders/gw/6rxqffkd4p78ysxx9v18dy8c0000gn/T/modcompiler-botfriend-forge-1-12-2-b785gxiu/workspace --minecraft-version 1.12.2 --manifest /Users/stevennovak/Desktop/Code Projects/GithubBasedEngineering/ModCompiler/version-manifest.json


$ ./modcompiler-build.sh

