Downloading https://services.gradle.org/distributions/gradle-9.2.1-bin.zip
............10%.............20%.............30%.............40%.............50%.............60%.............70%.............80%.............90%.............100%

Welcome to Gradle 9.2.1!

Here are the highlights of this release:
 - Windows ARM support
 - Improved publishing APIs
 - Better guidance for dependency verification failures

For more details see https://docs.gradle.org/9.2.1/release-notes.html

To honour the JVM settings for this build a single-use Daemon process will be forked. For more on this, please refer to https://docs.gradle.org/9.2.1/userguide/gradle_daemon.html#sec:disabling_the_daemon in the Gradle documentation.
Daemon will be stopped at the end of the build 

> Configure project :
Fabric Loom: 1.14.10
~~~~~~~~~~~~~~~~~~~~~~~~~~~~~~~~~~~~~~~~~~~~~~~~~~~~~~~~~~~~~~
Using of the official minecraft mappings is at your own risk!
Please make sure to read and understand the following license:
~~~~~~~~~~~~~~~~~~~~~~~~~~~~~~~~~~~~~~~~~~~~~~~~~~~~~~~~~~~~~~
# (c) 2020 Microsoft Corporation. These mappings are provided "as-is" and you bear the risk of using them. You may copy and use the mappings for development purposes, but you may not redistribute the mappings complete and unmodified. Microsoft makes no warranties, express or implied, with respect to the mappings provided here.  Use and modification of this document or the source code (in any form) of Minecraft: Java Edition is governed by the Minecraft End User License Agreement available at https://account.mojang.com/documents/minecraft_eula.
~~~~~~~~~~~~~~~~~~~~~~~~~~~~~~~~~~~~~~~~~~~~~~~~~~~~~~~~~~~~~~
Cannot remap field_56986 because it does not exists in any of the targets [net/minecraft/class_1088] or their parents.
Cannot remap method_60903 because it does not exists in any of the targets [net/minecraft/class_9810] or their parents.
Cannot remap method_3367 because it does not exists in any of the targets [net/minecraft/class_778] or their parents.
Cannot remap field_59980 because it does not exists in any of the targets [net/minecraft/class_10430] or their parents.
Cannot remap field_60921 because it does not exists in any of the targets [net/minecraft/class_4696] or their parents.
Cannot remap field_5434 because it does not exists in any of the targets [net/minecraft/class_1097] or their parents.

Cannot remap method_10764 because it does not exists in any of the targets [net/minecraft/class_2535]
Cannot remap method_62657 because it does not exists in any of the targets [net/minecraft/class_1092]
Cannot remap method_10764 because it does not exists in any of the targets [net/minecraft/class_2535]
Cannot remap method_71927 because it does not exists in any of the targets [net/minecraft/class_634]
Cannot remap method_23067 because it does not exists in any of the targets [net/minecraft/class_4603]
Cannot remap method_7727 because it does not exists in any of the targets [net/minecraft/class_1755]
Cannot remap field_56377 because it does not exists in any of the targets [net/minecraft/class_7952] or their parents.
Cannot remap method_71138 because it does not exists in any of the targets [net/minecraft/class_918] or their parents.
Cannot remap method_67991 because it does not exists in any of the targets [net/minecraft/class_10444]
Cannot remap method_67991 because it does not exists in any of the targets [net/minecraft/class_10444]
Cannot remap method_40378 because it does not exists in any of the targets [net/minecraft/class_6306]
Cannot remap method_67194 because it does not exists in any of the targets [net/minecraft/class_1799]
Cannot remap method_67194 because it does not exists in any of the targets [net/minecraft/class_1799]
Cannot remap method_67194 because it does not exists in any of the targets [net/minecraft/class_1799]
Cannot remap method_67194 because it does not exists in any of the targets [net/minecraft/class_1799]
Cannot remap method_67194 because it does not exists in any of the targets [net/minecraft/class_1799]
Cannot remap method_5651 because it does not exists in any of the targets [net/minecraft/class_1297]
Cannot remap method_5647 because it does not exists in any of the targets [net/minecraft/class_1297]
Cannot remap <init> because it does not exists in any of the targets [net/minecraft/class_1088]
Cannot remap method_45876 because it does not exists in any of the targets [net/minecraft/class_1088]
Cannot remap method_45876 because it does not exists in any of the targets [net/minecraft/class_1088]
Cannot remap method_68018 because it does not exists in any of the targets [net/minecraft/class_1088]
Cannot remap method_68019 because it does not exists in any of the targets [net/minecraft/class_1088]
Cannot remap field_5427 because it does not exists in any of the targets [] or their parents.
Cannot remap method_48472 because it does not exists in any of the targets [net/minecraft/class_490]
Cannot remap method_68295 because it does not exists in any of the targets [net/minecraft/class_2852]
Cannot remap method_16020 because it does not exists in any of the targets [net/minecraft/class_631]
Cannot remap method_16020 because it does not exists in any of the targets [net/minecraft/class_631]
Cannot remap method_39969 because it does not exists in any of the targets [net/minecraft/class_6850]
Cannot remap method_39969 because it does not exists in any of the targets [net/minecraft/class_6850]
Cannot remap method_22710 because it does not exists in any of the targets [net/minecraft/class_761]
Cannot remap method_62214 because it does not exists in any of the targets [net/minecraft/class_761]
Cannot remap method_4854 because it does not exists in any of the targets [net/minecraft/class_1140]
Cannot remap method_62214 because it does not exists in any of the targets [net/minecraft/class_761]
Cannot remap method_62214 because it does not exists in any of the targets [net/minecraft/class_761]
Cannot remap method_62214 because it does not exists in any of the targets [net/minecraft/class_761]
Cannot remap method_62214 because it does not exists in any of the targets [net/minecraft/class_761]
Cannot remap method_22710 because it does not exists in any of the targets [net/minecraft/class_761]
Cannot remap method_62214 because it does not exists in any of the targets [net/minecraft/class_761]
Cannot remap method_22710 because it does not exists in any of the targets [net/minecraft/class_761]
Cannot remap method_62203 because it does not exists in any of the targets [net/minecraft/class_761]
Cannot remap method_62204 because it does not exists in any of the targets [net/minecraft/class_761]
Cannot remap method_62200 because it does not exists in any of the targets [net/minecraft/class_761]
Cannot remap method_58690 because it does not exists in any of the targets [net/minecraft/class_2586]
Cannot remap method_71400 because it does not exists in any of the targets [net/minecraft/class_2586]

> Task :compileJava
/tmp/modcompiler-servercore-fabric-1-21-4-lhc94eh0/workspace/src/main/java/com/itamio/servercore/fabric/ServerCoreCommands.java:85: error: unreported exception CommandSyntaxException; must be caught or declared to be thrown
        ServerPlayer sender = ctx.getSource().getPlayerOrException();
                                                                  ^
/tmp/modcompiler-servercore-fabric-1-21-4-lhc94eh0/workspace/src/main/java/com/itamio/servercore/fabric/ServerCoreCommands.java:107: error: unreported exception CommandSyntaxException; must be caught or declared to be thrown
        ServerPlayer target = ctx.getSource().getPlayerOrException();
                                                                  ^
/tmp/modcompiler-servercore-fabric-1-21-4-lhc94eh0/workspace/src/main/java/com/itamio/servercore/fabric/ServerCoreCommands.java:123: error: unreported exception CommandSyntaxException; must be caught or declared to be thrown
        ServerPlayer target = ctx.getSource().getPlayerOrException();
                                                                  ^
/tmp/modcompiler-servercore-fabric-1-21-4-lhc94eh0/workspace/src/main/java/com/itamio/servercore/fabric/ServerCoreCommands.java:135: error: unreported exception CommandSyntaxException; must be caught or declared to be thrown
        ServerPlayer target = ctx.getSource().getPlayerOrException();
                                                                  ^
/tmp/modcompiler-servercore-fabric-1-21-4-lhc94eh0/workspace/src/main/java/com/itamio/servercore/fabric/ServerCoreCommands.java:152: error: unreported exception CommandSyntaxException; must be caught or declared to be thrown
        ServerPlayer target = ctx.getSource().getPlayerOrException();
                                                                  ^
/tmp/modcompiler-servercore-fabric-1-21-4-lhc94eh0/workspace/src/main/java/com/itamio/servercore/fabric/ServerCoreCommands.java:159: error: unreported exception CommandSyntaxException; must be caught or declared to be thrown
        ServerPlayer requester = ctx.getSource().getPlayerOrException();
                                                                     ^
/tmp/modcompiler-servercore-fabric-1-21-4-lhc94eh0/workspace/src/main/java/com/itamio/servercore/fabric/ServerCoreCommands.java:195: error: unreported exception CommandSyntaxException; must be caught or declared to be thrown
        ServerPlayer player = ctx.getSource().getPlayerOrException();
                                                                  ^
/tmp/modcompiler-servercore-fabric-1-21-4-lhc94eh0/workspace/src/main/java/com/itamio/servercore/fabric/ServerCoreCommands.java:206: error: unreported exception CommandSyntaxException; must be caught or declared to be thrown
        ServerPlayer player = ctx.getSource().getPlayerOrException();
                                                                  ^
/tmp/modcompiler-servercore-fabric-1-21-4-lhc94eh0/workspace/src/main/java/com/itamio/servercore/fabric/ServerCoreCommands.java:224: error: unreported exception CommandSyntaxException; must be caught or declared to be thrown
        ServerPlayer player = ctx.getSource().getPlayerOrException();
                                                                  ^
/tmp/modcompiler-servercore-fabric-1-21-4-lhc94eh0/workspace/src/main/java/com/itamio/servercore/fabric/ServerCoreCommands.java:241: error: unreported exception CommandSyntaxException; must be caught or declared to be thrown
        ServerPlayer player = ctx.getSource().getPlayerOrException();
                                                                  ^
/tmp/modcompiler-servercore-fabric-1-21-4-lhc94eh0/workspace/src/main/java/com/itamio/servercore/fabric/ServerCoreCommands.java:248: error: unreported exception CommandSyntaxException; must be caught or declared to be thrown
        ServerPlayer player = ctx.getSource().getPlayerOrException();
                                                                  ^
11 errors

> Task :compileJava FAILED

[Incubating] Problems report is available at: file:///tmp/modcompiler-servercore-fabric-1-21-4-lhc94eh0/workspace/build/reports/problems/problems-report.html

FAILURE: Build failed with an exception.

* What went wrong:
Execution failed for task ':compileJava'.
> Compilation failed; see the compiler output below.
  /tmp/modcompiler-servercore-fabric-1-21-4-lhc94eh0/workspace/src/main/java/com/itamio/servercore/fabric/ServerCoreCommands.java:85: error: unreported exception CommandSyntaxException; must be caught or declared to be thrown
          ServerPlayer sender = ctx.getSource().getPlayerOrException();
                                                                    ^
  /tmp/modcompiler-servercore-fabric-1-21-4-lhc94eh0/workspace/src/main/java/com/itamio/servercore/fabric/ServerCoreCommands.java:107: error: unreported exception CommandSyntaxException; must be caught or declared to be thrown
          ServerPlayer target = ctx.getSource().getPlayerOrException();
                                                                    ^
  /tmp/modcompiler-servercore-fabric-1-21-4-lhc94eh0/workspace/src/main/java/com/itamio/servercore/fabric/ServerCoreCommands.java:123: error: unreported exception CommandSyntaxException; must be caught or declared to be thrown
          ServerPlayer target = ctx.getSource().getPlayerOrException();
                                                                    ^
  /tmp/modcompiler-servercore-fabric-1-21-4-lhc94eh0/workspace/src/main/java/com/itamio/servercore/fabric/ServerCoreCommands.java:135: error: unreported exception CommandSyntaxException; must be caught or declared to be thrown
          ServerPlayer target = ctx.getSource().getPlayerOrException();
                                                                    ^
  /tmp/modcompiler-servercore-fabric-1-21-4-lhc94eh0/workspace/src/main/java/com/itamio/servercore/fabric/ServerCoreCommands.java:152: error: unreported exception CommandSyntaxException; must be caught or declared to be thrown
          ServerPlayer target = ctx.getSource().getPlayerOrException();
                                                                    ^
  /tmp/modcompiler-servercore-fabric-1-21-4-lhc94eh0/workspace/src/main/java/com/itamio/servercore/fabric/ServerCoreCommands.java:159: error: unreported exception CommandSyntaxException; must be caught or declared to be thrown
          ServerPlayer requester = ctx.getSource().getPlayerOrException();
                                                                       ^
  /tmp/modcompiler-servercore-fabric-1-21-4-lhc94eh0/workspace/src/main/java/com/itamio/servercore/fabric/ServerCoreCommands.java:195: error: unreported exception CommandSyntaxException; must be caught or declared to be thrown
          ServerPlayer player = ctx.getSource().getPlayerOrException();
                                                                    ^
  /tmp/modcompiler-servercore-fabric-1-21-4-lhc94eh0/workspace/src/main/java/com/itamio/servercore/fabric/ServerCoreCommands.java:206: error: unreported exception CommandSyntaxException; must be caught or declared to be thrown
          ServerPlayer player = ctx.getSource().getPlayerOrException();
                                                                    ^
  /tmp/modcompiler-servercore-fabric-1-21-4-lhc94eh0/workspace/src/main/java/com/itamio/servercore/fabric/ServerCoreCommands.java:224: error: unreported exception CommandSyntaxException; must be caught or declared to be thrown
          ServerPlayer player = ctx.getSource().getPlayerOrException();
                                                                    ^
  /tmp/modcompiler-servercore-fabric-1-21-4-lhc94eh0/workspace/src/main/java/com/itamio/servercore/fabric/ServerCoreCommands.java:241: error: unreported exception CommandSyntaxException; must be caught or declared to be thrown
          ServerPlayer player = ctx.getSource().getPlayerOrException();
                                                                    ^
  /tmp/modcompiler-servercore-fabric-1-21-4-lhc94eh0/workspace/src/main/java/com/itamio/servercore/fabric/ServerCoreCommands.java:248: error: unreported exception CommandSyntaxException; must be caught or declared to be thrown
          ServerPlayer player = ctx.getSource().getPlayerOrException();
                                                                    ^
  11 errors

* Try:
> Check your code and dependencies to fix the compilation error(s)
> Run with --scan to generate a Build Scan (powered by Develocity).

* Exception is:
org.gradle.api.tasks.TaskExecutionException: Execution failed for task ':compileJava'.
	at org.gradle.api.internal.tasks.execution.ExecuteActionsTaskExecuter.lambda$executeIfValid$1(ExecuteActionsTaskExecuter.java:135)
	at org.gradle.internal.Try$Failure.ifSuccessfulOrElse(Try.java:288)
	at org.gradle.api.internal.tasks.execution.ExecuteActionsTaskExecuter.executeIfValid(ExecuteActionsTaskExecuter.java:133)
	at org.gradle.api.internal.tasks.execution.ExecuteActionsTaskExecuter.execute(ExecuteActionsTaskExecuter.java:121)
	at org.gradle.api.internal.tasks.execution.ProblemsTaskPathTrackingTaskExecuter.execute(ProblemsTaskPathTrackingTaskExecuter.java:41)
	at org.gradle.api.internal.tasks.execution.FinalizePropertiesTaskExecuter.execute(FinalizePropertiesTaskExecuter.java:46)
	at org.gradle.api.internal.tasks.execution.ResolveTaskExecutionModeExecuter.execute(ResolveTaskExecutionModeExecuter.java:51)
	at org.gradle.api.internal.tasks.execution.SkipTaskWithNoActionsExecuter.execute(SkipTaskWithNoActionsExecuter.java:57)
	at org.gradle.api.internal.tasks.execution.SkipOnlyIfTaskExecuter.execute(SkipOnlyIfTaskExecuter.java:74)
	at org.gradle.api.internal.tasks.execution.CatchExceptionTaskExecuter.execute(CatchExceptionTaskExecuter.java:36)
	at org.gradle.api.internal.tasks.execution.EventFiringTaskExecuter$1.executeTask(EventFiringTaskExecuter.java:77)
	at org.gradle.api.internal.tasks.execution.EventFiringTaskExecuter$1.call(EventFiringTaskExecuter.java:55)
	at org.gradle.api.internal.tasks.execution.EventFiringTaskExecuter$1.call(EventFiringTaskExecuter.java:52)
	at org.gradle.internal.operations.DefaultBuildOperationRunner$CallableBuildOperationWorker.execute(DefaultBuildOperationRunner.java:209)
	at org.gradle.internal.operations.DefaultBuildOperationRunner$CallableBuildOperationWorker.execute(DefaultBuildOperationRunner.java:204)
	at org.gradle.internal.operations.DefaultBuildOperationRunner$2.execute(DefaultBuildOperationRunner.java:66)
	at org.gradle.internal.operations.DefaultBuildOperationRunner$2.execute(DefaultBuildOperationRunner.java:59)
	at org.gradle.internal.operations.DefaultBuildOperationRunner.execute(DefaultBuildOperationRunner.java:166)
	at org.gradle.internal.operations.DefaultBuildOperationRunner.execute(DefaultBuildOperationRunner.java:59)
	at org.gradle.internal.operations.DefaultBuildOperationRunner.call(DefaultBuildOperationRunner.java:53)
	at org.gradle.api.internal.tasks.execution.EventFiringTaskExecuter.execute(EventFiringTaskExecuter.java:52)
	at org.gradle.execution.plan.DefaultNodeExecutor.executeLocalTaskNode(DefaultNodeExecutor.java:55)
	at org.gradle.execution.plan.DefaultNodeExecutor.execute(DefaultNodeExecutor.java:34)
	at org.gradle.execution.taskgraph.DefaultTaskExecutionGraph$InvokeNodeExecutorsAction.execute(DefaultTaskExecutionGraph.java:355)
	at org.gradle.execution.taskgraph.DefaultTaskExecutionGraph$InvokeNodeExecutorsAction.execute(DefaultTaskExecutionGraph.java:343)
	at org.gradle.execution.taskgraph.DefaultTaskExecutionGraph$BuildOperationAwareExecutionAction.lambda$execute$0(DefaultTaskExecutionGraph.java:339)
	at org.gradle.internal.operations.CurrentBuildOperationRef.with(CurrentBuildOperationRef.java:84)
	at org.gradle.execution.taskgraph.DefaultTaskExecutionGraph$BuildOperationAwareExecutionAction.execute(DefaultTaskExecutionGraph.java:339)
	at org.gradle.execution.taskgraph.DefaultTaskExecutionGraph$BuildOperationAwareExecutionAction.execute(DefaultTaskExecutionGraph.java:328)
	at org.gradle.execution.plan.DefaultPlanExecutor$ExecutorWorker.execute(DefaultPlanExecutor.java:459)
	at org.gradle.execution.plan.DefaultPlanExecutor$ExecutorWorker.run(DefaultPlanExecutor.java:376)
	at org.gradle.internal.concurrent.ExecutorPolicy$CatchAndRecordFailures.onExecute(ExecutorPolicy.java:64)
	at org.gradle.internal.concurrent.AbstractManagedExecutor$1.run(AbstractManagedExecutor.java:47)
Caused by: org.gradle.api.internal.tasks.compile.CompilationFailedException: Compilation failed; see the compiler output below.
/tmp/modcompiler-servercore-fabric-1-21-4-lhc94eh0/workspace/src/main/java/com/itamio/servercore/fabric/ServerCoreCommands.java:85: error: unreported exception CommandSyntaxException; must be caught or declared to be thrown
        ServerPlayer sender = ctx.getSource().getPlayerOrException();
                                                                  ^
/tmp/modcompiler-servercore-fabric-1-21-4-lhc94eh0/workspace/src/main/java/com/itamio/servercore/fabric/ServerCoreCommands.java:107: error: unreported exception CommandSyntaxException; must be caught or declared to be thrown
        ServerPlayer target = ctx.getSource().getPlayerOrException();
                                                                  ^
/tmp/modcompiler-servercore-fabric-1-21-4-lhc94eh0/workspace/src/main/java/com/itamio/servercore/fabric/ServerCoreCommands.java:123: error: unreported exception CommandSyntaxException; must be caught or declared to be thrown
        ServerPlayer target = ctx.getSource().getPlayerOrException();
                                                                  ^
/tmp/modcompiler-servercore-fabric-1-21-4-lhc94eh0/workspace/src/main/java/com/itamio/servercore/fabric/ServerCoreCommands.java:135: error: unreported exception CommandSyntaxException; must be caught or declared to be thrown
        ServerPlayer target = ctx.getSource().getPlayerOrException();
                                                                  ^
/tmp/modcompiler-servercore-fabric-1-21-4-lhc94eh0/workspace/src/main/java/com/itamio/servercore/fabric/ServerCoreCommands.java:152: error: unreported exception CommandSyntaxException; must be caught or declared to be thrown
        ServerPlayer target = ctx.getSource().getPlayerOrException();
                                                                  ^
/tmp/modcompiler-servercore-fabric-1-21-4-lhc94eh0/workspace/src/main/java/com/itamio/servercore/fabric/ServerCoreCommands.java:159: error: unreported exception CommandSyntaxException; must be caught or declared to be thrown
        ServerPlayer requester = ctx.getSource().getPlayerOrException();
                                                                     ^
/tmp/modcompiler-servercore-fabric-1-21-4-lhc94eh0/workspace/src/main/java/com/itamio/servercore/fabric/ServerCoreCommands.java:195: error: unreported exception CommandSyntaxException; must be caught or declared to be thrown
        ServerPlayer player = ctx.getSource().getPlayerOrException();
                                                                  ^
/tmp/modcompiler-servercore-fabric-1-21-4-lhc94eh0/workspace/src/main/java/com/itamio/servercore/fabric/ServerCoreCommands.java:206: error: unreported exception CommandSyntaxException; must be caught or declared to be thrown
        ServerPlayer player = ctx.getSource().getPlayerOrException();
                                                                  ^
/tmp/modcompiler-servercore-fabric-1-21-4-lhc94eh0/workspace/src/main/java/com/itamio/servercore/fabric/ServerCoreCommands.java:224: error: unreported exception CommandSyntaxException; must be caught or declared to be thrown
        ServerPlayer player = ctx.getSource().getPlayerOrException();
                                                                  ^
/tmp/modcompiler-servercore-fabric-1-21-4-lhc94eh0/workspace/src/main/java/com/itamio/servercore/fabric/ServerCoreCommands.java:241: error: unreported exception CommandSyntaxException; must be caught or declared to be thrown
        ServerPlayer player = ctx.getSource().getPlayerOrException();
                                                                  ^
/tmp/modcompiler-servercore-fabric-1-21-4-lhc94eh0/workspace/src/main/java/com/itamio/servercore/fabric/ServerCoreCommands.java:248: error: unreported exception CommandSyntaxException; must be caught or declared to be thrown
        ServerPlayer player = ctx.getSource().getPlayerOrException();
                                                                  ^
11 errors
	at org.gradle.api.internal.tasks.compile.JdkJavaCompiler.execute(JdkJavaCompiler.java:89)
	at org.gradle.api.internal.tasks.compile.JdkJavaCompiler.execute(JdkJavaCompiler.java:50)
	at org.gradle.api.internal.tasks.compile.NormalizingJavaCompiler.delegateAndHandleErrors(NormalizingJavaCompiler.java:98)
	at org.gradle.api.internal.tasks.compile.NormalizingJavaCompiler.execute(NormalizingJavaCompiler.java:52)
	at org.gradle.api.internal.tasks.compile.NormalizingJavaCompiler.execute(NormalizingJavaCompiler.java:38)
	at org.gradle.api.internal.tasks.compile.AnnotationProcessorDiscoveringCompiler.execute(AnnotationProcessorDiscoveringCompiler.java:52)
	at org.gradle.api.internal.tasks.compile.AnnotationProcessorDiscoveringCompiler.execute(AnnotationProcessorDiscoveringCompiler.java:38)
	at org.gradle.api.internal.tasks.compile.ModuleApplicationNameWritingCompiler.execute(ModuleApplicationNameWritingCompiler.java:46)
	at org.gradle.api.internal.tasks.compile.ModuleApplicationNameWritingCompiler.execute(ModuleApplicationNameWritingCompiler.java:36)
	at org.gradle.jvm.toolchain.internal.DefaultToolchainJavaCompiler.execute(DefaultToolchainJavaCompiler.java:57)
	at org.gradle.api.tasks.compile.JavaCompile.lambda$createToolchainCompiler$3(JavaCompile.java:206)
	at org.gradle.api.internal.tasks.compile.CleaningJavaCompiler.execute(CleaningJavaCompiler.java:53)
	at org.gradle.api.internal.tasks.compile.incremental.IncrementalCompilerFactory.lambda$createRebuildAllCompiler$0(IncrementalCompilerFactory.java:55)
	at org.gradle.api.internal.tasks.compile.incremental.SelectiveCompiler.execute(SelectiveCompiler.java:70)
	at org.gradle.api.internal.tasks.compile.incremental.SelectiveCompiler.execute(SelectiveCompiler.java:44)
	at org.gradle.api.internal.tasks.compile.incremental.IncrementalResultStoringCompiler.execute(IncrementalResultStoringCompiler.java:66)
	at org.gradle.api.internal.tasks.compile.incremental.IncrementalResultStoringCompiler.execute(IncrementalResultStoringCompiler.java:52)
	at org.gradle.api.internal.tasks.compile.CompileJavaBuildOperationReportingCompiler$1.call(CompileJavaBuildOperationReportingCompiler.java:64)
	at org.gradle.api.internal.tasks.compile.CompileJavaBuildOperationReportingCompiler$1.call(CompileJavaBuildOperationReportingCompiler.java:48)
	at org.gradle.internal.operations.DefaultBuildOperationRunner$CallableBuildOperationWorker.execute(DefaultBuildOperationRunner.java:209)
	at org.gradle.internal.operations.DefaultBuildOperationRunner$CallableBuildOperationWorker.execute(DefaultBuildOperationRunner.java:204)
	at org.gradle.internal.operations.DefaultBuildOperationRunner$2.execute(DefaultBuildOperationRunner.java:66)
	at org.gradle.internal.operations.DefaultBuildOperationRunner$2.execute(DefaultBuildOperationRunner.java:59)
	at org.gradle.internal.operations.DefaultBuildOperationRunner.execute(DefaultBuildOperationRunner.java:166)
	at org.gradle.internal.operations.DefaultBuildOperationRunner.execute(DefaultBuildOperationRunner.java:59)
	at org.gradle.internal.operations.DefaultBuildOperationRunner.call(DefaultBuildOperationRunner.java:53)
	at org.gradle.api.internal.tasks.compile.CompileJavaBuildOperationReportingCompiler.execute(CompileJavaBuildOperationReportingCompiler.java:48)
	at org.gradle.api.tasks.compile.JavaCompile.performCompilation(JavaCompile.java:224)
	at org.gradle.api.tasks.compile.JavaCompile.performIncrementalCompilation(JavaCompile.java:165)
	at org.gradle.api.tasks.compile.JavaCompile.compile(JavaCompile.java:150)
	at org.gradle.internal.reflect.JavaMethod.invoke(JavaMethod.java:125)
	at org.gradle.api.internal.project.taskfactory.IncrementalTaskAction.doExecute(IncrementalTaskAction.java:45)
	at org.gradle.api.internal.project.taskfactory.StandardTaskAction.execute(StandardTaskAction.java:51)
	at org.gradle.api.internal.project.taskfactory.IncrementalTaskAction.execute(IncrementalTaskAction.java:26)
	at org.gradle.api.internal.project.taskfactory.StandardTaskAction.execute(StandardTaskAction.java:29)
	at org.gradle.api.internal.tasks.execution.TaskExecution$3.run(TaskExecution.java:252)
	at org.gradle.internal.operations.DefaultBuildOperationRunner$1.execute(DefaultBuildOperationRunner.java:29)
	at org.gradle.internal.operations.DefaultBuildOperationRunner$1.execute(DefaultBuildOperationRunner.java:26)
	at org.gradle.internal.operations.DefaultBuildOperationRunner$2.execute(DefaultBuildOperationRunner.java:66)
	at org.gradle.internal.operations.DefaultBuildOperationRunner$2.execute(DefaultBuildOperationRunner.java:59)
	at org.gradle.internal.operations.DefaultBuildOperationRunner.execute(DefaultBuildOperationRunner.java:166)
	at org.gradle.internal.operations.DefaultBuildOperationRunner.execute(DefaultBuildOperationRunner.java:59)
	at org.gradle.internal.operations.DefaultBuildOperationRunner.run(DefaultBuildOperationRunner.java:47)
	at org.gradle.api.internal.tasks.execution.TaskExecution.executeAction(TaskExecution.java:237)
	at org.gradle.api.internal.tasks.execution.TaskExecution.executeActions(TaskExecution.java:220)
	at org.gradle.api.internal.tasks.execution.TaskExecution.executeWithPreviousOutputFiles(TaskExecution.java:203)
	at org.gradle.api.internal.tasks.execution.TaskExecution.execute(TaskExecution.java:170)
	at org.gradle.internal.execution.steps.ExecuteStep.executeInternal(ExecuteStep.java:105)
	at org.gradle.internal.execution.steps.ExecuteStep.access$000(ExecuteStep.java:44)
	at org.gradle.internal.execution.steps.ExecuteStep$1.call(ExecuteStep.java:59)
	at org.gradle.internal.execution.steps.ExecuteStep$1.call(ExecuteStep.java:56)
	at org.gradle.internal.operations.DefaultBuildOperationRunner$CallableBuildOperationWorker.execute(DefaultBuildOperationRunner.java:209)
	at org.gradle.internal.operations.DefaultBuildOperationRunner$CallableBuildOperationWorker.execute(DefaultBuildOperationRunner.java:204)
	at org.gradle.internal.operations.DefaultBuildOperationRunner$2.execute(DefaultBuildOperationRunner.java:66)
	at org.gradle.internal.operations.DefaultBuildOperationRunner$2.execute(DefaultBuildOperationRunner.java:59)
	at org.gradle.internal.operations.DefaultBuildOperationRunner.execute(DefaultBuildOperationRunner.java:166)
	at org.gradle.internal.operations.DefaultBuildOperationRunner.execute(DefaultBuildOperationRunner.java:59)
	at org.gradle.internal.operations.DefaultBuildOperationRunner.call(DefaultBuildOperationRunner.java:53)
	at org.gradle.internal.execution.steps.ExecuteStep.execute(ExecuteStep.java:56)
	at org.gradle.internal.execution.steps.ExecuteStep.execute(ExecuteStep.java:44)
	at org.gradle.internal.execution.steps.CancelExecutionStep.execute(CancelExecutionStep.java:42)
	at org.gradle.internal.execution.steps.TimeoutStep.executeWithoutTimeout(TimeoutStep.java:75)
	at org.gradle.internal.execution.steps.TimeoutStep.execute(TimeoutStep.java:55)
	at org.gradle.internal.execution.steps.PreCreateOutputParentsStep.execute(PreCreateOutputParentsStep.java:50)
	at org.gradle.internal.execution.steps.PreCreateOutputParentsStep.execute(PreCreateOutputParentsStep.java:28)
	at org.gradle.internal.execution.steps.RemovePreviousOutputsStep.execute(RemovePreviousOutputsStep.java:68)
	at org.gradle.internal.execution.steps.RemovePreviousOutputsStep.execute(RemovePreviousOutputsStep.java:38)
	at org.gradle.internal.execution.steps.BroadcastChangingOutputsStep.execute(BroadcastChangingOutputsStep.java:61)
	at org.gradle.internal.execution.steps.BroadcastChangingOutputsStep.execute(BroadcastChangingOutputsStep.java:26)
	at org.gradle.internal.execution.steps.CaptureOutputsAfterExecutionStep.execute(CaptureOutputsAfterExecutionStep.java:69)
	at org.gradle.internal.execution.steps.CaptureOutputsAfterExecutionStep.execute(CaptureOutputsAfterExecutionStep.java:46)
	at org.gradle.internal.execution.steps.ResolveInputChangesStep.execute(ResolveInputChangesStep.java:39)
	at org.gradle.internal.execution.steps.ResolveInputChangesStep.execute(ResolveInputChangesStep.java:28)
	at org.gradle.internal.execution.steps.BuildCacheStep.executeWithoutCache(BuildCacheStep.java:189)
	at org.gradle.internal.execution.steps.BuildCacheStep.lambda$execute$1(BuildCacheStep.java:75)
	at org.gradle.internal.Either$Right.fold(Either.java:176)
	at org.gradle.internal.execution.caching.CachingState.fold(CachingState.java:62)
	at org.gradle.internal.execution.steps.BuildCacheStep.execute(BuildCacheStep.java:73)
	at org.gradle.internal.execution.steps.BuildCacheStep.execute(BuildCacheStep.java:48)
	at org.gradle.internal.execution.steps.StoreExecutionStateStep.execute(StoreExecutionStateStep.java:46)
	at org.gradle.internal.execution.steps.StoreExecutionStateStep.execute(StoreExecutionStateStep.java:35)
	at org.gradle.internal.execution.steps.SkipUpToDateStep.executeBecause(SkipUpToDateStep.java:75)
	at org.gradle.internal.execution.steps.SkipUpToDateStep.lambda$execute$2(SkipUpToDateStep.java:53)
	at org.gradle.internal.execution.steps.SkipUpToDateStep.execute(SkipUpToDateStep.java:53)
	at org.gradle.internal.execution.steps.SkipUpToDateStep.execute(SkipUpToDateStep.java:35)
	at org.gradle.internal.execution.steps.legacy.MarkSnapshottingInputsFinishedStep.execute(MarkSnapshottingInputsFinishedStep.java:37)
	at org.gradle.internal.execution.steps.legacy.MarkSnapshottingInputsFinishedStep.execute(MarkSnapshottingInputsFinishedStep.java:27)
	at org.gradle.internal.execution.steps.ResolveIncrementalCachingStateStep.executeDelegate(ResolveIncrementalCachingStateStep.java:49)
	at org.gradle.internal.execution.steps.ResolveIncrementalCachingStateStep.executeDelegate(ResolveIncrementalCachingStateStep.java:27)
	at org.gradle.internal.execution.steps.AbstractResolveCachingStateStep.execute(AbstractResolveCachingStateStep.java:71)
	at org.gradle.internal.execution.steps.AbstractResolveCachingStateStep.execute(AbstractResolveCachingStateStep.java:39)
	at org.gradle.internal.execution.steps.ResolveChangesStep.execute(ResolveChangesStep.java:64)
	at org.gradle.internal.execution.steps.ResolveChangesStep.execute(ResolveChangesStep.java:35)
	at org.gradle.internal.execution.steps.ValidateStep.execute(ValidateStep.java:62)
	at org.gradle.internal.execution.steps.ValidateStep.execute(ValidateStep.java:40)
	at org.gradle.internal.execution.steps.AbstractCaptureStateBeforeExecutionStep.execute(AbstractCaptureStateBeforeExecutionStep.java:76)
	at org.gradle.internal.execution.steps.AbstractCaptureStateBeforeExecutionStep.execute(AbstractCaptureStateBeforeExecutionStep.java:45)
	at org.gradle.internal.execution.steps.AbstractSkipEmptyWorkStep.executeWithNonEmptySources(AbstractSkipEmptyWorkStep.java:136)
	at org.gradle.internal.execution.steps.AbstractSkipEmptyWorkStep.execute(AbstractSkipEmptyWorkStep.java:66)
	at org.gradle.internal.execution.steps.AbstractSkipEmptyWorkStep.execute(AbstractSkipEmptyWorkStep.java:38)
	at org.gradle.internal.execution.steps.legacy.MarkSnapshottingInputsStartedStep.execute(MarkSnapshottingInputsStartedStep.java:38)
	at org.gradle.internal.execution.steps.LoadPreviousExecutionStateStep.execute(LoadPreviousExecutionStateStep.java:36)
	at org.gradle.internal.execution.steps.LoadPreviousExecutionStateStep.execute(LoadPreviousExecutionStateStep.java:23)
	at org.gradle.internal.execution.steps.HandleStaleOutputsStep.execute(HandleStaleOutputsStep.java:75)
	at org.gradle.internal.execution.steps.HandleStaleOutputsStep.execute(HandleStaleOutputsStep.java:41)
	at org.gradle.internal.execution.steps.AssignMutableWorkspaceStep.lambda$execute$0(AssignMutableWorkspaceStep.java:35)
	at org.gradle.api.internal.tasks.execution.TaskExecution$4.withWorkspace(TaskExecution.java:297)
	at org.gradle.internal.execution.steps.AssignMutableWorkspaceStep.execute(AssignMutableWorkspaceStep.java:31)
	at org.gradle.internal.execution.steps.AssignMutableWorkspaceStep.execute(AssignMutableWorkspaceStep.java:22)
	at org.gradle.internal.execution.steps.ChoosePipelineStep.execute(ChoosePipelineStep.java:40)
	at org.gradle.internal.execution.steps.ChoosePipelineStep.execute(ChoosePipelineStep.java:23)
	at org.gradle.internal.execution.steps.ExecuteWorkBuildOperationFiringStep.lambda$execute$2(ExecuteWorkBuildOperationFiringStep.java:67)
	at org.gradle.internal.execution.steps.ExecuteWorkBuildOperationFiringStep.execute(ExecuteWorkBuildOperationFiringStep.java:67)
	at org.gradle.internal.execution.steps.ExecuteWorkBuildOperationFiringStep.execute(ExecuteWorkBuildOperationFiringStep.java:39)
	at org.gradle.internal.execution.steps.IdentityCacheStep.execute(IdentityCacheStep.java:46)
	at org.gradle.internal.execution.steps.IdentityCacheStep.execute(IdentityCacheStep.java:34)
	at org.gradle.internal.execution.steps.IdentifyStep.execute(IdentifyStep.java:44)
	at org.gradle.internal.execution.steps.IdentifyStep.execute(IdentifyStep.java:31)
	at org.gradle.internal.execution.impl.DefaultExecutionEngine$1.execute(DefaultExecutionEngine.java:64)
	at org.gradle.api.internal.tasks.execution.ExecuteActionsTaskExecuter.executeIfValid(ExecuteActionsTaskExecuter.java:132)
	... 30 more


BUILD FAILED in 49s
1 actionable task: 1 executed
$ /opt/hostedtoolcache/Python/3.12.12/x64/bin/python 1.21.2-1.21.8/build_adapter.py --loader fabric --metadata-json /tmp/modcompiler-servercore-fabric-1-21-4-lhc94eh0/metadata.json --source-dir .workflow_state/prepared/mods/servercore-fabric-1-21-4/src --template-workspace /tmp/modcompiler-servercore-fabric-1-21-4-lhc94eh0/workspace --minecraft-version 1.21.4 --manifest /home/runner/work/ModCompiler/ModCompiler/version-manifest.json


$ ./gradlew build --stacktrace --no-daemon

