Downloading https://services.gradle.org/distributions/gradle-9.2.1-bin.zip
............10%.............20%.............30%.............40%.............50%.............60%.............70%.............80%.............90%.............100%

Welcome to Gradle 9.2.1!

Here are the highlights of this release:
 - Windows ARM support
 - Improved publishing APIs
 - Better guidance for dependency verification failures

For more details see https://docs.gradle.org/9.2.1/release-notes.html

To honour the JVM settings for this build a single-use Daemon process will be forked. For more on this, please refer to https://docs.gradle.org/9.2.1/userguide/gradle_daemon.html#sec:disabling_the_daemon in the Gradle documentation.
Daemon will be stopped at the end of the build 

> Configure project :
Fabric Loom: 1.14.10
~~~~~~~~~~~~~~~~~~~~~~~~~~~~~~~~~~~~~~~~~~~~~~~~~~~~~~~~~~~~~~
Using of the official minecraft mappings is at your own risk!
Please make sure to read and understand the following license:
~~~~~~~~~~~~~~~~~~~~~~~~~~~~~~~~~~~~~~~~~~~~~~~~~~~~~~~~~~~~~~
# (c) 2020 Microsoft Corporation. These mappings are provided "as-is" and you bear the risk of using them. You may copy and use the mappings for development purposes, but you may not redistribute the mappings complete and unmodified. Microsoft makes no warranties, express or implied, with respect to the mappings provided here.  Use and modification of this document or the source code (in any form) of Minecraft: Java Edition is governed by the Minecraft End User License Agreement available at https://account.mojang.com/documents/minecraft_eula.
~~~~~~~~~~~~~~~~~~~~~~~~~~~~~~~~~~~~~~~~~~~~~~~~~~~~~~~~~~~~~~
Cannot remap method_27640 because it does not exists in any of the targets [net/minecraft/class_5235$class_5241$1] or their parents.
Cannot remap field_64600 because it does not exists in any of the targets [net/minecraft/class_3065$1] or their parents.
Cannot remap field_64570 because it does not exists in any of the targets [net/minecraft/class_775] or their parents.
Cannot remap field_64571 because it does not exists in any of the targets [net/minecraft/class_775] or their parents.
Cannot remap field_64568 because it does not exists in any of the targets [net/minecraft/class_775] or their parents.
Cannot remap field_64569 because it does not exists in any of the targets [net/minecraft/class_775] or their parents.
Cannot remap field_64205 because it does not exists in any of the targets [net/minecraft/class_521$class_4271] or their parents.
Cannot remap field_64206 because it does not exists in any of the targets [net/minecraft/class_521$class_4271] or their parents.

Cannot remap method_20762 because it does not exists in any of the targets [net/minecraft/class_3065$1]
Cannot remap method_7246 because it does not exists in any of the targets [net/minecraft/class_3853$class_4162]
Cannot remap <init> because it does not exists in any of the targets [net/minecraft/class_5350]
Cannot remap method_58296 because it does not exists in any of the targets [net/minecraft/class_5350]
Cannot remap method_27640 because it does not exists in any of the targets [net/minecraft/class_5235$class_5241$1]
Cannot remap <init> because it does not exists in any of the targets [net/minecraft/class_775]
Cannot remap method_62214 because it does not exists in any of the targets [net/minecraft/class_761]
Cannot remap method_62214 because it does not exists in any of the targets [net/minecraft/class_761]
Cannot remap method_62214 because it does not exists in any of the targets [net/minecraft/class_761]
Cannot remap method_62214 because it does not exists in any of the targets [net/minecraft/class_761]
Cannot remap method_62214 because it does not exists in any of the targets [net/minecraft/class_761]
Cannot remap method_62214 because it does not exists in any of the targets [net/minecraft/class_761]
Cannot remap method_62214 because it does not exists in any of the targets [net/minecraft/class_761]
Cannot remap <init> because it does not exists in any of the targets [net/minecraft/class_5350]
Cannot remap method_13397 because it does not exists in any of the targets [net/minecraft/class_3065] or their parents.
Cannot remap method_25423 because it does not exists in any of the targets [net/minecraft/class_437]
Cannot remap method_25423 because it does not exists in any of the targets [net/minecraft/class_437]
Cannot remap method_25410 because it does not exists in any of the targets [net/minecraft/class_437]
Cannot remap method_25410 because it does not exists in any of the targets [net/minecraft/class_437]
Cannot remap method_2468 because it does not exists in any of the targets [net/minecraft/class_481]
Cannot remap method_76795 because it does not exists in any of the targets [net/minecraft/class_310]
Cannot remap method_74058 because it does not exists in any of the targets [net/minecraft/server/MinecraftServer]
Cannot remap method_29466 because it does not exists in any of the targets [net/minecraft/class_5350]
Cannot remap method_76795 because it does not exists in any of the targets [net/minecraft/class_310]
Cannot remap method_18096 because it does not exists in any of the targets [net/minecraft/class_310]
Cannot remap method_18096 because it does not exists in any of the targets [net/minecraft/class_310]
Cannot remap method_76796 because it does not exists in any of the targets [net/minecraft/class_310]

> Task :compileJava NO-SOURCE
> Task :processResources
> Task :classes
> Task :compileClientJava
Note: /tmp/modcompiler-fpsdisplay-fabric-1-21-10-k05gv0ly/workspace/src/client/java/com/itamio/fpsdisplay/fabric/FpsDisplayFabricMod.java uses or overrides a deprecated API.
Note: Recompile with -Xlint:deprecation for details.

> Task :processClientResources NO-SOURCE
> Task :jar
> Task :processIncludeJars
> Task :sourcesJar
> Task :clientClasses
> Task :compileTestJava NO-SOURCE
> Task :processTestResources NO-SOURCE
> Task :testClasses UP-TO-DATE
> Task :test NO-SOURCE
> Task :validateAccessWidener NO-SOURCE
> Task :check UP-TO-DATE
> Task :remapJar
> Task :remapSourcesJar
> Task :assemble
> Task :build

[Incubating] Problems report is available at: file:///tmp/modcompiler-fpsdisplay-fabric-1-21-10-k05gv0ly/workspace/build/reports/problems/problems-report.html

BUILD SUCCESSFUL in 2m 1s
7 actionable tasks: 7 executed
$ /opt/hostedtoolcache/Python/3.12.13/x64/bin/python 1.21.9-1.21.11/build_adapter.py --loader fabric --metadata-json /tmp/modcompiler-fpsdisplay-fabric-1-21-10-k05gv0ly/metadata.json --source-dir .workflow_state/prepared/mods/fpsdisplay-fabric-1-21-10/src --template-workspace /tmp/modcompiler-fpsdisplay-fabric-1-21-10-k05gv0ly/workspace --minecraft-version 1.21.10 --manifest /home/runner/work/ModCompiler/ModCompiler/version-manifest.json


$ ./gradlew build --stacktrace --no-daemon

