[03:20:09] [main/WARNING] [Main]: Not running from the headlessmc-launcher-wrapper. No plugin support and in-memory launching.
Launching version neoforge-21.10.64, 748c9a84-f6c4-41fb-9802-f86eb9569191
[03:20:09] [main/INFO] [XvfbService]: Running with xvfb
[03:20:09] [main/INFO] [LaunchOptions]: You are offline but running with xvfb, not using headless mode.
[03:20:09] [main/INFO] [LibraryDownloader]: com/mojang/authlib/7.0.61/authlib-7.0.61.jar is missing, downloading from https://libraries.minecraft.net/com/mojang/authlib/7.0.61/authlib-7.0.61.jar
[03:20:10] [main/INFO] [LibraryDownloader]: com/mojang/jtracy/1.0.36/jtracy-1.0.36.jar is missing, downloading from https://libraries.minecraft.net/com/mojang/jtracy/1.0.36/jtracy-1.0.36.jar
[03:20:10] [main/INFO] [LibraryDownloader]: com/mojang/jtracy/1.0.36/jtracy-1.0.36-natives-linux.jar is missing, downloading from https://libraries.minecraft.net/com/mojang/jtracy/1.0.36/jtracy-1.0.36-natives-linux.jar
[03:20:10] [main/INFO] [LibraryDownloader]: io/netty/netty-codec-http/4.1.118.Final/netty-codec-http-4.1.118.Final.jar is missing, downloading from https://libraries.minecraft.net/io/netty/netty-codec-http/4.1.118.Final/netty-codec-http-4.1.118.Final.jar
[03:20:10] [main/INFO] [ProcessFactory]: Downloading neoforge-21.10.64 from https://piston-data.mojang.com/v1/objects/d3bdf582a7fa723ce199f3665588dcfe6bf9aca8/client.jar
[03:20:11] [main/INFO] [Log4jPatcher]: Patching lookup in org/apache/logging/log4j/core/lookup/Interpolator
[03:20:11] [main/INFO] [Log4jPatcher]: Patching lookup in org/apache/logging/log4j/core/lookup/JndiLookup
[03:20:11] [main/INFO] [AssetsDownloader]: Downloading assets from https://piston-meta.mojang.com/v1/packages/c2ebfe537bc726d7009149310467d6f0f0d1bbaf/27.json
[03:20:13] [ForkJoinPool.commonPool-worker-3/INFO] [AssetsDownloader]: 89% (3933/4402) Downloading: minecraft/resourcepacks/high_contrast.zip from https://resources.download.minecraft.net/cf/cf6b72d64f84906aaa0880daa65880b2b9ee1137 to /home/runner/.minecraft/assets/objects/cf/cf6b72d64f84906aaa0880daa65880b2b9ee1137
[03:20:13] [ForkJoinPool.commonPool-worker-3/INFO] [AssetsDownloader]: 90% (3982/4402) Downloading: minecraft/resourcepacks/programmer_art.zip from https://resources.download.minecraft.net/15/15ca15a53907780e1e6077c6aded79dafbd25915 to /home/runner/.minecraft/assets/objects/15/15ca15a53907780e1e6077c6aded79dafbd25915
[03:20:14] [main/INFO] [ParallelIOService]: Download took 2614.628698ms, parallel: true
[03:20:14] [main/INFO] [ProcessFactory]: Game will run in /home/runner/work/ModCompiler/ModCompiler/run
2026-06-21T03:20:15.117890674Z main WARN Advanced terminal features are not available in this environment
[03:20:15] [main/INFO] [ne.ne.fm.st.Entrypoint/]: JVM Uptime at startup: 173ms
[03:20:15] [main/INFO] [ne.ne.fm.lo.FMLLoader/]: Starting FancyModLoader version 10.0.32 (CLIENT in PROD)
[03:20:15] [main/INFO] [ne.ne.fm.lo.FMLLoader/]: Game directory: /home/runner/work/ModCompiler/ModCompiler/run
[03:20:15] [main/INFO] [ne.ne.fm.lo.EarlyServiceDiscovery/]: Found 2 early service jars (out of 101) in 37ms
[03:20:15] [main/INFO] [ne.ne.fm.lo.FMLLoader/]: Loading FML Early Services:
[03:20:15] [main/INFO] [ne.ne.fm.lo.FMLLoader/]:  - /home/runner/.minecraft/libraries/net/neoforged/fancymodloader/earlydisplay/10.0.32/earlydisplay-10.0.32.jar
[03:20:15] [main/INFO] [ne.ne.fm.lo.FMLLoader/]:  - /home/runner/.minecraft/libraries/net/neoforged/fancymodloader/loader/10.0.32/loader-10.0.32.jar
[03:20:15] [main/INFO] [ne.ne.fm.lo.ImmediateWindowHandler/]: Loading ImmediateWindowProvider fmlearlywindow
[03:20:19] [ForkJoinPool.commonPool-worker-1/INFO] [ne.ne.fm.lo.mo.lo.GameLocator/]: Marking obfuscated client jar as claimed to prevent loading: /home/runner/.minecraft/versions/neoforge-21.10.64/neoforge-21.10.64.jar
[03:20:19] [ForkJoinPool.commonPool-worker-1/INFO] [ne.ne.fm.lo.mo.lo.GameLocator/]: Failed to find common Minecraft classes and resources on the classpath. Assuming we're launching production.
[03:20:19] [fml-loadingscreen/INFO] [ne.ne.fm.ea.re.LoadingScreenRenderer/]: GL info: llvmpipe (LLVM 20.1.2, 256 bits) GL version 4.5 (Core Profile) Mesa 25.2.8-0ubuntu0.24.04.2, Mesa
[03:20:19] [ForkJoinPool.commonPool-worker-1/INFO] [ne.ne.fm.lo.mo.lo.JarInJarDependencyLocator/]: Found 2 dependencies adding them to mods collection
[03:20:19] [ForkJoinPool.commonPool-worker-1/INFO] [ne.ne.fm.lo.mo.ModDiscoverer/]: 
     Mod List:
		Name Version (Mod Id)

		FIX MY PINGGGGG 1.0.0 (pingfix)
		MC-Runtime-Test 1.21.10-4.4.0 (mc_runtime_test)
		Minecraft 1.21.10 (minecraft)
		NeoForge 21.10.64 (neoforge)
[03:20:19] [main/INFO] [mixin/]: SpongePowered MIXIN Subsystem Version=0.8.7 Source=file:/home/runner/.minecraft/libraries/net/fabricmc/sponge-mixin/0.16.5+mixin.0.8.7/sponge-mixin-0.16.5+mixin.0.8.7.jar Service=FML Env=CLIENT
[03:20:19] [main/INFO] [ne.ne.fm.lo.FMLLoader/]: Loading FML Plugins:
[03:20:19] [main/INFO] [ne.ne.fm.lo.FMLLoader/]:  - ~libraries/net/neoforged/neoforge/21.10.64/neoforge-21.10.64-universal.jar > net.neoforged.neoforge-coremods-21.10.64.jar
[03:20:20] [main/INFO] [ne.ne.fm.lo.FMLLoader/]: Building game content classloader:
 - mc_runtime_test (jar(mods/mc-runtime-test-1.21.10-4.4.0-neoforge-release.jar))
 - minecraft (jar(~libraries/net/neoforged/minecraft-client-patched/21.10.64/minecraft-client-patched-21.10.64.jar))
 - mixinextras.neoforge (jar(~libraries/net/neoforged/neoforge/21.10.64/neoforge-21.10.64-universal.jar > mixinextras-neoforge-0.5.0.jar))
 - neoforge (jar(~libraries/net/neoforged/neoforge/21.10.64/neoforge-21.10.64-universal.jar))
 - net.neoforged.fml.generated (empty(VirtualJar/net.neoforged.fml.generated))
 - pingfix (jar(mods/pingfix-1.0.0.jar))
[03:20:20] [main/INFO] [ne.ne.fm.lo.FMLLoader/]: Built game content classloader in 44ms
[03:20:21] [Datafixer Bootstrap/INFO] [mojang/DataFixerBuilder]: 281 Datafixer optimizations took 522 milliseconds
[03:20:22] [pool-6-thread-1/INFO] [MixinExtras|Service/]: Initializing MixinExtras via com.llamalad7.mixinextras.service.MixinExtrasServiceImpl(version=0.5.0).
[03:20:27] [modloading-worker-0/INFO] [ne.ne.ne.co.NeoForgeMod/NEOFORGE-MOD]: NeoForge mod loading, version 21.10.64, for MC 1.21.10
[03:20:28] [Render thread/INFO] [mojang/YggdrasilAuthenticationService]: Environment: Environment[sessionHost=https://sessionserver.mojang.com, servicesHost=https://api.minecraftservices.com, profilesHost=https://api.mojang.com, name=PROD]
[03:20:28] [Render thread/INFO] [minecraft/Minecraft]: Setting user: Offline
[03:20:28] [Render thread/INFO] [minecraft/Minecraft]: Backend library: LWJGL version 3.3.3+5
[03:20:28] [Download-2/ERROR] [minecraft/Minecraft]: Failed to fetch user properties
com.mojang.authlib.exceptions.InvalidCredentialsException: Status: 401
	at com.mojang.authlib.exceptions.MinecraftClientHttpException.toAuthenticationException(MinecraftClientHttpException.java:59) ~[authlib-7.0.61.jar:?] {}
	at com.mojang.authlib.yggdrasil.YggdrasilUserApiService.fetchProperties(YggdrasilUserApiService.java:150) ~[authlib-7.0.61.jar:?] {}
	at TRANSFORMER/minecraft@1.21.10/net.minecraft.client.Minecraft.lambda$new$1(Minecraft.java:437) ~[minecraft-client-patched-21.10.64.jar:?] {neoforge:mixin[APP:mc_runtime_test.mixins.json:MixinMinecraft from mod mc_runtime_test]}
	at java.base/java.util.concurrent.CompletableFuture$AsyncSupply.run(CompletableFuture.java:1768) ~[?:?] {}
	at java.base/java.util.concurrent.ThreadPoolExecutor.runWorker(ThreadPoolExecutor.java:1144) ~[?:?] {}
	at java.base/java.util.concurrent.ThreadPoolExecutor$Worker.run(ThreadPoolExecutor.java:642) ~[?:?] {}
	at java.base/java.lang.Thread.run(Thread.java:1583) [?:?] {}
Caused by: com.mojang.authlib.exceptions.MinecraftClientHttpException: Status: 401
	at com.mojang.authlib.minecraft.client.MinecraftClient.readInputStream(MinecraftClient.java:103) ~[authlib-7.0.61.jar:?] {}
	at com.mojang.authlib.minecraft.client.MinecraftClient.get(MinecraftClient.java:56) ~[authlib-7.0.61.jar:?] {}
	at com.mojang.authlib.yggdrasil.YggdrasilUserApiService.fetchProperties(YggdrasilUserApiService.java:121) ~[authlib-7.0.61.jar:?] {}
	... 5 more
[03:20:28] [Render thread/INFO] [minecraft/Minecraft]: Using optional rendering extensions: GL_ARB_buffer_storage, GL_KHR_debug, GL_ARB_vertex_attrib_binding, GL_ARB_direct_state_access
[03:20:29] [Download-2/INFO] [mojang/RealmsClient]: Could not authorize you against Realms server: javax.ws.rs.BadRequestException: Invalid session
[03:20:29] [Download-2/ERROR] [mojang/RealmsClient]: Failed to fetch Realms feature flags
com.mojang.realmsclient.exception.RealmsServiceException: Realms authentication error with message 'javax.ws.rs.BadRequestException: Invalid session'
	at TRANSFORMER/minecraft@1.21.10/com.mojang.realmsclient.client.RealmsClient.execute(RealmsClient.java:522) ~[minecraft-client-patched-21.10.64.jar:?] {}
	at TRANSFORMER/minecraft@1.21.10/com.mojang.realmsclient.client.RealmsClient.fetchFeatureFlags(RealmsClient.java:163) ~[minecraft-client-patched-21.10.64.jar:?] {}
	at java.base/java.util.concurrent.CompletableFuture$AsyncSupply.run(CompletableFuture.java:1768) ~[?:?] {}
	at java.base/java.util.concurrent.ThreadPoolExecutor.runWorker(ThreadPoolExecutor.java:1144) ~[?:?] {}
	at java.base/java.util.concurrent.ThreadPoolExecutor$Worker.run(ThreadPoolExecutor.java:642) ~[?:?] {}
	at java.base/java.lang.Thread.run(Thread.java:1583) [?:?] {}
[03:20:29] [Render thread/ERROR] [mojang/Narrator]: Error while loading the narrator
com.mojang.text2speech.Narrator$InitializeException: Failed to load library flite
	at com.mojang.text2speech.NarratorLinux$FliteLibrary.loadNative(NarratorLinux.java:81) ~[text2speech-1.18.11.jar:?] {}
	at com.mojang.text2speech.NarratorLinux.<init>(NarratorLinux.java:18) ~[text2speech-1.18.11.jar:?] {}
	at com.mojang.text2speech.Narrator.getNarrator(Narrator.java:41) [text2speech-1.18.11.jar:?] {}
	at TRANSFORMER/minecraft@1.21.10/net.minecraft.client.GameNarrator.<init>(GameNarrator.