[03:20:09] [main/WARNING] [Main]: Not running from the headlessmc-launcher-wrapper. No plugin support and in-memory launching.
Launching version fabric-loader-0.19.3-1.21.3, f2e00bc9-68d8-4377-93ce-2314679262fc
[03:20:09] [main/INFO] [XvfbService]: Running with xvfb
[03:20:09] [main/INFO] [LaunchOptions]: You are offline but running with xvfb, not using headless mode.
[03:20:09] [main/INFO] [LibraryDownloader]: com/fasterxml/jackson/core/jackson-annotations/2.13.4/jackson-annotations-2.13.4.jar is missing, downloading from https://libraries.minecraft.net/com/fasterxml/jackson/core/jackson-annotations/2.13.4/jackson-annotations-2.13.4.jar
[03:20:09] [main/INFO] [LibraryDownloader]: com/fasterxml/jackson/core/jackson-core/2.13.4/jackson-core-2.13.4.jar is missing, downloading from https://libraries.minecraft.net/com/fasterxml/jackson/core/jackson-core/2.13.4/jackson-core-2.13.4.jar
[03:20:09] [main/INFO] [LibraryDownloader]: com/fasterxml/jackson/core/jackson-databind/2.13.4.2/jackson-databind-2.13.4.2.jar is missing, downloading from https://libraries.minecraft.net/com/fasterxml/jackson/core/jackson-databind/2.13.4.2/jackson-databind-2.13.4.2.jar
[03:20:09] [main/INFO] [LibraryDownloader]: com/github/oshi/oshi-core/6.4.10/oshi-core-6.4.10.jar is missing, downloading from https://libraries.minecraft.net/com/github/oshi/oshi-core/6.4.10/oshi-core-6.4.10.jar
[03:20:09] [main/INFO] [LibraryDownloader]: com/github/stephenc/jcip/jcip-annotations/1.0-1/jcip-annotations-1.0-1.jar is missing, downloading from https://libraries.minecraft.net/com/github/stephenc/jcip/jcip-annotations/1.0-1/jcip-annotations-1.0-1.jar
[03:20:09] [main/INFO] [LibraryDownloader]: com/google/guava/guava/32.1.2-jre/guava-32.1.2-jre.jar is missing, downloading from https://libraries.minecraft.net/com/google/guava/guava/32.1.2-jre/guava-32.1.2-jre.jar
[03:20:10] [main/INFO] [LibraryDownloader]: com/ibm/icu/icu4j/73.2/icu4j-73.2.jar is missing, downloading from https://libraries.minecraft.net/com/ibm/icu/icu4j/73.2/icu4j-73.2.jar
[03:20:10] [main/INFO] [LibraryDownloader]: com/microsoft/azure/msal4j/1.15.0/msal4j-1.15.0.jar is missing, downloading from https://libraries.minecraft.net/com/microsoft/azure/msal4j/1.15.0/msal4j-1.15.0.jar
[03:20:10] [main/INFO] [LibraryDownloader]: com/mojang/authlib/6.0.55/authlib-6.0.55.jar is missing, downloading from https://libraries.minecraft.net/com/mojang/authlib/6.0.55/authlib-6.0.55.jar
[03:20:10] [main/INFO] [LibraryDownloader]: com/mojang/brigadier/1.3.10/brigadier-1.3.10.jar is missing, downloading from https://libraries.minecraft.net/com/mojang/brigadier/1.3.10/brigadier-1.3.10.jar
[03:20:10] [main/INFO] [LibraryDownloader]: com/mojang/datafixerupper/8.0.16/datafixerupper-8.0.16.jar is missing, downloading from https://libraries.minecraft.net/com/mojang/datafixerupper/8.0.16/datafixerupper-8.0.16.jar
[03:20:10] [main/INFO] [LibraryDownloader]: com/mojang/jtracy/1.0.29/jtracy-1.0.29.jar is missing, downloading from https://libraries.minecraft.net/com/mojang/jtracy/1.0.29/jtracy-1.0.29.jar
[03:20:10] [main/INFO] [LibraryDownloader]: com/mojang/jtracy/1.0.29/jtracy-1.0.29-natives-linux.jar is missing, downloading from https://libraries.minecraft.net/com/mojang/jtracy/1.0.29/jtracy-1.0.29-natives-linux.jar
[03:20:10] [main/INFO] [LibraryDownloader]: com/mojang/logging/1.4.9/logging-1.4.9.jar is missing, downloading from https://libraries.minecraft.net/com/mojang/logging/1.4.9/logging-1.4.9.jar
[03:20:10] [main/INFO] [LibraryDownloader]: com/nimbusds/content-type/2.3/content-type-2.3.jar is missing, downloading from https://libraries.minecraft.net/com/nimbusds/content-type/2.3/content-type-2.3.jar
[03:20:10] [main/INFO] [LibraryDownloader]: com/nimbusds/lang-tag/1.7/lang-tag-1.7.jar is missing, downloading from https://libraries.minecraft.net/com/nimbusds/lang-tag/1.7/lang-tag-1.7.jar
[03:20:10] [main/INFO] [LibraryDownloader]: com/nimbusds/nimbus-jose-jwt/9.37.3/nimbus-jose-jwt-9.37.3.jar is missing, downloading from https://libraries.minecraft.net/com/nimbusds/nimbus-jose-jwt/9.37.3/nimbus-jose-jwt-9.37.3.jar
[03:20:10] [main/INFO] [LibraryDownloader]: com/nimbusds/oauth2-oidc-sdk/11.9.1/oauth2-oidc-sdk-11.9.1.jar is missing, downloading from https://libraries.minecraft.net/com/nimbusds/oauth2-oidc-sdk/11.9.1/oauth2-oidc-sdk-11.9.1.jar
[03:20:10] [main/INFO] [LibraryDownloader]: commons-codec/commons-codec/1.16.0/commons-codec-1.16.0.jar is missing, downloading from https://libraries.minecraft.net/commons-codec/commons-codec/1.16.0/commons-codec-1.16.0.jar
[03:20:10] [main/INFO] [LibraryDownloader]: commons-io/commons-io/2.15.1/commons-io-2.15.1.jar is missing, downloading from https://libraries.minecraft.net/commons-io/commons-io/2.15.1/commons-io-2.15.1.jar
[03:20:10] [main/INFO] [LibraryDownloader]: io/netty/netty-buffer/4.1.97.Final/netty-buffer-4.1.97.Final.jar is missing, downloading from https://libraries.minecraft.net/io/netty/netty-buffer/4.1.97.Final/netty-buffer-4.1.97.Final.jar
[03:20:10] [main/INFO] [LibraryDownloader]: io/netty/netty-codec/4.1.97.Final/netty-codec-4.1.97.Final.jar is missing, downloading from https://libraries.minecraft.net/io/netty/netty-codec/4.1.97.Final/netty-codec-4.1.97.Final.jar
[03:20:10] [main/INFO] [LibraryDownloader]: io/netty/netty-common/4.1.97.Final/netty-common-4.1.97.Final.jar is missing, downloading from https://libraries.minecraft.net/io/netty/netty-common/4.1.97.Final/netty-common-4.1.97.Final.jar
[03:20:10] [main/INFO] [LibraryDownloader]: io/netty/netty-handler/4.1.97.Final/netty-handler-4.1.97.Final.jar is missing, downloading from https://libraries.minecraft.net/io/netty/netty-handler/4.1.97.Final/netty-handler-4.1.97.Final.jar
[03:20:10] [main/INFO] [LibraryDownloader]: io/netty/netty-resolver/4.1.97.Final/netty-resolver-4.1.97.Final.jar is missing, downloading from https://libraries.minecraft.net/io/netty/netty-resolver/4.1.97.Final/netty-resolver-4.1.97.Final.jar
[03:20:10] [main/INFO] [LibraryDownloader]: io/netty/netty-transport-classes-epoll/4.1.97.Final/netty-transport-classes-epoll-4.1.97.Final.jar is missing, downloading from https://libraries.minecraft.net/io/netty/netty-transport-classes-epoll/4.1.97.Final/netty-transport-classes-epoll-4.1.97.Final.jar
[03:20:10] [main/INFO] [LibraryDownloader]: io/netty/netty-transport-native-epoll/4.1.97.Final/netty-transport-native-epoll-4.1.97.Final-linux-aarch_64.jar is missing, downloading from https://libraries.minecraft.net/io/netty/netty-transport-native-epoll/4.1.97.Final/netty-transport-native-epoll-4.1.97.Final-linux-aarch_64.jar
[03:20:10] [main/INFO] [LibraryDownloader]: io/netty/netty-transport-native-epoll/4.1.97.Final/netty-transport-native-epoll-4.1.97.Final-linux-x86_64.jar is missing, downloading from https://libraries.minecraft.net/io/netty/netty-transport-native-epoll/4.1.97.Final/netty-transport-native-epoll-4.1.97.Final-linux-x86_64.jar
[03:20:10] [main/INFO] [LibraryDownloader]: io/netty/netty-transport-native-unix-common/4.1.97.Final/netty-transport-native-unix-common-4.1.97.Final.jar is missing, downloading from https://libraries.minecraft.net/io/netty/netty-transport-native-unix-common/4.1.97.Final/netty-transport-native-unix-common-4.1.97.Final.jar
[03:20:10] [main/INFO] [LibraryDownloader]: io/netty/netty-transport/4.1.97.Final/netty-transport-4.1.97.Final.jar is missing, downloading from https://libraries.minecraft.net/io/netty/netty-transport/4.1.97.Final/netty-transport-4.1.97.Final.jar
[03:20:10] [main/INFO] [LibraryDownloader]: it/unimi/dsi/fastutil/8.5.12/fastutil-8.5.12.jar is missing, downloading from https://libraries.minecraft.net/it/unimi/dsi/fastutil/8.5.12/fastutil-8.5.12.jar
[03:20:11] [main/INFO] [LibraryDownloader]: net/java/dev/jna/jna-platform/5.14.0/jna-platform-5.14.0.jar is missing, downloading from https://libraries.minecraft.net/net/java/dev/jna/jna-platform/5.14.0/jna-platform-5.14.0.jar
[03:20:11] [main/INFO] [LibraryDownloader]: net/java/dev/jna/jna/5.14.0/jna-5.14.0.jar is missing, downloading from https://libraries.minecraft.net/net/java/dev/jna/jna/5.14.0/jna-5.14.0.jar
[03:20:11] [main/INFO] [LibraryDownloader]: net/minidev/accessors-smart/2.5.0/accessors-smart-2.5.0.jar is missing, downloading from https://libraries.minecraft.net/net/minidev/accessors-smart/2.5.0/accessors-smart-2.5.0.jar
[03:20:11] [main/INFO] [LibraryDownloader]: net/minidev/json-smart/2.5.0/json-smart-2.5.0.jar is missing, downloading from https://libraries.minecraft.net/net/minidev/json-smart/2.5.0/json-smart-2.5.0.jar
[03:20:11] [main/INFO] [LibraryDownloader]: org/apache/commons/commons-compress/1.26.0/commons-compress-1.26.0.jar is missing, downloading from https://libraries.minecraft.net/org/apache/commons/commons-compress/1.26.0/commons-compress-1.26.0.jar
[03:20:11] [main/INFO] [LibraryDownloader]: org/apache/commons/commons-lang3/3.14.0/commons-lang3-3.14.0.jar is missing, downloading from https://libraries.minecraft.net/org/apache/commons/commons-lang3/3.14.0/commons-lang3-3.14.0.jar
[03:20:11] [main/INFO] [LibraryDownloader]: org/apache/httpcomponents/httpcore/4.4.16/httpcore-4.4.16.jar is missing, downloading from https://libraries.minecraft.net/org/apache/httpcomponents/httpcore/4.4.16/httpcore-4.4.16.jar
[03:20:11] [main/INFO] [LibraryDownloader]: org/apache/logging/log4j/log4j-api/2.22.1/log4j-api-2.22.1.jar is missing, downloading from https://libraries.minecraft.net/org/apache/logging/log4j/log4j-api/2.22.1/log4j-api-2.22.1.jar
[03:20:11] [main/INFO] [LibraryDownloader]: org/apache/logging/log4j/log4j-core/2.22.1/log4j-core-2.22.1.jar is missing, downloading from https://libraries.minecraft.net/org/apache/logging/log4j/log4j-core/2.22.1/log4j-core-2.22.1.jar
[03:20:11] [main/INFO] [LibraryDownloader]: org/apache/logging/log4j/log4j-slf4j2-impl/2.22.1/log4j-slf4j2-impl-2.22.1.jar is missing, downloading from https://libraries.minecraft.net/org/apache/logging/log4j/log4j-slf4j2-impl/2.22.1/log4j-slf4j2-impl-2.22.1.jar
[03:20:11] [main/INFO] [LibraryDownloader]: org/