[03:19:09] [main/WARNING] [Main]: Not running from the headlessmc-launcher-wrapper. No plugin support and in-memory launching.
Launching version neoforge-20.6.139, c478956e-22ab-46cf-9dc3-35233ffdbfb9
[03:19:10] [main/INFO] [XvfbService]: Running with xvfb
[03:19:10] [main/INFO] [LaunchOptions]: You are offline but running with xvfb, not using headless mode.
[03:19:10] [main/INFO] [Log4jPatcher]: Patching lookup in org/apache/logging/log4j/core/lookup/Interpolator
[03:19:10] [main/INFO] [Log4jPatcher]: Patching lookup in org/apache/logging/log4j/core/lookup/JndiLookup
[03:19:13] [main/INFO] [ParallelIOService]: Download took 2336.270782ms, parallel: true
[03:19:13] [main/INFO] [ProcessFactory]: Game will run in /home/runner/work/ModCompiler/ModCompiler/run
WARN StatusConsoleListener The use of package scanning to locate plugins is deprecated and will be removed in a future release
WARN StatusConsoleListener The use of package scanning to locate plugins is deprecated and will be removed in a future release
WARN StatusConsoleListener The use of package scanning to locate plugins is deprecated and will be removed in a future release
WARN StatusConsoleListener The use of package scanning to locate plugins is deprecated and will be removed in a future release
[32m[03:19:15.606] [main/INFO] [Launcher/MODLAUNCHER]: ModLauncher running: args [--username, Offline, --version, neoforge-20.6.139, --gameDir, /home/runner/work/ModCompiler/ModCompiler/run, --assetsDir, /home/runner/.minecraft/assets, --assetIndex, 16, --uuid, 22689332a7fd41919600b0fe1135ee34, --accessToken, ❄❄❄❄❄❄❄❄, --clientId, , --xuid, , --userType, msa, --versionType, release, --fml.neoForgeVersion, 20.6.139, --fml.fmlVersion, 3.0.45, --fml.mcVersion, 1.20.6, --fml.neoFormVersion, 20240627.102356, --launchTarget, forgeclient] 
[m[32m[03:19:15.610] [main/INFO] [Launcher/MODLAUNCHER]: JVM identified as Eclipse Adoptium OpenJDK 64-Bit Server VM 21.0.11+10-LTS 
[m[32m[03:19:15.611] [main/INFO] [Launcher/MODLAUNCHER]: ModLauncher 11.0.2+main.4612c65f starting: java version 21.0.11 by Eclipse Adoptium; OS Linux arch amd64 version 6.17.0-1018-azure 
[m[33m[03:19:15.737] [main/WARN] [loading.FMLConfig/CORE]: Configuration file /home/runner/work/ModCompiler/ModCompiler/run/config/fml.toml is not correct. Correcting 
[m[32m[03:19:15.740] [main/INFO] [loading.FMLConfig/CORE]: Incorrect key [disableConfigWatcher] was corrected from null to false 
[m[32m[03:19:15.740] [main/INFO] [loading.FMLConfig/CORE]: Incorrect key [earlyWindowSkipGLVersions] was corrected from null to [] 
[m[32m[03:19:15.740] [main/INFO] [loading.FMLConfig/CORE]: Incorrect key [earlyWindowSquir] was corrected from null to false 
[m[32m[03:19:15.766] [main/INFO] [loading.ImmediateWindowHandler/]: Loading ImmediateWindowProvider fmlearlywindow 
[m[32m[03:19:16.010] [main/INFO] [EARLYDISPLAY/]: Trying GL version 4.6 
[m[32m[03:19:18.308] [main/INFO] [EARLYDISPLAY/]: Trying GL version 4.5 
[m[32m[03:19:19.426] [main/INFO] [EARLYDISPLAY/]: Requested GL version 4.5 got version 4.5 
[m[32m[03:19:19.534] [main/INFO] [mixin/]: SpongePowered MIXIN Subsystem Version=0.8.5 Source=union:/home/runner/.minecraft/libraries/net/fabricmc/sponge-mixin/0.13.4+mixin.0.8.5/sponge-mixin-0.13.4+mixin.0.8.5.jar%23168!/ Service=ModLauncher Env=CLIENT 
[m[32m[03:19:19.628] [pool-2-thread-1/INFO] [EARLYDISPLAY/]: GL info: llvmpipe (LLVM 20.1.2, 256 bits) GL version 4.5 (Core Profile) Mesa 25.2.8-0ubuntu0.24.04.2, Mesa 
[m[32m[03:19:20.043] [main/INFO] [loading.moddiscovery.ModDiscoverer/SCAN]: Found mod file "client-1.20.6-20240627.102356-srg.jar" [locator: production client provider +net.neoforged:neoforge:20.6.139:client] 
[m[32m[03:19:20.055] [main/INFO] [loading.moddiscovery.ModDiscoverer/SCAN]: Found mod file "neoforge-20.6.139-universal.jar" [locator: PathBasedLocator[name=neoforge, paths=[/home/runner/.minecraft/libraries/net/neoforged/neoforge/20.6.139/neoforge-20.6.139-universal.jar]], reader: mod manifest] 
[m[32m[03:19:20.063] [main/INFO] [loading.moddiscovery.ModDiscoverer/SCAN]: Found mod file "mc-runtime-test-1.20.6-4.4.0-neoforge-release.jar" [locator: {mods folder locator at /home/runner/work/ModCompiler/ModCompiler/run/mods}, reader: mod manifest] 
[m[32m[03:19:20.065] [main/INFO] [loading.moddiscovery.ModDiscoverer/SCAN]: Found mod file "pingfix-1.0.0.jar" [locator: {mods folder locator at /home/runner/work/ModCompiler/ModCompiler/run/mods}, reader: mod manifest] 
[m[32m[03:19:20.193] [main/INFO] [loading.moddiscovery.locators.JarInJarDependencyLocator/]: Found 1 dependencies adding them to mods collection 
[m[32m[03:19:20.193] [main/INFO] [loading.moddiscovery.ModDiscoverer/SCAN]: Found gamelibrary file "mixinextras-neoforge-0.4.1.jar" [parent: neoforge-20.6.139-universal.jar, locator: jarinjar, reader: mod manifest] 
[m[32m[03:19:20.388] [main/INFO] [loading.FMLServiceProvider/CORE]: Loading coremod script-engine for [neoforge] 
[m[32m[03:19:21.685] [main/INFO] [LaunchServiceHandler/MODLAUNCHER]: Launching target 'forgeclient' with arguments [--version, neoforge-20.6.139, --gameDir, /home/runner/work/ModCompiler/ModCompiler/run, --assetsDir, /home/runner/.minecraft/assets, --uuid, 22689332a7fd41919600b0fe1135ee34, --username, Offline, --assetIndex, 16, --accessToken, ❄❄❄❄❄❄❄❄, --clientId, , --xuid, , --userType, msa, --versionType, release] 
[m[32m[03:19:21.931] [main/INFO] [MixinExtras|Service/]: Initializing MixinExtras via com.llamalad7.mixinextras.service.MixinExtrasServiceImpl(version=0.4.1). 
[mWARN StatusConsoleListener The use of package scanning to locate plugins is deprecated and will be removed in a future release
WARN StatusConsoleListener The use of package scanning to locate plugins is deprecated and will be removed in a future release
WARN StatusConsoleListener The use of package scanning to locate plugins is deprecated and will be removed in a future release
WARN StatusConsoleListener The use of package scanning to locate plugins is deprecated and will be removed in a future release
WARN StatusConsoleListener Advanced terminal features are not available in this environment
[03:19:27] [Datafixer Bootstrap/INFO] [mojang/DataFixerBuilder]: 225 Datafixer optimizations took 438 milliseconds
[03:19:28] [Render thread/WARN] [minecraft/VanillaPackResourcesBuilder]: Assets URL 'union:/home/runner/.minecraft/libraries/net/minecraft/client/1.20.6-20240627.102356/client-1.20.6-20240627.102356-srg.jar%23173!/assets/.mcassetsroot' uses unexpected schema
[03:19:28] [Render thread/WARN] [minecraft/VanillaPackResourcesBuilder]: Assets URL 'union:/home/runner/.minecraft/libraries/net/minecraft/client/1.20.6-20240627.102356/client-1.20.6-20240627.102356-srg.jar%23173!/data/.mcassetsroot' uses unexpected schema
[03:19:28] [Render thread/INFO] [mojang/YggdrasilAuthenticationService]: Environment: Environment[sessionHost=https://sessionserver.mojang.com, servicesHost=https://api.minecraftservices.com, name=PROD]
[03:19:28] [Render thread/INFO] [minecraft/Minecraft]: Setting user: Offline
[03:19:29] [Render thread/INFO] [minecraft/Minecraft]: Backend library: LWJGL version 3.3.3+5
[03:19:29] [modloading-worker-0/INFO] [ne.ne.ne.co.NeoForgeMod/NEOFORGE-MOD]: NeoForge mod loading, version 20.6.139, for MC 1.20.6
[03:19:29] [Download-2/ERROR] [minecraft/Minecraft]: Failed to fetch user properties
com.mojang.authlib.exceptions.InvalidCredentialsException: Status: 401
	at MC-BOOTSTRAP/authlib@6.0.54/com.mojang.authlib.exceptions.MinecraftClientHttpException.toAuthenticationException(MinecraftClientHttpException.java:59) ~[authlib-6.0.54.jar%2387!/:?] {}
	at MC-BOOTSTRAP/authlib@6.0.54/com.mojang.authlib.yggdrasil.YggdrasilUserApiService.fetchProperties(YggdrasilUserApiService.java:150) ~[authlib-6.0.54.jar%2387!/:?] {}
	at TRANSFORMER/minecraft@1.20.6/net.minecraft.client.Minecraft.lambda$new$2(Minecraft.java:438) ~[client-1.20.6-20240627.102356-srg.jar%23173!/:?] {re:mixin,pl:accesstransformer:B,pl:runtimedistcleaner:A,re:classloading,pl:accesstransformer:B,pl:mixin:A,pl:runtimedistcleaner:A}
	at java.base/java.util.concurrent.CompletableFuture$AsyncSupply.run(CompletableFuture.java:1768) ~[?:?] {}
	at java.base/java.util.concurrent.ThreadPoolExecutor.runWorker(ThreadPoolExecutor.java:1144) ~[?:?] {}
	at java.base/java.util.concurrent.ThreadPoolExecutor$Worker.run(ThreadPoolExecutor.java:642) ~[?:?] {}
	at java.base/java.lang.Thread.run(Thread.java:1583) [?:?] {}
Caused by: com.mojang.authlib.exceptions.MinecraftClientHttpException: Status: 401
	at MC-BOOTSTRAP/authlib@6.0.54/com.mojang.authlib.minecraft.client.MinecraftClient.readInputStream(MinecraftClient.java:100) ~[authlib-6.0.54.jar%2387!/:?] {}
	at MC-BOOTSTRAP/authlib@6.0.54/com.mojang.authlib.minecraft.client.MinecraftClient.get(MinecraftClient.java:57) ~[authlib-6.0.54.jar%2387!/:?] {}
	at MC-BOOTSTRAP/authlib@6.0.54/com.mojang.authlib.yggdrasil.YggdrasilUserApiService.fetchProperties(YggdrasilUserApiService.java:121) ~[authlib-6.0.54.jar%2387!/:?] {}
	... 5 more
[03:19:30] [Render thread/ERROR] [mojang/Narrator]: Error while loading the narrator
com.mojang.text2speech.Narrator$InitializeException: Failed to load library flite
	at MC-BOOTSTRAP/text2speech@1.17.9/com.mojang.text2speech.NarratorLinux$FliteLibrary.loadNative(NarratorLinux.java:69) ~[text2speech-1.17.9.jar%2392!/:?] {}
	at MC-BOOTSTRAP/text2speech@1.17.9/com.mojang.text2speech.NarratorLinux.<init>(NarratorLinux.java:18) ~[text2speech-1.17.9.jar%2392!/:?] {}
	at MC-BOOTSTRAP/text2speech@1.17.9/com.mojang.text2speech.Narrator.getNarrator(Narrator.java:41) ~[text2speech-1.17.9.jar%2392!/:?] {}
	at TRANSFORMER/minecraft@1.20.6/net.minecraft.client.GameNarrator.<init>(GameNarrator.java:21) ~[client-1.20.6-20240627.102356-srg.jar%23173!/:?] {re:classloading,pl:runtimedistcleaner:A}
	at TRANSFORMER/minecraft@1.20.6/net.minecraft.client.Minecraft.<init>(Minecraft.java:614) ~[client-1.20.6-20240627.102356-srg.jar%23173!/:?] {re:mixin,pl:accesstransformer:B