[03:21:15] [main/WARNING] [Main]: Not running from the headlessmc-launcher-wrapper. No plugin support and in-memory launching.
Launching version fabric-loader-0.19.3-26.1, 1c6c5eb2-36e7-4169-982e-44f5eeb180a8
[03:21:16] [main/INFO] [XvfbService]: Running with xvfb
[03:21:16] [main/INFO] [LaunchOptions]: You are offline but running with xvfb, not using headless mode.
[03:21:16] [main/INFO] [Log4jPatcher]: Patching lookup in org/apache/logging/log4j/core/lookup/Interpolator
[03:21:16] [main/INFO] [Log4jPatcher]: Patching lookup in org/apache/logging/log4j/core/lookup/JndiLookup
[03:21:20] [main/INFO] [ParallelIOService]: Download took 2956.314478ms, parallel: true
[03:21:20] [main/INFO] [ProcessFactory]: Game will run in /home/runner/work/ModCompiler/ModCompiler/run
[03:21:21] [main/INFO]: Loading Minecraft 26.1 with Fabric Loader 0.19.3
[03:21:21] [main/INFO]: Mappings not present!
[03:21:21] [main/WARN]: Mod resolution failed
[03:21:21] [main/INFO]: Immediate reason: [HARD_DEP_NO_CANDIDATE pingfix 1.0.0 {depends fabric-api @ [*]}, ROOT_FORCELOAD_SINGLE pingfix 1.0.0]
[03:21:21] [main/INFO]: Reason: [HARD_DEP pingfix 1.0.0 {depends fabric-api @ [*]}]
[03:21:21] [main/INFO]: Fix: add [add:fabric-api 1 ([(-∞,∞)])], remove [], replace []
[03:21:21] [main/ERROR]: Incompatible mods found!
net.fabricmc.loader.impl.FormattedException: Some of your mods are incompatible with the game or each other!
A potential solution has been determined, this may resolve your problem:
	 - Install fabric-api, any version.
More details:
	 - Mod 'FIX MY PINGGGGG' (pingfix) 1.0.0 requires any version of fabric-api, which is missing!
	at net.fabricmc.loader.impl.FormattedException.ofLocalized(FormattedException.java:51)
	at net.fabricmc.loader.impl.FabricLoaderImpl.load(FabricLoaderImpl.java:202)
	at net.fabricmc.loader.impl.launch.knot.Knot.init(Knot.java:142)
	at net.fabricmc.loader.impl.launch.knot.Knot.launch(Knot.java:66)
	at net.fabricmc.loader.impl.launch.knot.KnotClient.main(KnotClient.java:23)
Minecraft exited with code: 1
[03:21:21] [main/INFO] [AbstractLaunchProcessLifecycle]: Deleting 1c6c5eb2-36e7-4169-982e-44f5eeb180a8
